[1.401s] [01m[K/home/turgay/dev_ws/src/ros2_robot/ground_plane_estimator/src/ground_plane_estimator_node.cpp:[m[K In constructor ‘[01m[KGroundPlaneEstimatorNode::GroundPlaneEstimatorNode()[m[K’:
[1.402s] [01m[K/home/turgay/dev_ws/src/ros2_robot/ground_plane_estimator/src/ground_plane_estimator_node.cpp:25:133:[m[K [01;31m[Kerror: [m[Kno matching function for call to ‘[01m[Kimage_transport::ImageTransport::subscribe(const char [36], int, void (GroundPlaneEstimatorNode::*)(sensor_msgs::msg::Image_<std::allocator<void> >::SharedPtr))[m[K’
[1.402s]    transport_image_subscription_ = it_->subscribe("/d435/camera/aligned_depth_to_color", 1, &GroundPlaneEstimatorNode::image_callback[01;31m[K)[m[K;
[1.402s]                                                                                                                                      [01;31m[K^[m[K
[1.402s] In file included from [01m[K/home/turgay/dev_ws/src/ros2_robot/ground_plane_estimator/include/ground_plane_estimator/ground_plane_estimator_node.hpp:21:0[m[K,
[1.402s]                  from [01m[K/home/turgay/dev_ws/src/ros2_robot/ground_plane_estimator/src/ground_plane_estimator_node.cpp:7[m[K:
[1.403s] [01m[K/opt/ros/dashing/include/image_transport/image_transport.h:141:14:[m[K [01;36m[Knote: [m[Kcandidate: image_transport::Subscriber image_transport::ImageTransport::subscribe(const string&, uint32_t, const Callback&, const VoidPtr&, const image_transport::TransportHints*)
[1.403s]    Subscriber [01;36m[Ksubscribe[m[K(
[1.403s]               [01;36m[K^~~~~~~~~[m[K
[1.403s] [01m[K/opt/ros/dashing/include/image_transport/image_transport.h:141:14:[m[K [01;36m[Knote: [m[K  no known conversion for argument 3 from ‘[01m[Kvoid (GroundPlaneEstimatorNode::*)(sensor_msgs::msg::Image_<std::allocator<void> >::SharedPtr) {aka void (GroundPlaneEstimatorNode::*)(std::shared_ptr<sensor_msgs::msg::Image_<std::allocator<void> > >)}[m[K’ to ‘[01m[Kconst Callback& {aka const std::function<void(const std::shared_ptr<const sensor_msgs::msg::Image_<std::allocator<void> > >&)>&}[m[K’
[1.403s] [01m[K/opt/ros/dashing/include/image_transport/image_transport.h:151:14:[m[K [01;36m[Knote: [m[Kcandidate: image_transport::Subscriber image_transport::ImageTransport::subscribe(const string&, uint32_t, void (*)(const ImageConstPtr&), const image_transport::TransportHints*)
[1.403s]    Subscriber [01;36m[Ksubscribe[m[K(
[1.404s]               [01;36m[K^~~~~~~~~[m[K
[1.404s] [01m[K/opt/ros/dashing/include/image_transport/image_transport.h:151:14:[m[K [01;36m[Knote: [m[K  no known conversion for argument 3 from ‘[01m[Kvoid (GroundPlaneEstimatorNode::*)(sensor_msgs::msg::Image_<std::allocator<void> >::SharedPtr) {aka void (GroundPlaneEstimatorNode::*)(std::shared_ptr<sensor_msgs::msg::Image_<std::allocator<void> > >)}[m[K’ to ‘[01m[Kvoid (*)(const ImageConstPtr&) {aka void (*)(const std::shared_ptr<const sensor_msgs::msg::Image_<std::allocator<void> > >&)}[m[K’
[1.404s] [01m[K/opt/ros/dashing/include/image_transport/image_transport.h:165:14:[m[K [01;36m[Knote: [m[Kcandidate: template<class T> image_transport::Subscriber image_transport::ImageTransport::subscribe(const string&, uint32_t, void (T::*)(const ImageConstPtr&), T*, const image_transport::TransportHints*)
[1.404s]    Subscriber [01;36m[Ksubscribe[m[K(
[1.404s]               [01;36m[K^~~~~~~~~[m[K
[1.404s] [01m[K/opt/ros/dashing/include/image_transport/image_transport.h:165:14:[m[K [01;36m[Knote: [m[K  template argument deduction/substitution failed:
[1.405s] [01m[K/home/turgay/dev_ws/src/ros2_robot/ground_plane_estimator/src/ground_plane_estimator_node.cpp:25:133:[m[K [01;36m[Knote: [m[K  mismatched types ‘[01m[Kconst ImageConstPtr& {aka const std::shared_ptr<const sensor_msgs::msg::Image_<std::allocator<void> > >&}[m[K’ and ‘[01m[Ksensor_msgs::msg::Image_<std::allocator<void> >::SharedPtr {aka std::shared_ptr<sensor_msgs::msg::Image_<std::allocator<void> > >}[m[K’
[1.405s]    transport_image_subscription_ = it_->subscribe("/d435/camera/aligned_depth_to_color", 1, &GroundPlaneEstimatorNode::image_callback[01;36m[K)[m[K;
[1.405s]                                                                                                                                      [01;36m[K^[m[K
[1.405s] In file included from [01m[K/home/turgay/dev_ws/src/ros2_robot/ground_plane_estimator/include/ground_plane_estimator/ground_plane_estimator_node.hpp:21:0[m[K,
[1.405s]                  from [01m[K/home/turgay/dev_ws/src/ros2_robot/ground_plane_estimator/src/ground_plane_estimator_node.cpp:7[m[K:
[1.405s] [01m[K/opt/ros/dashing/include/image_transport/image_transport.h:178:14:[m[K [01;36m[Knote: [m[Kcandidate: template<class T> image_transport::Subscriber image_transport::ImageTransport::subscribe(const string&, uint32_t, void (T::*)(const ImageConstPtr&), const std::shared_ptr<_Tp>&, const image_transport::TransportHints*)
[1.406s]    Subscriber [01;36m[Ksubscribe[m[K(
[1.406s]               [01;36m[K^~~~~~~~~[m[K
[1.406s] [01m[K/opt/ros/dashing/include/image_transport/image_transport.h:178:14:[m[K [01;36m[Knote: [m[K  template argument deduction/substitution failed:
[1.406s] [01m[K/home/turgay/dev_ws/src/ros2_robot/ground_plane_estimator/src/ground_plane_estimator_node.cpp:25:133:[m[K [01;36m[Knote: [m[K  mismatched types ‘[01m[Kconst ImageConstPtr& {aka const std::shared_ptr<const sensor_msgs::msg::Image_<std::allocator<void> > >&}[m[K’ and ‘[01m[Ksensor_msgs::msg::Image_<std::allocator<void> >::SharedPtr {aka std::shared_ptr<sensor_msgs::msg::Image_<std::allocator<void> > >}[m[K’
[1.406s]    transport_image_subscription_ = it_->subscribe("/d435/camera/aligned_depth_to_color", 1, &GroundPlaneEstimatorNode::image_callback[01;36m[K)[m[K;
[1.406s]                                                                                                                                      [01;36m[K^[m[K
[2.199s] make[2]: *** [CMakeFiles/ground_plane_estimator_node.dir/src/ground_plane_estimator_node.cpp.o] Error 1
[2.199s] make[1]: *** [CMakeFiles/ground_plane_estimator_node.dir/all] Error 2
[2.200s] make: *** [all] Error 2
