[0.910s] Invoking command in '/home/latte/dev_ws/src/ros2_robot/remote_control': PYTHONPATH=/home/latte/dev_ws/src/ros2_robot/install/remote_control/lib/python3.6/site-packages:${PYTHONPATH} /usr/bin/python3 setup.py egg_info --egg-base /home/latte/dev_ws/src/ros2_robot/build/remote_control build --build-base /home/latte/dev_ws/src/ros2_robot/build/remote_control/build install --prefix /home/latte/dev_ws/src/ros2_robot/install/remote_control --record /home/latte/dev_ws/src/ros2_robot/build/remote_control/install.log --single-version-externally-managed
[1.547s] running egg_info
[1.548s] writing /home/latte/dev_ws/src/ros2_robot/build/remote_control/remote_control.egg-info/PKG-INFO
[1.549s] writing dependency_links to /home/latte/dev_ws/src/ros2_robot/build/remote_control/remote_control.egg-info/dependency_links.txt
[1.549s] writing entry points to /home/latte/dev_ws/src/ros2_robot/build/remote_control/remote_control.egg-info/entry_points.txt
[1.550s] writing requirements to /home/latte/dev_ws/src/ros2_robot/build/remote_control/remote_control.egg-info/requires.txt
[1.550s] writing top-level names to /home/latte/dev_ws/src/ros2_robot/build/remote_control/remote_control.egg-info/top_level.txt
[1.626s] reading manifest file '/home/latte/dev_ws/src/ros2_robot/build/remote_control/remote_control.egg-info/SOURCES.txt'
[1.629s] writing manifest file '/home/latte/dev_ws/src/ros2_robot/build/remote_control/remote_control.egg-info/SOURCES.txt'
[1.630s] running build
[1.631s] running build_py
[1.632s] running install
[1.632s] running install_lib
[1.636s] running install_data
[1.637s] running install_egg_info
[1.643s] removing '/home/latte/dev_ws/src/ros2_robot/install/remote_control/lib/python3.6/site-packages/remote_control-0.0.0-py3.6.egg-info' (and everything under it)
[1.643s] Copying /home/latte/dev_ws/src/ros2_robot/build/remote_control/remote_control.egg-info to /home/latte/dev_ws/src/ros2_robot/install/remote_control/lib/python3.6/site-packages/remote_control-0.0.0-py3.6.egg-info
[1.645s] running install_scripts
[1.680s] Installing remote_control_node script to /home/latte/dev_ws/src/ros2_robot/install/remote_control/lib/remote_control
[1.681s] writing list of installed files to '/home/latte/dev_ws/src/ros2_robot/build/remote_control/install.log'
[1.728s] Invoked command in '/home/latte/dev_ws/src/ros2_robot/remote_control' returned '0': PYTHONPATH=/home/latte/dev_ws/src/ros2_robot/install/remote_control/lib/python3.6/site-packages:${PYTHONPATH} /usr/bin/python3 setup.py egg_info --egg-base /home/latte/dev_ws/src/ros2_robot/build/remote_control build --build-base /home/latte/dev_ws/src/ros2_robot/build/remote_control/build install --prefix /home/latte/dev_ws/src/ros2_robot/install/remote_control --record /home/latte/dev_ws/src/ros2_robot/build/remote_control/install.log --single-version-externally-managed
