[0.413s] DEBUG:colcon:Command line arguments: ['/usr/bin/colcon', 'build']
[0.414s] DEBUG:colcon:Parsed command line arguments: Namespace(ament_cmake_args=None, base_paths=['.'], build_base='build', catkin_cmake_args=None, catkin_skip_building_tests=False, cmake_args=None, cmake_clean_cache=False, cmake_clean_first=False, cmake_force_configure=False, cmake_target=None, cmake_target_skip_unavailable=False, continue_on_error=False, event_handlers=None, executor='parallel', ignore_user_meta=False, install_base='install', log_base=None, log_level=None, main=<bound method BuildVerb.main of <colcon_core.verb.build.BuildVerb object at 0x7f4d06345e80>>, merge_install=False, metas=['./colcon.meta'], packages_above=None, packages_above_depth=None, packages_end=None, packages_ignore=None, packages_ignore_regex=None, packages_select=None, packages_select_build_failed=False, packages_select_by_dep=None, packages_select_regex=None, packages_select_test_failures=False, packages_skip=None, packages_skip_build_finished=False, packages_skip_by_dep=None, packages_skip_regex=None, packages_skip_test_passed=False, packages_skip_up_to=None, packages_start=None, packages_up_to=None, parallel_workers=4, paths=None, symlink_install=False, test_result_base=None, verb_extension=<colcon_core.verb.build.BuildVerb object at 0x7f4d06345e80>, verb_name='build', verb_parser=<colcon_defaults.argument_parser.defaults.DefaultArgumentsDecorator object at 0x7f4d05b9e7f0>)
[0.473s] Level 1:colcon.colcon_core.package_discovery:discover_packages(colcon_meta) check parameters
[0.473s] Level 1:colcon.colcon_core.package_discovery:discover_packages(recursive) check parameters
[0.473s] Level 1:colcon.colcon_core.package_discovery:discover_packages(ignore) check parameters
[0.473s] Level 1:colcon.colcon_core.package_discovery:discover_packages(path) check parameters
[0.473s] Level 1:colcon.colcon_core.package_discovery:discover_packages(colcon_meta) discover
[0.473s] Level 1:colcon.colcon_core.package_discovery:discover_packages(recursive) discover
[0.473s] INFO:colcon.colcon_core.package_discovery:Crawling recursively for packages in '/home/latte/dev_ws/src/ros2_robot'
[0.473s] Level 1:colcon.colcon_core.package_identification:_identify(.) by extensions ['ignore', 'ignore_ament_install']
[0.474s] Level 1:colcon.colcon_core.package_identification:_identify(.) by extension 'ignore'
[0.474s] Level 1:colcon.colcon_core.package_identification:_identify(.) by extension 'ignore_ament_install'
[0.474s] Level 1:colcon.colcon_core.package_identification:_identify(.) by extensions ['colcon_pkg']
[0.474s] Level 1:colcon.colcon_core.package_identification:_identify(.) by extension 'colcon_pkg'
[0.474s] Level 1:colcon.colcon_core.package_identification:_identify(.) by extensions ['colcon_meta']
[0.474s] Level 1:colcon.colcon_core.package_identification:_identify(.) by extension 'colcon_meta'
[0.474s] Level 1:colcon.colcon_core.package_identification:_identify(.) by extensions ['ros']
[0.474s] Level 1:colcon.colcon_core.package_identification:_identify(.) by extension 'ros'
[0.491s] Level 1:colcon.colcon_core.package_identification:_identify(.) by extensions ['cmake', 'python']
[0.491s] Level 1:colcon.colcon_core.package_identification:_identify(.) by extension 'cmake'
[0.491s] Level 1:colcon.colcon_core.package_identification:_identify(.) by extension 'python'
[0.491s] Level 1:colcon.colcon_core.package_identification:_identify(.) by extensions ['python_setup_py']
[0.491s] Level 1:colcon.colcon_core.package_identification:_identify(.) by extension 'python_setup_py'
[0.491s] Level 1:colcon.colcon_core.package_identification:_identify(build) by extensions ['ignore', 'ignore_ament_install']
[0.491s] Level 1:colcon.colcon_core.package_identification:_identify(build) by extension 'ignore'
[0.491s] Level 1:colcon.colcon_core.package_identification:_identify(build) ignored
[0.492s] Level 1:colcon.colcon_core.package_identification:_identify(install) by extensions ['ignore', 'ignore_ament_install']
[0.492s] Level 1:colcon.colcon_core.package_identification:_identify(install) by extension 'ignore'
[0.492s] Level 1:colcon.colcon_core.package_identification:_identify(install) ignored
[0.492s] Level 1:colcon.colcon_core.package_identification:_identify(log) by extensions ['ignore', 'ignore_ament_install']
[0.492s] Level 1:colcon.colcon_core.package_identification:_identify(log) by extension 'ignore'
[0.492s] Level 1:colcon.colcon_core.package_identification:_identify(log) ignored
[0.492s] Level 1:colcon.colcon_core.package_identification:_identify(realsense_t265_node) by extensions ['ignore', 'ignore_ament_install']
[0.493s] Level 1:colcon.colcon_core.package_identification:_identify(realsense_t265_node) by extension 'ignore'
[0.493s] Level 1:colcon.colcon_core.package_identification:_identify(realsense_t265_node) by extension 'ignore_ament_install'
[0.493s] Level 1:colcon.colcon_core.package_identification:_identify(realsense_t265_node) by extensions ['colcon_pkg']
[0.493s] Level 1:colcon.colcon_core.package_identification:_identify(realsense_t265_node) by extension 'colcon_pkg'
[0.493s] Level 1:colcon.colcon_core.package_identification:_identify(realsense_t265_node) by extensions ['colcon_meta']
[0.493s] Level 1:colcon.colcon_core.package_identification:_identify(realsense_t265_node) by extension 'colcon_meta'
[0.493s] Level 1:colcon.colcon_core.package_identification:_identify(realsense_t265_node) by extensions ['ros']
[0.493s] Level 1:colcon.colcon_core.package_identification:_identify(realsense_t265_node) by extension 'ros'
[0.497s] DEBUG:colcon.colcon_core.package_identification:Package 'realsense_t265_node' with type 'ros.ament_cmake' and name 'realsense_t265_node'
[0.497s] Level 1:colcon.colcon_core.package_identification:_identify(realsense_t265_ros) by extensions ['ignore', 'ignore_ament_install']
[0.497s] Level 1:colcon.colcon_core.package_identification:_identify(realsense_t265_ros) by extension 'ignore'
[0.497s] Level 1:colcon.colcon_core.package_identification:_identify(realsense_t265_ros) by extension 'ignore_ament_install'
[0.497s] Level 1:colcon.colcon_core.package_identification:_identify(realsense_t265_ros) by extensions ['colcon_pkg']
[0.497s] Level 1:colcon.colcon_core.package_identification:_identify(realsense_t265_ros) by extension 'colcon_pkg'
[0.497s] Level 1:colcon.colcon_core.package_identification:_identify(realsense_t265_ros) by extensions ['colcon_meta']
[0.497s] Level 1:colcon.colcon_core.package_identification:_identify(realsense_t265_ros) by extension 'colcon_meta'
[0.497s] Level 1:colcon.colcon_core.package_identification:_identify(realsense_t265_ros) by extensions ['ros']
[0.498s] Level 1:colcon.colcon_core.package_identification:_identify(realsense_t265_ros) by extension 'ros'
[0.499s] DEBUG:colcon.colcon_core.package_identification:Package 'realsense_t265_ros' with type 'ros.ament_cmake' and name 'realsense_t265_ros'
[0.499s] Level 1:colcon.colcon_core.package_identification:_identify(remote_control) by extensions ['ignore', 'ignore_ament_install']
[0.499s] Level 1:colcon.colcon_core.package_identification:_identify(remote_control) by extension 'ignore'
[0.499s] Level 1:colcon.colcon_core.package_identification:_identify(remote_control) by extension 'ignore_ament_install'
[0.500s] Level 1:colcon.colcon_core.package_identification:_identify(remote_control) by extensions ['colcon_pkg']
[0.500s] Level 1:colcon.colcon_core.package_identification:_identify(remote_control) by extension 'colcon_pkg'
[0.500s] Level 1:colcon.colcon_core.package_identification:_identify(remote_control) by extensions ['colcon_meta']
[0.500s] Level 1:colcon.colcon_core.package_identification:_identify(remote_control) by extension 'colcon_meta'
[0.500s] Level 1:colcon.colcon_core.package_identification:_identify(remote_control) by extensions ['ros']
[0.500s] Level 1:colcon.colcon_core.package_identification:_identify(remote_control) by extension 'ros'
[0.500s] DEBUG:colcon.colcon_core.package_identification:Package 'remote_control' with type 'ros.ament_python' and name 'remote_control'
[0.501s] Level 1:colcon.colcon_core.package_identification:_identify(simple_gps) by extensions ['ignore', 'ignore_ament_install']
[0.501s] Level 1:colcon.colcon_core.package_identification:_identify(simple_gps) by extension 'ignore'
[0.501s] Level 1:colcon.colcon_core.package_identification:_identify(simple_gps) by extension 'ignore_ament_install'
[0.501s] Level 1:colcon.colcon_core.package_identification:_identify(simple_gps) by extensions ['colcon_pkg']
[0.501s] Level 1:colcon.colcon_core.package_identification:_identify(simple_gps) by extension 'colcon_pkg'
[0.501s] Level 1:colcon.colcon_core.package_identification:_identify(simple_gps) by extensions ['colcon_meta']
[0.501s] Level 1:colcon.colcon_core.package_identification:_identify(simple_gps) by extension 'colcon_meta'
[0.501s] Level 1:colcon.colcon_core.package_identification:_identify(simple_gps) by extensions ['ros']
[0.501s] Level 1:colcon.colcon_core.package_identification:_identify(simple_gps) by extension 'ros'
[0.502s] DEBUG:colcon.colcon_core.package_identification:Package 'simple_gps' with type 'ros.ament_python' and name 'simple_gps'
[0.502s] Level 1:colcon.colcon_core.package_discovery:discover_packages(recursive) using defaults
[0.502s] Level 1:colcon.colcon_core.package_discovery:discover_packages(ignore) discover
[0.502s] Level 1:colcon.colcon_core.package_discovery:discover_packages(ignore) using defaults
[0.502s] Level 1:colcon.colcon_core.package_discovery:discover_packages(path) discover
[0.502s] Level 1:colcon.colcon_core.package_discovery:discover_packages(path) using defaults
[0.511s] Level 5:colcon.colcon_core.verb:set package 'realsense_t265_ros' build argument 'cmake_args' from command line to 'None'
[0.511s] Level 5:colcon.colcon_core.verb:set package 'realsense_t265_ros' build argument 'cmake_target' from command line to 'None'
[0.511s] Level 5:colcon.colcon_core.verb:set package 'realsense_t265_ros' build argument 'cmake_target_skip_unavailable' from command line to 'False'
[0.512s] Level 5:colcon.colcon_core.verb:set package 'realsense_t265_ros' build argument 'cmake_clean_cache' from command line to 'False'
[0.512s] Level 5:colcon.colcon_core.verb:set package 'realsense_t265_ros' build argument 'cmake_clean_first' from command line to 'False'
[0.512s] Level 5:colcon.colcon_core.verb:set package 'realsense_t265_ros' build argument 'cmake_force_configure' from command line to 'False'
[0.512s] Level 5:colcon.colcon_core.verb:set package 'realsense_t265_ros' build argument 'ament_cmake_args' from command line to 'None'
[0.512s] Level 5:colcon.colcon_core.verb:set package 'realsense_t265_ros' build argument 'catkin_cmake_args' from command line to 'None'
[0.512s] Level 5:colcon.colcon_core.verb:set package 'realsense_t265_ros' build argument 'catkin_skip_building_tests' from command line to 'False'
[0.512s] DEBUG:colcon.colcon_core.verb:Building package 'realsense_t265_ros' with the following arguments: {'ament_cmake_args': None, 'build_base': '/home/latte/dev_ws/src/ros2_robot/build/realsense_t265_ros', 'catkin_cmake_args': None, 'catkin_skip_building_tests': False, 'cmake_args': None, 'cmake_clean_cache': False, 'cmake_clean_first': False, 'cmake_force_configure': False, 'cmake_target': None, 'cmake_target_skip_unavailable': False, 'install_base': '/home/latte/dev_ws/src/ros2_robot/install/realsense_t265_ros', 'merge_install': False, 'path': '/home/latte/dev_ws/src/ros2_robot/realsense_t265_ros', 'symlink_install': False, 'test_result_base': None}
[0.517s] Level 5:colcon.colcon_core.verb:set package 'remote_control' build argument 'cmake_args' from command line to 'None'
[0.517s] Level 5:colcon.colcon_core.verb:set package 'remote_control' build argument 'cmake_target' from command line to 'None'
[0.517s] Level 5:colcon.colcon_core.verb:set package 'remote_control' build argument 'cmake_target_skip_unavailable' from command line to 'False'
[0.518s] Level 5:colcon.colcon_core.verb:set package 'remote_control' build argument 'cmake_clean_cache' from command line to 'False'
[0.518s] Level 5:colcon.colcon_core.verb:set package 'remote_control' build argument 'cmake_clean_first' from command line to 'False'
[0.518s] Level 5:colcon.colcon_core.verb:set package 'remote_control' build argument 'cmake_force_configure' from command line to 'False'
[0.518s] Level 5:colcon.colcon_core.verb:set package 'remote_control' build argument 'ament_cmake_args' from command line to 'None'
[0.518s] Level 5:colcon.colcon_core.verb:set package 'remote_control' build argument 'catkin_cmake_args' from command line to 'None'
[0.518s] Level 5:colcon.colcon_core.verb:set package 'remote_control' build argument 'catkin_skip_building_tests' from command line to 'False'
[0.518s] DEBUG:colcon.colcon_core.verb:Building package 'remote_control' with the following arguments: {'ament_cmake_args': None, 'build_base': '/home/latte/dev_ws/src/ros2_robot/build/remote_control', 'catkin_cmake_args': None, 'catkin_skip_building_tests': False, 'cmake_args': None, 'cmake_clean_cache': False, 'cmake_clean_first': False, 'cmake_force_configure': False, 'cmake_target': None, 'cmake_target_skip_unavailable': False, 'install_base': '/home/latte/dev_ws/src/ros2_robot/install/remote_control', 'merge_install': False, 'path': '/home/latte/dev_ws/src/ros2_robot/remote_control', 'symlink_install': False, 'test_result_base': None}
[0.524s] Level 5:colcon.colcon_core.verb:set package 'simple_gps' build argument 'cmake_args' from command line to 'None'
[0.524s] Level 5:colcon.colcon_core.verb:set package 'simple_gps' build argument 'cmake_target' from command line to 'None'
[0.524s] Level 5:colcon.colcon_core.verb:set package 'simple_gps' build argument 'cmake_target_skip_unavailable' from command line to 'False'
[0.524s] Level 5:colcon.colcon_core.verb:set package 'simple_gps' build argument 'cmake_clean_cache' from command line to 'False'
[0.524s] Level 5:colcon.colcon_core.verb:set package 'simple_gps' build argument 'cmake_clean_first' from command line to 'False'
[0.524s] Level 5:colcon.colcon_core.verb:set package 'simple_gps' build argument 'cmake_force_configure' from command line to 'False'
[0.524s] Level 5:colcon.colcon_core.verb:set package 'simple_gps' build argument 'ament_cmake_args' from command line to 'None'
[0.524s] Level 5:colcon.colcon_core.verb:set package 'simple_gps' build argument 'catkin_cmake_args' from command line to 'None'
[0.525s] Level 5:colcon.colcon_core.verb:set package 'simple_gps' build argument 'catkin_skip_building_tests' from command line to 'False'
[0.525s] DEBUG:colcon.colcon_core.verb:Building package 'simple_gps' with the following arguments: {'ament_cmake_args': None, 'build_base': '/home/latte/dev_ws/src/ros2_robot/build/simple_gps', 'catkin_cmake_args': None, 'catkin_skip_building_tests': False, 'cmake_args': None, 'cmake_clean_cache': False, 'cmake_clean_first': False, 'cmake_force_configure': False, 'cmake_target': None, 'cmake_target_skip_unavailable': False, 'install_base': '/home/latte/dev_ws/src/ros2_robot/install/simple_gps', 'merge_install': False, 'path': '/home/latte/dev_ws/src/ros2_robot/simple_gps', 'symlink_install': False, 'test_result_base': None}
[0.532s] Level 5:colcon.colcon_core.verb:set package 'realsense_t265_node' build argument 'cmake_args' from command line to 'None'
[0.533s] Level 5:colcon.colcon_core.verb:set package 'realsense_t265_node' build argument 'cmake_target' from command line to 'None'
[0.533s] Level 5:colcon.colcon_core.verb:set package 'realsense_t265_node' build argument 'cmake_target_skip_unavailable' from command line to 'False'
[0.533s] Level 5:colcon.colcon_core.verb:set package 'realsense_t265_node' build argument 'cmake_clean_cache' from command line to 'False'
[0.533s] Level 5:colcon.colcon_core.verb:set package 'realsense_t265_node' build argument 'cmake_clean_first' from command line to 'False'
[0.533s] Level 5:colcon.colcon_core.verb:set package 'realsense_t265_node' build argument 'cmake_force_configure' from command line to 'False'
[0.533s] Level 5:colcon.colcon_core.verb:set package 'realsense_t265_node' build argument 'ament_cmake_args' from command line to 'None'
[0.533s] Level 5:colcon.colcon_core.verb:set package 'realsense_t265_node' build argument 'catkin_cmake_args' from command line to 'None'
[0.533s] Level 5:colcon.colcon_core.verb:set package 'realsense_t265_node' build argument 'catkin_skip_building_tests' from command line to 'False'
[0.533s] DEBUG:colcon.colcon_core.verb:Building package 'realsense_t265_node' with the following arguments: {'ament_cmake_args': None, 'build_base': '/home/latte/dev_ws/src/ros2_robot/build/realsense_t265_node', 'catkin_cmake_args': None, 'catkin_skip_building_tests': False, 'cmake_args': None, 'cmake_clean_cache': False, 'cmake_clean_first': False, 'cmake_force_configure': False, 'cmake_target': None, 'cmake_target_skip_unavailable': False, 'install_base': '/home/latte/dev_ws/src/ros2_robot/install/realsense_t265_node', 'merge_install': False, 'path': '/home/latte/dev_ws/src/ros2_robot/realsense_t265_node', 'symlink_install': False, 'test_result_base': None}
[0.534s] INFO:colcon.colcon_core.executor:Executing jobs using 'parallel' executor
[0.538s] DEBUG:colcon.colcon_parallel_executor.executor.parallel:run_until_complete
[0.539s] INFO:colcon.colcon_ros.task.ament_cmake.build:Building ROS package in '/home/latte/dev_ws/src/ros2_robot/realsense_t265_ros' with build type 'ament_cmake'
[0.550s] INFO:colcon.colcon_core.plugin_system:Skipping extension 'colcon_core.shell.bat': Not used on non-Windows systems
[0.550s] INFO:colcon.colcon_cmake.task.cmake.build:Building CMake package in '/home/latte/dev_ws/src/ros2_robot/realsense_t265_ros'
[0.552s] INFO:colcon.colcon_core.shell:Skip shell extension 'powershell' for command environment: Not usable outside of PowerShell
[0.552s] DEBUG:colcon.colcon_core.shell:Skip shell extension 'dsv' for command environment
[0.557s] WARNING:colcon.colcon_core.prefix_path.colcon:The path '/home/latte/dev_ws/src/novatel_gps_driver/install' in the environment variable COLCON_PREFIX_PATH doesn't exist
[0.557s] WARNING:colcon.colcon_ros.prefix_path.ament:The path '/home/latte/dev_ws/src/novatel_gps_driver/install/swri_route_util' in the environment variable AMENT_PREFIX_PATH doesn't exist
[0.557s] WARNING:colcon.colcon_ros.prefix_path.ament:The path '/home/latte/dev_ws/src/novatel_gps_driver/install/swri_transform_util' in the environment variable AMENT_PREFIX_PATH doesn't exist
[0.557s] WARNING:colcon.colcon_ros.prefix_path.ament:The path '/home/latte/dev_ws/src/novatel_gps_driver/install/swri_system_util' in the environment variable AMENT_PREFIX_PATH doesn't exist
[0.557s] WARNING:colcon.colcon_ros.prefix_path.ament:The path '/home/latte/dev_ws/src/novatel_gps_driver/install/novatel_gps_driver' in the environment variable AMENT_PREFIX_PATH doesn't exist
[0.557s] WARNING:colcon.colcon_ros.prefix_path.ament:The path '/home/latte/dev_ws/src/novatel_gps_driver/install/swri_serial_util' in the environment variable AMENT_PREFIX_PATH doesn't exist
[0.557s] WARNING:colcon.colcon_ros.prefix_path.ament:The path '/home/latte/dev_ws/src/novatel_gps_driver/install/swri_image_util' in the environment variable AMENT_PREFIX_PATH doesn't exist
[0.557s] WARNING:colcon.colcon_ros.prefix_path.ament:The path '/home/latte/dev_ws/src/novatel_gps_driver/install/swri_roscpp' in the environment variable AMENT_PREFIX_PATH doesn't exist
[0.557s] WARNING:colcon.colcon_ros.prefix_path.ament:The path '/home/latte/dev_ws/src/novatel_gps_driver/install/swri_prefix_tools' in the environment variable AMENT_PREFIX_PATH doesn't exist
[0.558s] WARNING:colcon.colcon_ros.prefix_path.ament:The path '/home/latte/dev_ws/src/novatel_gps_driver/install/swri_opencv_util' in the environment variable AMENT_PREFIX_PATH doesn't exist
[0.558s] WARNING:colcon.colcon_ros.prefix_path.ament:The path '/home/latte/dev_ws/src/novatel_gps_driver/install/swri_math_util' in the environment variable AMENT_PREFIX_PATH doesn't exist
[0.558s] WARNING:colcon.colcon_ros.prefix_path.ament:The path '/home/latte/dev_ws/src/novatel_gps_driver/install/swri_geometry_util' in the environment variable AMENT_PREFIX_PATH doesn't exist
[0.558s] WARNING:colcon.colcon_ros.prefix_path.ament:The path '/home/latte/dev_ws/src/novatel_gps_driver/install/swri_dbw_interface' in the environment variable AMENT_PREFIX_PATH doesn't exist
[0.558s] WARNING:colcon.colcon_ros.prefix_path.ament:The path '/home/latte/dev_ws/src/novatel_gps_driver/install/swri_console_util' in the environment variable AMENT_PREFIX_PATH doesn't exist
[0.558s] WARNING:colcon.colcon_ros.prefix_path.ament:The path '/home/latte/dev_ws/src/novatel_gps_driver/install/self_test' in the environment variable AMENT_PREFIX_PATH doesn't exist
[0.558s] WARNING:colcon.colcon_ros.prefix_path.ament:The path '/home/latte/dev_ws/src/novatel_gps_driver/install/novatel_gps_msgs' in the environment variable AMENT_PREFIX_PATH doesn't exist
[0.558s] WARNING:colcon.colcon_ros.prefix_path.ament:The path '/home/latte/dev_ws/src/novatel_gps_driver/install/diagnostic_updater' in the environment variable AMENT_PREFIX_PATH doesn't exist
[0.560s] WARNING:colcon.colcon_ros.prefix_path.catkin:The path '/home/latte/dev_ws/src/novatel_gps_driver/install/swri_route_util' in the environment variable CMAKE_PREFIX_PATH doesn't exist
[0.561s] WARNING:colcon.colcon_ros.prefix_path.catkin:The path '/home/latte/dev_ws/src/novatel_gps_driver/install/swri_transform_util' in the environment variable CMAKE_PREFIX_PATH doesn't exist
[0.561s] WARNING:colcon.colcon_ros.prefix_path.catkin:The path '/home/latte/dev_ws/src/novatel_gps_driver/install/swri_system_util' in the environment variable CMAKE_PREFIX_PATH doesn't exist
[0.561s] WARNING:colcon.colcon_ros.prefix_path.catkin:The path '/home/latte/dev_ws/src/novatel_gps_driver/install/novatel_gps_driver' in the environment variable CMAKE_PREFIX_PATH doesn't exist
[0.561s] WARNING:colcon.colcon_ros.prefix_path.catkin:The path '/home/latte/dev_ws/src/novatel_gps_driver/install/swri_serial_util' in the environment variable CMAKE_PREFIX_PATH doesn't exist
[0.561s] WARNING:colcon.colcon_ros.prefix_path.catkin:The path '/home/latte/dev_ws/src/novatel_gps_driver/install/swri_image_util' in the environment variable CMAKE_PREFIX_PATH doesn't exist
[0.561s] WARNING:colcon.colcon_ros.prefix_path.catkin:The path '/home/latte/dev_ws/src/novatel_gps_driver/install/swri_roscpp' in the environment variable CMAKE_PREFIX_PATH doesn't exist
[0.561s] WARNING:colcon.colcon_ros.prefix_path.catkin:The path '/home/latte/dev_ws/src/novatel_gps_driver/install/swri_prefix_tools' in the environment variable CMAKE_PREFIX_PATH doesn't exist
[0.561s] WARNING:colcon.colcon_ros.prefix_path.catkin:The path '/home/latte/dev_ws/src/novatel_gps_driver/install/swri_opencv_util' in the environment variable CMAKE_PREFIX_PATH doesn't exist
[0.561s] WARNING:colcon.colcon_ros.prefix_path.catkin:The path '/home/latte/dev_ws/src/novatel_gps_driver/install/swri_math_util' in the environment variable CMAKE_PREFIX_PATH doesn't exist
[0.561s] WARNING:colcon.colcon_ros.prefix_path.catkin:The path '/home/latte/dev_ws/src/novatel_gps_driver/install/swri_geometry_util' in the environment variable CMAKE_PREFIX_PATH doesn't exist
[0.562s] WARNING:colcon.colcon_ros.prefix_path.catkin:The path '/home/latte/dev_ws/src/novatel_gps_driver/install/swri_dbw_interface' in the environment variable CMAKE_PREFIX_PATH doesn't exist
[0.562s] WARNING:colcon.colcon_ros.prefix_path.catkin:The path '/home/latte/dev_ws/src/novatel_gps_driver/install/swri_console_util' in the environment variable CMAKE_PREFIX_PATH doesn't exist
[0.562s] WARNING:colcon.colcon_ros.prefix_path.catkin:The path '/home/latte/dev_ws/src/novatel_gps_driver/install/self_test' in the environment variable CMAKE_PREFIX_PATH doesn't exist
[0.562s] WARNING:colcon.colcon_ros.prefix_path.catkin:The path '/home/latte/dev_ws/src/novatel_gps_driver/install/novatel_gps_msgs' in the environment variable CMAKE_PREFIX_PATH doesn't exist
[0.562s] WARNING:colcon.colcon_ros.prefix_path.catkin:The path '/home/latte/dev_ws/src/novatel_gps_driver/install/diagnostic_updater' in the environment variable CMAKE_PREFIX_PATH doesn't exist
[0.565s] DEBUG:colcon.colcon_core.shell:Ignoring prefix path '/opt/ros/dashing'
[0.565s] DEBUG:colcon.colcon_core.shell:Ignoring prefix path '/opt/ros/melodic'
[0.568s] INFO:colcon.colcon_ros.task.ament_python.build:Building ROS package in '/home/latte/dev_ws/src/ros2_robot/remote_control' with build type 'ament_python'
[0.569s] Level 1:colcon.colcon_core.shell:create_environment_hook('remote_control', 'ament_prefix_path')
[0.588s] INFO:colcon.colcon_core.shell:Creating environment hook '/home/latte/dev_ws/src/ros2_robot/install/remote_control/share/remote_control/hook/ament_prefix_path.ps1'
[0.589s] INFO:colcon.colcon_core.shell:Creating environment descriptor '/home/latte/dev_ws/src/ros2_robot/install/remote_control/share/remote_control/hook/ament_prefix_path.dsv'
[0.590s] INFO:colcon.colcon_core.shell:Creating environment hook '/home/latte/dev_ws/src/ros2_robot/install/remote_control/share/remote_control/hook/ament_prefix_path.sh'
[0.593s] INFO:colcon.colcon_core.shell:Skip shell extension 'powershell' for command environment: Not usable outside of PowerShell
[0.593s] DEBUG:colcon.colcon_core.shell:Skip shell extension 'dsv' for command environment
[0.602s] DEBUG:colcon.colcon_core.shell:Ignoring prefix path '/opt/ros/dashing'
[0.603s] DEBUG:colcon.colcon_core.shell:Ignoring prefix path '/opt/ros/melodic'
[0.606s] INFO:colcon.colcon_ros.task.ament_python.build:Building ROS package in '/home/latte/dev_ws/src/ros2_robot/simple_gps' with build type 'ament_python'
[0.607s] Level 1:colcon.colcon_core.shell:create_environment_hook('simple_gps', 'ament_prefix_path')
[0.610s] INFO:colcon.colcon_core.shell:Creating environment hook '/home/latte/dev_ws/src/ros2_robot/install/simple_gps/share/simple_gps/hook/ament_prefix_path.ps1'
[0.612s] INFO:colcon.colcon_core.shell:Creating environment descriptor '/home/latte/dev_ws/src/ros2_robot/install/simple_gps/share/simple_gps/hook/ament_prefix_path.dsv'
[0.613s] INFO:colcon.colcon_core.shell:Creating environment hook '/home/latte/dev_ws/src/ros2_robot/install/simple_gps/share/simple_gps/hook/ament_prefix_path.sh'
[0.615s] INFO:colcon.colcon_core.shell:Skip shell extension 'powershell' for command environment: Not usable outside of PowerShell
[0.615s] DEBUG:colcon.colcon_core.shell:Skip shell extension 'dsv' for command environment
[0.624s] DEBUG:colcon.colcon_core.shell:Ignoring prefix path '/opt/ros/dashing'
[0.624s] DEBUG:colcon.colcon_core.shell:Ignoring prefix path '/opt/ros/melodic'
[0.638s] DEBUG:colcon.colcon_core.event_handler.log_command:Invoking command in '/home/latte/dev_ws/src/ros2_robot/build/realsense_t265_ros': CMAKE_PREFIX_PATH=/home/latte/dev_ws/src/novatel_gps_driver/install/swri_route_util:/home/latte/dev_ws/src/novatel_gps_driver/install/swri_transform_util:/home/latte/dev_ws/src/novatel_gps_driver/install/swri_system_util:/home/latte/dev_ws/src/novatel_gps_driver/install/novatel_gps_driver:/home/latte/dev_ws/src/novatel_gps_driver/install/swri_serial_util:/home/latte/dev_ws/src/novatel_gps_driver/install/swri_image_util:/home/latte/dev_ws/src/novatel_gps_driver/install/swri_roscpp:/home/latte/dev_ws/src/novatel_gps_driver/install/swri_prefix_tools:/home/latte/dev_ws/src/novatel_gps_driver/install/swri_opencv_util:/home/latte/dev_ws/src/novatel_gps_driver/install/swri_math_util:/home/latte/dev_ws/src/novatel_gps_driver/install/swri_geometry_util:/home/latte/dev_ws/src/novatel_gps_driver/install/swri_dbw_interface:/home/latte/dev_ws/src/novatel_gps_driver/install/swri_console_util:/home/latte/dev_ws/src/novatel_gps_driver/install/self_test:/home/latte/dev_ws/src/novatel_gps_driver/install/novatel_gps_msgs:/home/latte/dev_ws/src/novatel_gps_driver/install/diagnostic_updater:/opt/robot_devkit/tools/rdk_perf:/opt/robot_devkit/perception/handeye_dashboard:/opt/robot_devkit/perception/handeye:/opt/robot_devkit/perception/criutils:/opt/robot_devkit/perception/baldor:/opt/ros/dashing:/opt/ros/melodic:/home/latte/ros2_ws/install/depthimage_to_laserscan:/opt/robot_devkit/tools/rtmonitor_test:/opt/robot_devkit/tools/rtmonitor:/opt/robot_devkit/tools/rtmonitor_msgs:/opt/robot_devkit/tools/perf_msgs:/opt/robot_devkit/perception/dynamic_vino_sample:/opt/robot_devkit/perception/dynamic_vino_lib:/opt/robot_devkit/perception/vino_param_lib:/opt/robot_devkit/perception/ur_description:/opt/robot_devkit/perception/recognize_pick:/opt/robot_devkit/perception/random_pick:/opt/robot_devkit/perception/fixed_position_pick:/opt/robot_devkit/perception/draw_x:/opt/robot_devkit/perception/robot_interface:/opt/robot_devkit/perception/realsense_examples:/opt/robot_devkit/perception/realsense_node:/opt/robot_devkit/perception/realsense_ros:/opt/robot_devkit/perception/realsense_msgs:/opt/robot_devkit/perception/pipeline_srv_msgs:/opt/robot_devkit/perception/grasp_ros2:/opt/robot_devkit/perception/people_msgs:/opt/robot_devkit/perception/object_analytics_rviz:/opt/robot_devkit/perception/object_analytics_node:/opt/robot_devkit/perception/object_analytics_msgs:/opt/robot_devkit/perception/moveit_msgs:/opt/robot_devkit/perception/handeye_tf_service:/opt/robot_devkit/perception/handeye_target_detection:/opt/robot_devkit/perception/grasp_tutorials:/opt/robot_devkit/perception/grasp_msgs /usr/bin/cmake /home/latte/dev_ws/src/ros2_robot/realsense_t265_ros -DCMAKE_INSTALL_PREFIX=/home/latte/dev_ws/src/ros2_robot/install/realsense_t265_ros
[1.185s] INFO:colcon.colcon_core.task.python.build:Building Python package in '/home/latte/dev_ws/src/ros2_robot/remote_control'
[1.188s] INFO:colcon.colcon_core.shell:Skip shell extension 'powershell' for command environment: Not usable outside of PowerShell
[1.188s] DEBUG:colcon.colcon_core.shell:Skip shell extension 'dsv' for command environment
[1.196s] DEBUG:colcon.colcon_core.shell:Ignoring prefix path '/opt/ros/dashing'
[1.196s] DEBUG:colcon.colcon_core.shell:Ignoring prefix path '/opt/ros/melodic'
[1.751s] INFO:colcon.colcon_core.task.python.build:Building Python package in '/home/latte/dev_ws/src/ros2_robot/simple_gps'
[1.752s] INFO:colcon.colcon_core.shell:Skip shell extension 'powershell' for command environment: Not usable outside of PowerShell
[1.753s] DEBUG:colcon.colcon_core.shell:Skip shell extension 'dsv' for command environment
[1.761s] DEBUG:colcon.colcon_core.shell:Ignoring prefix path '/opt/ros/dashing'
[1.761s] DEBUG:colcon.colcon_core.shell:Ignoring prefix path '/opt/ros/melodic'
[1.772s] DEBUG:colcon.colcon_core.event_handler.log_command:Invoking command in '/home/latte/dev_ws/src/ros2_robot/remote_control': PYTHONPATH=/home/latte/dev_ws/src/ros2_robot/install/remote_control/lib/python3.6/site-packages:${PYTHONPATH} /usr/bin/python3 setup.py egg_info --egg-base /home/latte/dev_ws/src/ros2_robot/build/remote_control build --build-base /home/latte/dev_ws/src/ros2_robot/build/remote_control/build install --prefix /home/latte/dev_ws/src/ros2_robot/install/remote_control --record /home/latte/dev_ws/src/ros2_robot/build/remote_control/install.log --single-version-externally-managed
[1.782s] DEBUG:colcon.colcon_core.event_handler.log_command:Invoking command in '/home/latte/dev_ws/src/ros2_robot/simple_gps': PYTHONPATH=/home/latte/dev_ws/src/ros2_robot/install/simple_gps/lib/python3.6/site-packages:${PYTHONPATH} /usr/bin/python3 setup.py egg_info --egg-base /home/latte/dev_ws/src/ros2_robot/build/simple_gps build --build-base /home/latte/dev_ws/src/ros2_robot/build/simple_gps/build install --prefix /home/latte/dev_ws/src/ros2_robot/install/simple_gps --record /home/latte/dev_ws/src/ros2_robot/build/simple_gps/install.log --single-version-externally-managed
[2.543s] DEBUG:colcon.colcon_core.event_handler.log_command:Invoked command in '/home/latte/dev_ws/src/ros2_robot/remote_control' returned '0': PYTHONPATH=/home/latte/dev_ws/src/ros2_robot/install/remote_control/lib/python3.6/site-packages:${PYTHONPATH} /usr/bin/python3 setup.py egg_info --egg-base /home/latte/dev_ws/src/ros2_robot/build/remote_control build --build-base /home/latte/dev_ws/src/ros2_robot/build/remote_control/build install --prefix /home/latte/dev_ws/src/ros2_robot/install/remote_control --record /home/latte/dev_ws/src/ros2_robot/build/remote_control/install.log --single-version-externally-managed
[2.550s] Level 1:colcon.colcon_core.environment:checking '/home/latte/dev_ws/src/ros2_robot/install/remote_control' for CMake module files
[2.552s] Level 1:colcon.colcon_core.environment:checking '/home/latte/dev_ws/src/ros2_robot/install/remote_control' for CMake config files
[2.555s] Level 1:colcon.colcon_core.environment:checking '/home/latte/dev_ws/src/ros2_robot/install/remote_control/lib'
[2.557s] Level 1:colcon.colcon_core.environment:checking '/home/latte/dev_ws/src/ros2_robot/install/remote_control/bin'
[2.557s] Level 1:colcon.colcon_core.environment:checking '/home/latte/dev_ws/src/ros2_robot/install/remote_control/lib/pkgconfig/remote_control.pc'
[2.557s] Level 1:colcon.colcon_core.environment:checking '/home/latte/dev_ws/src/ros2_robot/install/remote_control/lib/python3.6/site-packages'
[2.557s] Level 1:colcon.colcon_core.shell:create_environment_hook('remote_control', 'pythonpath')
[2.558s] INFO:colcon.colcon_core.shell:Creating environment hook '/home/latte/dev_ws/src/ros2_robot/install/remote_control/share/remote_control/hook/pythonpath.ps1'
[2.559s] INFO:colcon.colcon_core.shell:Creating environment descriptor '/home/latte/dev_ws/src/ros2_robot/install/remote_control/share/remote_control/hook/pythonpath.dsv'
[2.560s] INFO:colcon.colcon_core.shell:Creating environment hook '/home/latte/dev_ws/src/ros2_robot/install/remote_control/share/remote_control/hook/pythonpath.sh'
[2.562s] Level 1:colcon.colcon_core.environment:create_environment_scripts_only(remote_control)
[2.563s] INFO:colcon.colcon_core.shell:Creating package script '/home/latte/dev_ws/src/ros2_robot/install/remote_control/share/remote_control/package.ps1'
[2.565s] INFO:colcon.colcon_core.shell:Creating package descriptor '/home/latte/dev_ws/src/ros2_robot/install/remote_control/share/remote_control/package.dsv'
[2.567s] INFO:colcon.colcon_core.shell:Creating package script '/home/latte/dev_ws/src/ros2_robot/install/remote_control/share/remote_control/package.sh'
[2.569s] INFO:colcon.colcon_core.shell:Creating package script '/home/latte/dev_ws/src/ros2_robot/install/remote_control/share/remote_control/package.bash'
[2.571s] INFO:colcon.colcon_core.shell:Creating package script '/home/latte/dev_ws/src/ros2_robot/install/remote_control/share/remote_control/package.zsh'
[2.572s] Level 1:colcon.colcon_core.environment:create_file_with_runtime_dependencies(/home/latte/dev_ws/src/ros2_robot/install/remote_control/share/colcon-core/packages/remote_control)
[2.576s] Level 1:colcon.colcon_core.environment:checking '/home/latte/dev_ws/src/ros2_robot/install/simple_gps' for CMake module files
[2.578s] DEBUG:colcon.colcon_core.event_handler.log_command:Invoked command in '/home/latte/dev_ws/src/ros2_robot/simple_gps' returned '0': PYTHONPATH=/home/latte/dev_ws/src/ros2_robot/install/simple_gps/lib/python3.6/site-packages:${PYTHONPATH} /usr/bin/python3 setup.py egg_info --egg-base /home/latte/dev_ws/src/ros2_robot/build/simple_gps build --build-base /home/latte/dev_ws/src/ros2_robot/build/simple_gps/build install --prefix /home/latte/dev_ws/src/ros2_robot/install/simple_gps --record /home/latte/dev_ws/src/ros2_robot/build/simple_gps/install.log --single-version-externally-managed
[2.578s] Level 1:colcon.colcon_core.environment:checking '/home/latte/dev_ws/src/ros2_robot/install/simple_gps' for CMake config files
[2.580s] Level 1:colcon.colcon_core.environment:checking '/home/latte/dev_ws/src/ros2_robot/install/simple_gps/lib'
[2.580s] Level 1:colcon.colcon_core.environment:checking '/home/latte/dev_ws/src/ros2_robot/install/simple_gps/bin'
[2.580s] Level 1:colcon.colcon_core.environment:checking '/home/latte/dev_ws/src/ros2_robot/install/simple_gps/lib/pkgconfig/simple_gps.pc'
[2.581s] Level 1:colcon.colcon_core.environment:checking '/home/latte/dev_ws/src/ros2_robot/install/simple_gps/lib/python3.6/site-packages'
[2.581s] Level 1:colcon.colcon_core.shell:create_environment_hook('simple_gps', 'pythonpath')
[2.582s] INFO:colcon.colcon_core.shell:Creating environment hook '/home/latte/dev_ws/src/ros2_robot/install/simple_gps/share/simple_gps/hook/pythonpath.ps1'
[2.583s] INFO:colcon.colcon_core.shell:Creating environment descriptor '/home/latte/dev_ws/src/ros2_robot/install/simple_gps/share/simple_gps/hook/pythonpath.dsv'
[2.583s] INFO:colcon.colcon_core.shell:Creating environment hook '/home/latte/dev_ws/src/ros2_robot/install/simple_gps/share/simple_gps/hook/pythonpath.sh'
[2.583s] Level 1:colcon.colcon_core.environment:create_environment_scripts_only(simple_gps)
[2.585s] INFO:colcon.colcon_core.shell:Creating package script '/home/latte/dev_ws/src/ros2_robot/install/simple_gps/share/simple_gps/package.ps1'
[2.585s] INFO:colcon.colcon_core.shell:Creating package descriptor '/home/latte/dev_ws/src/ros2_robot/install/simple_gps/share/simple_gps/package.dsv'
[2.586s] INFO:colcon.colcon_core.shell:Creating package script '/home/latte/dev_ws/src/ros2_robot/install/simple_gps/share/simple_gps/package.sh'
[2.586s] INFO:colcon.colcon_core.shell:Creating package script '/home/latte/dev_ws/src/ros2_robot/install/simple_gps/share/simple_gps/package.bash'
[2.587s] INFO:colcon.colcon_core.shell:Creating package script '/home/latte/dev_ws/src/ros2_robot/install/simple_gps/share/simple_gps/package.zsh'
[2.587s] Level 1:colcon.colcon_core.environment:create_file_with_runtime_dependencies(/home/latte/dev_ws/src/ros2_robot/install/simple_gps/share/colcon-core/packages/simple_gps)
[5.019s] DEBUG:colcon.colcon_core.event_handler.log_command:Invoked command in '/home/latte/dev_ws/src/ros2_robot/build/realsense_t265_ros' returned '0': CMAKE_PREFIX_PATH=/home/latte/dev_ws/src/novatel_gps_driver/install/swri_route_util:/home/latte/dev_ws/src/novatel_gps_driver/install/swri_transform_util:/home/latte/dev_ws/src/novatel_gps_driver/install/swri_system_util:/home/latte/dev_ws/src/novatel_gps_driver/install/novatel_gps_driver:/home/latte/dev_ws/src/novatel_gps_driver/install/swri_serial_util:/home/latte/dev_ws/src/novatel_gps_driver/install/swri_image_util:/home/latte/dev_ws/src/novatel_gps_driver/install/swri_roscpp:/home/latte/dev_ws/src/novatel_gps_driver/install/swri_prefix_tools:/home/latte/dev_ws/src/novatel_gps_driver/install/swri_opencv_util:/home/latte/dev_ws/src/novatel_gps_driver/install/swri_math_util:/home/latte/dev_ws/src/novatel_gps_driver/install/swri_geometry_util:/home/latte/dev_ws/src/novatel_gps_driver/install/swri_dbw_interface:/home/latte/dev_ws/src/novatel_gps_driver/install/swri_console_util:/home/latte/dev_ws/src/novatel_gps_driver/install/self_test:/home/latte/dev_ws/src/novatel_gps_driver/install/novatel_gps_msgs:/home/latte/dev_ws/src/novatel_gps_driver/install/diagnostic_updater:/opt/robot_devkit/tools/rdk_perf:/opt/robot_devkit/perception/handeye_dashboard:/opt/robot_devkit/perception/handeye:/opt/robot_devkit/perception/criutils:/opt/robot_devkit/perception/baldor:/opt/ros/dashing:/opt/ros/melodic:/home/latte/ros2_ws/install/depthimage_to_laserscan:/opt/robot_devkit/tools/rtmonitor_test:/opt/robot_devkit/tools/rtmonitor:/opt/robot_devkit/tools/rtmonitor_msgs:/opt/robot_devkit/tools/perf_msgs:/opt/robot_devkit/perception/dynamic_vino_sample:/opt/robot_devkit/perception/dynamic_vino_lib:/opt/robot_devkit/perception/vino_param_lib:/opt/robot_devkit/perception/ur_description:/opt/robot_devkit/perception/recognize_pick:/opt/robot_devkit/perception/random_pick:/opt/robot_devkit/perception/fixed_position_pick:/opt/robot_devkit/perception/draw_x:/opt/robot_devkit/perception/robot_interface:/opt/robot_devkit/perception/realsense_examples:/opt/robot_devkit/perception/realsense_node:/opt/robot_devkit/perception/realsense_ros:/opt/robot_devkit/perception/realsense_msgs:/opt/robot_devkit/perception/pipeline_srv_msgs:/opt/robot_devkit/perception/grasp_ros2:/opt/robot_devkit/perception/people_msgs:/opt/robot_devkit/perception/object_analytics_rviz:/opt/robot_devkit/perception/object_analytics_node:/opt/robot_devkit/perception/object_analytics_msgs:/opt/robot_devkit/perception/moveit_msgs:/opt/robot_devkit/perception/handeye_tf_service:/opt/robot_devkit/perception/handeye_target_detection:/opt/robot_devkit/perception/grasp_tutorials:/opt/robot_devkit/perception/grasp_msgs /usr/bin/cmake /home/latte/dev_ws/src/ros2_robot/realsense_t265_ros -DCMAKE_INSTALL_PREFIX=/home/latte/dev_ws/src/ros2_robot/install/realsense_t265_ros
[5.023s] DEBUG:colcon.colcon_core.event_handler.log_command:Invoking command in '/home/latte/dev_ws/src/ros2_robot/build/realsense_t265_ros': CMAKE_PREFIX_PATH=/home/latte/dev_ws/src/novatel_gps_driver/install/swri_route_util:/home/latte/dev_ws/src/novatel_gps_driver/install/swri_transform_util:/home/latte/dev_ws/src/novatel_gps_driver/install/swri_system_util:/home/latte/dev_ws/src/novatel_gps_driver/install/novatel_gps_driver:/home/latte/dev_ws/src/novatel_gps_driver/install/swri_serial_util:/home/latte/dev_ws/src/novatel_gps_driver/install/swri_image_util:/home/latte/dev_ws/src/novatel_gps_driver/install/swri_roscpp:/home/latte/dev_ws/src/novatel_gps_driver/install/swri_prefix_tools:/home/latte/dev_ws/src/novatel_gps_driver/install/swri_opencv_util:/home/latte/dev_ws/src/novatel_gps_driver/install/swri_math_util:/home/latte/dev_ws/src/novatel_gps_driver/install/swri_geometry_util:/home/latte/dev_ws/src/novatel_gps_driver/install/swri_dbw_interface:/home/latte/dev_ws/src/novatel_gps_driver/install/swri_console_util:/home/latte/dev_ws/src/novatel_gps_driver/install/self_test:/home/latte/dev_ws/src/novatel_gps_driver/install/novatel_gps_msgs:/home/latte/dev_ws/src/novatel_gps_driver/install/diagnostic_updater:/opt/robot_devkit/tools/rdk_perf:/opt/robot_devkit/perception/handeye_dashboard:/opt/robot_devkit/perception/handeye:/opt/robot_devkit/perception/criutils:/opt/robot_devkit/perception/baldor:/opt/ros/dashing:/opt/ros/melodic:/home/latte/ros2_ws/install/depthimage_to_laserscan:/opt/robot_devkit/tools/rtmonitor_test:/opt/robot_devkit/tools/rtmonitor:/opt/robot_devkit/tools/rtmonitor_msgs:/opt/robot_devkit/tools/perf_msgs:/opt/robot_devkit/perception/dynamic_vino_sample:/opt/robot_devkit/perception/dynamic_vino_lib:/opt/robot_devkit/perception/vino_param_lib:/opt/robot_devkit/perception/ur_description:/opt/robot_devkit/perception/recognize_pick:/opt/robot_devkit/perception/random_pick:/opt/robot_devkit/perception/fixed_position_pick:/opt/robot_devkit/perception/draw_x:/opt/robot_devkit/perception/robot_interface:/opt/robot_devkit/perception/realsense_examples:/opt/robot_devkit/perception/realsense_node:/opt/robot_devkit/perception/realsense_ros:/opt/robot_devkit/perception/realsense_msgs:/opt/robot_devkit/perception/pipeline_srv_msgs:/opt/robot_devkit/perception/grasp_ros2:/opt/robot_devkit/perception/people_msgs:/opt/robot_devkit/perception/object_analytics_rviz:/opt/robot_devkit/perception/object_analytics_node:/opt/robot_devkit/perception/object_analytics_msgs:/opt/robot_devkit/perception/moveit_msgs:/opt/robot_devkit/perception/handeye_tf_service:/opt/robot_devkit/perception/handeye_target_detection:/opt/robot_devkit/perception/grasp_tutorials:/opt/robot_devkit/perception/grasp_msgs /usr/bin/cmake --build /home/latte/dev_ws/src/ros2_robot/build/realsense_t265_ros -- -j4 -l4
[14.289s] DEBUG:colcon.colcon_parallel_executor.executor.parallel:run_until_complete was interrupted
[14.290s] DEBUG:colcon.colcon_parallel_executor.executor.parallel:run_until_complete again
[14.342s] DEBUG:colcon.colcon_core.event_handler.log_command:Invoked command in '/home/latte/dev_ws/src/ros2_robot/build/realsense_t265_ros' returned '-2': CMAKE_PREFIX_PATH=/home/latte/dev_ws/src/novatel_gps_driver/install/swri_route_util:/home/latte/dev_ws/src/novatel_gps_driver/install/swri_transform_util:/home/latte/dev_ws/src/novatel_gps_driver/install/swri_system_util:/home/latte/dev_ws/src/novatel_gps_driver/install/novatel_gps_driver:/home/latte/dev_ws/src/novatel_gps_driver/install/swri_serial_util:/home/latte/dev_ws/src/novatel_gps_driver/install/swri_image_util:/home/latte/dev_ws/src/novatel_gps_driver/install/swri_roscpp:/home/latte/dev_ws/src/novatel_gps_driver/install/swri_prefix_tools:/home/latte/dev_ws/src/novatel_gps_driver/install/swri_opencv_util:/home/latte/dev_ws/src/novatel_gps_driver/install/swri_math_util:/home/latte/dev_ws/src/novatel_gps_driver/install/swri_geometry_util:/home/latte/dev_ws/src/novatel_gps_driver/install/swri_dbw_interface:/home/latte/dev_ws/src/novatel_gps_driver/install/swri_console_util:/home/latte/dev_ws/src/novatel_gps_driver/install/self_test:/home/latte/dev_ws/src/novatel_gps_driver/install/novatel_gps_msgs:/home/latte/dev_ws/src/novatel_gps_driver/install/diagnostic_updater:/opt/robot_devkit/tools/rdk_perf:/opt/robot_devkit/perception/handeye_dashboard:/opt/robot_devkit/perception/handeye:/opt/robot_devkit/perception/criutils:/opt/robot_devkit/perception/baldor:/opt/ros/dashing:/opt/ros/melodic:/home/latte/ros2_ws/install/depthimage_to_laserscan:/opt/robot_devkit/tools/rtmonitor_test:/opt/robot_devkit/tools/rtmonitor:/opt/robot_devkit/tools/rtmonitor_msgs:/opt/robot_devkit/tools/perf_msgs:/opt/robot_devkit/perception/dynamic_vino_sample:/opt/robot_devkit/perception/dynamic_vino_lib:/opt/robot_devkit/perception/vino_param_lib:/opt/robot_devkit/perception/ur_description:/opt/robot_devkit/perception/recognize_pick:/opt/robot_devkit/perception/random_pick:/opt/robot_devkit/perception/fixed_position_pick:/opt/robot_devkit/perception/draw_x:/opt/robot_devkit/perception/robot_interface:/opt/robot_devkit/perception/realsense_examples:/opt/robot_devkit/perception/realsense_node:/opt/robot_devkit/perception/realsense_ros:/opt/robot_devkit/perception/realsense_msgs:/opt/robot_devkit/perception/pipeline_srv_msgs:/opt/robot_devkit/perception/grasp_ros2:/opt/robot_devkit/perception/people_msgs:/opt/robot_devkit/perception/object_analytics_rviz:/opt/robot_devkit/perception/object_analytics_node:/opt/robot_devkit/perception/object_analytics_msgs:/opt/robot_devkit/perception/moveit_msgs:/opt/robot_devkit/perception/handeye_tf_service:/opt/robot_devkit/perception/handeye_target_detection:/opt/robot_devkit/perception/grasp_tutorials:/opt/robot_devkit/perception/grasp_msgs /usr/bin/cmake --build /home/latte/dev_ws/src/ros2_robot/build/realsense_t265_ros -- -j4 -l4
[14.351s] DEBUG:colcon.colcon_parallel_executor.executor.parallel:run_until_complete finished
[14.352s] DEBUG:colcon.colcon_parallel_executor.executor.parallel:closing loop
[14.353s] DEBUG:colcon.colcon_parallel_executor.executor.parallel:loop closed
[14.355s] DEBUG:colcon.colcon_core.event_reactor:joining thread
[14.375s] INFO:colcon.colcon_core.plugin_system:Skipping extension 'colcon_notification.desktop_notification.terminal_notifier': Not used on non-Darwin systems
[14.375s] INFO:colcon.colcon_core.plugin_system:Skipping extension 'colcon_notification.desktop_notification.win32': Not used on non-Windows systems
[14.375s] INFO:colcon.colcon_notification.desktop_notification:Sending desktop notification using 'notify2'
[14.456s] DEBUG:colcon.colcon_core.event_reactor:joined thread
[14.460s] INFO:colcon.colcon_core.shell:Creating prefix script '/home/latte/dev_ws/src/ros2_robot/install/local_setup.ps1'
[14.464s] INFO:colcon.colcon_core.shell:Creating prefix util module '/home/latte/dev_ws/src/ros2_robot/install/_local_setup_util_ps1.py'
[14.470s] INFO:colcon.colcon_core.shell:Creating prefix chain script '/home/latte/dev_ws/src/ros2_robot/install/setup.ps1'
[14.487s] INFO:colcon.colcon_core.shell:Creating prefix script '/home/latte/dev_ws/src/ros2_robot/install/local_setup.sh'
[14.490s] INFO:colcon.colcon_core.shell:Creating prefix util module '/home/latte/dev_ws/src/ros2_robot/install/_local_setup_util_sh.py'
[14.491s] INFO:colcon.colcon_core.shell:Creating prefix chain script '/home/latte/dev_ws/src/ros2_robot/install/setup.sh'
[14.508s] INFO:colcon.colcon_core.shell:Creating prefix script '/home/latte/dev_ws/src/ros2_robot/install/local_setup.bash'
[14.510s] INFO:colcon.colcon_core.shell:Creating prefix chain script '/home/latte/dev_ws/src/ros2_robot/install/setup.bash'
[14.526s] INFO:colcon.colcon_core.shell:Creating prefix script '/home/latte/dev_ws/src/ros2_robot/install/local_setup.zsh'
[14.528s] INFO:colcon.colcon_core.shell:Creating prefix chain script '/home/latte/dev_ws/src/ros2_robot/install/setup.zsh'
