[0.723s] Invoking command in '/home/turgay/dev_ws/src/ros2_robot/remote_control': PYTHONPATH=/home/turgay/dev_ws/src/ros2_robot/install/remote_control/lib/python3.6/site-packages:${PYTHONPATH} /usr/bin/python3 setup.py egg_info --egg-base /home/turgay/dev_ws/src/ros2_robot/build/remote_control build --build-base /home/turgay/dev_ws/src/ros2_robot/build/remote_control/build install --prefix /home/turgay/dev_ws/src/ros2_robot/install/remote_control --record /home/turgay/dev_ws/src/ros2_robot/build/remote_control/install.log --single-version-externally-managed
[1.056s] running egg_info
[1.057s] writing /home/turgay/dev_ws/src/ros2_robot/build/remote_control/remote_control.egg-info/PKG-INFO
[1.064s] writing dependency_links to /home/turgay/dev_ws/src/ros2_robot/build/remote_control/remote_control.egg-info/dependency_links.txt
[1.071s] writing entry points to /home/turgay/dev_ws/src/ros2_robot/build/remote_control/remote_control.egg-info/entry_points.txt
[1.074s] writing requirements to /home/turgay/dev_ws/src/ros2_robot/build/remote_control/remote_control.egg-info/requires.txt
[1.083s] writing top-level names to /home/turgay/dev_ws/src/ros2_robot/build/remote_control/remote_control.egg-info/top_level.txt
[1.143s] reading manifest file '/home/turgay/dev_ws/src/ros2_robot/build/remote_control/remote_control.egg-info/SOURCES.txt'
[1.144s] writing manifest file '/home/turgay/dev_ws/src/ros2_robot/build/remote_control/remote_control.egg-info/SOURCES.txt'
[1.144s] running build
[1.144s] running build_py
[1.145s] running install
[1.145s] running install_lib
[1.146s] running install_data
[1.147s] running install_egg_info
[1.148s] removing '/home/turgay/dev_ws/src/ros2_robot/install/remote_control/lib/python3.6/site-packages/remote_control-0.0.0-py3.6.egg-info' (and everything under it)
[1.149s] Copying /home/turgay/dev_ws/src/ros2_robot/build/remote_control/remote_control.egg-info to /home/turgay/dev_ws/src/ros2_robot/install/remote_control/lib/python3.6/site-packages/remote_control-0.0.0-py3.6.egg-info
[1.150s] running install_scripts
[1.168s] Installing remote_control_node script to /home/turgay/dev_ws/src/ros2_robot/install/remote_control/lib/remote_control
[1.168s] writing list of installed files to '/home/turgay/dev_ws/src/ros2_robot/build/remote_control/install.log'
