[0.154s] [35m[1mScanning dependencies of target ground_plane_estimator_node[0m
[0.258s] [ 50%] [32mBuilding CXX object CMakeFiles/ground_plane_estimator_node.dir/src/ground_plane_estimator_node.cpp.o[0m
[3.481s] [100%] [32m[1mLinking CXX executable ground_plane_estimator_node[0m
[4.136s] [100%] Built target ground_plane_estimator_node
[4.336s] [100%] Built target ground_plane_estimator_node
[4.373s] [36mInstall the project...[0m
[4.387s] -- Install configuration: ""
[4.388s] -- Execute custom install script
[4.388s] -- Up-to-date symlink: /home/turgay/dev_ws/src/ros2_robot/install/ground_plane_estimator/lib/ground_plane_estimator/ground_plane_estimator_node
[4.389s] -- Up-to-date symlink: /home/turgay/dev_ws/src/ros2_robot/install/ground_plane_estimator/share/ament_index/resource_index/package_run_dependencies/ground_plane_estimator
[4.389s] -- Up-to-date symlink: /home/turgay/dev_ws/src/ros2_robot/install/ground_plane_estimator/share/ament_index/resource_index/parent_prefix_path/ground_plane_estimator
[4.389s] -- Up-to-date symlink: /home/turgay/dev_ws/src/ros2_robot/install/ground_plane_estimator/share/ground_plane_estimator/environment/ament_prefix_path.sh
[4.390s] -- Up-to-date symlink: /home/turgay/dev_ws/src/ros2_robot/install/ground_plane_estimator/share/ground_plane_estimator/environment/path.sh
[4.390s] -- Up-to-date symlink: /home/turgay/dev_ws/src/ros2_robot/install/ground_plane_estimator/share/ground_plane_estimator/local_setup.bash
[4.390s] -- Up-to-date symlink: /home/turgay/dev_ws/src/ros2_robot/install/ground_plane_estimator/share/ground_plane_estimator/local_setup.sh
[4.390s] -- Up-to-date symlink: /home/turgay/dev_ws/src/ros2_robot/install/ground_plane_estimator/share/ground_plane_estimator/local_setup.zsh
[4.391s] -- Up-to-date symlink: /home/turgay/dev_ws/src/ros2_robot/install/ground_plane_estimator/share/ament_index/resource_index/packages/ground_plane_estimator
[4.391s] -- Up-to-date symlink: /home/turgay/dev_ws/src/ros2_robot/install/ground_plane_estimator/share/ground_plane_estimator/cmake/ground_plane_estimatorConfig.cmake
[4.391s] -- Up-to-date symlink: /home/turgay/dev_ws/src/ros2_robot/install/ground_plane_estimator/share/ground_plane_estimator/cmake/ground_plane_estimatorConfig-version.cmake
[4.392s] -- Up-to-date symlink: /home/turgay/dev_ws/src/ros2_robot/install/ground_plane_estimator/share/ground_plane_estimator/package.xml
