[0.199s] DEBUG:colcon:Command line arguments: ['/usr/bin/colcon', 'build']
[0.199s] DEBUG:colcon:Parsed command line arguments: Namespace(ament_cmake_args=None, base_paths=['.'], build_base='build', catkin_cmake_args=None, catkin_skip_building_tests=False, cmake_args=None, cmake_clean_cache=False, cmake_clean_first=False, cmake_force_configure=False, cmake_target=None, cmake_target_skip_unavailable=False, continue_on_error=False, event_handlers=None, executor='parallel', ignore_user_meta=False, install_base='install', log_base=None, log_level=None, main=<bound method BuildVerb.main of <colcon_core.verb.build.BuildVerb object at 0x7f56e1a357f0>>, merge_install=False, metas=['./colcon.meta'], packages_above=None, packages_above_depth=None, packages_end=None, packages_ignore=None, packages_ignore_regex=None, packages_select=None, packages_select_build_failed=False, packages_select_by_dep=None, packages_select_regex=None, packages_select_test_failures=False, packages_skip=None, packages_skip_build_finished=False, packages_skip_by_dep=None, packages_skip_regex=None, packages_skip_test_passed=False, packages_skip_up_to=None, packages_start=None, packages_up_to=None, parallel_workers=12, paths=None, symlink_install=False, test_result_base=None, verb_extension=<colcon_core.verb.build.BuildVerb object at 0x7f56e1a357f0>, verb_name='build', verb_parser=<colcon_defaults.argument_parser.defaults.DefaultArgumentsDecorator object at 0x7f56e1a35b38>)
[0.241s] Level 1:colcon.colcon_core.package_discovery:discover_packages(colcon_meta) check parameters
[0.241s] Level 1:colcon.colcon_core.package_discovery:discover_packages(recursive) check parameters
[0.241s] Level 1:colcon.colcon_core.package_discovery:discover_packages(ignore) check parameters
[0.241s] Level 1:colcon.colcon_core.package_discovery:discover_packages(path) check parameters
[0.241s] Level 1:colcon.colcon_core.package_discovery:discover_packages(colcon_meta) discover
[0.242s] Level 1:colcon.colcon_core.package_discovery:discover_packages(recursive) discover
[0.242s] INFO:colcon.colcon_core.package_discovery:Crawling recursively for packages in '/home/turgay/dev_ws/src/ros2_robot'
[0.242s] Level 1:colcon.colcon_core.package_identification:_identify(.) by extensions ['ignore', 'ignore_ament_install']
[0.242s] Level 1:colcon.colcon_core.package_identification:_identify(.) by extension 'ignore'
[0.242s] Level 1:colcon.colcon_core.package_identification:_identify(.) by extension 'ignore_ament_install'
[0.242s] Level 1:colcon.colcon_core.package_identification:_identify(.) by extensions ['colcon_pkg']
[0.242s] Level 1:colcon.colcon_core.package_identification:_identify(.) by extension 'colcon_pkg'
[0.242s] Level 1:colcon.colcon_core.package_identification:_identify(.) by extensions ['colcon_meta']
[0.242s] Level 1:colcon.colcon_core.package_identification:_identify(.) by extension 'colcon_meta'
[0.242s] Level 1:colcon.colcon_core.package_identification:_identify(.) by extensions ['ros']
[0.242s] Level 1:colcon.colcon_core.package_identification:_identify(.) by extension 'ros'
[0.254s] Level 1:colcon.colcon_core.package_identification:_identify(.) by extensions ['cmake', 'python']
[0.255s] Level 1:colcon.colcon_core.package_identification:_identify(.) by extension 'cmake'
[0.255s] Level 1:colcon.colcon_core.package_identification:_identify(.) by extension 'python'
[0.255s] Level 1:colcon.colcon_core.package_identification:_identify(.) by extensions ['python_setup_py']
[0.255s] Level 1:colcon.colcon_core.package_identification:_identify(.) by extension 'python_setup_py'
[0.255s] Level 1:colcon.colcon_core.package_identification:_identify(build) by extensions ['ignore', 'ignore_ament_install']
[0.255s] Level 1:colcon.colcon_core.package_identification:_identify(build) by extension 'ignore'
[0.255s] Level 1:colcon.colcon_core.package_identification:_identify(build) ignored
[0.256s] Level 1:colcon.colcon_core.package_identification:_identify(ground_plane_estimator) by extensions ['ignore', 'ignore_ament_install']
[0.256s] Level 1:colcon.colcon_core.package_identification:_identify(ground_plane_estimator) by extension 'ignore'
[0.256s] Level 1:colcon.colcon_core.package_identification:_identify(ground_plane_estimator) by extension 'ignore_ament_install'
[0.256s] Level 1:colcon.colcon_core.package_identification:_identify(ground_plane_estimator) by extensions ['colcon_pkg']
[0.256s] Level 1:colcon.colcon_core.package_identification:_identify(ground_plane_estimator) by extension 'colcon_pkg'
[0.256s] Level 1:colcon.colcon_core.package_identification:_identify(ground_plane_estimator) by extensions ['colcon_meta']
[0.256s] Level 1:colcon.colcon_core.package_identification:_identify(ground_plane_estimator) by extension 'colcon_meta'
[0.256s] Level 1:colcon.colcon_core.package_identification:_identify(ground_plane_estimator) by extensions ['ros']
[0.256s] Level 1:colcon.colcon_core.package_identification:_identify(ground_plane_estimator) by extension 'ros'
[0.259s] DEBUG:colcon.colcon_core.package_identification:Package 'ground_plane_estimator' with type 'ros.ament_cmake' and name 'ground_plane_estimator'
[0.259s] Level 1:colcon.colcon_core.package_identification:_identify(install) by extensions ['ignore', 'ignore_ament_install']
[0.259s] Level 1:colcon.colcon_core.package_identification:_identify(install) by extension 'ignore'
[0.259s] Level 1:colcon.colcon_core.package_identification:_identify(install) ignored
[0.260s] Level 1:colcon.colcon_core.package_identification:_identify(log) by extensions ['ignore', 'ignore_ament_install']
[0.260s] Level 1:colcon.colcon_core.package_identification:_identify(log) by extension 'ignore'
[0.260s] Level 1:colcon.colcon_core.package_identification:_identify(log) ignored
[0.260s] Level 1:colcon.colcon_core.package_identification:_identify(realsense_t265_node) by extensions ['ignore', 'ignore_ament_install']
[0.260s] Level 1:colcon.colcon_core.package_identification:_identify(realsense_t265_node) by extension 'ignore'
[0.260s] Level 1:colcon.colcon_core.package_identification:_identify(realsense_t265_node) by extension 'ignore_ament_install'
[0.260s] Level 1:colcon.colcon_core.package_identification:_identify(realsense_t265_node) by extensions ['colcon_pkg']
[0.260s] Level 1:colcon.colcon_core.package_identification:_identify(realsense_t265_node) by extension 'colcon_pkg'
[0.260s] Level 1:colcon.colcon_core.package_identification:_identify(realsense_t265_node) by extensions ['colcon_meta']
[0.260s] Level 1:colcon.colcon_core.package_identification:_identify(realsense_t265_node) by extension 'colcon_meta'
[0.260s] Level 1:colcon.colcon_core.package_identification:_identify(realsense_t265_node) by extensions ['ros']
[0.260s] Level 1:colcon.colcon_core.package_identification:_identify(realsense_t265_node) by extension 'ros'
[0.262s] DEBUG:colcon.colcon_core.package_identification:Package 'realsense_t265_node' with type 'ros.ament_cmake' and name 'realsense_t265_node'
[0.262s] Level 1:colcon.colcon_core.package_identification:_identify(realsense_t265_ros) by extensions ['ignore', 'ignore_ament_install']
[0.262s] Level 1:colcon.colcon_core.package_identification:_identify(realsense_t265_ros) by extension 'ignore'
[0.262s] Level 1:colcon.colcon_core.package_identification:_identify(realsense_t265_ros) by extension 'ignore_ament_install'
[0.262s] Level 1:colcon.colcon_core.package_identification:_identify(realsense_t265_ros) by extensions ['colcon_pkg']
[0.262s] Level 1:colcon.colcon_core.package_identification:_identify(realsense_t265_ros) by extension 'colcon_pkg'
[0.262s] Level 1:colcon.colcon_core.package_identification:_identify(realsense_t265_ros) by extensions ['colcon_meta']
[0.262s] Level 1:colcon.colcon_core.package_identification:_identify(realsense_t265_ros) by extension 'colcon_meta'
[0.262s] Level 1:colcon.colcon_core.package_identification:_identify(realsense_t265_ros) by extensions ['ros']
[0.262s] Level 1:colcon.colcon_core.package_identification:_identify(realsense_t265_ros) by extension 'ros'
[0.264s] DEBUG:colcon.colcon_core.package_identification:Package 'realsense_t265_ros' with type 'ros.ament_cmake' and name 'realsense_t265_ros'
[0.264s] Level 1:colcon.colcon_core.package_identification:_identify(remote_control) by extensions ['ignore', 'ignore_ament_install']
[0.264s] Level 1:colcon.colcon_core.package_identification:_identify(remote_control) by extension 'ignore'
[0.264s] Level 1:colcon.colcon_core.package_identification:_identify(remote_control) by extension 'ignore_ament_install'
[0.264s] Level 1:colcon.colcon_core.package_identification:_identify(remote_control) by extensions ['colcon_pkg']
[0.264s] Level 1:colcon.colcon_core.package_identification:_identify(remote_control) by extension 'colcon_pkg'
[0.264s] Level 1:colcon.colcon_core.package_identification:_identify(remote_control) by extensions ['colcon_meta']
[0.264s] Level 1:colcon.colcon_core.package_identification:_identify(remote_control) by extension 'colcon_meta'
[0.264s] Level 1:colcon.colcon_core.package_identification:_identify(remote_control) by extensions ['ros']
[0.264s] Level 1:colcon.colcon_core.package_identification:_identify(remote_control) by extension 'ros'
[0.265s] DEBUG:colcon.colcon_core.package_identification:Package 'remote_control' with type 'ros.ament_python' and name 'remote_control'
[0.265s] Level 1:colcon.colcon_core.package_identification:_identify(simple_gps) by extensions ['ignore', 'ignore_ament_install']
[0.265s] Level 1:colcon.colcon_core.package_identification:_identify(simple_gps) by extension 'ignore'
[0.265s] Level 1:colcon.colcon_core.package_identification:_identify(simple_gps) by extension 'ignore_ament_install'
[0.265s] Level 1:colcon.colcon_core.package_identification:_identify(simple_gps) by extensions ['colcon_pkg']
[0.265s] Level 1:colcon.colcon_core.package_identification:_identify(simple_gps) by extension 'colcon_pkg'
[0.265s] Level 1:colcon.colcon_core.package_identification:_identify(simple_gps) by extensions ['colcon_meta']
[0.265s] Level 1:colcon.colcon_core.package_identification:_identify(simple_gps) by extension 'colcon_meta'
[0.265s] Level 1:colcon.colcon_core.package_identification:_identify(simple_gps) by extensions ['ros']
[0.266s] Level 1:colcon.colcon_core.package_identification:_identify(simple_gps) by extension 'ros'
[0.266s] DEBUG:colcon.colcon_core.package_identification:Package 'simple_gps' with type 'ros.ament_python' and name 'simple_gps'
[0.266s] Level 1:colcon.colcon_core.package_discovery:discover_packages(recursive) using defaults
[0.266s] Level 1:colcon.colcon_core.package_discovery:discover_packages(ignore) discover
[0.266s] Level 1:colcon.colcon_core.package_discovery:discover_packages(ignore) using defaults
[0.266s] Level 1:colcon.colcon_core.package_discovery:discover_packages(path) discover
[0.266s] Level 1:colcon.colcon_core.package_discovery:discover_packages(path) using defaults
[0.273s] Level 5:colcon.colcon_core.verb:set package 'ground_plane_estimator' build argument 'cmake_args' from command line to 'None'
[0.273s] Level 5:colcon.colcon_core.verb:set package 'ground_plane_estimator' build argument 'cmake_target' from command line to 'None'
[0.273s] Level 5:colcon.colcon_core.verb:set package 'ground_plane_estimator' build argument 'cmake_target_skip_unavailable' from command line to 'False'
[0.273s] Level 5:colcon.colcon_core.verb:set package 'ground_plane_estimator' build argument 'cmake_clean_cache' from command line to 'False'
[0.273s] Level 5:colcon.colcon_core.verb:set package 'ground_plane_estimator' build argument 'cmake_clean_first' from command line to 'False'
[0.273s] Level 5:colcon.colcon_core.verb:set package 'ground_plane_estimator' build argument 'cmake_force_configure' from command line to 'False'
[0.273s] Level 5:colcon.colcon_core.verb:set package 'ground_plane_estimator' build argument 'ament_cmake_args' from command line to 'None'
[0.273s] Level 5:colcon.colcon_core.verb:set package 'ground_plane_estimator' build argument 'catkin_cmake_args' from command line to 'None'
[0.273s] Level 5:colcon.colcon_core.verb:set package 'ground_plane_estimator' build argument 'catkin_skip_building_tests' from command line to 'False'
[0.274s] DEBUG:colcon.colcon_core.verb:Building package 'ground_plane_estimator' with the following arguments: {'ament_cmake_args': None, 'build_base': '/home/turgay/dev_ws/src/ros2_robot/build/ground_plane_estimator', 'catkin_cmake_args': None, 'catkin_skip_building_tests': False, 'cmake_args': None, 'cmake_clean_cache': False, 'cmake_clean_first': False, 'cmake_force_configure': False, 'cmake_target': None, 'cmake_target_skip_unavailable': False, 'install_base': '/home/turgay/dev_ws/src/ros2_robot/install/ground_plane_estimator', 'merge_install': False, 'path': '/home/turgay/dev_ws/src/ros2_robot/ground_plane_estimator', 'symlink_install': False, 'test_result_base': None}
[0.277s] Level 5:colcon.colcon_core.verb:set package 'realsense_t265_ros' build argument 'cmake_args' from command line to 'None'
[0.277s] Level 5:colcon.colcon_core.verb:set package 'realsense_t265_ros' build argument 'cmake_target' from command line to 'None'
[0.277s] Level 5:colcon.colcon_core.verb:set package 'realsense_t265_ros' build argument 'cmake_target_skip_unavailable' from command line to 'False'
[0.277s] Level 5:colcon.colcon_core.verb:set package 'realsense_t265_ros' build argument 'cmake_clean_cache' from command line to 'False'
[0.277s] Level 5:colcon.colcon_core.verb:set package 'realsense_t265_ros' build argument 'cmake_clean_first' from command line to 'False'
[0.277s] Level 5:colcon.colcon_core.verb:set package 'realsense_t265_ros' build argument 'cmake_force_configure' from command line to 'False'
[0.277s] Level 5:colcon.colcon_core.verb:set package 'realsense_t265_ros' build argument 'ament_cmake_args' from command line to 'None'
[0.277s] Level 5:colcon.colcon_core.verb:set package 'realsense_t265_ros' build argument 'catkin_cmake_args' from command line to 'None'
[0.277s] Level 5:colcon.colcon_core.verb:set package 'realsense_t265_ros' build argument 'catkin_skip_building_tests' from command line to 'False'
[0.277s] DEBUG:colcon.colcon_core.verb:Building package 'realsense_t265_ros' with the following arguments: {'ament_cmake_args': None, 'build_base': '/home/turgay/dev_ws/src/ros2_robot/build/realsense_t265_ros', 'catkin_cmake_args': None, 'catkin_skip_building_tests': False, 'cmake_args': None, 'cmake_clean_cache': False, 'cmake_clean_first': False, 'cmake_force_configure': False, 'cmake_target': None, 'cmake_target_skip_unavailable': False, 'install_base': '/home/turgay/dev_ws/src/ros2_robot/install/realsense_t265_ros', 'merge_install': False, 'path': '/home/turgay/dev_ws/src/ros2_robot/realsense_t265_ros', 'symlink_install': False, 'test_result_base': None}
[0.280s] Level 5:colcon.colcon_core.verb:set package 'remote_control' build argument 'cmake_args' from command line to 'None'
[0.280s] Level 5:colcon.colcon_core.verb:set package 'remote_control' build argument 'cmake_target' from command line to 'None'
[0.280s] Level 5:colcon.colcon_core.verb:set package 'remote_control' build argument 'cmake_target_skip_unavailable' from command line to 'False'
[0.280s] Level 5:colcon.colcon_core.verb:set package 'remote_control' build argument 'cmake_clean_cache' from command line to 'False'
[0.280s] Level 5:colcon.colcon_core.verb:set package 'remote_control' build argument 'cmake_clean_first' from command line to 'False'
[0.280s] Level 5:colcon.colcon_core.verb:set package 'remote_control' build argument 'cmake_force_configure' from command line to 'False'
[0.281s] Level 5:colcon.colcon_core.verb:set package 'remote_control' build argument 'ament_cmake_args' from command line to 'None'
[0.281s] Level 5:colcon.colcon_core.verb:set package 'remote_control' build argument 'catkin_cmake_args' from command line to 'None'
[0.281s] Level 5:colcon.colcon_core.verb:set package 'remote_control' build argument 'catkin_skip_building_tests' from command line to 'False'
[0.281s] DEBUG:colcon.colcon_core.verb:Building package 'remote_control' with the following arguments: {'ament_cmake_args': None, 'build_base': '/home/turgay/dev_ws/src/ros2_robot/build/remote_control', 'catkin_cmake_args': None, 'catkin_skip_building_tests': False, 'cmake_args': None, 'cmake_clean_cache': False, 'cmake_clean_first': False, 'cmake_force_configure': False, 'cmake_target': None, 'cmake_target_skip_unavailable': False, 'install_base': '/home/turgay/dev_ws/src/ros2_robot/install/remote_control', 'merge_install': False, 'path': '/home/turgay/dev_ws/src/ros2_robot/remote_control', 'symlink_install': False, 'test_result_base': None}
[0.284s] Level 5:colcon.colcon_core.verb:set package 'simple_gps' build argument 'cmake_args' from command line to 'None'
[0.284s] Level 5:colcon.colcon_core.verb:set package 'simple_gps' build argument 'cmake_target' from command line to 'None'
[0.284s] Level 5:colcon.colcon_core.verb:set package 'simple_gps' build argument 'cmake_target_skip_unavailable' from command line to 'False'
[0.284s] Level 5:colcon.colcon_core.verb:set package 'simple_gps' build argument 'cmake_clean_cache' from command line to 'False'
[0.284s] Level 5:colcon.colcon_core.verb:set package 'simple_gps' build argument 'cmake_clean_first' from command line to 'False'
[0.284s] Level 5:colcon.colcon_core.verb:set package 'simple_gps' build argument 'cmake_force_configure' from command line to 'False'
[0.284s] Level 5:colcon.colcon_core.verb:set package 'simple_gps' build argument 'ament_cmake_args' from command line to 'None'
[0.284s] Level 5:colcon.colcon_core.verb:set package 'simple_gps' build argument 'catkin_cmake_args' from command line to 'None'
[0.284s] Level 5:colcon.colcon_core.verb:set package 'simple_gps' build argument 'catkin_skip_building_tests' from command line to 'False'
[0.284s] DEBUG:colcon.colcon_core.verb:Building package 'simple_gps' with the following arguments: {'ament_cmake_args': None, 'build_base': '/home/turgay/dev_ws/src/ros2_robot/build/simple_gps', 'catkin_cmake_args': None, 'catkin_skip_building_tests': False, 'cmake_args': None, 'cmake_clean_cache': False, 'cmake_clean_first': False, 'cmake_force_configure': False, 'cmake_target': None, 'cmake_target_skip_unavailable': False, 'install_base': '/home/turgay/dev_ws/src/ros2_robot/install/simple_gps', 'merge_install': False, 'path': '/home/turgay/dev_ws/src/ros2_robot/simple_gps', 'symlink_install': False, 'test_result_base': None}
[0.287s] Level 5:colcon.colcon_core.verb:set package 'realsense_t265_node' build argument 'cmake_args' from command line to 'None'
[0.287s] Level 5:colcon.colcon_core.verb:set package 'realsense_t265_node' build argument 'cmake_target' from command line to 'None'
[0.287s] Level 5:colcon.colcon_core.verb:set package 'realsense_t265_node' build argument 'cmake_target_skip_unavailable' from command line to 'False'
[0.287s] Level 5:colcon.colcon_core.verb:set package 'realsense_t265_node' build argument 'cmake_clean_cache' from command line to 'False'
[0.287s] Level 5:colcon.colcon_core.verb:set package 'realsense_t265_node' build argument 'cmake_clean_first' from command line to 'False'
[0.287s] Level 5:colcon.colcon_core.verb:set package 'realsense_t265_node' build argument 'cmake_force_configure' from command line to 'False'
[0.287s] Level 5:colcon.colcon_core.verb:set package 'realsense_t265_node' build argument 'ament_cmake_args' from command line to 'None'
[0.287s] Level 5:colcon.colcon_core.verb:set package 'realsense_t265_node' build argument 'catkin_cmake_args' from command line to 'None'
[0.287s] Level 5:colcon.colcon_core.verb:set package 'realsense_t265_node' build argument 'catkin_skip_building_tests' from command line to 'False'
[0.288s] DEBUG:colcon.colcon_core.verb:Building package 'realsense_t265_node' with the following arguments: {'ament_cmake_args': None, 'build_base': '/home/turgay/dev_ws/src/ros2_robot/build/realsense_t265_node', 'catkin_cmake_args': None, 'catkin_skip_building_tests': False, 'cmake_args': None, 'cmake_clean_cache': False, 'cmake_clean_first': False, 'cmake_force_configure': False, 'cmake_target': None, 'cmake_target_skip_unavailable': False, 'install_base': '/home/turgay/dev_ws/src/ros2_robot/install/realsense_t265_node', 'merge_install': False, 'path': '/home/turgay/dev_ws/src/ros2_robot/realsense_t265_node', 'symlink_install': False, 'test_result_base': None}
[0.288s] INFO:colcon.colcon_core.executor:Executing jobs using 'parallel' executor
[0.290s] DEBUG:colcon.colcon_parallel_executor.executor.parallel:run_until_complete
[0.291s] INFO:colcon.colcon_ros.task.ament_cmake.build:Building ROS package in '/home/turgay/dev_ws/src/ros2_robot/realsense_t265_ros' with build type 'ament_cmake'
[0.295s] INFO:colcon.colcon_core.plugin_system:Skipping extension 'colcon_core.shell.bat': Not used on non-Windows systems
[0.296s] INFO:colcon.colcon_cmake.task.cmake.build:Building CMake package in '/home/turgay/dev_ws/src/ros2_robot/realsense_t265_ros'
[0.297s] INFO:colcon.colcon_core.shell:Skip shell extension 'powershell' for command environment: Not usable outside of PowerShell
[0.297s] DEBUG:colcon.colcon_core.shell:Skip shell extension 'dsv' for command environment
[0.299s] WARNING:colcon.colcon_core.prefix_path.colcon:The path '/home/turgay/dev_ws/src/ros2_robot/install /opt/robot_devkit/tools /opt/robot_devkit/perception /home/turgay/dev_ws/src/ros2_robot/install /opt/robot_devkit/tools /opt/robot_devkit/perception /home/turgay/dev_ws/src/ros2_robot/install /opt/robot_devkit/tools /opt/robot_devkit/perception /home/turgay/dev_ws/src/ros2_robot/install /opt/robot_devkit/tools /opt/robot_devkit/perception /home/turgay/dev_ws/src/ros2_robot/install /opt/robot_devkit/tools /opt/robot_devkit/perception /home/turgay/dev_ws/src/ros2_robot/install /opt/robot_devkit/tools /opt/robot_devkit/perception /home/turgay/dev_ws/src/ros2_robot/install /opt/robot_devkit/tools /opt/robot_devkit/perception /home/turgay/dev_ws/src/ros2_robot/install /opt/robot_devkit/tools /opt/robot_devkit/perception /home/turgay/dev_ws/src/ros2_robot/install /opt/robot_devkit/tools /opt/robot_devkit/perception /home/turgay/dev_ws/src/ros2_robot/install /opt/robot_devkit/tools /opt/robot_devkit/perception /home/turgay/dev_ws/src/ros2_robot/install /opt/robot_devkit/tools /opt/robot_devkit/perception /home/turgay/dev_ws/src/ros2_robot/install /opt/robot_devkit/tools /opt/robot_devkit/perception /home/turgay/dev_ws/src/ros2_robot/install /opt/robot_devkit/tools /opt/robot_devkit/perception /opt/ros/dashing /opt/ros/dashing /home/turgay/dev_ws/src/ros2_robot/install /opt/robot_devkit/tools /opt/robot_devkit/perception' in the environment variable COLCON_PREFIX_PATH doesn't exist
[0.303s] DEBUG:colcon.colcon_core.shell:Ignoring prefix path '/opt/ros/dashing'
[0.306s] INFO:colcon.colcon_ros.task.ament_cmake.build:Building ROS package in '/home/turgay/dev_ws/src/ros2_robot/ground_plane_estimator' with build type 'ament_cmake'
[0.307s] INFO:colcon.colcon_cmake.task.cmake.build:Building CMake package in '/home/turgay/dev_ws/src/ros2_robot/ground_plane_estimator'
[0.308s] INFO:colcon.colcon_core.shell:Skip shell extension 'powershell' for command environment: Not usable outside of PowerShell
[0.308s] DEBUG:colcon.colcon_core.shell:Skip shell extension 'dsv' for command environment
[0.313s] DEBUG:colcon.colcon_core.shell:Ignoring prefix path '/opt/ros/dashing'
[0.315s] INFO:colcon.colcon_ros.task.ament_python.build:Building ROS package in '/home/turgay/dev_ws/src/ros2_robot/remote_control' with build type 'ament_python'
[0.316s] Level 1:colcon.colcon_core.shell:create_environment_hook('remote_control', 'ament_prefix_path')
[0.317s] INFO:colcon.colcon_core.shell:Creating environment hook '/home/turgay/dev_ws/src/ros2_robot/install/remote_control/share/remote_control/hook/ament_prefix_path.ps1'
[0.318s] INFO:colcon.colcon_core.shell:Creating environment descriptor '/home/turgay/dev_ws/src/ros2_robot/install/remote_control/share/remote_control/hook/ament_prefix_path.dsv'
[0.319s] INFO:colcon.colcon_core.shell:Creating environment hook '/home/turgay/dev_ws/src/ros2_robot/install/remote_control/share/remote_control/hook/ament_prefix_path.sh'
[0.321s] INFO:colcon.colcon_core.shell:Skip shell extension 'powershell' for command environment: Not usable outside of PowerShell
[0.321s] DEBUG:colcon.colcon_core.shell:Skip shell extension 'dsv' for command environment
[0.325s] DEBUG:colcon.colcon_core.shell:Ignoring prefix path '/opt/ros/dashing'
[0.328s] INFO:colcon.colcon_ros.task.ament_python.build:Building ROS package in '/home/turgay/dev_ws/src/ros2_robot/simple_gps' with build type 'ament_python'
[0.329s] Level 1:colcon.colcon_core.shell:create_environment_hook('simple_gps', 'ament_prefix_path')
[0.342s] INFO:colcon.colcon_core.shell:Creating environment hook '/home/turgay/dev_ws/src/ros2_robot/install/simple_gps/share/simple_gps/hook/ament_prefix_path.ps1'
[0.342s] INFO:colcon.colcon_core.shell:Creating environment descriptor '/home/turgay/dev_ws/src/ros2_robot/install/simple_gps/share/simple_gps/hook/ament_prefix_path.dsv'
[0.342s] INFO:colcon.colcon_core.shell:Creating environment hook '/home/turgay/dev_ws/src/ros2_robot/install/simple_gps/share/simple_gps/hook/ament_prefix_path.sh'
[0.343s] INFO:colcon.colcon_core.shell:Skip shell extension 'powershell' for command environment: Not usable outside of PowerShell
[0.343s] DEBUG:colcon.colcon_core.shell:Skip shell extension 'dsv' for command environment
[0.348s] DEBUG:colcon.colcon_core.shell:Ignoring prefix path '/opt/ros/dashing'
[0.363s] DEBUG:colcon.colcon_core.event_handler.log_command:Invoking command in '/home/turgay/dev_ws/src/ros2_robot/build/realsense_t265_ros': CMAKE_PREFIX_PATH=${CMAKE_PREFIX_PATH}:/home/turgay/dev_ws/src/ros2_robot/install/simple_gps:/home/turgay/dev_ws/src/ros2_robot/install/remote_control:/opt/robot_devkit/tools/rdk_perf:/opt/robot_devkit/perception/handeye_dashboard:/opt/robot_devkit/perception/handeye:/opt/robot_devkit/perception/criutils:/opt/robot_devkit/perception/baldor:/opt/ros/dashing /usr/bin/cmake --build /home/turgay/dev_ws/src/ros2_robot/build/realsense_t265_ros -- -j12 -l12
[0.369s] DEBUG:colcon.colcon_core.event_handler.log_command:Invoking command in '/home/turgay/dev_ws/src/ros2_robot/build/ground_plane_estimator': CMAKE_PREFIX_PATH=${CMAKE_PREFIX_PATH}:/home/turgay/dev_ws/src/ros2_robot/install/simple_gps:/home/turgay/dev_ws/src/ros2_robot/install/remote_control:/opt/robot_devkit/tools/rdk_perf:/opt/robot_devkit/perception/handeye_dashboard:/opt/robot_devkit/perception/handeye:/opt/robot_devkit/perception/criutils:/opt/robot_devkit/perception/baldor:/opt/ros/dashing /usr/bin/cmake --build /home/turgay/dev_ws/src/ros2_robot/build/ground_plane_estimator -- -j12 -l12
[0.683s] INFO:colcon.colcon_core.task.python.build:Building Python package in '/home/turgay/dev_ws/src/ros2_robot/remote_control'
[0.684s] INFO:colcon.colcon_core.shell:Skip shell extension 'powershell' for command environment: Not usable outside of PowerShell
[0.684s] DEBUG:colcon.colcon_core.shell:Skip shell extension 'dsv' for command environment
[0.689s] DEBUG:colcon.colcon_core.shell:Ignoring prefix path '/opt/ros/dashing'
[0.704s] DEBUG:colcon.colcon_core.event_handler.log_command:Invoked command in '/home/turgay/dev_ws/src/ros2_robot/build/realsense_t265_ros' returned '0': CMAKE_PREFIX_PATH=${CMAKE_PREFIX_PATH}:/home/turgay/dev_ws/src/ros2_robot/install/simple_gps:/home/turgay/dev_ws/src/ros2_robot/install/remote_control:/opt/robot_devkit/tools/rdk_perf:/opt/robot_devkit/perception/handeye_dashboard:/opt/robot_devkit/perception/handeye:/opt/robot_devkit/perception/criutils:/opt/robot_devkit/perception/baldor:/opt/ros/dashing /usr/bin/cmake --build /home/turgay/dev_ws/src/ros2_robot/build/realsense_t265_ros -- -j12 -l12
[1.085s] INFO:colcon.colcon_core.task.python.build:Building Python package in '/home/turgay/dev_ws/src/ros2_robot/simple_gps'
[1.087s] INFO:colcon.colcon_core.shell:Skip shell extension 'powershell' for command environment: Not usable outside of PowerShell
[1.087s] DEBUG:colcon.colcon_core.shell:Skip shell extension 'dsv' for command environment
[1.097s] DEBUG:colcon.colcon_core.shell:Ignoring prefix path '/opt/ros/dashing'
[1.119s] DEBUG:colcon.colcon_core.event_handler.log_command:Invoking command in '/home/turgay/dev_ws/src/ros2_robot/remote_control': PYTHONPATH=/home/turgay/dev_ws/src/ros2_robot/install/remote_control/lib/python3.6/site-packages:${PYTHONPATH} /usr/bin/python3 setup.py egg_info --egg-base /home/turgay/dev_ws/src/ros2_robot/build/remote_control build --build-base /home/turgay/dev_ws/src/ros2_robot/build/remote_control/build install --prefix /home/turgay/dev_ws/src/ros2_robot/install/remote_control --record /home/turgay/dev_ws/src/ros2_robot/build/remote_control/install.log --single-version-externally-managed
[1.142s] DEBUG:colcon.colcon_core.event_handler.log_command:Invoking command in '/home/turgay/dev_ws/src/ros2_robot/build/realsense_t265_ros': CMAKE_PREFIX_PATH=${CMAKE_PREFIX_PATH}:/home/turgay/dev_ws/src/ros2_robot/install/simple_gps:/home/turgay/dev_ws/src/ros2_robot/install/remote_control:/opt/robot_devkit/tools/rdk_perf:/opt/robot_devkit/perception/handeye_dashboard:/opt/robot_devkit/perception/handeye:/opt/robot_devkit/perception/criutils:/opt/robot_devkit/perception/baldor:/opt/ros/dashing /usr/bin/cmake --build /home/turgay/dev_ws/src/ros2_robot/build/realsense_t265_ros --target install -- -j12 -l12
[1.155s] DEBUG:colcon.colcon_core.event_handler.log_command:Invoking command in '/home/turgay/dev_ws/src/ros2_robot/simple_gps': PYTHONPATH=/home/turgay/dev_ws/src/ros2_robot/install/simple_gps/lib/python3.6/site-packages:${PYTHONPATH} /usr/bin/python3 setup.py egg_info --egg-base /home/turgay/dev_ws/src/ros2_robot/build/simple_gps build --build-base /home/turgay/dev_ws/src/ros2_robot/build/simple_gps/build install --prefix /home/turgay/dev_ws/src/ros2_robot/install/simple_gps --record /home/turgay/dev_ws/src/ros2_robot/build/simple_gps/install.log --single-version-externally-managed
[1.383s] Level 1:colcon.colcon_core.environment:create_environment_scripts_only(realsense_t265_ros)
[1.385s] DEBUG:colcon.colcon_core.event_handler.log_command:Invoked command in '/home/turgay/dev_ws/src/ros2_robot/build/realsense_t265_ros' returned '0': CMAKE_PREFIX_PATH=${CMAKE_PREFIX_PATH}:/home/turgay/dev_ws/src/ros2_robot/install/simple_gps:/home/turgay/dev_ws/src/ros2_robot/install/remote_control:/opt/robot_devkit/tools/rdk_perf:/opt/robot_devkit/perception/handeye_dashboard:/opt/robot_devkit/perception/handeye:/opt/robot_devkit/perception/criutils:/opt/robot_devkit/perception/baldor:/opt/ros/dashing /usr/bin/cmake --build /home/turgay/dev_ws/src/ros2_robot/build/realsense_t265_ros --target install -- -j12 -l12
[1.391s] Level 1:colcon.colcon_core.environment:checking '/home/turgay/dev_ws/src/ros2_robot/install/realsense_t265_ros' for CMake module files
[1.391s] Level 1:colcon.colcon_core.environment:checking '/home/turgay/dev_ws/src/ros2_robot/install/realsense_t265_ros' for CMake config files
[1.392s] Level 1:colcon.colcon_core.shell:create_environment_hook('realsense_t265_ros', 'cmake_prefix_path')
[1.393s] INFO:colcon.colcon_core.shell:Creating environment hook '/home/turgay/dev_ws/src/ros2_robot/install/realsense_t265_ros/share/realsense_t265_ros/hook/cmake_prefix_path.ps1'
[1.399s] INFO:colcon.colcon_core.shell:Creating environment descriptor '/home/turgay/dev_ws/src/ros2_robot/install/realsense_t265_ros/share/realsense_t265_ros/hook/cmake_prefix_path.dsv'
[1.410s] INFO:colcon.colcon_core.shell:Creating environment hook '/home/turgay/dev_ws/src/ros2_robot/install/realsense_t265_ros/share/realsense_t265_ros/hook/cmake_prefix_path.sh'
[1.420s] Level 1:colcon.colcon_core.environment:checking '/home/turgay/dev_ws/src/ros2_robot/install/realsense_t265_ros/lib'
[1.421s] Level 1:colcon.colcon_core.shell:create_environment_hook('realsense_t265_ros', 'ld_library_path_lib')
[1.422s] INFO:colcon.colcon_core.shell:Creating environment hook '/home/turgay/dev_ws/src/ros2_robot/install/realsense_t265_ros/share/realsense_t265_ros/hook/ld_library_path_lib.ps1'
[1.429s] INFO:colcon.colcon_core.shell:Creating environment descriptor '/home/turgay/dev_ws/src/ros2_robot/install/realsense_t265_ros/share/realsense_t265_ros/hook/ld_library_path_lib.dsv'
[1.438s] INFO:colcon.colcon_core.shell:Creating environment hook '/home/turgay/dev_ws/src/ros2_robot/install/realsense_t265_ros/share/realsense_t265_ros/hook/ld_library_path_lib.sh'
[1.448s] Level 1:colcon.colcon_core.environment:checking '/home/turgay/dev_ws/src/ros2_robot/install/realsense_t265_ros/bin'
[1.448s] Level 1:colcon.colcon_core.environment:checking '/home/turgay/dev_ws/src/ros2_robot/install/realsense_t265_ros/lib/pkgconfig/realsense_t265_ros.pc'
[1.448s] Level 1:colcon.colcon_core.environment:checking '/home/turgay/dev_ws/src/ros2_robot/install/realsense_t265_ros/lib/python3.6/site-packages'
[1.450s] INFO:colcon.colcon_core.shell:Creating package script '/home/turgay/dev_ws/src/ros2_robot/install/realsense_t265_ros/share/realsense_t265_ros/package.ps1'
[1.457s] INFO:colcon.colcon_core.shell:Creating package descriptor '/home/turgay/dev_ws/src/ros2_robot/install/realsense_t265_ros/share/realsense_t265_ros/package.dsv'
[1.466s] INFO:colcon.colcon_core.shell:Creating package script '/home/turgay/dev_ws/src/ros2_robot/install/realsense_t265_ros/share/realsense_t265_ros/package.sh'
[1.476s] INFO:colcon.colcon_core.shell:Creating package script '/home/turgay/dev_ws/src/ros2_robot/install/realsense_t265_ros/share/realsense_t265_ros/package.bash'
[1.485s] INFO:colcon.colcon_core.shell:Creating package script '/home/turgay/dev_ws/src/ros2_robot/install/realsense_t265_ros/share/realsense_t265_ros/package.zsh'
[1.494s] Level 1:colcon.colcon_core.environment:create_file_with_runtime_dependencies(/home/turgay/dev_ws/src/ros2_robot/install/realsense_t265_ros/share/colcon-core/packages/realsense_t265_ros)
[1.504s] INFO:colcon.colcon_ros.task.ament_cmake.build:Building ROS package in '/home/turgay/dev_ws/src/ros2_robot/realsense_t265_node' with build type 'ament_cmake'
[1.505s] INFO:colcon.colcon_cmake.task.cmake.build:Building CMake package in '/home/turgay/dev_ws/src/ros2_robot/realsense_t265_node'
[1.507s] INFO:colcon.colcon_core.shell:Skip shell extension 'powershell' for command environment: Not usable outside of PowerShell
[1.507s] DEBUG:colcon.colcon_core.shell:Skip shell extension 'dsv' for command environment
[1.519s] DEBUG:colcon.colcon_core.shell:Ignoring prefix path '/opt/ros/dashing'
[1.547s] DEBUG:colcon.colcon_core.event_handler.log_command:Invoking command in '/home/turgay/dev_ws/src/ros2_robot/build/realsense_t265_node': CMAKE_PREFIX_PATH=/home/turgay/dev_ws/src/ros2_robot/install/realsense_t265_ros:/home/turgay/dev_ws/src/ros2_robot/install/realsense_t265_node:/home/turgay/dev_ws/src/ros2_robot/install/ground_plane_estimator:/opt/robot_devkit/tools/rtmonitor_test:/opt/robot_devkit/tools/rtmonitor:/opt/robot_devkit/tools/rtmonitor_msgs:/opt/robot_devkit/tools/perf_msgs:/opt/robot_devkit/perception/dynamic_vino_sample:/opt/robot_devkit/perception/dynamic_vino_lib:/opt/robot_devkit/perception/vino_param_lib:/opt/robot_devkit/perception/ur_description:/opt/robot_devkit/perception/recognize_pick:/opt/robot_devkit/perception/random_pick:/opt/robot_devkit/perception/fixed_position_pick:/opt/robot_devkit/perception/draw_x:/opt/robot_devkit/perception/robot_interface:/opt/robot_devkit/perception/realsense_examples:/opt/robot_devkit/perception/realsense_node:/opt/robot_devkit/perception/realsense_ros:/opt/robot_devkit/perception/realsense_msgs:/opt/robot_devkit/perception/pipeline_srv_msgs:/opt/robot_devkit/perception/grasp_ros2:/opt/robot_devkit/perception/people_msgs:/opt/robot_devkit/perception/object_analytics_rviz:/opt/robot_devkit/perception/object_analytics_node:/opt/robot_devkit/perception/object_analytics_msgs:/opt/robot_devkit/perception/moveit_msgs:/opt/robot_devkit/perception/handeye_tf_service:/opt/robot_devkit/perception/handeye_target_detection:/opt/robot_devkit/perception/grasp_tutorials:/opt/robot_devkit/perception/grasp_msgs:/home/turgay/dev_ws/src/ros2_robot/install/simple_gps:/home/turgay/dev_ws/src/ros2_robot/install/remote_control:/opt/robot_devkit/tools/rdk_perf:/opt/robot_devkit/perception/handeye_dashboard:/opt/robot_devkit/perception/handeye:/opt/robot_devkit/perception/criutils:/opt/robot_devkit/perception/baldor:/opt/ros/dashing /usr/bin/cmake --build /home/turgay/dev_ws/src/ros2_robot/build/realsense_t265_node -- -j12 -l12
[1.665s] Level 1:colcon.colcon_core.environment:checking '/home/turgay/dev_ws/src/ros2_robot/install/remote_control' for CMake module files
[1.667s] DEBUG:colcon.colcon_core.event_handler.log_command:Invoked command in '/home/turgay/dev_ws/src/ros2_robot/remote_control' returned '0': PYTHONPATH=/home/turgay/dev_ws/src/ros2_robot/install/remote_control/lib/python3.6/site-packages:${PYTHONPATH} /usr/bin/python3 setup.py egg_info --egg-base /home/turgay/dev_ws/src/ros2_robot/build/remote_control build --build-base /home/turgay/dev_ws/src/ros2_robot/build/remote_control/build install --prefix /home/turgay/dev_ws/src/ros2_robot/install/remote_control --record /home/turgay/dev_ws/src/ros2_robot/build/remote_control/install.log --single-version-externally-managed
[1.667s] Level 1:colcon.colcon_core.environment:checking '/home/turgay/dev_ws/src/ros2_robot/install/remote_control' for CMake config files
[1.669s] Level 1:colcon.colcon_core.environment:checking '/home/turgay/dev_ws/src/ros2_robot/install/remote_control/lib'
[1.670s] Level 1:colcon.colcon_core.environment:checking '/home/turgay/dev_ws/src/ros2_robot/install/remote_control/bin'
[1.670s] Level 1:colcon.colcon_core.environment:checking '/home/turgay/dev_ws/src/ros2_robot/install/remote_control/lib/pkgconfig/remote_control.pc'
[1.670s] Level 1:colcon.colcon_core.environment:checking '/home/turgay/dev_ws/src/ros2_robot/install/remote_control/lib/python3.6/site-packages'
[1.670s] Level 1:colcon.colcon_core.shell:create_environment_hook('remote_control', 'pythonpath')
[1.671s] INFO:colcon.colcon_core.shell:Creating environment hook '/home/turgay/dev_ws/src/ros2_robot/install/remote_control/share/remote_control/hook/pythonpath.ps1'
[1.673s] INFO:colcon.colcon_core.shell:Creating environment descriptor '/home/turgay/dev_ws/src/ros2_robot/install/remote_control/share/remote_control/hook/pythonpath.dsv'
[1.682s] INFO:colcon.colcon_core.shell:Creating environment hook '/home/turgay/dev_ws/src/ros2_robot/install/remote_control/share/remote_control/hook/pythonpath.sh'
[1.692s] Level 1:colcon.colcon_core.environment:create_environment_scripts_only(remote_control)
[1.693s] INFO:colcon.colcon_core.shell:Creating package script '/home/turgay/dev_ws/src/ros2_robot/install/remote_control/share/remote_control/package.ps1'
[1.701s] INFO:colcon.colcon_core.shell:Creating package descriptor '/home/turgay/dev_ws/src/ros2_robot/install/remote_control/share/remote_control/package.dsv'
[1.710s] INFO:colcon.colcon_core.shell:Creating package script '/home/turgay/dev_ws/src/ros2_robot/install/remote_control/share/remote_control/package.sh'
[1.720s] INFO:colcon.colcon_core.shell:Creating package script '/home/turgay/dev_ws/src/ros2_robot/install/remote_control/share/remote_control/package.bash'
[1.729s] INFO:colcon.colcon_core.shell:Creating package script '/home/turgay/dev_ws/src/ros2_robot/install/remote_control/share/remote_control/package.zsh'
[1.739s] Level 1:colcon.colcon_core.environment:create_file_with_runtime_dependencies(/home/turgay/dev_ws/src/ros2_robot/install/remote_control/share/colcon-core/packages/remote_control)
[1.748s] DEBUG:colcon.colcon_core.event_handler.log_command:Invoked command in '/home/turgay/dev_ws/src/ros2_robot/build/realsense_t265_node' returned '0': CMAKE_PREFIX_PATH=/home/turgay/dev_ws/src/ros2_robot/install/realsense_t265_ros:/home/turgay/dev_ws/src/ros2_robot/install/realsense_t265_node:/home/turgay/dev_ws/src/ros2_robot/install/ground_plane_estimator:/opt/robot_devkit/tools/rtmonitor_test:/opt/robot_devkit/tools/rtmonitor:/opt/robot_devkit/tools/rtmonitor_msgs:/opt/robot_devkit/tools/perf_msgs:/opt/robot_devkit/perception/dynamic_vino_sample:/opt/robot_devkit/perception/dynamic_vino_lib:/opt/robot_devkit/perception/vino_param_lib:/opt/robot_devkit/perception/ur_description:/opt/robot_devkit/perception/recognize_pick:/opt/robot_devkit/perception/random_pick:/opt/robot_devkit/perception/fixed_position_pick:/opt/robot_devkit/perception/draw_x:/opt/robot_devkit/perception/robot_interface:/opt/robot_devkit/perception/realsense_examples:/opt/robot_devkit/perception/realsense_node:/opt/robot_devkit/perception/realsense_ros:/opt/robot_devkit/perception/realsense_msgs:/opt/robot_devkit/perception/pipeline_srv_msgs:/opt/robot_devkit/perception/grasp_ros2:/opt/robot_devkit/perception/people_msgs:/opt/robot_devkit/perception/object_analytics_rviz:/opt/robot_devkit/perception/object_analytics_node:/opt/robot_devkit/perception/object_analytics_msgs:/opt/robot_devkit/perception/moveit_msgs:/opt/robot_devkit/perception/handeye_tf_service:/opt/robot_devkit/perception/handeye_target_detection:/opt/robot_devkit/perception/grasp_tutorials:/opt/robot_devkit/perception/grasp_msgs:/home/turgay/dev_ws/src/ros2_robot/install/simple_gps:/home/turgay/dev_ws/src/ros2_robot/install/remote_control:/opt/robot_devkit/tools/rdk_perf:/opt/robot_devkit/perception/handeye_dashboard:/opt/robot_devkit/perception/handeye:/opt/robot_devkit/perception/criutils:/opt/robot_devkit/perception/baldor:/opt/ros/dashing /usr/bin/cmake --build /home/turgay/dev_ws/src/ros2_robot/build/realsense_t265_node -- -j12 -l12
[1.775s] Level 1:colcon.colcon_core.environment:checking '/home/turgay/dev_ws/src/ros2_robot/install/simple_gps' for CMake module files
[1.777s] DEBUG:colcon.colcon_core.event_handler.log_command:Invoked command in '/home/turgay/dev_ws/src/ros2_robot/simple_gps' returned '0': PYTHONPATH=/home/turgay/dev_ws/src/ros2_robot/install/simple_gps/lib/python3.6/site-packages:${PYTHONPATH} /usr/bin/python3 setup.py egg_info --egg-base /home/turgay/dev_ws/src/ros2_robot/build/simple_gps build --build-base /home/turgay/dev_ws/src/ros2_robot/build/simple_gps/build install --prefix /home/turgay/dev_ws/src/ros2_robot/install/simple_gps --record /home/turgay/dev_ws/src/ros2_robot/build/simple_gps/install.log --single-version-externally-managed
[1.777s] Level 1:colcon.colcon_core.environment:checking '/home/turgay/dev_ws/src/ros2_robot/install/simple_gps' for CMake config files
[1.780s] Level 1:colcon.colcon_core.environment:checking '/home/turgay/dev_ws/src/ros2_robot/install/simple_gps/lib'
[1.780s] Level 1:colcon.colcon_core.environment:checking '/home/turgay/dev_ws/src/ros2_robot/install/simple_gps/bin'
[1.780s] Level 1:colcon.colcon_core.environment:checking '/home/turgay/dev_ws/src/ros2_robot/install/simple_gps/lib/pkgconfig/simple_gps.pc'
[1.780s] Level 1:colcon.colcon_core.environment:checking '/home/turgay/dev_ws/src/ros2_robot/install/simple_gps/lib/python3.6/site-packages'
[1.781s] Level 1:colcon.colcon_core.shell:create_environment_hook('simple_gps', 'pythonpath')
[1.782s] INFO:colcon.colcon_core.shell:Creating environment hook '/home/turgay/dev_ws/src/ros2_robot/install/simple_gps/share/simple_gps/hook/pythonpath.ps1'
[1.785s] INFO:colcon.colcon_core.shell:Creating environment descriptor '/home/turgay/dev_ws/src/ros2_robot/install/simple_gps/share/simple_gps/hook/pythonpath.dsv'
[1.795s] INFO:colcon.colcon_core.shell:Creating environment hook '/home/turgay/dev_ws/src/ros2_robot/install/simple_gps/share/simple_gps/hook/pythonpath.sh'
[1.805s] Level 1:colcon.colcon_core.environment:create_environment_scripts_only(simple_gps)
[1.806s] INFO:colcon.colcon_core.shell:Creating package script '/home/turgay/dev_ws/src/ros2_robot/install/simple_gps/share/simple_gps/package.ps1'
[1.814s] INFO:colcon.colcon_core.shell:Creating package descriptor '/home/turgay/dev_ws/src/ros2_robot/install/simple_gps/share/simple_gps/package.dsv'
[1.822s] INFO:colcon.colcon_core.shell:Creating package script '/home/turgay/dev_ws/src/ros2_robot/install/simple_gps/share/simple_gps/package.sh'
[1.830s] INFO:colcon.colcon_core.shell:Creating package script '/home/turgay/dev_ws/src/ros2_robot/install/simple_gps/share/simple_gps/package.bash'
[1.838s] INFO:colcon.colcon_core.shell:Creating package script '/home/turgay/dev_ws/src/ros2_robot/install/simple_gps/share/simple_gps/package.zsh'
[1.846s] Level 1:colcon.colcon_core.environment:create_file_with_runtime_dependencies(/home/turgay/dev_ws/src/ros2_robot/install/simple_gps/share/colcon-core/packages/simple_gps)
[1.853s] DEBUG:colcon.colcon_core.event_handler.log_command:Invoking command in '/home/turgay/dev_ws/src/ros2_robot/build/realsense_t265_node': CMAKE_PREFIX_PATH=/home/turgay/dev_ws/src/ros2_robot/install/realsense_t265_ros:/home/turgay/dev_ws/src/ros2_robot/install/realsense_t265_node:/home/turgay/dev_ws/src/ros2_robot/install/ground_plane_estimator:/opt/robot_devkit/tools/rtmonitor_test:/opt/robot_devkit/tools/rtmonitor:/opt/robot_devkit/tools/rtmonitor_msgs:/opt/robot_devkit/tools/perf_msgs:/opt/robot_devkit/perception/dynamic_vino_sample:/opt/robot_devkit/perception/dynamic_vino_lib:/opt/robot_devkit/perception/vino_param_lib:/opt/robot_devkit/perception/ur_description:/opt/robot_devkit/perception/recognize_pick:/opt/robot_devkit/perception/random_pick:/opt/robot_devkit/perception/fixed_position_pick:/opt/robot_devkit/perception/draw_x:/opt/robot_devkit/perception/robot_interface:/opt/robot_devkit/perception/realsense_examples:/opt/robot_devkit/perception/realsense_node:/opt/robot_devkit/perception/realsense_ros:/opt/robot_devkit/perception/realsense_msgs:/opt/robot_devkit/perception/pipeline_srv_msgs:/opt/robot_devkit/perception/grasp_ros2:/opt/robot_devkit/perception/people_msgs:/opt/robot_devkit/perception/object_analytics_rviz:/opt/robot_devkit/perception/object_analytics_node:/opt/robot_devkit/perception/object_analytics_msgs:/opt/robot_devkit/perception/moveit_msgs:/opt/robot_devkit/perception/handeye_tf_service:/opt/robot_devkit/perception/handeye_target_detection:/opt/robot_devkit/perception/grasp_tutorials:/opt/robot_devkit/perception/grasp_msgs:/home/turgay/dev_ws/src/ros2_robot/install/simple_gps:/home/turgay/dev_ws/src/ros2_robot/install/remote_control:/opt/robot_devkit/tools/rdk_perf:/opt/robot_devkit/perception/handeye_dashboard:/opt/robot_devkit/perception/handeye:/opt/robot_devkit/perception/criutils:/opt/robot_devkit/perception/baldor:/opt/ros/dashing /usr/bin/cmake --build /home/turgay/dev_ws/src/ros2_robot/build/realsense_t265_node --target install -- -j12 -l12
[2.016s] Level 1:colcon.colcon_core.environment:create_environment_scripts_only(realsense_t265_node)
[2.019s] Level 1:colcon.colcon_core.environment:checking '/home/turgay/dev_ws/src/ros2_robot/install/realsense_t265_node' for CMake module files
[2.020s] DEBUG:colcon.colcon_core.event_handler.log_command:Invoked command in '/home/turgay/dev_ws/src/ros2_robot/build/realsense_t265_node' returned '0': CMAKE_PREFIX_PATH=/home/turgay/dev_ws/src/ros2_robot/install/realsense_t265_ros:/home/turgay/dev_ws/src/ros2_robot/install/realsense_t265_node:/home/turgay/dev_ws/src/ros2_robot/install/ground_plane_estimator:/opt/robot_devkit/tools/rtmonitor_test:/opt/robot_devkit/tools/rtmonitor:/opt/robot_devkit/tools/rtmonitor_msgs:/opt/robot_devkit/tools/perf_msgs:/opt/robot_devkit/perception/dynamic_vino_sample:/opt/robot_devkit/perception/dynamic_vino_lib:/opt/robot_devkit/perception/vino_param_lib:/opt/robot_devkit/perception/ur_description:/opt/robot_devkit/perception/recognize_pick:/opt/robot_devkit/perception/random_pick:/opt/robot_devkit/perception/fixed_position_pick:/opt/robot_devkit/perception/draw_x:/opt/robot_devkit/perception/robot_interface:/opt/robot_devkit/perception/realsense_examples:/opt/robot_devkit/perception/realsense_node:/opt/robot_devkit/perception/realsense_ros:/opt/robot_devkit/perception/realsense_msgs:/opt/robot_devkit/perception/pipeline_srv_msgs:/opt/robot_devkit/perception/grasp_ros2:/opt/robot_devkit/perception/people_msgs:/opt/robot_devkit/perception/object_analytics_rviz:/opt/robot_devkit/perception/object_analytics_node:/opt/robot_devkit/perception/object_analytics_msgs:/opt/robot_devkit/perception/moveit_msgs:/opt/robot_devkit/perception/handeye_tf_service:/opt/robot_devkit/perception/handeye_target_detection:/opt/robot_devkit/perception/grasp_tutorials:/opt/robot_devkit/perception/grasp_msgs:/home/turgay/dev_ws/src/ros2_robot/install/simple_gps:/home/turgay/dev_ws/src/ros2_robot/install/remote_control:/opt/robot_devkit/tools/rdk_perf:/opt/robot_devkit/perception/handeye_dashboard:/opt/robot_devkit/perception/handeye:/opt/robot_devkit/perception/criutils:/opt/robot_devkit/perception/baldor:/opt/ros/dashing /usr/bin/cmake --build /home/turgay/dev_ws/src/ros2_robot/build/realsense_t265_node --target install -- -j12 -l12
[2.021s] Level 1:colcon.colcon_core.environment:checking '/home/turgay/dev_ws/src/ros2_robot/install/realsense_t265_node' for CMake config files
[2.021s] Level 1:colcon.colcon_core.shell:create_environment_hook('realsense_t265_node', 'cmake_prefix_path')
[2.023s] INFO:colcon.colcon_core.shell:Creating environment hook '/home/turgay/dev_ws/src/ros2_robot/install/realsense_t265_node/share/realsense_t265_node/hook/cmake_prefix_path.ps1'
[2.024s] INFO:colcon.colcon_core.shell:Creating environment descriptor '/home/turgay/dev_ws/src/ros2_robot/install/realsense_t265_node/share/realsense_t265_node/hook/cmake_prefix_path.dsv'
[2.025s] INFO:colcon.colcon_core.shell:Creating environment hook '/home/turgay/dev_ws/src/ros2_robot/install/realsense_t265_node/share/realsense_t265_node/hook/cmake_prefix_path.sh'
[2.027s] Level 1:colcon.colcon_core.environment:checking '/home/turgay/dev_ws/src/ros2_robot/install/realsense_t265_node/lib'
[2.027s] Level 1:colcon.colcon_core.environment:checking '/home/turgay/dev_ws/src/ros2_robot/install/realsense_t265_node/bin'
[2.027s] Level 1:colcon.colcon_core.shell:create_environment_hook('realsense_t265_node', 'path')
[2.028s] INFO:colcon.colcon_core.shell:Creating environment hook '/home/turgay/dev_ws/src/ros2_robot/install/realsense_t265_node/share/realsense_t265_node/hook/path.ps1'
[2.029s] INFO:colcon.colcon_core.shell:Creating environment descriptor '/home/turgay/dev_ws/src/ros2_robot/install/realsense_t265_node/share/realsense_t265_node/hook/path.dsv'
[2.029s] INFO:colcon.colcon_core.shell:Creating environment hook '/home/turgay/dev_ws/src/ros2_robot/install/realsense_t265_node/share/realsense_t265_node/hook/path.sh'
[2.030s] Level 1:colcon.colcon_core.environment:checking '/home/turgay/dev_ws/src/ros2_robot/install/realsense_t265_node/lib/pkgconfig/realsense_t265_node.pc'
[2.030s] Level 1:colcon.colcon_core.environment:checking '/home/turgay/dev_ws/src/ros2_robot/install/realsense_t265_node/lib/python3.6/site-packages'
[2.030s] INFO:colcon.colcon_core.shell:Creating package script '/home/turgay/dev_ws/src/ros2_robot/install/realsense_t265_node/share/realsense_t265_node/package.ps1'
[2.031s] INFO:colcon.colcon_core.shell:Creating package descriptor '/home/turgay/dev_ws/src/ros2_robot/install/realsense_t265_node/share/realsense_t265_node/package.dsv'
[2.031s] INFO:colcon.colcon_core.shell:Creating package script '/home/turgay/dev_ws/src/ros2_robot/install/realsense_t265_node/share/realsense_t265_node/package.sh'
[2.032s] INFO:colcon.colcon_core.shell:Creating package script '/home/turgay/dev_ws/src/ros2_robot/install/realsense_t265_node/share/realsense_t265_node/package.bash'
[2.032s] INFO:colcon.colcon_core.shell:Creating package script '/home/turgay/dev_ws/src/ros2_robot/install/realsense_t265_node/share/realsense_t265_node/package.zsh'
[2.033s] Level 1:colcon.colcon_core.environment:create_file_with_runtime_dependencies(/home/turgay/dev_ws/src/ros2_robot/install/realsense_t265_node/share/colcon-core/packages/realsense_t265_node)
[2.405s] DEBUG:colcon.colcon_core.event_handler.log_command:Invoked command in '/home/turgay/dev_ws/src/ros2_robot/build/ground_plane_estimator' returned '2': CMAKE_PREFIX_PATH=${CMAKE_PREFIX_PATH}:/home/turgay/dev_ws/src/ros2_robot/install/simple_gps:/home/turgay/dev_ws/src/ros2_robot/install/remote_control:/opt/robot_devkit/tools/rdk_perf:/opt/robot_devkit/perception/handeye_dashboard:/opt/robot_devkit/perception/handeye:/opt/robot_devkit/perception/criutils:/opt/robot_devkit/perception/baldor:/opt/ros/dashing /usr/bin/cmake --build /home/turgay/dev_ws/src/ros2_robot/build/ground_plane_estimator -- -j12 -l12
[2.414s] DEBUG:colcon.colcon_parallel_executor.executor.parallel:closing loop
[2.415s] DEBUG:colcon.colcon_parallel_executor.executor.parallel:loop closed
[2.415s] DEBUG:colcon.colcon_parallel_executor.executor.parallel:run_until_complete finished with '2'
[2.416s] DEBUG:colcon.colcon_core.event_reactor:joining thread
[2.428s] INFO:colcon.colcon_core.plugin_system:Skipping extension 'colcon_notification.desktop_notification.terminal_notifier': Not used on non-Darwin systems
[2.428s] INFO:colcon.colcon_core.plugin_system:Skipping extension 'colcon_notification.desktop_notification.win32': Not used on non-Windows systems
[2.428s] INFO:colcon.colcon_notification.desktop_notification:Sending desktop notification using 'notify2'
[2.430s] DEBUG:colcon.colcon_core.event_reactor:joined thread
[2.432s] INFO:colcon.colcon_core.shell:Creating prefix script '/home/turgay/dev_ws/src/ros2_robot/install/local_setup.ps1'
[2.433s] INFO:colcon.colcon_core.shell:Creating prefix util module '/home/turgay/dev_ws/src/ros2_robot/install/_local_setup_util_ps1.py'
[2.436s] INFO:colcon.colcon_core.shell:Creating prefix chain script '/home/turgay/dev_ws/src/ros2_robot/install/setup.ps1'
[2.440s] INFO:colcon.colcon_core.shell:Creating prefix script '/home/turgay/dev_ws/src/ros2_robot/install/local_setup.sh'
[2.441s] INFO:colcon.colcon_core.shell:Creating prefix util module '/home/turgay/dev_ws/src/ros2_robot/install/_local_setup_util_sh.py'
[2.441s] INFO:colcon.colcon_core.shell:Creating prefix chain script '/home/turgay/dev_ws/src/ros2_robot/install/setup.sh'
[2.446s] INFO:colcon.colcon_core.shell:Creating prefix script '/home/turgay/dev_ws/src/ros2_robot/install/local_setup.bash'
[2.446s] INFO:colcon.colcon_core.shell:Creating prefix chain script '/home/turgay/dev_ws/src/ros2_robot/install/setup.bash'
[2.450s] INFO:colcon.colcon_core.shell:Creating prefix script '/home/turgay/dev_ws/src/ros2_robot/install/local_setup.zsh'
[2.451s] INFO:colcon.colcon_core.shell:Creating prefix chain script '/home/turgay/dev_ws/src/ros2_robot/install/setup.zsh'
