[0.104s] [35m[1mScanning dependencies of target ground_plane_estimator_node[0m
[0.150s] [ 50%] [32mBuilding CXX object CMakeFiles/ground_plane_estimator_node.dir/src/ground_plane_estimator_node.cpp.o[0m
[1.548s] [01m[K/home/turgay/dev_ws/src/ros2_robot/ground_plane_estimator/src/ground_plane_estimator_node.cpp:[m[K In function ‘[01m[Kvoid imageColorEdgeDetection(const ConstSharedPtr&, const ConstSharedPtr&)[m[K’:
[1.548s] [01m[K/home/turgay/dev_ws/src/ros2_robot/ground_plane_estimator/src/ground_plane_estimator_node.cpp:55:77:[m[K [01;35m[Kwarning: [m[Kunused parameter ‘[01m[Kmsg[m[K’ [[01;35m[K-Wunused-parameter[m[K]
[1.549s]  void imageColorEdgeDetection(const sensor_msgs::msg::Image::ConstSharedPtr& [01;35m[Kmsg[m[K,
[1.549s]                                                                              [01;35m[K^~~[m[K
[1.549s] [01m[K/home/turgay/dev_ws/src/ros2_robot/ground_plane_estimator/src/ground_plane_estimator_node.cpp:56:61:[m[K [01;35m[Kwarning: [m[Kunused parameter ‘[01m[Kpoint_msg[m[K’ [[01;35m[K-Wunused-parameter[m[K]
[1.549s]        const sensor_msgs::msg::PointCloud2::ConstSharedPtr & [01;35m[Kpoint_msg[m[K) {
[1.549s]                                                              [01;35m[K^~~~~~~~~[m[K
[3.238s] [100%] [32m[1mLinking CXX executable ground_plane_estimator_node[0m
[3.509s] [100%] Built target ground_plane_estimator_node
[3.727s] [100%] Built target ground_plane_estimator_node
[3.768s] [36mInstall the project...[0m
[3.786s] -- Install configuration: ""
[3.787s] -- Execute custom install script
[3.787s] -- Up-to-date symlink: /home/turgay/dev_ws/src/ros2_robot/install/ground_plane_estimator/lib/ground_plane_estimator/ground_plane_estimator_node
[3.787s] -- Up-to-date symlink: /home/turgay/dev_ws/src/ros2_robot/install/ground_plane_estimator/share/ament_index/resource_index/package_run_dependencies/ground_plane_estimator
[3.788s] -- Up-to-date symlink: /home/turgay/dev_ws/src/ros2_robot/install/ground_plane_estimator/share/ament_index/resource_index/parent_prefix_path/ground_plane_estimator
[3.788s] -- Up-to-date symlink: /home/turgay/dev_ws/src/ros2_robot/install/ground_plane_estimator/share/ground_plane_estimator/environment/ament_prefix_path.sh
[3.789s] -- Up-to-date symlink: /home/turgay/dev_ws/src/ros2_robot/install/ground_plane_estimator/share/ground_plane_estimator/environment/path.sh
[3.789s] -- Up-to-date symlink: /home/turgay/dev_ws/src/ros2_robot/install/ground_plane_estimator/share/ground_plane_estimator/local_setup.bash
[3.789s] -- Up-to-date symlink: /home/turgay/dev_ws/src/ros2_robot/install/ground_plane_estimator/share/ground_plane_estimator/local_setup.sh
[3.789s] -- Up-to-date symlink: /home/turgay/dev_ws/src/ros2_robot/install/ground_plane_estimator/share/ground_plane_estimator/local_setup.zsh
[3.790s] -- Up-to-date symlink: /home/turgay/dev_ws/src/ros2_robot/install/ground_plane_estimator/share/ament_index/resource_index/packages/ground_plane_estimator
[3.790s] -- Up-to-date symlink: /home/turgay/dev_ws/src/ros2_robot/install/ground_plane_estimator/share/ground_plane_estimator/cmake/ground_plane_estimatorConfig.cmake
[3.790s] -- Up-to-date symlink: /home/turgay/dev_ws/src/ros2_robot/install/ground_plane_estimator/share/ground_plane_estimator/cmake/ground_plane_estimatorConfig-version.cmake
[3.791s] -- Up-to-date symlink: /home/turgay/dev_ws/src/ros2_robot/install/ground_plane_estimator/share/ground_plane_estimator/package.xml
