[1.557s] [01m[K/home/turgay/dev_ws/src/ros2_robot/ground_plane_estimator/src/ground_plane_estimator_node.cpp:[m[K In member function ‘[01m[Kvoid GroundPlaneEstimatorNode::imageColorEdgeDetection(const ConstSharedPtr&, const ConstSharedPtr&)[m[K’:
[1.558s] [01m[K/home/turgay/dev_ws/src/ros2_robot/ground_plane_estimator/src/ground_plane_estimator_node.cpp:75:3:[m[K [01;31m[Kerror: [m[K‘[01m[Kimage_pub_[m[K’ was not declared in this scope
[1.558s]    [01;31m[Kimage_pub_[m[K.publish( cv_ptr->toImageMsg() );
[1.558s]    [01;31m[K^~~~~~~~~~[m[K
[1.561s] [01m[K/home/turgay/dev_ws/src/ros2_robot/ground_plane_estimator/src/ground_plane_estimator_node.cpp:75:3:[m[K [01;36m[Knote: [m[Ksuggested alternative: ‘[01m[KimageAcuting[m[K’
[1.561s]    [01;36m[Kimage_pub_[m[K.publish( cv_ptr->toImageMsg() );
[1.562s]    [01;36m[K^~~~~~~~~~[m[K
[1.562s]    [32m[KimageAcuting[m[K
[1.562s] [01m[K/home/turgay/dev_ws/src/ros2_robot/ground_plane_estimator/src/ground_plane_estimator_node.cpp:55:162:[m[K [01;35m[Kwarning: [m[Kunused parameter ‘[01m[Kpoint_msg[m[K’ [[01;35m[K-Wunused-parameter[m[K]
[1.562s]  nsor_msgs::msg::Image::ConstSharedPtr& msg, const sensor_msgs::msg::PointCloud2::ConstSharedPtr & [01;35m[Kpoint_msg[m[K) {
[1.563s]                                                                                                    [01;35m[K^~~~~~~~~[m[K
[1.567s] [01m[K/home/turgay/dev_ws/src/ros2_robot/ground_plane_estimator/src/ground_plane_estimator_node.cpp:[m[K In member function ‘[01m[Kvoid GroundPlaneEstimatorNode::sidewalkEdgePicking(std::vector<cv::Vec<int, 4> >)[m[K’:
[1.568s] [01m[K/home/turgay/dev_ws/src/ros2_robot/ground_plane_estimator/src/ground_plane_estimator_node.cpp:120:17:[m[K [01;31m[Kerror: [m[K‘[01m[Krp_x2[m[K’ was not declared in this scope
[1.568s]                  [01;31m[Krp_x2[m[K = x21;
[1.568s]                  [01;31m[K^~~~~[m[K
[1.569s] [01m[K/home/turgay/dev_ws/src/ros2_robot/ground_plane_estimator/src/ground_plane_estimator_node.cpp:121:17:[m[K [01;31m[Kerror: [m[K‘[01m[Krp_y2[m[K’ was not declared in this scope
[1.569s]                  [01;31m[Krp_y2[m[K = y21;
[1.569s]                  [01;31m[K^~~~~[m[K
[1.570s] [01m[K/home/turgay/dev_ws/src/ros2_robot/ground_plane_estimator/src/ground_plane_estimator_node.cpp:123:21:[m[K [01;31m[Kerror: [m[K‘[01m[Krp_x1[m[K’ was not declared in this scope
[1.570s]                      [01;31m[Krp_x1[m[K = WIDTH;
[1.570s]                      [01;31m[K^~~~~[m[K
[1.571s] [01m[K/home/turgay/dev_ws/src/ros2_robot/ground_plane_estimator/src/ground_plane_estimator_node.cpp:124:21:[m[K [01;31m[Kerror: [m[K‘[01m[Krp_y1[m[K’ was not declared in this scope
[1.571s]                      [01;31m[Krp_y1[m[K = tan(alpha) * rp_x1 + b;
[1.571s]                      [01;31m[K^~~~~[m[K
[1.571s] [01m[K/home/turgay/dev_ws/src/ros2_robot/ground_plane_estimator/src/ground_plane_estimator_node.cpp:124:21:[m[K [01;36m[Knote: [m[Ksuggested alternative: ‘[01m[K__y1[m[K’
[1.572s]                      [01;36m[Krp_y1[m[K = tan(alpha) * rp_x1 + b;
[1.572s]                      [01;36m[K^~~~~[m[K
[1.572s]                      [32m[K__y1[m[K
[1.572s] [01m[K/home/turgay/dev_ws/src/ros2_robot/ground_plane_estimator/src/ground_plane_estimator_node.cpp:126:21:[m[K [01;31m[Kerror: [m[K‘[01m[Krp_x1[m[K’ was not declared in this scope
[1.572s]                      [01;31m[Krp_x1[m[K = (HEIGHT - b) / tan(alpha);
[1.572s]                      [01;31m[K^~~~~[m[K
[1.573s] [01m[K/home/turgay/dev_ws/src/ros2_robot/ground_plane_estimator/src/ground_plane_estimator_node.cpp:127:21:[m[K [01;31m[Kerror: [m[K‘[01m[Krp_y1[m[K’ was not declared in this scope
[1.573s]                      [01;31m[Krp_y1[m[K = HEIGHT;
[1.573s]                      [01;31m[K^~~~~[m[K
[1.573s] [01m[K/home/turgay/dev_ws/src/ros2_robot/ground_plane_estimator/src/ground_plane_estimator_node.cpp:127:21:[m[K [01;36m[Knote: [m[Ksuggested alternative: ‘[01m[K__y1[m[K’
[1.573s]                      [01;36m[Krp_y1[m[K = HEIGHT;
[1.573s]                      [01;36m[K^~~~~[m[K
[1.574s]                      [32m[K__y1[m[K
[1.574s] [01m[K/home/turgay/dev_ws/src/ros2_robot/ground_plane_estimator/src/ground_plane_estimator_node.cpp:113:24:[m[K [01;35m[Kwarning: [m[Kunused variable ‘[01m[Kx11[m[K’ [[01;35m[K-Wunused-variable[m[K]
[1.574s]                  double [01;35m[Kx11[m[K, y11;
[1.574s]                         [01;35m[K^~~[m[K
[1.574s] [01m[K/home/turgay/dev_ws/src/ros2_robot/ground_plane_estimator/src/ground_plane_estimator_node.cpp:113:29:[m[K [01;35m[Kwarning: [m[Kunused variable ‘[01m[Ky11[m[K’ [[01;35m[K-Wunused-variable[m[K]
[1.574s]                  double x11, [01;35m[Ky11[m[K;
[1.574s]                              [01;35m[K^~~[m[K
[1.575s] [01m[K/home/turgay/dev_ws/src/ros2_robot/ground_plane_estimator/src/ground_plane_estimator_node.cpp:139:17:[m[K [01;31m[Kerror: [m[K‘[01m[Klp_x2[m[K’ was not declared in this scope
[1.575s]                  [01;31m[Klp_x2[m[K = x22;
[1.575s]                  [01;31m[K^~~~~[m[K
[1.575s] [01m[K/home/turgay/dev_ws/src/ros2_robot/ground_plane_estimator/src/ground_plane_estimator_node.cpp:140:17:[m[K [01;31m[Kerror: [m[K‘[01m[Klp_y2[m[K’ was not declared in this scope
[1.575s]                  [01;31m[Klp_y2[m[K = y22;
[1.575s]                  [01;31m[K^~~~~[m[K
[1.575s] [01m[K/home/turgay/dev_ws/src/ros2_robot/ground_plane_estimator/src/ground_plane_estimator_node.cpp:142:21:[m[K [01;31m[Kerror: [m[K‘[01m[Klp_x1[m[K’ was not declared in this scope
[1.575s]                      [01;31m[Klp_x1[m[K = 0.0;
[1.576s]                      [01;31m[K^~~~~[m[K
[1.576s] [01m[K/home/turgay/dev_ws/src/ros2_robot/ground_plane_estimator/src/ground_plane_estimator_node.cpp:143:21:[m[K [01;31m[Kerror: [m[K‘[01m[Klp_y1[m[K’ was not declared in this scope
[1.576s]                      [01;31m[Klp_y1[m[K = b;
[1.576s]                      [01;31m[K^~~~~[m[K
[1.577s] [01m[K/home/turgay/dev_ws/src/ros2_robot/ground_plane_estimator/src/ground_plane_estimator_node.cpp:143:21:[m[K [01;36m[Knote: [m[Ksuggested alternative: ‘[01m[K__y1[m[K’
[1.577s]                      [01;36m[Klp_y1[m[K = b;
[1.577s]                      [01;36m[K^~~~~[m[K
[1.577s]                      [32m[K__y1[m[K
[1.577s] [01m[K/home/turgay/dev_ws/src/ros2_robot/ground_plane_estimator/src/ground_plane_estimator_node.cpp:145:21:[m[K [01;31m[Kerror: [m[K‘[01m[Klp_x1[m[K’ was not declared in this scope
[1.577s]                      [01;31m[Klp_x1[m[K = (HEIGHT - b) / tan(alpha);
[1.577s]                      [01;31m[K^~~~~[m[K
[1.578s] [01m[K/home/turgay/dev_ws/src/ros2_robot/ground_plane_estimator/src/ground_plane_estimator_node.cpp:146:21:[m[K [01;31m[Kerror: [m[K‘[01m[Klp_y1[m[K’ was not declared in this scope
[1.578s]                      [01;31m[Klp_y1[m[K = HEIGHT;
[1.578s]                      [01;31m[K^~~~~[m[K
[1.578s] [01m[K/home/turgay/dev_ws/src/ros2_robot/ground_plane_estimator/src/ground_plane_estimator_node.cpp:146:21:[m[K [01;36m[Knote: [m[Ksuggested alternative: ‘[01m[K__y1[m[K’
[1.578s]                      [01;36m[Klp_y1[m[K = HEIGHT;
[1.579s]                      [01;36m[K^~~~~[m[K
[1.579s]                      [32m[K__y1[m[K
[1.579s] [01m[K/home/turgay/dev_ws/src/ros2_robot/ground_plane_estimator/src/ground_plane_estimator_node.cpp:132:24:[m[K [01;35m[Kwarning: [m[Kunused variable ‘[01m[Kx12[m[K’ [[01;35m[K-Wunused-variable[m[K]
[1.579s]                  double [01;35m[Kx12[m[K, y12;
[1.579s]                         [01;35m[K^~~[m[K
[1.579s] [01m[K/home/turgay/dev_ws/src/ros2_robot/ground_plane_estimator/src/ground_plane_estimator_node.cpp:132:29:[m[K [01;35m[Kwarning: [m[Kunused variable ‘[01m[Ky12[m[K’ [[01;35m[K-Wunused-variable[m[K]
[1.580s]                  double x12, [01;35m[Ky12[m[K;
[1.580s]                              [01;35m[K^~~[m[K
[1.580s] [01m[K/home/turgay/dev_ws/src/ros2_robot/ground_plane_estimator/src/ground_plane_estimator_node.cpp:[m[K In member function ‘[01m[Kcv_bridge::CvImagePtr GroundPlaneEstimatorNode::showImageWithMark(cv_bridge::CvImagePtr)[m[K’:
[1.580s] [01m[K/home/turgay/dev_ws/src/ros2_robot/ground_plane_estimator/src/ground_plane_estimator_node.cpp:155:36:[m[K [01;31m[Kerror: [m[K‘[01m[Klp_y1[m[K’ was not declared in this scope
[1.580s]      polygon[0][0] = cv::Point(0.0, [01;31m[Klp_y1[m[K);
[1.580s]                                     [01;31m[K^~~~~[m[K
[1.580s] [01m[K/home/turgay/dev_ws/src/ros2_robot/ground_plane_estimator/src/ground_plane_estimator_node.cpp:155:36:[m[K [01;36m[Knote: [m[Ksuggested alternative: ‘[01m[K__y1[m[K’
[1.580s]      polygon[0][0] = cv::Point(0.0, [01;36m[Klp_y1[m[K);
[1.581s]                                     [01;36m[K^~~~~[m[K
[1.581s]                                     [32m[K__y1[m[K
[1.581s] [01m[K/home/turgay/dev_ws/src/ros2_robot/ground_plane_estimator/src/ground_plane_estimator_node.cpp:156:31:[m[K [01;31m[Kerror: [m[K‘[01m[Klp_x2[m[K’ was not declared in this scope
[1.581s]      polygon[0][1] = cv::Point([01;31m[Klp_x2[m[K, lp_y2);
[1.581s]                                [01;31m[K^~~~~[m[K
[1.581s] [01m[K/home/turgay/dev_ws/src/ros2_robot/ground_plane_estimator/src/ground_plane_estimator_node.cpp:156:38:[m[K [01;31m[Kerror: [m[K‘[01m[Klp_y2[m[K’ was not declared in this scope
[1.581s]      polygon[0][1] = cv::Point(lp_x2, [01;31m[Klp_y2[m[K);
[1.582s]                                       [01;31m[K^~~~~[m[K
[1.582s] [01m[K/home/turgay/dev_ws/src/ros2_robot/ground_plane_estimator/src/ground_plane_estimator_node.cpp:157:31:[m[K [01;31m[Kerror: [m[K‘[01m[Krp_x2[m[K’ was not declared in this scope
[1.582s]      polygon[0][2] = cv::Point([01;31m[Krp_x2[m[K, rp_y2);
[1.582s]                                [01;31m[K^~~~~[m[K
[1.582s] [01m[K/home/turgay/dev_ws/src/ros2_robot/ground_plane_estimator/src/ground_plane_estimator_node.cpp:157:38:[m[K [01;31m[Kerror: [m[K‘[01m[Krp_y2[m[K’ was not declared in this scope
[1.582s]      polygon[0][2] = cv::Point(rp_x2, [01;31m[Krp_y2[m[K);
[1.582s]                                       [01;31m[K^~~~~[m[K
[1.583s] [01m[K/home/turgay/dev_ws/src/ros2_robot/ground_plane_estimator/src/ground_plane_estimator_node.cpp:158:38:[m[K [01;31m[Kerror: [m[K‘[01m[Krp_y1[m[K’ was not declared in this scope
[1.583s]      polygon[0][3] = cv::Point(WIDTH, [01;31m[Krp_y1[m[K);
[1.584s]                                       [01;31m[K^~~~~[m[K
[1.584s] [01m[K/home/turgay/dev_ws/src/ros2_robot/ground_plane_estimator/src/ground_plane_estimator_node.cpp:158:38:[m[K [01;36m[Knote: [m[Ksuggested alternative: ‘[01m[K__y1[m[K’
[1.584s]      polygon[0][3] = cv::Point(WIDTH, [01;36m[Krp_y1[m[K);
[1.584s]                                       [01;36m[K^~~~~[m[K
[1.584s]                                       [32m[K__y1[m[K
[2.282s] make[2]: *** [CMakeFiles/ground_plane_estimator_node.dir/src/ground_plane_estimator_node.cpp.o] Error 1
[2.282s] make[1]: *** [CMakeFiles/ground_plane_estimator_node.dir/all] Error 2
[2.283s] make: *** [all] Error 2
