[0.063s] Invoking command in '/home/turgay/dev_ws/src/ros2_robot/build/realsense_t265_ros': CMAKE_PREFIX_PATH=${CMAKE_PREFIX_PATH}:/home/turgay/dev_ws/src/ros2_robot/install/simple_gps:/home/turgay/dev_ws/src/ros2_robot/install/remote_control:/opt/robot_devkit/tools/rdk_perf:/opt/robot_devkit/perception/handeye_dashboard:/opt/robot_devkit/perception/handeye:/opt/robot_devkit/perception/criutils:/opt/robot_devkit/perception/baldor:/opt/ros/dashing /usr/bin/cmake --build /home/turgay/dev_ws/src/ros2_robot/build/realsense_t265_ros -- -j12 -l12
[0.409s] [ 14%] Built target gtest
[0.410s] [ 28%] Built target gtest_main
[0.411s] [ 71%] Built target realsense_t265_ros
[0.411s] [ 85%] Built target unittest_function
[0.412s] [100%] Built target camera_core
[0.417s] Invoked command in '/home/turgay/dev_ws/src/ros2_robot/build/realsense_t265_ros' returned '0': CMAKE_PREFIX_PATH=${CMAKE_PREFIX_PATH}:/home/turgay/dev_ws/src/ros2_robot/install/simple_gps:/home/turgay/dev_ws/src/ros2_robot/install/remote_control:/opt/robot_devkit/tools/rdk_perf:/opt/robot_devkit/perception/handeye_dashboard:/opt/robot_devkit/perception/handeye:/opt/robot_devkit/perception/criutils:/opt/robot_devkit/perception/baldor:/opt/ros/dashing /usr/bin/cmake --build /home/turgay/dev_ws/src/ros2_robot/build/realsense_t265_ros -- -j12 -l12
[0.765s] Invoking command in '/home/turgay/dev_ws/src/ros2_robot/build/realsense_t265_ros': CMAKE_PREFIX_PATH=${CMAKE_PREFIX_PATH}:/home/turgay/dev_ws/src/ros2_robot/install/simple_gps:/home/turgay/dev_ws/src/ros2_robot/install/remote_control:/opt/robot_devkit/tools/rdk_perf:/opt/robot_devkit/perception/handeye_dashboard:/opt/robot_devkit/perception/handeye:/opt/robot_devkit/perception/criutils:/opt/robot_devkit/perception/baldor:/opt/ros/dashing /usr/bin/cmake --build /home/turgay/dev_ws/src/ros2_robot/build/realsense_t265_ros --target install -- -j12 -l12
[0.846s] [ 14%] Built target gtest
[0.849s] [ 28%] Built target gtest_main
[0.874s] [ 71%] Built target realsense_t265_ros
[0.917s] [ 85%] Built target unittest_function
[0.937s] [100%] Built target camera_core
[0.974s] [36mInstall the project...[0m
[0.990s] -- Install configuration: ""
[0.990s] -- Up-to-date: /home/turgay/dev_ws/src/ros2_robot/install/realsense_t265_ros/lib/librealsense_t265_ros.so
[0.991s] -- Up-to-date: /home/turgay/dev_ws/src/ros2_robot/install/realsense_t265_ros/include
[0.992s] -- Up-to-date: /home/turgay/dev_ws/src/ros2_robot/install/realsense_t265_ros/include/realsense
[0.992s] -- Up-to-date: /home/turgay/dev_ws/src/ros2_robot/install/realsense_t265_ros/include/realsense/rs_t265_base.hpp
[0.993s] -- Up-to-date: /home/turgay/dev_ws/src/ros2_robot/install/realsense_t265_ros/include/realsense/rs_t265_t265.hpp
[0.993s] -- Up-to-date: /home/turgay/dev_ws/src/ros2_robot/install/realsense_t265_ros/include/realsense/rs_d435i.hpp
[0.993s] -- Up-to-date: /home/turgay/dev_ws/src/ros2_robot/install/realsense_t265_ros/include/realsense/rs_factory.hpp
[0.994s] -- Up-to-date: /home/turgay/dev_ws/src/ros2_robot/install/realsense_t265_ros/include/realsense/rs_d435.hpp
[0.994s] -- Up-to-date: /home/turgay/dev_ws/src/ros2_robot/install/realsense_t265_ros/include/realsense/rs_constants.hpp
[0.995s] -- Up-to-date: /home/turgay/dev_ws/src/ros2_robot/install/realsense_t265_ros/include/realsense/rs_t265_factory.hpp
[0.995s] -- Up-to-date: /home/turgay/dev_ws/src/ros2_robot/install/realsense_t265_ros/share/realsense_t265_ros/environment/library_path.sh
[0.996s] -- Up-to-date: /home/turgay/dev_ws/src/ros2_robot/install/realsense_t265_ros/share/ament_index/resource_index/package_run_dependencies/realsense_t265_ros
[0.997s] -- Up-to-date: /home/turgay/dev_ws/src/ros2_robot/install/realsense_t265_ros/share/ament_index/resource_index/parent_prefix_path/realsense_t265_ros
[0.997s] -- Up-to-date: /home/turgay/dev_ws/src/ros2_robot/install/realsense_t265_ros/share/realsense_t265_ros/environment/ament_prefix_path.sh
[0.998s] -- Up-to-date: /home/turgay/dev_ws/src/ros2_robot/install/realsense_t265_ros/share/realsense_t265_ros/environment/path.sh
[0.998s] -- Up-to-date: /home/turgay/dev_ws/src/ros2_robot/install/realsense_t265_ros/share/realsense_t265_ros/local_setup.bash
[0.999s] -- Up-to-date: /home/turgay/dev_ws/src/ros2_robot/install/realsense_t265_ros/share/realsense_t265_ros/local_setup.sh
[0.999s] -- Up-to-date: /home/turgay/dev_ws/src/ros2_robot/install/realsense_t265_ros/share/realsense_t265_ros/local_setup.zsh
[0.999s] -- Up-to-date: /home/turgay/dev_ws/src/ros2_robot/install/realsense_t265_ros/share/ament_index/resource_index/packages/realsense_t265_ros
[1.000s] -- Up-to-date: /home/turgay/dev_ws/src/ros2_robot/install/realsense_t265_ros/share/ament_index/resource_index/rclcpp_components/realsense_t265_ros
[1.000s] -- Up-to-date: /home/turgay/dev_ws/src/ros2_robot/install/realsense_t265_ros/share/realsense_t265_ros/cmake/ament_cmake_export_include_directories-extras.cmake
[1.000s] -- Up-to-date: /home/turgay/dev_ws/src/ros2_robot/install/realsense_t265_ros/share/realsense_t265_ros/cmake/ament_cmake_export_libraries-extras.cmake
[1.001s] -- Up-to-date: /home/turgay/dev_ws/src/ros2_robot/install/realsense_t265_ros/share/realsense_t265_ros/cmake/realsense_t265_rosConfig.cmake
[1.001s] -- Up-to-date: /home/turgay/dev_ws/src/ros2_robot/install/realsense_t265_ros/share/realsense_t265_ros/cmake/realsense_t265_rosConfig-version.cmake
[1.001s] -- Up-to-date: /home/turgay/dev_ws/src/ros2_robot/install/realsense_t265_ros/share/realsense_t265_ros/package.xml
