[0.065s] Invoking command in '/home/turgay/dev_ws/src/ros2_robot/build/ground_plane_estimator': CMAKE_PREFIX_PATH=${CMAKE_PREFIX_PATH}:/home/turgay/dev_ws/src/ros2_robot/install/simple_gps:/home/turgay/dev_ws/src/ros2_robot/install/remote_control:/opt/robot_devkit/tools/rdk_perf:/opt/robot_devkit/perception/handeye_dashboard:/opt/robot_devkit/perception/handeye:/opt/robot_devkit/perception/criutils:/opt/robot_devkit/perception/baldor:/opt/ros/dashing /usr/bin/cmake --build /home/turgay/dev_ws/src/ros2_robot/build/ground_plane_estimator -- -j12 -l12
[0.424s] [35m[1mScanning dependencies of target ground_plane_estimator_node[0m
[0.425s] [ 50%] [32mBuilding CXX object CMakeFiles/ground_plane_estimator_node.dir/src/ground_plane_estimator_node.cpp.o[0m
[1.232s] [01m[K/home/turgay/dev_ws/src/ros2_robot/ground_plane_estimator/src/ground_plane_estimator_node.cpp:[m[K In member function ‘[01m[Kvoid GroundPlaneEstimatorNode::image_callback(const ConstSharedPtr&)[m[K’:
[1.233s] [01m[K/home/turgay/dev_ws/src/ros2_robot/ground_plane_estimator/src/ground_plane_estimator_node.cpp:35:95:[m[K [01;35m[Kwarning: [m[Kunused parameter ‘[01m[Kmsg[m[K’ [[01;35m[K-Wunused-parameter[m[K]
[1.233s]  void GroundPlaneEstimatorNode::image_callback(const sensor_msgs::msg::Image::ConstSharedPtr & [01;35m[Kmsg[m[K) {
[1.233s]                                                                                                [01;35m[K^~~[m[K
[1.237s] [01m[K/home/turgay/dev_ws/src/ros2_robot/ground_plane_estimator/src/ground_plane_estimator_node.cpp:[m[K In function ‘[01m[Kint main(int, char**)[m[K’:
[1.237s] [01m[K/home/turgay/dev_ws/src/ros2_robot/ground_plane_estimator/src/ground_plane_estimator_node.cpp:48:49:[m[K [01;31m[Kerror: [m[Kno matching function for call to ‘[01m[Kimage_transport::ImageTransport::ImageTransport(std::__shared_ptr<GroundPlaneEstimatorNode, (__gnu_cxx::_Lock_policy)2>::element_type*)[m[K’
[1.238s]    image_transport::ImageTransport it(node_.get()[01;31m[K)[m[K;
[1.238s]                                                  [01;31m[K^[m[K
[1.238s] In file included from [01m[K/home/turgay/dev_ws/src/ros2_robot/ground_plane_estimator/src/ground_plane_estimator_node.cpp:8:0[m[K:
[1.239s] [01m[K/opt/ros/dashing/include/image_transport/image_transport.h:116:12:[m[K [01;36m[Knote: [m[Kcandidate: image_transport::ImageTransport::ImageTransport(rclcpp::Node::SharedPtr)
[1.239s]    explicit [01;36m[KImageTransport[m[K(rclcpp::Node::SharedPtr node);
[1.239s]             [01;36m[K^~~~~~~~~~~~~~[m[K
[1.239s] [01m[K/opt/ros/dashing/include/image_transport/image_transport.h:116:12:[m[K [01;36m[Knote: [m[K  no known conversion for argument 1 from ‘[01m[Kstd::__shared_ptr<GroundPlaneEstimatorNode, (__gnu_cxx::_Lock_policy)2>::element_type* {aka GroundPlaneEstimatorNode*}[m[K’ to ‘[01m[Krclcpp::Node::SharedPtr {aka std::shared_ptr<rclcpp::Node>}[m[K’
[1.988s] CMakeFiles/ground_plane_estimator_node.dir/build.make:62: recipe for target 'CMakeFiles/ground_plane_estimator_node.dir/src/ground_plane_estimator_node.cpp.o' failed
[1.988s] make[2]: *** [CMakeFiles/ground_plane_estimator_node.dir/src/ground_plane_estimator_node.cpp.o] Error 1
[1.989s] CMakeFiles/Makefile2:67: recipe for target 'CMakeFiles/ground_plane_estimator_node.dir/all' failed
[1.989s] make[1]: *** [CMakeFiles/ground_plane_estimator_node.dir/all] Error 2
[1.989s] Makefile:140: recipe for target 'all' failed
[1.989s] make: *** [all] Error 2
[1.992s] Invoked command in '/home/turgay/dev_ws/src/ros2_robot/build/ground_plane_estimator' returned '2': CMAKE_PREFIX_PATH=${CMAKE_PREFIX_PATH}:/home/turgay/dev_ws/src/ros2_robot/install/simple_gps:/home/turgay/dev_ws/src/ros2_robot/install/remote_control:/opt/robot_devkit/tools/rdk_perf:/opt/robot_devkit/perception/handeye_dashboard:/opt/robot_devkit/perception/handeye:/opt/robot_devkit/perception/criutils:/opt/robot_devkit/perception/baldor:/opt/ros/dashing /usr/bin/cmake --build /home/turgay/dev_ws/src/ros2_robot/build/ground_plane_estimator -- -j12 -l12
