[0.056s] Invoking command in '/home/turgay/dev_ws/src/ros2_robot/build/ground_plane_estimator': CMAKE_PREFIX_PATH=${CMAKE_PREFIX_PATH}:/home/turgay/dev_ws/src/ros2_robot/install/simple_gps:/home/turgay/dev_ws/src/ros2_robot/install/remote_control:/opt/robot_devkit/tools/rdk_perf:/opt/robot_devkit/perception/handeye_dashboard:/opt/robot_devkit/perception/handeye:/opt/robot_devkit/perception/criutils:/opt/robot_devkit/perception/baldor:/opt/ros/dashing /usr/bin/cmake --build /home/turgay/dev_ws/src/ros2_robot/build/ground_plane_estimator -- -j12 -l12
[0.396s] [35m[1mScanning dependencies of target ground_plane_estimator_node[0m
[0.396s] [ 50%] [32mBuilding CXX object CMakeFiles/ground_plane_estimator_node.dir/src/ground_plane_estimator_node.cpp.o[0m
[1.137s] [01m[K/home/turgay/dev_ws/src/ros2_robot/ground_plane_estimator/src/ground_plane_estimator_node.cpp:[m[K In constructor ‘[01m[KGroundPlaneEstimatorNode::GroundPlaneEstimatorNode()[m[K’:
[1.137s] [01m[K/home/turgay/dev_ws/src/ros2_robot/ground_plane_estimator/src/ground_plane_estimator_node.cpp:15:140:[m[K [01;31m[Kerror: [m[K‘[01m[K_1[m[K’ was not declared in this scope
[1.137s]  scription<std_msgs::msg::String>("topic", 10, std::bind(&GroundPlaneEstimatorNode::topic_callback, this, [01;31m[K_1[m[K));
[1.137s]                                                                                                           [01;31m[K^~[m[K
[1.138s] [01m[K/home/turgay/dev_ws/src/ros2_robot/ground_plane_estimator/src/ground_plane_estimator_node.cpp:15:140:[m[K [01;36m[Knote: [m[Ksuggested alternative:
[1.138s] In file included from [01m[K/home/turgay/dev_ws/src/ros2_robot/ground_plane_estimator/src/ground_plane_estimator_node.cpp:3:0[m[K:
[1.138s] [01m[K/usr/include/c++/7/functional:275:34:[m[K [01;36m[Knote: [m[K  ‘[01m[Kstd::placeholders::_1[m[K’
[1.138s]      extern const _Placeholder<1> [01;36m[K_1[m[K;
[1.138s]                                   [01;36m[K^~[m[K
[1.172s] [01m[K/home/turgay/dev_ws/src/ros2_robot/ground_plane_estimator/src/ground_plane_estimator_node.cpp:[m[K At global scope:
[1.172s] [01m[K/home/turgay/dev_ws/src/ros2_robot/ground_plane_estimator/src/ground_plane_estimator_node.cpp:28:6:[m[K [01;31m[Kerror: [m[Kprototype for ‘[01m[Kvoid GroundPlaneEstimatorNode::topic_callback(std_msgs::msg::String_<std::allocator<void> >::SharedPtr) const[m[K’ does not match any in class ‘[01m[KGroundPlaneEstimatorNode[m[K’
[1.173s]  void [01;31m[KGroundPlaneEstimatorNode[m[K::topic_callback(const std_msgs::msg::String::SharedPtr msg) const
[1.173s]       [01;31m[K^~~~~~~~~~~~~~~~~~~~~~~~[m[K
[1.173s] In file included from [01m[K/home/turgay/dev_ws/src/ros2_robot/ground_plane_estimator/src/ground_plane_estimator_node.cpp:7:0[m[K:
[1.173s] [01m[K/home/turgay/dev_ws/src/ros2_robot/ground_plane_estimator/include/ground_plane_estimator/ground_plane_estimator_node.hpp:34:10:[m[K [01;31m[Kerror: [m[Kcandidate is: void GroundPlaneEstimatorNode::topic_callback(std_msgs::msg::String_<std::allocator<void> >::SharedPtr)
[1.173s]      void [01;31m[Ktopic_callback[m[K(const std_msgs::msg::String::SharedPtr msg);
[1.173s]           [01;31m[K^~~~~~~~~~~~~~[m[K
[1.572s] CMakeFiles/ground_plane_estimator_node.dir/build.make:62: recipe for target 'CMakeFiles/ground_plane_estimator_node.dir/src/ground_plane_estimator_node.cpp.o' failed
[1.572s] make[2]: *** [CMakeFiles/ground_plane_estimator_node.dir/src/ground_plane_estimator_node.cpp.o] Error 1
[1.573s] CMakeFiles/Makefile2:67: recipe for target 'CMakeFiles/ground_plane_estimator_node.dir/all' failed
[1.573s] make[1]: *** [CMakeFiles/ground_plane_estimator_node.dir/all] Error 2
[1.573s] make: *** [all] Error 2
[1.573s] Makefile:140: recipe for target 'all' failed
[1.575s] Invoked command in '/home/turgay/dev_ws/src/ros2_robot/build/ground_plane_estimator' returned '2': CMAKE_PREFIX_PATH=${CMAKE_PREFIX_PATH}:/home/turgay/dev_ws/src/ros2_robot/install/simple_gps:/home/turgay/dev_ws/src/ros2_robot/install/remote_control:/opt/robot_devkit/tools/rdk_perf:/opt/robot_devkit/perception/handeye_dashboard:/opt/robot_devkit/perception/handeye:/opt/robot_devkit/perception/criutils:/opt/robot_devkit/perception/baldor:/opt/ros/dashing /usr/bin/cmake --build /home/turgay/dev_ws/src/ros2_robot/build/ground_plane_estimator -- -j12 -l12
