[0.000000] (-) TimerEvent: {}
[0.000289] (-) JobUnselected: {'identifier': 'realsense_t265_node'}
[0.001170] (-) JobUnselected: {'identifier': 'realsense_t265_ros'}
[0.001276] (-) JobUnselected: {'identifier': 'remote_control'}
[0.001709] (-) JobUnselected: {'identifier': 'simple_gps'}
[0.001862] (ground_plane_estimator) JobQueued: {'identifier': 'ground_plane_estimator', 'dependencies': OrderedDict()}
[0.001940] (ground_plane_estimator) JobStarted: {'identifier': 'ground_plane_estimator'}
[0.020025] (ground_plane_estimator) JobProgress: {'identifier': 'ground_plane_estimator', 'progress': 'cmake'}
[0.021073] (ground_plane_estimator) JobProgress: {'identifier': 'ground_plane_estimator', 'progress': 'build'}
[0.021961] (ground_plane_estimator) Command: {'cmd': ['/usr/bin/cmake', '--build', '/home/turgay/dev_ws/src/ros2_robot/build/ground_plane_estimator', '--', '-j12', '-l12'], 'cwd': '/home/turgay/dev_ws/src/ros2_robot/build/ground_plane_estimator', 'env': OrderedDict([('GJS_DEBUG_TOPICS', 'JS ERROR;JS LOG'), ('LESSOPEN', '| /usr/bin/lesspipe %s'), ('USER', 'turgay'), ('LIBVA_DRIVERS_PATH', '/opt/intel/mediasdk/lib64'), ('TEXTDOMAIN', 'im-config'), ('XDG_SEAT', 'seat0'), ('SSH_AGENT_PID', '1818'), ('XDG_SESSION_TYPE', 'x11'), ('SHLVL', '2'), ('LD_LIBRARY_PATH', '/opt/robot_devkit/tools/rtmonitor/lib:/opt/robot_devkit/tools/rtmonitor_msgs/lib:/opt/robot_devkit/tools/perf_msgs/lib:/opt/robot_devkit/perception/dynamic_vino_lib/lib:/opt/robot_devkit/perception/vino_param_lib/lib:/opt/robot_devkit/perception/robot_interface/lib:/opt/robot_devkit/perception/realsense_ros/lib:/opt/robot_devkit/perception/realsense_msgs/lib:/opt/robot_devkit/perception/pipeline_srv_msgs/lib:/opt/robot_devkit/perception/grasp_ros2/lib:/opt/robot_devkit/perception/people_msgs/lib:/opt/robot_devkit/perception/object_analytics_node/lib:/opt/robot_devkit/perception/object_analytics_msgs/lib:/opt/robot_devkit/perception/moveit_msgs/lib:/opt/robot_devkit/perception/handeye_tf_service/lib:/opt/robot_devkit/perception/grasp_msgs/lib:/opt/ros/dashing/opt/yaml_cpp_vendor/lib:/opt/ros/dashing/opt/rviz_ogre_vendor/lib:/opt/ros/dashing/lib'), ('QT4_IM_MODULE', 'xim'), ('HOME', '/home/turgay'), ('CHROME_DESKTOP', 'code-url-handler.desktop'), ('DESKTOP_SESSION', 'ubuntu'), ('TERM_PROGRAM_VERSION', '1.44.2'), ('GIO_LAUNCHED_DESKTOP_FILE', '/var/lib/snapd/desktop/applications/code_code.desktop'), ('GNOME_SHELL_SESSION_MODE', 'ubuntu'), ('GTK_MODULES', 'gail:atk-bridge'), ('APPLICATION_INSIGHTS_NO_DIAGNOSTIC_CHANNEL', 'true'), ('ROS_PYTHON_VERSION', '3'), ('DBUS_SESSION_BUS_ADDRESS', 'unix:path=/run/user/1000/bus'), ('GIO_LAUNCHED_DESKTOP_FILE_PID', '4752'), ('COLORTERM', 'truecolor'), ('IM_CONFIG_PHASE', '2'), ('COLCON_PREFIX_PATH', '/opt/robot_devkit/tools:/opt/robot_devkit/perception'), ('ROS_DISTRO', 'dashing'), ('LOGNAME', 'turgay'), ('GTK_IM_MODULE', 'ibus'), ('_', '/snap/code/31/usr/share/code/code'), ('ROS_VERSION', '2'), ('USERNAME', 'turgay'), ('XDG_SESSION_ID', '1'), ('TERM', 'xterm-256color'), ('GNOME_DESKTOP_SESSION_ID', 'this-is-deprecated'), ('WINDOWPATH', '1'), ('PATH', '/home/turgay/.local/bin:/opt/robot_devkit/perception/recognize_pick/bin:/opt/robot_devkit/perception/random_pick/bin:/opt/robot_devkit/perception/fixed_position_pick/bin:/opt/robot_devkit/perception/draw_x/bin:/opt/robot_devkit/perception/realsense_node/bin:/opt/robot_devkit/perception/grasp_ros2/bin:/opt/robot_devkit/perception/handeye_dashboard/bin:/opt/ros/dashing/bin:/home/turgay/.local/bin:/usr/local/sbin:/usr/local/bin:/usr/sbin:/usr/bin:/sbin:/bin:/usr/games:/usr/local/games:/snap/bin:/home/turgay/.dotnet/tools:/home/turgay/.dotnet/tools'), ('SESSION_MANAGER', 'local/turgaydesktop:@/tmp/.ICE-unix/1671,unix/turgaydesktop:/tmp/.ICE-unix/1671'), ('XDG_MENU_PREFIX', 'gnome-'), ('BAMF_DESKTOP_FILE_HINT', '/var/lib/snapd/desktop/applications/code_code.desktop'), ('XDG_RUNTIME_DIR', '/run/user/1000/snap.code'), ('DISPLAY', ':0'), ('LANG', 'en_US.UTF-8'), ('XDG_CURRENT_DESKTOP', 'Unity'), ('LIBVA_DRIVER_NAME', 'iHD'), ('XDG_SESSION_DESKTOP', 'ubuntu'), ('XMODIFIERS', '@im=ibus'), ('XAUTHORITY', '/run/user/1000/gdm/Xauthority'), ('TERM_PROGRAM', 'vscode'), ('SSH_AUTH_SOCK', '/run/user/1000/keyring/ssh'), ('GSETTINGS_SCHEMA_DIR', '/snap/code/31/usr/share/glib-2.0/schemas'), ('MFX_HOME', '/opt/intel/mediasdk'), ('AMENT_PREFIX_PATH', '/opt/robot_devkit/tools/rtmonitor_test:/opt/robot_devkit/tools/rtmonitor:/opt/robot_devkit/tools/rtmonitor_msgs:/opt/robot_devkit/tools/rdk_perf:/opt/robot_devkit/tools/perf_msgs:/opt/robot_devkit/perception/dynamic_vino_sample:/opt/robot_devkit/perception/dynamic_vino_lib:/opt/robot_devkit/perception/vino_param_lib:/opt/robot_devkit/perception/ur_description:/opt/robot_devkit/perception/recognize_pick:/opt/robot_devkit/perception/random_pick:/opt/robot_devkit/perception/fixed_position_pick:/opt/robot_devkit/perception/draw_x:/opt/robot_devkit/perception/robot_interface:/opt/robot_devkit/perception/realsense_examples:/opt/robot_devkit/perception/realsense_node:/opt/robot_devkit/perception/realsense_ros:/opt/robot_devkit/perception/realsense_msgs:/opt/robot_devkit/perception/pipeline_srv_msgs:/opt/robot_devkit/perception/grasp_ros2:/opt/robot_devkit/perception/people_msgs:/opt/robot_devkit/perception/object_analytics_rviz:/opt/robot_devkit/perception/object_analytics_node:/opt/robot_devkit/perception/object_analytics_msgs:/opt/robot_devkit/perception/moveit_msgs:/opt/robot_devkit/perception/handeye_tf_service:/opt/robot_devkit/perception/handeye_target_detection:/opt/robot_devkit/perception/handeye_dashboard:/opt/robot_devkit/perception/handeye:/opt/robot_devkit/perception/grasp_tutorials:/opt/robot_devkit/perception/grasp_msgs:/opt/robot_devkit/perception/criutils:/opt/robot_devkit/perception/baldor:/opt/ros/dashing'), ('DISABLE_WAYLAND', '1'), ('SHELL', '/bin/bash'), ('GDK_PIXBUF_MODULEDIR', '/snap/code/31/usr/lib/x86_64-linux-gnu/gdk-pixbuf-2.0/2.10.0/loaders'), ('QT_ACCESSIBILITY', '1'), ('GDMSESSION', 'ubuntu'), ('LESSCLOSE', '/usr/bin/lesspipe %s %s'), ('TEXTDOMAINDIR', '/usr/share/locale/'), ('GJS_DEBUG_OUTPUT', 'stderr'), ('GDK_PIXBUF_MODULE_FILE', '/home/turgay/snap/code/common/.cache/gdk-pixbuf-loaders.cache'), ('GPG_AGENT_INFO', '/run/user/1000/gnupg/S.gpg-agent:0:1'), ('XDG_VTNR', '1'), ('QT_IM_MODULE', 'ibus'), ('LC_ALL', 'en_US.UTF-8'), ('PWD', '/home/turgay/dev_ws/src/ros2_robot/build/ground_plane_estimator'), ('CLUTTER_IM_MODULE', 'xim'), ('XDG_DATA_DIRS', '/usr/share/ubuntu:/usr/local/share/:/usr/share/:/var/lib/snapd/desktop'), ('XDG_CONFIG_DIRS', '/etc/xdg/xdg-ubuntu:/etc/xdg'), ('PYTHONPATH', '/opt/robot_devkit/tools/rtmonitor_msgs/lib/python3.6/site-packages:/opt/robot_devkit/tools/rdk_perf/lib/python3.6/site-packages:/opt/robot_devkit/tools/perf_msgs/lib/python3.6/site-packages:/opt/robot_devkit/perception/realsense_msgs/lib/python3.6/site-packages:/opt/robot_devkit/perception/pipeline_srv_msgs/lib/python3.6/site-packages:/opt/robot_devkit/perception/people_msgs/lib/python3.6/site-packages:/opt/robot_devkit/perception/object_analytics_msgs/lib/python3.6/site-packages:/opt/robot_devkit/perception/moveit_msgs/lib/python3.6/site-packages:/opt/robot_devkit/perception/handeye_tf_service/lib/python3.6/site-packages:/opt/robot_devkit/perception/handeye_dashboard/lib/python3.6/site-packages:/opt/robot_devkit/perception/handeye/lib/python3.6/site-packages:/opt/robot_devkit/perception/grasp_msgs/lib/python3.6/site-packages:/opt/robot_devkit/perception/criutils/lib/python3.6/site-packages:/opt/robot_devkit/perception/baldor/lib/python3.6/site-packages:/opt/ros/dashing/lib/python3.6/site-packages'), ('CMAKE_PREFIX_PATH', '/opt/robot_devkit/tools/rtmonitor_test:/opt/robot_devkit/tools/rtmonitor:/opt/robot_devkit/tools/rtmonitor_msgs:/opt/robot_devkit/tools/perf_msgs:/opt/robot_devkit/perception/dynamic_vino_sample:/opt/robot_devkit/perception/dynamic_vino_lib:/opt/robot_devkit/perception/vino_param_lib:/opt/robot_devkit/perception/ur_description:/opt/robot_devkit/perception/recognize_pick:/opt/robot_devkit/perception/random_pick:/opt/robot_devkit/perception/fixed_position_pick:/opt/robot_devkit/perception/draw_x:/opt/robot_devkit/perception/robot_interface:/opt/robot_devkit/perception/realsense_examples:/opt/robot_devkit/perception/realsense_node:/opt/robot_devkit/perception/realsense_ros:/opt/robot_devkit/perception/realsense_msgs:/opt/robot_devkit/perception/pipeline_srv_msgs:/opt/robot_devkit/perception/grasp_ros2:/opt/robot_devkit/perception/people_msgs:/opt/robot_devkit/perception/object_analytics_rviz:/opt/robot_devkit/perception/object_analytics_node:/opt/robot_devkit/perception/object_analytics_msgs:/opt/robot_devkit/perception/moveit_msgs:/opt/robot_devkit/perception/handeye_tf_service:/opt/robot_devkit/perception/handeye_target_detection:/opt/robot_devkit/perception/grasp_tutorials:/opt/robot_devkit/perception/grasp_msgs:/opt/robot_devkit/tools/rdk_perf:/opt/robot_devkit/perception/handeye_dashboard:/opt/robot_devkit/perception/handeye:/opt/robot_devkit/perception/criutils:/opt/robot_devkit/perception/baldor:/opt/ros/dashing')]), 'shell': False}
[0.099027] (-) TimerEvent: {}
[0.105130] (ground_plane_estimator) StdoutLine: {'line': b'\x1b[35m\x1b[1mScanning dependencies of target ground_plane_estimator_node\x1b[0m\n'}
[0.150780] (ground_plane_estimator) StdoutLine: {'line': b'[ 50%] \x1b[32mBuilding CXX object CMakeFiles/ground_plane_estimator_node.dir/src/ground_plane_estimator_node.cpp.o\x1b[0m\n'}
[0.199192] (-) TimerEvent: {}
[0.299674] (-) TimerEvent: {}
[0.400166] (-) TimerEvent: {}
[0.500663] (-) TimerEvent: {}
[0.601123] (-) TimerEvent: {}
[0.701612] (-) TimerEvent: {}
[0.802072] (-) TimerEvent: {}
[0.902603] (-) TimerEvent: {}
[1.003093] (-) TimerEvent: {}
[1.103578] (-) TimerEvent: {}
[1.204066] (-) TimerEvent: {}
[1.304553] (-) TimerEvent: {}
[1.405049] (-) TimerEvent: {}
[1.505578] (-) TimerEvent: {}
[1.571074] (ground_plane_estimator) StderrLine: {'line': b'\x1b[01m\x1b[K/home/turgay/dev_ws/src/ros2_robot/ground_plane_estimator/src/ground_plane_estimator_node.cpp:\x1b[m\x1b[K In member function \xe2\x80\x98\x1b[01m\x1b[Kvoid GroundPlaneEstimatorNode::imageColorEdgeDetection(const ConstSharedPtr&, const ConstSharedPtr&)\x1b[m\x1b[K\xe2\x80\x99:\n'}
[1.571508] (ground_plane_estimator) StderrLine: {'line': b'\x1b[01m\x1b[K/home/turgay/dev_ws/src/ros2_robot/ground_plane_estimator/src/ground_plane_estimator_node.cpp:75:3:\x1b[m\x1b[K \x1b[01;31m\x1b[Kerror: \x1b[m\x1b[K\xe2\x80\x98\x1b[01m\x1b[Kimage_pub_\x1b[m\x1b[K\xe2\x80\x99 was not declared in this scope\n'}
[1.571762] (ground_plane_estimator) StderrLine: {'line': b'   \x1b[01;31m\x1b[Kimage_pub_\x1b[m\x1b[K.publish( cv_ptr->toImageMsg() );\n'}
[1.571980] (ground_plane_estimator) StderrLine: {'line': b'   \x1b[01;31m\x1b[K^~~~~~~~~~\x1b[m\x1b[K\n'}
[1.574911] (ground_plane_estimator) StderrLine: {'line': b'\x1b[01m\x1b[K/home/turgay/dev_ws/src/ros2_robot/ground_plane_estimator/src/ground_plane_estimator_node.cpp:75:3:\x1b[m\x1b[K \x1b[01;36m\x1b[Knote: \x1b[m\x1b[Ksuggested alternative: \xe2\x80\x98\x1b[01m\x1b[KimageAcuting\x1b[m\x1b[K\xe2\x80\x99\n'}
[1.575291] (ground_plane_estimator) StderrLine: {'line': b'   \x1b[01;36m\x1b[Kimage_pub_\x1b[m\x1b[K.publish( cv_ptr->toImageMsg() );\n'}
[1.575528] (ground_plane_estimator) StderrLine: {'line': b'   \x1b[01;36m\x1b[K^~~~~~~~~~\x1b[m\x1b[K\n'}
[1.575757] (ground_plane_estimator) StderrLine: {'line': b'   \x1b[32m\x1b[KimageAcuting\x1b[m\x1b[K\n'}
[1.575970] (ground_plane_estimator) StderrLine: {'line': b'\x1b[01m\x1b[K/home/turgay/dev_ws/src/ros2_robot/ground_plane_estimator/src/ground_plane_estimator_node.cpp:55:162:\x1b[m\x1b[K \x1b[01;35m\x1b[Kwarning: \x1b[m\x1b[Kunused parameter \xe2\x80\x98\x1b[01m\x1b[Kpoint_msg\x1b[m\x1b[K\xe2\x80\x99 [\x1b[01;35m\x1b[K-Wunused-parameter\x1b[m\x1b[K]\n'}
[1.576184] (ground_plane_estimator) StderrLine: {'line': b' nsor_msgs::msg::Image::ConstSharedPtr& msg, const sensor_msgs::msg::PointCloud2::ConstSharedPtr & \x1b[01;35m\x1b[Kpoint_msg\x1b[m\x1b[K) {\n'}
[1.576394] (ground_plane_estimator) StderrLine: {'line': b'                                                                                                   \x1b[01;35m\x1b[K^~~~~~~~~\x1b[m\x1b[K\n'}
[1.580229] (ground_plane_estimator) StderrLine: {'line': b'\x1b[01m\x1b[K/home/turgay/dev_ws/src/ros2_robot/ground_plane_estimator/src/ground_plane_estimator_node.cpp:\x1b[m\x1b[K In member function \xe2\x80\x98\x1b[01m\x1b[Kvoid GroundPlaneEstimatorNode::sidewalkEdgePicking(std::vector<cv::Vec<int, 4> >)\x1b[m\x1b[K\xe2\x80\x99:\n'}
[1.580614] (ground_plane_estimator) StderrLine: {'line': b'\x1b[01m\x1b[K/home/turgay/dev_ws/src/ros2_robot/ground_plane_estimator/src/ground_plane_estimator_node.cpp:105:19:\x1b[m\x1b[K \x1b[01;31m\x1b[Kerror: \x1b[m\x1b[K\xe2\x80\x98\x1b[01m\x1b[KWIDTH\x1b[m\x1b[K\xe2\x80\x99 was not declared in this scope\n'}
[1.580883] (ground_plane_estimator) StderrLine: {'line': b'     double lmin = \x1b[01;31m\x1b[KWIDTH\x1b[m\x1b[K/2, rmax = WIDTH/2;\n'}
[1.581101] (ground_plane_estimator) StderrLine: {'line': b'                   \x1b[01;31m\x1b[K^~~~~\x1b[m\x1b[K\n'}
[1.582533] (ground_plane_estimator) StderrLine: {'line': b'\x1b[01m\x1b[K/home/turgay/dev_ws/src/ros2_robot/ground_plane_estimator/src/ground_plane_estimator_node.cpp:114:31:\x1b[m\x1b[K \x1b[01;31m\x1b[Kerror: \x1b[m\x1b[K\xe2\x80\x98\x1b[01m\x1b[KHEIGHT\x1b[m\x1b[K\xe2\x80\x99 was not declared in this scope\n'}
[1.582779] (ground_plane_estimator) StderrLine: {'line': b'                 double x21 = (\x1b[01;31m\x1b[KHEIGHT\x1b[m\x1b[K/2 - b) / tan(alpha);\n'}
[1.582985] (ground_plane_estimator) StderrLine: {'line': b'                               \x1b[01;31m\x1b[K^~~~~~\x1b[m\x1b[K\n'}
[1.584011] (ground_plane_estimator) StderrLine: {'line': b'\x1b[01m\x1b[K/home/turgay/dev_ws/src/ros2_robot/ground_plane_estimator/src/ground_plane_estimator_node.cpp:116:27:\x1b[m\x1b[K \x1b[01;31m\x1b[Kerror: \x1b[m\x1b[K\xe2\x80\x98\x1b[01m\x1b[Krmax\x1b[m\x1b[K\xe2\x80\x99 was not declared in this scope\n'}
[1.584320] (ground_plane_estimator) StderrLine: {'line': b'                 if (x21 < \x1b[01;31m\x1b[Krmax\x1b[m\x1b[K) {\n'}
[1.584682] (ground_plane_estimator) StderrLine: {'line': b'                           \x1b[01;31m\x1b[K^~~~\x1b[m\x1b[K\n'}
[1.584905] (ground_plane_estimator) StderrLine: {'line': b'\x1b[01m\x1b[K/home/turgay/dev_ws/src/ros2_robot/ground_plane_estimator/src/ground_plane_estimator_node.cpp:116:27:\x1b[m\x1b[K \x1b[01;36m\x1b[Knote: \x1b[m\x1b[Ksuggested alternative: \xe2\x80\x98\x1b[01m\x1b[Kfmax\x1b[m\x1b[K\xe2\x80\x99\n'}
[1.585308] (ground_plane_estimator) StderrLine: {'line': b'                 if (x21 < \x1b[01;36m\x1b[Krmax\x1b[m\x1b[K) {\n'}
[1.585547] (ground_plane_estimator) StderrLine: {'line': b'                           \x1b[01;36m\x1b[K^~~~\x1b[m\x1b[K\n'}
[1.585766] (ground_plane_estimator) StderrLine: {'line': b'                           \x1b[32m\x1b[Kfmax\x1b[m\x1b[K\n'}
[1.586073] (ground_plane_estimator) StderrLine: {'line': b'\x1b[01m\x1b[K/home/turgay/dev_ws/src/ros2_robot/ground_plane_estimator/src/ground_plane_estimator_node.cpp:119:17:\x1b[m\x1b[K \x1b[01;31m\x1b[Kerror: \x1b[m\x1b[K\xe2\x80\x98\x1b[01m\x1b[Krmax\x1b[m\x1b[K\xe2\x80\x99 was not declared in this scope\n'}
[1.586289] (ground_plane_estimator) StderrLine: {'line': b'                 \x1b[01;31m\x1b[Krmax\x1b[m\x1b[K = x21;\n'}
[1.586496] (ground_plane_estimator) StderrLine: {'line': b'                 \x1b[01;31m\x1b[K^~~~\x1b[m\x1b[K\n'}
[1.586700] (ground_plane_estimator) StderrLine: {'line': b'\x1b[01m\x1b[K/home/turgay/dev_ws/src/ros2_robot/ground_plane_estimator/src/ground_plane_estimator_node.cpp:119:17:\x1b[m\x1b[K \x1b[01;36m\x1b[Knote: \x1b[m\x1b[Ksuggested alternative: \xe2\x80\x98\x1b[01m\x1b[Kfmax\x1b[m\x1b[K\xe2\x80\x99\n'}
[1.587022] (ground_plane_estimator) StderrLine: {'line': b'                 \x1b[01;36m\x1b[Krmax\x1b[m\x1b[K = x21;\n'}
[1.587274] (ground_plane_estimator) StderrLine: {'line': b'                 \x1b[01;36m\x1b[K^~~~\x1b[m\x1b[K\n'}
[1.587551] (ground_plane_estimator) StderrLine: {'line': b'                 \x1b[32m\x1b[Kfmax\x1b[m\x1b[K\n'}
[1.587851] (ground_plane_estimator) StderrLine: {'line': b'\x1b[01m\x1b[K/home/turgay/dev_ws/src/ros2_robot/ground_plane_estimator/src/ground_plane_estimator_node.cpp:120:17:\x1b[m\x1b[K \x1b[01;31m\x1b[Kerror: \x1b[m\x1b[K\xe2\x80\x98\x1b[01m\x1b[Krp_x2\x1b[m\x1b[K\xe2\x80\x99 was not declared in this scope\n'}
[1.588117] (ground_plane_estimator) StderrLine: {'line': b'                 \x1b[01;31m\x1b[Krp_x2\x1b[m\x1b[K = x21;\n'}
[1.588327] (ground_plane_estimator) StderrLine: {'line': b'                 \x1b[01;31m\x1b[K^~~~~\x1b[m\x1b[K\n'}
[1.588695] (ground_plane_estimator) StderrLine: {'line': b'\x1b[01m\x1b[K/home/turgay/dev_ws/src/ros2_robot/ground_plane_estimator/src/ground_plane_estimator_node.cpp:121:17:\x1b[m\x1b[K \x1b[01;31m\x1b[Kerror: \x1b[m\x1b[K\xe2\x80\x98\x1b[01m\x1b[Krp_y2\x1b[m\x1b[K\xe2\x80\x99 was not declared in this scope\n'}
[1.588955] (ground_plane_estimator) StderrLine: {'line': b'                 \x1b[01;31m\x1b[Krp_y2\x1b[m\x1b[K = y21;\n'}
[1.589180] (ground_plane_estimator) StderrLine: {'line': b'                 \x1b[01;31m\x1b[K^~~~~\x1b[m\x1b[K\n'}
[1.589514] (ground_plane_estimator) StderrLine: {'line': b'\x1b[01m\x1b[K/home/turgay/dev_ws/src/ros2_robot/ground_plane_estimator/src/ground_plane_estimator_node.cpp:123:21:\x1b[m\x1b[K \x1b[01;31m\x1b[Kerror: \x1b[m\x1b[K\xe2\x80\x98\x1b[01m\x1b[Krp_x1\x1b[m\x1b[K\xe2\x80\x99 was not declared in this scope\n'}
[1.589774] (ground_plane_estimator) StderrLine: {'line': b'                     \x1b[01;31m\x1b[Krp_x1\x1b[m\x1b[K = WIDTH;\n'}
[1.589980] (ground_plane_estimator) StderrLine: {'line': b'                     \x1b[01;31m\x1b[K^~~~~\x1b[m\x1b[K\n'}
[1.590473] (ground_plane_estimator) StderrLine: {'line': b'\x1b[01m\x1b[K/home/turgay/dev_ws/src/ros2_robot/ground_plane_estimator/src/ground_plane_estimator_node.cpp:124:21:\x1b[m\x1b[K \x1b[01;31m\x1b[Kerror: \x1b[m\x1b[K\xe2\x80\x98\x1b[01m\x1b[Krp_y1\x1b[m\x1b[K\xe2\x80\x99 was not declared in this scope\n'}
[1.590714] (ground_plane_estimator) StderrLine: {'line': b'                     \x1b[01;31m\x1b[Krp_y1\x1b[m\x1b[K = tan(alpha) * rp_x1 + b;\n'}
[1.590952] (ground_plane_estimator) StderrLine: {'line': b'                     \x1b[01;31m\x1b[K^~~~~\x1b[m\x1b[K\n'}
[1.591222] (ground_plane_estimator) StderrLine: {'line': b'\x1b[01m\x1b[K/home/turgay/dev_ws/src/ros2_robot/ground_plane_estimator/src/ground_plane_estimator_node.cpp:124:21:\x1b[m\x1b[K \x1b[01;36m\x1b[Knote: \x1b[m\x1b[Ksuggested alternative: \xe2\x80\x98\x1b[01m\x1b[K__y1\x1b[m\x1b[K\xe2\x80\x99\n'}
[1.591478] (ground_plane_estimator) StderrLine: {'line': b'                     \x1b[01;36m\x1b[Krp_y1\x1b[m\x1b[K = tan(alpha) * rp_x1 + b;\n'}
[1.591696] (ground_plane_estimator) StderrLine: {'line': b'                     \x1b[01;36m\x1b[K^~~~~\x1b[m\x1b[K\n'}
[1.592009] (ground_plane_estimator) StderrLine: {'line': b'                     \x1b[32m\x1b[K__y1\x1b[m\x1b[K\n'}
[1.592270] (ground_plane_estimator) StderrLine: {'line': b'\x1b[01m\x1b[K/home/turgay/dev_ws/src/ros2_robot/ground_plane_estimator/src/ground_plane_estimator_node.cpp:126:21:\x1b[m\x1b[K \x1b[01;31m\x1b[Kerror: \x1b[m\x1b[K\xe2\x80\x98\x1b[01m\x1b[Krp_x1\x1b[m\x1b[K\xe2\x80\x99 was not declared in this scope\n'}
[1.592511] (ground_plane_estimator) StderrLine: {'line': b'                     \x1b[01;31m\x1b[Krp_x1\x1b[m\x1b[K = (HEIGHT - b) / tan(alpha);\n'}
[1.592823] (ground_plane_estimator) StderrLine: {'line': b'                     \x1b[01;31m\x1b[K^~~~~\x1b[m\x1b[K\n'}
[1.593060] (ground_plane_estimator) StderrLine: {'line': b'\x1b[01m\x1b[K/home/turgay/dev_ws/src/ros2_robot/ground_plane_estimator/src/ground_plane_estimator_node.cpp:127:21:\x1b[m\x1b[K \x1b[01;31m\x1b[Kerror: \x1b[m\x1b[K\xe2\x80\x98\x1b[01m\x1b[Krp_y1\x1b[m\x1b[K\xe2\x80\x99 was not declared in this scope\n'}
[1.593338] (ground_plane_estimator) StderrLine: {'line': b'                     \x1b[01;31m\x1b[Krp_y1\x1b[m\x1b[K = HEIGHT;\n'}
[1.593660] (ground_plane_estimator) StderrLine: {'line': b'                     \x1b[01;31m\x1b[K^~~~~\x1b[m\x1b[K\n'}
[1.593920] (ground_plane_estimator) StderrLine: {'line': b'\x1b[01m\x1b[K/home/turgay/dev_ws/src/ros2_robot/ground_plane_estimator/src/ground_plane_estimator_node.cpp:127:21:\x1b[m\x1b[K \x1b[01;36m\x1b[Knote: \x1b[m\x1b[Ksuggested alternative: \xe2\x80\x98\x1b[01m\x1b[K__y1\x1b[m\x1b[K\xe2\x80\x99\n'}
[1.594144] (ground_plane_estimator) StderrLine: {'line': b'                     \x1b[01;36m\x1b[Krp_y1\x1b[m\x1b[K = HEIGHT;\n'}
[1.594376] (ground_plane_estimator) StderrLine: {'line': b'                     \x1b[01;36m\x1b[K^~~~~\x1b[m\x1b[K\n'}
[1.594742] (ground_plane_estimator) StderrLine: {'line': b'                     \x1b[32m\x1b[K__y1\x1b[m\x1b[K\n'}
[1.594985] (ground_plane_estimator) StderrLine: {'line': b'\x1b[01m\x1b[K/home/turgay/dev_ws/src/ros2_robot/ground_plane_estimator/src/ground_plane_estimator_node.cpp:113:24:\x1b[m\x1b[K \x1b[01;35m\x1b[Kwarning: \x1b[m\x1b[Kunused variable \xe2\x80\x98\x1b[01m\x1b[Kx11\x1b[m\x1b[K\xe2\x80\x99 [\x1b[01;35m\x1b[K-Wunused-variable\x1b[m\x1b[K]\n'}
[1.595428] (ground_plane_estimator) StderrLine: {'line': b'                 double \x1b[01;35m\x1b[Kx11\x1b[m\x1b[K, y11;\n'}
[1.595656] (ground_plane_estimator) StderrLine: {'line': b'                        \x1b[01;35m\x1b[K^~~\x1b[m\x1b[K\n'}
[1.595758] (ground_plane_estimator) StderrLine: {'line': b'\x1b[01m\x1b[K/home/turgay/dev_ws/src/ros2_robot/ground_plane_estimator/src/ground_plane_estimator_node.cpp:113:29:\x1b[m\x1b[K \x1b[01;35m\x1b[Kwarning: \x1b[m\x1b[Kunused variable \xe2\x80\x98\x1b[01m\x1b[Ky11\x1b[m\x1b[K\xe2\x80\x99 [\x1b[01;35m\x1b[K-Wunused-variable\x1b[m\x1b[K]\n'}
[1.595847] (ground_plane_estimator) StderrLine: {'line': b'                 double x11, \x1b[01;35m\x1b[Ky11\x1b[m\x1b[K;\n'}
[1.595927] (ground_plane_estimator) StderrLine: {'line': b'                             \x1b[01;35m\x1b[K^~~\x1b[m\x1b[K\n'}
[1.596023] (ground_plane_estimator) StderrLine: {'line': b'\x1b[01m\x1b[K/home/turgay/dev_ws/src/ros2_robot/ground_plane_estimator/src/ground_plane_estimator_node.cpp:133:31:\x1b[m\x1b[K \x1b[01;31m\x1b[Kerror: \x1b[m\x1b[K\xe2\x80\x98\x1b[01m\x1b[KHEIGHT\x1b[m\x1b[K\xe2\x80\x99 was not declared in this scope\n'}
[1.596188] (ground_plane_estimator) StderrLine: {'line': b'                 double x22 = (\x1b[01;31m\x1b[KHEIGHT\x1b[m\x1b[K/2 - b) / tan(alpha);\n'}
[1.596270] (ground_plane_estimator) StderrLine: {'line': b'                               \x1b[01;31m\x1b[K^~~~~~\x1b[m\x1b[K\n'}
[1.596349] (ground_plane_estimator) StderrLine: {'line': b'\x1b[01m\x1b[K/home/turgay/dev_ws/src/ros2_robot/ground_plane_estimator/src/ground_plane_estimator_node.cpp:139:17:\x1b[m\x1b[K \x1b[01;31m\x1b[Kerror: \x1b[m\x1b[K\xe2\x80\x98\x1b[01m\x1b[Klp_x2\x1b[m\x1b[K\xe2\x80\x99 was not declared in this scope\n'}
[1.596434] (ground_plane_estimator) StderrLine: {'line': b'                 \x1b[01;31m\x1b[Klp_x2\x1b[m\x1b[K = x22;\n'}
[1.596514] (ground_plane_estimator) StderrLine: {'line': b'                 \x1b[01;31m\x1b[K^~~~~\x1b[m\x1b[K\n'}
[1.596593] (ground_plane_estimator) StderrLine: {'line': b'\x1b[01m\x1b[K/home/turgay/dev_ws/src/ros2_robot/ground_plane_estimator/src/ground_plane_estimator_node.cpp:140:17:\x1b[m\x1b[K \x1b[01;31m\x1b[Kerror: \x1b[m\x1b[K\xe2\x80\x98\x1b[01m\x1b[Klp_y2\x1b[m\x1b[K\xe2\x80\x99 was not declared in this scope\n'}
[1.596822] (ground_plane_estimator) StderrLine: {'line': b'                 \x1b[01;31m\x1b[Klp_y2\x1b[m\x1b[K = y22;\n'}
[1.596989] (ground_plane_estimator) StderrLine: {'line': b'                 \x1b[01;31m\x1b[K^~~~~\x1b[m\x1b[K\n'}
[1.597072] (ground_plane_estimator) StderrLine: {'line': b'\x1b[01m\x1b[K/home/turgay/dev_ws/src/ros2_robot/ground_plane_estimator/src/ground_plane_estimator_node.cpp:142:21:\x1b[m\x1b[K \x1b[01;31m\x1b[Kerror: \x1b[m\x1b[K\xe2\x80\x98\x1b[01m\x1b[Klp_x1\x1b[m\x1b[K\xe2\x80\x99 was not declared in this scope\n'}
[1.597158] (ground_plane_estimator) StderrLine: {'line': b'                     \x1b[01;31m\x1b[Klp_x1\x1b[m\x1b[K = 0.0;\n'}
[1.597237] (ground_plane_estimator) StderrLine: {'line': b'                     \x1b[01;31m\x1b[K^~~~~\x1b[m\x1b[K\n'}
[1.597315] (ground_plane_estimator) StderrLine: {'line': b'\x1b[01m\x1b[K/home/turgay/dev_ws/src/ros2_robot/ground_plane_estimator/src/ground_plane_estimator_node.cpp:143:21:\x1b[m\x1b[K \x1b[01;31m\x1b[Kerror: \x1b[m\x1b[K\xe2\x80\x98\x1b[01m\x1b[Klp_y1\x1b[m\x1b[K\xe2\x80\x99 was not declared in this scope\n'}
[1.597397] (ground_plane_estimator) StderrLine: {'line': b'                     \x1b[01;31m\x1b[Klp_y1\x1b[m\x1b[K = b;\n'}
[1.597476] (ground_plane_estimator) StderrLine: {'line': b'                     \x1b[01;31m\x1b[K^~~~~\x1b[m\x1b[K\n'}
[1.597569] (ground_plane_estimator) StderrLine: {'line': b'\x1b[01m\x1b[K/home/turgay/dev_ws/src/ros2_robot/ground_plane_estimator/src/ground_plane_estimator_node.cpp:143:21:\x1b[m\x1b[K \x1b[01;36m\x1b[Knote: \x1b[m\x1b[Ksuggested alternative: \xe2\x80\x98\x1b[01m\x1b[K__y1\x1b[m\x1b[K\xe2\x80\x99\n'}
[1.597780] (ground_plane_estimator) StderrLine: {'line': b'                     \x1b[01;36m\x1b[Klp_y1\x1b[m\x1b[K = b;\n'}
[1.597862] (ground_plane_estimator) StderrLine: {'line': b'                     \x1b[01;36m\x1b[K^~~~~\x1b[m\x1b[K\n'}
[1.597940] (ground_plane_estimator) StderrLine: {'line': b'                     \x1b[32m\x1b[K__y1\x1b[m\x1b[K\n'}
[1.598017] (ground_plane_estimator) StderrLine: {'line': b'\x1b[01m\x1b[K/home/turgay/dev_ws/src/ros2_robot/ground_plane_estimator/src/ground_plane_estimator_node.cpp:145:21:\x1b[m\x1b[K \x1b[01;31m\x1b[Kerror: \x1b[m\x1b[K\xe2\x80\x98\x1b[01m\x1b[Klp_x1\x1b[m\x1b[K\xe2\x80\x99 was not declared in this scope\n'}
[1.598095] (ground_plane_estimator) StderrLine: {'line': b'                     \x1b[01;31m\x1b[Klp_x1\x1b[m\x1b[K = (HEIGHT - b) / tan(alpha);\n'}
[1.598174] (ground_plane_estimator) StderrLine: {'line': b'                     \x1b[01;31m\x1b[K^~~~~\x1b[m\x1b[K\n'}
[1.598252] (ground_plane_estimator) StderrLine: {'line': b'\x1b[01m\x1b[K/home/turgay/dev_ws/src/ros2_robot/ground_plane_estimator/src/ground_plane_estimator_node.cpp:146:21:\x1b[m\x1b[K \x1b[01;31m\x1b[Kerror: \x1b[m\x1b[K\xe2\x80\x98\x1b[01m\x1b[Klp_y1\x1b[m\x1b[K\xe2\x80\x99 was not declared in this scope\n'}
[1.598331] (ground_plane_estimator) StderrLine: {'line': b'                     \x1b[01;31m\x1b[Klp_y1\x1b[m\x1b[K = HEIGHT;\n'}
[1.598409] (ground_plane_estimator) StderrLine: {'line': b'                     \x1b[01;31m\x1b[K^~~~~\x1b[m\x1b[K\n'}
[1.598493] (ground_plane_estimator) StderrLine: {'line': b'\x1b[01m\x1b[K/home/turgay/dev_ws/src/ros2_robot/ground_plane_estimator/src/ground_plane_estimator_node.cpp:146:21:\x1b[m\x1b[K \x1b[01;36m\x1b[Knote: \x1b[m\x1b[Ksuggested alternative: \xe2\x80\x98\x1b[01m\x1b[K__y1\x1b[m\x1b[K\xe2\x80\x99\n'}
[1.598588] (ground_plane_estimator) StderrLine: {'line': b'                     \x1b[01;36m\x1b[Klp_y1\x1b[m\x1b[K = HEIGHT;\n'}
[1.598742] (ground_plane_estimator) StderrLine: {'line': b'                     \x1b[01;36m\x1b[K^~~~~\x1b[m\x1b[K\n'}
[1.598821] (ground_plane_estimator) StderrLine: {'line': b'                     \x1b[32m\x1b[K__y1\x1b[m\x1b[K\n'}
[1.598899] (ground_plane_estimator) StderrLine: {'line': b'\x1b[01m\x1b[K/home/turgay/dev_ws/src/ros2_robot/ground_plane_estimator/src/ground_plane_estimator_node.cpp:132:24:\x1b[m\x1b[K \x1b[01;35m\x1b[Kwarning: \x1b[m\x1b[Kunused variable \xe2\x80\x98\x1b[01m\x1b[Kx12\x1b[m\x1b[K\xe2\x80\x99 [\x1b[01;35m\x1b[K-Wunused-variable\x1b[m\x1b[K]\n'}
[1.598979] (ground_plane_estimator) StderrLine: {'line': b'                 double \x1b[01;35m\x1b[Kx12\x1b[m\x1b[K, y12;\n'}
[1.599057] (ground_plane_estimator) StderrLine: {'line': b'                        \x1b[01;35m\x1b[K^~~\x1b[m\x1b[K\n'}
[1.599136] (ground_plane_estimator) StderrLine: {'line': b'\x1b[01m\x1b[K/home/turgay/dev_ws/src/ros2_robot/ground_plane_estimator/src/ground_plane_estimator_node.cpp:132:29:\x1b[m\x1b[K \x1b[01;35m\x1b[Kwarning: \x1b[m\x1b[Kunused variable \xe2\x80\x98\x1b[01m\x1b[Ky12\x1b[m\x1b[K\xe2\x80\x99 [\x1b[01;35m\x1b[K-Wunused-variable\x1b[m\x1b[K]\n'}
[1.599216] (ground_plane_estimator) StderrLine: {'line': b'                 double x12, \x1b[01;35m\x1b[Ky12\x1b[m\x1b[K;\n'}
[1.599294] (ground_plane_estimator) StderrLine: {'line': b'                             \x1b[01;35m\x1b[K^~~\x1b[m\x1b[K\n'}
[1.599429] (ground_plane_estimator) StderrLine: {'line': b'\x1b[01m\x1b[K/home/turgay/dev_ws/src/ros2_robot/ground_plane_estimator/src/ground_plane_estimator_node.cpp:\x1b[m\x1b[K In member function \xe2\x80\x98\x1b[01m\x1b[Kcv_bridge::CvImagePtr GroundPlaneEstimatorNode::showImageWithMark(cv_bridge::CvImagePtr)\x1b[m\x1b[K\xe2\x80\x99:\n'}
[1.599515] (ground_plane_estimator) StderrLine: {'line': b'\x1b[01m\x1b[K/home/turgay/dev_ws/src/ros2_robot/ground_plane_estimator/src/ground_plane_estimator_node.cpp:155:36:\x1b[m\x1b[K \x1b[01;31m\x1b[Kerror: \x1b[m\x1b[K\xe2\x80\x98\x1b[01m\x1b[Klp_y1\x1b[m\x1b[K\xe2\x80\x99 was not declared in this scope\n'}
[1.599596] (ground_plane_estimator) StderrLine: {'line': b'     polygon[0][0] = cv::Point(0.0, \x1b[01;31m\x1b[Klp_y1\x1b[m\x1b[K);\n'}
[1.599695] (ground_plane_estimator) StderrLine: {'line': b'                                    \x1b[01;31m\x1b[K^~~~~\x1b[m\x1b[K\n'}
[1.599778] (ground_plane_estimator) StderrLine: {'line': b'\x1b[01m\x1b[K/home/turgay/dev_ws/src/ros2_robot/ground_plane_estimator/src/ground_plane_estimator_node.cpp:155:36:\x1b[m\x1b[K \x1b[01;36m\x1b[Knote: \x1b[m\x1b[Ksuggested alternative: \xe2\x80\x98\x1b[01m\x1b[K__y1\x1b[m\x1b[K\xe2\x80\x99\n'}
[1.599858] (ground_plane_estimator) StderrLine: {'line': b'     polygon[0][0] = cv::Point(0.0, \x1b[01;36m\x1b[Klp_y1\x1b[m\x1b[K);\n'}
[1.599936] (ground_plane_estimator) StderrLine: {'line': b'                                    \x1b[01;36m\x1b[K^~~~~\x1b[m\x1b[K\n'}
[1.600019] (ground_plane_estimator) StderrLine: {'line': b'                                    \x1b[32m\x1b[K__y1\x1b[m\x1b[K\n'}
[1.600098] (ground_plane_estimator) StderrLine: {'line': b'\x1b[01m\x1b[K/home/turgay/dev_ws/src/ros2_robot/ground_plane_estimator/src/ground_plane_estimator_node.cpp:156:31:\x1b[m\x1b[K \x1b[01;31m\x1b[Kerror: \x1b[m\x1b[K\xe2\x80\x98\x1b[01m\x1b[Klp_x2\x1b[m\x1b[K\xe2\x80\x99 was not declared in this scope\n'}
[1.600176] (ground_plane_estimator) StderrLine: {'line': b'     polygon[0][1] = cv::Point(\x1b[01;31m\x1b[Klp_x2\x1b[m\x1b[K, lp_y2);\n'}
[1.600317] (ground_plane_estimator) StderrLine: {'line': b'                               \x1b[01;31m\x1b[K^~~~~\x1b[m\x1b[K\n'}
[1.600403] (ground_plane_estimator) StderrLine: {'line': b'\x1b[01m\x1b[K/home/turgay/dev_ws/src/ros2_robot/ground_plane_estimator/src/ground_plane_estimator_node.cpp:156:38:\x1b[m\x1b[K \x1b[01;31m\x1b[Kerror: \x1b[m\x1b[K\xe2\x80\x98\x1b[01m\x1b[Klp_y2\x1b[m\x1b[K\xe2\x80\x99 was not declared in this scope\n'}
[1.600489] (ground_plane_estimator) StderrLine: {'line': b'     polygon[0][1] = cv::Point(lp_x2, \x1b[01;31m\x1b[Klp_y2\x1b[m\x1b[K);\n'}
[1.600568] (ground_plane_estimator) StderrLine: {'line': b'                                      \x1b[01;31m\x1b[K^~~~~\x1b[m\x1b[K\n'}
[1.600646] (ground_plane_estimator) StderrLine: {'line': b'\x1b[01m\x1b[K/home/turgay/dev_ws/src/ros2_robot/ground_plane_estimator/src/ground_plane_estimator_node.cpp:157:31:\x1b[m\x1b[K \x1b[01;31m\x1b[Kerror: \x1b[m\x1b[K\xe2\x80\x98\x1b[01m\x1b[Krp_x2\x1b[m\x1b[K\xe2\x80\x99 was not declared in this scope\n'}
[1.600724] (ground_plane_estimator) StderrLine: {'line': b'     polygon[0][2] = cv::Point(\x1b[01;31m\x1b[Krp_x2\x1b[m\x1b[K, rp_y2);\n'}
[1.600802] (ground_plane_estimator) StderrLine: {'line': b'                               \x1b[01;31m\x1b[K^~~~~\x1b[m\x1b[K\n'}
[1.600879] (ground_plane_estimator) StderrLine: {'line': b'\x1b[01m\x1b[K/home/turgay/dev_ws/src/ros2_robot/ground_plane_estimator/src/ground_plane_estimator_node.cpp:157:38:\x1b[m\x1b[K \x1b[01;31m\x1b[Kerror: \x1b[m\x1b[K\xe2\x80\x98\x1b[01m\x1b[Krp_y2\x1b[m\x1b[K\xe2\x80\x99 was not declared in this scope\n'}
[1.600956] (ground_plane_estimator) StderrLine: {'line': b'     polygon[0][2] = cv::Point(rp_x2, \x1b[01;31m\x1b[Krp_y2\x1b[m\x1b[K);\n'}
[1.601038] (ground_plane_estimator) StderrLine: {'line': b'                                      \x1b[01;31m\x1b[K^~~~~\x1b[m\x1b[K\n'}
[1.601178] (ground_plane_estimator) StderrLine: {'line': b'\x1b[01m\x1b[K/home/turgay/dev_ws/src/ros2_robot/ground_plane_estimator/src/ground_plane_estimator_node.cpp:158:31:\x1b[m\x1b[K \x1b[01;31m\x1b[Kerror: \x1b[m\x1b[K\xe2\x80\x98\x1b[01m\x1b[KWIDTH\x1b[m\x1b[K\xe2\x80\x99 was not declared in this scope\n'}
[1.601263] (ground_plane_estimator) StderrLine: {'line': b'     polygon[0][3] = cv::Point(\x1b[01;31m\x1b[KWIDTH\x1b[m\x1b[K, rp_y1);\n'}
[1.601340] (ground_plane_estimator) StderrLine: {'line': b'                               \x1b[01;31m\x1b[K^~~~~\x1b[m\x1b[K\n'}
[1.602107] (ground_plane_estimator) StderrLine: {'line': b'\x1b[01m\x1b[K/home/turgay/dev_ws/src/ros2_robot/ground_plane_estimator/src/ground_plane_estimator_node.cpp:158:38:\x1b[m\x1b[K \x1b[01;31m\x1b[Kerror: \x1b[m\x1b[K\xe2\x80\x98\x1b[01m\x1b[Krp_y1\x1b[m\x1b[K\xe2\x80\x99 was not declared in this scope\n'}
[1.602198] (ground_plane_estimator) StderrLine: {'line': b'     polygon[0][3] = cv::Point(WIDTH, \x1b[01;31m\x1b[Krp_y1\x1b[m\x1b[K);\n'}
[1.602279] (ground_plane_estimator) StderrLine: {'line': b'                                      \x1b[01;31m\x1b[K^~~~~\x1b[m\x1b[K\n'}
[1.602844] (ground_plane_estimator) StderrLine: {'line': b'\x1b[01m\x1b[K/home/turgay/dev_ws/src/ros2_robot/ground_plane_estimator/src/ground_plane_estimator_node.cpp:158:38:\x1b[m\x1b[K \x1b[01;36m\x1b[Knote: \x1b[m\x1b[Ksuggested alternative: \xe2\x80\x98\x1b[01m\x1b[K__y1\x1b[m\x1b[K\xe2\x80\x99\n'}
[1.602931] (ground_plane_estimator) StderrLine: {'line': b'     polygon[0][3] = cv::Point(WIDTH, \x1b[01;36m\x1b[Krp_y1\x1b[m\x1b[K);\n'}
[1.603010] (ground_plane_estimator) StderrLine: {'line': b'                                      \x1b[01;36m\x1b[K^~~~~\x1b[m\x1b[K\n'}
[1.603153] (ground_plane_estimator) StderrLine: {'line': b'                                      \x1b[32m\x1b[K__y1\x1b[m\x1b[K\n'}
[1.603235] (ground_plane_estimator) StderrLine: {'line': b'\x1b[01m\x1b[K/home/turgay/dev_ws/src/ros2_robot/ground_plane_estimator/src/ground_plane_estimator_node.cpp:166:16:\x1b[m\x1b[K \x1b[01;31m\x1b[Kerror: \x1b[m\x1b[K\xe2\x80\x98\x1b[01m\x1b[KOPENCV_WINDOW\x1b[m\x1b[K\xe2\x80\x99 was not declared in this scope\n'}
[1.603316] (ground_plane_estimator) StderrLine: {'line': b'     cv::imshow(\x1b[01;31m\x1b[KOPENCV_WINDOW\x1b[m\x1b[K, cv_ptr->image);\n'}
[1.603395] (ground_plane_estimator) StderrLine: {'line': b'                \x1b[01;31m\x1b[K^~~~~~~~~~~~~\x1b[m\x1b[K\n'}
[1.605625] (-) TimerEvent: {}
[1.607989] (ground_plane_estimator) StderrLine: {'line': b'\x1b[01m\x1b[K/home/turgay/dev_ws/src/ros2_robot/ground_plane_estimator/src/ground_plane_estimator_node.cpp:166:16:\x1b[m\x1b[K \x1b[01;36m\x1b[Knote: \x1b[m\x1b[Ksuggested alternative: \xe2\x80\x98\x1b[01m\x1b[KOPENCV_ERROR\x1b[m\x1b[K\xe2\x80\x99\n'}
[1.608123] (ground_plane_estimator) StderrLine: {'line': b'     cv::imshow(\x1b[01;36m\x1b[KOPENCV_WINDOW\x1b[m\x1b[K, cv_ptr->image);\n'}
[1.608219] (ground_plane_estimator) StderrLine: {'line': b'                \x1b[01;36m\x1b[K^~~~~~~~~~~~~\x1b[m\x1b[K\n'}
[1.608310] (ground_plane_estimator) StderrLine: {'line': b'                \x1b[32m\x1b[KOPENCV_ERROR\x1b[m\x1b[K\n'}
[1.705759] (-) TimerEvent: {}
[1.806108] (-) TimerEvent: {}
[1.906521] (-) TimerEvent: {}
[2.006990] (-) TimerEvent: {}
[2.107476] (-) TimerEvent: {}
[2.207959] (-) TimerEvent: {}
[2.247092] (ground_plane_estimator) StdoutLine: {'line': b"CMakeFiles/ground_plane_estimator_node.dir/build.make:62: recipe for target 'CMakeFiles/ground_plane_estimator_node.dir/src/ground_plane_estimator_node.cpp.o' failed\n"}
[2.247606] (ground_plane_estimator) StderrLine: {'line': b'make[2]: *** [CMakeFiles/ground_plane_estimator_node.dir/src/ground_plane_estimator_node.cpp.o] Error 1\n'}
[2.248022] (ground_plane_estimator) StdoutLine: {'line': b"CMakeFiles/Makefile2:67: recipe for target 'CMakeFiles/ground_plane_estimator_node.dir/all' failed\n"}
[2.248417] (ground_plane_estimator) StderrLine: {'line': b'make[1]: *** [CMakeFiles/ground_plane_estimator_node.dir/all] Error 2\n'}
[2.248641] (ground_plane_estimator) StderrLine: {'line': b'make: *** [all] Error 2\n'}
[2.248902] (ground_plane_estimator) StdoutLine: {'line': b"Makefile:140: recipe for target 'all' failed\n"}
[2.250655] (ground_plane_estimator) CommandEnded: {'returncode': 2}
[2.251492] (ground_plane_estimator) JobEnded: {'identifier': 'ground_plane_estimator', 'rc': 2}
[2.262258] (-) EventReactorShutdown: {}
