[0.121s] -- The C compiler identification is GNU 7.5.0
[0.203s] -- The CXX compiler identification is GNU 7.5.0
[0.209s] -- Check for working C compiler: /usr/bin/cc
[0.323s] -- Check for working C compiler: /usr/bin/cc -- works
[0.324s] -- Detecting C compiler ABI info
[0.433s] -- Detecting C compiler ABI info - done
[0.439s] -- Detecting C compile features
[0.780s] -- Detecting C compile features - done
[0.783s] -- Check for working CXX compiler: /usr/bin/c++
[0.914s] -- Check for working CXX compiler: /usr/bin/c++ -- works
[0.915s] -- Detecting CXX compiler ABI info
[1.039s] -- Detecting CXX compiler ABI info - done
[1.045s] -- Detecting CXX compile features
[1.566s] -- Detecting CXX compile features - done
[1.566s] -- Create Debug Build.
[1.573s] -- Found ament_cmake: 0.7.4 (/opt/ros/dashing/share/ament_cmake/cmake)
[1.628s] -- Found PythonInterp: /usr/bin/python3 (found suitable version "3.6.9", minimum required is "3") 
[1.629s] -- Using PYTHON_EXECUTABLE: /usr/bin/python3
[2.018s] -- Found rclcpp: 0.7.13 (/opt/ros/dashing/share/rclcpp/cmake)
[2.074s] -- Found rosidl_adapter: 0.7.9 (/opt/ros/dashing/share/rosidl_adapter/cmake)
[2.160s] -- Found rmw_implementation_cmake: 0.7.2 (/opt/ros/dashing/share/rmw_implementation_cmake/cmake)
[2.165s] -- Using RMW implementation 'rmw_fastrtps_cpp' as default
[2.166s] -- Looking for pthread.h
[2.269s] -- Looking for pthread.h - found
[2.269s] -- Looking for pthread_create
[2.373s] -- Looking for pthread_create - not found
[2.373s] -- Looking for pthread_create in pthreads
[2.459s] -- Looking for pthread_create in pthreads - not found
[2.460s] -- Looking for pthread_create in pthread
[2.562s] -- Looking for pthread_create in pthread - found
[2.563s] -- Found Threads: TRUE  
[2.630s] -- Found nav_msgs: 0.7.0 (/opt/ros/dashing/share/nav_msgs/cmake)
[2.683s] -- Found sensor_msgs: 0.7.0 (/opt/ros/dashing/share/sensor_msgs/cmake)
[2.707s] -- Found cv_bridge: 2.1.4 (/opt/ros/dashing/share/cv_bridge/cmake)
[2.741s] -- Found tf2: 0.11.6 (/opt/ros/dashing/share/tf2/cmake)
[2.757s] -- Found tf2_ros: 0.11.6 (/opt/ros/dashing/share/tf2_ros/cmake)
[2.848s] -- Found realsense_t265_ros: 2.0.5 (/home/latte/dev_ws/src/ros2_robot/install/realsense_t265_ros/share/realsense_t265_ros/cmake)
[2.852s] -- Found realsense_msgs: 2.0.5 (/opt/robot_devkit/perception/realsense_msgs/share/realsense_msgs/cmake)
[3.001s] -- Found ament_lint_auto: 0.7.11 (/opt/ros/dashing/share/ament_lint_auto/cmake)
[3.176s] -- Added test 'copyright' to check for copyright in CMake / C / C++ / Python code
[3.178s] -- Added test 'cppcheck' to perform static code analysis on C / C++ code
[3.178s] -- Configured cppcheck include dirs: 
[3.180s] -- Added test 'cpplint' to check C / C++ code against the Google style
[3.182s] -- Added test 'lint_cmake' to check CMake code style
[3.184s] -- Added test 'uncrustify' to check C / C++ code style
[3.186s] -- Added test 'xmllint' to check XML markup files
[3.190s] -- Configuring done
[3.237s] -- Generating done
[3.239s] -- Build files have been written to: /home/latte/dev_ws/src/ros2_robot/build/realsense_t265_node
[3.328s] [35m[1mScanning dependencies of target realsense_t265_node[0m
[3.422s] [ 50%] [32mBuilding CXX object CMakeFiles/realsense_t265_node.dir/src/realsense_t265_node.cpp.o[0m
[7.256s] [100%] [32m[1mLinking CXX executable realsense_t265_node[0m
[7.965s] [100%] Built target realsense_t265_node
[8.134s] [100%] Built target realsense_t265_node
[8.164s] [36mInstall the project...[0m
[8.179s] -- Install configuration: ""
[8.179s] -- Installing: /home/latte/dev_ws/src/ros2_robot/install/realsense_t265_node/lib/realsense_t265_node/realsense_t265_node
[8.180s] -- Set runtime path of "/home/latte/dev_ws/src/ros2_robot/install/realsense_t265_node/lib/realsense_t265_node/realsense_t265_node" to ""
[8.180s] -- Installing: /home/latte/dev_ws/src/ros2_robot/install/realsense_t265_node/bin/realsense_t265_node
[8.181s] -- Set runtime path of "/home/latte/dev_ws/src/ros2_robot/install/realsense_t265_node/bin/realsense_t265_node" to ""
[8.181s] -- Installing: /home/latte/dev_ws/src/ros2_robot/install/realsense_t265_node/share/ament_index/resource_index/package_run_dependencies/realsense_t265_node
[8.182s] -- Installing: /home/latte/dev_ws/src/ros2_robot/install/realsense_t265_node/share/ament_index/resource_index/parent_prefix_path/realsense_t265_node
[8.182s] -- Installing: /home/latte/dev_ws/src/ros2_robot/install/realsense_t265_node/share/realsense_t265_node/environment/ament_prefix_path.sh
[8.182s] -- Installing: /home/latte/dev_ws/src/ros2_robot/install/realsense_t265_node/share/realsense_t265_node/environment/path.sh
[8.182s] -- Installing: /home/latte/dev_ws/src/ros2_robot/install/realsense_t265_node/share/realsense_t265_node/local_setup.bash
[8.183s] -- Installing: /home/latte/dev_ws/src/ros2_robot/install/realsense_t265_node/share/realsense_t265_node/local_setup.sh
[8.183s] -- Installing: /home/latte/dev_ws/src/ros2_robot/install/realsense_t265_node/share/realsense_t265_node/local_setup.zsh
[8.183s] -- Installing: /home/latte/dev_ws/src/ros2_robot/install/realsense_t265_node/share/ament_index/resource_index/packages/realsense_t265_node
[8.183s] -- Installing: /home/latte/dev_ws/src/ros2_robot/install/realsense_t265_node/share/realsense_t265_node/cmake/realsense_t265_nodeConfig.cmake
[8.184s] -- Installing: /home/latte/dev_ws/src/ros2_robot/install/realsense_t265_node/share/realsense_t265_node/cmake/realsense_t265_nodeConfig-version.cmake
[8.184s] -- Installing: /home/latte/dev_ws/src/ros2_robot/install/realsense_t265_node/share/realsense_t265_node/package.xml
