[1.794s] running egg_info
[1.796s] creating /home/latte/dev_ws/src/ros2_robot/build/simple_gps/simple_gps.egg-info
[1.796s] writing /home/latte/dev_ws/src/ros2_robot/build/simple_gps/simple_gps.egg-info/PKG-INFO
[1.797s] writing dependency_links to /home/latte/dev_ws/src/ros2_robot/build/simple_gps/simple_gps.egg-info/dependency_links.txt
[1.797s] writing entry points to /home/latte/dev_ws/src/ros2_robot/build/simple_gps/simple_gps.egg-info/entry_points.txt
[1.797s] writing requirements to /home/latte/dev_ws/src/ros2_robot/build/simple_gps/simple_gps.egg-info/requires.txt
[1.798s] writing top-level names to /home/latte/dev_ws/src/ros2_robot/build/simple_gps/simple_gps.egg-info/top_level.txt
[1.803s] writing manifest file '/home/latte/dev_ws/src/ros2_robot/build/simple_gps/simple_gps.egg-info/SOURCES.txt'
[1.868s] reading manifest file '/home/latte/dev_ws/src/ros2_robot/build/simple_gps/simple_gps.egg-info/SOURCES.txt'
[1.871s] writing manifest file '/home/latte/dev_ws/src/ros2_robot/build/simple_gps/simple_gps.egg-info/SOURCES.txt'
[1.871s] running build
[1.871s] running build_py
[1.872s] creating /home/latte/dev_ws/src/ros2_robot/build/simple_gps/build
[1.872s] creating /home/latte/dev_ws/src/ros2_robot/build/simple_gps/build/lib
[1.873s] creating /home/latte/dev_ws/src/ros2_robot/build/simple_gps/build/lib/simple_gps
[1.873s] copying simple_gps/__init__.py -> /home/latte/dev_ws/src/ros2_robot/build/simple_gps/build/lib/simple_gps
[1.873s] copying simple_gps/simple_gps_node.py -> /home/latte/dev_ws/src/ros2_robot/build/simple_gps/build/lib/simple_gps
[1.874s] running install
[1.874s] running install_lib
[1.874s] creating /home/latte/dev_ws/src/ros2_robot/install/simple_gps/lib/python3.6/site-packages/simple_gps
[1.875s] copying /home/latte/dev_ws/src/ros2_robot/build/simple_gps/build/lib/simple_gps/__init__.py -> /home/latte/dev_ws/src/ros2_robot/install/simple_gps/lib/python3.6/site-packages/simple_gps
[1.875s] copying /home/latte/dev_ws/src/ros2_robot/build/simple_gps/build/lib/simple_gps/simple_gps_node.py -> /home/latte/dev_ws/src/ros2_robot/install/simple_gps/lib/python3.6/site-packages/simple_gps
[1.876s] byte-compiling /home/latte/dev_ws/src/ros2_robot/install/simple_gps/lib/python3.6/site-packages/simple_gps/__init__.py to __init__.cpython-36.pyc
[1.876s] byte-compiling /home/latte/dev_ws/src/ros2_robot/install/simple_gps/lib/python3.6/site-packages/simple_gps/simple_gps_node.py to simple_gps_node.cpython-36.pyc
[1.878s] running install_data
[1.879s] creating /home/latte/dev_ws/src/ros2_robot/install/simple_gps/share/ament_index
[1.879s] creating /home/latte/dev_ws/src/ros2_robot/install/simple_gps/share/ament_index/resource_index
[1.880s] creating /home/latte/dev_ws/src/ros2_robot/install/simple_gps/share/ament_index/resource_index/packages
[1.880s] copying resource/simple_gps -> /home/latte/dev_ws/src/ros2_robot/install/simple_gps/share/ament_index/resource_index/packages
[1.880s] copying package.xml -> /home/latte/dev_ws/src/ros2_robot/install/simple_gps/share/simple_gps
[1.880s] running install_egg_info
[1.883s] Copying /home/latte/dev_ws/src/ros2_robot/build/simple_gps/simple_gps.egg-info to /home/latte/dev_ws/src/ros2_robot/install/simple_gps/lib/python3.6/site-packages/simple_gps-0.0.0-py3.6.egg-info
[1.885s] running install_scripts
[1.919s] Installing simple_gps_node script to /home/latte/dev_ws/src/ros2_robot/install/simple_gps/lib/simple_gps
[1.920s] writing list of installed files to '/home/latte/dev_ws/src/ros2_robot/build/simple_gps/install.log'
