[1.237s] [01m[K/home/turgay/dev_ws/src/ros2_robot/ground_plane_estimator/src/ground_plane_estimator_node.cpp:[m[K In constructor ‘[01m[KGroundPlaneEstimatorNode::GroundPlaneEstimatorNode()[m[K’:
[1.237s] [01m[K/home/turgay/dev_ws/src/ros2_robot/ground_plane_estimator/src/ground_plane_estimator_node.cpp:15:140:[m[K [01;31m[Kerror: [m[K‘[01m[K_1[m[K’ was not declared in this scope
[1.237s]    subscription_ = this->create_subscription<std_msgs::msg::String>("topic", 10, std::bind(&GroundPlaneEstimatorNode::topic_callback, this, [01;31m[K_1[m[K));
[1.237s]                                                                                                                                             [01;31m[K^~[m[K
[1.237s] [01m[K/home/turgay/dev_ws/src/ros2_robot/ground_plane_estimator/src/ground_plane_estimator_node.cpp:15:140:[m[K [01;36m[Knote: [m[Ksuggested alternative:
[1.237s] In file included from [01m[K/home/turgay/dev_ws/src/ros2_robot/ground_plane_estimator/src/ground_plane_estimator_node.cpp:3:0[m[K:
[1.238s] [01m[K/usr/include/c++/7/functional:275:34:[m[K [01;36m[Knote: [m[K  ‘[01m[Kstd::placeholders::_1[m[K’
[1.238s]      extern const _Placeholder<1> [01;36m[K_1[m[K;
[1.238s]                                   [01;36m[K^~[m[K
[1.260s] [01m[K/home/turgay/dev_ws/src/ros2_robot/ground_plane_estimator/src/ground_plane_estimator_node.cpp:[m[K At global scope:
[1.261s] [01m[K/home/turgay/dev_ws/src/ros2_robot/ground_plane_estimator/src/ground_plane_estimator_node.cpp:28:6:[m[K [01;31m[Kerror: [m[Kprototype for ‘[01m[Kvoid GroundPlaneEstimatorNode::topic_callback(std_msgs::msg::String_<std::allocator<void> >::SharedPtr)[m[K’ does not match any in class ‘[01m[KGroundPlaneEstimatorNode[m[K’
[1.261s]  void [01;31m[KGroundPlaneEstimatorNode[m[K::topic_callback(const std_msgs::msg::String::SharedPtr msg)
[1.261s]       [01;31m[K^~~~~~~~~~~~~~~~~~~~~~~~[m[K
[1.261s] In file included from [01m[K/home/turgay/dev_ws/src/ros2_robot/ground_plane_estimator/src/ground_plane_estimator_node.cpp:7:0[m[K:
[1.262s] [01m[K/home/turgay/dev_ws/src/ros2_robot/ground_plane_estimator/include/ground_plane_estimator/ground_plane_estimator_node.hpp:34:10:[m[K [01;31m[Kerror: [m[Kcandidate is: void GroundPlaneEstimatorNode::topic_callback(std_msgs::msg::String_<std::allocator<void> >::SharedPtr) const
[1.262s]      void [01;31m[Ktopic_callback[m[K(const std_msgs::msg::String::SharedPtr msg) const;
[1.262s]           [01;31m[K^~~~~~~~~~~~~~[m[K
[1.618s] make[2]: *** [CMakeFiles/ground_plane_estimator_node.dir/src/ground_plane_estimator_node.cpp.o] Error 1
[1.618s] make[1]: *** [CMakeFiles/ground_plane_estimator_node.dir/all] Error 2
[1.619s] make: *** [all] Error 2
