[1.202s] Invoking command in '/home/latte/dev_ws/src/ros2_robot/remote_control': PYTHONPATH=/home/latte/dev_ws/src/ros2_robot/install/remote_control/lib/python3.6/site-packages:${PYTHONPATH} /usr/bin/python3 setup.py egg_info --egg-base /home/latte/dev_ws/src/ros2_robot/build/remote_control build --build-base /home/latte/dev_ws/src/ros2_robot/build/remote_control/build install --prefix /home/latte/dev_ws/src/ros2_robot/install/remote_control --record /home/latte/dev_ws/src/ros2_robot/build/remote_control/install.log --single-version-externally-managed
[1.768s] running egg_info
[1.770s] creating /home/latte/dev_ws/src/ros2_robot/build/remote_control/remote_control.egg-info
[1.771s] writing /home/latte/dev_ws/src/ros2_robot/build/remote_control/remote_control.egg-info/PKG-INFO
[1.771s] writing dependency_links to /home/latte/dev_ws/src/ros2_robot/build/remote_control/remote_control.egg-info/dependency_links.txt
[1.772s] writing entry points to /home/latte/dev_ws/src/ros2_robot/build/remote_control/remote_control.egg-info/entry_points.txt
[1.772s] writing requirements to /home/latte/dev_ws/src/ros2_robot/build/remote_control/remote_control.egg-info/requires.txt
[1.773s] writing top-level names to /home/latte/dev_ws/src/ros2_robot/build/remote_control/remote_control.egg-info/top_level.txt
[1.774s] writing manifest file '/home/latte/dev_ws/src/ros2_robot/build/remote_control/remote_control.egg-info/SOURCES.txt'
[1.847s] reading manifest file '/home/latte/dev_ws/src/ros2_robot/build/remote_control/remote_control.egg-info/SOURCES.txt'
[1.850s] writing manifest file '/home/latte/dev_ws/src/ros2_robot/build/remote_control/remote_control.egg-info/SOURCES.txt'
[1.850s] running build
[1.850s] running build_py
[1.851s] creating /home/latte/dev_ws/src/ros2_robot/build/remote_control/build
[1.851s] creating /home/latte/dev_ws/src/ros2_robot/build/remote_control/build/lib
[1.851s] creating /home/latte/dev_ws/src/ros2_robot/build/remote_control/build/lib/remote_control
[1.852s] copying remote_control/__init__.py -> /home/latte/dev_ws/src/ros2_robot/build/remote_control/build/lib/remote_control
[1.852s] copying remote_control/umaestro.py -> /home/latte/dev_ws/src/ros2_robot/build/remote_control/build/lib/remote_control
[1.855s] copying remote_control/remote_control_node.py -> /home/latte/dev_ws/src/ros2_robot/build/remote_control/build/lib/remote_control
[1.855s] copying remote_control/robot.py -> /home/latte/dev_ws/src/ros2_robot/build/remote_control/build/lib/remote_control
[1.856s] copying remote_control/maestro.py -> /home/latte/dev_ws/src/ros2_robot/build/remote_control/build/lib/remote_control
[1.856s] running install
[1.856s] running install_lib
[1.857s] creating /home/latte/dev_ws/src/ros2_robot/install/remote_control/lib/python3.6/site-packages/remote_control
[1.857s] copying /home/latte/dev_ws/src/ros2_robot/build/remote_control/build/lib/remote_control/__init__.py -> /home/latte/dev_ws/src/ros2_robot/install/remote_control/lib/python3.6/site-packages/remote_control
[1.858s] copying /home/latte/dev_ws/src/ros2_robot/build/remote_control/build/lib/remote_control/umaestro.py -> /home/latte/dev_ws/src/ros2_robot/install/remote_control/lib/python3.6/site-packages/remote_control
[1.859s] copying /home/latte/dev_ws/src/ros2_robot/build/remote_control/build/lib/remote_control/remote_control_node.py -> /home/latte/dev_ws/src/ros2_robot/install/remote_control/lib/python3.6/site-packages/remote_control
[1.859s] copying /home/latte/dev_ws/src/ros2_robot/build/remote_control/build/lib/remote_control/robot.py -> /home/latte/dev_ws/src/ros2_robot/install/remote_control/lib/python3.6/site-packages/remote_control
[1.859s] copying /home/latte/dev_ws/src/ros2_robot/build/remote_control/build/lib/remote_control/maestro.py -> /home/latte/dev_ws/src/ros2_robot/install/remote_control/lib/python3.6/site-packages/remote_control
[1.862s] byte-compiling /home/latte/dev_ws/src/ros2_robot/install/remote_control/lib/python3.6/site-packages/remote_control/__init__.py to __init__.cpython-36.pyc
[1.862s] byte-compiling /home/latte/dev_ws/src/ros2_robot/install/remote_control/lib/python3.6/site-packages/remote_control/umaestro.py to umaestro.cpython-36.pyc
[1.864s] byte-compiling /home/latte/dev_ws/src/ros2_robot/install/remote_control/lib/python3.6/site-packages/remote_control/remote_control_node.py to remote_control_node.cpython-36.pyc
[1.866s] byte-compiling /home/latte/dev_ws/src/ros2_robot/install/remote_control/lib/python3.6/site-packages/remote_control/robot.py to robot.cpython-36.pyc
[1.867s] byte-compiling /home/latte/dev_ws/src/ros2_robot/install/remote_control/lib/python3.6/site-packages/remote_control/maestro.py to maestro.cpython-36.pyc
[1.870s] running install_data
[1.872s] creating /home/latte/dev_ws/src/ros2_robot/install/remote_control/share/ament_index
[1.872s] creating /home/latte/dev_ws/src/ros2_robot/install/remote_control/share/ament_index/resource_index
[1.873s] creating /home/latte/dev_ws/src/ros2_robot/install/remote_control/share/ament_index/resource_index/packages
[1.873s] copying resource/remote_control -> /home/latte/dev_ws/src/ros2_robot/install/remote_control/share/ament_index/resource_index/packages
[1.873s] copying package.xml -> /home/latte/dev_ws/src/ros2_robot/install/remote_control/share/remote_control
[1.873s] running install_egg_info
[1.877s] Copying /home/latte/dev_ws/src/ros2_robot/build/remote_control/remote_control.egg-info to /home/latte/dev_ws/src/ros2_robot/install/remote_control/lib/python3.6/site-packages/remote_control-0.0.0-py3.6.egg-info
[1.879s] running install_scripts
[1.924s] Installing remote_control_node script to /home/latte/dev_ws/src/ros2_robot/install/remote_control/lib/remote_control
[1.924s] writing list of installed files to '/home/latte/dev_ws/src/ros2_robot/build/remote_control/install.log'
[1.973s] Invoked command in '/home/latte/dev_ws/src/ros2_robot/remote_control' returned '0': PYTHONPATH=/home/latte/dev_ws/src/ros2_robot/install/remote_control/lib/python3.6/site-packages:${PYTHONPATH} /usr/bin/python3 setup.py egg_info --egg-base /home/latte/dev_ws/src/ros2_robot/build/remote_control build --build-base /home/latte/dev_ws/src/ros2_robot/build/remote_control/build install --prefix /home/latte/dev_ws/src/ros2_robot/install/remote_control --record /home/latte/dev_ws/src/ros2_robot/build/remote_control/install.log --single-version-externally-managed
