[0.044s] -- Found ament_cmake: 0.7.4 (/opt/ros/dashing/share/ament_cmake/cmake)
[0.084s] -- Using PYTHON_EXECUTABLE: /usr/bin/python3
[0.316s] -- Override CMake install command with custom implementation using symlinks instead of copying resources
[0.332s] -- Found rclcpp: 0.7.13 (/opt/ros/dashing/share/rclcpp/cmake)
[0.345s] -- Found rosidl_adapter: 0.7.9 (/opt/ros/dashing/share/rosidl_adapter/cmake)
[0.375s] -- Found rmw_implementation_cmake: 0.7.2 (/opt/ros/dashing/share/rmw_implementation_cmake/cmake)
[0.378s] -- Using RMW implementation 'rmw_fastrtps_cpp' as default
[0.401s] -- Found std_msgs: 0.7.0 (/opt/ros/dashing/share/std_msgs/cmake)
[0.406s] -- Found rclcpp_components: 0.7.13 (/opt/ros/dashing/share/rclcpp_components/cmake)
[0.408s] -- Found poco_vendor:  (/opt/ros/dashing/share/poco_vendor/cmake)
[0.419s] -- Found nav_msgs: 0.7.0 (/opt/ros/dashing/share/nav_msgs/cmake)
[0.436s] -- Found sensor_msgs: 0.7.0 (/opt/ros/dashing/share/sensor_msgs/cmake)
[0.446s] -- Found cv_bridge: 2.1.4 (/opt/ros/dashing/share/cv_bridge/cmake)
[0.461s] -- Found tf2: 0.11.6 (/opt/ros/dashing/share/tf2/cmake)
[0.463s] -- Found tf2_ros: 0.11.6 (/opt/ros/dashing/share/tf2_ros/cmake)
[0.508s] -- Found image_transport: 2.1.1 (/opt/ros/dashing/share/image_transport/cmake)
[0.526s] -- Found tinyxml2_vendor:  (/opt/ros/dashing/share/tinyxml2_vendor/cmake)
[0.543s] -- Found pcl_conversions: 2.0.0 (/opt/ros/dashing/share/pcl_conversions/cmake)
[0.545s] -- Found pcl_msgs: 1.0.0 (/opt/ros/dashing/share/pcl_msgs/cmake)
[0.640s] -- Boost version: 1.65.1
[0.640s] -- Found the following Boost libraries:
[0.641s] --   system
[0.641s] --   filesystem
[0.641s] --   thread
[0.641s] --   chrono
[0.641s] --   date_time
[0.642s] --   atomic
[0.728s] -- Boost version: 1.65.1
[0.729s] -- Found the following Boost libraries:
[0.729s] --   system
[0.729s] --   filesystem
[0.729s] --   thread
[0.729s] --   date_time
[0.729s] --   iostreams
[0.730s] --   serialization
[0.730s] --   chrono
[0.730s] --   atomic
[0.730s] --   regex
[0.745s] -- Could NOT find ensenso (missing: ENSENSO_LIBRARY ENSENSO_INCLUDE_DIR) 
[0.749s] -- Could NOT find DAVIDSDK (missing: DAVIDSDK_LIBRARY DAVIDSDK_INCLUDE_DIR) 
[0.750s] -- Could NOT find DSSDK (missing: _DSSDK_LIBRARIES) 
[0.803s] -- The imported target "vtkRenderingPythonTkWidgets" references the file
[0.803s]    "/usr/lib/x86_64-linux-gnu/libvtkRenderingPythonTkWidgets.so"
[0.804s] but this file does not exist.  Possible reasons include:
[0.804s] * The file was deleted, renamed, or moved to another location.
[0.804s] * An install or uninstall procedure did not complete successfully.
[0.804s] * The installation package was faulty and contained
[0.804s]    "/usr/lib/cmake/vtk-6.3/VTKTargets.cmake"
[0.805s] but not all the files it references.
[0.805s] 
[0.806s] -- The imported target "vtk" references the file
[0.806s]    "/usr/bin/vtk"
[0.806s] but this file does not exist.  Possible reasons include:
[0.806s] * The file was deleted, renamed, or moved to another location.
[0.806s] * An install or uninstall procedure did not complete successfully.
[0.807s] * The installation package was faulty and contained
[0.807s]    "/usr/lib/cmake/vtk-6.3/VTKTargets.cmake"
[0.807s] but not all the files it references.
[0.807s] 
[0.883s] -- Could NOT find ensenso (missing: ENSENSO_LIBRARY ENSENSO_INCLUDE_DIR) 
[0.886s] -- Could NOT find DAVIDSDK (missing: DAVIDSDK_LIBRARY DAVIDSDK_INCLUDE_DIR) 
[0.887s] -- Could NOT find DSSDK (missing: _DSSDK_LIBRARIES) 
[0.888s] -- Could NOT find RSSDK (missing: _RSSDK_LIBRARIES) 
[0.935s] -- looking for PCL_COMMON
[0.935s] -- looking for PCL_OCTREE
[0.936s] -- looking for PCL_IO
[0.936s] -- looking for PCL_KDTREE
[0.936s] -- looking for PCL_SEARCH
[0.937s] -- looking for PCL_SAMPLE_CONSENSUS
[0.937s] -- looking for PCL_FILTERS
[0.938s] -- looking for PCL_2D
[0.938s] -- looking for PCL_GEOMETRY
[0.939s] -- looking for PCL_FEATURES
[0.939s] -- looking for PCL_ML
[0.939s] -- looking for PCL_SEGMENTATION
[0.940s] -- looking for PCL_VISUALIZATION
[0.941s] -- looking for PCL_SURFACE
[0.941s] -- looking for PCL_REGISTRATION
[0.942s] -- looking for PCL_KEYPOINTS
[0.943s] -- looking for PCL_TRACKING
[0.943s] -- looking for PCL_RECOGNITION
[0.944s] -- looking for PCL_STEREO
[0.944s] -- looking for PCL_APPS
[0.947s] -- looking for PCL_IN_HAND_SCANNER
[0.947s] -- looking for PCL_MODELER
[0.948s] -- looking for PCL_POINT_CLOUD_EDITOR
[0.948s] -- looking for PCL_OUTOFCORE
[0.948s] -- looking for PCL_PEOPLE
[0.967s] -- Found ament_lint_auto: 0.7.11 (/opt/ros/dashing/share/ament_lint_auto/cmake)
[1.220s] -- Added test 'copyright' to check for copyright in CMake / C / C++ / Python code
[1.221s] -- Added test 'cppcheck' to perform static code analysis on C / C++ code
[1.222s] -- Configured cppcheck include dirs: /home/turgay/dev_ws/src/ros2_robot/ground_plane_estimator/include
[1.223s] -- Added test 'cpplint' to check C / C++ code against the Google style
[1.223s] -- Added test 'lint_cmake' to check CMake code style
[1.224s] -- Added test 'uncrustify' to check C / C++ code style
[1.224s] -- Added test 'xmllint' to check XML markup files
[1.228s] -- Configuring done
[1.270s] -- Generating done
[1.281s] -- Build files have been written to: /home/turgay/dev_ws/src/ros2_robot/build/ground_plane_estimator
[1.383s] [35m[1mScanning dependencies of target ground_plane_estimator_node[0m
[1.467s] [ 50%] [32mBuilding CXX object CMakeFiles/ground_plane_estimator_node.dir/src/ground_plane_estimator_node.cpp.o[0m
[10.169s] [100%] [32m[1mLinking CXX executable ground_plane_estimator_node[0m
[11.484s] [100%] Built target ground_plane_estimator_node
[11.679s] [100%] Built target ground_plane_estimator_node
[11.704s] [36mInstall the project...[0m
[11.717s] -- Install configuration: ""
[11.717s] -- Execute custom install script
[11.718s] -- Up-to-date symlink: /home/turgay/dev_ws/src/ros2_robot/install/ground_plane_estimator/lib/ground_plane_estimator/ground_plane_estimator_node
[11.718s] -- Up-to-date symlink: /home/turgay/dev_ws/src/ros2_robot/install/ground_plane_estimator/share/ament_index/resource_index/package_run_dependencies/ground_plane_estimator
[11.719s] -- Up-to-date symlink: /home/turgay/dev_ws/src/ros2_robot/install/ground_plane_estimator/share/ament_index/resource_index/parent_prefix_path/ground_plane_estimator
[11.720s] -- Up-to-date symlink: /home/turgay/dev_ws/src/ros2_robot/install/ground_plane_estimator/share/ground_plane_estimator/environment/ament_prefix_path.sh
[11.720s] -- Up-to-date symlink: /home/turgay/dev_ws/src/ros2_robot/install/ground_plane_estimator/share/ground_plane_estimator/environment/path.sh
[11.720s] -- Up-to-date symlink: /home/turgay/dev_ws/src/ros2_robot/install/ground_plane_estimator/share/ground_plane_estimator/local_setup.bash
[11.721s] -- Up-to-date symlink: /home/turgay/dev_ws/src/ros2_robot/install/ground_plane_estimator/share/ground_plane_estimator/local_setup.sh
[11.721s] -- Up-to-date symlink: /home/turgay/dev_ws/src/ros2_robot/install/ground_plane_estimator/share/ground_plane_estimator/local_setup.zsh
[11.722s] -- Up-to-date symlink: /home/turgay/dev_ws/src/ros2_robot/install/ground_plane_estimator/share/ament_index/resource_index/packages/ground_plane_estimator
[11.722s] -- Up-to-date symlink: /home/turgay/dev_ws/src/ros2_robot/install/ground_plane_estimator/share/ground_plane_estimator/cmake/ground_plane_estimatorConfig.cmake
[11.723s] -- Up-to-date symlink: /home/turgay/dev_ws/src/ros2_robot/install/ground_plane_estimator/share/ground_plane_estimator/cmake/ground_plane_estimatorConfig-version.cmake
[11.723s] -- Up-to-date symlink: /home/turgay/dev_ws/src/ros2_robot/install/ground_plane_estimator/share/ground_plane_estimator/package.xml
