[0.000000] (-) TimerEvent: {}
[0.001320] (-) JobUnselected: {'identifier': 'realsense_t265_node'}
[0.001509] (-) JobUnselected: {'identifier': 'realsense_t265_ros'}
[0.001618] (-) JobUnselected: {'identifier': 'remote_control'}
[0.001714] (-) JobUnselected: {'identifier': 'simple_gps'}
[0.001837] (ground_plane_estimator) JobQueued: {'identifier': 'ground_plane_estimator', 'dependencies': OrderedDict()}
[0.001989] (ground_plane_estimator) JobStarted: {'identifier': 'ground_plane_estimator'}
[0.018998] (ground_plane_estimator) JobProgress: {'identifier': 'ground_plane_estimator', 'progress': 'cmake'}
[0.020050] (ground_plane_estimator) JobProgress: {'identifier': 'ground_plane_estimator', 'progress': 'build'}
[0.020832] (ground_plane_estimator) Command: {'cmd': ['/usr/bin/cmake', '--build', '/home/turgay/dev_ws/src/ros2_robot/build/ground_plane_estimator', '--', '-j12', '-l12'], 'cwd': '/home/turgay/dev_ws/src/ros2_robot/build/ground_plane_estimator', 'env': OrderedDict([('GJS_DEBUG_TOPICS', 'JS ERROR;JS LOG'), ('LESSOPEN', '| /usr/bin/lesspipe %s'), ('USER', 'turgay'), ('LIBVA_DRIVERS_PATH', '/opt/intel/mediasdk/lib64'), ('TEXTDOMAIN', 'im-config'), ('XDG_SEAT', 'seat0'), ('SSH_AGENT_PID', '1818'), ('XDG_SESSION_TYPE', 'x11'), ('SHLVL', '2'), ('LD_LIBRARY_PATH', '/opt/robot_devkit/tools/rtmonitor/lib:/opt/robot_devkit/tools/rtmonitor_msgs/lib:/opt/robot_devkit/tools/perf_msgs/lib:/opt/robot_devkit/perception/dynamic_vino_lib/lib:/opt/robot_devkit/perception/vino_param_lib/lib:/opt/robot_devkit/perception/robot_interface/lib:/opt/robot_devkit/perception/realsense_ros/lib:/opt/robot_devkit/perception/realsense_msgs/lib:/opt/robot_devkit/perception/pipeline_srv_msgs/lib:/opt/robot_devkit/perception/grasp_ros2/lib:/opt/robot_devkit/perception/people_msgs/lib:/opt/robot_devkit/perception/object_analytics_node/lib:/opt/robot_devkit/perception/object_analytics_msgs/lib:/opt/robot_devkit/perception/moveit_msgs/lib:/opt/robot_devkit/perception/handeye_tf_service/lib:/opt/robot_devkit/perception/grasp_msgs/lib:/opt/ros/dashing/opt/yaml_cpp_vendor/lib:/opt/ros/dashing/opt/rviz_ogre_vendor/lib:/opt/ros/dashing/lib'), ('QT4_IM_MODULE', 'xim'), ('HOME', '/home/turgay'), ('CHROME_DESKTOP', 'code-url-handler.desktop'), ('DESKTOP_SESSION', 'ubuntu'), ('TERM_PROGRAM_VERSION', '1.44.2'), ('GIO_LAUNCHED_DESKTOP_FILE', '/var/lib/snapd/desktop/applications/code_code.desktop'), ('GNOME_SHELL_SESSION_MODE', 'ubuntu'), ('GTK_MODULES', 'gail:atk-bridge'), ('APPLICATION_INSIGHTS_NO_DIAGNOSTIC_CHANNEL', 'true'), ('ROS_PYTHON_VERSION', '3'), ('DBUS_SESSION_BUS_ADDRESS', 'unix:path=/run/user/1000/bus'), ('GIO_LAUNCHED_DESKTOP_FILE_PID', '4752'), ('COLORTERM', 'truecolor'), ('IM_CONFIG_PHASE', '2'), ('COLCON_PREFIX_PATH', '/opt/robot_devkit/tools:/opt/robot_devkit/perception'), ('ROS_DISTRO', 'dashing'), ('LOGNAME', 'turgay'), ('GTK_IM_MODULE', 'ibus'), ('_', '/snap/code/31/usr/share/code/code'), ('ROS_VERSION', '2'), ('USERNAME', 'turgay'), ('XDG_SESSION_ID', '1'), ('TERM', 'xterm-256color'), ('GNOME_DESKTOP_SESSION_ID', 'this-is-deprecated'), ('WINDOWPATH', '1'), ('PATH', '/home/turgay/.local/bin:/opt/robot_devkit/perception/recognize_pick/bin:/opt/robot_devkit/perception/random_pick/bin:/opt/robot_devkit/perception/fixed_position_pick/bin:/opt/robot_devkit/perception/draw_x/bin:/opt/robot_devkit/perception/realsense_node/bin:/opt/robot_devkit/perception/grasp_ros2/bin:/opt/robot_devkit/perception/handeye_dashboard/bin:/opt/ros/dashing/bin:/home/turgay/.local/bin:/usr/local/sbin:/usr/local/bin:/usr/sbin:/usr/bin:/sbin:/bin:/usr/games:/usr/local/games:/snap/bin:/home/turgay/.dotnet/tools:/home/turgay/.dotnet/tools'), ('SESSION_MANAGER', 'local/turgaydesktop:@/tmp/.ICE-unix/1671,unix/turgaydesktop:/tmp/.ICE-unix/1671'), ('XDG_MENU_PREFIX', 'gnome-'), ('BAMF_DESKTOP_FILE_HINT', '/var/lib/snapd/desktop/applications/code_code.desktop'), ('XDG_RUNTIME_DIR', '/run/user/1000/snap.code'), ('DISPLAY', ':0'), ('LANG', 'en_US.UTF-8'), ('XDG_CURRENT_DESKTOP', 'Unity'), ('LIBVA_DRIVER_NAME', 'iHD'), ('XDG_SESSION_DESKTOP', 'ubuntu'), ('XMODIFIERS', '@im=ibus'), ('XAUTHORITY', '/run/user/1000/gdm/Xauthority'), ('TERM_PROGRAM', 'vscode'), ('SSH_AUTH_SOCK', '/run/user/1000/keyring/ssh'), ('GSETTINGS_SCHEMA_DIR', '/snap/code/31/usr/share/glib-2.0/schemas'), ('MFX_HOME', '/opt/intel/mediasdk'), ('AMENT_PREFIX_PATH', '/opt/robot_devkit/tools/rtmonitor_test:/opt/robot_devkit/tools/rtmonitor:/opt/robot_devkit/tools/rtmonitor_msgs:/opt/robot_devkit/tools/rdk_perf:/opt/robot_devkit/tools/perf_msgs:/opt/robot_devkit/perception/dynamic_vino_sample:/opt/robot_devkit/perception/dynamic_vino_lib:/opt/robot_devkit/perception/vino_param_lib:/opt/robot_devkit/perception/ur_description:/opt/robot_devkit/perception/recognize_pick:/opt/robot_devkit/perception/random_pick:/opt/robot_devkit/perception/fixed_position_pick:/opt/robot_devkit/perception/draw_x:/opt/robot_devkit/perception/robot_interface:/opt/robot_devkit/perception/realsense_examples:/opt/robot_devkit/perception/realsense_node:/opt/robot_devkit/perception/realsense_ros:/opt/robot_devkit/perception/realsense_msgs:/opt/robot_devkit/perception/pipeline_srv_msgs:/opt/robot_devkit/perception/grasp_ros2:/opt/robot_devkit/perception/people_msgs:/opt/robot_devkit/perception/object_analytics_rviz:/opt/robot_devkit/perception/object_analytics_node:/opt/robot_devkit/perception/object_analytics_msgs:/opt/robot_devkit/perception/moveit_msgs:/opt/robot_devkit/perception/handeye_tf_service:/opt/robot_devkit/perception/handeye_target_detection:/opt/robot_devkit/perception/handeye_dashboard:/opt/robot_devkit/perception/handeye:/opt/robot_devkit/perception/grasp_tutorials:/opt/robot_devkit/perception/grasp_msgs:/opt/robot_devkit/perception/criutils:/opt/robot_devkit/perception/baldor:/opt/ros/dashing'), ('DISABLE_WAYLAND', '1'), ('SHELL', '/bin/bash'), ('GDK_PIXBUF_MODULEDIR', '/snap/code/31/usr/lib/x86_64-linux-gnu/gdk-pixbuf-2.0/2.10.0/loaders'), ('QT_ACCESSIBILITY', '1'), ('GDMSESSION', 'ubuntu'), ('LESSCLOSE', '/usr/bin/lesspipe %s %s'), ('TEXTDOMAINDIR', '/usr/share/locale/'), ('GJS_DEBUG_OUTPUT', 'stderr'), ('GDK_PIXBUF_MODULE_FILE', '/home/turgay/snap/code/common/.cache/gdk-pixbuf-loaders.cache'), ('GPG_AGENT_INFO', '/run/user/1000/gnupg/S.gpg-agent:0:1'), ('XDG_VTNR', '1'), ('QT_IM_MODULE', 'ibus'), ('LC_ALL', 'en_US.UTF-8'), ('PWD', '/home/turgay/dev_ws/src/ros2_robot/build/ground_plane_estimator'), ('CLUTTER_IM_MODULE', 'xim'), ('XDG_DATA_DIRS', '/usr/share/ubuntu:/usr/local/share/:/usr/share/:/var/lib/snapd/desktop'), ('XDG_CONFIG_DIRS', '/etc/xdg/xdg-ubuntu:/etc/xdg'), ('PYTHONPATH', '/opt/robot_devkit/tools/rtmonitor_msgs/lib/python3.6/site-packages:/opt/robot_devkit/tools/rdk_perf/lib/python3.6/site-packages:/opt/robot_devkit/tools/perf_msgs/lib/python3.6/site-packages:/opt/robot_devkit/perception/realsense_msgs/lib/python3.6/site-packages:/opt/robot_devkit/perception/pipeline_srv_msgs/lib/python3.6/site-packages:/opt/robot_devkit/perception/people_msgs/lib/python3.6/site-packages:/opt/robot_devkit/perception/object_analytics_msgs/lib/python3.6/site-packages:/opt/robot_devkit/perception/moveit_msgs/lib/python3.6/site-packages:/opt/robot_devkit/perception/handeye_tf_service/lib/python3.6/site-packages:/opt/robot_devkit/perception/handeye_dashboard/lib/python3.6/site-packages:/opt/robot_devkit/perception/handeye/lib/python3.6/site-packages:/opt/robot_devkit/perception/grasp_msgs/lib/python3.6/site-packages:/opt/robot_devkit/perception/criutils/lib/python3.6/site-packages:/opt/robot_devkit/perception/baldor/lib/python3.6/site-packages:/opt/ros/dashing/lib/python3.6/site-packages'), ('CMAKE_PREFIX_PATH', '/opt/robot_devkit/tools/rtmonitor_test:/opt/robot_devkit/tools/rtmonitor:/opt/robot_devkit/tools/rtmonitor_msgs:/opt/robot_devkit/tools/perf_msgs:/opt/robot_devkit/perception/dynamic_vino_sample:/opt/robot_devkit/perception/dynamic_vino_lib:/opt/robot_devkit/perception/vino_param_lib:/opt/robot_devkit/perception/ur_description:/opt/robot_devkit/perception/recognize_pick:/opt/robot_devkit/perception/random_pick:/opt/robot_devkit/perception/fixed_position_pick:/opt/robot_devkit/perception/draw_x:/opt/robot_devkit/perception/robot_interface:/opt/robot_devkit/perception/realsense_examples:/opt/robot_devkit/perception/realsense_node:/opt/robot_devkit/perception/realsense_ros:/opt/robot_devkit/perception/realsense_msgs:/opt/robot_devkit/perception/pipeline_srv_msgs:/opt/robot_devkit/perception/grasp_ros2:/opt/robot_devkit/perception/people_msgs:/opt/robot_devkit/perception/object_analytics_rviz:/opt/robot_devkit/perception/object_analytics_node:/opt/robot_devkit/perception/object_analytics_msgs:/opt/robot_devkit/perception/moveit_msgs:/opt/robot_devkit/perception/handeye_tf_service:/opt/robot_devkit/perception/handeye_target_detection:/opt/robot_devkit/perception/grasp_tutorials:/opt/robot_devkit/perception/grasp_msgs:/opt/robot_devkit/tools/rdk_perf:/opt/robot_devkit/perception/handeye_dashboard:/opt/robot_devkit/perception/handeye:/opt/robot_devkit/perception/criutils:/opt/robot_devkit/perception/baldor:/opt/ros/dashing')]), 'shell': False}
[0.099066] (-) TimerEvent: {}
[0.103733] (ground_plane_estimator) StdoutLine: {'line': b'\x1b[35m\x1b[1mScanning dependencies of target ground_plane_estimator_node\x1b[0m\n'}
[0.156103] (ground_plane_estimator) StdoutLine: {'line': b'[ 50%] \x1b[32mBuilding CXX object CMakeFiles/ground_plane_estimator_node.dir/src/ground_plane_estimator_node.cpp.o\x1b[0m\n'}
[0.199176] (-) TimerEvent: {}
[0.299584] (-) TimerEvent: {}
[0.400067] (-) TimerEvent: {}
[0.500578] (-) TimerEvent: {}
[0.601100] (-) TimerEvent: {}
[0.701598] (-) TimerEvent: {}
[0.802119] (-) TimerEvent: {}
[0.902609] (-) TimerEvent: {}
[1.003103] (-) TimerEvent: {}
[1.103607] (-) TimerEvent: {}
[1.204102] (-) TimerEvent: {}
[1.304590] (-) TimerEvent: {}
[1.405081] (-) TimerEvent: {}
[1.505615] (-) TimerEvent: {}
[1.556010] (ground_plane_estimator) StderrLine: {'line': b'\x1b[01m\x1b[K/home/turgay/dev_ws/src/ros2_robot/ground_plane_estimator/src/ground_plane_estimator_node.cpp:\x1b[m\x1b[K In function \xe2\x80\x98\x1b[01m\x1b[Kvoid imageColorEdgeDetection(const ConstSharedPtr&, const ConstSharedPtr&)\x1b[m\x1b[K\xe2\x80\x99:\n'}
[1.557386] (ground_plane_estimator) StderrLine: {'line': b'\x1b[01m\x1b[K/home/turgay/dev_ws/src/ros2_robot/ground_plane_estimator/src/ground_plane_estimator_node.cpp:58:42:\x1b[m\x1b[K \x1b[01;31m\x1b[Kerror: \x1b[m\x1b[K\xe2\x80\x98\x1b[01m\x1b[KRGB8\x1b[m\x1b[K\xe2\x80\x99 was not declared in this scope\n'}
[1.557737] (ground_plane_estimator) StderrLine: {'line': b'       cv_ptr = cv_bridge::toCvCopy( msg, \x1b[01;31m\x1b[KRGB8\x1b[m\x1b[K );\n'}
[1.558016] (ground_plane_estimator) StderrLine: {'line': b'                                          \x1b[01;31m\x1b[K^~~~\x1b[m\x1b[K\n'}
[1.558247] (ground_plane_estimator) StderrLine: {'line': b'\x1b[01m\x1b[K/home/turgay/dev_ws/src/ros2_robot/ground_plane_estimator/src/ground_plane_estimator_node.cpp:58:42:\x1b[m\x1b[K \x1b[01;36m\x1b[Knote: \x1b[m\x1b[Ksuggested alternative:\n'}
[1.558540] (ground_plane_estimator) StderrLine: {'line': b'In file included from \x1b[01m\x1b[K/opt/ros/dashing/include/cv_bridge/cv_bridge.h:42:0\x1b[m\x1b[K,\n'}
[1.558763] (ground_plane_estimator) StderrLine: {'line': b'                 from \x1b[01m\x1b[K/home/turgay/dev_ws/src/ros2_robot/ground_plane_estimator/include/ground_plane_estimator/ground_plane_estimator_node.hpp:21\x1b[m\x1b[K,\n'}
[1.558983] (ground_plane_estimator) StderrLine: {'line': b'                 from \x1b[01m\x1b[K/home/turgay/dev_ws/src/ros2_robot/ground_plane_estimator/src/ground_plane_estimator_node.cpp:7\x1b[m\x1b[K:\n'}
[1.559199] (ground_plane_estimator) StderrLine: {'line': b'\x1b[01m\x1b[K/opt/ros/dashing/include/sensor_msgs/image_encodings.hpp:47:12:\x1b[m\x1b[K \x1b[01;36m\x1b[Knote: \x1b[m\x1b[K  \xe2\x80\x98\x1b[01m\x1b[Ksensor_msgs::image_encodings::RGB8\x1b[m\x1b[K\xe2\x80\x99\n'}
[1.559410] (ground_plane_estimator) StderrLine: {'line': b' const char \x1b[01;36m\x1b[KRGB8\x1b[m\x1b[K[] = "rgb8";\n'}
[1.559617] (ground_plane_estimator) StderrLine: {'line': b'            \x1b[01;36m\x1b[K^~~~\x1b[m\x1b[K\n'}
[1.559822] (ground_plane_estimator) StderrLine: {'line': b'In file included from \x1b[01m\x1b[K/opt/ros/dashing/include/rclcpp/service.hpp:33:0\x1b[m\x1b[K,\n'}
[1.560041] (ground_plane_estimator) StderrLine: {'line': b'                 from \x1b[01m\x1b[K/opt/ros/dashing/include/rclcpp/callback_group.hpp:25\x1b[m\x1b[K,\n'}
[1.560247] (ground_plane_estimator) StderrLine: {'line': b'                 from \x1b[01m\x1b[K/opt/ros/dashing/include/rclcpp/any_executable.hpp:20\x1b[m\x1b[K,\n'}
[1.560451] (ground_plane_estimator) StderrLine: {'line': b'                 from \x1b[01m\x1b[K/opt/ros/dashing/include/rclcpp/memory_strategy.hpp:24\x1b[m\x1b[K,\n'}
[1.560656] (ground_plane_estimator) StderrLine: {'line': b'                 from \x1b[01m\x1b[K/opt/ros/dashing/include/rclcpp/memory_strategies.hpp:18\x1b[m\x1b[K,\n'}
[1.560858] (ground_plane_estimator) StderrLine: {'line': b'                 from \x1b[01m\x1b[K/opt/ros/dashing/include/rclcpp/executor.hpp:33\x1b[m\x1b[K,\n'}
[1.561061] (ground_plane_estimator) StderrLine: {'line': b'                 from \x1b[01m\x1b[K/opt/ros/dashing/include/rclcpp/executors/multi_threaded_executor.hpp:24\x1b[m\x1b[K,\n'}
[1.561262] (ground_plane_estimator) StderrLine: {'line': b'                 from \x1b[01m\x1b[K/opt/ros/dashing/include/rclcpp/executors.hpp:21\x1b[m\x1b[K,\n'}
[1.561463] (ground_plane_estimator) StderrLine: {'line': b'                 from \x1b[01m\x1b[K/opt/ros/dashing/include/rclcpp/rclcpp.hpp:144\x1b[m\x1b[K,\n'}
[1.561697] (ground_plane_estimator) StderrLine: {'line': b'                 from \x1b[01m\x1b[K/home/turgay/dev_ws/src/ros2_robot/ground_plane_estimator/include/ground_plane_estimator/ground_plane_estimator_node.hpp:18\x1b[m\x1b[K,\n'}
[1.561911] (ground_plane_estimator) StderrLine: {'line': b'                 from \x1b[01m\x1b[K/home/turgay/dev_ws/src/ros2_robot/ground_plane_estimator/src/ground_plane_estimator_node.cpp:7\x1b[m\x1b[K:\n'}
[1.562060] (ground_plane_estimator) StderrLine: {'line': b'\x1b[01m\x1b[K/home/turgay/dev_ws/src/ros2_robot/ground_plane_estimator/src/ground_plane_estimator_node.cpp:61:18:\x1b[m\x1b[K \x1b[01;31m\x1b[Kerror: \x1b[m\x1b[Kinvalid use of \xe2\x80\x98\x1b[01m\x1b[Kthis\x1b[m\x1b[K\xe2\x80\x99 in non-member function\n'}
[1.562211] (ground_plane_estimator) StderrLine: {'line': b'     RCLCPP_ERROR(\x1b[01;31m\x1b[Kt\x1b[m\x1b[Khis->get_logger(), "cv_bridge exception: %s", e.what() );\n'}
[1.562359] (ground_plane_estimator) StderrLine: {'line': b'                  \x1b[01;31m\x1b[K^\x1b[m\x1b[K\n'}
[1.562507] (ground_plane_estimator) StderrLine: {'line': b'\x1b[01m\x1b[K/opt/ros/dashing/include/rclcpp/logging.hpp:491:86:\x1b[m\x1b[K \x1b[01;36m\x1b[Knote: \x1b[m\x1b[Kin definition of macro \xe2\x80\x98\x1b[01m\x1b[KRCLCPP_ERROR\x1b[m\x1b[K\xe2\x80\x99\n'}
[1.562661] (ground_plane_estimator) StderrLine: {'line': b'       ::std::is_same<typename std::remove_reference<typename std::remove_cv<decltype(\x1b[01;36m\x1b[Klogger\x1b[m\x1b[K)>::type>::type, \\\n'}
[1.562811] (ground_plane_estimator) StderrLine: {'line': b'                                                                                      \x1b[01;36m\x1b[K^~~~~~\x1b[m\x1b[K\n'}
[1.562961] (ground_plane_estimator) StderrLine: {'line': b'\x1b[01m\x1b[K/home/turgay/dev_ws/src/ros2_robot/ground_plane_estimator/src/ground_plane_estimator_node.cpp:61:18:\x1b[m\x1b[K \x1b[01;31m\x1b[Kerror: \x1b[m\x1b[Kinvalid use of \xe2\x80\x98\x1b[01m\x1b[Kthis\x1b[m\x1b[K\xe2\x80\x99 in non-member function\n'}
[1.563121] (ground_plane_estimator) StderrLine: {'line': b'     RCLCPP_ERROR(\x1b[01;31m\x1b[Kt\x1b[m\x1b[Khis->get_logger(), "cv_bridge exception: %s", e.what() );\n'}
[1.563269] (ground_plane_estimator) StderrLine: {'line': b'                  \x1b[01;31m\x1b[K^\x1b[m\x1b[K\n'}
[1.563415] (ground_plane_estimator) StderrLine: {'line': b'\x1b[01m\x1b[K/opt/ros/dashing/include/rclcpp/logging.hpp:491:86:\x1b[m\x1b[K \x1b[01;36m\x1b[Knote: \x1b[m\x1b[Kin definition of macro \xe2\x80\x98\x1b[01m\x1b[KRCLCPP_ERROR\x1b[m\x1b[K\xe2\x80\x99\n'}
[1.563573] (ground_plane_estimator) StderrLine: {'line': b'       ::std::is_same<typename std::remove_reference<typename std::remove_cv<decltype(\x1b[01;36m\x1b[Klogger\x1b[m\x1b[K)>::type>::type, \\\n'}
[1.563728] (ground_plane_estimator) StderrLine: {'line': b'                                                                                      \x1b[01;36m\x1b[K^~~~~~\x1b[m\x1b[K\n'}
[1.563885] (ground_plane_estimator) StderrLine: {'line': b'\x1b[01m\x1b[K/opt/ros/dashing/include/rclcpp/logging.hpp:491:93:\x1b[m\x1b[K \x1b[01;31m\x1b[Kerror: \x1b[m\x1b[Ktemplate argument 1 is invalid\n'}
[1.564034] (ground_plane_estimator) StderrLine: {'line': b'       ::std::is_same<typename std::remove_reference<typename std::remove_cv<decltype(logger)\x1b[01;31m\x1b[K>\x1b[m\x1b[K::type>::type, \\\n'}
[1.564186] (ground_plane_estimator) StderrLine: {'line': b'                                                                                             \x1b[01;31m\x1b[K^\x1b[m\x1b[K\n'}
[1.564333] (ground_plane_estimator) StderrLine: {'line': b'\x1b[01m\x1b[K/home/turgay/dev_ws/src/ros2_robot/ground_plane_estimator/src/ground_plane_estimator_node.cpp:61:5:\x1b[m\x1b[K \x1b[01;36m\x1b[Knote: \x1b[m\x1b[Kin expansion of macro \xe2\x80\x98\x1b[01m\x1b[KRCLCPP_ERROR\x1b[m\x1b[K\xe2\x80\x99\n'}
[1.564480] (ground_plane_estimator) StderrLine: {'line': b'     \x1b[01;36m\x1b[KRCLCPP_ERROR\x1b[m\x1b[K(this->get_logger(), "cv_bridge exception: %s", e.what() );\n'}
[1.564627] (ground_plane_estimator) StderrLine: {'line': b'     \x1b[01;36m\x1b[K^~~~~~~~~~~~\x1b[m\x1b[K\n'}
[1.564770] (ground_plane_estimator) StderrLine: {'line': b'\x1b[01m\x1b[K/opt/ros/dashing/include/rclcpp/logging.hpp:491:100:\x1b[m\x1b[K \x1b[01;31m\x1b[Kerror: \x1b[m\x1b[Ktemplate argument 1 is invalid\n'}
[1.564915] (ground_plane_estimator) StderrLine: {'line': b'       ::std::is_same<typename std::remove_reference<typename std::remove_cv<decltype(logger)>::type\x1b[01;31m\x1b[K>\x1b[m\x1b[K::type, \\\n'}
[1.565061] (ground_plane_estimator) StderrLine: {'line': b'                                                                                                    \x1b[01;31m\x1b[K^\x1b[m\x1b[K\n'}
[1.565208] (ground_plane_estimator) StderrLine: {'line': b'\x1b[01m\x1b[K/home/turgay/dev_ws/src/ros2_robot/ground_plane_estimator/src/ground_plane_estimator_node.cpp:61:5:\x1b[m\x1b[K \x1b[01;36m\x1b[Knote: \x1b[m\x1b[Kin expansion of macro \xe2\x80\x98\x1b[01m\x1b[KRCLCPP_ERROR\x1b[m\x1b[K\xe2\x80\x99\n'}
[1.565356] (ground_plane_estimator) StderrLine: {'line': b'     \x1b[01;36m\x1b[KRCLCPP_ERROR\x1b[m\x1b[K(this->get_logger(), "cv_bridge exception: %s", e.what() );\n'}
[1.565502] (ground_plane_estimator) StderrLine: {'line': b'     \x1b[01;36m\x1b[K^~~~~~~~~~~~\x1b[m\x1b[K\n'}
[1.565669] (ground_plane_estimator) StderrLine: {'line': b'\x1b[01m\x1b[K/opt/ros/dashing/include/rclcpp/logging.hpp:492:32:\x1b[m\x1b[K \x1b[01;31m\x1b[Kerror: \x1b[m\x1b[Ktemplate argument 1 is invalid\n'}
[1.565820] (ground_plane_estimator) StderrLine: {'line': b'       typename ::rclcpp::Logger\x1b[01;31m\x1b[K>\x1b[m\x1b[K::value, \\\n'}
[1.565966] (ground_plane_estimator) StderrLine: {'line': b'                                \x1b[01;31m\x1b[K^\x1b[m\x1b[K\n'}
[1.566112] (ground_plane_estimator) StderrLine: {'line': b'\x1b[01m\x1b[K/home/turgay/dev_ws/src/ros2_robot/ground_plane_estimator/src/ground_plane_estimator_node.cpp:61:5:\x1b[m\x1b[K \x1b[01;36m\x1b[Knote: \x1b[m\x1b[Kin expansion of macro \xe2\x80\x98\x1b[01m\x1b[KRCLCPP_ERROR\x1b[m\x1b[K\xe2\x80\x99\n'}
[1.566259] (ground_plane_estimator) StderrLine: {'line': b'     \x1b[01;36m\x1b[KRCLCPP_ERROR\x1b[m\x1b[K(this->get_logger(), "cv_bridge exception: %s", e.what() );\n'}
[1.566407] (ground_plane_estimator) StderrLine: {'line': b'     \x1b[01;36m\x1b[K^~~~~~~~~~~~\x1b[m\x1b[K\n'}
[1.566553] (ground_plane_estimator) StderrLine: {'line': b'In file included from \x1b[01m\x1b[K/opt/ros/dashing/include/rclcpp/client.hpp:39:0\x1b[m\x1b[K,\n'}
[1.566700] (ground_plane_estimator) StderrLine: {'line': b'                 from \x1b[01m\x1b[K/opt/ros/dashing/include/rclcpp/callback_group.hpp:23\x1b[m\x1b[K,\n'}
[1.566845] (ground_plane_estimator) StderrLine: {'line': b'                 from \x1b[01m\x1b[K/opt/ros/dashing/include/rclcpp/any_executable.hpp:20\x1b[m\x1b[K,\n'}
[1.567002] (ground_plane_estimator) StderrLine: {'line': b'                 from \x1b[01m\x1b[K/opt/ros/dashing/include/rclcpp/memory_strategy.hpp:24\x1b[m\x1b[K,\n'}
[1.567147] (ground_plane_estimator) StderrLine: {'line': b'                 from \x1b[01m\x1b[K/opt/ros/dashing/include/rclcpp/memory_strategies.hpp:18\x1b[m\x1b[K,\n'}
[1.567292] (ground_plane_estimator) StderrLine: {'line': b'                 from \x1b[01m\x1b[K/opt/ros/dashing/include/rclcpp/executor.hpp:33\x1b[m\x1b[K,\n'}
[1.567437] (ground_plane_estimator) StderrLine: {'line': b'                 from \x1b[01m\x1b[K/opt/ros/dashing/include/rclcpp/executors/multi_threaded_executor.hpp:24\x1b[m\x1b[K,\n'}
[1.567585] (ground_plane_estimator) StderrLine: {'line': b'                 from \x1b[01m\x1b[K/opt/ros/dashing/include/rclcpp/executors.hpp:21\x1b[m\x1b[K,\n'}
[1.567731] (ground_plane_estimator) StderrLine: {'line': b'                 from \x1b[01m\x1b[K/opt/ros/dashing/include/rclcpp/rclcpp.hpp:144\x1b[m\x1b[K,\n'}
[1.567877] (ground_plane_estimator) StderrLine: {'line': b'                 from \x1b[01m\x1b[K/home/turgay/dev_ws/src/ros2_robot/ground_plane_estimator/include/ground_plane_estimator/ground_plane_estimator_node.hpp:18\x1b[m\x1b[K,\n'}
[1.568023] (ground_plane_estimator) StderrLine: {'line': b'                 from \x1b[01m\x1b[K/home/turgay/dev_ws/src/ros2_robot/ground_plane_estimator/src/ground_plane_estimator_node.cpp:7\x1b[m\x1b[K:\n'}
[1.568168] (ground_plane_estimator) StderrLine: {'line': b'\x1b[01m\x1b[K/home/turgay/dev_ws/src/ros2_robot/ground_plane_estimator/src/ground_plane_estimator_node.cpp:61:18:\x1b[m\x1b[K \x1b[01;31m\x1b[Kerror: \x1b[m\x1b[Kinvalid use of \xe2\x80\x98\x1b[01m\x1b[Kthis\x1b[m\x1b[K\xe2\x80\x99 in non-member function\n'}
[1.568325] (ground_plane_estimator) StderrLine: {'line': b'     RCLCPP_ERROR(\x1b[01;31m\x1b[Kt\x1b[m\x1b[Khis->get_logger(), "cv_bridge exception: %s", e.what() );\n'}
[1.568474] (ground_plane_estimator) StderrLine: {'line': b'                  \x1b[01;31m\x1b[K^\x1b[m\x1b[K\n'}
[1.568618] (ground_plane_estimator) StderrLine: {'line': b'\x1b[01m\x1b[K/opt/ros/dashing/include/rcutils/logging_macros.h:70:47:\x1b[m\x1b[K \x1b[01;36m\x1b[Knote: \x1b[m\x1b[Kin definition of macro \xe2\x80\x98\x1b[01m\x1b[KRCUTILS_LOG_COND_NAMED\x1b[m\x1b[K\xe2\x80\x99\n'}
[1.568777] (ground_plane_estimator) StderrLine: {'line': b'     if (rcutils_logging_logger_is_enabled_for(\x1b[01;36m\x1b[Kname\x1b[m\x1b[K, severity)) { \\\n'}
[1.568926] (ground_plane_estimator) StderrLine: {'line': b'                                               \x1b[01;36m\x1b[K^~~~\x1b[m\x1b[K\n'}
[1.569073] (ground_plane_estimator) StderrLine: {'line': b'\x1b[01m\x1b[K/opt/ros/dashing/include/rclcpp/logging.hpp:494:5:\x1b[m\x1b[K \x1b[01;36m\x1b[Knote: \x1b[m\x1b[Kin expansion of macro \xe2\x80\x98\x1b[01m\x1b[KRCUTILS_LOG_ERROR_NAMED\x1b[m\x1b[K\xe2\x80\x99\n'}
[1.569234] (ground_plane_estimator) StderrLine: {'line': b'     \x1b[01;36m\x1b[KRCUTILS_LOG_ERROR_NAMED\x1b[m\x1b[K( \\\n'}
[1.569382] (ground_plane_estimator) StderrLine: {'line': b'     \x1b[01;36m\x1b[K^~~~~~~~~~~~~~~~~~~~~~~\x1b[m\x1b[K\n'}
[1.569530] (ground_plane_estimator) StderrLine: {'line': b'\x1b[01m\x1b[K/home/turgay/dev_ws/src/ros2_robot/ground_plane_estimator/src/ground_plane_estimator_node.cpp:61:5:\x1b[m\x1b[K \x1b[01;36m\x1b[Knote: \x1b[m\x1b[Kin expansion of macro \xe2\x80\x98\x1b[01m\x1b[KRCLCPP_ERROR\x1b[m\x1b[K\xe2\x80\x99\n'}
[1.569699] (ground_plane_estimator) StderrLine: {'line': b'     \x1b[01;36m\x1b[KRCLCPP_ERROR\x1b[m\x1b[K(this->get_logger(), "cv_bridge exception: %s", e.what() );\n'}
[1.569850] (ground_plane_estimator) StderrLine: {'line': b'     \x1b[01;36m\x1b[K^~~~~~~~~~~~\x1b[m\x1b[K\n'}
[1.569995] (ground_plane_estimator) StderrLine: {'line': b'\x1b[01m\x1b[K/home/turgay/dev_ws/src/ros2_robot/ground_plane_estimator/src/ground_plane_estimator_node.cpp:61:18:\x1b[m\x1b[K \x1b[01;31m\x1b[Kerror: \x1b[m\x1b[Kinvalid use of \xe2\x80\x98\x1b[01m\x1b[Kthis\x1b[m\x1b[K\xe2\x80\x99 in non-member function\n'}
[1.570151] (ground_plane_estimator) StderrLine: {'line': b'     RCLCPP_ERROR(\x1b[01;31m\x1b[Kt\x1b[m\x1b[Khis->get_logger(), "cv_bridge exception: %s", e.what() );\n'}
[1.570297] (ground_plane_estimator) StderrLine: {'line': b'                  \x1b[01;31m\x1b[K^\x1b[m\x1b[K\n'}
[1.570442] (ground_plane_estimator) StderrLine: {'line': b'\x1b[01m\x1b[K/opt/ros/dashing/include/rcutils/logging_macros.h:72:58:\x1b[m\x1b[K \x1b[01;36m\x1b[Knote: \x1b[m\x1b[Kin definition of macro \xe2\x80\x98\x1b[01m\x1b[KRCUTILS_LOG_COND_NAMED\x1b[m\x1b[K\xe2\x80\x99\n'}
[1.570592] (ground_plane_estimator) StderrLine: {'line': b'       rcutils_log(&__rcutils_logging_location, severity, \x1b[01;36m\x1b[Kname\x1b[m\x1b[K, __VA_ARGS__); \\\n'}
[1.570739] (ground_plane_estimator) StderrLine: {'line': b'                                                          \x1b[01;36m\x1b[K^~~~\x1b[m\x1b[K\n'}
[1.570885] (ground_plane_estimator) StderrLine: {'line': b'\x1b[01m\x1b[K/opt/ros/dashing/include/rclcpp/logging.hpp:494:5:\x1b[m\x1b[K \x1b[01;36m\x1b[Knote: \x1b[m\x1b[Kin expansion of macro \xe2\x80\x98\x1b[01m\x1b[KRCUTILS_LOG_ERROR_NAMED\x1b[m\x1b[K\xe2\x80\x99\n'}
[1.571031] (ground_plane_estimator) StderrLine: {'line': b'     \x1b[01;36m\x1b[KRCUTILS_LOG_ERROR_NAMED\x1b[m\x1b[K( \\\n'}
[1.571176] (ground_plane_estimator) StderrLine: {'line': b'     \x1b[01;36m\x1b[K^~~~~~~~~~~~~~~~~~~~~~~\x1b[m\x1b[K\n'}
[1.571321] (ground_plane_estimator) StderrLine: {'line': b'\x1b[01m\x1b[K/home/turgay/dev_ws/src/ros2_robot/ground_plane_estimator/src/ground_plane_estimator_node.cpp:61:5:\x1b[m\x1b[K \x1b[01;36m\x1b[Knote: \x1b[m\x1b[Kin expansion of macro \xe2\x80\x98\x1b[01m\x1b[KRCLCPP_ERROR\x1b[m\x1b[K\xe2\x80\x99\n'}
[1.571469] (ground_plane_estimator) StderrLine: {'line': b'     \x1b[01;36m\x1b[KRCLCPP_ERROR\x1b[m\x1b[K(this->get_logger(), "cv_bridge exception: %s", e.what() );\n'}
[1.571616] (ground_plane_estimator) StderrLine: {'line': b'     \x1b[01;36m\x1b[K^~~~~~~~~~~~\x1b[m\x1b[K\n'}
[1.571761] (ground_plane_estimator) StderrLine: {'line': b'\x1b[01m\x1b[K/home/turgay/dev_ws/src/ros2_robot/ground_plane_estimator/src/ground_plane_estimator_node.cpp:55:136:\x1b[m\x1b[K \x1b[01;35m\x1b[Kwarning: \x1b[m\x1b[Kunused parameter \xe2\x80\x98\x1b[01m\x1b[Kpoint_msg\x1b[m\x1b[K\xe2\x80\x99 [\x1b[01;35m\x1b[K-Wunused-parameter\x1b[m\x1b[K]\n'}
[1.571909] (ground_plane_estimator) StderrLine: {'line': b' nsor_msgs::msg::Image::ConstSharedPtr& msg, const sensor_msgs::msg::PointCloud2::ConstSharedPtr & \x1b[01;35m\x1b[Kpoint_msg\x1b[m\x1b[K) {\n'}
[1.572057] (ground_plane_estimator) StderrLine: {'line': b'                                                                                                   \x1b[01;35m\x1b[K^~~~~~~~~\x1b[m\x1b[K\n'}
[1.605731] (-) TimerEvent: {}
[1.706151] (-) TimerEvent: {}
[1.806651] (-) TimerEvent: {}
[1.907152] (-) TimerEvent: {}
[2.007672] (-) TimerEvent: {}
[2.108169] (-) TimerEvent: {}
[2.179346] (ground_plane_estimator) StderrLine: {'line': b'make[2]: *** [CMakeFiles/ground_plane_estimator_node.dir/src/ground_plane_estimator_node.cpp.o] Error 1\n'}
[2.179732] (ground_plane_estimator) StdoutLine: {'line': b"CMakeFiles/ground_plane_estimator_node.dir/build.make:62: recipe for target 'CMakeFiles/ground_plane_estimator_node.dir/src/ground_plane_estimator_node.cpp.o' failed\n"}
[2.180235] (ground_plane_estimator) StdoutLine: {'line': b"CMakeFiles/Makefile2:67: recipe for target 'CMakeFiles/ground_plane_estimator_node.dir/all' failed\n"}
[2.180640] (ground_plane_estimator) StderrLine: {'line': b'make[1]: *** [CMakeFiles/ground_plane_estimator_node.dir/all] Error 2\n'}
[2.180868] (ground_plane_estimator) StderrLine: {'line': b'make: *** [all] Error 2\n'}
[2.181083] (ground_plane_estimator) StdoutLine: {'line': b"Makefile:140: recipe for target 'all' failed\n"}
[2.182930] (ground_plane_estimator) CommandEnded: {'returncode': 2}
[2.184045] (ground_plane_estimator) JobEnded: {'identifier': 'ground_plane_estimator', 'rc': 2}
[2.193927] (-) EventReactorShutdown: {}
