[0.045s] -- Found ament_cmake: 0.7.4 (/opt/ros/dashing/share/ament_cmake/cmake)
[0.084s] -- Using PYTHON_EXECUTABLE: /usr/bin/python3
[0.357s] -- Override CMake install command with custom implementation using symlinks instead of copying resources
[0.366s] -- Found rclcpp: 0.7.13 (/opt/ros/dashing/share/rclcpp/cmake)
[0.381s] -- Found rosidl_adapter: 0.7.9 (/opt/ros/dashing/share/rosidl_adapter/cmake)
[0.423s] -- Found rmw_implementation_cmake: 0.7.2 (/opt/ros/dashing/share/rmw_implementation_cmake/cmake)
[0.427s] -- Using RMW implementation 'rmw_fastrtps_cpp' as default
[0.456s] -- Found std_msgs: 0.7.0 (/opt/ros/dashing/share/std_msgs/cmake)
[0.463s] -- Found rclcpp_components: 0.7.13 (/opt/ros/dashing/share/rclcpp_components/cmake)
[0.465s] -- Found poco_vendor:  (/opt/ros/dashing/share/poco_vendor/cmake)
[0.479s] -- Found nav_msgs: 0.7.0 (/opt/ros/dashing/share/nav_msgs/cmake)
[0.497s] -- Found sensor_msgs: 0.7.0 (/opt/ros/dashing/share/sensor_msgs/cmake)
[0.508s] -- Found cv_bridge: 2.1.4 (/opt/ros/dashing/share/cv_bridge/cmake)
[0.524s] -- Found tf2: 0.11.6 (/opt/ros/dashing/share/tf2/cmake)
[0.527s] -- Found tf2_ros: 0.11.6 (/opt/ros/dashing/share/tf2_ros/cmake)
[0.575s] -- Found image_transport: 2.1.1 (/opt/ros/dashing/share/image_transport/cmake)
[0.597s] -- Found tinyxml2_vendor:  (/opt/ros/dashing/share/tinyxml2_vendor/cmake)
[0.618s] -- Found pcl_conversions: 2.0.0 (/opt/ros/dashing/share/pcl_conversions/cmake)
[0.620s] -- Found pcl_msgs: 1.0.0 (/opt/ros/dashing/share/pcl_msgs/cmake)
[0.726s] -- Boost version: 1.65.1
[0.727s] -- Found the following Boost libraries:
[0.727s] --   system
[0.727s] --   filesystem
[0.727s] --   thread
[0.727s] --   chrono
[0.727s] --   date_time
[0.727s] --   atomic
[0.859s] -- Boost version: 1.65.1
[0.860s] -- Found the following Boost libraries:
[0.860s] --   system
[0.860s] --   filesystem
[0.860s] --   thread
[0.860s] --   date_time
[0.860s] --   iostreams
[0.861s] --   serialization
[0.861s] --   chrono
[0.861s] --   atomic
[0.861s] --   regex
[0.876s] -- Could NOT find ensenso (missing: ENSENSO_LIBRARY ENSENSO_INCLUDE_DIR) 
[0.882s] -- Could NOT find DAVIDSDK (missing: DAVIDSDK_LIBRARY DAVIDSDK_INCLUDE_DIR) 
[0.883s] -- Could NOT find DSSDK (missing: _DSSDK_LIBRARIES) 
[0.953s] -- The imported target "vtkRenderingPythonTkWidgets" references the file
[0.953s]    "/usr/lib/x86_64-linux-gnu/libvtkRenderingPythonTkWidgets.so"
[0.953s] but this file does not exist.  Possible reasons include:
[0.953s] * The file was deleted, renamed, or moved to another location.
[0.953s] * An install or uninstall procedure did not complete successfully.
[0.954s] * The installation package was faulty and contained
[0.954s]    "/usr/lib/cmake/vtk-6.3/VTKTargets.cmake"
[0.954s] but not all the files it references.
[0.954s] 
[0.954s] -- The imported target "vtk" references the file
[0.954s]    "/usr/bin/vtk"
[0.954s] but this file does not exist.  Possible reasons include:
[0.954s] * The file was deleted, renamed, or moved to another location.
[0.954s] * An install or uninstall procedure did not complete successfully.
[0.954s] * The installation package was faulty and contained
[0.954s]    "/usr/lib/cmake/vtk-6.3/VTKTargets.cmake"
[0.954s] but not all the files it references.
[0.955s] 
[1.057s] -- Could NOT find ensenso (missing: ENSENSO_LIBRARY ENSENSO_INCLUDE_DIR) 
[1.067s] -- Could NOT find DAVIDSDK (missing: DAVIDSDK_LIBRARY DAVIDSDK_INCLUDE_DIR) 
[1.069s] -- Could NOT find DSSDK (missing: _DSSDK_LIBRARIES) 
[1.071s] -- Could NOT find RSSDK (missing: _RSSDK_LIBRARIES) 
[1.127s] -- looking for PCL_COMMON
[1.127s] -- looking for PCL_OCTREE
[1.128s] -- looking for PCL_IO
[1.128s] -- looking for PCL_KDTREE
[1.129s] -- looking for PCL_SEARCH
[1.129s] -- looking for PCL_SAMPLE_CONSENSUS
[1.129s] -- looking for PCL_FILTERS
[1.130s] -- looking for PCL_2D
[1.130s] -- looking for PCL_GEOMETRY
[1.131s] -- looking for PCL_FEATURES
[1.131s] -- looking for PCL_ML
[1.132s] -- looking for PCL_SEGMENTATION
[1.132s] -- looking for PCL_VISUALIZATION
[1.133s] -- looking for PCL_SURFACE
[1.133s] -- looking for PCL_REGISTRATION
[1.134s] -- looking for PCL_KEYPOINTS
[1.135s] -- looking for PCL_TRACKING
[1.135s] -- looking for PCL_RECOGNITION
[1.136s] -- looking for PCL_STEREO
[1.137s] -- looking for PCL_APPS
[1.140s] -- looking for PCL_IN_HAND_SCANNER
[1.140s] -- looking for PCL_MODELER
[1.141s] -- looking for PCL_POINT_CLOUD_EDITOR
[1.141s] -- looking for PCL_OUTOFCORE
[1.142s] -- looking for PCL_PEOPLE
[1.162s] -- Found ament_lint_auto: 0.7.11 (/opt/ros/dashing/share/ament_lint_auto/cmake)
[1.407s] -- Added test 'copyright' to check for copyright in CMake / C / C++ / Python code
[1.408s] -- Added test 'cppcheck' to perform static code analysis on C / C++ code
[1.409s] -- Configured cppcheck include dirs: /home/turgay/dev_ws/src/ros2_robot/ground_plane_estimator/include
[1.410s] -- Added test 'cpplint' to check C / C++ code against the Google style
[1.411s] -- Added test 'lint_cmake' to check CMake code style
[1.412s] -- Added test 'uncrustify' to check C / C++ code style
[1.412s] -- Added test 'xmllint' to check XML markup files
[1.417s] -- Configuring done
[1.480s] -- Generating done
[1.483s] -- Build files have been written to: /home/turgay/dev_ws/src/ros2_robot/build/ground_plane_estimator
[1.579s] [35m[1mScanning dependencies of target ground_plane_estimator_node[0m
[1.662s] [ 50%] [32mBuilding CXX object CMakeFiles/ground_plane_estimator_node.dir/src/ground_plane_estimator_node.cpp.o[0m
[13.610s] [100%] [32m[1mLinking CXX executable ground_plane_estimator_node[0m
[15.106s] [100%] Built target ground_plane_estimator_node
[15.316s] [100%] Built target ground_plane_estimator_node
[15.345s] [36mInstall the project...[0m
[15.364s] -- Install configuration: ""
[15.365s] -- Execute custom install script
[15.366s] -- Up-to-date symlink: /home/turgay/dev_ws/src/ros2_robot/install/ground_plane_estimator/lib/ground_plane_estimator/ground_plane_estimator_node
[15.366s] -- Up-to-date symlink: /home/turgay/dev_ws/src/ros2_robot/install/ground_plane_estimator/share/ament_index/resource_index/package_run_dependencies/ground_plane_estimator
[15.366s] -- Up-to-date symlink: /home/turgay/dev_ws/src/ros2_robot/install/ground_plane_estimator/share/ament_index/resource_index/parent_prefix_path/ground_plane_estimator
[15.367s] -- Up-to-date symlink: /home/turgay/dev_ws/src/ros2_robot/install/ground_plane_estimator/share/ground_plane_estimator/environment/ament_prefix_path.sh
[15.367s] -- Up-to-date symlink: /home/turgay/dev_ws/src/ros2_robot/install/ground_plane_estimator/share/ground_plane_estimator/environment/path.sh
[15.368s] -- Up-to-date symlink: /home/turgay/dev_ws/src/ros2_robot/install/ground_plane_estimator/share/ground_plane_estimator/local_setup.bash
[15.368s] -- Up-to-date symlink: /home/turgay/dev_ws/src/ros2_robot/install/ground_plane_estimator/share/ground_plane_estimator/local_setup.sh
[15.369s] -- Up-to-date symlink: /home/turgay/dev_ws/src/ros2_robot/install/ground_plane_estimator/share/ground_plane_estimator/local_setup.zsh
[15.370s] -- Up-to-date symlink: /home/turgay/dev_ws/src/ros2_robot/install/ground_plane_estimator/share/ament_index/resource_index/packages/ground_plane_estimator
[15.370s] -- Up-to-date symlink: /home/turgay/dev_ws/src/ros2_robot/install/ground_plane_estimator/share/ground_plane_estimator/cmake/ground_plane_estimatorConfig.cmake
[15.370s] -- Up-to-date symlink: /home/turgay/dev_ws/src/ros2_robot/install/ground_plane_estimator/share/ground_plane_estimator/cmake/ground_plane_estimatorConfig-version.cmake
[15.370s] -- Up-to-date symlink: /home/turgay/dev_ws/src/ros2_robot/install/ground_plane_estimator/share/ground_plane_estimator/package.xml
