[0.654s] Invoking command in '/home/latte/dev_ws/src/ros2_robot/remote_control': PYTHONPATH=/home/latte/dev_ws/src/ros2_robot/install/remote_control/lib/python3.6/site-packages:${PYTHONPATH} /usr/bin/python3 setup.py egg_info --egg-base /home/latte/dev_ws/src/ros2_robot/build/remote_control build --build-base /home/latte/dev_ws/src/ros2_robot/build/remote_control/build install --prefix /home/latte/dev_ws/src/ros2_robot/install/remote_control --record /home/latte/dev_ws/src/ros2_robot/build/remote_control/install.log --single-version-externally-managed
[1.254s] running egg_info
[1.255s] writing /home/latte/dev_ws/src/ros2_robot/build/remote_control/remote_control.egg-info/PKG-INFO
[1.256s] writing dependency_links to /home/latte/dev_ws/src/ros2_robot/build/remote_control/remote_control.egg-info/dependency_links.txt
[1.256s] writing entry points to /home/latte/dev_ws/src/ros2_robot/build/remote_control/remote_control.egg-info/entry_points.txt
[1.257s] writing requirements to /home/latte/dev_ws/src/ros2_robot/build/remote_control/remote_control.egg-info/requires.txt
[1.257s] writing top-level names to /home/latte/dev_ws/src/ros2_robot/build/remote_control/remote_control.egg-info/top_level.txt
[1.323s] reading manifest file '/home/latte/dev_ws/src/ros2_robot/build/remote_control/remote_control.egg-info/SOURCES.txt'
[1.325s] writing manifest file '/home/latte/dev_ws/src/ros2_robot/build/remote_control/remote_control.egg-info/SOURCES.txt'
[1.325s] running build
[1.326s] running build_py
[1.326s] running install
[1.327s] running install_lib
[1.340s] running install_data
[1.342s] running install_egg_info
[1.343s] removing '/home/latte/dev_ws/src/ros2_robot/install/remote_control/lib/python3.6/site-packages/remote_control-0.0.0-py3.6.egg-info' (and everything under it)
[1.343s] Copying /home/latte/dev_ws/src/ros2_robot/build/remote_control/remote_control.egg-info to /home/latte/dev_ws/src/ros2_robot/install/remote_control/lib/python3.6/site-packages/remote_control-0.0.0-py3.6.egg-info
[1.344s] running install_scripts
[1.373s] Installing remote_control_node script to /home/latte/dev_ws/src/ros2_robot/install/remote_control/lib/remote_control
[1.374s] writing list of installed files to '/home/latte/dev_ws/src/ros2_robot/build/remote_control/install.log'
[1.413s] Invoked command in '/home/latte/dev_ws/src/ros2_robot/remote_control' returned '0': PYTHONPATH=/home/latte/dev_ws/src/ros2_robot/install/remote_control/lib/python3.6/site-packages:${PYTHONPATH} /usr/bin/python3 setup.py egg_info --egg-base /home/latte/dev_ws/src/ros2_robot/build/remote_control build --build-base /home/latte/dev_ws/src/ros2_robot/build/remote_control/build install --prefix /home/latte/dev_ws/src/ros2_robot/install/remote_control --record /home/latte/dev_ws/src/ros2_robot/build/remote_control/install.log --single-version-externally-managed
