[0.129s] Invoking command in '/home/turgay/dev_ws/src/ros2_robot/build/realsense_t265_ros': CMAKE_PREFIX_PATH=${CMAKE_PREFIX_PATH}:/home/turgay/dev_ws/src/ros2_robot/install/simple_gps:/home/turgay/dev_ws/src/ros2_robot/install/remote_control:/opt/robot_devkit/tools/rdk_perf:/opt/robot_devkit/perception/handeye_dashboard:/opt/robot_devkit/perception/handeye:/opt/robot_devkit/perception/criutils:/opt/robot_devkit/perception/baldor:/opt/ros/dashing /usr/bin/cmake --build /home/turgay/dev_ws/src/ros2_robot/build/realsense_t265_ros -- -j12 -l12
[0.740s] [ 14%] Built target gtest
[0.740s] [ 28%] Built target gtest_main
[0.934s] [ 71%] Built target realsense_t265_ros
[1.015s] [ 85%] Built target unittest_function
[1.034s] [100%] Built target camera_core
[1.050s] Invoked command in '/home/turgay/dev_ws/src/ros2_robot/build/realsense_t265_ros' returned '0': CMAKE_PREFIX_PATH=${CMAKE_PREFIX_PATH}:/home/turgay/dev_ws/src/ros2_robot/install/simple_gps:/home/turgay/dev_ws/src/ros2_robot/install/remote_control:/opt/robot_devkit/tools/rdk_perf:/opt/robot_devkit/perception/handeye_dashboard:/opt/robot_devkit/perception/handeye:/opt/robot_devkit/perception/criutils:/opt/robot_devkit/perception/baldor:/opt/ros/dashing /usr/bin/cmake --build /home/turgay/dev_ws/src/ros2_robot/build/realsense_t265_ros -- -j12 -l12
[1.127s] Invoking command in '/home/turgay/dev_ws/src/ros2_robot/build/realsense_t265_ros': CMAKE_PREFIX_PATH=${CMAKE_PREFIX_PATH}:/home/turgay/dev_ws/src/ros2_robot/install/simple_gps:/home/turgay/dev_ws/src/ros2_robot/install/remote_control:/opt/robot_devkit/tools/rdk_perf:/opt/robot_devkit/perception/handeye_dashboard:/opt/robot_devkit/perception/handeye:/opt/robot_devkit/perception/criutils:/opt/robot_devkit/perception/baldor:/opt/ros/dashing /usr/bin/cmake --build /home/turgay/dev_ws/src/ros2_robot/build/realsense_t265_ros --target install -- -j12 -l12
[1.212s] [ 14%] Built target gtest
[1.216s] [ 28%] Built target gtest_main
[1.240s] [ 71%] Built target realsense_t265_ros
[1.292s] [ 85%] Built target unittest_function
[1.302s] [100%] Built target camera_core
[1.342s] [36mInstall the project...[0m
[1.356s] -- Install configuration: ""
[1.358s] -- Up-to-date: /home/turgay/dev_ws/src/ros2_robot/install/realsense_t265_ros/lib/librealsense_t265_ros.so
[1.361s] -- Up-to-date: /home/turgay/dev_ws/src/ros2_robot/install/realsense_t265_ros/include
[1.361s] -- Up-to-date: /home/turgay/dev_ws/src/ros2_robot/install/realsense_t265_ros/include/realsense
[1.361s] -- Up-to-date: /home/turgay/dev_ws/src/ros2_robot/install/realsense_t265_ros/include/realsense/rs_t265_base.hpp
[1.361s] -- Up-to-date: /home/turgay/dev_ws/src/ros2_robot/install/realsense_t265_ros/include/realsense/rs_t265_t265.hpp
[1.362s] -- Up-to-date: /home/turgay/dev_ws/src/ros2_robot/install/realsense_t265_ros/include/realsense/rs_d435i.hpp
[1.362s] -- Up-to-date: /home/turgay/dev_ws/src/ros2_robot/install/realsense_t265_ros/include/realsense/rs_factory.hpp
[1.362s] -- Up-to-date: /home/turgay/dev_ws/src/ros2_robot/install/realsense_t265_ros/include/realsense/rs_d435.hpp
[1.362s] -- Up-to-date: /home/turgay/dev_ws/src/ros2_robot/install/realsense_t265_ros/include/realsense/rs_constants.hpp
[1.363s] -- Up-to-date: /home/turgay/dev_ws/src/ros2_robot/install/realsense_t265_ros/include/realsense/rs_t265_factory.hpp
[1.363s] -- Up-to-date: /home/turgay/dev_ws/src/ros2_robot/install/realsense_t265_ros/share/realsense_t265_ros/environment/library_path.sh
[1.363s] -- Up-to-date: /home/turgay/dev_ws/src/ros2_robot/install/realsense_t265_ros/share/ament_index/resource_index/package_run_dependencies/realsense_t265_ros
[1.363s] -- Up-to-date: /home/turgay/dev_ws/src/ros2_robot/install/realsense_t265_ros/share/ament_index/resource_index/parent_prefix_path/realsense_t265_ros
[1.364s] -- Up-to-date: /home/turgay/dev_ws/src/ros2_robot/install/realsense_t265_ros/share/realsense_t265_ros/environment/ament_prefix_path.sh
[1.364s] -- Up-to-date: /home/turgay/dev_ws/src/ros2_robot/install/realsense_t265_ros/share/realsense_t265_ros/environment/path.sh
[1.364s] -- Up-to-date: /home/turgay/dev_ws/src/ros2_robot/install/realsense_t265_ros/share/realsense_t265_ros/local_setup.bash
[1.364s] -- Up-to-date: /home/turgay/dev_ws/src/ros2_robot/install/realsense_t265_ros/share/realsense_t265_ros/local_setup.sh
[1.364s] -- Up-to-date: /home/turgay/dev_ws/src/ros2_robot/install/realsense_t265_ros/share/realsense_t265_ros/local_setup.zsh
[1.364s] -- Up-to-date: /home/turgay/dev_ws/src/ros2_robot/install/realsense_t265_ros/share/ament_index/resource_index/packages/realsense_t265_ros
[1.365s] -- Up-to-date: /home/turgay/dev_ws/src/ros2_robot/install/realsense_t265_ros/share/ament_index/resource_index/rclcpp_components/realsense_t265_ros
[1.365s] -- Up-to-date: /home/turgay/dev_ws/src/ros2_robot/install/realsense_t265_ros/share/realsense_t265_ros/cmake/ament_cmake_export_include_directories-extras.cmake
[1.366s] -- Up-to-date: /home/turgay/dev_ws/src/ros2_robot/install/realsense_t265_ros/share/realsense_t265_ros/cmake/ament_cmake_export_libraries-extras.cmake
[1.366s] -- Up-to-date: /home/turgay/dev_ws/src/ros2_robot/install/realsense_t265_ros/share/realsense_t265_ros/cmake/realsense_t265_rosConfig.cmake
[1.366s] -- Up-to-date: /home/turgay/dev_ws/src/ros2_robot/install/realsense_t265_ros/share/realsense_t265_ros/cmake/realsense_t265_rosConfig-version.cmake
[1.367s] -- Up-to-date: /home/turgay/dev_ws/src/ros2_robot/install/realsense_t265_ros/share/realsense_t265_ros/package.xml
[1.376s] Invoked command in '/home/turgay/dev_ws/src/ros2_robot/build/realsense_t265_ros' returned '0': CMAKE_PREFIX_PATH=${CMAKE_PREFIX_PATH}:/home/turgay/dev_ws/src/ros2_robot/install/simple_gps:/home/turgay/dev_ws/src/ros2_robot/install/remote_control:/opt/robot_devkit/tools/rdk_perf:/opt/robot_devkit/perception/handeye_dashboard:/opt/robot_devkit/perception/handeye:/opt/robot_devkit/perception/criutils:/opt/robot_devkit/perception/baldor:/opt/ros/dashing /usr/bin/cmake --build /home/turgay/dev_ws/src/ros2_robot/build/realsense_t265_ros --target install -- -j12 -l12
