[0.000000] (-) TimerEvent: {}
[0.001292] (-) JobUnselected: {'identifier': 'realsense_t265_node'}
[0.001448] (-) JobUnselected: {'identifier': 'realsense_t265_ros'}
[0.001529] (-) JobUnselected: {'identifier': 'remote_control'}
[0.001635] (-) JobUnselected: {'identifier': 'simple_gps'}
[0.001757] (ground_plane_estimator) JobQueued: {'identifier': 'ground_plane_estimator', 'dependencies': OrderedDict()}
[0.001919] (ground_plane_estimator) JobStarted: {'identifier': 'ground_plane_estimator'}
[0.018960] (ground_plane_estimator) JobProgress: {'identifier': 'ground_plane_estimator', 'progress': 'cmake'}
[0.019808] (ground_plane_estimator) JobProgress: {'identifier': 'ground_plane_estimator', 'progress': 'build'}
[0.020537] (ground_plane_estimator) Command: {'cmd': ['/usr/bin/cmake', '--build', '/home/turgay/dev_ws/src/ros2_robot/build/ground_plane_estimator', '--', '-j12', '-l12'], 'cwd': '/home/turgay/dev_ws/src/ros2_robot/build/ground_plane_estimator', 'env': OrderedDict([('GJS_DEBUG_TOPICS', 'JS ERROR;JS LOG'), ('LESSOPEN', '| /usr/bin/lesspipe %s'), ('USER', 'turgay'), ('LIBVA_DRIVERS_PATH', '/opt/intel/mediasdk/lib64'), ('TEXTDOMAIN', 'im-config'), ('XDG_SEAT', 'seat0'), ('SSH_AGENT_PID', '1818'), ('XDG_SESSION_TYPE', 'x11'), ('SHLVL', '2'), ('LD_LIBRARY_PATH', '/opt/robot_devkit/tools/rtmonitor/lib:/opt/robot_devkit/tools/rtmonitor_msgs/lib:/opt/robot_devkit/tools/perf_msgs/lib:/opt/robot_devkit/perception/dynamic_vino_lib/lib:/opt/robot_devkit/perception/vino_param_lib/lib:/opt/robot_devkit/perception/robot_interface/lib:/opt/robot_devkit/perception/realsense_ros/lib:/opt/robot_devkit/perception/realsense_msgs/lib:/opt/robot_devkit/perception/pipeline_srv_msgs/lib:/opt/robot_devkit/perception/grasp_ros2/lib:/opt/robot_devkit/perception/people_msgs/lib:/opt/robot_devkit/perception/object_analytics_node/lib:/opt/robot_devkit/perception/object_analytics_msgs/lib:/opt/robot_devkit/perception/moveit_msgs/lib:/opt/robot_devkit/perception/handeye_tf_service/lib:/opt/robot_devkit/perception/grasp_msgs/lib:/opt/ros/dashing/opt/yaml_cpp_vendor/lib:/opt/ros/dashing/opt/rviz_ogre_vendor/lib:/opt/ros/dashing/lib'), ('QT4_IM_MODULE', 'xim'), ('HOME', '/home/turgay'), ('CHROME_DESKTOP', 'code-url-handler.desktop'), ('DESKTOP_SESSION', 'ubuntu'), ('TERM_PROGRAM_VERSION', '1.44.2'), ('GIO_LAUNCHED_DESKTOP_FILE', '/var/lib/snapd/desktop/applications/code_code.desktop'), ('GNOME_SHELL_SESSION_MODE', 'ubuntu'), ('GTK_MODULES', 'gail:atk-bridge'), ('APPLICATION_INSIGHTS_NO_DIAGNOSTIC_CHANNEL', 'true'), ('ROS_PYTHON_VERSION', '3'), ('DBUS_SESSION_BUS_ADDRESS', 'unix:path=/run/user/1000/bus'), ('GIO_LAUNCHED_DESKTOP_FILE_PID', '4752'), ('COLORTERM', 'truecolor'), ('IM_CONFIG_PHASE', '2'), ('COLCON_PREFIX_PATH', '/opt/robot_devkit/tools:/opt/robot_devkit/perception'), ('ROS_DISTRO', 'dashing'), ('LOGNAME', 'turgay'), ('GTK_IM_MODULE', 'ibus'), ('_', '/snap/code/31/usr/share/code/code'), ('ROS_VERSION', '2'), ('USERNAME', 'turgay'), ('XDG_SESSION_ID', '1'), ('TERM', 'xterm-256color'), ('GNOME_DESKTOP_SESSION_ID', 'this-is-deprecated'), ('WINDOWPATH', '1'), ('PATH', '/home/turgay/.local/bin:/opt/robot_devkit/perception/recognize_pick/bin:/opt/robot_devkit/perception/random_pick/bin:/opt/robot_devkit/perception/fixed_position_pick/bin:/opt/robot_devkit/perception/draw_x/bin:/opt/robot_devkit/perception/realsense_node/bin:/opt/robot_devkit/perception/grasp_ros2/bin:/opt/robot_devkit/perception/handeye_dashboard/bin:/opt/ros/dashing/bin:/home/turgay/.local/bin:/usr/local/sbin:/usr/local/bin:/usr/sbin:/usr/bin:/sbin:/bin:/usr/games:/usr/local/games:/snap/bin:/home/turgay/.dotnet/tools:/home/turgay/.dotnet/tools'), ('SESSION_MANAGER', 'local/turgaydesktop:@/tmp/.ICE-unix/1671,unix/turgaydesktop:/tmp/.ICE-unix/1671'), ('XDG_MENU_PREFIX', 'gnome-'), ('BAMF_DESKTOP_FILE_HINT', '/var/lib/snapd/desktop/applications/code_code.desktop'), ('XDG_RUNTIME_DIR', '/run/user/1000/snap.code'), ('DISPLAY', ':0'), ('LANG', 'en_US.UTF-8'), ('XDG_CURRENT_DESKTOP', 'Unity'), ('LIBVA_DRIVER_NAME', 'iHD'), ('XDG_SESSION_DESKTOP', 'ubuntu'), ('XMODIFIERS', '@im=ibus'), ('XAUTHORITY', '/run/user/1000/gdm/Xauthority'), ('TERM_PROGRAM', 'vscode'), ('SSH_AUTH_SOCK', '/run/user/1000/keyring/ssh'), ('GSETTINGS_SCHEMA_DIR', '/snap/code/31/usr/share/glib-2.0/schemas'), ('MFX_HOME', '/opt/intel/mediasdk'), ('AMENT_PREFIX_PATH', '/opt/robot_devkit/tools/rtmonitor_test:/opt/robot_devkit/tools/rtmonitor:/opt/robot_devkit/tools/rtmonitor_msgs:/opt/robot_devkit/tools/rdk_perf:/opt/robot_devkit/tools/perf_msgs:/opt/robot_devkit/perception/dynamic_vino_sample:/opt/robot_devkit/perception/dynamic_vino_lib:/opt/robot_devkit/perception/vino_param_lib:/opt/robot_devkit/perception/ur_description:/opt/robot_devkit/perception/recognize_pick:/opt/robot_devkit/perception/random_pick:/opt/robot_devkit/perception/fixed_position_pick:/opt/robot_devkit/perception/draw_x:/opt/robot_devkit/perception/robot_interface:/opt/robot_devkit/perception/realsense_examples:/opt/robot_devkit/perception/realsense_node:/opt/robot_devkit/perception/realsense_ros:/opt/robot_devkit/perception/realsense_msgs:/opt/robot_devkit/perception/pipeline_srv_msgs:/opt/robot_devkit/perception/grasp_ros2:/opt/robot_devkit/perception/people_msgs:/opt/robot_devkit/perception/object_analytics_rviz:/opt/robot_devkit/perception/object_analytics_node:/opt/robot_devkit/perception/object_analytics_msgs:/opt/robot_devkit/perception/moveit_msgs:/opt/robot_devkit/perception/handeye_tf_service:/opt/robot_devkit/perception/handeye_target_detection:/opt/robot_devkit/perception/handeye_dashboard:/opt/robot_devkit/perception/handeye:/opt/robot_devkit/perception/grasp_tutorials:/opt/robot_devkit/perception/grasp_msgs:/opt/robot_devkit/perception/criutils:/opt/robot_devkit/perception/baldor:/opt/ros/dashing'), ('DISABLE_WAYLAND', '1'), ('SHELL', '/bin/bash'), ('GDK_PIXBUF_MODULEDIR', '/snap/code/31/usr/lib/x86_64-linux-gnu/gdk-pixbuf-2.0/2.10.0/loaders'), ('QT_ACCESSIBILITY', '1'), ('GDMSESSION', 'ubuntu'), ('LESSCLOSE', '/usr/bin/lesspipe %s %s'), ('TEXTDOMAINDIR', '/usr/share/locale/'), ('GJS_DEBUG_OUTPUT', 'stderr'), ('GDK_PIXBUF_MODULE_FILE', '/home/turgay/snap/code/common/.cache/gdk-pixbuf-loaders.cache'), ('GPG_AGENT_INFO', '/run/user/1000/gnupg/S.gpg-agent:0:1'), ('XDG_VTNR', '1'), ('QT_IM_MODULE', 'ibus'), ('LC_ALL', 'en_US.UTF-8'), ('PWD', '/home/turgay/dev_ws/src/ros2_robot/build/ground_plane_estimator'), ('CLUTTER_IM_MODULE', 'xim'), ('XDG_DATA_DIRS', '/usr/share/ubuntu:/usr/local/share/:/usr/share/:/var/lib/snapd/desktop'), ('XDG_CONFIG_DIRS', '/etc/xdg/xdg-ubuntu:/etc/xdg'), ('PYTHONPATH', '/opt/robot_devkit/tools/rtmonitor_msgs/lib/python3.6/site-packages:/opt/robot_devkit/tools/rdk_perf/lib/python3.6/site-packages:/opt/robot_devkit/tools/perf_msgs/lib/python3.6/site-packages:/opt/robot_devkit/perception/realsense_msgs/lib/python3.6/site-packages:/opt/robot_devkit/perception/pipeline_srv_msgs/lib/python3.6/site-packages:/opt/robot_devkit/perception/people_msgs/lib/python3.6/site-packages:/opt/robot_devkit/perception/object_analytics_msgs/lib/python3.6/site-packages:/opt/robot_devkit/perception/moveit_msgs/lib/python3.6/site-packages:/opt/robot_devkit/perception/handeye_tf_service/lib/python3.6/site-packages:/opt/robot_devkit/perception/handeye_dashboard/lib/python3.6/site-packages:/opt/robot_devkit/perception/handeye/lib/python3.6/site-packages:/opt/robot_devkit/perception/grasp_msgs/lib/python3.6/site-packages:/opt/robot_devkit/perception/criutils/lib/python3.6/site-packages:/opt/robot_devkit/perception/baldor/lib/python3.6/site-packages:/opt/ros/dashing/lib/python3.6/site-packages'), ('CMAKE_PREFIX_PATH', '/opt/robot_devkit/tools/rtmonitor_test:/opt/robot_devkit/tools/rtmonitor:/opt/robot_devkit/tools/rtmonitor_msgs:/opt/robot_devkit/tools/perf_msgs:/opt/robot_devkit/perception/dynamic_vino_sample:/opt/robot_devkit/perception/dynamic_vino_lib:/opt/robot_devkit/perception/vino_param_lib:/opt/robot_devkit/perception/ur_description:/opt/robot_devkit/perception/recognize_pick:/opt/robot_devkit/perception/random_pick:/opt/robot_devkit/perception/fixed_position_pick:/opt/robot_devkit/perception/draw_x:/opt/robot_devkit/perception/robot_interface:/opt/robot_devkit/perception/realsense_examples:/opt/robot_devkit/perception/realsense_node:/opt/robot_devkit/perception/realsense_ros:/opt/robot_devkit/perception/realsense_msgs:/opt/robot_devkit/perception/pipeline_srv_msgs:/opt/robot_devkit/perception/grasp_ros2:/opt/robot_devkit/perception/people_msgs:/opt/robot_devkit/perception/object_analytics_rviz:/opt/robot_devkit/perception/object_analytics_node:/opt/robot_devkit/perception/object_analytics_msgs:/opt/robot_devkit/perception/moveit_msgs:/opt/robot_devkit/perception/handeye_tf_service:/opt/robot_devkit/perception/handeye_target_detection:/opt/robot_devkit/perception/grasp_tutorials:/opt/robot_devkit/perception/grasp_msgs:/opt/robot_devkit/tools/rdk_perf:/opt/robot_devkit/perception/handeye_dashboard:/opt/robot_devkit/perception/handeye:/opt/robot_devkit/perception/criutils:/opt/robot_devkit/perception/baldor:/opt/ros/dashing')]), 'shell': False}
[0.099084] (-) TimerEvent: {}
[0.106797] (ground_plane_estimator) StdoutLine: {'line': b'\x1b[35m\x1b[1mScanning dependencies of target ground_plane_estimator_node\x1b[0m\n'}
[0.152871] (ground_plane_estimator) StdoutLine: {'line': b'[ 50%] \x1b[32mBuilding CXX object CMakeFiles/ground_plane_estimator_node.dir/src/ground_plane_estimator_node.cpp.o\x1b[0m\n'}
[0.199224] (-) TimerEvent: {}
[0.299728] (-) TimerEvent: {}
[0.400249] (-) TimerEvent: {}
[0.500761] (-) TimerEvent: {}
[0.601262] (-) TimerEvent: {}
[0.701765] (-) TimerEvent: {}
[0.802283] (-) TimerEvent: {}
[0.902779] (-) TimerEvent: {}
[1.003278] (-) TimerEvent: {}
[1.103778] (-) TimerEvent: {}
[1.204271] (-) TimerEvent: {}
[1.304776] (-) TimerEvent: {}
[1.314097] (ground_plane_estimator) StderrLine: {'line': b'In file included from \x1b[01m\x1b[K/home/turgay/dev_ws/src/ros2_robot/ground_plane_estimator/src/ground_plane_estimator_node.cpp:7:0\x1b[m\x1b[K:\n'}
[1.314564] (ground_plane_estimator) StderrLine: {'line': b'\x1b[01m\x1b[K/home/turgay/dev_ws/src/ros2_robot/ground_plane_estimator/include/ground_plane_estimator/ground_plane_estimator_node.hpp:50:54:\x1b[m\x1b[K \x1b[01;31m\x1b[Kerror: \x1b[m\x1b[K\xe2\x80\x98\x1b[01m\x1b[KImageConstPtr\x1b[m\x1b[K\xe2\x80\x99 in namespace \xe2\x80\x98\x1b[01m\x1b[Ksensor_msgs\x1b[m\x1b[K\xe2\x80\x99 does not name a type\n'}
[1.314849] (ground_plane_estimator) StderrLine: {'line': b'     void imageColorEdgeDetection( const sensor_msgs::\x1b[01;31m\x1b[KImageConstPtr\x1b[m\x1b[K& msg,\n'}
[1.315075] (ground_plane_estimator) StderrLine: {'line': b'                                                      \x1b[01;31m\x1b[K^~~~~~~~~~~~~\x1b[m\x1b[K\n'}
[1.315289] (ground_plane_estimator) StderrLine: {'line': b'\x1b[01m\x1b[K/home/turgay/dev_ws/src/ros2_robot/ground_plane_estimator/include/ground_plane_estimator/ground_plane_estimator_node.hpp:51:50:\x1b[m\x1b[K \x1b[01;31m\x1b[Kerror: \x1b[m\x1b[K\xe2\x80\x98\x1b[01m\x1b[KPointCloud2ConstPtr\x1b[m\x1b[K\xe2\x80\x99 in namespace \xe2\x80\x98\x1b[01m\x1b[Ksensor_msgs\x1b[m\x1b[K\xe2\x80\x99 does not name a type\n'}
[1.315537] (ground_plane_estimator) StderrLine: {'line': b'                               const sensor_msgs::\x1b[01;31m\x1b[KPointCloud2ConstPtr\x1b[m\x1b[K& point_msg );\n'}
[1.315796] (ground_plane_estimator) StderrLine: {'line': b'                                                  \x1b[01;31m\x1b[K^~~~~~~~~~~~~~~~~~~\x1b[m\x1b[K\n'}
[1.404935] (-) TimerEvent: {}
[1.505440] (-) TimerEvent: {}
[1.605941] (-) TimerEvent: {}
[1.706446] (-) TimerEvent: {}
[1.806946] (-) TimerEvent: {}
[1.907417] (-) TimerEvent: {}
[2.007928] (-) TimerEvent: {}
[2.108427] (-) TimerEvent: {}
[2.161447] (ground_plane_estimator) StderrLine: {'line': b'make[2]: *** [CMakeFiles/ground_plane_estimator_node.dir/src/ground_plane_estimator_node.cpp.o] Error 1\n'}
[2.162052] (ground_plane_estimator) StdoutLine: {'line': b"CMakeFiles/ground_plane_estimator_node.dir/build.make:62: recipe for target 'CMakeFiles/ground_plane_estimator_node.dir/src/ground_plane_estimator_node.cpp.o' failed\n"}
[2.162549] (ground_plane_estimator) StdoutLine: {'line': b"CMakeFiles/Makefile2:67: recipe for target 'CMakeFiles/ground_plane_estimator_node.dir/all' failed\n"}
[2.162969] (ground_plane_estimator) StderrLine: {'line': b'make[1]: *** [CMakeFiles/ground_plane_estimator_node.dir/all] Error 2\n'}
[2.163346] (ground_plane_estimator) StdoutLine: {'line': b"Makefile:140: recipe for target 'all' failed\n"}
[2.163730] (ground_plane_estimator) StderrLine: {'line': b'make: *** [all] Error 2\n'}
[2.165636] (ground_plane_estimator) CommandEnded: {'returncode': 2}
[2.166738] (ground_plane_estimator) JobEnded: {'identifier': 'ground_plane_estimator', 'rc': 2}
[2.176477] (-) EventReactorShutdown: {}
