[0.024s] Invoking command in '/home/turgay/dev_ws/src/ros2_robot/build/ground_plane_estimator': CMAKE_PREFIX_PATH=${CMAKE_PREFIX_PATH}:/opt/robot_devkit/tools/rdk_perf:/opt/robot_devkit/perception/handeye_dashboard:/opt/robot_devkit/perception/handeye:/opt/robot_devkit/perception/criutils:/opt/robot_devkit/perception/baldor:/opt/ros/dashing /usr/bin/cmake --build /home/turgay/dev_ws/src/ros2_robot/build/ground_plane_estimator -- -j12 -l12
[0.067s] -- Found ament_cmake: 0.7.4 (/opt/ros/dashing/share/ament_cmake/cmake)
[0.110s] -- Using PYTHON_EXECUTABLE: /usr/bin/python3
[0.357s] -- Override CMake install command with custom implementation using symlinks instead of copying resources
[0.369s] -- Found rclcpp: 0.7.13 (/opt/ros/dashing/share/rclcpp/cmake)
[0.384s] -- Found rosidl_adapter: 0.7.9 (/opt/ros/dashing/share/rosidl_adapter/cmake)
[0.414s] -- Found rmw_implementation_cmake: 0.7.2 (/opt/ros/dashing/share/rmw_implementation_cmake/cmake)
[0.416s] -- Using RMW implementation 'rmw_fastrtps_cpp' as default
[0.440s] -- Found std_msgs: 0.7.0 (/opt/ros/dashing/share/std_msgs/cmake)
[0.445s] -- Found rclcpp_components: 0.7.13 (/opt/ros/dashing/share/rclcpp_components/cmake)
[0.447s] -- Found poco_vendor:  (/opt/ros/dashing/share/poco_vendor/cmake)
[0.459s] -- Found nav_msgs: 0.7.0 (/opt/ros/dashing/share/nav_msgs/cmake)
[0.475s] -- Found sensor_msgs: 0.7.0 (/opt/ros/dashing/share/sensor_msgs/cmake)
[0.484s] -- Found cv_bridge: 2.1.4 (/opt/ros/dashing/share/cv_bridge/cmake)
[0.499s] -- Found tf2: 0.11.6 (/opt/ros/dashing/share/tf2/cmake)
[0.501s] -- Found tf2_ros: 0.11.6 (/opt/ros/dashing/share/tf2_ros/cmake)
[0.545s] -- Found image_transport: 2.1.1 (/opt/ros/dashing/share/image_transport/cmake)
[0.562s] -- Found tinyxml2_vendor:  (/opt/ros/dashing/share/tinyxml2_vendor/cmake)
[0.577s] -- Found pcl_conversions: 2.0.0 (/opt/ros/dashing/share/pcl_conversions/cmake)
[0.579s] -- Found pcl_msgs: 1.0.0 (/opt/ros/dashing/share/pcl_msgs/cmake)
[0.601s] CMake Error at CMakeLists.txt:27 (find_package):
[0.601s]   By not providing "Findplc_ros.cmake" in CMAKE_MODULE_PATH this project has
[0.601s]   asked CMake to find a package configuration file provided by "plc_ros", but
[0.602s]   CMake did not find one.
[0.602s] 
[0.602s]   Could not find a package configuration file provided by "plc_ros" with any
[0.603s]   of the following names:
[0.603s] 
[0.603s]     plc_rosConfig.cmake
[0.603s]     plc_ros-config.cmake
[0.604s] 
[0.604s]   Add the installation prefix of "plc_ros" to CMAKE_PREFIX_PATH or set
[0.604s]   "plc_ros_DIR" to a directory containing one of the above files.  If
[0.604s]   "plc_ros" provides a separate development package or SDK, be sure it has
[0.604s]   been installed.
[0.605s] 
[0.605s] 
[0.605s] -- Configuring incomplete, errors occurred!
[0.606s] See also "/home/turgay/dev_ws/src/ros2_robot/build/ground_plane_estimator/CMakeFiles/CMakeOutput.log".
[0.606s] See also "/home/turgay/dev_ws/src/ros2_robot/build/ground_plane_estimator/CMakeFiles/CMakeError.log".
[0.606s] make: *** [cmake_check_build_system] Error 1
[0.606s] Makefile:252: recipe for target 'cmake_check_build_system' failed
[0.609s] Invoked command in '/home/turgay/dev_ws/src/ros2_robot/build/ground_plane_estimator' returned '2': CMAKE_PREFIX_PATH=${CMAKE_PREFIX_PATH}:/opt/robot_devkit/tools/rdk_perf:/opt/robot_devkit/perception/handeye_dashboard:/opt/robot_devkit/perception/handeye:/opt/robot_devkit/perception/criutils:/opt/robot_devkit/perception/baldor:/opt/ros/dashing /usr/bin/cmake --build /home/turgay/dev_ws/src/ros2_robot/build/ground_plane_estimator -- -j12 -l12
