[0.000000] (-) TimerEvent: {}
[0.000224] (-) JobUnselected: {'identifier': 'realsense_t265_node'}
[0.001031] (-) JobUnselected: {'identifier': 'realsense_t265_ros'}
[0.001245] (-) JobUnselected: {'identifier': 'remote_control'}
[0.001313] (-) JobUnselected: {'identifier': 'simple_gps'}
[0.001373] (ground_plane_estimator) JobQueued: {'identifier': 'ground_plane_estimator', 'dependencies': OrderedDict()}
[0.001468] (ground_plane_estimator) JobStarted: {'identifier': 'ground_plane_estimator'}
[0.099172] (-) TimerEvent: {}
[0.202315] (-) TimerEvent: {}
[0.211740] (ground_plane_estimator) JobProgress: {'identifier': 'ground_plane_estimator', 'progress': 'cmake'}
[0.279666] (ground_plane_estimator) JobProgress: {'identifier': 'ground_plane_estimator', 'progress': 'build'}
[0.280889] (ground_plane_estimator) Command: {'cmd': ['/usr/bin/cmake', '--build', '/home/turgay/dev_ws/src/ros2_robot/build/ground_plane_estimator', '--', '-j12', '-l12'], 'cwd': '/home/turgay/dev_ws/src/ros2_robot/build/ground_plane_estimator', 'env': OrderedDict([('GJS_DEBUG_TOPICS', 'JS ERROR;JS LOG'), ('LESSOPEN', '| /usr/bin/lesspipe %s'), ('USER', 'turgay'), ('LIBVA_DRIVERS_PATH', '/opt/intel/mediasdk/lib64'), ('TEXTDOMAIN', 'im-config'), ('XDG_SEAT', 'seat0'), ('SSH_AGENT_PID', '1818'), ('XDG_SESSION_TYPE', 'x11'), ('SHLVL', '2'), ('LD_LIBRARY_PATH', '/opt/robot_devkit/tools/rtmonitor/lib:/opt/robot_devkit/tools/rtmonitor_msgs/lib:/opt/robot_devkit/tools/perf_msgs/lib:/opt/robot_devkit/perception/dynamic_vino_lib/lib:/opt/robot_devkit/perception/vino_param_lib/lib:/opt/robot_devkit/perception/robot_interface/lib:/opt/robot_devkit/perception/realsense_ros/lib:/opt/robot_devkit/perception/realsense_msgs/lib:/opt/robot_devkit/perception/pipeline_srv_msgs/lib:/opt/robot_devkit/perception/grasp_ros2/lib:/opt/robot_devkit/perception/people_msgs/lib:/opt/robot_devkit/perception/object_analytics_node/lib:/opt/robot_devkit/perception/object_analytics_msgs/lib:/opt/robot_devkit/perception/moveit_msgs/lib:/opt/robot_devkit/perception/handeye_tf_service/lib:/opt/robot_devkit/perception/grasp_msgs/lib:/opt/ros/dashing/opt/yaml_cpp_vendor/lib:/opt/ros/dashing/opt/rviz_ogre_vendor/lib:/opt/ros/dashing/lib'), ('QT4_IM_MODULE', 'xim'), ('HOME', '/home/turgay'), ('CHROME_DESKTOP', 'code-url-handler.desktop'), ('DESKTOP_SESSION', 'ubuntu'), ('TERM_PROGRAM_VERSION', '1.44.2'), ('GIO_LAUNCHED_DESKTOP_FILE', '/var/lib/snapd/desktop/applications/code_code.desktop'), ('GNOME_SHELL_SESSION_MODE', 'ubuntu'), ('GTK_MODULES', 'gail:atk-bridge'), ('APPLICATION_INSIGHTS_NO_DIAGNOSTIC_CHANNEL', 'true'), ('ROS_PYTHON_VERSION', '3'), ('DBUS_SESSION_BUS_ADDRESS', 'unix:path=/run/user/1000/bus'), ('GIO_LAUNCHED_DESKTOP_FILE_PID', '4752'), ('COLORTERM', 'truecolor'), ('IM_CONFIG_PHASE', '2'), ('COLCON_PREFIX_PATH', '/opt/robot_devkit/tools:/opt/robot_devkit/perception'), ('ROS_DISTRO', 'dashing'), ('LOGNAME', 'turgay'), ('GTK_IM_MODULE', 'ibus'), ('_', '/snap/code/31/usr/share/code/code'), ('ROS_VERSION', '2'), ('USERNAME', 'turgay'), ('XDG_SESSION_ID', '1'), ('TERM', 'xterm-256color'), ('GNOME_DESKTOP_SESSION_ID', 'this-is-deprecated'), ('WINDOWPATH', '1'), ('PATH', '/home/turgay/.local/bin:/opt/robot_devkit/perception/recognize_pick/bin:/opt/robot_devkit/perception/random_pick/bin:/opt/robot_devkit/perception/fixed_position_pick/bin:/opt/robot_devkit/perception/draw_x/bin:/opt/robot_devkit/perception/realsense_node/bin:/opt/robot_devkit/perception/grasp_ros2/bin:/opt/robot_devkit/perception/handeye_dashboard/bin:/opt/ros/dashing/bin:/home/turgay/.local/bin:/usr/local/sbin:/usr/local/bin:/usr/sbin:/usr/bin:/sbin:/bin:/usr/games:/usr/local/games:/snap/bin:/home/turgay/.dotnet/tools:/home/turgay/.dotnet/tools'), ('SESSION_MANAGER', 'local/turgaydesktop:@/tmp/.ICE-unix/1671,unix/turgaydesktop:/tmp/.ICE-unix/1671'), ('XDG_MENU_PREFIX', 'gnome-'), ('BAMF_DESKTOP_FILE_HINT', '/var/lib/snapd/desktop/applications/code_code.desktop'), ('XDG_RUNTIME_DIR', '/run/user/1000/snap.code'), ('DISPLAY', ':0'), ('LANG', 'en_US.UTF-8'), ('XDG_CURRENT_DESKTOP', 'Unity'), ('LIBVA_DRIVER_NAME', 'iHD'), ('XDG_SESSION_DESKTOP', 'ubuntu'), ('XMODIFIERS', '@im=ibus'), ('XAUTHORITY', '/run/user/1000/gdm/Xauthority'), ('TERM_PROGRAM', 'vscode'), ('SSH_AUTH_SOCK', '/run/user/1000/keyring/ssh'), ('GSETTINGS_SCHEMA_DIR', '/snap/code/31/usr/share/glib-2.0/schemas'), ('MFX_HOME', '/opt/intel/mediasdk'), ('AMENT_PREFIX_PATH', '/opt/robot_devkit/tools/rtmonitor_test:/opt/robot_devkit/tools/rtmonitor:/opt/robot_devkit/tools/rtmonitor_msgs:/opt/robot_devkit/tools/rdk_perf:/opt/robot_devkit/tools/perf_msgs:/opt/robot_devkit/perception/dynamic_vino_sample:/opt/robot_devkit/perception/dynamic_vino_lib:/opt/robot_devkit/perception/vino_param_lib:/opt/robot_devkit/perception/ur_description:/opt/robot_devkit/perception/recognize_pick:/opt/robot_devkit/perception/random_pick:/opt/robot_devkit/perception/fixed_position_pick:/opt/robot_devkit/perception/draw_x:/opt/robot_devkit/perception/robot_interface:/opt/robot_devkit/perception/realsense_examples:/opt/robot_devkit/perception/realsense_node:/opt/robot_devkit/perception/realsense_ros:/opt/robot_devkit/perception/realsense_msgs:/opt/robot_devkit/perception/pipeline_srv_msgs:/opt/robot_devkit/perception/grasp_ros2:/opt/robot_devkit/perception/people_msgs:/opt/robot_devkit/perception/object_analytics_rviz:/opt/robot_devkit/perception/object_analytics_node:/opt/robot_devkit/perception/object_analytics_msgs:/opt/robot_devkit/perception/moveit_msgs:/opt/robot_devkit/perception/handeye_tf_service:/opt/robot_devkit/perception/handeye_target_detection:/opt/robot_devkit/perception/handeye_dashboard:/opt/robot_devkit/perception/handeye:/opt/robot_devkit/perception/grasp_tutorials:/opt/robot_devkit/perception/grasp_msgs:/opt/robot_devkit/perception/criutils:/opt/robot_devkit/perception/baldor:/opt/ros/dashing'), ('DISABLE_WAYLAND', '1'), ('SHELL', '/bin/bash'), ('GDK_PIXBUF_MODULEDIR', '/snap/code/31/usr/lib/x86_64-linux-gnu/gdk-pixbuf-2.0/2.10.0/loaders'), ('QT_ACCESSIBILITY', '1'), ('GDMSESSION', 'ubuntu'), ('LESSCLOSE', '/usr/bin/lesspipe %s %s'), ('TEXTDOMAINDIR', '/usr/share/locale/'), ('GJS_DEBUG_OUTPUT', 'stderr'), ('GDK_PIXBUF_MODULE_FILE', '/home/turgay/snap/code/common/.cache/gdk-pixbuf-loaders.cache'), ('GPG_AGENT_INFO', '/run/user/1000/gnupg/S.gpg-agent:0:1'), ('XDG_VTNR', '1'), ('QT_IM_MODULE', 'ibus'), ('LC_ALL', 'en_US.UTF-8'), ('PWD', '/home/turgay/dev_ws/src/ros2_robot/build/ground_plane_estimator'), ('CLUTTER_IM_MODULE', 'xim'), ('XDG_DATA_DIRS', '/usr/share/ubuntu:/usr/local/share/:/usr/share/:/var/lib/snapd/desktop'), ('XDG_CONFIG_DIRS', '/etc/xdg/xdg-ubuntu:/etc/xdg'), ('PYTHONPATH', '/opt/robot_devkit/tools/rtmonitor_msgs/lib/python3.6/site-packages:/opt/robot_devkit/tools/rdk_perf/lib/python3.6/site-packages:/opt/robot_devkit/tools/perf_msgs/lib/python3.6/site-packages:/opt/robot_devkit/perception/realsense_msgs/lib/python3.6/site-packages:/opt/robot_devkit/perception/pipeline_srv_msgs/lib/python3.6/site-packages:/opt/robot_devkit/perception/people_msgs/lib/python3.6/site-packages:/opt/robot_devkit/perception/object_analytics_msgs/lib/python3.6/site-packages:/opt/robot_devkit/perception/moveit_msgs/lib/python3.6/site-packages:/opt/robot_devkit/perception/handeye_tf_service/lib/python3.6/site-packages:/opt/robot_devkit/perception/handeye_dashboard/lib/python3.6/site-packages:/opt/robot_devkit/perception/handeye/lib/python3.6/site-packages:/opt/robot_devkit/perception/grasp_msgs/lib/python3.6/site-packages:/opt/robot_devkit/perception/criutils/lib/python3.6/site-packages:/opt/robot_devkit/perception/baldor/lib/python3.6/site-packages:/opt/ros/dashing/lib/python3.6/site-packages'), ('CMAKE_PREFIX_PATH', '/opt/robot_devkit/tools/rtmonitor_test:/opt/robot_devkit/tools/rtmonitor:/opt/robot_devkit/tools/rtmonitor_msgs:/opt/robot_devkit/tools/perf_msgs:/opt/robot_devkit/perception/dynamic_vino_sample:/opt/robot_devkit/perception/dynamic_vino_lib:/opt/robot_devkit/perception/vino_param_lib:/opt/robot_devkit/perception/ur_description:/opt/robot_devkit/perception/recognize_pick:/opt/robot_devkit/perception/random_pick:/opt/robot_devkit/perception/fixed_position_pick:/opt/robot_devkit/perception/draw_x:/opt/robot_devkit/perception/robot_interface:/opt/robot_devkit/perception/realsense_examples:/opt/robot_devkit/perception/realsense_node:/opt/robot_devkit/perception/realsense_ros:/opt/robot_devkit/perception/realsense_msgs:/opt/robot_devkit/perception/pipeline_srv_msgs:/opt/robot_devkit/perception/grasp_ros2:/opt/robot_devkit/perception/people_msgs:/opt/robot_devkit/perception/object_analytics_rviz:/opt/robot_devkit/perception/object_analytics_node:/opt/robot_devkit/perception/object_analytics_msgs:/opt/robot_devkit/perception/moveit_msgs:/opt/robot_devkit/perception/handeye_tf_service:/opt/robot_devkit/perception/handeye_target_detection:/opt/robot_devkit/perception/grasp_tutorials:/opt/robot_devkit/perception/grasp_msgs:/opt/robot_devkit/tools/rdk_perf:/opt/robot_devkit/perception/handeye_dashboard:/opt/robot_devkit/perception/handeye:/opt/robot_devkit/perception/criutils:/opt/robot_devkit/perception/baldor:/opt/ros/dashing')]), 'shell': False}
[0.302429] (-) TimerEvent: {}
[0.402919] (-) TimerEvent: {}
[0.418364] (ground_plane_estimator) StdoutLine: {'line': b'\x1b[35m\x1b[1mScanning dependencies of target ground_plane_estimator_node\x1b[0m\n'}
[0.478876] (ground_plane_estimator) StdoutLine: {'line': b'[ 50%] \x1b[32mBuilding CXX object CMakeFiles/ground_plane_estimator_node.dir/src/ground_plane_estimator_node.cpp.o\x1b[0m\n'}
[0.503065] (-) TimerEvent: {}
[0.603490] (-) TimerEvent: {}
[0.703961] (-) TimerEvent: {}
[0.804430] (-) TimerEvent: {}
[0.904925] (-) TimerEvent: {}
[1.005421] (-) TimerEvent: {}
[1.105917] (-) TimerEvent: {}
[1.206406] (-) TimerEvent: {}
[1.306896] (-) TimerEvent: {}
[1.407395] (-) TimerEvent: {}
[1.507875] (-) TimerEvent: {}
[1.608373] (-) TimerEvent: {}
[1.708880] (-) TimerEvent: {}
[1.809374] (-) TimerEvent: {}
[1.878913] (ground_plane_estimator) StderrLine: {'line': b'\x1b[01m\x1b[K/home/turgay/dev_ws/src/ros2_robot/ground_plane_estimator/src/ground_plane_estimator_node.cpp:\x1b[m\x1b[K In member function \xe2\x80\x98\x1b[01m\x1b[Kvoid GroundPlaneEstimatorNode::imageColorEdgeDetection(const ConstSharedPtr&, const ConstSharedPtr&)\x1b[m\x1b[K\xe2\x80\x99:\n'}
[1.879367] (ground_plane_estimator) StderrLine: {'line': b'\x1b[01m\x1b[K/home/turgay/dev_ws/src/ros2_robot/ground_plane_estimator/src/ground_plane_estimator_node.cpp:75:3:\x1b[m\x1b[K \x1b[01;31m\x1b[Kerror: \x1b[m\x1b[K\xe2\x80\x98\x1b[01m\x1b[Kimage_pub_\x1b[m\x1b[K\xe2\x80\x99 was not declared in this scope\n'}
[1.879619] (ground_plane_estimator) StderrLine: {'line': b'   \x1b[01;31m\x1b[Kimage_pub_\x1b[m\x1b[K.publish( cv_ptr->toImageMsg() );\n'}
[1.879834] (ground_plane_estimator) StderrLine: {'line': b'   \x1b[01;31m\x1b[K^~~~~~~~~~\x1b[m\x1b[K\n'}
[1.882810] (ground_plane_estimator) StderrLine: {'line': b'\x1b[01m\x1b[K/home/turgay/dev_ws/src/ros2_robot/ground_plane_estimator/src/ground_plane_estimator_node.cpp:75:3:\x1b[m\x1b[K \x1b[01;36m\x1b[Knote: \x1b[m\x1b[Ksuggested alternative: \xe2\x80\x98\x1b[01m\x1b[KimageAcuting\x1b[m\x1b[K\xe2\x80\x99\n'}
[1.883223] (ground_plane_estimator) StderrLine: {'line': b'   \x1b[01;36m\x1b[Kimage_pub_\x1b[m\x1b[K.publish( cv_ptr->toImageMsg() );\n'}
[1.883490] (ground_plane_estimator) StderrLine: {'line': b'   \x1b[01;36m\x1b[K^~~~~~~~~~\x1b[m\x1b[K\n'}
[1.883710] (ground_plane_estimator) StderrLine: {'line': b'   \x1b[32m\x1b[KimageAcuting\x1b[m\x1b[K\n'}
[1.883918] (ground_plane_estimator) StderrLine: {'line': b'\x1b[01m\x1b[K/home/turgay/dev_ws/src/ros2_robot/ground_plane_estimator/src/ground_plane_estimator_node.cpp:55:162:\x1b[m\x1b[K \x1b[01;35m\x1b[Kwarning: \x1b[m\x1b[Kunused parameter \xe2\x80\x98\x1b[01m\x1b[Kpoint_msg\x1b[m\x1b[K\xe2\x80\x99 [\x1b[01;35m\x1b[K-Wunused-parameter\x1b[m\x1b[K]\n'}
[1.884133] (ground_plane_estimator) StderrLine: {'line': b' nsor_msgs::msg::Image::ConstSharedPtr& msg, const sensor_msgs::msg::PointCloud2::ConstSharedPtr & \x1b[01;35m\x1b[Kpoint_msg\x1b[m\x1b[K) {\n'}
[1.884339] (ground_plane_estimator) StderrLine: {'line': b'                                                                                                   \x1b[01;35m\x1b[K^~~~~~~~~\x1b[m\x1b[K\n'}
[1.887935] (ground_plane_estimator) StderrLine: {'line': b'\x1b[01m\x1b[K/home/turgay/dev_ws/src/ros2_robot/ground_plane_estimator/src/ground_plane_estimator_node.cpp:\x1b[m\x1b[K In member function \xe2\x80\x98\x1b[01m\x1b[Kvoid GroundPlaneEstimatorNode::sidewalkEdgePicking(std::vector<cv::Vec<int, 4> >)\x1b[m\x1b[K\xe2\x80\x99:\n'}
[1.888254] (ground_plane_estimator) StderrLine: {'line': b'\x1b[01m\x1b[K/home/turgay/dev_ws/src/ros2_robot/ground_plane_estimator/src/ground_plane_estimator_node.cpp:105:19:\x1b[m\x1b[K \x1b[01;31m\x1b[Kerror: \x1b[m\x1b[K\xe2\x80\x98\x1b[01m\x1b[KWIDTH\x1b[m\x1b[K\xe2\x80\x99 was not declared in this scope\n'}
[1.888485] (ground_plane_estimator) StderrLine: {'line': b'     double lmin = \x1b[01;31m\x1b[KWIDTH\x1b[m\x1b[K/2, rmax = WIDTH/2;\n'}
[1.888695] (ground_plane_estimator) StderrLine: {'line': b'                   \x1b[01;31m\x1b[K^~~~~\x1b[m\x1b[K\n'}
[1.890195] (ground_plane_estimator) StderrLine: {'line': b'\x1b[01m\x1b[K/home/turgay/dev_ws/src/ros2_robot/ground_plane_estimator/src/ground_plane_estimator_node.cpp:114:31:\x1b[m\x1b[K \x1b[01;31m\x1b[Kerror: \x1b[m\x1b[K\xe2\x80\x98\x1b[01m\x1b[KHEIGHT\x1b[m\x1b[K\xe2\x80\x99 was not declared in this scope\n'}
[1.890490] (ground_plane_estimator) StderrLine: {'line': b'                 double x21 = (\x1b[01;31m\x1b[KHEIGHT\x1b[m\x1b[K/2 - b) / tan(alpha);\n'}
[1.890716] (ground_plane_estimator) StderrLine: {'line': b'                               \x1b[01;31m\x1b[K^~~~~~\x1b[m\x1b[K\n'}
[1.891589] (ground_plane_estimator) StderrLine: {'line': b'\x1b[01m\x1b[K/home/turgay/dev_ws/src/ros2_robot/ground_plane_estimator/src/ground_plane_estimator_node.cpp:116:27:\x1b[m\x1b[K \x1b[01;31m\x1b[Kerror: \x1b[m\x1b[K\xe2\x80\x98\x1b[01m\x1b[Krmax\x1b[m\x1b[K\xe2\x80\x99 was not declared in this scope\n'}
[1.891809] (ground_plane_estimator) StderrLine: {'line': b'                 if (x21 < \x1b[01;31m\x1b[Krmax\x1b[m\x1b[K) {\n'}
[1.891979] (ground_plane_estimator) StderrLine: {'line': b'                           \x1b[01;31m\x1b[K^~~~\x1b[m\x1b[K\n'}
[1.892374] (ground_plane_estimator) StderrLine: {'line': b'\x1b[01m\x1b[K/home/turgay/dev_ws/src/ros2_robot/ground_plane_estimator/src/ground_plane_estimator_node.cpp:116:27:\x1b[m\x1b[K \x1b[01;36m\x1b[Knote: \x1b[m\x1b[Ksuggested alternative: \xe2\x80\x98\x1b[01m\x1b[Kfmax\x1b[m\x1b[K\xe2\x80\x99\n'}
[1.892547] (ground_plane_estimator) StderrLine: {'line': b'                 if (x21 < \x1b[01;36m\x1b[Krmax\x1b[m\x1b[K) {\n'}
[1.892835] (ground_plane_estimator) StderrLine: {'line': b'                           \x1b[01;36m\x1b[K^~~~\x1b[m\x1b[K\n'}
[1.892987] (ground_plane_estimator) StderrLine: {'line': b'                           \x1b[32m\x1b[Kfmax\x1b[m\x1b[K\n'}
[1.893143] (ground_plane_estimator) StderrLine: {'line': b'\x1b[01m\x1b[K/home/turgay/dev_ws/src/ros2_robot/ground_plane_estimator/src/ground_plane_estimator_node.cpp:119:17:\x1b[m\x1b[K \x1b[01;31m\x1b[Kerror: \x1b[m\x1b[K\xe2\x80\x98\x1b[01m\x1b[Krmax\x1b[m\x1b[K\xe2\x80\x99 was not declared in this scope\n'}
[1.893292] (ground_plane_estimator) StderrLine: {'line': b'                 \x1b[01;31m\x1b[Krmax\x1b[m\x1b[K = x21;\n'}
[1.893438] (ground_plane_estimator) StderrLine: {'line': b'                 \x1b[01;31m\x1b[K^~~~\x1b[m\x1b[K\n'}
[1.893684] (ground_plane_estimator) StderrLine: {'line': b'\x1b[01m\x1b[K/home/turgay/dev_ws/src/ros2_robot/ground_plane_estimator/src/ground_plane_estimator_node.cpp:119:17:\x1b[m\x1b[K \x1b[01;36m\x1b[Knote: \x1b[m\x1b[Ksuggested alternative: \xe2\x80\x98\x1b[01m\x1b[Kfmax\x1b[m\x1b[K\xe2\x80\x99\n'}
[1.893853] (ground_plane_estimator) StderrLine: {'line': b'                 \x1b[01;36m\x1b[Krmax\x1b[m\x1b[K = x21;\n'}
[1.894003] (ground_plane_estimator) StderrLine: {'line': b'                 \x1b[01;36m\x1b[K^~~~\x1b[m\x1b[K\n'}
[1.894149] (ground_plane_estimator) StderrLine: {'line': b'                 \x1b[32m\x1b[Kfmax\x1b[m\x1b[K\n'}
[1.894295] (ground_plane_estimator) StderrLine: {'line': b'\x1b[01m\x1b[K/home/turgay/dev_ws/src/ros2_robot/ground_plane_estimator/src/ground_plane_estimator_node.cpp:120:17:\x1b[m\x1b[K \x1b[01;31m\x1b[Kerror: \x1b[m\x1b[K\xe2\x80\x98\x1b[01m\x1b[Krp_x2\x1b[m\x1b[K\xe2\x80\x99 was not declared in this scope\n'}
[1.894560] (ground_plane_estimator) StderrLine: {'line': b'                 \x1b[01;31m\x1b[Krp_x2\x1b[m\x1b[K = x21;\n'}
[1.894716] (ground_plane_estimator) StderrLine: {'line': b'                 \x1b[01;31m\x1b[K^~~~~\x1b[m\x1b[K\n'}
[1.894861] (ground_plane_estimator) StderrLine: {'line': b'\x1b[01m\x1b[K/home/turgay/dev_ws/src/ros2_robot/ground_plane_estimator/src/ground_plane_estimator_node.cpp:121:17:\x1b[m\x1b[K \x1b[01;31m\x1b[Kerror: \x1b[m\x1b[K\xe2\x80\x98\x1b[01m\x1b[Krp_y2\x1b[m\x1b[K\xe2\x80\x99 was not declared in this scope\n'}
[1.895018] (ground_plane_estimator) StderrLine: {'line': b'                 \x1b[01;31m\x1b[Krp_y2\x1b[m\x1b[K = y21;\n'}
[1.895173] (ground_plane_estimator) StderrLine: {'line': b'                 \x1b[01;31m\x1b[K^~~~~\x1b[m\x1b[K\n'}
[1.895424] (ground_plane_estimator) StderrLine: {'line': b'\x1b[01m\x1b[K/home/turgay/dev_ws/src/ros2_robot/ground_plane_estimator/src/ground_plane_estimator_node.cpp:123:21:\x1b[m\x1b[K \x1b[01;31m\x1b[Kerror: \x1b[m\x1b[K\xe2\x80\x98\x1b[01m\x1b[Krp_x1\x1b[m\x1b[K\xe2\x80\x99 was not declared in this scope\n'}
[1.895576] (ground_plane_estimator) StderrLine: {'line': b'                     \x1b[01;31m\x1b[Krp_x1\x1b[m\x1b[K = WIDTH;\n'}
[1.895721] (ground_plane_estimator) StderrLine: {'line': b'                     \x1b[01;31m\x1b[K^~~~~\x1b[m\x1b[K\n'}
[1.895877] (ground_plane_estimator) StderrLine: {'line': b'\x1b[01m\x1b[K/home/turgay/dev_ws/src/ros2_robot/ground_plane_estimator/src/ground_plane_estimator_node.cpp:124:21:\x1b[m\x1b[K \x1b[01;31m\x1b[Kerror: \x1b[m\x1b[K\xe2\x80\x98\x1b[01m\x1b[Krp_y1\x1b[m\x1b[K\xe2\x80\x99 was not declared in this scope\n'}
[1.896194] (ground_plane_estimator) StderrLine: {'line': b'                     \x1b[01;31m\x1b[Krp_y1\x1b[m\x1b[K = tan(alpha) * rp_x1 + b;\n'}
[1.896348] (ground_plane_estimator) StderrLine: {'line': b'                     \x1b[01;31m\x1b[K^~~~~\x1b[m\x1b[K\n'}
[1.896495] (ground_plane_estimator) StderrLine: {'line': b'\x1b[01m\x1b[K/home/turgay/dev_ws/src/ros2_robot/ground_plane_estimator/src/ground_plane_estimator_node.cpp:124:21:\x1b[m\x1b[K \x1b[01;36m\x1b[Knote: \x1b[m\x1b[Ksuggested alternative: \xe2\x80\x98\x1b[01m\x1b[K__y1\x1b[m\x1b[K\xe2\x80\x99\n'}
[1.896642] (ground_plane_estimator) StderrLine: {'line': b'                     \x1b[01;36m\x1b[Krp_y1\x1b[m\x1b[K = tan(alpha) * rp_x1 + b;\n'}
[1.896870] (ground_plane_estimator) StderrLine: {'line': b'                     \x1b[01;36m\x1b[K^~~~~\x1b[m\x1b[K\n'}
[1.897032] (ground_plane_estimator) StderrLine: {'line': b'                     \x1b[32m\x1b[K__y1\x1b[m\x1b[K\n'}
[1.897178] (ground_plane_estimator) StderrLine: {'line': b'\x1b[01m\x1b[K/home/turgay/dev_ws/src/ros2_robot/ground_plane_estimator/src/ground_plane_estimator_node.cpp:126:21:\x1b[m\x1b[K \x1b[01;31m\x1b[Kerror: \x1b[m\x1b[K\xe2\x80\x98\x1b[01m\x1b[Krp_x1\x1b[m\x1b[K\xe2\x80\x99 was not declared in this scope\n'}
[1.897325] (ground_plane_estimator) StderrLine: {'line': b'                     \x1b[01;31m\x1b[Krp_x1\x1b[m\x1b[K = (HEIGHT - b) / tan(alpha);\n'}
[1.897476] (ground_plane_estimator) StderrLine: {'line': b'                     \x1b[01;31m\x1b[K^~~~~\x1b[m\x1b[K\n'}
[1.897831] (ground_plane_estimator) StderrLine: {'line': b'\x1b[01m\x1b[K/home/turgay/dev_ws/src/ros2_robot/ground_plane_estimator/src/ground_plane_estimator_node.cpp:127:21:\x1b[m\x1b[K \x1b[01;31m\x1b[Kerror: \x1b[m\x1b[K\xe2\x80\x98\x1b[01m\x1b[Krp_y1\x1b[m\x1b[K\xe2\x80\x99 was not declared in this scope\n'}
[1.897990] (ground_plane_estimator) StderrLine: {'line': b'                     \x1b[01;31m\x1b[Krp_y1\x1b[m\x1b[K = HEIGHT;\n'}
[1.898139] (ground_plane_estimator) StderrLine: {'line': b'                     \x1b[01;31m\x1b[K^~~~~\x1b[m\x1b[K\n'}
[1.898283] (ground_plane_estimator) StderrLine: {'line': b'\x1b[01m\x1b[K/home/turgay/dev_ws/src/ros2_robot/ground_plane_estimator/src/ground_plane_estimator_node.cpp:127:21:\x1b[m\x1b[K \x1b[01;36m\x1b[Knote: \x1b[m\x1b[Ksuggested alternative: \xe2\x80\x98\x1b[01m\x1b[K__y1\x1b[m\x1b[K\xe2\x80\x99\n'}
[1.898439] (ground_plane_estimator) StderrLine: {'line': b'                     \x1b[01;36m\x1b[Krp_y1\x1b[m\x1b[K = HEIGHT;\n'}
[1.898582] (ground_plane_estimator) StderrLine: {'line': b'                     \x1b[01;36m\x1b[K^~~~~\x1b[m\x1b[K\n'}
[1.898724] (ground_plane_estimator) StderrLine: {'line': b'                     \x1b[32m\x1b[K__y1\x1b[m\x1b[K\n'}
[1.898867] (ground_plane_estimator) StderrLine: {'line': b'\x1b[01m\x1b[K/home/turgay/dev_ws/src/ros2_robot/ground_plane_estimator/src/ground_plane_estimator_node.cpp:113:24:\x1b[m\x1b[K \x1b[01;35m\x1b[Kwarning: \x1b[m\x1b[Kunused variable \xe2\x80\x98\x1b[01m\x1b[Kx11\x1b[m\x1b[K\xe2\x80\x99 [\x1b[01;35m\x1b[K-Wunused-variable\x1b[m\x1b[K]\n'}
[1.899093] (ground_plane_estimator) StderrLine: {'line': b'                 double \x1b[01;35m\x1b[Kx11\x1b[m\x1b[K, y11;\n'}
[1.899256] (ground_plane_estimator) StderrLine: {'line': b'                        \x1b[01;35m\x1b[K^~~\x1b[m\x1b[K\n'}
[1.899430] (ground_plane_estimator) StderrLine: {'line': b'\x1b[01m\x1b[K/home/turgay/dev_ws/src/ros2_robot/ground_plane_estimator/src/ground_plane_estimator_node.cpp:113:29:\x1b[m\x1b[K \x1b[01;35m\x1b[Kwarning: \x1b[m\x1b[Kunused variable \xe2\x80\x98\x1b[01m\x1b[Ky11\x1b[m\x1b[K\xe2\x80\x99 [\x1b[01;35m\x1b[K-Wunused-variable\x1b[m\x1b[K]\n'}
[1.899578] (ground_plane_estimator) StderrLine: {'line': b'                 double x11, \x1b[01;35m\x1b[Ky11\x1b[m\x1b[K;\n'}
[1.899721] (ground_plane_estimator) StderrLine: {'line': b'                             \x1b[01;35m\x1b[K^~~\x1b[m\x1b[K\n'}
[1.899872] (ground_plane_estimator) StderrLine: {'line': b'\x1b[01m\x1b[K/home/turgay/dev_ws/src/ros2_robot/ground_plane_estimator/src/ground_plane_estimator_node.cpp:133:31:\x1b[m\x1b[K \x1b[01;31m\x1b[Kerror: \x1b[m\x1b[K\xe2\x80\x98\x1b[01m\x1b[KHEIGHT\x1b[m\x1b[K\xe2\x80\x99 was not declared in this scope\n'}
[1.900105] (ground_plane_estimator) StderrLine: {'line': b'                 double x22 = (\x1b[01;31m\x1b[KHEIGHT\x1b[m\x1b[K/2 - b) / tan(alpha);\n'}
[1.900252] (ground_plane_estimator) StderrLine: {'line': b'                               \x1b[01;31m\x1b[K^~~~~~\x1b[m\x1b[K\n'}
[1.900396] (ground_plane_estimator) StderrLine: {'line': b'\x1b[01m\x1b[K/home/turgay/dev_ws/src/ros2_robot/ground_plane_estimator/src/ground_plane_estimator_node.cpp:139:17:\x1b[m\x1b[K \x1b[01;31m\x1b[Kerror: \x1b[m\x1b[K\xe2\x80\x98\x1b[01m\x1b[Klp_x2\x1b[m\x1b[K\xe2\x80\x99 was not declared in this scope\n'}
[1.900550] (ground_plane_estimator) StderrLine: {'line': b'                 \x1b[01;31m\x1b[Klp_x2\x1b[m\x1b[K = x22;\n'}
[1.900700] (ground_plane_estimator) StderrLine: {'line': b'                 \x1b[01;31m\x1b[K^~~~~\x1b[m\x1b[K\n'}
[1.900932] (ground_plane_estimator) StderrLine: {'line': b'\x1b[01m\x1b[K/home/turgay/dev_ws/src/ros2_robot/ground_plane_estimator/src/ground_plane_estimator_node.cpp:140:17:\x1b[m\x1b[K \x1b[01;31m\x1b[Kerror: \x1b[m\x1b[K\xe2\x80\x98\x1b[01m\x1b[Klp_y2\x1b[m\x1b[K\xe2\x80\x99 was not declared in this scope\n'}
[1.901080] (ground_plane_estimator) StderrLine: {'line': b'                 \x1b[01;31m\x1b[Klp_y2\x1b[m\x1b[K = y22;\n'}
[1.901236] (ground_plane_estimator) StderrLine: {'line': b'                 \x1b[01;31m\x1b[K^~~~~\x1b[m\x1b[K\n'}
[1.901382] (ground_plane_estimator) StderrLine: {'line': b'\x1b[01m\x1b[K/home/turgay/dev_ws/src/ros2_robot/ground_plane_estimator/src/ground_plane_estimator_node.cpp:142:21:\x1b[m\x1b[K \x1b[01;31m\x1b[Kerror: \x1b[m\x1b[K\xe2\x80\x98\x1b[01m\x1b[Klp_x1\x1b[m\x1b[K\xe2\x80\x99 was not declared in this scope\n'}
[1.901542] (ground_plane_estimator) StderrLine: {'line': b'                     \x1b[01;31m\x1b[Klp_x1\x1b[m\x1b[K = 0.0;\n'}
[1.901762] (ground_plane_estimator) StderrLine: {'line': b'                     \x1b[01;31m\x1b[K^~~~~\x1b[m\x1b[K\n'}
[1.901842] (ground_plane_estimator) StderrLine: {'line': b'\x1b[01m\x1b[K/home/turgay/dev_ws/src/ros2_robot/ground_plane_estimator/src/ground_plane_estimator_node.cpp:143:21:\x1b[m\x1b[K \x1b[01;31m\x1b[Kerror: \x1b[m\x1b[K\xe2\x80\x98\x1b[01m\x1b[Klp_y1\x1b[m\x1b[K\xe2\x80\x99 was not declared in this scope\n'}
[1.901927] (ground_plane_estimator) StderrLine: {'line': b'                     \x1b[01;31m\x1b[Klp_y1\x1b[m\x1b[K = b;\n'}
[1.902005] (ground_plane_estimator) StderrLine: {'line': b'                     \x1b[01;31m\x1b[K^~~~~\x1b[m\x1b[K\n'}
[1.902280] (ground_plane_estimator) StderrLine: {'line': b'\x1b[01m\x1b[K/home/turgay/dev_ws/src/ros2_robot/ground_plane_estimator/src/ground_plane_estimator_node.cpp:143:21:\x1b[m\x1b[K \x1b[01;36m\x1b[Knote: \x1b[m\x1b[Ksuggested alternative: \xe2\x80\x98\x1b[01m\x1b[K__y1\x1b[m\x1b[K\xe2\x80\x99\n'}
[1.902402] (ground_plane_estimator) StderrLine: {'line': b'                     \x1b[01;36m\x1b[Klp_y1\x1b[m\x1b[K = b;\n'}
[1.902484] (ground_plane_estimator) StderrLine: {'line': b'                     \x1b[01;36m\x1b[K^~~~~\x1b[m\x1b[K\n'}
[1.902563] (ground_plane_estimator) StderrLine: {'line': b'                     \x1b[32m\x1b[K__y1\x1b[m\x1b[K\n'}
[1.902642] (ground_plane_estimator) StderrLine: {'line': b'\x1b[01m\x1b[K/home/turgay/dev_ws/src/ros2_robot/ground_plane_estimator/src/ground_plane_estimator_node.cpp:145:21:\x1b[m\x1b[K \x1b[01;31m\x1b[Kerror: \x1b[m\x1b[K\xe2\x80\x98\x1b[01m\x1b[Klp_x1\x1b[m\x1b[K\xe2\x80\x99 was not declared in this scope\n'}
[1.902721] (ground_plane_estimator) StderrLine: {'line': b'                     \x1b[01;31m\x1b[Klp_x1\x1b[m\x1b[K = (HEIGHT - b) / tan(alpha);\n'}
[1.902798] (ground_plane_estimator) StderrLine: {'line': b'                     \x1b[01;31m\x1b[K^~~~~\x1b[m\x1b[K\n'}
[1.903130] (ground_plane_estimator) StderrLine: {'line': b'\x1b[01m\x1b[K/home/turgay/dev_ws/src/ros2_robot/ground_plane_estimator/src/ground_plane_estimator_node.cpp:146:21:\x1b[m\x1b[K \x1b[01;31m\x1b[Kerror: \x1b[m\x1b[K\xe2\x80\x98\x1b[01m\x1b[Klp_y1\x1b[m\x1b[K\xe2\x80\x99 was not declared in this scope\n'}
[1.903220] (ground_plane_estimator) StderrLine: {'line': b'                     \x1b[01;31m\x1b[Klp_y1\x1b[m\x1b[K = HEIGHT;\n'}
[1.903315] (ground_plane_estimator) StderrLine: {'line': b'                     \x1b[01;31m\x1b[K^~~~~\x1b[m\x1b[K\n'}
[1.903858] (ground_plane_estimator) StderrLine: {'line': b'\x1b[01m\x1b[K/home/turgay/dev_ws/src/ros2_robot/ground_plane_estimator/src/ground_plane_estimator_node.cpp:146:21:\x1b[m\x1b[K \x1b[01;36m\x1b[Knote: \x1b[m\x1b[Ksuggested alternative: \xe2\x80\x98\x1b[01m\x1b[K__y1\x1b[m\x1b[K\xe2\x80\x99\n'}
[1.904168] (ground_plane_estimator) StderrLine: {'line': b'                     \x1b[01;36m\x1b[Klp_y1\x1b[m\x1b[K = HEIGHT;\n'}
[1.904250] (ground_plane_estimator) StderrLine: {'line': b'                     \x1b[01;36m\x1b[K^~~~~\x1b[m\x1b[K\n'}
[1.904328] (ground_plane_estimator) StderrLine: {'line': b'                     \x1b[32m\x1b[K__y1\x1b[m\x1b[K\n'}
[1.904406] (ground_plane_estimator) StderrLine: {'line': b'\x1b[01m\x1b[K/home/turgay/dev_ws/src/ros2_robot/ground_plane_estimator/src/ground_plane_estimator_node.cpp:132:24:\x1b[m\x1b[K \x1b[01;35m\x1b[Kwarning: \x1b[m\x1b[Kunused variable \xe2\x80\x98\x1b[01m\x1b[Kx12\x1b[m\x1b[K\xe2\x80\x99 [\x1b[01;35m\x1b[K-Wunused-variable\x1b[m\x1b[K]\n'}
[1.904490] (ground_plane_estimator) StderrLine: {'line': b'                 double \x1b[01;35m\x1b[Kx12\x1b[m\x1b[K, y12;\n'}
[1.904569] (ground_plane_estimator) StderrLine: {'line': b'                        \x1b[01;35m\x1b[K^~~\x1b[m\x1b[K\n'}
[1.904648] (ground_plane_estimator) StderrLine: {'line': b'\x1b[01m\x1b[K/home/turgay/dev_ws/src/ros2_robot/ground_plane_estimator/src/ground_plane_estimator_node.cpp:132:29:\x1b[m\x1b[K \x1b[01;35m\x1b[Kwarning: \x1b[m\x1b[Kunused variable \xe2\x80\x98\x1b[01m\x1b[Ky12\x1b[m\x1b[K\xe2\x80\x99 [\x1b[01;35m\x1b[K-Wunused-variable\x1b[m\x1b[K]\n'}
[1.904807] (ground_plane_estimator) StderrLine: {'line': b'                 double x12, \x1b[01;35m\x1b[Ky12\x1b[m\x1b[K;\n'}
[1.904948] (ground_plane_estimator) StderrLine: {'line': b'                             \x1b[01;35m\x1b[K^~~\x1b[m\x1b[K\n'}
[1.905027] (ground_plane_estimator) StderrLine: {'line': b'\x1b[01m\x1b[K/home/turgay/dev_ws/src/ros2_robot/ground_plane_estimator/src/ground_plane_estimator_node.cpp:\x1b[m\x1b[K In member function \xe2\x80\x98\x1b[01m\x1b[Kcv_bridge::CvImagePtr GroundPlaneEstimatorNode::showImageWithMark(cv_bridge::CvImagePtr)\x1b[m\x1b[K\xe2\x80\x99:\n'}
[1.905113] (ground_plane_estimator) StderrLine: {'line': b'\x1b[01m\x1b[K/home/turgay/dev_ws/src/ros2_robot/ground_plane_estimator/src/ground_plane_estimator_node.cpp:155:36:\x1b[m\x1b[K \x1b[01;31m\x1b[Kerror: \x1b[m\x1b[K\xe2\x80\x98\x1b[01m\x1b[Klp_y1\x1b[m\x1b[K\xe2\x80\x99 was not declared in this scope\n'}
[1.905191] (ground_plane_estimator) StderrLine: {'line': b'     polygon[0][0] = cv::Point(0.0, \x1b[01;31m\x1b[Klp_y1\x1b[m\x1b[K);\n'}
[1.905268] (ground_plane_estimator) StderrLine: {'line': b'                                    \x1b[01;31m\x1b[K^~~~~\x1b[m\x1b[K\n'}
[1.905344] (ground_plane_estimator) StderrLine: {'line': b'\x1b[01m\x1b[K/home/turgay/dev_ws/src/ros2_robot/ground_plane_estimator/src/ground_plane_estimator_node.cpp:155:36:\x1b[m\x1b[K \x1b[01;36m\x1b[Knote: \x1b[m\x1b[Ksuggested alternative: \xe2\x80\x98\x1b[01m\x1b[K__y1\x1b[m\x1b[K\xe2\x80\x99\n'}
[1.905423] (ground_plane_estimator) StderrLine: {'line': b'     polygon[0][0] = cv::Point(0.0, \x1b[01;36m\x1b[Klp_y1\x1b[m\x1b[K);\n'}
[1.905500] (ground_plane_estimator) StderrLine: {'line': b'                                    \x1b[01;36m\x1b[K^~~~~\x1b[m\x1b[K\n'}
[1.905582] (ground_plane_estimator) StderrLine: {'line': b'                                    \x1b[32m\x1b[K__y1\x1b[m\x1b[K\n'}
[1.905728] (ground_plane_estimator) StderrLine: {'line': b'\x1b[01m\x1b[K/home/turgay/dev_ws/src/ros2_robot/ground_plane_estimator/src/ground_plane_estimator_node.cpp:156:31:\x1b[m\x1b[K \x1b[01;31m\x1b[Kerror: \x1b[m\x1b[K\xe2\x80\x98\x1b[01m\x1b[Klp_x2\x1b[m\x1b[K\xe2\x80\x99 was not declared in this scope\n'}
[1.905809] (ground_plane_estimator) StderrLine: {'line': b'     polygon[0][1] = cv::Point(\x1b[01;31m\x1b[Klp_x2\x1b[m\x1b[K, lp_y2);\n'}
[1.905886] (ground_plane_estimator) StderrLine: {'line': b'                               \x1b[01;31m\x1b[K^~~~~\x1b[m\x1b[K\n'}
[1.905968] (ground_plane_estimator) StderrLine: {'line': b'\x1b[01m\x1b[K/home/turgay/dev_ws/src/ros2_robot/ground_plane_estimator/src/ground_plane_estimator_node.cpp:156:38:\x1b[m\x1b[K \x1b[01;31m\x1b[Kerror: \x1b[m\x1b[K\xe2\x80\x98\x1b[01m\x1b[Klp_y2\x1b[m\x1b[K\xe2\x80\x99 was not declared in this scope\n'}
[1.906049] (ground_plane_estimator) StderrLine: {'line': b'     polygon[0][1] = cv::Point(lp_x2, \x1b[01;31m\x1b[Klp_y2\x1b[m\x1b[K);\n'}
[1.906126] (ground_plane_estimator) StderrLine: {'line': b'                                      \x1b[01;31m\x1b[K^~~~~\x1b[m\x1b[K\n'}
[1.906481] (ground_plane_estimator) StderrLine: {'line': b'\x1b[01m\x1b[K/home/turgay/dev_ws/src/ros2_robot/ground_plane_estimator/src/ground_plane_estimator_node.cpp:157:31:\x1b[m\x1b[K \x1b[01;31m\x1b[Kerror: \x1b[m\x1b[K\xe2\x80\x98\x1b[01m\x1b[Krp_x2\x1b[m\x1b[K\xe2\x80\x99 was not declared in this scope\n'}
[1.906564] (ground_plane_estimator) StderrLine: {'line': b'     polygon[0][2] = cv::Point(\x1b[01;31m\x1b[Krp_x2\x1b[m\x1b[K, rp_y2);\n'}
[1.906642] (ground_plane_estimator) StderrLine: {'line': b'                               \x1b[01;31m\x1b[K^~~~~\x1b[m\x1b[K\n'}
[1.907366] (ground_plane_estimator) StderrLine: {'line': b'\x1b[01m\x1b[K/home/turgay/dev_ws/src/ros2_robot/ground_plane_estimator/src/ground_plane_estimator_node.cpp:157:38:\x1b[m\x1b[K \x1b[01;31m\x1b[Kerror: \x1b[m\x1b[K\xe2\x80\x98\x1b[01m\x1b[Krp_y2\x1b[m\x1b[K\xe2\x80\x99 was not declared in this scope\n'}
[1.907454] (ground_plane_estimator) StderrLine: {'line': b'     polygon[0][2] = cv::Point(rp_x2, \x1b[01;31m\x1b[Krp_y2\x1b[m\x1b[K);\n'}
[1.907532] (ground_plane_estimator) StderrLine: {'line': b'                                      \x1b[01;31m\x1b[K^~~~~\x1b[m\x1b[K\n'}
[1.908197] (ground_plane_estimator) StderrLine: {'line': b'\x1b[01m\x1b[K/home/turgay/dev_ws/src/ros2_robot/ground_plane_estimator/src/ground_plane_estimator_node.cpp:158:31:\x1b[m\x1b[K \x1b[01;31m\x1b[Kerror: \x1b[m\x1b[K\xe2\x80\x98\x1b[01m\x1b[KWIDTH\x1b[m\x1b[K\xe2\x80\x99 was not declared in this scope\n'}
[1.908286] (ground_plane_estimator) StderrLine: {'line': b'     polygon[0][3] = cv::Point(\x1b[01;31m\x1b[KWIDTH\x1b[m\x1b[K, rp_y1);\n'}
[1.908365] (ground_plane_estimator) StderrLine: {'line': b'                               \x1b[01;31m\x1b[K^~~~~\x1b[m\x1b[K\n'}
[1.909139] (ground_plane_estimator) StderrLine: {'line': b'\x1b[01m\x1b[K/home/turgay/dev_ws/src/ros2_robot/ground_plane_estimator/src/ground_plane_estimator_node.cpp:158:38:\x1b[m\x1b[K \x1b[01;31m\x1b[Kerror: \x1b[m\x1b[K\xe2\x80\x98\x1b[01m\x1b[Krp_y1\x1b[m\x1b[K\xe2\x80\x99 was not declared in this scope\n'}
[1.909241] (ground_plane_estimator) StderrLine: {'line': b'     polygon[0][3] = cv::Point(WIDTH, \x1b[01;31m\x1b[Krp_y1\x1b[m\x1b[K);\n'}
[1.909322] (ground_plane_estimator) StderrLine: {'line': b'                                      \x1b[01;31m\x1b[K^~~~~\x1b[m\x1b[K\n'}
[1.909400] (-) TimerEvent: {}
[1.909888] (ground_plane_estimator) StderrLine: {'line': b'\x1b[01m\x1b[K/home/turgay/dev_ws/src/ros2_robot/ground_plane_estimator/src/ground_plane_estimator_node.cpp:158:38:\x1b[m\x1b[K \x1b[01;36m\x1b[Knote: \x1b[m\x1b[Ksuggested alternative: \xe2\x80\x98\x1b[01m\x1b[K__y1\x1b[m\x1b[K\xe2\x80\x99\n'}
[1.910033] (ground_plane_estimator) StderrLine: {'line': b'     polygon[0][3] = cv::Point(WIDTH, \x1b[01;36m\x1b[Krp_y1\x1b[m\x1b[K);\n'}
[1.910124] (ground_plane_estimator) StderrLine: {'line': b'                                      \x1b[01;36m\x1b[K^~~~~\x1b[m\x1b[K\n'}
[1.910207] (ground_plane_estimator) StderrLine: {'line': b'                                      \x1b[32m\x1b[K__y1\x1b[m\x1b[K\n'}
[2.009531] (-) TimerEvent: {}
[2.109866] (-) TimerEvent: {}
[2.210312] (-) TimerEvent: {}
[2.310802] (-) TimerEvent: {}
[2.411313] (-) TimerEvent: {}
[2.511799] (-) TimerEvent: {}
[2.576686] (ground_plane_estimator) StdoutLine: {'line': b"CMakeFiles/ground_plane_estimator_node.dir/build.make:62: recipe for target 'CMakeFiles/ground_plane_estimator_node.dir/src/ground_plane_estimator_node.cpp.o' failed\n"}
[2.577353] (ground_plane_estimator) StderrLine: {'line': b'make[2]: *** [CMakeFiles/ground_plane_estimator_node.dir/src/ground_plane_estimator_node.cpp.o] Error 1\n'}
[2.577737] (ground_plane_estimator) StdoutLine: {'line': b"CMakeFiles/Makefile2:67: recipe for target 'CMakeFiles/ground_plane_estimator_node.dir/all' failed\n"}
[2.577976] (ground_plane_estimator) StderrLine: {'line': b'make[1]: *** [CMakeFiles/ground_plane_estimator_node.dir/all] Error 2\n'}
[2.578193] (ground_plane_estimator) StdoutLine: {'line': b"Makefile:140: recipe for target 'all' failed\n"}
[2.578408] (ground_plane_estimator) StderrLine: {'line': b'make: *** [all] Error 2\n'}
[2.580751] (ground_plane_estimator) CommandEnded: {'returncode': 2}
[2.581868] (ground_plane_estimator) JobEnded: {'identifier': 'ground_plane_estimator', 'rc': 2}
[2.592031] (-) EventReactorShutdown: {}
