[0.879s] -- Found ament_cmake: 0.7.4 (/opt/ros/dashing/share/ament_cmake/cmake)
[0.880s] -- Using PYTHON_EXECUTABLE: /usr/bin/python3
[0.881s] -- Override CMake install command with custom implementation using symlinks instead of copying resources
[0.882s] -- Found rclcpp: 0.7.13 (/opt/ros/dashing/share/rclcpp/cmake)
[0.884s] -- Found rosidl_adapter: 0.7.9 (/opt/ros/dashing/share/rosidl_adapter/cmake)
[0.886s] -- Found rmw_implementation_cmake: 0.7.2 (/opt/ros/dashing/share/rmw_implementation_cmake/cmake)
[0.887s] -- Using RMW implementation 'rmw_fastrtps_cpp' as default
[0.887s] -- Found std_msgs: 0.7.0 (/opt/ros/dashing/share/std_msgs/cmake)
[0.890s] -- Found rclcpp_components: 0.7.13 (/opt/ros/dashing/share/rclcpp_components/cmake)
[0.891s] -- Found poco_vendor:  (/opt/ros/dashing/share/poco_vendor/cmake)
[0.891s] -- Found nav_msgs: 0.7.0 (/opt/ros/dashing/share/nav_msgs/cmake)
[0.893s] -- Found sensor_msgs: 0.7.0 (/opt/ros/dashing/share/sensor_msgs/cmake)
[0.893s] -- Found cv_bridge: 2.1.4 (/opt/ros/dashing/share/cv_bridge/cmake)
[0.894s] -- Found tf2: 0.11.6 (/opt/ros/dashing/share/tf2/cmake)
[0.894s] -- Found tf2_ros: 0.11.6 (/opt/ros/dashing/share/tf2_ros/cmake)
[0.894s] -- Found image_transport: 2.1.1 (/opt/ros/dashing/share/image_transport/cmake)
[0.894s] -- Found tinyxml2_vendor:  (/opt/ros/dashing/share/tinyxml2_vendor/cmake)
[0.895s] -- Found pcl_conversions: 2.0.0 (/opt/ros/dashing/share/pcl_conversions/cmake)
[0.895s] -- Found pcl_msgs: 1.0.0 (/opt/ros/dashing/share/pcl_msgs/cmake)
[0.895s] -- Boost version: 1.65.1
[0.895s] -- Found the following Boost libraries:
[0.896s] --   system
[0.896s] --   filesystem
[0.896s] --   thread
[0.896s] --   chrono
[0.897s] --   date_time
[0.897s] --   atomic
[0.902s] -- Boost version: 1.65.1
[0.902s] -- Found the following Boost libraries:
[0.902s] --   system
[0.902s] --   filesystem
[0.902s] --   thread
[0.902s] --   date_time
[0.903s] --   iostreams
[0.903s] --   serialization
[0.903s] --   chrono
[0.903s] --   atomic
[0.903s] --   regex
[0.919s] -- Could NOT find ensenso (missing: ENSENSO_LIBRARY ENSENSO_INCLUDE_DIR) 
[0.924s] -- Could NOT find DAVIDSDK (missing: DAVIDSDK_LIBRARY DAVIDSDK_INCLUDE_DIR) 
[0.926s] -- Could NOT find DSSDK (missing: _DSSDK_LIBRARIES) 
[0.992s] -- The imported target "vtkRenderingPythonTkWidgets" references the file
[0.992s]    "/usr/lib/x86_64-linux-gnu/libvtkRenderingPythonTkWidgets.so"
[0.993s] but this file does not exist.  Possible reasons include:
[0.993s] * The file was deleted, renamed, or moved to another location.
[0.993s] * An install or uninstall procedure did not complete successfully.
[0.993s] * The installation package was faulty and contained
[0.994s]    "/usr/lib/cmake/vtk-6.3/VTKTargets.cmake"
[0.994s] but not all the files it references.
[0.994s] 
[0.995s] -- The imported target "vtk" references the file
[0.995s]    "/usr/bin/vtk"
[0.995s] but this file does not exist.  Possible reasons include:
[0.996s] * The file was deleted, renamed, or moved to another location.
[0.996s] * An install or uninstall procedure did not complete successfully.
[0.996s] * The installation package was faulty and contained
[0.996s]    "/usr/lib/cmake/vtk-6.3/VTKTargets.cmake"
[0.997s] but not all the files it references.
[0.997s] 
[1.100s] -- Could NOT find ensenso (missing: ENSENSO_LIBRARY ENSENSO_INCLUDE_DIR) 
[1.104s] -- Could NOT find DAVIDSDK (missing: DAVIDSDK_LIBRARY DAVIDSDK_INCLUDE_DIR) 
[1.105s] -- Could NOT find DSSDK (missing: _DSSDK_LIBRARIES) 
[1.106s] -- Could NOT find RSSDK (missing: _RSSDK_LIBRARIES) 
[1.174s] -- looking for PCL_COMMON
[1.174s] -- looking for PCL_OCTREE
[1.175s] -- looking for PCL_IO
[1.176s] -- looking for PCL_KDTREE
[1.176s] -- looking for PCL_SEARCH
[1.177s] -- looking for PCL_SAMPLE_CONSENSUS
[1.178s] -- looking for PCL_FILTERS
[1.178s] -- looking for PCL_2D
[1.179s] -- looking for PCL_GEOMETRY
[1.179s] -- looking for PCL_FEATURES
[1.180s] -- looking for PCL_ML
[1.181s] -- looking for PCL_SEGMENTATION
[1.181s] -- looking for PCL_VISUALIZATION
[1.182s] -- looking for PCL_SURFACE
[1.183s] -- looking for PCL_REGISTRATION
[1.184s] -- looking for PCL_KEYPOINTS
[1.184s] -- looking for PCL_TRACKING
[1.185s] -- looking for PCL_RECOGNITION
[1.186s] -- looking for PCL_STEREO
[1.186s] -- looking for PCL_APPS
[1.189s] -- looking for PCL_IN_HAND_SCANNER
[1.190s] -- looking for PCL_MODELER
[1.190s] -- looking for PCL_POINT_CLOUD_EDITOR
[1.190s] -- looking for PCL_OUTOFCORE
[1.191s] -- looking for PCL_PEOPLE
[1.218s] -- Found ament_lint_auto: 0.7.11 (/opt/ros/dashing/share/ament_lint_auto/cmake)
[1.563s] -- Added test 'copyright' to check for copyright in CMake / C / C++ / Python code
[1.564s] -- Added test 'cppcheck' to perform static code analysis on C / C++ code
[1.565s] -- Configured cppcheck include dirs: /home/turgay/dev_ws/src/ros2_robot/ground_plane_estimator/include
[1.565s] -- Added test 'cpplint' to check C / C++ code against the Google style
[1.566s] -- Added test 'lint_cmake' to check CMake code style
[1.567s] -- Added test 'uncrustify' to check C / C++ code style
[1.567s] -- Added test 'xmllint' to check XML markup files
[1.570s] -- Configuring done
[1.612s] -- Generating done
[1.615s] -- Build files have been written to: /home/turgay/dev_ws/src/ros2_robot/build/ground_plane_estimator
[1.716s] [35m[1mScanning dependencies of target ground_plane_estimator_node[0m
[1.804s] [ 50%] [32mBuilding CXX object CMakeFiles/ground_plane_estimator_node.dir/src/ground_plane_estimator_node.cpp.o[0m
[9.624s] CMakeFiles/ground_plane_estimator_node.dir/build.make:62: recipe for target 'CMakeFiles/ground_plane_estimator_node.dir/src/ground_plane_estimator_node.cpp.o' failed
[9.625s] CMakeFiles/Makefile2:67: recipe for target 'CMakeFiles/ground_plane_estimator_node.dir/all' failed
[9.626s] Makefile:140: recipe for target 'all' failed
