[0.071s] Invoking command in '/home/turgay/dev_ws/src/ros2_robot/build/ground_plane_estimator': CMAKE_PREFIX_PATH=${CMAKE_PREFIX_PATH}:/home/turgay/dev_ws/src/ros2_robot/install/simple_gps:/home/turgay/dev_ws/src/ros2_robot/install/remote_control:/opt/robot_devkit/tools/rdk_perf:/opt/robot_devkit/perception/handeye_dashboard:/opt/robot_devkit/perception/handeye:/opt/robot_devkit/perception/criutils:/opt/robot_devkit/perception/baldor:/opt/ros/dashing /usr/bin/cmake /home/turgay/dev_ws/src/ros2_robot/ground_plane_estimator -DCMAKE_INSTALL_PREFIX=/home/turgay/dev_ws/src/ros2_robot/install/ground_plane_estimator
[0.879s] -- Found ament_cmake: 0.7.4 (/opt/ros/dashing/share/ament_cmake/cmake)
[0.880s] -- Using PYTHON_EXECUTABLE: /usr/bin/python3
[0.881s] -- Override CMake install command with custom implementation using symlinks instead of copying resources
[0.882s] -- Found rclcpp: 0.7.13 (/opt/ros/dashing/share/rclcpp/cmake)
[0.884s] -- Found rosidl_adapter: 0.7.9 (/opt/ros/dashing/share/rosidl_adapter/cmake)
[0.886s] -- Found rmw_implementation_cmake: 0.7.2 (/opt/ros/dashing/share/rmw_implementation_cmake/cmake)
[0.887s] -- Using RMW implementation 'rmw_fastrtps_cpp' as default
[0.887s] -- Found std_msgs: 0.7.0 (/opt/ros/dashing/share/std_msgs/cmake)
[0.890s] -- Found rclcpp_components: 0.7.13 (/opt/ros/dashing/share/rclcpp_components/cmake)
[0.891s] -- Found poco_vendor:  (/opt/ros/dashing/share/poco_vendor/cmake)
[0.891s] -- Found nav_msgs: 0.7.0 (/opt/ros/dashing/share/nav_msgs/cmake)
[0.893s] -- Found sensor_msgs: 0.7.0 (/opt/ros/dashing/share/sensor_msgs/cmake)
[0.893s] -- Found cv_bridge: 2.1.4 (/opt/ros/dashing/share/cv_bridge/cmake)
[0.894s] -- Found tf2: 0.11.6 (/opt/ros/dashing/share/tf2/cmake)
[0.894s] -- Found tf2_ros: 0.11.6 (/opt/ros/dashing/share/tf2_ros/cmake)
[0.894s] -- Found image_transport: 2.1.1 (/opt/ros/dashing/share/image_transport/cmake)
[0.894s] -- Found tinyxml2_vendor:  (/opt/ros/dashing/share/tinyxml2_vendor/cmake)
[0.895s] -- Found pcl_conversions: 2.0.0 (/opt/ros/dashing/share/pcl_conversions/cmake)
[0.895s] -- Found pcl_msgs: 1.0.0 (/opt/ros/dashing/share/pcl_msgs/cmake)
[0.895s] -- Boost version: 1.65.1
[0.895s] -- Found the following Boost libraries:
[0.896s] --   system
[0.896s] --   filesystem
[0.896s] --   thread
[0.896s] --   chrono
[0.897s] --   date_time
[0.897s] --   atomic
[0.902s] -- Boost version: 1.65.1
[0.902s] -- Found the following Boost libraries:
[0.902s] --   system
[0.902s] --   filesystem
[0.902s] --   thread
[0.902s] --   date_time
[0.903s] --   iostreams
[0.903s] --   serialization
[0.903s] --   chrono
[0.903s] --   atomic
[0.903s] --   regex
[0.919s] -- Could NOT find ensenso (missing: ENSENSO_LIBRARY ENSENSO_INCLUDE_DIR) 
[0.919s] ** WARNING ** io features related to ensenso will be disabled
[0.924s] -- Could NOT find DAVIDSDK (missing: DAVIDSDK_LIBRARY DAVIDSDK_INCLUDE_DIR) 
[0.924s] ** WARNING ** io features related to davidSDK will be disabled
[0.926s] -- Could NOT find DSSDK (missing: _DSSDK_LIBRARIES) 
[0.926s] ** WARNING ** io features related to dssdk will be disabled
[0.926s] ** WARNING ** io features related to pcap will be disabled
[0.927s] ** WARNING ** io features related to png will be disabled
[0.992s] -- The imported target "vtkRenderingPythonTkWidgets" references the file
[0.992s]    "/usr/lib/x86_64-linux-gnu/libvtkRenderingPythonTkWidgets.so"
[0.993s] but this file does not exist.  Possible reasons include:
[0.993s] * The file was deleted, renamed, or moved to another location.
[0.993s] * An install or uninstall procedure did not complete successfully.
[0.993s] * The installation package was faulty and contained
[0.994s]    "/usr/lib/cmake/vtk-6.3/VTKTargets.cmake"
[0.994s] but not all the files it references.
[0.994s] 
[0.995s] -- The imported target "vtk" references the file
[0.995s]    "/usr/bin/vtk"
[0.995s] but this file does not exist.  Possible reasons include:
[0.996s] * The file was deleted, renamed, or moved to another location.
[0.996s] * An install or uninstall procedure did not complete successfully.
[0.996s] * The installation package was faulty and contained
[0.996s]    "/usr/lib/cmake/vtk-6.3/VTKTargets.cmake"
[0.997s] but not all the files it references.
[0.997s] 
[1.058s] ** WARNING ** io features related to libusb-1.0 will be disabled
[1.100s] -- Could NOT find ensenso (missing: ENSENSO_LIBRARY ENSENSO_INCLUDE_DIR) 
[1.100s] ** WARNING ** visualization features related to ensenso will be disabled
[1.104s] -- Could NOT find DAVIDSDK (missing: DAVIDSDK_LIBRARY DAVIDSDK_INCLUDE_DIR) 
[1.104s] ** WARNING ** visualization features related to davidSDK will be disabled
[1.105s] -- Could NOT find DSSDK (missing: _DSSDK_LIBRARIES) 
[1.105s] ** WARNING ** visualization features related to dssdk will be disabled
[1.106s] -- Could NOT find RSSDK (missing: _RSSDK_LIBRARIES) 
[1.106s] ** WARNING ** visualization features related to rssdk will be disabled
[1.174s] -- looking for PCL_COMMON
[1.174s] -- looking for PCL_OCTREE
[1.175s] -- looking for PCL_IO
[1.176s] -- looking for PCL_KDTREE
[1.176s] -- looking for PCL_SEARCH
[1.177s] -- looking for PCL_SAMPLE_CONSENSUS
[1.178s] -- looking for PCL_FILTERS
[1.178s] -- looking for PCL_2D
[1.179s] -- looking for PCL_GEOMETRY
[1.179s] -- looking for PCL_FEATURES
[1.180s] -- looking for PCL_ML
[1.181s] -- looking for PCL_SEGMENTATION
[1.181s] -- looking for PCL_VISUALIZATION
[1.182s] -- looking for PCL_SURFACE
[1.183s] -- looking for PCL_REGISTRATION
[1.184s] -- looking for PCL_KEYPOINTS
[1.184s] -- looking for PCL_TRACKING
[1.185s] -- looking for PCL_RECOGNITION
[1.186s] -- looking for PCL_STEREO
[1.186s] -- looking for PCL_APPS
[1.189s] -- looking for PCL_IN_HAND_SCANNER
[1.190s] -- looking for PCL_MODELER
[1.190s] -- looking for PCL_POINT_CLOUD_EDITOR
[1.190s] -- looking for PCL_OUTOFCORE
[1.191s] -- looking for PCL_PEOPLE
[1.218s] -- Found ament_lint_auto: 0.7.11 (/opt/ros/dashing/share/ament_lint_auto/cmake)
[1.563s] -- Added test 'copyright' to check for copyright in CMake / C / C++ / Python code
[1.564s] -- Added test 'cppcheck' to perform static code analysis on C / C++ code
[1.565s] -- Configured cppcheck include dirs: /home/turgay/dev_ws/src/ros2_robot/ground_plane_estimator/include
[1.565s] -- Added test 'cpplint' to check C / C++ code against the Google style
[1.566s] -- Added test 'lint_cmake' to check CMake code style
[1.567s] -- Added test 'uncrustify' to check C / C++ code style
[1.567s] -- Added test 'xmllint' to check XML markup files
[1.570s] -- Configuring done
[1.612s] -- Generating done
[1.615s] -- Build files have been written to: /home/turgay/dev_ws/src/ros2_robot/build/ground_plane_estimator
[1.622s] Invoked command in '/home/turgay/dev_ws/src/ros2_robot/build/ground_plane_estimator' returned '0': CMAKE_PREFIX_PATH=${CMAKE_PREFIX_PATH}:/home/turgay/dev_ws/src/ros2_robot/install/simple_gps:/home/turgay/dev_ws/src/ros2_robot/install/remote_control:/opt/robot_devkit/tools/rdk_perf:/opt/robot_devkit/perception/handeye_dashboard:/opt/robot_devkit/perception/handeye:/opt/robot_devkit/perception/criutils:/opt/robot_devkit/perception/baldor:/opt/ros/dashing /usr/bin/cmake /home/turgay/dev_ws/src/ros2_robot/ground_plane_estimator -DCMAKE_INSTALL_PREFIX=/home/turgay/dev_ws/src/ros2_robot/install/ground_plane_estimator
[1.625s] Invoking command in '/home/turgay/dev_ws/src/ros2_robot/build/ground_plane_estimator': CMAKE_PREFIX_PATH=${CMAKE_PREFIX_PATH}:/home/turgay/dev_ws/src/ros2_robot/install/simple_gps:/home/turgay/dev_ws/src/ros2_robot/install/remote_control:/opt/robot_devkit/tools/rdk_perf:/opt/robot_devkit/perception/handeye_dashboard:/opt/robot_devkit/perception/handeye:/opt/robot_devkit/perception/criutils:/opt/robot_devkit/perception/baldor:/opt/ros/dashing /usr/bin/cmake --build /home/turgay/dev_ws/src/ros2_robot/build/ground_plane_estimator -- -j12 -l12
[1.716s] [35m[1mScanning dependencies of target ground_plane_estimator_node[0m
[1.804s] [ 50%] [32mBuilding CXX object CMakeFiles/ground_plane_estimator_node.dir/src/ground_plane_estimator_node.cpp.o[0m
[7.340s] In file included from [01m[K/home/turgay/dev_ws/src/ros2_robot/ground_plane_estimator/src/ground_plane_estimator_node.cpp:7:0[m[K:
[7.340s] [01m[K/home/turgay/dev_ws/src/ros2_robot/ground_plane_estimator/include/ground_plane_estimator/ground_plane_estimator_node.hpp:[m[K In member function ‘[01m[Kvoid GroundPlaneEstimatorNode::callback(std_msgs::msg::Header_<std::allocator<void> >::ConstSharedPtr, std_msgs::msg::Header_<std::allocator<void> >::ConstSharedPtr)[m[K’:
[7.341s] [01m[K/home/turgay/dev_ws/src/ros2_robot/ground_plane_estimator/include/ground_plane_estimator/ground_plane_estimator_node.hpp:86:63:[m[K [01;35m[Kwarning: [m[Kunused parameter ‘[01m[Kmsg1[m[K’ [[01;35m[K-Wunused-parameter[m[K]
[7.341s]      void callback(const std_msgs::msg::Header::ConstSharedPtr [01;35m[Kmsg1[m[K, const std_msgs::msg::Header::ConstSharedPtr msg2) { std::cout << "callback" << std::endl; };
[7.341s]                                                                [01;35m[K^~~~[m[K
[7.341s] [01m[K/home/turgay/dev_ws/src/ros2_robot/ground_plane_estimator/include/ground_plane_estimator/ground_plane_estimator_node.hpp:86:113:[m[K [01;35m[Kwarning: [m[Kunused parameter ‘[01m[Kmsg2[m[K’ [[01;35m[K-Wunused-parameter[m[K]
[7.341s]      void callback(const std_msgs::msg::Header::ConstSharedPtr msg1, const std_msgs::msg::Header::ConstSharedPtr [01;35m[Kmsg2[m[K) { std::cout << "callback" << std::endl; };
[7.342s]                                                                                                                  [01;35m[K^~~~[m[K
[7.436s] [01m[K/home/turgay/dev_ws/src/ros2_robot/ground_plane_estimator/src/ground_plane_estimator_node.cpp:[m[K In member function ‘[01m[Kvoid GroundPlaneEstimatorNode::image_callback(sensor_msgs::msg::Image_<std::allocator<void> >::SharedPtr)[m[K’:
[7.436s] [01m[K/home/turgay/dev_ws/src/ros2_robot/ground_plane_estimator/src/ground_plane_estimator_node.cpp:74:28:[m[K [01;35m[Kwarning: [m[K‘[01m[Kvoid rclcpp::Publisher<MessageT, Alloc>::publish(const std::shared_ptr<const _Tp>&) [with MessageT = sensor_msgs::msg::Image_<std::allocator<void> >; Alloc = std::allocator<void>][m[K’ is deprecated: publishing an unique_ptr is prefered when using intra process communication. If using a shared_ptr, use publish(*msg). [[01;35m[K-Wdeprecated-declarations[m[K]
[7.437s]      image_pub_->publish(msg[01;35m[K)[m[K;
[7.437s]                             [01;35m[K^[m[K
[7.437s] In file included from [01m[K/opt/ros/dashing/include/rclcpp/callback_group.hpp:24:0[m[K,
[7.437s]                  from [01m[K/opt/ros/dashing/include/rclcpp/any_executable.hpp:20[m[K,
[7.437s]                  from [01m[K/opt/ros/dashing/include/rclcpp/memory_strategy.hpp:24[m[K,
[7.438s]                  from [01m[K/opt/ros/dashing/include/rclcpp/memory_strategies.hpp:18[m[K,
[7.438s]                  from [01m[K/opt/ros/dashing/include/rclcpp/executor.hpp:33[m[K,
[7.438s]                  from [01m[K/opt/ros/dashing/include/rclcpp/executors/multi_threaded_executor.hpp:24[m[K,
[7.438s]                  from [01m[K/opt/ros/dashing/include/rclcpp/executors.hpp:21[m[K,
[7.438s]                  from [01m[K/opt/ros/dashing/include/rclcpp/rclcpp.hpp:144[m[K,
[7.439s]                  from [01m[K/home/turgay/dev_ws/src/ros2_robot/ground_plane_estimator/include/ground_plane_estimator/ground_plane_estimator_node.hpp:18[m[K,
[7.439s]                  from [01m[K/home/turgay/dev_ws/src/ros2_robot/ground_plane_estimator/src/ground_plane_estimator_node.cpp:7[m[K:
[7.439s] [01m[K/opt/ros/dashing/include/rclcpp/publisher.hpp:137:3:[m[K [01;36m[Knote: [m[Kdeclared here
[7.439s]    [01;36m[Kpublish[m[K(const std::shared_ptr<const MessageT> & msg)
[7.439s]    [01;36m[K^~~~~~~[m[K
[7.488s] [01m[K/home/turgay/dev_ws/src/ros2_robot/ground_plane_estimator/src/ground_plane_estimator_node.cpp:[m[K In member function ‘[01m[Kvoid GroundPlaneEstimatorNode::imageSegment(const ConstSharedPtr&)[m[K’:
[7.488s] [01m[K/home/turgay/dev_ws/src/ros2_robot/ground_plane_estimator/src/ground_plane_estimator_node.cpp:371:47:[m[K [01;35m[Kwarning: [m[K‘[01m[Kvoid rclcpp::Publisher<MessageT, Alloc>::publish(const std::shared_ptr<const _Tp>&) [with MessageT = sensor_msgs::msg::Image_<std::allocator<void> >; Alloc = std::allocator<void>][m[K’ is deprecated: publishing an unique_ptr is prefered when using intra process communication. If using a shared_ptr, use publish(*msg). [[01;35m[K-Wdeprecated-declarations[m[K]
[7.489s]      image_pub_->publish( cv_ptr->toImageMsg() [01;35m[K)[m[K;
[7.489s]                                                [01;35m[K^[m[K
[7.489s] In file included from [01m[K/opt/ros/dashing/include/rclcpp/callback_group.hpp:24:0[m[K,
[7.489s]                  from [01m[K/opt/ros/dashing/include/rclcpp/any_executable.hpp:20[m[K,
[7.489s]                  from [01m[K/opt/ros/dashing/include/rclcpp/memory_strategy.hpp:24[m[K,
[7.489s]                  from [01m[K/opt/ros/dashing/include/rclcpp/memory_strategies.hpp:18[m[K,
[7.490s]                  from [01m[K/opt/ros/dashing/include/rclcpp/executor.hpp:33[m[K,
[7.490s]                  from [01m[K/opt/ros/dashing/include/rclcpp/executors/multi_threaded_executor.hpp:24[m[K,
[7.490s]                  from [01m[K/opt/ros/dashing/include/rclcpp/executors.hpp:21[m[K,
[7.490s]                  from [01m[K/opt/ros/dashing/include/rclcpp/rclcpp.hpp:144[m[K,
[7.490s]                  from [01m[K/home/turgay/dev_ws/src/ros2_robot/ground_plane_estimator/include/ground_plane_estimator/ground_plane_estimator_node.hpp:18[m[K,
[7.491s]                  from [01m[K/home/turgay/dev_ws/src/ros2_robot/ground_plane_estimator/src/ground_plane_estimator_node.cpp:7[m[K:
[7.491s] [01m[K/opt/ros/dashing/include/rclcpp/publisher.hpp:137:3:[m[K [01;36m[Knote: [m[Kdeclared here
[7.491s]    [01;36m[Kpublish[m[K(const std::shared_ptr<const MessageT> & msg)
[7.491s]    [01;36m[K^~~~~~~[m[K
[7.989s] In file included from [01m[K/opt/ros/dashing/include/message_filters/synchronizer.h:47:0[m[K,
[7.990s]                  from [01m[K/opt/ros/dashing/include/message_filters/time_synchronizer.h:41[m[K,
[7.992s]                  from [01m[K/home/turgay/dev_ws/src/ros2_robot/ground_plane_estimator/include/ground_plane_estimator/ground_plane_estimator_node.hpp:29[m[K,
[7.993s]                  from [01m[K/home/turgay/dev_ws/src/ros2_robot/ground_plane_estimator/src/ground_plane_estimator_node.cpp:7[m[K:
[7.993s] /opt/ros/dashing/include/message_filters/signal9.h: In instantiation of ‘[01m[Kmessage_filters::Connection message_filters::Signal9<M0, M1, M2, M3, M4, M5, M6, M7, M8>::addCallback(C&) [with C = const std::_Bind<void (GroundPlaneEstimatorNode::*(GroundPlaneEstimatorNode*, std::_Placeholder<1>, std::_Placeholder<2>))(const std::shared_ptr<const sensor_msgs::msg::Image_<std::allocator<void> > >&, const std::shared_ptr<const sensor_msgs::msg::PointCloud2_<std::allocator<void> > >&)>; M0 = std_msgs::msg::Header_<std::allocator<void> >; M1 = std_msgs::msg::Header_<std::allocator<void> >; M2 = message_filters::NullType; M3 = message_filters::NullType; M4 = message_filters::NullType; M5 = message_filters::NullType; M6 = message_filters::NullType; M7 = message_filters::NullType; M8 = message_filters::NullType][m[K’:
[7.993s] [01m[K/opt/ros/dashing/include/message_filters/synchronizer.h:298:40:[m[K   required from ‘[01m[Kmessage_filters::Connection message_filters::Synchronizer<Policy>::registerCallback(const C&) [with C = std::_Bind<void (GroundPlaneEstimatorNode::*(GroundPlaneEstimatorNode*, std::_Placeholder<1>, std::_Placeholder<2>))(const std::shared_ptr<const sensor_msgs::msg::Image_<std::allocator<void> > >&, const std::shared_ptr<const sensor_msgs::msg::PointCloud2_<std::allocator<void> > >&)>; Policy = message_filters::sync_policies::ExactTime<std_msgs::msg::Header_<std::allocator<void> >, std_msgs::msg::Header_<std::allocator<void> >, message_filters::NullType, message_filters::NullType, message_filters::NullType, message_filters::NullType, message_filters::NullType, message_filters::NullType, message_filters::NullType>][m[K’
[7.994s] [01m[K/home/turgay/dev_ws/src/ros2_robot/ground_plane_estimator/src/ground_plane_estimator_node.cpp:34:146:[m[K   required from here
[7.994s] [01m[K/opt/ros/dashing/include/message_filters/signal9.h:280:40:[m[K [01;31m[Kerror: [m[Kno matching function for call to ‘[01m[Kmessage_filters::Signal9<std_msgs::msg::Header_<std::allocator<void> >, std_msgs::msg::Header_<std::allocator<void> >, message_filters::NullType, message_filters::NullType, message_filters::NullType, message_filters::NullType, message_filters::NullType, message_filters::NullType, message_filters::NullType>::addCallback<const M0ConstPtr&, const M1ConstPtr&, const M2ConstPtr&, const M3ConstPtr&, const M4ConstPtr&, const M5ConstPtr&, const M6ConstPtr&, const M7ConstPtr&, const M8ConstPtr&>(std::_Bind_helper<false, const std::_Bind<void (GroundPlaneEstimatorNode::*(GroundPlaneEstimatorNode*, std::_Placeholder<1>, std::_Placeholder<2>))(const std::shared_ptr<const sensor_msgs::msg::Image_<std::allocator<void> > >&, const std::shared_ptr<const sensor_msgs::msg::PointCloud2_<std::allocator<void> > >&)>&, const std::_Placeholder<1>&, const std::_Placeholder<2>&, const std::_Placeholder<3>&, const std::_Placeholder<4>&, const std::_Placeholder<5>&, const std::_Placeholder<6>&, const std::_Placeholder<7>&, const std::_Placeholder<8>&, const std::_Placeholder<9>&>::type)[m[K’
[7.994s]      return [01;31m[KaddCallback<const M0ConstPtr&,[m[K
[7.994s]             [01;31m[K~~~~~~~~~~~~~~~~~~~~~~~~~~~~~~[m[K
[7.994s]  [01;31m[K                     const M1ConstPtr&,[m[K
[7.994s]                       [01;31m[K~~~~~~~~~~~~~~~~~~[m[K 
[7.994s]  [01;31m[K                     const M2ConstPtr&,[m[K
[7.994s]                       [01;31m[K~~~~~~~~~~~~~~~~~~[m[K 
[7.994s]  [01;31m[K                     const M3ConstPtr&,[m[K
[7.995s]                       [01;31m[K~~~~~~~~~~~~~~~~~~[m[K 
[7.995s]  [01;31m[K                     const M4ConstPtr&,[m[K
[7.995s]                       [01;31m[K~~~~~~~~~~~~~~~~~~[m[K 
[7.995s]  [01;31m[K                     const M5ConstPtr&,[m[K
[7.995s]                       [01;31m[K~~~~~~~~~~~~~~~~~~[m[K 
[7.995s]  [01;31m[K                     const M6ConstPtr&,[m[K
[7.995s]                       [01;31m[K~~~~~~~~~~~~~~~~~~[m[K 
[7.995s]  [01;31m[K                     const M7ConstPtr&,[m[K
[7.995s]                       [01;31m[K~~~~~~~~~~~~~~~~~~[m[K 
[7.996s]  [01;31m[K                     const M8ConstPtr&>(std::bind(callback, std::placeholders::_1, std::placeholders::_2, std::placeholders::_3, std::placeholders::_4, std::placeholders::_5, std::placeholders::_6, std::placeholders::_7, std::placeholders::_8, std::placeholders::_9))[m[K;
[7.996s]                       [01;31m[K~~~~~~~~~~~~~~~~~~^~~~~~~~~~~~~~~~~~~~~~~~~~~~~~~~~~~~~~~~~~~~~~~~~~~~~~~~~~~~~~~~~~~~~~~~~~~~~~~~~~~~~~~~~~~~~~~~~~~~~~~~~~~~~~~~~~~~~~~~~~~~~~~~~~~~~~~~~~~~~~~~~~~~~~~~~~~~~~~~~~~~~~~~~~~~~~~~~~~~~~~~~~~~~~~~~~~~~~~~~~~~~~~~~~~~~~~~~~~~~~~~~~~~[m[K
[7.996s] In file included from [01m[K/opt/ros/dashing/include/message_filters/synchronizer.h:47:0[m[K,
[7.996s]                  from [01m[K/opt/ros/dashing/include/message_filters/time_synchronizer.h:41[m[K,
[7.996s]                  from [01m[K/home/turgay/dev_ws/src/ros2_robot/ground_plane_estimator/include/ground_plane_estimator/ground_plane_estimator_node.hpp:29[m[K,
[7.996s]                  from [01m[K/home/turgay/dev_ws/src/ros2_robot/ground_plane_estimator/src/ground_plane_estimator_node.cpp:7[m[K:
[7.996s] [01m[K/opt/ros/dashing/include/message_filters/signal9.h:170:14:[m[K [01;36m[Knote: [m[Kcandidate: template<class P0, class P1, class P2, class P3, class P4, class P5, class P6, class P7, class P8> message_filters::Connection message_filters::Signal9<M0, M1, M2, M3, M4, M5, M6, M7, M8>::addCallback(const std::function<void(P0, P1, P2, P3, P4, P5, P6, P7, P8)>&) [with P0 = P0; P1 = P1; P2 = P2; P3 = P3; P4 = P4; P5 = P5; P6 = P6; P7 = P7; P8 = P8; M0 = std_msgs::msg::Header_<std::allocator<void> >; M1 = std_msgs::msg::Header_<std::allocator<void> >; M2 = message_filters::NullType; M3 = message_filters::NullType; M4 = message_filters::NullType; M5 = message_filters::NullType; M6 = message_filters::NullType; M7 = message_filters::NullType; M8 = message_filters::NullType]
[7.996s]    Connection [01;36m[KaddCallback[m[K(const std::function<void(P0, P1, P2, P3, P4, P5, P6, P7, P8)>& callback)
[7.996s]               [01;36m[K^~~~~~~~~~~[m[K
[7.996s] [01m[K/opt/ros/dashing/include/message_filters/signal9.h:170:14:[m[K [01;36m[Knote: [m[K  template argument deduction/substitution failed:
[7.996s] In file included from [01m[K/opt/ros/dashing/include/message_filters/synchronizer.h:47:0[m[K,
[7.996s]                  from [01m[K/opt/ros/dashing/include/message_filters/time_synchronizer.h:41[m[K,
[7.997s]                  from [01m[K/home/turgay/dev_ws/src/ros2_robot/ground_plane_estimator/include/ground_plane_estimator/ground_plane_estimator_node.hpp:29[m[K,
[7.997s]                  from [01m[K/home/turgay/dev_ws/src/ros2_robot/ground_plane_estimator/src/ground_plane_estimator_node.cpp:7[m[K:
[7.997s] [01m[K/opt/ros/dashing/include/message_filters/signal9.h:280:40:[m[K [01;36m[Knote: [m[K  cannot convert ‘[01m[Kstd::bind(_Func&&, _BoundArgs&& ...) [with _Func = const std::_Bind<void (GroundPlaneEstimatorNode::*(GroundPlaneEstimatorNode*, std::_Placeholder<1>, std::_Placeholder<2>))(const std::shared_ptr<const sensor_msgs::msg::Image_<std::allocator<void> > >&, const std::shared_ptr<const sensor_msgs::msg::PointCloud2_<std::allocator<void> > >&)>&; _BoundArgs = {const std::_Placeholder<1>&, const std::_Placeholder<2>&, const std::_Placeholder<3>&, const std::_Placeholder<4>&, const std::_Placeholder<5>&, const std::_Placeholder<6>&, const std::_Placeholder<7>&, const std::_Placeholder<8>&, const std::_Placeholder<9>&}; typename std::_Bind_helper<std::__is_socketlike<_Func>::value, _Func, _BoundArgs ...>::type = std::_Bind<std::_Bind<void (GroundPlaneEstimatorNode::*(GroundPlaneEstimatorNode*, std::_Placeholder<1>, std::_Placeholder<2>))(const std::shared_ptr<const sensor_msgs::msg::Image_<std::allocator<void> > >&, const std::shared_ptr<const sensor_msgs::msg::PointCloud2_<std::allocator<void> > >&)>(std::_Placeholder<1>, std::_Placeholder<2>, std::_Placeholder<3>, std::_Placeholder<4>, std::_Placeholder<5>, std::_Placeholder<6>, std::_Placeholder<7>, std::_Placeholder<8>, std::_Placeholder<9>)>](std::placeholders::_1, std::placeholders::_2, std::placeholders::_3, std::placeholders::_4, std::placeholders::_5, std::placeholders::_6, std::placeholders::_7, std::placeholders::_8, std::placeholders::_9)[m[K’ (type ‘[01m[Kstd::_Bind_helper<false, const std::_Bind<void (GroundPlaneEstimatorNode::*(GroundPlaneEstimatorNode*, std::_Placeholder<1>, std::_Placeholder<2>))(const std::shared_ptr<const sensor_msgs::msg::Image_<std::allocator<void> > >&, const std::shared_ptr<const sensor_msgs::msg::PointCloud2_<std::allocator<void> > >&)>&, const std::_Placeholder<1>&, const std::_Placeholder<2>&, const std::_Placeholder<3>&, const std::_Placeholder<4>&, const std::_Placeholder<5>&, const std::_Placeholder<6>&, const std::_Placeholder<7>&, const std::_Placeholder<8>&, const std::_Placeholder<9>&>::type {aka std::_Bind<std::_Bind<void (GroundPlaneEstimatorNode::*(GroundPlaneEstimatorNode*, std::_Placeholder<1>, std::_Placeholder<2>))(const std::shared_ptr<const sensor_msgs::msg::Image_<std::allocator<void> > >&, const std::shared_ptr<const sensor_msgs::msg::PointCloud2_<std::allocator<void> > >&)>(std::_Placeholder<1>, std::_Placeholder<2>, std::_Placeholder<3>, std::_Placeholder<4>, std::_Placeholder<5>, std::_Placeholder<6>, std::_Placeholder<7>, std::_Placeholder<8>, std::_Placeholder<9>)>}[m[K’) to type ‘[01m[Kconst std::function<void(const std::shared_ptr<const std_msgs::msg::Header_<std::allocator<void> > >&, const std::shared_ptr<const std_msgs::msg::Header_<std::allocator<void> > >&, const std::shared_ptr<const message_filters::NullType>&, const std::shared_ptr<const message_filters::NullType>&, const std::shared_ptr<const message_filters::NullType>&, const std::shared_ptr<const message_filters::NullType>&, const std::shared_ptr<const message_filters::NullType>&, const std::shared_ptr<const message_filters::NullType>&, const std::shared_ptr<const message_filters::NullType>&)>&[m[K’
[7.997s]      return [01;36m[KaddCallback<const M0ConstPtr&,[m[K
[7.997s]             [01;36m[K~~~~~~~~~~~~~~~~~~~~~~~~~~~~~~[m[K
[7.997s]  [01;36m[K                     const M1ConstPtr&,[m[K
[7.997s]                       [01;36m[K~~~~~~~~~~~~~~~~~~[m[K 
[7.997s]  [01;36m[K                     const M2ConstPtr&,[m[K
[7.997s]                       [01;36m[K~~~~~~~~~~~~~~~~~~[m[K 
[7.997s]  [01;36m[K                     const M3ConstPtr&,[m[K
[7.997s]                       [01;36m[K~~~~~~~~~~~~~~~~~~[m[K 
[7.997s]  [01;36m[K                     const M4ConstPtr&,[m[K
[7.997s]                       [01;36m[K~~~~~~~~~~~~~~~~~~[m[K 
[7.997s]  [01;36m[K                     const M5ConstPtr&,[m[K
[7.998s]                       [01;36m[K~~~~~~~~~~~~~~~~~~[m[K 
[7.998s]  [01;36m[K                     const M6ConstPtr&,[m[K
[7.998s]                       [01;36m[K~~~~~~~~~~~~~~~~~~[m[K 
[7.998s]  [01;36m[K                     const M7ConstPtr&,[m[K
[7.998s]                       [01;36m[K~~~~~~~~~~~~~~~~~~[m[K 
[7.998s]  [01;36m[K                     const M8ConstPtr&>(std::bind(callback, std::placeholders::_1, std::placeholders::_2, std::placeholders::_3, std::placeholders::_4, std::placeholders::_5, std::placeholders::_6, std::placeholders::_7, std::placeholders::_8, std::placeholders::_9))[m[K;
[7.998s]                       [01;36m[K~~~~~~~~~~~~~~~~~~^~~~~~~~~~~~~~~~~~~~~~~~~~~~~~~~~~~~~~~~~~~~~~~~~~~~~~~~~~~~~~~~~~~~~~~~~~~~~~~~~~~~~~~~~~~~~~~~~~~~~~~~~~~~~~~~~~~~~~~~~~~~~~~~~~~~~~~~~~~~~~~~~~~~~~~~~~~~~~~~~~~~~~~~~~~~~~~~~~~~~~~~~~~~~~~~~~~~~~~~~~~~~~~~~~~~~~~~~~~~~~~~~~~~[m[K
[7.998s] In file included from [01m[K/opt/ros/dashing/include/message_filters/synchronizer.h:47:0[m[K,
[7.998s]                  from [01m[K/opt/ros/dashing/include/message_filters/time_synchronizer.h:41[m[K,
[7.998s]                  from [01m[K/home/turgay/dev_ws/src/ros2_robot/ground_plane_estimator/include/ground_plane_estimator/ground_plane_estimator_node.hpp:29[m[K,
[7.998s]                  from [01m[K/home/turgay/dev_ws/src/ros2_robot/ground_plane_estimator/src/ground_plane_estimator_node.cpp:7[m[K:
[7.998s] [01m[K/opt/ros/dashing/include/message_filters/signal9.h:180:14:[m[K [01;36m[Knote: [m[Kcandidate: template<class P0, class P1> message_filters::Connection message_filters::Signal9<M0, M1, M2, M3, M4, M5, M6, M7, M8>::addCallback(void (*)(P0, P1)) [with P0 = P0; P1 = P1; M0 = std_msgs::msg::Header_<std::allocator<void> >; M1 = std_msgs::msg::Header_<std::allocator<void> >; M2 = message_filters::NullType; M3 = message_filters::NullType; M4 = message_filters::NullType; M5 = message_filters::NullType; M6 = message_filters::NullType; M7 = message_filters::NullType; M8 = message_filters::NullType]
[7.998s]    Connection [01;36m[KaddCallback[m[K(void(*callback)(P0, P1))
[7.999s]               [01;36m[K^~~~~~~~~~~[m[K
[7.999s] [01m[K/opt/ros/dashing/include/message_filters/signal9.h:180:14:[m[K [01;36m[Knote: [m[K  template argument deduction/substitution failed:
[7.999s] In file included from [01m[K/opt/ros/dashing/include/message_filters/synchronizer.h:47:0[m[K,
[7.999s]                  from [01m[K/opt/ros/dashing/include/message_filters/time_synchronizer.h:41[m[K,
[7.999s]                  from [01m[K/home/turgay/dev_ws/src/ros2_robot/ground_plane_estimator/include/ground_plane_estimator/ground_plane_estimator_node.hpp:29[m[K,
[7.999s]                  from [01m[K/home/turgay/dev_ws/src/ros2_robot/ground_plane_estimator/src/ground_plane_estimator_node.cpp:7[m[K:
[7.999s] [01m[K/opt/ros/dashing/include/message_filters/signal9.h:280:40:[m[K [01;31m[Kerror: [m[Kwrong number of template arguments (9, should be 2)
[7.999s]      return [01;31m[KaddCallback<const M0ConstPtr&,[m[K
[7.999s]             [01;31m[K~~~~~~~~~~~~~~~~~~~~~~~~~~~~~~[m[K
[7.999s]  [01;31m[K                     const M1ConstPtr&,[m[K
[7.999s]                       [01;31m[K~~~~~~~~~~~~~~~~~~[m[K 
[7.999s]  [01;31m[K                     const M2ConstPtr&,[m[K
[7.999s]                       [01;31m[K~~~~~~~~~~~~~~~~~~[m[K 
[7.999s]  [01;31m[K                     const M3ConstPtr&,[m[K
[8.000s]                       [01;31m[K~~~~~~~~~~~~~~~~~~[m[K 
[8.000s]  [01;31m[K                     const M4ConstPtr&,[m[K
[8.000s]                       [01;31m[K~~~~~~~~~~~~~~~~~~[m[K 
[8.000s]  [01;31m[K                     const M5ConstPtr&,[m[K
[8.000s]                       [01;31m[K~~~~~~~~~~~~~~~~~~[m[K 
[8.000s]  [01;31m[K                     const M6ConstPtr&,[m[K
[8.000s]                       [01;31m[K~~~~~~~~~~~~~~~~~~[m[K 
[8.000s]  [01;31m[K                     const M7ConstPtr&,[m[K
[8.000s]                       [01;31m[K~~~~~~~~~~~~~~~~~~[m[K 
[8.000s]  [01;31m[K                     const M8ConstPtr&>(std::bind(callback, std::placeholders::_1, std::placeholders::_2, std::placeholders::_3, std::placeholders::_4, std::placeholders::_5, std::placeholders::_6, std::placeholders::_7, std::placeholders::_8, std::placeholders::_9))[m[K;
[8.001s]                       [01;31m[K~~~~~~~~~~~~~~~~~~^~~~~~~~~~~~~~~~~~~~~~~~~~~~~~~~~~~~~~~~~~~~~~~~~~~~~~~~~~~~~~~~~~~~~~~~~~~~~~~~~~~~~~~~~~~~~~~~~~~~~~~~~~~~~~~~~~~~~~~~~~~~~~~~~~~~~~~~~~~~~~~~~~~~~~~~~~~~~~~~~~~~~~~~~~~~~~~~~~~~~~~~~~~~~~~~~~~~~~~~~~~~~~~~~~~~~~~~~~~~~~~~~~~~[m[K
[8.001s] In file included from [01m[K/opt/ros/dashing/include/message_filters/synchronizer.h:47:0[m[K,
[8.001s]                  from [01m[K/opt/ros/dashing/include/message_filters/time_synchronizer.h:41[m[K,
[8.001s]                  from [01m[K/home/turgay/dev_ws/src/ros2_robot/ground_plane_estimator/include/ground_plane_estimator/ground_plane_estimator_node.hpp:29[m[K,
[8.001s]                  from [01m[K/home/turgay/dev_ws/src/ros2_robot/ground_plane_estimator/src/ground_plane_estimator_node.cpp:7[m[K:
[8.001s] [01m[K/opt/ros/dashing/include/message_filters/signal9.h:186:14:[m[K [01;36m[Knote: [m[Kcandidate: template<class P0, class P1, class P2> message_filters::Connection message_filters::Signal9<M0, M1, M2, M3, M4, M5, M6, M7, M8>::addCallback(void (*)(P0, P1, P2)) [with P0 = P0; P1 = P1; P2 = P2; M0 = std_msgs::msg::Header_<std::allocator<void> >; M1 = std_msgs::msg::Header_<std::allocator<void> >; M2 = message_filters::NullType; M3 = message_filters::NullType; M4 = message_filters::NullType; M5 = message_filters::NullType; M6 = message_filters::NullType; M7 = message_filters::NullType; M8 = message_filters::NullType]
[8.001s]    Connection [01;36m[KaddCallback[m[K(void(*callback)(P0, P1, P2))
[8.001s]               [01;36m[K^~~~~~~~~~~[m[K
[8.001s] [01m[K/opt/ros/dashing/include/message_filters/signal9.h:186:14:[m[K [01;36m[Knote: [m[K  template argument deduction/substitution failed:
[8.001s] In file included from [01m[K/opt/ros/dashing/include/message_filters/synchronizer.h:47:0[m[K,
[8.001s]                  from [01m[K/opt/ros/dashing/include/message_filters/time_synchronizer.h:41[m[K,
[8.002s]                  from [01m[K/home/turgay/dev_ws/src/ros2_robot/ground_plane_estimator/include/ground_plane_estimator/ground_plane_estimator_node.hpp:29[m[K,
[8.002s]                  from [01m[K/home/turgay/dev_ws/src/ros2_robot/ground_plane_estimator/src/ground_plane_estimator_node.cpp:7[m[K:
[8.002s] [01m[K/opt/ros/dashing/include/message_filters/signal9.h:280:40:[m[K [01;31m[Kerror: [m[Kwrong number of template arguments (9, should be 3)
[8.002s]      return [01;31m[KaddCallback<const M0ConstPtr&,[m[K
[8.002s]             [01;31m[K~~~~~~~~~~~~~~~~~~~~~~~~~~~~~~[m[K
[8.002s]  [01;31m[K                     const M1ConstPtr&,[m[K
[8.002s]                       [01;31m[K~~~~~~~~~~~~~~~~~~[m[K 
[8.002s]  [01;31m[K                     const M2ConstPtr&,[m[K
[8.002s]                       [01;31m[K~~~~~~~~~~~~~~~~~~[m[K 
[8.002s]  [01;31m[K                     const M3ConstPtr&,[m[K
[8.002s]                       [01;31m[K~~~~~~~~~~~~~~~~~~[m[K 
[8.003s]  [01;31m[K                     const M4ConstPtr&,[m[K
[8.003s]                       [01;31m[K~~~~~~~~~~~~~~~~~~[m[K 
[8.003s]  [01;31m[K                     const M5ConstPtr&,[m[K
[8.003s]                       [01;31m[K~~~~~~~~~~~~~~~~~~[m[K 
[8.003s]  [01;31m[K                     const M6ConstPtr&,[m[K
[8.003s]                       [01;31m[K~~~~~~~~~~~~~~~~~~[m[K 
[8.003s]  [01;31m[K                     const M7ConstPtr&,[m[K
[8.003s]                       [01;31m[K~~~~~~~~~~~~~~~~~~[m[K 
[8.003s]  [01;31m[K                     const M8ConstPtr&>(std::bind(callback, std::placeholders::_1, std::placeholders::_2, std::placeholders::_3, std::placeholders::_4, std::placeholders::_5, std::placeholders::_6, std::placeholders::_7, std::placeholders::_8, std::placeholders::_9))[m[K;
[8.003s]                       [01;31m[K~~~~~~~~~~~~~~~~~~^~~~~~~~~~~~~~~~~~~~~~~~~~~~~~~~~~~~~~~~~~~~~~~~~~~~~~~~~~~~~~~~~~~~~~~~~~~~~~~~~~~~~~~~~~~~~~~~~~~~~~~~~~~~~~~~~~~~~~~~~~~~~~~~~~~~~~~~~~~~~~~~~~~~~~~~~~~~~~~~~~~~~~~~~~~~~~~~~~~~~~~~~~~~~~~~~~~~~~~~~~~~~~~~~~~~~~~~~~~~~~~~~~~~[m[K
[8.003s] In file included from [01m[K/opt/ros/dashing/include/message_filters/synchronizer.h:47:0[m[K,
[8.004s]                  from [01m[K/opt/ros/dashing/include/message_filters/time_synchronizer.h:41[m[K,
[8.004s]                  from [01m[K/home/turgay/dev_ws/src/ros2_robot/ground_plane_estimator/include/ground_plane_estimator/ground_plane_estimator_node.hpp:29[m[K,
[8.004s]                  from [01m[K/home/turgay/dev_ws/src/ros2_robot/ground_plane_estimator/src/ground_plane_estimator_node.cpp:7[m[K:
[8.004s] [01m[K/opt/ros/dashing/include/message_filters/signal9.h:192:14:[m[K [01;36m[Knote: [m[Kcandidate: template<class P0, class P1, class P2, class P3> message_filters::Connection message_filters::Signal9<M0, M1, M2, M3, M4, M5, M6, M7, M8>::addCallback(void (*)(P0, P1, P2, P3)) [with P0 = P0; P1 = P1; P2 = P2; P3 = P3; M0 = std_msgs::msg::Header_<std::allocator<void> >; M1 = std_msgs::msg::Header_<std::allocator<void> >; M2 = message_filters::NullType; M3 = message_filters::NullType; M4 = message_filters::NullType; M5 = message_filters::NullType; M6 = message_filters::NullType; M7 = message_filters::NullType; M8 = message_filters::NullType]
[8.004s]    Connection [01;36m[KaddCallback[m[K(void(*callback)(P0, P1, P2, P3))
[8.004s]               [01;36m[K^~~~~~~~~~~[m[K
[8.004s] [01m[K/opt/ros/dashing/include/message_filters/signal9.h:192:14:[m[K [01;36m[Knote: [m[K  template argument deduction/substitution failed:
[8.004s] In file included from [01m[K/opt/ros/dashing/include/message_filters/synchronizer.h:47:0[m[K,
[8.004s]                  from [01m[K/opt/ros/dashing/include/message_filters/time_synchronizer.h:41[m[K,
[8.004s]                  from [01m[K/home/turgay/dev_ws/src/ros2_robot/ground_plane_estimator/include/ground_plane_estimator/ground_plane_estimator_node.hpp:29[m[K,
[8.005s]                  from [01m[K/home/turgay/dev_ws/src/ros2_robot/ground_plane_estimator/src/ground_plane_estimator_node.cpp:7[m[K:
[8.005s] [01m[K/opt/ros/dashing/include/message_filters/signal9.h:280:40:[m[K [01;31m[Kerror: [m[Kwrong number of template arguments (9, should be 4)
[8.005s]      return [01;31m[KaddCallback<const M0ConstPtr&,[m[K
[8.005s]             [01;31m[K~~~~~~~~~~~~~~~~~~~~~~~~~~~~~~[m[K
[8.005s]  [01;31m[K                     const M1ConstPtr&,[m[K
[8.005s]                       [01;31m[K~~~~~~~~~~~~~~~~~~[m[K 
[8.005s]  [01;31m[K                     const M2ConstPtr&,[m[K
[8.005s]                       [01;31m[K~~~~~~~~~~~~~~~~~~[m[K 
[8.005s]  [01;31m[K                     const M3ConstPtr&,[m[K
[8.005s]                       [01;31m[K~~~~~~~~~~~~~~~~~~[m[K 
[8.005s]  [01;31m[K                     const M4ConstPtr&,[m[K
[8.005s]                       [01;31m[K~~~~~~~~~~~~~~~~~~[m[K 
[8.006s]  [01;31m[K                     const M5ConstPtr&,[m[K
[8.006s]                       [01;31m[K~~~~~~~~~~~~~~~~~~[m[K 
[8.006s]  [01;31m[K                     const M6ConstPtr&,[m[K
[8.006s]                       [01;31m[K~~~~~~~~~~~~~~~~~~[m[K 
[8.006s]  [01;31m[K                     const M7ConstPtr&,[m[K
[8.006s]                       [01;31m[K~~~~~~~~~~~~~~~~~~[m[K 
[8.006s]  [01;31m[K                     const M8ConstPtr&>(std::bind(callback, std::placeholders::_1, std::placeholders::_2, std::placeholders::_3, std::placeholders::_4, std::placeholders::_5, std::placeholders::_6, std::placeholders::_7, std::placeholders::_8, std::placeholders::_9))[m[K;
[8.006s]                       [01;31m[K~~~~~~~~~~~~~~~~~~^~~~~~~~~~~~~~~~~~~~~~~~~~~~~~~~~~~~~~~~~~~~~~~~~~~~~~~~~~~~~~~~~~~~~~~~~~~~~~~~~~~~~~~~~~~~~~~~~~~~~~~~~~~~~~~~~~~~~~~~~~~~~~~~~~~~~~~~~~~~~~~~~~~~~~~~~~~~~~~~~~~~~~~~~~~~~~~~~~~~~~~~~~~~~~~~~~~~~~~~~~~~~~~~~~~~~~~~~~~~~~~~~~~~[m[K
[8.006s] In file included from [01m[K/opt/ros/dashing/include/message_filters/synchronizer.h:47:0[m[K,
[8.006s]                  from [01m[K/opt/ros/dashing/include/message_filters/time_synchronizer.h:41[m[K,
[8.006s]                  from [01m[K/home/turgay/dev_ws/src/ros2_robot/ground_plane_estimator/include/ground_plane_estimator/ground_plane_estimator_node.hpp:29[m[K,
[8.007s]                  from [01m[K/home/turgay/dev_ws/src/ros2_robot/ground_plane_estimator/src/ground_plane_estimator_node.cpp:7[m[K:
[8.007s] [01m[K/opt/ros/dashing/include/message_filters/signal9.h:198:14:[m[K [01;36m[Knote: [m[Kcandidate: template<class P0, class P1, class P2, class P3, class P4> message_filters::Connection message_filters::Signal9<M0, M1, M2, M3, M4, M5, M6, M7, M8>::addCallback(void (*)(P0, P1, P2, P3, P4)) [with P0 = P0; P1 = P1; P2 = P2; P3 = P3; P4 = P4; M0 = std_msgs::msg::Header_<std::allocator<void> >; M1 = std_msgs::msg::Header_<std::allocator<void> >; M2 = message_filters::NullType; M3 = message_filters::NullType; M4 = message_filters::NullType; M5 = message_filters::NullType; M6 = message_filters::NullType; M7 = message_filters::NullType; M8 = message_filters::NullType]
[8.007s]    Connection [01;36m[KaddCallback[m[K(void(*callback)(P0, P1, P2, P3, P4))
[8.007s]               [01;36m[K^~~~~~~~~~~[m[K
[8.007s] [01m[K/opt/ros/dashing/include/message_filters/signal9.h:198:14:[m[K [01;36m[Knote: [m[K  template argument deduction/substitution failed:
[8.007s] In file included from [01m[K/opt/ros/dashing/include/message_filters/synchronizer.h:47:0[m[K,
[8.007s]                  from [01m[K/opt/ros/dashing/include/message_filters/time_synchronizer.h:41[m[K,
[8.007s]                  from [01m[K/home/turgay/dev_ws/src/ros2_robot/ground_plane_estimator/include/ground_plane_estimator/ground_plane_estimator_node.hpp:29[m[K,
[8.007s]                  from [01m[K/home/turgay/dev_ws/src/ros2_robot/ground_plane_estimator/src/ground_plane_estimator_node.cpp:7[m[K:
[8.008s] [01m[K/opt/ros/dashing/include/message_filters/signal9.h:280:40:[m[K [01;31m[Kerror: [m[Kwrong number of template arguments (9, should be 5)
[8.008s]      return [01;31m[KaddCallback<const M0ConstPtr&,[m[K
[8.008s]             [01;31m[K~~~~~~~~~~~~~~~~~~~~~~~~~~~~~~[m[K
[8.008s]  [01;31m[K                     const M1ConstPtr&,[m[K
[8.008s]                       [01;31m[K~~~~~~~~~~~~~~~~~~[m[K 
[8.008s]  [01;31m[K                     const M2ConstPtr&,[m[K
[8.008s]                       [01;31m[K~~~~~~~~~~~~~~~~~~[m[K 
[8.008s]  [01;31m[K                     const M3ConstPtr&,[m[K
[8.008s]                       [01;31m[K~~~~~~~~~~~~~~~~~~[m[K 
[8.008s]  [01;31m[K                     const M4ConstPtr&,[m[K
[8.008s]                       [01;31m[K~~~~~~~~~~~~~~~~~~[m[K 
[8.009s]  [01;31m[K                     const M5ConstPtr&,[m[K
[8.009s]                       [01;31m[K~~~~~~~~~~~~~~~~~~[m[K 
[8.009s]  [01;31m[K                     const M6ConstPtr&,[m[K
[8.009s]                       [01;31m[K~~~~~~~~~~~~~~~~~~[m[K 
[8.009s]  [01;31m[K                     const M7ConstPtr&,[m[K
[8.009s]                       [01;31m[K~~~~~~~~~~~~~~~~~~[m[K 
[8.009s]  [01;31m[K                     const M8ConstPtr&>(std::bind(callback, std::placeholders::_1, std::placeholders::_2, std::placeholders::_3, std::placeholders::_4, std::placeholders::_5, std::placeholders::_6, std::placeholders::_7, std::placeholders::_8, std::placeholders::_9))[m[K;
[8.009s]                       [01;31m[K~~~~~~~~~~~~~~~~~~^~~~~~~~~~~~~~~~~~~~~~~~~~~~~~~~~~~~~~~~~~~~~~~~~~~~~~~~~~~~~~~~~~~~~~~~~~~~~~~~~~~~~~~~~~~~~~~~~~~~~~~~~~~~~~~~~~~~~~~~~~~~~~~~~~~~~~~~~~~~~~~~~~~~~~~~~~~~~~~~~~~~~~~~~~~~~~~~~~~~~~~~~~~~~~~~~~~~~~~~~~~~~~~~~~~~~~~~~~~~~~~~~~~~[m[K
[8.009s] In file included from [01m[K/opt/ros/dashing/include/message_filters/synchronizer.h:47:0[m[K,
[8.009s]                  from [01m[K/opt/ros/dashing/include/message_filters/time_synchronizer.h:41[m[K,
[8.009s]                  from [01m[K/home/turgay/dev_ws/src/ros2_robot/ground_plane_estimator/include/ground_plane_estimator/ground_plane_estimator_node.hpp:29[m[K,
[8.010s]                  from [01m[K/home/turgay/dev_ws/src/ros2_robot/ground_plane_estimator/src/ground_plane_estimator_node.cpp:7[m[K:
[8.010s] [01m[K/opt/ros/dashing/include/message_filters/signal9.h:204:14:[m[K [01;36m[Knote: [m[Kcandidate: template<class P0, class P1, class P2, class P3, class P4, class P5> message_filters::Connection message_filters::Signal9<M0, M1, M2, M3, M4, M5, M6, M7, M8>::addCallback(void (*)(P0, P1, P2, P3, P4, P5)) [with P0 = P0; P1 = P1; P2 = P2; P3 = P3; P4 = P4; P5 = P5; M0 = std_msgs::msg::Header_<std::allocator<void> >; M1 = std_msgs::msg::Header_<std::allocator<void> >; M2 = message_filters::NullType; M3 = message_filters::NullType; M4 = message_filters::NullType; M5 = message_filters::NullType; M6 = message_filters::NullType; M7 = message_filters::NullType; M8 = message_filters::NullType]
[8.010s]    Connection [01;36m[KaddCallback[m[K(void(*callback)(P0, P1, P2, P3, P4, P5))
[8.010s]               [01;36m[K^~~~~~~~~~~[m[K
[8.010s] [01m[K/opt/ros/dashing/include/message_filters/signal9.h:204:14:[m[K [01;36m[Knote: [m[K  template argument deduction/substitution failed:
[8.010s] In file included from [01m[K/opt/ros/dashing/include/message_filters/synchronizer.h:47:0[m[K,
[8.010s]                  from [01m[K/opt/ros/dashing/include/message_filters/time_synchronizer.h:41[m[K,
[8.010s]                  from [01m[K/home/turgay/dev_ws/src/ros2_robot/ground_plane_estimator/include/ground_plane_estimator/ground_plane_estimator_node.hpp:29[m[K,
[8.010s]                  from [01m[K/home/turgay/dev_ws/src/ros2_robot/ground_plane_estimator/src/ground_plane_estimator_node.cpp:7[m[K:
[8.010s] [01m[K/opt/ros/dashing/include/message_filters/signal9.h:280:40:[m[K [01;31m[Kerror: [m[Kwrong number of template arguments (9, should be 6)
[8.010s]      return [01;31m[KaddCallback<const M0ConstPtr&,[m[K
[8.010s]             [01;31m[K~~~~~~~~~~~~~~~~~~~~~~~~~~~~~~[m[K
[8.011s]  [01;31m[K                     const M1ConstPtr&,[m[K
[8.011s]                       [01;31m[K~~~~~~~~~~~~~~~~~~[m[K 
[8.011s]  [01;31m[K                     const M2ConstPtr&,[m[K
[8.011s]                       [01;31m[K~~~~~~~~~~~~~~~~~~[m[K 
[8.011s]  [01;31m[K                     const M3ConstPtr&,[m[K
[8.011s]                       [01;31m[K~~~~~~~~~~~~~~~~~~[m[K 
[8.011s]  [01;31m[K                     const M4ConstPtr&,[m[K
[8.011s]                       [01;31m[K~~~~~~~~~~~~~~~~~~[m[K 
[8.011s]  [01;31m[K                     const M5ConstPtr&,[m[K
[8.011s]                       [01;31m[K~~~~~~~~~~~~~~~~~~[m[K 
[8.011s]  [01;31m[K                     const M6ConstPtr&,[m[K
[8.012s]                       [01;31m[K~~~~~~~~~~~~~~~~~~[m[K 
[8.012s]  [01;31m[K                     const M7ConstPtr&,[m[K
[8.012s]                       [01;31m[K~~~~~~~~~~~~~~~~~~[m[K 
[8.012s]  [01;31m[K                     const M8ConstPtr&>(std::bind(callback, std::placeholders::_1, std::placeholders::_2, std::placeholders::_3, std::placeholders::_4, std::placeholders::_5, std::placeholders::_6, std::placeholders::_7, std::placeholders::_8, std::placeholders::_9))[m[K;
[8.012s]                       [01;31m[K~~~~~~~~~~~~~~~~~~^~~~~~~~~~~~~~~~~~~~~~~~~~~~~~~~~~~~~~~~~~~~~~~~~~~~~~~~~~~~~~~~~~~~~~~~~~~~~~~~~~~~~~~~~~~~~~~~~~~~~~~~~~~~~~~~~~~~~~~~~~~~~~~~~~~~~~~~~~~~~~~~~~~~~~~~~~~~~~~~~~~~~~~~~~~~~~~~~~~~~~~~~~~~~~~~~~~~~~~~~~~~~~~~~~~~~~~~~~~~~~~~~~~~[m[K
[8.012s] In file included from [01m[K/opt/ros/dashing/include/message_filters/synchronizer.h:47:0[m[K,
[8.012s]                  from [01m[K/opt/ros/dashing/include/message_filters/time_synchronizer.h:41[m[K,
[8.012s]                  from [01m[K/home/turgay/dev_ws/src/ros2_robot/ground_plane_estimator/include/ground_plane_estimator/ground_plane_estimator_node.hpp:29[m[K,
[8.013s]                  from [01m[K/home/turgay/dev_ws/src/ros2_robot/ground_plane_estimator/src/ground_plane_estimator_node.cpp:7[m[K:
[8.013s] [01m[K/opt/ros/dashing/include/message_filters/signal9.h:210:14:[m[K [01;36m[Knote: [m[Kcandidate: template<class P0, class P1, class P2, class P3, class P4, class P5, class P6> message_filters::Connection message_filters::Signal9<M0, M1, M2, M3, M4, M5, M6, M7, M8>::addCallback(void (*)(P0, P1, P2, P3, P4, P5, P6)) [with P0 = P0; P1 = P1; P2 = P2; P3 = P3; P4 = P4; P5 = P5; P6 = P6; M0 = std_msgs::msg::Header_<std::allocator<void> >; M1 = std_msgs::msg::Header_<std::allocator<void> >; M2 = message_filters::NullType; M3 = message_filters::NullType; M4 = message_filters::NullType; M5 = message_filters::NullType; M6 = message_filters::NullType; M7 = message_filters::NullType; M8 = message_filters::NullType]
[8.013s]    Connection [01;36m[KaddCallback[m[K(void(*callback)(P0, P1, P2, P3, P4, P5, P6))
[8.013s]               [01;36m[K^~~~~~~~~~~[m[K
[8.013s] [01m[K/opt/ros/dashing/include/message_filters/signal9.h:210:14:[m[K [01;36m[Knote: [m[K  template argument deduction/substitution failed:
[8.013s] In file included from [01m[K/opt/ros/dashing/include/message_filters/synchronizer.h:47:0[m[K,
[8.013s]                  from [01m[K/opt/ros/dashing/include/message_filters/time_synchronizer.h:41[m[K,
[8.013s]                  from [01m[K/home/turgay/dev_ws/src/ros2_robot/ground_plane_estimator/include/ground_plane_estimator/ground_plane_estimator_node.hpp:29[m[K,
[8.013s]                  from [01m[K/home/turgay/dev_ws/src/ros2_robot/ground_plane_estimator/src/ground_plane_estimator_node.cpp:7[m[K:
[8.013s] [01m[K/opt/ros/dashing/include/message_filters/signal9.h:280:40:[m[K [01;31m[Kerror: [m[Kwrong number of template arguments (9, should be 7)
[8.014s]      return [01;31m[KaddCallback<const M0ConstPtr&,[m[K
[8.014s]             [01;31m[K~~~~~~~~~~~~~~~~~~~~~~~~~~~~~~[m[K
[8.014s]  [01;31m[K                     const M1ConstPtr&,[m[K
[8.014s]                       [01;31m[K~~~~~~~~~~~~~~~~~~[m[K 
[8.014s]  [01;31m[K                     const M2ConstPtr&,[m[K
[8.014s]                       [01;31m[K~~~~~~~~~~~~~~~~~~[m[K 
[8.014s]  [01;31m[K                     const M3ConstPtr&,[m[K
[8.014s]                       [01;31m[K~~~~~~~~~~~~~~~~~~[m[K 
[8.014s]  [01;31m[K                     const M4ConstPtr&,[m[K
[8.014s]                       [01;31m[K~~~~~~~~~~~~~~~~~~[m[K 
[8.014s]  [01;31m[K                     const M5ConstPtr&,[m[K
[8.014s]                       [01;31m[K~~~~~~~~~~~~~~~~~~[m[K 
[8.015s]  [01;31m[K                     const M6ConstPtr&,[m[K
[8.015s]                       [01;31m[K~~~~~~~~~~~~~~~~~~[m[K 
[8.015s]  [01;31m[K                     const M7ConstPtr&,[m[K
[8.015s]                       [01;31m[K~~~~~~~~~~~~~~~~~~[m[K 
[8.015s]  [01;31m[K                     const M8ConstPtr&>(std::bind(callback, std::placeholders::_1, std::placeholders::_2, std::placeholders::_3, std::placeholders::_4, std::placeholders::_5, std::placeholders::_6, std::placeholders::_7, std::placeholders::_8, std::placeholders::_9))[m[K;
[8.015s]                       [01;31m[K~~~~~~~~~~~~~~~~~~^~~~~~~~~~~~~~~~~~~~~~~~~~~~~~~~~~~~~~~~~~~~~~~~~~~~~~~~~~~~~~~~~~~~~~~~~~~~~~~~~~~~~~~~~~~~~~~~~~~~~~~~~~~~~~~~~~~~~~~~~~~~~~~~~~~~~~~~~~~~~~~~~~~~~~~~~~~~~~~~~~~~~~~~~~~~~~~~~~~~~~~~~~~~~~~~~~~~~~~~~~~~~~~~~~~~~~~~~~~~~~~~~~~~[m[K
[8.015s] [01m[K/opt/ros/dashing/include/message_filters/signal9.h:216:14:[m[K [01;36m[Knote: [m[Kcandidate: template<class P0, class P1, class P2, class P3, class P4, class P5, class P6, class P7> message_filters::Connection message_filters::Signal9<M0, M1, M2, M3, M4, M5, M6, M7, M8>::addCallback(void (*)(P0, P1, P2, P3, P4, P5, P6, P7)) [with P0 = P0; P1 = P1; P2 = P2; P3 = P3; P4 = P4; P5 = P5; P6 = P6; P7 = P7; M0 = std_msgs::msg::Header_<std::allocator<void> >; M1 = std_msgs::msg::Header_<std::allocator<void> >; M2 = message_filters::NullType; M3 = message_filters::NullType; M4 = message_filters::NullType; M5 = message_filters::NullType; M6 = message_filters::NullType; M7 = message_filters::NullType; M8 = message_filters::NullType]
[8.015s]    Connection [01;36m[KaddCallback[m[K(void(*callback)(P0, P1, P2, P3, P4, P5, P6, P7))
[8.015s]               [01;36m[K^~~~~~~~~~~[m[K
[8.015s] [01m[K/opt/ros/dashing/include/message_filters/signal9.h:216:14:[m[K [01;36m[Knote: [m[K  template argument deduction/substitution failed:
[8.015s] [01m[K/opt/ros/dashing/include/message_filters/signal9.h:280:40:[m[K [01;31m[Kerror: [m[Kwrong number of template arguments (9, should be 8)
[8.015s]      return [01;31m[KaddCallback<const M0ConstPtr&,[m[K
[8.016s]             [01;31m[K~~~~~~~~~~~~~~~~~~~~~~~~~~~~~~[m[K
[8.016s]  [01;31m[K                     const M1ConstPtr&,[m[K
[8.016s]                       [01;31m[K~~~~~~~~~~~~~~~~~~[m[K 
[8.016s]  [01;31m[K                     const M2ConstPtr&,[m[K
[8.016s]                       [01;31m[K~~~~~~~~~~~~~~~~~~[m[K 
[8.016s]  [01;31m[K                     const M3ConstPtr&,[m[K
[8.016s]                       [01;31m[K~~~~~~~~~~~~~~~~~~[m[K 
[8.016s]  [01;31m[K                     const M4ConstPtr&,[m[K
[8.017s]                       [01;31m[K~~~~~~~~~~~~~~~~~~[m[K 
[8.017s]  [01;31m[K                     const M5ConstPtr&,[m[K
[8.017s]                       [01;31m[K~~~~~~~~~~~~~~~~~~[m[K 
[8.017s]  [01;31m[K                     const M6ConstPtr&,[m[K
[8.017s]                       [01;31m[K~~~~~~~~~~~~~~~~~~[m[K 
[8.017s]  [01;31m[K                     const M7ConstPtr&,[m[K
[8.017s]                       [01;31m[K~~~~~~~~~~~~~~~~~~[m[K 
[8.018s]  [01;31m[K                     const M8ConstPtr&>(std::bind(callback, std::placeholders::_1, std::placeholders::_2, std::placeholders::_3, std::placeholders::_4, std::placeholders::_5, std::placeholders::_6, std::placeholders::_7, std::placeholders::_8, std::placeholders::_9))[m[K;
[8.018s]                       [01;31m[K~~~~~~~~~~~~~~~~~~^~~~~~~~~~~~~~~~~~~~~~~~~~~~~~~~~~~~~~~~~~~~~~~~~~~~~~~~~~~~~~~~~~~~~~~~~~~~~~~~~~~~~~~~~~~~~~~~~~~~~~~~~~~~~~~~~~~~~~~~~~~~~~~~~~~~~~~~~~~~~~~~~~~~~~~~~~~~~~~~~~~~~~~~~~~~~~~~~~~~~~~~~~~~~~~~~~~~~~~~~~~~~~~~~~~~~~~~~~~~~~~~~~~~[m[K
[8.018s] [01m[K/opt/ros/dashing/include/message_filters/signal9.h:222:14:[m[K [01;36m[Knote: [m[Kcandidate: template<class P0, class P1, class P2, class P3, class P4, class P5, class P6, class P7, class P8> message_filters::Connection message_filters::Signal9<M0, M1, M2, M3, M4, M5, M6, M7, M8>::addCallback(void (*)(P0, P1, P2, P3, P4, P5, P6, P7, P8)) [with P0 = P0; P1 = P1; P2 = P2; P3 = P3; P4 = P4; P5 = P5; P6 = P6; P7 = P7; P8 = P8; M0 = std_msgs::msg::Header_<std::allocator<void> >; M1 = std_msgs::msg::Header_<std::allocator<void> >; M2 = message_filters::NullType; M3 = message_filters::NullType; M4 = message_filters::NullType; M5 = message_filters::NullType; M6 = message_filters::NullType; M7 = message_filters::NullType; M8 = message_filters::NullType]
[8.018s]    Connection [01;36m[KaddCallback[m[K(void(*callback)(P0, P1, P2, P3, P4, P5, P6, P7, P8))
[8.018s]               [01;36m[K^~~~~~~~~~~[m[K
[8.018s] [01m[K/opt/ros/dashing/include/message_filters/signal9.h:222:14:[m[K [01;36m[Knote: [m[K  template argument deduction/substitution failed:
[8.018s] [01m[K/opt/ros/dashing/include/message_filters/signal9.h:280:40:[m[K [01;36m[Knote: [m[K  cannot convert ‘[01m[Kstd::bind(_Func&&, _BoundArgs&& ...) [with _Func = const std::_Bind<void (GroundPlaneEstimatorNode::*(GroundPlaneEstimatorNode*, std::_Placeholder<1>, std::_Placeholder<2>))(const std::shared_ptr<const sensor_msgs::msg::Image_<std::allocator<void> > >&, const std::shared_ptr<const sensor_msgs::msg::PointCloud2_<std::allocator<void> > >&)>&; _BoundArgs = {const std::_Placeholder<1>&, const std::_Placeholder<2>&, const std::_Placeholder<3>&, const std::_Placeholder<4>&, const std::_Placeholder<5>&, const std::_Placeholder<6>&, const std::_Placeholder<7>&, const std::_Placeholder<8>&, const std::_Placeholder<9>&}; typename std::_Bind_helper<std::__is_socketlike<_Func>::value, _Func, _BoundArgs ...>::type = std::_Bind<std::_Bind<void (GroundPlaneEstimatorNode::*(GroundPlaneEstimatorNode*, std::_Placeholder<1>, std::_Placeholder<2>))(const std::shared_ptr<const sensor_msgs::msg::Image_<std::allocator<void> > >&, const std::shared_ptr<const sensor_msgs::msg::PointCloud2_<std::allocator<void> > >&)>(std::_Placeholder<1>, std::_Placeholder<2>, std::_Placeholder<3>, std::_Placeholder<4>, std::_Placeholder<5>, std::_Placeholder<6>, std::_Placeholder<7>, std::_Placeholder<8>, std::_Placeholder<9>)>](std::placeholders::_1, std::placeholders::_2, std::placeholders::_3, std::placeholders::_4, std::placeholders::_5, std::placeholders::_6, std::placeholders::_7, std::placeholders::_8, std::placeholders::_9)[m[K’ (type ‘[01m[Kstd::_Bind_helper<false, const std::_Bind<void (GroundPlaneEstimatorNode::*(GroundPlaneEstimatorNode*, std::_Placeholder<1>, std::_Placeholder<2>))(const std::shared_ptr<const sensor_msgs::msg::Image_<std::allocator<void> > >&, const std::shared_ptr<const sensor_msgs::msg::PointCloud2_<std::allocator<void> > >&)>&, const std::_Placeholder<1>&, const std::_Placeholder<2>&, const std::_Placeholder<3>&, const std::_Placeholder<4>&, const std::_Placeholder<5>&, const std::_Placeholder<6>&, const std::_Placeholder<7>&, const std::_Placeholder<8>&, const std::_Placeholder<9>&>::type {aka std::_Bind<std::_Bind<void (GroundPlaneEstimatorNode::*(GroundPlaneEstimatorNode*, std::_Placeholder<1>, std::_Placeholder<2>))(const std::shared_ptr<const sensor_msgs::msg::Image_<std::allocator<void> > >&, const std::shared_ptr<const sensor_msgs::msg::PointCloud2_<std::allocator<void> > >&)>(std::_Placeholder<1>, std::_Placeholder<2>, std::_Placeholder<3>, std::_Placeholder<4>, std::_Placeholder<5>, std::_Placeholder<6>, std::_Placeholder<7>, std::_Placeholder<8>, std::_Placeholder<9>)>}[m[K’) to type ‘[01m[Kvoid (*)(const std::shared_ptr<const std_msgs::msg::Header_<std::allocator<void> > >&, const std::shared_ptr<const std_msgs::msg::Header_<std::allocator<void> > >&, const std::shared_ptr<const message_filters::NullType>&, const std::shared_ptr<const message_filters::NullType>&, const std::shared_ptr<const message_filters::NullType>&, const std::shared_ptr<const message_filters::NullType>&, const std::shared_ptr<const message_filters::NullType>&, const std::shared_ptr<const message_filters::NullType>&, const std::shared_ptr<const message_filters::NullType>&)[m[K’
[8.019s]      return [01;36m[KaddCallback<const M0ConstPtr&,[m[K
[8.019s]             [01;36m[K~~~~~~~~~~~~~~~~~~~~~~~~~~~~~~[m[K
[8.019s]  [01;36m[K                     const M1ConstPtr&,[m[K
[8.019s]                       [01;36m[K~~~~~~~~~~~~~~~~~~[m[K 
[8.019s]  [01;36m[K                     const M2ConstPtr&,[m[K
[8.019s]                       [01;36m[K~~~~~~~~~~~~~~~~~~[m[K 
[8.020s]  [01;36m[K                     const M3ConstPtr&,[m[K
[8.020s]                       [01;36m[K~~~~~~~~~~~~~~~~~~[m[K 
[8.020s]  [01;36m[K                     const M4ConstPtr&,[m[K
[8.020s]                       [01;36m[K~~~~~~~~~~~~~~~~~~[m[K 
[8.020s]  [01;36m[K                     const M5ConstPtr&,[m[K
[8.020s]                       [01;36m[K~~~~~~~~~~~~~~~~~~[m[K 
[8.020s]  [01;36m[K                     const M6ConstPtr&,[m[K
[8.020s]                       [01;36m[K~~~~~~~~~~~~~~~~~~[m[K 
[8.020s]  [01;36m[K                     const M7ConstPtr&,[m[K
[8.021s]                       [01;36m[K~~~~~~~~~~~~~~~~~~[m[K 
[8.021s]  [01;36m[K                     const M8ConstPtr&>(std::bind(callback, std::placeholders::_1, std::placeholders::_2, std::placeholders::_3, std::placeholders::_4, std::placeholders::_5, std::placeholders::_6, std::placeholders::_7, std::placeholders::_8, std::placeholders::_9))[m[K;
[8.021s]                       [01;36m[K~~~~~~~~~~~~~~~~~~^~~~~~~~~~~~~~~~~~~~~~~~~~~~~~~~~~~~~~~~~~~~~~~~~~~~~~~~~~~~~~~~~~~~~~~~~~~~~~~~~~~~~~~~~~~~~~~~~~~~~~~~~~~~~~~~~~~~~~~~~~~~~~~~~~~~~~~~~~~~~~~~~~~~~~~~~~~~~~~~~~~~~~~~~~~~~~~~~~~~~~~~~~~~~~~~~~~~~~~~~~~~~~~~~~~~~~~~~~~~~~~~~~~~[m[K
[8.021s] [01m[K/opt/ros/dashing/include/message_filters/signal9.h:228:14:[m[K [01;36m[Knote: [m[Kcandidate: template<class T, class P0, class P1> message_filters::Connection message_filters::Signal9<M0, M1, M2, M3, M4, M5, M6, M7, M8>::addCallback(void (T::*)(P0, P1), T*) [with T = T; P0 = P0; P1 = P1; M0 = std_msgs::msg::Header_<std::allocator<void> >; M1 = std_msgs::msg::Header_<std::allocator<void> >; M2 = message_filters::NullType; M3 = message_filters::NullType; M4 = message_filters::NullType; M5 = message_filters::NullType; M6 = message_filters::NullType; M7 = message_filters::NullType; M8 = message_filters::NullType]
[8.021s]    Connection [01;36m[KaddCallback[m[K(void(T::*callback)(P0, P1), T* t)
[8.021s]               [01;36m[K^~~~~~~~~~~[m[K
[8.021s] [01m[K/opt/ros/dashing/include/message_filters/signal9.h:228:14:[m[K [01;36m[Knote: [m[K  template argument deduction/substitution failed:
[8.022s] [01m[K/opt/ros/dashing/include/message_filters/signal9.h:280:40:[m[K [01;31m[Kerror: [m[Kwrong number of template arguments (9, should be 3)
[8.022s]      return [01;31m[KaddCallback<const M0ConstPtr&,[m[K
[8.022s]             [01;31m[K~~~~~~~~~~~~~~~~~~~~~~~~~~~~~~[m[K
[8.022s]  [01;31m[K                     const M1ConstPtr&,[m[K
[8.022s]                       [01;31m[K~~~~~~~~~~~~~~~~~~[m[K 
[8.022s]  [01;31m[K                     const M2ConstPtr&,[m[K
[8.022s]                       [01;31m[K~~~~~~~~~~~~~~~~~~[m[K 
[8.022s]  [01;31m[K                     const M3ConstPtr&,[m[K
[8.022s]                       [01;31m[K~~~~~~~~~~~~~~~~~~[m[K 
[8.022s]  [01;31m[K                     const M4ConstPtr&,[m[K
[8.022s]                       [01;31m[K~~~~~~~~~~~~~~~~~~[m[K 
[8.023s]  [01;31m[K                     const M5ConstPtr&,[m[K
[8.023s]                       [01;31m[K~~~~~~~~~~~~~~~~~~[m[K 
[8.023s]  [01;31m[K                     const M6ConstPtr&,[m[K
[8.023s]                       [01;31m[K~~~~~~~~~~~~~~~~~~[m[K 
[8.023s]  [01;31m[K                     const M7ConstPtr&,[m[K
[8.023s]                       [01;31m[K~~~~~~~~~~~~~~~~~~[m[K 
[8.023s]  [01;31m[K                     const M8ConstPtr&>(std::bind(callback, std::placeholders::_1, std::placeholders::_2, std::placeholders::_3, std::placeholders::_4, std::placeholders::_5, std::placeholders::_6, std::placeholders::_7, std::placeholders::_8, std::placeholders::_9))[m[K;
[8.023s]                       [01;31m[K~~~~~~~~~~~~~~~~~~^~~~~~~~~~~~~~~~~~~~~~~~~~~~~~~~~~~~~~~~~~~~~~~~~~~~~~~~~~~~~~~~~~~~~~~~~~~~~~~~~~~~~~~~~~~~~~~~~~~~~~~~~~~~~~~~~~~~~~~~~~~~~~~~~~~~~~~~~~~~~~~~~~~~~~~~~~~~~~~~~~~~~~~~~~~~~~~~~~~~~~~~~~~~~~~~~~~~~~~~~~~~~~~~~~~~~~~~~~~~~~~~~~~~[m[K
[8.023s] [01m[K/opt/ros/dashing/include/message_filters/signal9.h:234:14:[m[K [01;36m[Knote: [m[Kcandidate: template<class T, class P0, class P1, class P2> message_filters::Connection message_filters::Signal9<M0, M1, M2, M3, M4, M5, M6, M7, M8>::addCallback(void (T::*)(P0, P1, P2), T*) [with T = T; P0 = P0; P1 = P1; P2 = P2; M0 = std_msgs::msg::Header_<std::allocator<void> >; M1 = std_msgs::msg::Header_<std::allocator<void> >; M2 = message_filters::NullType; M3 = message_filters::NullType; M4 = message_filters::NullType; M5 = message_filters::NullType; M6 = message_filters::NullType; M7 = message_filters::NullType; M8 = message_filters::NullType]
[8.023s]    Connection [01;36m[KaddCallback[m[K(void(T::*callback)(P0, P1, P2), T* t)
[8.023s]               [01;36m[K^~~~~~~~~~~[m[K
[8.023s] [01m[K/opt/ros/dashing/include/message_filters/signal9.h:234:14:[m[K [01;36m[Knote: [m[K  template argument deduction/substitution failed:
[8.024s] [01m[K/opt/ros/dashing/include/message_filters/signal9.h:280:40:[m[K [01;31m[Kerror: [m[Kwrong number of template arguments (9, should be 4)
[8.024s]      return [01;31m[KaddCallback<const M0ConstPtr&,[m[K
[8.024s]             [01;31m[K~~~~~~~~~~~~~~~~~~~~~~~~~~~~~~[m[K
[8.024s]  [01;31m[K                     const M1ConstPtr&,[m[K
[8.024s]                       [01;31m[K~~~~~~~~~~~~~~~~~~[m[K 
[8.024s]  [01;31m[K                     const M2ConstPtr&,[m[K
[8.024s]                       [01;31m[K~~~~~~~~~~~~~~~~~~[m[K 
[8.024s]  [01;31m[K                     const M3ConstPtr&,[m[K
[8.024s]                       [01;31m[K~~~~~~~~~~~~~~~~~~[m[K 
[8.024s]  [01;31m[K                     const M4ConstPtr&,[m[K
[8.024s]                       [01;31m[K~~~~~~~~~~~~~~~~~~[m[K 
[8.024s]  [01;31m[K                     const M5ConstPtr&,[m[K
[8.025s]                       [01;31m[K~~~~~~~~~~~~~~~~~~[m[K 
[8.025s]  [01;31m[K                     const M6ConstPtr&,[m[K
[8.025s]                       [01;31m[K~~~~~~~~~~~~~~~~~~[m[K 
[8.025s]  [01;31m[K                     const M7ConstPtr&,[m[K
[8.025s]                       [01;31m[K~~~~~~~~~~~~~~~~~~[m[K 
[8.025s]  [01;31m[K                     const M8ConstPtr&>(std::bind(callback, std::placeholders::_1, std::placeholders::_2, std::placeholders::_3, std::placeholders::_4, std::placeholders::_5, std::placeholders::_6, std::placeholders::_7, std::placeholders::_8, std::placeholders::_9))[m[K;
[8.025s]                       [01;31m[K~~~~~~~~~~~~~~~~~~^~~~~~~~~~~~~~~~~~~~~~~~~~~~~~~~~~~~~~~~~~~~~~~~~~~~~~~~~~~~~~~~~~~~~~~~~~~~~~~~~~~~~~~~~~~~~~~~~~~~~~~~~~~~~~~~~~~~~~~~~~~~~~~~~~~~~~~~~~~~~~~~~~~~~~~~~~~~~~~~~~~~~~~~~~~~~~~~~~~~~~~~~~~~~~~~~~~~~~~~~~~~~~~~~~~~~~~~~~~~~~~~~~~~[m[K
[8.025s] [01m[K/opt/ros/dashing/include/message_filters/signal9.h:240:14:[m[K [01;36m[Knote: [m[Kcandidate: template<class T, class P0, class P1, class P2, class P3> message_filters::Connection message_filters::Signal9<M0, M1, M2, M3, M4, M5, M6, M7, M8>::addCallback(void (T::*)(P0, P1, P2, P3), T*) [with T = T; P0 = P0; P1 = P1; P2 = P2; P3 = P3; M0 = std_msgs::msg::Header_<std::allocator<void> >; M1 = std_msgs::msg::Header_<std::allocator<void> >; M2 = message_filters::NullType; M3 = message_filters::NullType; M4 = message_filters::NullType; M5 = message_filters::NullType; M6 = message_filters::NullType; M7 = message_filters::NullType; M8 = message_filters::NullType]
[8.025s]    Connection [01;36m[KaddCallback[m[K(void(T::*callback)(P0, P1, P2, P3), T* t)
[8.025s]               [01;36m[K^~~~~~~~~~~[m[K
[8.025s] [01m[K/opt/ros/dashing/include/message_filters/signal9.h:240:14:[m[K [01;36m[Knote: [m[K  template argument deduction/substitution failed:
[8.025s] [01m[K/opt/ros/dashing/include/message_filters/signal9.h:280:40:[m[K [01;31m[Kerror: [m[Kwrong number of template arguments (9, should be 5)
[8.025s]      return [01;31m[KaddCallback<const M0ConstPtr&,[m[K
[8.025s]             [01;31m[K~~~~~~~~~~~~~~~~~~~~~~~~~~~~~~[m[K
[8.026s]  [01;31m[K                     const M1ConstPtr&,[m[K
[8.026s]                       [01;31m[K~~~~~~~~~~~~~~~~~~[m[K 
[8.026s]  [01;31m[K                     const M2ConstPtr&,[m[K
[8.026s]                       [01;31m[K~~~~~~~~~~~~~~~~~~[m[K 
[8.026s]  [01;31m[K                     const M3ConstPtr&,[m[K
[8.026s]                       [01;31m[K~~~~~~~~~~~~~~~~~~[m[K 
[8.026s]  [01;31m[K                     const M4ConstPtr&,[m[K
[8.026s]                       [01;31m[K~~~~~~~~~~~~~~~~~~[m[K 
[8.026s]  [01;31m[K                     const M5ConstPtr&,[m[K
[8.026s]                       [01;31m[K~~~~~~~~~~~~~~~~~~[m[K 
[8.026s]  [01;31m[K                     const M6ConstPtr&,[m[K
[8.026s]                       [01;31m[K~~~~~~~~~~~~~~~~~~[m[K 
[8.026s]  [01;31m[K                     const M7ConstPtr&,[m[K
[8.027s]                       [01;31m[K~~~~~~~~~~~~~~~~~~[m[K 
[8.027s]  [01;31m[K                     const M8ConstPtr&>(std::bind(callback, std::placeholders::_1, std::placeholders::_2, std::placeholders::_3, std::placeholders::_4, std::placeholders::_5, std::placeholders::_6, std::placeholders::_7, std::placeholders::_8, std::placeholders::_9))[m[K;
[8.027s]                       [01;31m[K~~~~~~~~~~~~~~~~~~^~~~~~~~~~~~~~~~~~~~~~~~~~~~~~~~~~~~~~~~~~~~~~~~~~~~~~~~~~~~~~~~~~~~~~~~~~~~~~~~~~~~~~~~~~~~~~~~~~~~~~~~~~~~~~~~~~~~~~~~~~~~~~~~~~~~~~~~~~~~~~~~~~~~~~~~~~~~~~~~~~~~~~~~~~~~~~~~~~~~~~~~~~~~~~~~~~~~~~~~~~~~~~~~~~~~~~~~~~~~~~~~~~~~[m[K
[8.027s] [01m[K/opt/ros/dashing/include/message_filters/signal9.h:246:14:[m[K [01;36m[Knote: [m[Kcandidate: template<class T, class P0, class P1, class P2, class P3, class P4> message_filters::Connection message_filters::Signal9<M0, M1, M2, M3, M4, M5, M6, M7, M8>::addCallback(void (T::*)(P0, P1, P2, P3, P4), T*) [with T = T; P0 = P0; P1 = P1; P2 = P2; P3 = P3; P4 = P4; M0 = std_msgs::msg::Header_<std::allocator<void> >; M1 = std_msgs::msg::Header_<std::allocator<void> >; M2 = message_filters::NullType; M3 = message_filters::NullType; M4 = message_filters::NullType; M5 = message_filters::NullType; M6 = message_filters::NullType; M7 = message_filters::NullType; M8 = message_filters::NullType]
[8.027s]    Connection [01;36m[KaddCallback[m[K(void(T::*callback)(P0, P1, P2, P3, P4), T* t)
[8.027s]               [01;36m[K^~~~~~~~~~~[m[K
[8.027s] [01m[K/opt/ros/dashing/include/message_filters/signal9.h:246:14:[m[K [01;36m[Knote: [m[K  template argument deduction/substitution failed:
[8.027s] [01m[K/opt/ros/dashing/include/message_filters/signal9.h:280:40:[m[K [01;31m[Kerror: [m[Kwrong number of template arguments (9, should be 6)
[8.027s]      return [01;31m[KaddCallback<const M0ConstPtr&,[m[K
[8.027s]             [01;31m[K~~~~~~~~~~~~~~~~~~~~~~~~~~~~~~[m[K
[8.027s]  [01;31m[K                     const M1ConstPtr&,[m[K
[8.027s]                       [01;31m[K~~~~~~~~~~~~~~~~~~[m[K 
[8.027s]  [01;31m[K                     const M2ConstPtr&,[m[K
[8.028s]                       [01;31m[K~~~~~~~~~~~~~~~~~~[m[K 
[8.028s]  [01;31m[K                     const M3ConstPtr&,[m[K
[8.028s]                       [01;31m[K~~~~~~~~~~~~~~~~~~[m[K 
[8.028s]  [01;31m[K                     const M4ConstPtr&,[m[K
[8.028s]                       [01;31m[K~~~~~~~~~~~~~~~~~~[m[K 
[8.028s]  [01;31m[K                     const M5ConstPtr&,[m[K
[8.028s]                       [01;31m[K~~~~~~~~~~~~~~~~~~[m[K 
[8.028s]  [01;31m[K                     const M6ConstPtr&,[m[K
[8.028s]                       [01;31m[K~~~~~~~~~~~~~~~~~~[m[K 
[8.028s]  [01;31m[K                     const M7ConstPtr&,[m[K
[8.028s]                       [01;31m[K~~~~~~~~~~~~~~~~~~[m[K 
[8.028s]  [01;31m[K                     const M8ConstPtr&>(std::bind(callback, std::placeholders::_1, std::placeholders::_2, std::placeholders::_3, std::placeholders::_4, std::placeholders::_5, std::placeholders::_6, std::placeholders::_7, std::placeholders::_8, std::placeholders::_9))[m[K;
[8.029s]                       [01;31m[K~~~~~~~~~~~~~~~~~~^~~~~~~~~~~~~~~~~~~~~~~~~~~~~~~~~~~~~~~~~~~~~~~~~~~~~~~~~~~~~~~~~~~~~~~~~~~~~~~~~~~~~~~~~~~~~~~~~~~~~~~~~~~~~~~~~~~~~~~~~~~~~~~~~~~~~~~~~~~~~~~~~~~~~~~~~~~~~~~~~~~~~~~~~~~~~~~~~~~~~~~~~~~~~~~~~~~~~~~~~~~~~~~~~~~~~~~~~~~~~~~~~~~~[m[K
[8.029s] [01m[K/opt/ros/dashing/include/message_filters/signal9.h:252:14:[m[K [01;36m[Knote: [m[Kcandidate: template<class T, class P0, class P1, class P2, class P3, class P4, class P5> message_filters::Connection message_filters::Signal9<M0, M1, M2, M3, M4, M5, M6, M7, M8>::addCallback(void (T::*)(P0, P1, P2, P3, P4, P5), T*) [with T = T; P0 = P0; P1 = P1; P2 = P2; P3 = P3; P4 = P4; P5 = P5; M0 = std_msgs::msg::Header_<std::allocator<void> >; M1 = std_msgs::msg::Header_<std::allocator<void> >; M2 = message_filters::NullType; M3 = message_filters::NullType; M4 = message_filters::NullType; M5 = message_filters::NullType; M6 = message_filters::NullType; M7 = message_filters::NullType; M8 = message_filters::NullType]
[8.029s]    Connection [01;36m[KaddCallback[m[K(void(T::*callback)(P0, P1, P2, P3, P4, P5), T* t)
[8.029s]               [01;36m[K^~~~~~~~~~~[m[K
[8.029s] [01m[K/opt/ros/dashing/include/message_filters/signal9.h:252:14:[m[K [01;36m[Knote: [m[K  template argument deduction/substitution failed:
[8.029s] [01m[K/opt/ros/dashing/include/message_filters/signal9.h:280:40:[m[K [01;31m[Kerror: [m[Kwrong number of template arguments (9, should be 7)
[8.029s]      return [01;31m[KaddCallback<const M0ConstPtr&,[m[K
[8.030s]             [01;31m[K~~~~~~~~~~~~~~~~~~~~~~~~~~~~~~[m[K
[8.030s]  [01;31m[K                     const M1ConstPtr&,[m[K
[8.030s]                       [01;31m[K~~~~~~~~~~~~~~~~~~[m[K 
[8.030s]  [01;31m[K                     const M2ConstPtr&,[m[K
[8.030s]                       [01;31m[K~~~~~~~~~~~~~~~~~~[m[K 
[8.030s]  [01;31m[K                     const M3ConstPtr&,[m[K
[8.031s]                       [01;31m[K~~~~~~~~~~~~~~~~~~[m[K 
[8.031s]  [01;31m[K                     const M4ConstPtr&,[m[K
[8.031s]                       [01;31m[K~~~~~~~~~~~~~~~~~~[m[K 
[8.031s]  [01;31m[K                     const M5ConstPtr&,[m[K
[8.031s]                       [01;31m[K~~~~~~~~~~~~~~~~~~[m[K 
[8.031s]  [01;31m[K                     const M6ConstPtr&,[m[K
[8.031s]                       [01;31m[K~~~~~~~~~~~~~~~~~~[m[K 
[8.032s]  [01;31m[K                     const M7ConstPtr&,[m[K
[8.032s]                       [01;31m[K~~~~~~~~~~~~~~~~~~[m[K 
[8.032s]  [01;31m[K                     const M8ConstPtr&>(std::bind(callback, std::placeholders::_1, std::placeholders::_2, std::placeholders::_3, std::placeholders::_4, std::placeholders::_5, std::placeholders::_6, std::placeholders::_7, std::placeholders::_8, std::placeholders::_9))[m[K;
[8.032s]                       [01;31m[K~~~~~~~~~~~~~~~~~~^~~~~~~~~~~~~~~~~~~~~~~~~~~~~~~~~~~~~~~~~~~~~~~~~~~~~~~~~~~~~~~~~~~~~~~~~~~~~~~~~~~~~~~~~~~~~~~~~~~~~~~~~~~~~~~~~~~~~~~~~~~~~~~~~~~~~~~~~~~~~~~~~~~~~~~~~~~~~~~~~~~~~~~~~~~~~~~~~~~~~~~~~~~~~~~~~~~~~~~~~~~~~~~~~~~~~~~~~~~~~~~~~~~~[m[K
[8.032s] [01m[K/opt/ros/dashing/include/message_filters/signal9.h:258:14:[m[K [01;36m[Knote: [m[Kcandidate: template<class T, class P0, class P1, class P2, class P3, class P4, class P5, class P6> message_filters::Connection message_filters::Signal9<M0, M1, M2, M3, M4, M5, M6, M7, M8>::addCallback(void (T::*)(P0, P1, P2, P3, P4, P5, P6), T*) [with T = T; P0 = P0; P1 = P1; P2 = P2; P3 = P3; P4 = P4; P5 = P5; P6 = P6; M0 = std_msgs::msg::Header_<std::allocator<void> >; M1 = std_msgs::msg::Header_<std::allocator<void> >; M2 = message_filters::NullType; M3 = message_filters::NullType; M4 = message_filters::NullType; M5 = message_filters::NullType; M6 = message_filters::NullType; M7 = message_filters::NullType; M8 = message_filters::NullType]
[8.033s]    Connection [01;36m[KaddCallback[m[K(void(T::*callback)(P0, P1, P2, P3, P4, P5, P6), T* t)
[8.033s]               [01;36m[K^~~~~~~~~~~[m[K
[8.033s] [01m[K/opt/ros/dashing/include/message_filters/signal9.h:258:14:[m[K [01;36m[Knote: [m[K  template argument deduction/substitution failed:
[8.033s] [01m[K/opt/ros/dashing/include/message_filters/signal9.h:280:40:[m[K [01;31m[Kerror: [m[Kwrong number of template arguments (9, should be 8)
[8.033s]      return [01;31m[KaddCallback<const M0ConstPtr&,[m[K
[8.033s]             [01;31m[K~~~~~~~~~~~~~~~~~~~~~~~~~~~~~~[m[K
[8.034s]  [01;31m[K                     const M1ConstPtr&,[m[K
[8.034s]                       [01;31m[K~~~~~~~~~~~~~~~~~~[m[K 
[8.034s]  [01;31m[K                     const M2ConstPtr&,[m[K
[8.034s]                       [01;31m[K~~~~~~~~~~~~~~~~~~[m[K 
[8.034s]  [01;31m[K                     const M3ConstPtr&,[m[K
[8.034s]                       [01;31m[K~~~~~~~~~~~~~~~~~~[m[K 
[8.035s]  [01;31m[K                     const M4ConstPtr&,[m[K
[8.035s]                       [01;31m[K~~~~~~~~~~~~~~~~~~[m[K 
[8.035s]  [01;31m[K                     const M5ConstPtr&,[m[K
[8.035s]                       [01;31m[K~~~~~~~~~~~~~~~~~~[m[K 
[8.035s]  [01;31m[K                     const M6ConstPtr&,[m[K
[8.035s]                       [01;31m[K~~~~~~~~~~~~~~~~~~[m[K 
[8.036s]  [01;31m[K                     const M7ConstPtr&,[m[K
[8.036s]                       [01;31m[K~~~~~~~~~~~~~~~~~~[m[K 
[8.036s]  [01;31m[K                     const M8ConstPtr&>(std::bind(callback, std::placeholders::_1, std::placeholders::_2, std::placeholders::_3, std::placeholders::_4, std::placeholders::_5, std::placeholders::_6, std::placeholders::_7, std::placeholders::_8, std::placeholders::_9))[m[K;
[8.036s]                       [01;31m[K~~~~~~~~~~~~~~~~~~^~~~~~~~~~~~~~~~~~~~~~~~~~~~~~~~~~~~~~~~~~~~~~~~~~~~~~~~~~~~~~~~~~~~~~~~~~~~~~~~~~~~~~~~~~~~~~~~~~~~~~~~~~~~~~~~~~~~~~~~~~~~~~~~~~~~~~~~~~~~~~~~~~~~~~~~~~~~~~~~~~~~~~~~~~~~~~~~~~~~~~~~~~~~~~~~~~~~~~~~~~~~~~~~~~~~~~~~~~~~~~~~~~~~[m[K
[8.036s] [01m[K/opt/ros/dashing/include/message_filters/signal9.h:264:14:[m[K [01;36m[Knote: [m[Kcandidate: template<class T, class P0, class P1, class P2, class P3, class P4, class P5, class P6, class P7> message_filters::Connection message_filters::Signal9<M0, M1, M2, M3, M4, M5, M6, M7, M8>::addCallback(void (T::*)(P0, P1, P2, P3, P4, P5, P6, P7), T*) [with T = T; P0 = P0; P1 = P1; P2 = P2; P3 = P3; P4 = P4; P5 = P5; P6 = P6; P7 = P7; M0 = std_msgs::msg::Header_<std::allocator<void> >; M1 = std_msgs::msg::Header_<std::allocator<void> >; M2 = message_filters::NullType; M3 = message_filters::NullType; M4 = message_filters::NullType; M5 = message_filters::NullType; M6 = message_filters::NullType; M7 = message_filters::NullType; M8 = message_filters::NullType]
[8.036s]    Connection [01;36m[KaddCallback[m[K(void(T::*callback)(P0, P1, P2, P3, P4, P5, P6, P7), T* t)
[8.036s]               [01;36m[K^~~~~~~~~~~[m[K
[8.037s] [01m[K/opt/ros/dashing/include/message_filters/signal9.h:264:14:[m[K [01;36m[Knote: [m[K  template argument deduction/substitution failed:
[8.037s] /opt/ros/dashing/include/message_filters/signal9.h: In substitution of ‘[01m[Ktemplate<class T, class P0, class P1, class P2, class P3, class P4, class P5, class P6, class P7> message_filters::Connection message_filters::Signal9<std_msgs::msg::Header_<std::allocator<void> >, std_msgs::msg::Header_<std::allocator<void> >, message_filters::NullType, message_filters::NullType, message_filters::NullType, message_filters::NullType, message_filters::NullType, message_filters::NullType, message_filters::NullType>::addCallback<T, P0, P1, P2, P3, P4, P5, P6, P7>(void (T::*)(P0, P1, P2, P3, P4, P5, P6, P7), T*) [with T = const std::shared_ptr<const std_msgs::msg::Header_<std::allocator<void> > >&; P0 = const std::shared_ptr<const std_msgs::msg::Header_<std::allocator<void> > >&; P1 = const std::shared_ptr<const message_filters::NullType>&; P2 = const std::shared_ptr<const message_filters::NullType>&; P3 = const std::shared_ptr<const message_filters::NullType>&; P4 = const std::shared_ptr<const message_filters::NullType>&; P5 = const std::shared_ptr<const message_filters::NullType>&; P6 = const std::shared_ptr<const message_filters::NullType>&; P7 = const std::shared_ptr<const message_filters::NullType>&][m[K’:
[8.037s] [01m[K/opt/ros/dashing/include/message_filters/signal9.h:280:40:[m[K   required from ‘[01m[Kmessage_filters::Connection message_filters::Signal9<M0, M1, M2, M3, M4, M5, M6, M7, M8>::addCallback(C&) [with C = const std::_Bind<void (GroundPlaneEstimatorNode::*(GroundPlaneEstimatorNode*, std::_Placeholder<1>, std::_Placeholder<2>))(const std::shared_ptr<const sensor_msgs::msg::Image_<std::allocator<void> > >&, const std::shared_ptr<const sensor_msgs::msg::PointCloud2_<std::allocator<void> > >&)>; M0 = std_msgs::msg::Header_<std::allocator<void> >; M1 = std_msgs::msg::Header_<std::allocator<void> >; M2 = message_filters::NullType; M3 = message_filters::NullType; M4 = message_filters::NullType; M5 = message_filters::NullType; M6 = message_filters::NullType; M7 = message_filters::NullType; M8 = message_filters::NullType][m[K’
[8.037s] [01m[K/opt/ros/dashing/include/message_filters/synchronizer.h:298:40:[m[K   required from ‘[01m[Kmessage_filters::Connection message_filters::Synchronizer<Policy>::registerCallback(const C&) [with C = std::_Bind<void (GroundPlaneEstimatorNode::*(GroundPlaneEstimatorNode*, std::_Placeholder<1>, std::_Placeholder<2>))(const std::shared_ptr<const sensor_msgs::msg::Image_<std::allocator<void> > >&, const std::shared_ptr<const sensor_msgs::msg::PointCloud2_<std::allocator<void> > >&)>; Policy = message_filters::sync_policies::ExactTime<std_msgs::msg::Header_<std::allocator<void> >, std_msgs::msg::Header_<std::allocator<void> >, message_filters::NullType, message_filters::NullType, message_filters::NullType, message_filters::NullType, message_filters::NullType, message_filters::NullType, message_filters::NullType>][m[K’
[8.037s] [01m[K/home/turgay/dev_ws/src/ros2_robot/ground_plane_estimator/src/ground_plane_estimator_node.cpp:34:146:[m[K   required from here
[8.038s] [01m[K/opt/ros/dashing/include/message_filters/signal9.h:264:14:[m[K [01;31m[Kerror: [m[Kforming pointer to reference type ‘[01m[Kconst std::shared_ptr<const std_msgs::msg::Header_<std::allocator<void> > >&[m[K’
[8.038s] /opt/ros/dashing/include/message_filters/signal9.h: In instantiation of ‘[01m[Kmessage_filters::Connection message_filters::Signal9<M0, M1, M2, M3, M4, M5, M6, M7, M8>::addCallback(C&) [with C = const std::_Bind<void (GroundPlaneEstimatorNode::*(GroundPlaneEstimatorNode*, std::_Placeholder<1>, std::_Placeholder<2>))(const std::shared_ptr<const sensor_msgs::msg::Image_<std::allocator<void> > >&, const std::shared_ptr<const sensor_msgs::msg::PointCloud2_<std::allocator<void> > >&)>; M0 = std_msgs::msg::Header_<std::allocator<void> >; M1 = std_msgs::msg::Header_<std::allocator<void> >; M2 = message_filters::NullType; M3 = message_filters::NullType; M4 = message_filters::NullType; M5 = message_filters::NullType; M6 = message_filters::NullType; M7 = message_filters::NullType; M8 = message_filters::NullType][m[K’:
[8.038s] [01m[K/opt/ros/dashing/include/message_filters/synchronizer.h:298:40:[m[K   required from ‘[01m[Kmessage_filters::Connection message_filters::Synchronizer<Policy>::registerCallback(const C&) [with C = std::_Bind<void (GroundPlaneEstimatorNode::*(GroundPlaneEstimatorNode*, std::_Placeholder<1>, std::_Placeholder<2>))(const std::shared_ptr<const sensor_msgs::msg::Image_<std::allocator<void> > >&, const std::shared_ptr<const sensor_msgs::msg::PointCloud2_<std::allocator<void> > >&)>; Policy = message_filters::sync_policies::ExactTime<std_msgs::msg::Header_<std::allocator<void> >, std_msgs::msg::Header_<std::allocator<void> >, message_filters::NullType, message_filters::NullType, message_filters::NullType, message_filters::NullType, message_filters::NullType, message_filters::NullType, message_filters::NullType>][m[K’
[8.038s] [01m[K/home/turgay/dev_ws/src/ros2_robot/ground_plane_estimator/src/ground_plane_estimator_node.cpp:34:146:[m[K   required from here
[8.038s] [01m[K/opt/ros/dashing/include/message_filters/signal9.h:270:14:[m[K [01;36m[Knote: [m[Kcandidate: template<class C> message_filters::Connection message_filters::Signal9<M0, M1, M2, M3, M4, M5, M6, M7, M8>::addCallback(C&) [with C = C; M0 = std_msgs::msg::Header_<std::allocator<void> >; M1 = std_msgs::msg::Header_<std::allocator<void> >; M2 = message_filters::NullType; M3 = message_filters::NullType; M4 = message_filters::NullType; M5 = message_filters::NullType; M6 = message_filters::NullType; M7 = message_filters::NullType; M8 = message_filters::NullType]
[8.038s]    Connection [01;36m[KaddCallback[m[K( C& callback)
[8.039s]               [01;36m[K^~~~~~~~~~~[m[K
[8.039s] [01m[K/opt/ros/dashing/include/message_filters/signal9.h:270:14:[m[K [01;36m[Knote: [m[K  template argument deduction/substitution failed:
[8.039s] [01m[K/opt/ros/dashing/include/message_filters/signal9.h:280:40:[m[K [01;31m[Kerror: [m[Kwrong number of template arguments (9, should be 1)
[8.039s]      return [01;31m[KaddCallback<const M0ConstPtr&,[m[K
[8.039s]             [01;31m[K~~~~~~~~~~~~~~~~~~~~~~~~~~~~~~[m[K
[8.039s]  [01;31m[K                     const M1ConstPtr&,[m[K
[8.040s]                       [01;31m[K~~~~~~~~~~~~~~~~~~[m[K 
[8.040s]  [01;31m[K                     const M2ConstPtr&,[m[K
[8.040s]                       [01;31m[K~~~~~~~~~~~~~~~~~~[m[K 
[8.040s]  [01;31m[K                     const M3ConstPtr&,[m[K
[8.040s]                       [01;31m[K~~~~~~~~~~~~~~~~~~[m[K 
[8.040s]  [01;31m[K                     const M4ConstPtr&,[m[K
[8.041s]                       [01;31m[K~~~~~~~~~~~~~~~~~~[m[K 
[8.041s]  [01;31m[K                     const M5ConstPtr&,[m[K
[8.041s]                       [01;31m[K~~~~~~~~~~~~~~~~~~[m[K 
[8.041s]  [01;31m[K                     const M6ConstPtr&,[m[K
[8.041s]                       [01;31m[K~~~~~~~~~~~~~~~~~~[m[K 
[8.041s]  [01;31m[K                     const M7ConstPtr&,[m[K
[8.042s]                       [01;31m[K~~~~~~~~~~~~~~~~~~[m[K 
[8.042s]  [01;31m[K                     const M8ConstPtr&>(std::bind(callback, std::placeholders::_1, std::placeholders::_2, std::placeholders::_3, std::placeholders::_4, std::placeholders::_5, std::placeholders::_6, std::placeholders::_7, std::placeholders::_8, std::placeholders::_9))[m[K;
[8.042s]                       [01;31m[K~~~~~~~~~~~~~~~~~~^~~~~~~~~~~~~~~~~~~~~~~~~~~~~~~~~~~~~~~~~~~~~~~~~~~~~~~~~~~~~~~~~~~~~~~~~~~~~~~~~~~~~~~~~~~~~~~~~~~~~~~~~~~~~~~~~~~~~~~~~~~~~~~~~~~~~~~~~~~~~~~~~~~~~~~~~~~~~~~~~~~~~~~~~~~~~~~~~~~~~~~~~~~~~~~~~~~~~~~~~~~~~~~~~~~~~~~~~~~~~~~~~~~~[m[K
[9.124s] In file included from [01m[K/usr/include/pcl-1.8/pcl/sample_consensus/sac_model.h:52:0[m[K,
[9.125s]                  from [01m[K/usr/include/pcl-1.8/pcl/sample_consensus/sac.h:45[m[K,
[9.125s]                  from [01m[K/usr/include/pcl-1.8/pcl/segmentation/sac_segmentation.h:49[m[K,
[9.125s]                  from [01m[K/home/turgay/dev_ws/src/ros2_robot/ground_plane_estimator/include/ground_plane_estimator/ground_plane_estimator_node.hpp:39[m[K,
[9.125s]                  from [01m[K/home/turgay/dev_ws/src/ros2_robot/ground_plane_estimator/src/ground_plane_estimator_node.cpp:7[m[K:
[9.125s] [01m[K/usr/include/pcl-1.8/pcl/sample_consensus/model_types.h:[m[K In function ‘[01m[Kvoid __static_initialization_and_destruction_0(int, int)[m[K’:
[9.125s] [01m[K/usr/include/pcl-1.8/pcl/sample_consensus/model_types.h:99:3:[m[K [01;35m[Kwarning: [m[K‘[01m[Kpcl::SAC_SAMPLE_SIZE[m[K’ is deprecated: This map is deprecated and is kept only to prevent breaking existing user code. Starting from PCL 1.8.0 model sample size is a protected member of the SampleConsensusModel class [[01;35m[K-Wdeprecated-declarations[m[K]
[9.126s]    [01;35m[KSAC_SAMPLE_SIZE[m[K (sample_size_pairs, sample_size_pairs + sizeof (sample_size_pairs) / sizeof (SampleSizeModel));
[9.126s]    [01;35m[K^~~~~~~~~~~~~~~[m[K
[9.126s] [01m[K/usr/include/pcl-1.8/pcl/sample_consensus/model_types.h:99:3:[m[K [01;36m[Knote: [m[Kdeclared here
[9.624s] CMakeFiles/ground_plane_estimator_node.dir/build.make:62: recipe for target 'CMakeFiles/ground_plane_estimator_node.dir/src/ground_plane_estimator_node.cpp.o' failed
[9.625s] make[2]: *** [CMakeFiles/ground_plane_estimator_node.dir/src/ground_plane_estimator_node.cpp.o] Error 1
[9.625s] CMakeFiles/Makefile2:67: recipe for target 'CMakeFiles/ground_plane_estimator_node.dir/all' failed
[9.625s] make[1]: *** [CMakeFiles/ground_plane_estimator_node.dir/all] Error 2
[9.626s] Makefile:140: recipe for target 'all' failed
[9.626s] make: *** [all] Error 2
[9.629s] Invoked command in '/home/turgay/dev_ws/src/ros2_robot/build/ground_plane_estimator' returned '2': CMAKE_PREFIX_PATH=${CMAKE_PREFIX_PATH}:/home/turgay/dev_ws/src/ros2_robot/install/simple_gps:/home/turgay/dev_ws/src/ros2_robot/install/remote_control:/opt/robot_devkit/tools/rdk_perf:/opt/robot_devkit/perception/handeye_dashboard:/opt/robot_devkit/perception/handeye:/opt/robot_devkit/perception/criutils:/opt/robot_devkit/perception/baldor:/opt/ros/dashing /usr/bin/cmake --build /home/turgay/dev_ws/src/ros2_robot/build/ground_plane_estimator -- -j12 -l12
