[0.077s] -- Found ament_cmake: 0.7.4 (/opt/ros/dashing/share/ament_cmake/cmake)
[0.121s] -- Using PYTHON_EXECUTABLE: /usr/bin/python3
[0.369s] -- Override CMake install command with custom implementation using symlinks instead of copying resources
[0.379s] -- Found rclcpp: 0.7.13 (/opt/ros/dashing/share/rclcpp/cmake)
[0.395s] -- Found rosidl_adapter: 0.7.9 (/opt/ros/dashing/share/rosidl_adapter/cmake)
[0.427s] -- Found rmw_implementation_cmake: 0.7.2 (/opt/ros/dashing/share/rmw_implementation_cmake/cmake)
[0.430s] -- Using RMW implementation 'rmw_fastrtps_cpp' as default
[0.454s] -- Found std_msgs: 0.7.0 (/opt/ros/dashing/share/std_msgs/cmake)
[0.459s] -- Found rclcpp_components: 0.7.13 (/opt/ros/dashing/share/rclcpp_components/cmake)
[0.461s] -- Found poco_vendor:  (/opt/ros/dashing/share/poco_vendor/cmake)
[0.473s] -- Found nav_msgs: 0.7.0 (/opt/ros/dashing/share/nav_msgs/cmake)
[0.489s] -- Found sensor_msgs: 0.7.0 (/opt/ros/dashing/share/sensor_msgs/cmake)
[0.499s] -- Found cv_bridge: 2.1.4 (/opt/ros/dashing/share/cv_bridge/cmake)
[0.514s] -- Found tf2: 0.11.6 (/opt/ros/dashing/share/tf2/cmake)
[0.516s] -- Found tf2_ros: 0.11.6 (/opt/ros/dashing/share/tf2_ros/cmake)
[0.561s] -- Found image_transport: 2.1.1 (/opt/ros/dashing/share/image_transport/cmake)
[0.580s] -- Found tinyxml2_vendor:  (/opt/ros/dashing/share/tinyxml2_vendor/cmake)
[0.596s] -- Found pcl_conversions: 2.0.0 (/opt/ros/dashing/share/pcl_conversions/cmake)
[0.597s] -- Found pcl_msgs: 1.0.0 (/opt/ros/dashing/share/pcl_msgs/cmake)
[0.621s] CMake Error at CMakeLists.txt:27 (find_package):
[0.621s]   By not providing "Findpcl.cmake" in CMAKE_MODULE_PATH this project has
[0.622s]   asked CMake to find a package configuration file provided by "pcl", but
[0.622s]   CMake did not find one.
[0.622s] 
[0.623s]   Could not find a package configuration file provided by "pcl" with any of
[0.623s]   the following names:
[0.623s] 
[0.623s]     pclConfig.cmake
[0.623s]     pcl-config.cmake
[0.624s] 
[0.624s]   Add the installation prefix of "pcl" to CMAKE_PREFIX_PATH or set "pcl_DIR"
[0.624s]   to a directory containing one of the above files.  If "pcl" provides a
[0.624s]   separate development package or SDK, be sure it has been installed.
[0.624s] 
[0.625s] 
[0.625s] -- Configuring incomplete, errors occurred!
[0.625s] See also "/home/turgay/dev_ws/src/ros2_robot/build/ground_plane_estimator/CMakeFiles/CMakeOutput.log".
[0.626s] See also "/home/turgay/dev_ws/src/ros2_robot/build/ground_plane_estimator/CMakeFiles/CMakeError.log".
[0.626s] Makefile:252: recipe for target 'cmake_check_build_system' failed
[0.626s] make: *** [cmake_check_build_system] Error 1
