[0.102s] [35m[1mScanning dependencies of target ground_plane_estimator_node[0m
[0.154s] [ 50%] [32mBuilding CXX object CMakeFiles/ground_plane_estimator_node.dir/src/ground_plane_estimator_node.cpp.o[0m
[1.554s] [01m[K/home/turgay/dev_ws/src/ros2_robot/ground_plane_estimator/src/ground_plane_estimator_node.cpp:[m[K In function ‘[01m[Kvoid imageColorEdgeDetection(const ConstSharedPtr&, const ConstSharedPtr&)[m[K’:
[1.555s] [01m[K/home/turgay/dev_ws/src/ros2_robot/ground_plane_estimator/src/ground_plane_estimator_node.cpp:58:42:[m[K [01;31m[Kerror: [m[K‘[01m[KRGB8[m[K’ was not declared in this scope
[1.556s]        cv_ptr = cv_bridge::toCvCopy( msg, [01;31m[KRGB8[m[K );
[1.556s]                                           [01;31m[K^~~~[m[K
[1.556s] [01m[K/home/turgay/dev_ws/src/ros2_robot/ground_plane_estimator/src/ground_plane_estimator_node.cpp:58:42:[m[K [01;36m[Knote: [m[Ksuggested alternative:
[1.557s] In file included from [01m[K/opt/ros/dashing/include/cv_bridge/cv_bridge.h:42:0[m[K,
[1.557s]                  from [01m[K/home/turgay/dev_ws/src/ros2_robot/ground_plane_estimator/include/ground_plane_estimator/ground_plane_estimator_node.hpp:21[m[K,
[1.557s]                  from [01m[K/home/turgay/dev_ws/src/ros2_robot/ground_plane_estimator/src/ground_plane_estimator_node.cpp:7[m[K:
[1.557s] [01m[K/opt/ros/dashing/include/sensor_msgs/image_encodings.hpp:47:12:[m[K [01;36m[Knote: [m[K  ‘[01m[Ksensor_msgs::image_encodings::RGB8[m[K’
[1.557s]  const char [01;36m[KRGB8[m[K[] = "rgb8";
[1.558s]             [01;36m[K^~~~[m[K
[1.558s] In file included from [01m[K/opt/ros/dashing/include/rclcpp/service.hpp:33:0[m[K,
[1.558s]                  from [01m[K/opt/ros/dashing/include/rclcpp/callback_group.hpp:25[m[K,
[1.558s]                  from [01m[K/opt/ros/dashing/include/rclcpp/any_executable.hpp:20[m[K,
[1.558s]                  from [01m[K/opt/ros/dashing/include/rclcpp/memory_strategy.hpp:24[m[K,
[1.559s]                  from [01m[K/opt/ros/dashing/include/rclcpp/memory_strategies.hpp:18[m[K,
[1.559s]                  from [01m[K/opt/ros/dashing/include/rclcpp/executor.hpp:33[m[K,
[1.559s]                  from [01m[K/opt/ros/dashing/include/rclcpp/executors/multi_threaded_executor.hpp:24[m[K,
[1.559s]                  from [01m[K/opt/ros/dashing/include/rclcpp/executors.hpp:21[m[K,
[1.559s]                  from [01m[K/opt/ros/dashing/include/rclcpp/rclcpp.hpp:144[m[K,
[1.560s]                  from [01m[K/home/turgay/dev_ws/src/ros2_robot/ground_plane_estimator/include/ground_plane_estimator/ground_plane_estimator_node.hpp:18[m[K,
[1.560s]                  from [01m[K/home/turgay/dev_ws/src/ros2_robot/ground_plane_estimator/src/ground_plane_estimator_node.cpp:7[m[K:
[1.560s] [01m[K/home/turgay/dev_ws/src/ros2_robot/ground_plane_estimator/src/ground_plane_estimator_node.cpp:61:18:[m[K [01;31m[Kerror: [m[Kinvalid use of ‘[01m[Kthis[m[K’ in non-member function
[1.560s]      RCLCPP_ERROR([01;31m[Kt[m[Khis->get_logger(), "cv_bridge exception: %s", e.what() );
[1.560s]                   [01;31m[K^[m[K
[1.561s] [01m[K/opt/ros/dashing/include/rclcpp/logging.hpp:491:86:[m[K [01;36m[Knote: [m[Kin definition of macro ‘[01m[KRCLCPP_ERROR[m[K’
[1.561s]        ::std::is_same<typename std::remove_reference<typename std::remove_cv<decltype([01;36m[Klogger[m[K)>::type>::type, \
[1.561s]                                                                                       [01;36m[K^~~~~~[m[K
[1.561s] [01m[K/home/turgay/dev_ws/src/ros2_robot/ground_plane_estimator/src/ground_plane_estimator_node.cpp:61:18:[m[K [01;31m[Kerror: [m[Kinvalid use of ‘[01m[Kthis[m[K’ in non-member function
[1.561s]      RCLCPP_ERROR([01;31m[Kt[m[Khis->get_logger(), "cv_bridge exception: %s", e.what() );
[1.561s]                   [01;31m[K^[m[K
[1.561s] [01m[K/opt/ros/dashing/include/rclcpp/logging.hpp:491:86:[m[K [01;36m[Knote: [m[Kin definition of macro ‘[01m[KRCLCPP_ERROR[m[K’
[1.562s]        ::std::is_same<typename std::remove_reference<typename std::remove_cv<decltype([01;36m[Klogger[m[K)>::type>::type, \
[1.562s]                                                                                       [01;36m[K^~~~~~[m[K
[1.562s] [01m[K/opt/ros/dashing/include/rclcpp/logging.hpp:491:93:[m[K [01;31m[Kerror: [m[Ktemplate argument 1 is invalid
[1.562s]        ::std::is_same<typename std::remove_reference<typename std::remove_cv<decltype(logger)[01;31m[K>[m[K::type>::type, \
[1.562s]                                                                                              [01;31m[K^[m[K
[1.562s] [01m[K/home/turgay/dev_ws/src/ros2_robot/ground_plane_estimator/src/ground_plane_estimator_node.cpp:61:5:[m[K [01;36m[Knote: [m[Kin expansion of macro ‘[01m[KRCLCPP_ERROR[m[K’
[1.562s]      [01;36m[KRCLCPP_ERROR[m[K(this->get_logger(), "cv_bridge exception: %s", e.what() );
[1.563s]      [01;36m[K^~~~~~~~~~~~[m[K
[1.563s] [01m[K/opt/ros/dashing/include/rclcpp/logging.hpp:491:100:[m[K [01;31m[Kerror: [m[Ktemplate argument 1 is invalid
[1.563s]        ::std::is_same<typename std::remove_reference<typename std::remove_cv<decltype(logger)>::type[01;31m[K>[m[K::type, \
[1.563s]                                                                                                     [01;31m[K^[m[K
[1.563s] [01m[K/home/turgay/dev_ws/src/ros2_robot/ground_plane_estimator/src/ground_plane_estimator_node.cpp:61:5:[m[K [01;36m[Knote: [m[Kin expansion of macro ‘[01m[KRCLCPP_ERROR[m[K’
[1.563s]      [01;36m[KRCLCPP_ERROR[m[K(this->get_logger(), "cv_bridge exception: %s", e.what() );
[1.564s]      [01;36m[K^~~~~~~~~~~~[m[K
[1.564s] [01m[K/opt/ros/dashing/include/rclcpp/logging.hpp:492:32:[m[K [01;31m[Kerror: [m[Ktemplate argument 1 is invalid
[1.564s]        typename ::rclcpp::Logger[01;31m[K>[m[K::value, \
[1.564s]                                 [01;31m[K^[m[K
[1.564s] [01m[K/home/turgay/dev_ws/src/ros2_robot/ground_plane_estimator/src/ground_plane_estimator_node.cpp:61:5:[m[K [01;36m[Knote: [m[Kin expansion of macro ‘[01m[KRCLCPP_ERROR[m[K’
[1.564s]      [01;36m[KRCLCPP_ERROR[m[K(this->get_logger(), "cv_bridge exception: %s", e.what() );
[1.564s]      [01;36m[K^~~~~~~~~~~~[m[K
[1.565s] In file included from [01m[K/opt/ros/dashing/include/rclcpp/client.hpp:39:0[m[K,
[1.565s]                  from [01m[K/opt/ros/dashing/include/rclcpp/callback_group.hpp:23[m[K,
[1.565s]                  from [01m[K/opt/ros/dashing/include/rclcpp/any_executable.hpp:20[m[K,
[1.565s]                  from [01m[K/opt/ros/dashing/include/rclcpp/memory_strategy.hpp:24[m[K,
[1.565s]                  from [01m[K/opt/ros/dashing/include/rclcpp/memory_strategies.hpp:18[m[K,
[1.565s]                  from [01m[K/opt/ros/dashing/include/rclcpp/executor.hpp:33[m[K,
[1.565s]                  from [01m[K/opt/ros/dashing/include/rclcpp/executors/multi_threaded_executor.hpp:24[m[K,
[1.566s]                  from [01m[K/opt/ros/dashing/include/rclcpp/executors.hpp:21[m[K,
[1.566s]                  from [01m[K/opt/ros/dashing/include/rclcpp/rclcpp.hpp:144[m[K,
[1.566s]                  from [01m[K/home/turgay/dev_ws/src/ros2_robot/ground_plane_estimator/include/ground_plane_estimator/ground_plane_estimator_node.hpp:18[m[K,
[1.566s]                  from [01m[K/home/turgay/dev_ws/src/ros2_robot/ground_plane_estimator/src/ground_plane_estimator_node.cpp:7[m[K:
[1.566s] [01m[K/home/turgay/dev_ws/src/ros2_robot/ground_plane_estimator/src/ground_plane_estimator_node.cpp:61:18:[m[K [01;31m[Kerror: [m[Kinvalid use of ‘[01m[Kthis[m[K’ in non-member function
[1.566s]      RCLCPP_ERROR([01;31m[Kt[m[Khis->get_logger(), "cv_bridge exception: %s", e.what() );
[1.566s]                   [01;31m[K^[m[K
[1.567s] [01m[K/opt/ros/dashing/include/rcutils/logging_macros.h:70:47:[m[K [01;36m[Knote: [m[Kin definition of macro ‘[01m[KRCUTILS_LOG_COND_NAMED[m[K’
[1.567s]      if (rcutils_logging_logger_is_enabled_for([01;36m[Kname[m[K, severity)) { \
[1.567s]                                                [01;36m[K^~~~[m[K
[1.567s] [01m[K/opt/ros/dashing/include/rclcpp/logging.hpp:494:5:[m[K [01;36m[Knote: [m[Kin expansion of macro ‘[01m[KRCUTILS_LOG_ERROR_NAMED[m[K’
[1.567s]      [01;36m[KRCUTILS_LOG_ERROR_NAMED[m[K( \
[1.567s]      [01;36m[K^~~~~~~~~~~~~~~~~~~~~~~[m[K
[1.568s] [01m[K/home/turgay/dev_ws/src/ros2_robot/ground_plane_estimator/src/ground_plane_estimator_node.cpp:61:5:[m[K [01;36m[Knote: [m[Kin expansion of macro ‘[01m[KRCLCPP_ERROR[m[K’
[1.568s]      [01;36m[KRCLCPP_ERROR[m[K(this->get_logger(), "cv_bridge exception: %s", e.what() );
[1.568s]      [01;36m[K^~~~~~~~~~~~[m[K
[1.568s] [01m[K/home/turgay/dev_ws/src/ros2_robot/ground_plane_estimator/src/ground_plane_estimator_node.cpp:61:18:[m[K [01;31m[Kerror: [m[Kinvalid use of ‘[01m[Kthis[m[K’ in non-member function
[1.568s]      RCLCPP_ERROR([01;31m[Kt[m[Khis->get_logger(), "cv_bridge exception: %s", e.what() );
[1.568s]                   [01;31m[K^[m[K
[1.568s] [01m[K/opt/ros/dashing/include/rcutils/logging_macros.h:72:58:[m[K [01;36m[Knote: [m[Kin definition of macro ‘[01m[KRCUTILS_LOG_COND_NAMED[m[K’
[1.569s]        rcutils_log(&__rcutils_logging_location, severity, [01;36m[Kname[m[K, __VA_ARGS__); \
[1.569s]                                                           [01;36m[K^~~~[m[K
[1.569s] [01m[K/opt/ros/dashing/include/rclcpp/logging.hpp:494:5:[m[K [01;36m[Knote: [m[Kin expansion of macro ‘[01m[KRCUTILS_LOG_ERROR_NAMED[m[K’
[1.569s]      [01;36m[KRCUTILS_LOG_ERROR_NAMED[m[K( \
[1.569s]      [01;36m[K^~~~~~~~~~~~~~~~~~~~~~~[m[K
[1.569s] [01m[K/home/turgay/dev_ws/src/ros2_robot/ground_plane_estimator/src/ground_plane_estimator_node.cpp:61:5:[m[K [01;36m[Knote: [m[Kin expansion of macro ‘[01m[KRCLCPP_ERROR[m[K’
[1.569s]      [01;36m[KRCLCPP_ERROR[m[K(this->get_logger(), "cv_bridge exception: %s", e.what() );
[1.570s]      [01;36m[K^~~~~~~~~~~~[m[K
[1.570s] [01m[K/home/turgay/dev_ws/src/ros2_robot/ground_plane_estimator/src/ground_plane_estimator_node.cpp:55:136:[m[K [01;35m[Kwarning: [m[Kunused parameter ‘[01m[Kpoint_msg[m[K’ [[01;35m[K-Wunused-parameter[m[K]
[1.570s]  nsor_msgs::msg::Image::ConstSharedPtr& msg, const sensor_msgs::msg::PointCloud2::ConstSharedPtr & [01;35m[Kpoint_msg[m[K) {
[1.570s]                                                                                                    [01;35m[K^~~~~~~~~[m[K
[2.177s] make[2]: *** [CMakeFiles/ground_plane_estimator_node.dir/src/ground_plane_estimator_node.cpp.o] Error 1
[2.178s] CMakeFiles/ground_plane_estimator_node.dir/build.make:62: recipe for target 'CMakeFiles/ground_plane_estimator_node.dir/src/ground_plane_estimator_node.cpp.o' failed
[2.178s] CMakeFiles/Makefile2:67: recipe for target 'CMakeFiles/ground_plane_estimator_node.dir/all' failed
[2.179s] make[1]: *** [CMakeFiles/ground_plane_estimator_node.dir/all] Error 2
[2.179s] make: *** [all] Error 2
[2.179s] Makefile:140: recipe for target 'all' failed
