[0.736s] -- Found ament_cmake: 0.7.4 (/opt/ros/dashing/share/ament_cmake/cmake)
[0.737s] -- Using PYTHON_EXECUTABLE: /usr/bin/python3
[0.741s] -- Override CMake install command with custom implementation using symlinks instead of copying resources
[0.741s] -- Found rclcpp: 0.7.13 (/opt/ros/dashing/share/rclcpp/cmake)
[0.742s] -- Found rosidl_adapter: 0.7.9 (/opt/ros/dashing/share/rosidl_adapter/cmake)
[0.742s] -- Found rmw_implementation_cmake: 0.7.2 (/opt/ros/dashing/share/rmw_implementation_cmake/cmake)
[0.745s] -- Using RMW implementation 'rmw_fastrtps_cpp' as default
[0.747s] -- Found std_msgs: 0.7.0 (/opt/ros/dashing/share/std_msgs/cmake)
[0.749s] -- Found rclcpp_components: 0.7.13 (/opt/ros/dashing/share/rclcpp_components/cmake)
[0.749s] -- Found poco_vendor:  (/opt/ros/dashing/share/poco_vendor/cmake)
[0.749s] -- Found nav_msgs: 0.7.0 (/opt/ros/dashing/share/nav_msgs/cmake)
[0.749s] -- Found sensor_msgs: 0.7.0 (/opt/ros/dashing/share/sensor_msgs/cmake)
[0.750s] -- Found cv_bridge: 2.1.4 (/opt/ros/dashing/share/cv_bridge/cmake)
[0.750s] -- Found tf2: 0.11.6 (/opt/ros/dashing/share/tf2/cmake)
[0.750s] -- Found tf2_ros: 0.11.6 (/opt/ros/dashing/share/tf2_ros/cmake)
[0.750s] -- Found image_transport: 2.1.1 (/opt/ros/dashing/share/image_transport/cmake)
[0.750s] -- Found tinyxml2_vendor:  (/opt/ros/dashing/share/tinyxml2_vendor/cmake)
[0.750s] -- Found pcl_conversions: 2.0.0 (/opt/ros/dashing/share/pcl_conversions/cmake)
[0.751s] -- Found pcl_msgs: 1.0.0 (/opt/ros/dashing/share/pcl_msgs/cmake)
[0.751s] -- Boost version: 1.65.1
[0.751s] -- Found the following Boost libraries:
[0.751s] --   system
[0.751s] --   filesystem
[0.751s] --   thread
[0.751s] --   chrono
[0.752s] --   date_time
[0.752s] --   atomic
[0.807s] -- Boost version: 1.65.1
[0.808s] -- Found the following Boost libraries:
[0.808s] --   system
[0.809s] --   filesystem
[0.809s] --   thread
[0.810s] --   date_time
[0.810s] --   iostreams
[0.810s] --   serialization
[0.810s] --   chrono
[0.810s] --   atomic
[0.811s] --   regex
[0.818s] -- Could NOT find ensenso (missing: ENSENSO_LIBRARY ENSENSO_INCLUDE_DIR) 
[0.822s] -- Could NOT find DAVIDSDK (missing: DAVIDSDK_LIBRARY DAVIDSDK_INCLUDE_DIR) 
[0.823s] -- Could NOT find DSSDK (missing: _DSSDK_LIBRARIES) 
[0.878s] -- The imported target "vtkRenderingPythonTkWidgets" references the file
[0.878s]    "/usr/lib/x86_64-linux-gnu/libvtkRenderingPythonTkWidgets.so"
[0.879s] but this file does not exist.  Possible reasons include:
[0.879s] * The file was deleted, renamed, or moved to another location.
[0.879s] * An install or uninstall procedure did not complete successfully.
[0.879s] * The installation package was faulty and contained
[0.879s]    "/usr/lib/cmake/vtk-6.3/VTKTargets.cmake"
[0.880s] but not all the files it references.
[0.880s] 
[0.880s] -- The imported target "vtk" references the file
[0.880s]    "/usr/bin/vtk"
[0.880s] but this file does not exist.  Possible reasons include:
[0.880s] * The file was deleted, renamed, or moved to another location.
[0.880s] * An install or uninstall procedure did not complete successfully.
[0.880s] * The installation package was faulty and contained
[0.880s]    "/usr/lib/cmake/vtk-6.3/VTKTargets.cmake"
[0.881s] but not all the files it references.
[0.881s] 
[0.970s] -- Could NOT find ensenso (missing: ENSENSO_LIBRARY ENSENSO_INCLUDE_DIR) 
[0.975s] -- Could NOT find DAVIDSDK (missing: DAVIDSDK_LIBRARY DAVIDSDK_INCLUDE_DIR) 
[0.976s] -- Could NOT find DSSDK (missing: _DSSDK_LIBRARIES) 
[0.977s] -- Could NOT find RSSDK (missing: _RSSDK_LIBRARIES) 
[1.028s] -- looking for PCL_COMMON
[1.033s] -- looking for PCL_OCTREE
[1.037s] -- looking for PCL_IO
[1.040s] -- looking for PCL_KDTREE
[1.041s] -- looking for PCL_SEARCH
[1.042s] -- looking for PCL_SAMPLE_CONSENSUS
[1.042s] -- looking for PCL_FILTERS
[1.042s] -- looking for PCL_2D
[1.042s] -- looking for PCL_GEOMETRY
[1.042s] -- looking for PCL_FEATURES
[1.043s] -- looking for PCL_ML
[1.043s] -- looking for PCL_SEGMENTATION
[1.044s] -- looking for PCL_VISUALIZATION
[1.044s] -- looking for PCL_SURFACE
[1.044s] -- looking for PCL_REGISTRATION
[1.044s] -- looking for PCL_KEYPOINTS
[1.045s] -- looking for PCL_TRACKING
[1.045s] -- looking for PCL_RECOGNITION
[1.045s] -- looking for PCL_STEREO
[1.045s] -- looking for PCL_APPS
[1.045s] -- looking for PCL_IN_HAND_SCANNER
[1.046s] -- looking for PCL_MODELER
[1.046s] -- looking for PCL_POINT_CLOUD_EDITOR
[1.046s] -- looking for PCL_OUTOFCORE
[1.046s] -- looking for PCL_PEOPLE
[1.064s] -- Found ament_lint_auto: 0.7.11 (/opt/ros/dashing/share/ament_lint_auto/cmake)
[1.311s] -- Added test 'copyright' to check for copyright in CMake / C / C++ / Python code
[1.312s] -- Added test 'cppcheck' to perform static code analysis on C / C++ code
[1.313s] -- Configured cppcheck include dirs: /home/turgay/dev_ws/src/ros2_robot/ground_plane_estimator/include
[1.313s] -- Added test 'cpplint' to check C / C++ code against the Google style
[1.314s] -- Added test 'lint_cmake' to check CMake code style
[1.314s] -- Added test 'uncrustify' to check C / C++ code style
[1.315s] -- Added test 'xmllint' to check XML markup files
[1.317s] -- Configuring done
[1.355s] -- Generating done
[1.357s] -- Build files have been written to: /home/turgay/dev_ws/src/ros2_robot/build/ground_plane_estimator
[1.471s] [ 50%] [32mBuilding CXX object CMakeFiles/ground_plane_estimator_node.dir/src/ground_plane_estimator_node.cpp.o[0m
[8.649s] CMakeFiles/ground_plane_estimator_node.dir/build.make:62: recipe for target 'CMakeFiles/ground_plane_estimator_node.dir/src/ground_plane_estimator_node.cpp.o' failed
[8.650s] CMakeFiles/Makefile2:67: recipe for target 'CMakeFiles/ground_plane_estimator_node.dir/all' failed
[8.651s] Makefile:140: recipe for target 'all' failed
