[0.445s] [35m[1mScanning dependencies of target ground_plane_estimator_node[0m
[0.445s] [ 50%] [32mBuilding CXX object CMakeFiles/ground_plane_estimator_node.dir/src/ground_plane_estimator_node.cpp.o[0m
[1.231s] [01m[K/home/turgay/dev_ws/src/ros2_robot/ground_plane_estimator/src/ground_plane_estimator_node.cpp:[m[K In function ‘[01m[Kvoid image_callback_static(const ConstSharedPtr&)[m[K’:
[1.231s] [01m[K/home/turgay/dev_ws/src/ros2_robot/ground_plane_estimator/src/ground_plane_estimator_node.cpp:15:76:[m[K [01;35m[Kwarning: [m[Kunused parameter ‘[01m[Kmsg[m[K’ [[01;35m[K-Wunused-parameter[m[K]
[1.231s]  void image_callback_static(const sensor_msgs::msg::Image::ConstSharedPtr & [01;35m[Kmsg[m[K) {
[1.232s]                                                                             [01;35m[K^~~[m[K
[1.282s] [01m[K/home/turgay/dev_ws/src/ros2_robot/ground_plane_estimator/src/ground_plane_estimator_node.cpp:[m[K In static member function ‘[01m[Kstatic void GroundPlaneEstimatorNode::image_callback(const ConstSharedPtr&)[m[K’:
[1.282s] [01m[K/home/turgay/dev_ws/src/ros2_robot/ground_plane_estimator/src/ground_plane_estimator_node.cpp:46:95:[m[K [01;35m[Kwarning: [m[Kunused parameter ‘[01m[Kmsg[m[K’ [[01;35m[K-Wunused-parameter[m[K]
[1.282s]  void GroundPlaneEstimatorNode::image_callback(const sensor_msgs::msg::Image::ConstSharedPtr & [01;35m[Kmsg[m[K) {
[1.282s]                                                                                                [01;35m[K^~~[m[K
[2.912s] [100%] [32m[1mLinking CXX executable ground_plane_estimator_node[0m
[3.166s] [100%] Built target ground_plane_estimator_node
[3.352s] [100%] Built target ground_plane_estimator_node
[3.388s] [36mInstall the project...[0m
[3.406s] -- Install configuration: ""
[3.406s] -- Execute custom install script
[3.407s] -- Up-to-date symlink: /home/turgay/dev_ws/src/ros2_robot/install/ground_plane_estimator/lib/ground_plane_estimator/ground_plane_estimator_node
[3.407s] -- Up-to-date symlink: /home/turgay/dev_ws/src/ros2_robot/install/ground_plane_estimator/share/ament_index/resource_index/package_run_dependencies/ground_plane_estimator
[3.408s] -- Up-to-date symlink: /home/turgay/dev_ws/src/ros2_robot/install/ground_plane_estimator/share/ament_index/resource_index/parent_prefix_path/ground_plane_estimator
[3.408s] -- Up-to-date symlink: /home/turgay/dev_ws/src/ros2_robot/install/ground_plane_estimator/share/ground_plane_estimator/environment/ament_prefix_path.sh
[3.408s] -- Up-to-date symlink: /home/turgay/dev_ws/src/ros2_robot/install/ground_plane_estimator/share/ground_plane_estimator/environment/path.sh
[3.409s] -- Up-to-date symlink: /home/turgay/dev_ws/src/ros2_robot/install/ground_plane_estimator/share/ground_plane_estimator/local_setup.bash
[3.409s] -- Up-to-date symlink: /home/turgay/dev_ws/src/ros2_robot/install/ground_plane_estimator/share/ground_plane_estimator/local_setup.sh
[3.409s] -- Up-to-date symlink: /home/turgay/dev_ws/src/ros2_robot/install/ground_plane_estimator/share/ground_plane_estimator/local_setup.zsh
[3.410s] -- Up-to-date symlink: /home/turgay/dev_ws/src/ros2_robot/install/ground_plane_estimator/share/ament_index/resource_index/packages/ground_plane_estimator
[3.410s] -- Up-to-date symlink: /home/turgay/dev_ws/src/ros2_robot/install/ground_plane_estimator/share/ground_plane_estimator/cmake/ground_plane_estimatorConfig.cmake
[3.411s] -- Up-to-date symlink: /home/turgay/dev_ws/src/ros2_robot/install/ground_plane_estimator/share/ground_plane_estimator/cmake/ground_plane_estimatorConfig-version.cmake
[3.411s] -- Up-to-date symlink: /home/turgay/dev_ws/src/ros2_robot/install/ground_plane_estimator/share/ground_plane_estimator/package.xml
