[0.060s] -- Found ament_cmake: 0.7.4 (/opt/ros/dashing/share/ament_cmake/cmake)
[0.101s] -- Using PYTHON_EXECUTABLE: /usr/bin/python3
[0.338s] -- Override CMake install command with custom implementation using symlinks instead of copying resources
[0.348s] -- Found rclcpp: 0.7.13 (/opt/ros/dashing/share/rclcpp/cmake)
[0.364s] -- Found rosidl_adapter: 0.7.9 (/opt/ros/dashing/share/rosidl_adapter/cmake)
[0.392s] -- Found rmw_implementation_cmake: 0.7.2 (/opt/ros/dashing/share/rmw_implementation_cmake/cmake)
[0.394s] -- Using RMW implementation 'rmw_fastrtps_cpp' as default
[0.418s] -- Found std_msgs: 0.7.0 (/opt/ros/dashing/share/std_msgs/cmake)
[0.422s] -- Found rclcpp_components: 0.7.13 (/opt/ros/dashing/share/rclcpp_components/cmake)
[0.424s] -- Found poco_vendor:  (/opt/ros/dashing/share/poco_vendor/cmake)
[0.436s] -- Found nav_msgs: 0.7.0 (/opt/ros/dashing/share/nav_msgs/cmake)
[0.452s] -- Found sensor_msgs: 0.7.0 (/opt/ros/dashing/share/sensor_msgs/cmake)
[0.462s] -- Found cv_bridge: 2.1.4 (/opt/ros/dashing/share/cv_bridge/cmake)
[0.476s] -- Found tf2: 0.11.6 (/opt/ros/dashing/share/tf2/cmake)
[0.478s] -- Found tf2_ros: 0.11.6 (/opt/ros/dashing/share/tf2_ros/cmake)
[0.520s] -- Found image_transport: 2.1.1 (/opt/ros/dashing/share/image_transport/cmake)
[0.537s] -- Found tinyxml2_vendor:  (/opt/ros/dashing/share/tinyxml2_vendor/cmake)
[0.551s] -- Found pcl_conversions: 2.0.0 (/opt/ros/dashing/share/pcl_conversions/cmake)
[0.554s] -- Found pcl_msgs: 1.0.0 (/opt/ros/dashing/share/pcl_msgs/cmake)
[0.707s] -- Boost version: 1.65.1
[0.708s] -- Found the following Boost libraries:
[0.708s] --   system
[0.708s] --   filesystem
[0.708s] --   thread
[0.709s] --   chrono
[0.709s] --   date_time
[0.709s] --   atomic
[0.709s] -- Found ament_lint_auto: 0.7.11 (/opt/ros/dashing/share/ament_lint_auto/cmake)
[0.952s] -- Added test 'copyright' to check for copyright in CMake / C / C++ / Python code
[0.953s] -- Added test 'cppcheck' to perform static code analysis on C / C++ code
[0.953s] -- Configured cppcheck include dirs: /home/turgay/dev_ws/src/ros2_robot/ground_plane_estimator/include
[0.954s] -- Added test 'cpplint' to check C / C++ code against the Google style
[0.955s] -- Added test 'lint_cmake' to check CMake code style
[0.956s] -- Added test 'uncrustify' to check C / C++ code style
[0.956s] -- Added test 'xmllint' to check XML markup files
[0.958s] -- Configuring done
[0.990s] -- Generating done
[0.993s] -- Build files have been written to: /home/turgay/dev_ws/src/ros2_robot/build/ground_plane_estimator
[1.083s] [ 50%] [32m[1mLinking CXX executable ground_plane_estimator_node[0m
[1.776s] CMakeFiles/ground_plane_estimator_node.dir/build.make:242: recipe for target 'ground_plane_estimator_node' failed
[1.777s] CMakeFiles/Makefile2:67: recipe for target 'CMakeFiles/ground_plane_estimator_node.dir/all' failed
[1.778s] Makefile:140: recipe for target 'all' failed
