[0.000000] (-) TimerEvent: {}
[0.000212] (-) JobUnselected: {'identifier': 'realsense_t265_node'}
[0.000511] (-) JobUnselected: {'identifier': 'realsense_t265_ros'}
[0.000546] (-) JobUnselected: {'identifier': 'remote_control'}
[0.000572] (-) JobUnselected: {'identifier': 'simple_gps'}
[0.000599] (ground_plane_estimator) JobQueued: {'identifier': 'ground_plane_estimator', 'dependencies': OrderedDict()}
[0.001442] (ground_plane_estimator) JobStarted: {'identifier': 'ground_plane_estimator'}
[0.022925] (ground_plane_estimator) JobProgress: {'identifier': 'ground_plane_estimator', 'progress': 'cmake'}
[0.024779] (ground_plane_estimator) Command: {'cmd': ['/usr/bin/cmake', '/home/turgay/dev_ws/src/ros2_robot/ground_plane_estimator', '-DAMENT_CMAKE_SYMLINK_INSTALL=1', '-DCMAKE_INSTALL_PREFIX=/home/turgay/dev_ws/src/ros2_robot/install/ground_plane_estimator'], 'cwd': '/home/turgay/dev_ws/src/ros2_robot/build/ground_plane_estimator', 'env': OrderedDict([('GJS_DEBUG_TOPICS', 'JS ERROR;JS LOG'), ('LESSOPEN', '| /usr/bin/lesspipe %s'), ('USER', 'turgay'), ('LIBVA_DRIVERS_PATH', '/opt/intel/mediasdk/lib64'), ('TEXTDOMAIN', 'im-config'), ('XDG_SEAT', 'seat0'), ('SSH_AGENT_PID', '1886'), ('XDG_SESSION_TYPE', 'x11'), ('SHLVL', '2'), ('LD_LIBRARY_PATH', '/opt/robot_devkit/tools/rtmonitor/lib:/opt/robot_devkit/tools/rtmonitor_msgs/lib:/opt/robot_devkit/tools/perf_msgs/lib:/opt/robot_devkit/perception/dynamic_vino_lib/lib:/opt/robot_devkit/perception/vino_param_lib/lib:/opt/robot_devkit/perception/robot_interface/lib:/opt/robot_devkit/perception/realsense_ros/lib:/opt/robot_devkit/perception/realsense_msgs/lib:/opt/robot_devkit/perception/pipeline_srv_msgs/lib:/opt/robot_devkit/perception/grasp_ros2/lib:/opt/robot_devkit/perception/people_msgs/lib:/opt/robot_devkit/perception/object_analytics_node/lib:/opt/robot_devkit/perception/object_analytics_msgs/lib:/opt/robot_devkit/perception/moveit_msgs/lib:/opt/robot_devkit/perception/handeye_tf_service/lib:/opt/robot_devkit/perception/grasp_msgs/lib:/opt/ros/dashing/opt/yaml_cpp_vendor/lib:/opt/ros/dashing/opt/rviz_ogre_vendor/lib:/opt/ros/dashing/lib'), ('QT4_IM_MODULE', 'xim'), ('HOME', '/home/turgay'), ('CHROME_DESKTOP', 'code-url-handler.desktop'), ('DESKTOP_SESSION', 'ubuntu'), ('TERM_PROGRAM_VERSION', '1.44.2'), ('GIO_LAUNCHED_DESKTOP_FILE', '/var/lib/snapd/desktop/applications/code_code.desktop'), ('GNOME_SHELL_SESSION_MODE', 'ubuntu'), ('GTK_MODULES', 'gail:atk-bridge'), ('APPLICATION_INSIGHTS_NO_DIAGNOSTIC_CHANNEL', 'true'), ('ROS_PYTHON_VERSION', '3'), ('DBUS_SESSION_BUS_ADDRESS', 'unix:path=/run/user/1000/bus'), ('GIO_LAUNCHED_DESKTOP_FILE_PID', '2676'), ('COLORTERM', 'truecolor'), ('IM_CONFIG_PHASE', '2'), ('COLCON_PREFIX_PATH', '/opt/robot_devkit/tools:/opt/robot_devkit/perception'), ('ROS_DISTRO', 'dashing'), ('LOGNAME', 'turgay'), ('GTK_IM_MODULE', 'ibus'), ('_', '/snap/code/31/usr/share/code/code'), ('ROS_VERSION', '2'), ('USERNAME', 'turgay'), ('XDG_SESSION_ID', '1'), ('TERM', 'xterm-256color'), ('GNOME_DESKTOP_SESSION_ID', 'this-is-deprecated'), ('WINDOWPATH', '1'), ('PATH', '/home/turgay/.local/bin:/opt/robot_devkit/perception/recognize_pick/bin:/opt/robot_devkit/perception/random_pick/bin:/opt/robot_devkit/perception/fixed_position_pick/bin:/opt/robot_devkit/perception/draw_x/bin:/opt/robot_devkit/perception/realsense_node/bin:/opt/robot_devkit/perception/grasp_ros2/bin:/opt/robot_devkit/perception/handeye_dashboard/bin:/opt/ros/dashing/bin:/home/turgay/.local/bin:/usr/local/sbin:/usr/local/bin:/usr/sbin:/usr/bin:/sbin:/bin:/usr/games:/usr/local/games:/snap/bin:/home/turgay/.dotnet/tools:/home/turgay/.dotnet/tools'), ('SESSION_MANAGER', 'local/turgaydesktop:@/tmp/.ICE-unix/1791,unix/turgaydesktop:/tmp/.ICE-unix/1791'), ('XDG_MENU_PREFIX', 'gnome-'), ('BAMF_DESKTOP_FILE_HINT', '/var/lib/snapd/desktop/applications/code_code.desktop'), ('XDG_RUNTIME_DIR', '/run/user/1000/snap.code'), ('DISPLAY', ':0'), ('LANG', 'en_US.UTF-8'), ('XDG_CURRENT_DESKTOP', 'Unity'), ('LIBVA_DRIVER_NAME', 'iHD'), ('XDG_SESSION_DESKTOP', 'ubuntu'), ('XMODIFIERS', '@im=ibus'), ('XAUTHORITY', '/run/user/1000/gdm/Xauthority'), ('TERM_PROGRAM', 'vscode'), ('SSH_AUTH_SOCK', '/run/user/1000/keyring/ssh'), ('GSETTINGS_SCHEMA_DIR', '/snap/code/31/usr/share/glib-2.0/schemas'), ('MFX_HOME', '/opt/intel/mediasdk'), ('AMENT_PREFIX_PATH', '/opt/robot_devkit/tools/rtmonitor_test:/opt/robot_devkit/tools/rtmonitor:/opt/robot_devkit/tools/rtmonitor_msgs:/opt/robot_devkit/tools/rdk_perf:/opt/robot_devkit/tools/perf_msgs:/opt/robot_devkit/perception/dynamic_vino_sample:/opt/robot_devkit/perception/dynamic_vino_lib:/opt/robot_devkit/perception/vino_param_lib:/opt/robot_devkit/perception/ur_description:/opt/robot_devkit/perception/recognize_pick:/opt/robot_devkit/perception/random_pick:/opt/robot_devkit/perception/fixed_position_pick:/opt/robot_devkit/perception/draw_x:/opt/robot_devkit/perception/robot_interface:/opt/robot_devkit/perception/realsense_examples:/opt/robot_devkit/perception/realsense_node:/opt/robot_devkit/perception/realsense_ros:/opt/robot_devkit/perception/realsense_msgs:/opt/robot_devkit/perception/pipeline_srv_msgs:/opt/robot_devkit/perception/grasp_ros2:/opt/robot_devkit/perception/people_msgs:/opt/robot_devkit/perception/object_analytics_rviz:/opt/robot_devkit/perception/object_analytics_node:/opt/robot_devkit/perception/object_analytics_msgs:/opt/robot_devkit/perception/moveit_msgs:/opt/robot_devkit/perception/handeye_tf_service:/opt/robot_devkit/perception/handeye_target_detection:/opt/robot_devkit/perception/handeye_dashboard:/opt/robot_devkit/perception/handeye:/opt/robot_devkit/perception/grasp_tutorials:/opt/robot_devkit/perception/grasp_msgs:/opt/robot_devkit/perception/criutils:/opt/robot_devkit/perception/baldor:/opt/ros/dashing'), ('DISABLE_WAYLAND', '1'), ('SHELL', '/bin/bash'), ('GDK_PIXBUF_MODULEDIR', '/snap/code/31/usr/lib/x86_64-linux-gnu/gdk-pixbuf-2.0/2.10.0/loaders'), ('QT_ACCESSIBILITY', '1'), ('GDMSESSION', 'ubuntu'), ('LESSCLOSE', '/usr/bin/lesspipe %s %s'), ('TEXTDOMAINDIR', '/usr/share/locale/'), ('GJS_DEBUG_OUTPUT', 'stderr'), ('GDK_PIXBUF_MODULE_FILE', '/home/turgay/snap/code/common/.cache/gdk-pixbuf-loaders.cache'), ('GPG_AGENT_INFO', '/run/user/1000/gnupg/S.gpg-agent:0:1'), ('XDG_VTNR', '1'), ('QT_IM_MODULE', 'ibus'), ('LC_ALL', 'en_US.UTF-8'), ('PWD', '/home/turgay/dev_ws/src/ros2_robot/build/ground_plane_estimator'), ('CLUTTER_IM_MODULE', 'xim'), ('XDG_DATA_DIRS', '/usr/share/ubuntu:/usr/local/share/:/usr/share/:/var/lib/snapd/desktop'), ('XDG_CONFIG_DIRS', '/etc/xdg/xdg-ubuntu:/etc/xdg'), ('PYTHONPATH', '/opt/robot_devkit/tools/rtmonitor_msgs/lib/python3.6/site-packages:/opt/robot_devkit/tools/rdk_perf/lib/python3.6/site-packages:/opt/robot_devkit/tools/perf_msgs/lib/python3.6/site-packages:/opt/robot_devkit/perception/realsense_msgs/lib/python3.6/site-packages:/opt/robot_devkit/perception/pipeline_srv_msgs/lib/python3.6/site-packages:/opt/robot_devkit/perception/people_msgs/lib/python3.6/site-packages:/opt/robot_devkit/perception/object_analytics_msgs/lib/python3.6/site-packages:/opt/robot_devkit/perception/moveit_msgs/lib/python3.6/site-packages:/opt/robot_devkit/perception/handeye_tf_service/lib/python3.6/site-packages:/opt/robot_devkit/perception/handeye_dashboard/lib/python3.6/site-packages:/opt/robot_devkit/perception/handeye/lib/python3.6/site-packages:/opt/robot_devkit/perception/grasp_msgs/lib/python3.6/site-packages:/opt/robot_devkit/perception/criutils/lib/python3.6/site-packages:/opt/robot_devkit/perception/baldor/lib/python3.6/site-packages:/opt/ros/dashing/lib/python3.6/site-packages'), ('COLCON', '1'), ('CMAKE_PREFIX_PATH', '/opt/robot_devkit/tools/rtmonitor_test:/opt/robot_devkit/tools/rtmonitor:/opt/robot_devkit/tools/rtmonitor_msgs:/opt/robot_devkit/tools/perf_msgs:/opt/robot_devkit/perception/dynamic_vino_sample:/opt/robot_devkit/perception/dynamic_vino_lib:/opt/robot_devkit/perception/vino_param_lib:/opt/robot_devkit/perception/ur_description:/opt/robot_devkit/perception/recognize_pick:/opt/robot_devkit/perception/random_pick:/opt/robot_devkit/perception/fixed_position_pick:/opt/robot_devkit/perception/draw_x:/opt/robot_devkit/perception/robot_interface:/opt/robot_devkit/perception/realsense_examples:/opt/robot_devkit/perception/realsense_node:/opt/robot_devkit/perception/realsense_ros:/opt/robot_devkit/perception/realsense_msgs:/opt/robot_devkit/perception/pipeline_srv_msgs:/opt/robot_devkit/perception/grasp_ros2:/opt/robot_devkit/perception/people_msgs:/opt/robot_devkit/perception/object_analytics_rviz:/opt/robot_devkit/perception/object_analytics_node:/opt/robot_devkit/perception/object_analytics_msgs:/opt/robot_devkit/perception/moveit_msgs:/opt/robot_devkit/perception/handeye_tf_service:/opt/robot_devkit/perception/handeye_target_detection:/opt/robot_devkit/perception/grasp_tutorials:/opt/robot_devkit/perception/grasp_msgs:/opt/robot_devkit/tools/rdk_perf:/opt/robot_devkit/perception/handeye_dashboard:/opt/robot_devkit/perception/handeye:/opt/robot_devkit/perception/criutils:/opt/robot_devkit/perception/baldor:/opt/ros/dashing')]), 'shell': False}
[0.050177] (ground_plane_estimator) StdoutLine: {'line': b'-- Found ament_cmake: 0.7.4 (/opt/ros/dashing/share/ament_cmake/cmake)\n'}
[0.084750] (ground_plane_estimator) StdoutLine: {'line': b'-- Using PYTHON_EXECUTABLE: /usr/bin/python3\n'}
[0.099787] (-) TimerEvent: {}
[0.200224] (-) TimerEvent: {}
[0.300570] (-) TimerEvent: {}
[0.390952] (ground_plane_estimator) StdoutLine: {'line': b'-- Override CMake install command with custom implementation using symlinks instead of copying resources\n'}
[0.400676] (-) TimerEvent: {}
[0.404469] (ground_plane_estimator) StdoutLine: {'line': b'-- Found rclcpp: 0.7.13 (/opt/ros/dashing/share/rclcpp/cmake)\n'}
[0.422661] (ground_plane_estimator) StdoutLine: {'line': b'-- Found rosidl_adapter: 0.7.9 (/opt/ros/dashing/share/rosidl_adapter/cmake)\n'}
[0.454009] (ground_plane_estimator) StdoutLine: {'line': b'-- Found rmw_implementation_cmake: 0.7.2 (/opt/ros/dashing/share/rmw_implementation_cmake/cmake)\n'}
[0.456907] (ground_plane_estimator) StdoutLine: {'line': b"-- Using RMW implementation 'rmw_fastrtps_cpp' as default\n"}
[0.486604] (ground_plane_estimator) StdoutLine: {'line': b'-- Found std_msgs: 0.7.0 (/opt/ros/dashing/share/std_msgs/cmake)\n'}
[0.491684] (ground_plane_estimator) StdoutLine: {'line': b'-- Found rclcpp_components: 0.7.13 (/opt/ros/dashing/share/rclcpp_components/cmake)\n'}
[0.493679] (ground_plane_estimator) StdoutLine: {'line': b'-- Found poco_vendor:  (/opt/ros/dashing/share/poco_vendor/cmake)\n'}
[0.500785] (-) TimerEvent: {}
[0.506451] (ground_plane_estimator) StdoutLine: {'line': b'-- Found nav_msgs: 0.7.0 (/opt/ros/dashing/share/nav_msgs/cmake)\n'}
[0.525125] (ground_plane_estimator) StdoutLine: {'line': b'-- Found sensor_msgs: 0.7.0 (/opt/ros/dashing/share/sensor_msgs/cmake)\n'}
[0.538527] (ground_plane_estimator) StdoutLine: {'line': b'-- Found cv_bridge: 2.1.4 (/opt/ros/dashing/share/cv_bridge/cmake)\n'}
[0.558261] (ground_plane_estimator) StdoutLine: {'line': b'-- Found tf2: 0.11.6 (/opt/ros/dashing/share/tf2/cmake)\n'}
[0.560457] (ground_plane_estimator) StdoutLine: {'line': b'-- Found tf2_ros: 0.11.6 (/opt/ros/dashing/share/tf2_ros/cmake)\n'}
[0.600889] (-) TimerEvent: {}
[0.607407] (ground_plane_estimator) StdoutLine: {'line': b'-- Found image_transport: 2.1.1 (/opt/ros/dashing/share/image_transport/cmake)\n'}
[0.625373] (ground_plane_estimator) StdoutLine: {'line': b'-- Found tinyxml2_vendor:  (/opt/ros/dashing/share/tinyxml2_vendor/cmake)\n'}
[0.646313] (ground_plane_estimator) StdoutLine: {'line': b'-- Found pcl_conversions: 2.0.0 (/opt/ros/dashing/share/pcl_conversions/cmake)\n'}
[0.648448] (ground_plane_estimator) StdoutLine: {'line': b'-- Found pcl_msgs: 1.0.0 (/opt/ros/dashing/share/pcl_msgs/cmake)\n'}
[0.701011] (-) TimerEvent: {}
[0.759316] (ground_plane_estimator) StdoutLine: {'line': b'-- Boost version: 1.65.1\n'}
[0.759599] (ground_plane_estimator) StdoutLine: {'line': b'-- Found the following Boost libraries:\n'}
[0.759736] (ground_plane_estimator) StdoutLine: {'line': b'--   system\n'}
[0.759834] (ground_plane_estimator) StdoutLine: {'line': b'--   filesystem\n'}
[0.759925] (ground_plane_estimator) StdoutLine: {'line': b'--   thread\n'}
[0.760017] (ground_plane_estimator) StdoutLine: {'line': b'--   chrono\n'}
[0.760147] (ground_plane_estimator) StdoutLine: {'line': b'--   date_time\n'}
[0.760245] (ground_plane_estimator) StdoutLine: {'line': b'--   atomic\n'}
[0.801128] (-) TimerEvent: {}
[0.867362] (ground_plane_estimator) StdoutLine: {'line': b'-- Boost version: 1.65.1\n'}
[0.867710] (ground_plane_estimator) StdoutLine: {'line': b'-- Found the following Boost libraries:\n'}
[0.867820] (ground_plane_estimator) StdoutLine: {'line': b'--   system\n'}
[0.867947] (ground_plane_estimator) StdoutLine: {'line': b'--   filesystem\n'}
[0.868051] (ground_plane_estimator) StdoutLine: {'line': b'--   thread\n'}
[0.868136] (ground_plane_estimator) StdoutLine: {'line': b'--   date_time\n'}
[0.868234] (ground_plane_estimator) StdoutLine: {'line': b'--   iostreams\n'}
[0.868323] (ground_plane_estimator) StdoutLine: {'line': b'--   serialization\n'}
[0.868427] (ground_plane_estimator) StdoutLine: {'line': b'--   chrono\n'}
[0.868509] (ground_plane_estimator) StdoutLine: {'line': b'--   atomic\n'}
[0.868599] (ground_plane_estimator) StdoutLine: {'line': b'--   regex\n'}
[0.885903] (ground_plane_estimator) StdoutLine: {'line': b'-- Could NOT find ensenso (missing: ENSENSO_LIBRARY ENSENSO_INCLUDE_DIR) \n'}
[0.886207] (ground_plane_estimator) StderrLine: {'line': b'** WARNING ** io features related to ensenso will be disabled\n'}
[0.889833] (ground_plane_estimator) StdoutLine: {'line': b'-- Could NOT find DAVIDSDK (missing: DAVIDSDK_LIBRARY DAVIDSDK_INCLUDE_DIR) \n'}
[0.890027] (ground_plane_estimator) StderrLine: {'line': b'** WARNING ** io features related to davidSDK will be disabled\n'}
[0.890769] (ground_plane_estimator) StdoutLine: {'line': b'-- Could NOT find DSSDK (missing: _DSSDK_LIBRARIES) \n'}
[0.891032] (ground_plane_estimator) StderrLine: {'line': b'** WARNING ** io features related to dssdk will be disabled\n'}
[0.891369] (ground_plane_estimator) StderrLine: {'line': b'** WARNING ** io features related to pcap will be disabled\n'}
[0.891548] (ground_plane_estimator) StderrLine: {'line': b'** WARNING ** io features related to png will be disabled\n'}
[0.901259] (-) TimerEvent: {}
[0.950087] (ground_plane_estimator) StdoutLine: {'line': b'-- The imported target "vtkRenderingPythonTkWidgets" references the file\n'}
[0.950409] (ground_plane_estimator) StdoutLine: {'line': b'   "/usr/lib/x86_64-linux-gnu/libvtkRenderingPythonTkWidgets.so"\n'}
[0.950583] (ground_plane_estimator) StdoutLine: {'line': b'but this file does not exist.  Possible reasons include:\n'}
[0.950721] (ground_plane_estimator) StdoutLine: {'line': b'* The file was deleted, renamed, or moved to another location.\n'}
[0.950848] (ground_plane_estimator) StdoutLine: {'line': b'* An install or uninstall procedure did not complete successfully.\n'}
[0.951130] (ground_plane_estimator) StdoutLine: {'line': b'* The installation package was faulty and contained\n'}
[0.951297] (ground_plane_estimator) StdoutLine: {'line': b'   "/usr/lib/cmake/vtk-6.3/VTKTargets.cmake"\n'}
[0.951462] (ground_plane_estimator) StdoutLine: {'line': b'but not all the files it references.\n'}
[0.951633] (ground_plane_estimator) StdoutLine: {'line': b'\n'}
[0.951795] (ground_plane_estimator) StdoutLine: {'line': b'-- The imported target "vtk" references the file\n'}
[0.951956] (ground_plane_estimator) StdoutLine: {'line': b'   "/usr/bin/vtk"\n'}
[0.952118] (ground_plane_estimator) StdoutLine: {'line': b'but this file does not exist.  Possible reasons include:\n'}
[0.952279] (ground_plane_estimator) StdoutLine: {'line': b'* The file was deleted, renamed, or moved to another location.\n'}
[0.952440] (ground_plane_estimator) StdoutLine: {'line': b'* An install or uninstall procedure did not complete successfully.\n'}
[0.952600] (ground_plane_estimator) StdoutLine: {'line': b'* The installation package was faulty and contained\n'}
[0.952767] (ground_plane_estimator) StdoutLine: {'line': b'   "/usr/lib/cmake/vtk-6.3/VTKTargets.cmake"\n'}
[0.952929] (ground_plane_estimator) StdoutLine: {'line': b'but not all the files it references.\n'}
[0.953112] (ground_plane_estimator) StdoutLine: {'line': b'\n'}
[1.001369] (-) TimerEvent: {}
[1.007866] (ground_plane_estimator) StderrLine: {'line': b'** WARNING ** io features related to libusb-1.0 will be disabled\n'}
[1.047646] (ground_plane_estimator) StdoutLine: {'line': b'-- Could NOT find ensenso (missing: ENSENSO_LIBRARY ENSENSO_INCLUDE_DIR) \n'}
[1.048003] (ground_plane_estimator) StderrLine: {'line': b'** WARNING ** visualization features related to ensenso will be disabled\n'}
[1.052985] (ground_plane_estimator) StdoutLine: {'line': b'-- Could NOT find DAVIDSDK (missing: DAVIDSDK_LIBRARY DAVIDSDK_INCLUDE_DIR) \n'}
[1.053299] (ground_plane_estimator) StderrLine: {'line': b'** WARNING ** visualization features related to davidSDK will be disabled\n'}
[1.054076] (ground_plane_estimator) StdoutLine: {'line': b'-- Could NOT find DSSDK (missing: _DSSDK_LIBRARIES) \n'}
[1.054384] (ground_plane_estimator) StderrLine: {'line': b'** WARNING ** visualization features related to dssdk will be disabled\n'}
[1.055521] (ground_plane_estimator) StdoutLine: {'line': b'-- Could NOT find RSSDK (missing: _RSSDK_LIBRARIES) \n'}
[1.055809] (ground_plane_estimator) StderrLine: {'line': b'** WARNING ** visualization features related to rssdk will be disabled\n'}
[1.101479] (-) TimerEvent: {}
[1.135412] (ground_plane_estimator) StdoutLine: {'line': b'-- looking for PCL_COMMON\n'}
[1.135755] (ground_plane_estimator) StdoutLine: {'line': b'-- looking for PCL_OCTREE\n'}
[1.136149] (ground_plane_estimator) StdoutLine: {'line': b'-- looking for PCL_IO\n'}
[1.136645] (ground_plane_estimator) StdoutLine: {'line': b'-- looking for PCL_KDTREE\n'}
[1.137103] (ground_plane_estimator) StdoutLine: {'line': b'-- looking for PCL_SEARCH\n'}
[1.137500] (ground_plane_estimator) StdoutLine: {'line': b'-- looking for PCL_SAMPLE_CONSENSUS\n'}
[1.137963] (ground_plane_estimator) StdoutLine: {'line': b'-- looking for PCL_FILTERS\n'}
[1.138417] (ground_plane_estimator) StdoutLine: {'line': b'-- looking for PCL_2D\n'}
[1.138810] (ground_plane_estimator) StdoutLine: {'line': b'-- looking for PCL_GEOMETRY\n'}
[1.139142] (ground_plane_estimator) StdoutLine: {'line': b'-- looking for PCL_FEATURES\n'}
[1.139700] (ground_plane_estimator) StdoutLine: {'line': b'-- looking for PCL_ML\n'}
[1.140135] (ground_plane_estimator) StdoutLine: {'line': b'-- looking for PCL_SEGMENTATION\n'}
[1.140811] (ground_plane_estimator) StdoutLine: {'line': b'-- looking for PCL_VISUALIZATION\n'}
[1.141396] (ground_plane_estimator) StdoutLine: {'line': b'-- looking for PCL_SURFACE\n'}
[1.141857] (ground_plane_estimator) StdoutLine: {'line': b'-- looking for PCL_REGISTRATION\n'}
[1.142519] (ground_plane_estimator) StdoutLine: {'line': b'-- looking for PCL_KEYPOINTS\n'}
[1.143124] (ground_plane_estimator) StdoutLine: {'line': b'-- looking for PCL_TRACKING\n'}
[1.143670] (ground_plane_estimator) StdoutLine: {'line': b'-- looking for PCL_RECOGNITION\n'}
[1.144969] (ground_plane_estimator) StdoutLine: {'line': b'-- looking for PCL_STEREO\n'}
[1.145699] (ground_plane_estimator) StdoutLine: {'line': b'-- looking for PCL_APPS\n'}
[1.149252] (ground_plane_estimator) StdoutLine: {'line': b'-- looking for PCL_IN_HAND_SCANNER\n'}
[1.149800] (ground_plane_estimator) StdoutLine: {'line': b'-- looking for PCL_MODELER\n'}
[1.150320] (ground_plane_estimator) StdoutLine: {'line': b'-- looking for PCL_POINT_CLOUD_EDITOR\n'}
[1.150848] (ground_plane_estimator) StdoutLine: {'line': b'-- looking for PCL_OUTOFCORE\n'}
[1.151690] (ground_plane_estimator) StdoutLine: {'line': b'-- looking for PCL_PEOPLE\n'}
[1.171837] (ground_plane_estimator) StdoutLine: {'line': b'-- Found ament_lint_auto: 0.7.11 (/opt/ros/dashing/share/ament_lint_auto/cmake)\n'}
[1.201595] (-) TimerEvent: {}
[1.302030] (-) TimerEvent: {}
[1.402427] (-) TimerEvent: {}
[1.417234] (ground_plane_estimator) StdoutLine: {'line': b"-- Added test 'copyright' to check for copyright in CMake / C / C++ / Python code\n"}
[1.418201] (ground_plane_estimator) StdoutLine: {'line': b"-- Added test 'cppcheck' to perform static code analysis on C / C++ code\n"}
[1.418720] (ground_plane_estimator) StdoutLine: {'line': b'-- Configured cppcheck include dirs: /home/turgay/dev_ws/src/ros2_robot/ground_plane_estimator/include\n'}
[1.419476] (ground_plane_estimator) StdoutLine: {'line': b"-- Added test 'cpplint' to check C / C++ code against the Google style\n"}
[1.420062] (ground_plane_estimator) StdoutLine: {'line': b"-- Added test 'lint_cmake' to check CMake code style\n"}
[1.420916] (ground_plane_estimator) StdoutLine: {'line': b"-- Added test 'uncrustify' to check C / C++ code style\n"}
[1.421282] (ground_plane_estimator) StdoutLine: {'line': b"-- Added test 'xmllint' to check XML markup files\n"}
[1.424133] (ground_plane_estimator) StdoutLine: {'line': b'-- Configuring done\n'}
[1.466742] (ground_plane_estimator) StdoutLine: {'line': b'-- Generating done\n'}
[1.468807] (ground_plane_estimator) StdoutLine: {'line': b'-- Build files have been written to: /home/turgay/dev_ws/src/ros2_robot/build/ground_plane_estimator\n'}
[1.476486] (ground_plane_estimator) CommandEnded: {'returncode': 0}
[1.477577] (ground_plane_estimator) JobProgress: {'identifier': 'ground_plane_estimator', 'progress': 'build'}
[1.478559] (ground_plane_estimator) Command: {'cmd': ['/usr/bin/cmake', '--build', '/home/turgay/dev_ws/src/ros2_robot/build/ground_plane_estimator', '--', '-j12', '-l12'], 'cwd': '/home/turgay/dev_ws/src/ros2_robot/build/ground_plane_estimator', 'env': OrderedDict([('GJS_DEBUG_TOPICS', 'JS ERROR;JS LOG'), ('LESSOPEN', '| /usr/bin/lesspipe %s'), ('USER', 'turgay'), ('LIBVA_DRIVERS_PATH', '/opt/intel/mediasdk/lib64'), ('TEXTDOMAIN', 'im-config'), ('XDG_SEAT', 'seat0'), ('SSH_AGENT_PID', '1886'), ('XDG_SESSION_TYPE', 'x11'), ('SHLVL', '2'), ('LD_LIBRARY_PATH', '/opt/robot_devkit/tools/rtmonitor/lib:/opt/robot_devkit/tools/rtmonitor_msgs/lib:/opt/robot_devkit/tools/perf_msgs/lib:/opt/robot_devkit/perception/dynamic_vino_lib/lib:/opt/robot_devkit/perception/vino_param_lib/lib:/opt/robot_devkit/perception/robot_interface/lib:/opt/robot_devkit/perception/realsense_ros/lib:/opt/robot_devkit/perception/realsense_msgs/lib:/opt/robot_devkit/perception/pipeline_srv_msgs/lib:/opt/robot_devkit/perception/grasp_ros2/lib:/opt/robot_devkit/perception/people_msgs/lib:/opt/robot_devkit/perception/object_analytics_node/lib:/opt/robot_devkit/perception/object_analytics_msgs/lib:/opt/robot_devkit/perception/moveit_msgs/lib:/opt/robot_devkit/perception/handeye_tf_service/lib:/opt/robot_devkit/perception/grasp_msgs/lib:/opt/ros/dashing/opt/yaml_cpp_vendor/lib:/opt/ros/dashing/opt/rviz_ogre_vendor/lib:/opt/ros/dashing/lib'), ('QT4_IM_MODULE', 'xim'), ('HOME', '/home/turgay'), ('CHROME_DESKTOP', 'code-url-handler.desktop'), ('DESKTOP_SESSION', 'ubuntu'), ('TERM_PROGRAM_VERSION', '1.44.2'), ('GIO_LAUNCHED_DESKTOP_FILE', '/var/lib/snapd/desktop/applications/code_code.desktop'), ('GNOME_SHELL_SESSION_MODE', 'ubuntu'), ('GTK_MODULES', 'gail:atk-bridge'), ('APPLICATION_INSIGHTS_NO_DIAGNOSTIC_CHANNEL', 'true'), ('ROS_PYTHON_VERSION', '3'), ('DBUS_SESSION_BUS_ADDRESS', 'unix:path=/run/user/1000/bus'), ('GIO_LAUNCHED_DESKTOP_FILE_PID', '2676'), ('COLORTERM', 'truecolor'), ('IM_CONFIG_PHASE', '2'), ('COLCON_PREFIX_PATH', '/opt/robot_devkit/tools:/opt/robot_devkit/perception'), ('ROS_DISTRO', 'dashing'), ('LOGNAME', 'turgay'), ('GTK_IM_MODULE', 'ibus'), ('_', '/snap/code/31/usr/share/code/code'), ('ROS_VERSION', '2'), ('USERNAME', 'turgay'), ('XDG_SESSION_ID', '1'), ('TERM', 'xterm-256color'), ('GNOME_DESKTOP_SESSION_ID', 'this-is-deprecated'), ('WINDOWPATH', '1'), ('PATH', '/home/turgay/.local/bin:/opt/robot_devkit/perception/recognize_pick/bin:/opt/robot_devkit/perception/random_pick/bin:/opt/robot_devkit/perception/fixed_position_pick/bin:/opt/robot_devkit/perception/draw_x/bin:/opt/robot_devkit/perception/realsense_node/bin:/opt/robot_devkit/perception/grasp_ros2/bin:/opt/robot_devkit/perception/handeye_dashboard/bin:/opt/ros/dashing/bin:/home/turgay/.local/bin:/usr/local/sbin:/usr/local/bin:/usr/sbin:/usr/bin:/sbin:/bin:/usr/games:/usr/local/games:/snap/bin:/home/turgay/.dotnet/tools:/home/turgay/.dotnet/tools'), ('SESSION_MANAGER', 'local/turgaydesktop:@/tmp/.ICE-unix/1791,unix/turgaydesktop:/tmp/.ICE-unix/1791'), ('XDG_MENU_PREFIX', 'gnome-'), ('BAMF_DESKTOP_FILE_HINT', '/var/lib/snapd/desktop/applications/code_code.desktop'), ('XDG_RUNTIME_DIR', '/run/user/1000/snap.code'), ('DISPLAY', ':0'), ('LANG', 'en_US.UTF-8'), ('XDG_CURRENT_DESKTOP', 'Unity'), ('LIBVA_DRIVER_NAME', 'iHD'), ('XDG_SESSION_DESKTOP', 'ubuntu'), ('XMODIFIERS', '@im=ibus'), ('XAUTHORITY', '/run/user/1000/gdm/Xauthority'), ('TERM_PROGRAM', 'vscode'), ('SSH_AUTH_SOCK', '/run/user/1000/keyring/ssh'), ('GSETTINGS_SCHEMA_DIR', '/snap/code/31/usr/share/glib-2.0/schemas'), ('MFX_HOME', '/opt/intel/mediasdk'), ('AMENT_PREFIX_PATH', '/opt/robot_devkit/tools/rtmonitor_test:/opt/robot_devkit/tools/rtmonitor:/opt/robot_devkit/tools/rtmonitor_msgs:/opt/robot_devkit/tools/rdk_perf:/opt/robot_devkit/tools/perf_msgs:/opt/robot_devkit/perception/dynamic_vino_sample:/opt/robot_devkit/perception/dynamic_vino_lib:/opt/robot_devkit/perception/vino_param_lib:/opt/robot_devkit/perception/ur_description:/opt/robot_devkit/perception/recognize_pick:/opt/robot_devkit/perception/random_pick:/opt/robot_devkit/perception/fixed_position_pick:/opt/robot_devkit/perception/draw_x:/opt/robot_devkit/perception/robot_interface:/opt/robot_devkit/perception/realsense_examples:/opt/robot_devkit/perception/realsense_node:/opt/robot_devkit/perception/realsense_ros:/opt/robot_devkit/perception/realsense_msgs:/opt/robot_devkit/perception/pipeline_srv_msgs:/opt/robot_devkit/perception/grasp_ros2:/opt/robot_devkit/perception/people_msgs:/opt/robot_devkit/perception/object_analytics_rviz:/opt/robot_devkit/perception/object_analytics_node:/opt/robot_devkit/perception/object_analytics_msgs:/opt/robot_devkit/perception/moveit_msgs:/opt/robot_devkit/perception/handeye_tf_service:/opt/robot_devkit/perception/handeye_target_detection:/opt/robot_devkit/perception/handeye_dashboard:/opt/robot_devkit/perception/handeye:/opt/robot_devkit/perception/grasp_tutorials:/opt/robot_devkit/perception/grasp_msgs:/opt/robot_devkit/perception/criutils:/opt/robot_devkit/perception/baldor:/opt/ros/dashing'), ('DISABLE_WAYLAND', '1'), ('SHELL', '/bin/bash'), ('GDK_PIXBUF_MODULEDIR', '/snap/code/31/usr/lib/x86_64-linux-gnu/gdk-pixbuf-2.0/2.10.0/loaders'), ('QT_ACCESSIBILITY', '1'), ('GDMSESSION', 'ubuntu'), ('LESSCLOSE', '/usr/bin/lesspipe %s %s'), ('TEXTDOMAINDIR', '/usr/share/locale/'), ('GJS_DEBUG_OUTPUT', 'stderr'), ('GDK_PIXBUF_MODULE_FILE', '/home/turgay/snap/code/common/.cache/gdk-pixbuf-loaders.cache'), ('GPG_AGENT_INFO', '/run/user/1000/gnupg/S.gpg-agent:0:1'), ('XDG_VTNR', '1'), ('QT_IM_MODULE', 'ibus'), ('LC_ALL', 'en_US.UTF-8'), ('PWD', '/home/turgay/dev_ws/src/ros2_robot/build/ground_plane_estimator'), ('CLUTTER_IM_MODULE', 'xim'), ('XDG_DATA_DIRS', '/usr/share/ubuntu:/usr/local/share/:/usr/share/:/var/lib/snapd/desktop'), ('XDG_CONFIG_DIRS', '/etc/xdg/xdg-ubuntu:/etc/xdg'), ('PYTHONPATH', '/opt/robot_devkit/tools/rtmonitor_msgs/lib/python3.6/site-packages:/opt/robot_devkit/tools/rdk_perf/lib/python3.6/site-packages:/opt/robot_devkit/tools/perf_msgs/lib/python3.6/site-packages:/opt/robot_devkit/perception/realsense_msgs/lib/python3.6/site-packages:/opt/robot_devkit/perception/pipeline_srv_msgs/lib/python3.6/site-packages:/opt/robot_devkit/perception/people_msgs/lib/python3.6/site-packages:/opt/robot_devkit/perception/object_analytics_msgs/lib/python3.6/site-packages:/opt/robot_devkit/perception/moveit_msgs/lib/python3.6/site-packages:/opt/robot_devkit/perception/handeye_tf_service/lib/python3.6/site-packages:/opt/robot_devkit/perception/handeye_dashboard/lib/python3.6/site-packages:/opt/robot_devkit/perception/handeye/lib/python3.6/site-packages:/opt/robot_devkit/perception/grasp_msgs/lib/python3.6/site-packages:/opt/robot_devkit/perception/criutils/lib/python3.6/site-packages:/opt/robot_devkit/perception/baldor/lib/python3.6/site-packages:/opt/ros/dashing/lib/python3.6/site-packages'), ('COLCON', '1'), ('CMAKE_PREFIX_PATH', '/opt/robot_devkit/tools/rtmonitor_test:/opt/robot_devkit/tools/rtmonitor:/opt/robot_devkit/tools/rtmonitor_msgs:/opt/robot_devkit/tools/perf_msgs:/opt/robot_devkit/perception/dynamic_vino_sample:/opt/robot_devkit/perception/dynamic_vino_lib:/opt/robot_devkit/perception/vino_param_lib:/opt/robot_devkit/perception/ur_description:/opt/robot_devkit/perception/recognize_pick:/opt/robot_devkit/perception/random_pick:/opt/robot_devkit/perception/fixed_position_pick:/opt/robot_devkit/perception/draw_x:/opt/robot_devkit/perception/robot_interface:/opt/robot_devkit/perception/realsense_examples:/opt/robot_devkit/perception/realsense_node:/opt/robot_devkit/perception/realsense_ros:/opt/robot_devkit/perception/realsense_msgs:/opt/robot_devkit/perception/pipeline_srv_msgs:/opt/robot_devkit/perception/grasp_ros2:/opt/robot_devkit/perception/people_msgs:/opt/robot_devkit/perception/object_analytics_rviz:/opt/robot_devkit/perception/object_analytics_node:/opt/robot_devkit/perception/object_analytics_msgs:/opt/robot_devkit/perception/moveit_msgs:/opt/robot_devkit/perception/handeye_tf_service:/opt/robot_devkit/perception/handeye_target_detection:/opt/robot_devkit/perception/grasp_tutorials:/opt/robot_devkit/perception/grasp_msgs:/opt/robot_devkit/tools/rdk_perf:/opt/robot_devkit/perception/handeye_dashboard:/opt/robot_devkit/perception/handeye:/opt/robot_devkit/perception/criutils:/opt/robot_devkit/perception/baldor:/opt/ros/dashing')]), 'shell': False}
[1.502554] (-) TimerEvent: {}
[1.555389] (ground_plane_estimator) StdoutLine: {'line': b'\x1b[35m\x1b[1mScanning dependencies of target ground_plane_estimator_node\x1b[0m\n'}
[1.602685] (-) TimerEvent: {}
[1.633497] (ground_plane_estimator) StdoutLine: {'line': b'[ 50%] \x1b[32mBuilding CXX object CMakeFiles/ground_plane_estimator_node.dir/src/ground_plane_estimator_node.cpp.o\x1b[0m\n'}
[1.702841] (-) TimerEvent: {}
[1.803268] (-) TimerEvent: {}
[1.903627] (-) TimerEvent: {}
[2.003985] (-) TimerEvent: {}
[2.104352] (-) TimerEvent: {}
[2.204710] (-) TimerEvent: {}
[2.305093] (-) TimerEvent: {}
[2.405461] (-) TimerEvent: {}
[2.505825] (-) TimerEvent: {}
[2.606189] (-) TimerEvent: {}
[2.706539] (-) TimerEvent: {}
[2.806897] (-) TimerEvent: {}
[2.907263] (-) TimerEvent: {}
[3.007614] (-) TimerEvent: {}
[3.107980] (-) TimerEvent: {}
[3.208380] (-) TimerEvent: {}
[3.308802] (-) TimerEvent: {}
[3.409264] (-) TimerEvent: {}
[3.509759] (-) TimerEvent: {}
[3.610442] (-) TimerEvent: {}
[3.710918] (-) TimerEvent: {}
[3.811388] (-) TimerEvent: {}
[3.911876] (-) TimerEvent: {}
[4.012317] (-) TimerEvent: {}
[4.112794] (-) TimerEvent: {}
[4.213243] (-) TimerEvent: {}
[4.313652] (-) TimerEvent: {}
[4.414136] (-) TimerEvent: {}
[4.514591] (-) TimerEvent: {}
[4.614982] (-) TimerEvent: {}
[4.715348] (-) TimerEvent: {}
[4.815771] (-) TimerEvent: {}
[4.916365] (-) TimerEvent: {}
[5.016672] (-) TimerEvent: {}
[5.116996] (-) TimerEvent: {}
[5.217528] (-) TimerEvent: {}
[5.317988] (-) TimerEvent: {}
[5.418463] (-) TimerEvent: {}
[5.518991] (-) TimerEvent: {}
[5.619447] (-) TimerEvent: {}
[5.719906] (-) TimerEvent: {}
[5.820399] (-) TimerEvent: {}
[5.920866] (-) TimerEvent: {}
[6.021344] (-) TimerEvent: {}
[6.121788] (-) TimerEvent: {}
[6.222264] (-) TimerEvent: {}
[6.322753] (-) TimerEvent: {}
[6.423445] (-) TimerEvent: {}
[6.523916] (-) TimerEvent: {}
[6.624362] (-) TimerEvent: {}
[6.724752] (-) TimerEvent: {}
[6.825139] (-) TimerEvent: {}
[6.880004] (ground_plane_estimator) StderrLine: {'line': b'In file included from \x1b[01m\x1b[K/home/turgay/dev_ws/src/ros2_robot/ground_plane_estimator/src/ground_plane_estimator_node.cpp:7:0\x1b[m\x1b[K:\n'}
[6.880442] (ground_plane_estimator) StderrLine: {'line': b'\x1b[01m\x1b[K/home/turgay/dev_ws/src/ros2_robot/ground_plane_estimator/include/ground_plane_estimator/ground_plane_estimator_node.hpp:\x1b[m\x1b[K In member function \xe2\x80\x98\x1b[01m\x1b[Kvoid GroundPlaneEstimatorNode::callback(std_msgs::msg::Header_<std::allocator<void> >::ConstSharedPtr, std_msgs::msg::Header_<std::allocator<void> >::ConstSharedPtr)\x1b[m\x1b[K\xe2\x80\x99:\n'}
[6.880722] (ground_plane_estimator) StderrLine: {'line': b'\x1b[01m\x1b[K/home/turgay/dev_ws/src/ros2_robot/ground_plane_estimator/include/ground_plane_estimator/ground_plane_estimator_node.hpp:88:63:\x1b[m\x1b[K \x1b[01;35m\x1b[Kwarning: \x1b[m\x1b[Kunused parameter \xe2\x80\x98\x1b[01m\x1b[Kmsg1\x1b[m\x1b[K\xe2\x80\x99 [\x1b[01;35m\x1b[K-Wunused-parameter\x1b[m\x1b[K]\n'}
[6.881023] (ground_plane_estimator) StderrLine: {'line': b'     void callback(const std_msgs::msg::Header::ConstSharedPtr \x1b[01;35m\x1b[Kmsg1\x1b[m\x1b[K, const std_msgs::msg::Header::ConstSharedPtr msg2) { std::cout << "callback" << std::endl; };\n'}
[6.881265] (ground_plane_estimator) StderrLine: {'line': b'                                                               \x1b[01;35m\x1b[K^~~~\x1b[m\x1b[K\n'}
[6.881463] (ground_plane_estimator) StderrLine: {'line': b'\x1b[01m\x1b[K/home/turgay/dev_ws/src/ros2_robot/ground_plane_estimator/include/ground_plane_estimator/ground_plane_estimator_node.hpp:88:113:\x1b[m\x1b[K \x1b[01;35m\x1b[Kwarning: \x1b[m\x1b[Kunused parameter \xe2\x80\x98\x1b[01m\x1b[Kmsg2\x1b[m\x1b[K\xe2\x80\x99 [\x1b[01;35m\x1b[K-Wunused-parameter\x1b[m\x1b[K]\n'}
[6.881663] (ground_plane_estimator) StderrLine: {'line': b'     void callback(const std_msgs::msg::Header::ConstSharedPtr msg1, const std_msgs::msg::Header::ConstSharedPtr \x1b[01;35m\x1b[Kmsg2\x1b[m\x1b[K) { std::cout << "callback" << std::endl; };\n'}
[6.881856] (ground_plane_estimator) StderrLine: {'line': b'                                                                                                                 \x1b[01;35m\x1b[K^~~~\x1b[m\x1b[K\n'}
[6.925274] (-) TimerEvent: {}
[6.996522] (ground_plane_estimator) StderrLine: {'line': b'\x1b[01m\x1b[K/home/turgay/dev_ws/src/ros2_robot/ground_plane_estimator/src/ground_plane_estimator_node.cpp:\x1b[m\x1b[K In member function \xe2\x80\x98\x1b[01m\x1b[Kvoid GroundPlaneEstimatorNode::image_callback(sensor_msgs::msg::Image_<std::allocator<void> >::SharedPtr)\x1b[m\x1b[K\xe2\x80\x99:\n'}
[6.996920] (ground_plane_estimator) StderrLine: {'line': b'\x1b[01m\x1b[K/home/turgay/dev_ws/src/ros2_robot/ground_plane_estimator/src/ground_plane_estimator_node.cpp:75:28:\x1b[m\x1b[K \x1b[01;35m\x1b[Kwarning: \x1b[m\x1b[K\xe2\x80\x98\x1b[01m\x1b[Kvoid rclcpp::Publisher<MessageT, Alloc>::publish(const std::shared_ptr<const _Tp>&) [with MessageT = sensor_msgs::msg::Image_<std::allocator<void> >; Alloc = std::allocator<void>]\x1b[m\x1b[K\xe2\x80\x99 is deprecated: publishing an unique_ptr is prefered when using intra process communication. If using a shared_ptr, use publish(*msg). [\x1b[01;35m\x1b[K-Wdeprecated-declarations\x1b[m\x1b[K]\n'}
[6.997172] (ground_plane_estimator) StderrLine: {'line': b'     image_pub_->publish(msg\x1b[01;35m\x1b[K)\x1b[m\x1b[K;\n'}
[6.997343] (ground_plane_estimator) StderrLine: {'line': b'                            \x1b[01;35m\x1b[K^\x1b[m\x1b[K\n'}
[6.997518] (ground_plane_estimator) StderrLine: {'line': b'In file included from \x1b[01m\x1b[K/opt/ros/dashing/include/rclcpp/callback_group.hpp:24:0\x1b[m\x1b[K,\n'}
[6.997679] (ground_plane_estimator) StderrLine: {'line': b'                 from \x1b[01m\x1b[K/opt/ros/dashing/include/rclcpp/any_executable.hpp:20\x1b[m\x1b[K,\n'}
[6.997834] (ground_plane_estimator) StderrLine: {'line': b'                 from \x1b[01m\x1b[K/opt/ros/dashing/include/rclcpp/memory_strategy.hpp:24\x1b[m\x1b[K,\n'}
[6.997994] (ground_plane_estimator) StderrLine: {'line': b'                 from \x1b[01m\x1b[K/opt/ros/dashing/include/rclcpp/memory_strategies.hpp:18\x1b[m\x1b[K,\n'}
[6.998146] (ground_plane_estimator) StderrLine: {'line': b'                 from \x1b[01m\x1b[K/opt/ros/dashing/include/rclcpp/executor.hpp:33\x1b[m\x1b[K,\n'}
[6.998297] (ground_plane_estimator) StderrLine: {'line': b'                 from \x1b[01m\x1b[K/opt/ros/dashing/include/rclcpp/executors/multi_threaded_executor.hpp:24\x1b[m\x1b[K,\n'}
[6.998447] (ground_plane_estimator) StderrLine: {'line': b'                 from \x1b[01m\x1b[K/opt/ros/dashing/include/rclcpp/executors.hpp:21\x1b[m\x1b[K,\n'}
[6.998599] (ground_plane_estimator) StderrLine: {'line': b'                 from \x1b[01m\x1b[K/opt/ros/dashing/include/rclcpp/rclcpp.hpp:144\x1b[m\x1b[K,\n'}
[6.998766] (ground_plane_estimator) StderrLine: {'line': b'                 from \x1b[01m\x1b[K/home/turgay/dev_ws/src/ros2_robot/ground_plane_estimator/include/ground_plane_estimator/ground_plane_estimator_node.hpp:18\x1b[m\x1b[K,\n'}
[6.998941] (ground_plane_estimator) StderrLine: {'line': b'                 from \x1b[01m\x1b[K/home/turgay/dev_ws/src/ros2_robot/ground_plane_estimator/src/ground_plane_estimator_node.cpp:7\x1b[m\x1b[K:\n'}
[6.999097] (ground_plane_estimator) StderrLine: {'line': b'\x1b[01m\x1b[K/opt/ros/dashing/include/rclcpp/publisher.hpp:137:3:\x1b[m\x1b[K \x1b[01;36m\x1b[Knote: \x1b[m\x1b[Kdeclared here\n'}
[6.999251] (ground_plane_estimator) StderrLine: {'line': b'   \x1b[01;36m\x1b[Kpublish\x1b[m\x1b[K(const std::shared_ptr<const MessageT> & msg)\n'}
[6.999405] (ground_plane_estimator) StderrLine: {'line': b'   \x1b[01;36m\x1b[K^~~~~~~\x1b[m\x1b[K\n'}
[7.003282] (ground_plane_estimator) StderrLine: {'line': b'\x1b[01m\x1b[K/home/turgay/dev_ws/src/ros2_robot/ground_plane_estimator/src/ground_plane_estimator_node.cpp:\x1b[m\x1b[K In member function \xe2\x80\x98\x1b[01m\x1b[Kvoid GroundPlaneEstimatorNode::imageColorEdgeDetection(const ConstSharedPtr&, const ConstSharedPtr&)\x1b[m\x1b[K\xe2\x80\x99:\n'}
[7.003461] (ground_plane_estimator) StderrLine: {'line': b'\x1b[01m\x1b[K/home/turgay/dev_ws/src/ros2_robot/ground_plane_estimator/src/ground_plane_estimator_node.cpp:80:28:\x1b[m\x1b[K \x1b[01;35m\x1b[Kwarning: \x1b[m\x1b[K\xe2\x80\x98\x1b[01m\x1b[Kvoid rclcpp::Publisher<MessageT, Alloc>::publish(const std::shared_ptr<const _Tp>&) [with MessageT = sensor_msgs::msg::Image_<std::allocator<void> >; Alloc = std::allocator<void>]\x1b[m\x1b[K\xe2\x80\x99 is deprecated: publishing an unique_ptr is prefered when using intra process communication. If using a shared_ptr, use publish(*msg). [\x1b[01;35m\x1b[K-Wdeprecated-declarations\x1b[m\x1b[K]\n'}
[7.003568] (ground_plane_estimator) StderrLine: {'line': b'     image_pub_->publish(msg\x1b[01;35m\x1b[K)\x1b[m\x1b[K;\n'}
[7.003661] (ground_plane_estimator) StderrLine: {'line': b'                            \x1b[01;35m\x1b[K^\x1b[m\x1b[K\n'}
[7.003744] (ground_plane_estimator) StderrLine: {'line': b'In file included from \x1b[01m\x1b[K/opt/ros/dashing/include/rclcpp/callback_group.hpp:24:0\x1b[m\x1b[K,\n'}
[7.003825] (ground_plane_estimator) StderrLine: {'line': b'                 from \x1b[01m\x1b[K/opt/ros/dashing/include/rclcpp/any_executable.hpp:20\x1b[m\x1b[K,\n'}
[7.003905] (ground_plane_estimator) StderrLine: {'line': b'                 from \x1b[01m\x1b[K/opt/ros/dashing/include/rclcpp/memory_strategy.hpp:24\x1b[m\x1b[K,\n'}
[7.003984] (ground_plane_estimator) StderrLine: {'line': b'                 from \x1b[01m\x1b[K/opt/ros/dashing/include/rclcpp/memory_strategies.hpp:18\x1b[m\x1b[K,\n'}
[7.004063] (ground_plane_estimator) StderrLine: {'line': b'                 from \x1b[01m\x1b[K/opt/ros/dashing/include/rclcpp/executor.hpp:33\x1b[m\x1b[K,\n'}
[7.004143] (ground_plane_estimator) StderrLine: {'line': b'                 from \x1b[01m\x1b[K/opt/ros/dashing/include/rclcpp/executors/multi_threaded_executor.hpp:24\x1b[m\x1b[K,\n'}
[7.004222] (ground_plane_estimator) StderrLine: {'line': b'                 from \x1b[01m\x1b[K/opt/ros/dashing/include/rclcpp/executors.hpp:21\x1b[m\x1b[K,\n'}
[7.004300] (ground_plane_estimator) StderrLine: {'line': b'                 from \x1b[01m\x1b[K/opt/ros/dashing/include/rclcpp/rclcpp.hpp:144\x1b[m\x1b[K,\n'}
[7.004378] (ground_plane_estimator) StderrLine: {'line': b'                 from \x1b[01m\x1b[K/home/turgay/dev_ws/src/ros2_robot/ground_plane_estimator/include/ground_plane_estimator/ground_plane_estimator_node.hpp:18\x1b[m\x1b[K,\n'}
[7.004455] (ground_plane_estimator) StderrLine: {'line': b'                 from \x1b[01m\x1b[K/home/turgay/dev_ws/src/ros2_robot/ground_plane_estimator/src/ground_plane_estimator_node.cpp:7\x1b[m\x1b[K:\n'}
[7.004533] (ground_plane_estimator) StderrLine: {'line': b'\x1b[01m\x1b[K/opt/ros/dashing/include/rclcpp/publisher.hpp:137:3:\x1b[m\x1b[K \x1b[01;36m\x1b[Knote: \x1b[m\x1b[Kdeclared here\n'}
[7.004620] (ground_plane_estimator) StderrLine: {'line': b'   \x1b[01;36m\x1b[Kpublish\x1b[m\x1b[K(const std::shared_ptr<const MessageT> & msg)\n'}
[7.004705] (ground_plane_estimator) StderrLine: {'line': b'   \x1b[01;36m\x1b[K^~~~~~~\x1b[m\x1b[K\n'}
[7.025375] (-) TimerEvent: {}
[7.048954] (ground_plane_estimator) StderrLine: {'line': b'\x1b[01m\x1b[K/home/turgay/dev_ws/src/ros2_robot/ground_plane_estimator/src/ground_plane_estimator_node.cpp:\x1b[m\x1b[K In member function \xe2\x80\x98\x1b[01m\x1b[Kvoid GroundPlaneEstimatorNode::imageSegment(const ConstSharedPtr&)\x1b[m\x1b[K\xe2\x80\x99:\n'}
[7.049320] (ground_plane_estimator) StderrLine: {'line': b'\x1b[01m\x1b[K/home/turgay/dev_ws/src/ros2_robot/ground_plane_estimator/src/ground_plane_estimator_node.cpp:375:47:\x1b[m\x1b[K \x1b[01;35m\x1b[Kwarning: \x1b[m\x1b[K\xe2\x80\x98\x1b[01m\x1b[Kvoid rclcpp::Publisher<MessageT, Alloc>::publish(const std::shared_ptr<const _Tp>&) [with MessageT = sensor_msgs::msg::Image_<std::allocator<void> >; Alloc = std::allocator<void>]\x1b[m\x1b[K\xe2\x80\x99 is deprecated: publishing an unique_ptr is prefered when using intra process communication. If using a shared_ptr, use publish(*msg). [\x1b[01;35m\x1b[K-Wdeprecated-declarations\x1b[m\x1b[K]\n'}
[7.049538] (ground_plane_estimator) StderrLine: {'line': b'     image_pub_->publish( cv_ptr->toImageMsg() \x1b[01;35m\x1b[K)\x1b[m\x1b[K;\n'}
[7.049716] (ground_plane_estimator) StderrLine: {'line': b'                                               \x1b[01;35m\x1b[K^\x1b[m\x1b[K\n'}
[7.049885] (ground_plane_estimator) StderrLine: {'line': b'In file included from \x1b[01m\x1b[K/opt/ros/dashing/include/rclcpp/callback_group.hpp:24:0\x1b[m\x1b[K,\n'}
[7.050051] (ground_plane_estimator) StderrLine: {'line': b'                 from \x1b[01m\x1b[K/opt/ros/dashing/include/rclcpp/any_executable.hpp:20\x1b[m\x1b[K,\n'}
[7.050216] (ground_plane_estimator) StderrLine: {'line': b'                 from \x1b[01m\x1b[K/opt/ros/dashing/include/rclcpp/memory_strategy.hpp:24\x1b[m\x1b[K,\n'}
[7.050381] (ground_plane_estimator) StderrLine: {'line': b'                 from \x1b[01m\x1b[K/opt/ros/dashing/include/rclcpp/memory_strategies.hpp:18\x1b[m\x1b[K,\n'}
[7.050547] (ground_plane_estimator) StderrLine: {'line': b'                 from \x1b[01m\x1b[K/opt/ros/dashing/include/rclcpp/executor.hpp:33\x1b[m\x1b[K,\n'}
[7.050729] (ground_plane_estimator) StderrLine: {'line': b'                 from \x1b[01m\x1b[K/opt/ros/dashing/include/rclcpp/executors/multi_threaded_executor.hpp:24\x1b[m\x1b[K,\n'}
[7.050912] (ground_plane_estimator) StderrLine: {'line': b'                 from \x1b[01m\x1b[K/opt/ros/dashing/include/rclcpp/executors.hpp:21\x1b[m\x1b[K,\n'}
[7.051278] (ground_plane_estimator) StderrLine: {'line': b'                 from \x1b[01m\x1b[K/opt/ros/dashing/include/rclcpp/rclcpp.hpp:144\x1b[m\x1b[K,\n'}
[7.051671] (ground_plane_estimator) StderrLine: {'line': b'                 from \x1b[01m\x1b[K/home/turgay/dev_ws/src/ros2_robot/ground_plane_estimator/include/ground_plane_estimator/ground_plane_estimator_node.hpp:18\x1b[m\x1b[K,\n'}
[7.051865] (ground_plane_estimator) StderrLine: {'line': b'                 from \x1b[01m\x1b[K/home/turgay/dev_ws/src/ros2_robot/ground_plane_estimator/src/ground_plane_estimator_node.cpp:7\x1b[m\x1b[K:\n'}
[7.052046] (ground_plane_estimator) StderrLine: {'line': b'\x1b[01m\x1b[K/opt/ros/dashing/include/rclcpp/publisher.hpp:137:3:\x1b[m\x1b[K \x1b[01;36m\x1b[Knote: \x1b[m\x1b[Kdeclared here\n'}
[7.052224] (ground_plane_estimator) StderrLine: {'line': b'   \x1b[01;36m\x1b[Kpublish\x1b[m\x1b[K(const std::shared_ptr<const MessageT> & msg)\n'}
[7.052398] (ground_plane_estimator) StderrLine: {'line': b'   \x1b[01;36m\x1b[K^~~~~~~\x1b[m\x1b[K\n'}
[7.125549] (-) TimerEvent: {}
[7.226090] (-) TimerEvent: {}
[7.276353] (ground_plane_estimator) StderrLine: {'line': b'In file included from \x1b[01m\x1b[K/usr/include/c++/7/memory:80:0\x1b[m\x1b[K,\n'}
[7.278328] (ground_plane_estimator) StderrLine: {'line': b'                 from \x1b[01m\x1b[K/home/turgay/dev_ws/src/ros2_robot/ground_plane_estimator/src/ground_plane_estimator_node.cpp:4\x1b[m\x1b[K:\n'}
[7.278603] (ground_plane_estimator) StderrLine: {'line': b'/usr/include/c++/7/bits/unique_ptr.h: In instantiation of \xe2\x80\x98\x1b[01m\x1b[Ktypename std::_MakeUniq<_Tp>::__single_object std::make_unique(_Args&& ...) [with _Tp = message_filters::TimeSynchronizer<sensor_msgs::msg::Image_<std::allocator<void> >, sensor_msgs::msg::PointCloud2_<std::allocator<void> > >; _Args = {message_filters::sync_policies::ExactTime<sensor_msgs::msg::Image_<std::allocator<void> >, sensor_msgs::msg::PointCloud2_<std::allocator<void> >, message_filters::NullType, message_filters::NullType, message_filters::NullType, message_filters::NullType, message_filters::NullType, message_filters::NullType, message_filters::NullType>, message_filters::Subscriber<sensor_msgs::msg::Image_<std::allocator<void> > >&, message_filters::Subscriber<sensor_msgs::msg::PointCloud2_<std::allocator<void> > >&}; typename std::_MakeUniq<_Tp>::__single_object = std::unique_ptr<message_filters::TimeSynchronizer<sensor_msgs::msg::Image_<std::allocator<void> >, sensor_msgs::msg::PointCloud2_<std::allocator<void> > > >]\x1b[m\x1b[K\xe2\x80\x99:\n'}
[7.278845] (ground_plane_estimator) StderrLine: {'line': b'\x1b[01m\x1b[K/home/turgay/dev_ws/src/ros2_robot/ground_plane_estimator/src/ground_plane_estimator_node.cpp:34:83:\x1b[m\x1b[K   required from here\n'}
[7.279110] (ground_plane_estimator) StderrLine: {'line': b'\x1b[01m\x1b[K/usr/include/c++/7/bits/unique_ptr.h:821:30:\x1b[m\x1b[K \x1b[01;31m\x1b[Kerror: \x1b[m\x1b[Kno matching function for call to \xe2\x80\x98\x1b[01m\x1b[Kmessage_filters::TimeSynchronizer<sensor_msgs::msg::Image_<std::allocator<void> >, sensor_msgs::msg::PointCloud2_<std::allocator<void> > >::TimeSynchronizer(message_filters::sync_policies::ExactTime<sensor_msgs::msg::Image_<std::allocator<void> >, sensor_msgs::msg::PointCloud2_<std::allocator<void> > >, message_filters::Subscriber<sensor_msgs::msg::Image_<std::allocator<void> > >&, message_filters::Subscriber<sensor_msgs::msg::PointCloud2_<std::allocator<void> > >&)\x1b[m\x1b[K\xe2\x80\x99\n'}
[7.279346] (ground_plane_estimator) StderrLine: {'line': b'     { return unique_ptr<_Tp>(\x1b[01;31m\x1b[Knew _Tp(std::forward<_Args>(__args)...)\x1b[m\x1b[K); }\n'}
[7.279545] (ground_plane_estimator) StderrLine: {'line': b'                              \x1b[01;31m\x1b[K^~~~~~~~~~~~~~~~~~~~~~~~~~~~~~~~~~~~~~~\x1b[m\x1b[K\n'}
[7.279737] (ground_plane_estimator) StderrLine: {'line': b'In file included from \x1b[01m\x1b[K/home/turgay/dev_ws/src/ros2_robot/ground_plane_estimator/include/ground_plane_estimator/ground_plane_estimator_node.hpp:29:0\x1b[m\x1b[K,\n'}
[7.279930] (ground_plane_estimator) StderrLine: {'line': b'                 from \x1b[01m\x1b[K/home/turgay/dev_ws/src/ros2_robot/ground_plane_estimator/src/ground_plane_estimator_node.cpp:7\x1b[m\x1b[K:\n'}
[7.280121] (ground_plane_estimator) StderrLine: {'line': b'\x1b[01m\x1b[K/opt/ros/dashing/include/message_filters/time_synchronizer.h:170:3:\x1b[m\x1b[K \x1b[01;36m\x1b[Knote: \x1b[m\x1b[Kcandidate: message_filters::TimeSynchronizer<M0, M1, M2, M3, M4, M5, M6, M7, M8>::TimeSynchronizer(uint32_t) [with M0 = sensor_msgs::msg::Image_<std::allocator<void> >; M1 = sensor_msgs::msg::PointCloud2_<std::allocator<void> >; M2 = message_filters::NullType; M3 = message_filters::NullType; M4 = message_filters::NullType; M5 = message_filters::NullType; M6 = message_filters::NullType; M7 = message_filters::NullType; M8 = message_filters::NullType; uint32_t = unsigned int]\n'}
[7.280321] (ground_plane_estimator) StderrLine: {'line': b'   \x1b[01;36m\x1b[KTimeSynchronizer\x1b[m\x1b[K(uint32_t queue_size)\n'}
[7.280526] (ground_plane_estimator) StderrLine: {'line': b'   \x1b[01;36m\x1b[K^~~~~~~~~~~~~~~~\x1b[m\x1b[K\n'}
[7.280718] (ground_plane_estimator) StderrLine: {'line': b'\x1b[01m\x1b[K/opt/ros/dashing/include/message_filters/time_synchronizer.h:170:3:\x1b[m\x1b[K \x1b[01;36m\x1b[Knote: \x1b[m\x1b[K  candidate expects 1 argument, 3 provided\n'}
[7.281007] (ground_plane_estimator) StderrLine: {'line': b'\x1b[01m\x1b[K/opt/ros/dashing/include/message_filters/time_synchronizer.h:164:3:\x1b[m\x1b[K \x1b[01;36m\x1b[Knote: \x1b[m\x1b[Kcandidate: template<class F0, class F1, class F2, class F3, class F4, class F5, class F6, class F7, class F8> message_filters::TimeSynchronizer<M0, M1, M2, M3, M4, M5, M6, M7, M8>::TimeSynchronizer(F0&, F1&, F2&, F3&, F4&, F5&, F6&, F7&, F8&, uint32_t)\n'}
[7.281268] (ground_plane_estimator) StderrLine: {'line': b'   \x1b[01;36m\x1b[KTimeSynchronizer\x1b[m\x1b[K(F0& f0, F1& f1, F2& f2, F3& f3, F4& f4, F5& f5, F6& f6, F7& f7, F8& f8, uint32_t queue_size)\n'}
[7.281477] (ground_plane_estimator) StderrLine: {'line': b'   \x1b[01;36m\x1b[K^~~~~~~~~~~~~~~~\x1b[m\x1b[K\n'}
[7.281667] (ground_plane_estimator) StderrLine: {'line': b'\x1b[01m\x1b[K/opt/ros/dashing/include/message_filters/time_synchronizer.h:164:3:\x1b[m\x1b[K \x1b[01;36m\x1b[Knote: \x1b[m\x1b[K  template argument deduction/substitution failed:\n'}
[7.281858] (ground_plane_estimator) StderrLine: {'line': b'In file included from \x1b[01m\x1b[K/usr/include/c++/7/memory:80:0\x1b[m\x1b[K,\n'}
[7.282045] (ground_plane_estimator) StderrLine: {'line': b'                 from \x1b[01m\x1b[K/home/turgay/dev_ws/src/ros2_robot/ground_plane_estimator/src/ground_plane_estimator_node.cpp:4\x1b[m\x1b[K:\n'}
[7.282245] (ground_plane_estimator) StderrLine: {'line': b'\x1b[01m\x1b[K/usr/include/c++/7/bits/unique_ptr.h:821:30:\x1b[m\x1b[K \x1b[01;36m\x1b[Knote: \x1b[m\x1b[K  candidate expects 10 arguments, 3 provided\n'}
[7.282439] (ground_plane_estimator) StderrLine: {'line': b'     { return unique_ptr<_Tp>(\x1b[01;36m\x1b[Knew _Tp(std::forward<_Args>(__args)...)\x1b[m\x1b[K); }\n'}
[7.282626] (ground_plane_estimator) StderrLine: {'line': b'                              \x1b[01;36m\x1b[K^~~~~~~~~~~~~~~~~~~~~~~~~~~~~~~~~~~~~~~\x1b[m\x1b[K\n'}
[7.282811] (ground_plane_estimator) StderrLine: {'line': b'In file included from \x1b[01m\x1b[K/home/turgay/dev_ws/src/ros2_robot/ground_plane_estimator/include/ground_plane_estimator/ground_plane_estimator_node.hpp:29:0\x1b[m\x1b[K,\n'}
[7.282997] (ground_plane_estimator) StderrLine: {'line': b'                 from \x1b[01m\x1b[K/home/turgay/dev_ws/src/ros2_robot/ground_plane_estimator/src/ground_plane_estimator_node.cpp:7\x1b[m\x1b[K:\n'}
[7.283184] (ground_plane_estimator) StderrLine: {'line': b'\x1b[01m\x1b[K/opt/ros/dashing/include/message_filters/time_synchronizer.h:157:3:\x1b[m\x1b[K \x1b[01;36m\x1b[Knote: \x1b[m\x1b[Kcandidate: template<class F0, class F1, class F2, class F3, class F4, class F5, class F6, class F7> message_filters::TimeSynchronizer<M0, M1, M2, M3, M4, M5, M6, M7, M8>::TimeSynchronizer(F0&, F1&, F2&, F3&, F4&, F5&, F6&, F7&, uint32_t)\n'}
[7.283413] (ground_plane_estimator) StderrLine: {'line': b'   \x1b[01;36m\x1b[KTimeSynchronizer\x1b[m\x1b[K(F0& f0, F1& f1, F2& f2, F3& f3, F4& f4, F5& f5, F6& f6, F7& f7, uint32_t queue_size)\n'}
[7.283626] (ground_plane_estimator) StderrLine: {'line': b'   \x1b[01;36m\x1b[K^~~~~~~~~~~~~~~~\x1b[m\x1b[K\n'}
[7.283816] (ground_plane_estimator) StderrLine: {'line': b'\x1b[01m\x1b[K/opt/ros/dashing/include/message_filters/time_synchronizer.h:157:3:\x1b[m\x1b[K \x1b[01;36m\x1b[Knote: \x1b[m\x1b[K  template argument deduction/substitution failed:\n'}
[7.284005] (ground_plane_estimator) StderrLine: {'line': b'In file included from \x1b[01m\x1b[K/usr/include/c++/7/memory:80:0\x1b[m\x1b[K,\n'}
[7.284192] (ground_plane_estimator) StderrLine: {'line': b'                 from \x1b[01m\x1b[K/home/turgay/dev_ws/src/ros2_robot/ground_plane_estimator/src/ground_plane_estimator_node.cpp:4\x1b[m\x1b[K:\n'}
[7.284398] (ground_plane_estimator) StderrLine: {'line': b'\x1b[01m\x1b[K/usr/include/c++/7/bits/unique_ptr.h:821:30:\x1b[m\x1b[K \x1b[01;36m\x1b[Knote: \x1b[m\x1b[K  candidate expects 9 arguments, 3 provided\n'}
[7.284722] (ground_plane_estimator) StderrLine: {'line': b'     { return unique_ptr<_Tp>(\x1b[01;36m\x1b[Knew _Tp(std::forward<_Args>(__args)...)\x1b[m\x1b[K); }\n'}
[7.285222] (ground_plane_estimator) StderrLine: {'line': b'                              \x1b[01;36m\x1b[K^~~~~~~~~~~~~~~~~~~~~~~~~~~~~~~~~~~~~~~\x1b[m\x1b[K\n'}
[7.285538] (ground_plane_estimator) StderrLine: {'line': b'In file included from \x1b[01m\x1b[K/home/turgay/dev_ws/src/ros2_robot/ground_plane_estimator/include/ground_plane_estimator/ground_plane_estimator_node.hpp:29:0\x1b[m\x1b[K,\n'}
[7.285743] (ground_plane_estimator) StderrLine: {'line': b'                 from \x1b[01m\x1b[K/home/turgay/dev_ws/src/ros2_robot/ground_plane_estimator/src/ground_plane_estimator_node.cpp:7\x1b[m\x1b[K:\n'}
[7.285936] (ground_plane_estimator) StderrLine: {'line': b'\x1b[01m\x1b[K/opt/ros/dashing/include/message_filters/time_synchronizer.h:150:3:\x1b[m\x1b[K \x1b[01;36m\x1b[Knote: \x1b[m\x1b[Kcandidate: template<class F0, class F1, class F2, class F3, class F4, class F5, class F6> message_filters::TimeSynchronizer<M0, M1, M2, M3, M4, M5, M6, M7, M8>::TimeSynchronizer(F0&, F1&, F2&, F3&, F4&, F5&, F6&, uint32_t)\n'}
[7.286281] (ground_plane_estimator) StderrLine: {'line': b'   \x1b[01;36m\x1b[KTimeSynchronizer\x1b[m\x1b[K(F0& f0, F1& f1, F2& f2, F3& f3, F4& f4, F5& f5, F6& f6, uint32_t queue_size)\n'}
[7.286710] (ground_plane_estimator) StderrLine: {'line': b'   \x1b[01;36m\x1b[K^~~~~~~~~~~~~~~~\x1b[m\x1b[K\n'}
[7.287136] (ground_plane_estimator) StderrLine: {'line': b'\x1b[01m\x1b[K/opt/ros/dashing/include/message_filters/time_synchronizer.h:150:3:\x1b[m\x1b[K \x1b[01;36m\x1b[Knote: \x1b[m\x1b[K  template argument deduction/substitution failed:\n'}
[7.287371] (ground_plane_estimator) StderrLine: {'line': b'In file included from \x1b[01m\x1b[K/usr/include/c++/7/memory:80:0\x1b[m\x1b[K,\n'}
[7.287586] (ground_plane_estimator) StderrLine: {'line': b'                 from \x1b[01m\x1b[K/home/turgay/dev_ws/src/ros2_robot/ground_plane_estimator/src/ground_plane_estimator_node.cpp:4\x1b[m\x1b[K:\n'}
[7.287912] (ground_plane_estimator) StderrLine: {'line': b'\x1b[01m\x1b[K/usr/include/c++/7/bits/unique_ptr.h:821:30:\x1b[m\x1b[K \x1b[01;36m\x1b[Knote: \x1b[m\x1b[K  candidate expects 8 arguments, 3 provided\n'}
[7.288150] (ground_plane_estimator) StderrLine: {'line': b'     { return unique_ptr<_Tp>(\x1b[01;36m\x1b[Knew _Tp(std::forward<_Args>(__args)...)\x1b[m\x1b[K); }\n'}
[7.288346] (ground_plane_estimator) StderrLine: {'line': b'                              \x1b[01;36m\x1b[K^~~~~~~~~~~~~~~~~~~~~~~~~~~~~~~~~~~~~~~\x1b[m\x1b[K\n'}
[7.288538] (ground_plane_estimator) StderrLine: {'line': b'In file included from \x1b[01m\x1b[K/home/turgay/dev_ws/src/ros2_robot/ground_plane_estimator/include/ground_plane_estimator/ground_plane_estimator_node.hpp:29:0\x1b[m\x1b[K,\n'}
[7.288729] (ground_plane_estimator) StderrLine: {'line': b'                 from \x1b[01m\x1b[K/home/turgay/dev_ws/src/ros2_robot/ground_plane_estimator/src/ground_plane_estimator_node.cpp:7\x1b[m\x1b[K:\n'}
[7.288918] (ground_plane_estimator) StderrLine: {'line': b'\x1b[01m\x1b[K/opt/ros/dashing/include/message_filters/time_synchronizer.h:143:3:\x1b[m\x1b[K \x1b[01;36m\x1b[Knote: \x1b[m\x1b[Kcandidate: template<class F0, class F1, class F2, class F3, class F4, class F5> message_filters::TimeSynchronizer<M0, M1, M2, M3, M4, M5, M6, M7, M8>::TimeSynchronizer(F0&, F1&, F2&, F3&, F4&, F5&, uint32_t)\n'}
[7.289145] (ground_plane_estimator) StderrLine: {'line': b'   \x1b[01;36m\x1b[KTimeSynchronizer\x1b[m\x1b[K(F0& f0, F1& f1, F2& f2, F3& f3, F4& f4, F5& f5, uint32_t queue_size)\n'}
[7.289358] (ground_plane_estimator) StderrLine: {'line': b'   \x1b[01;36m\x1b[K^~~~~~~~~~~~~~~~\x1b[m\x1b[K\n'}
[7.289549] (ground_plane_estimator) StderrLine: {'line': b'\x1b[01m\x1b[K/opt/ros/dashing/include/message_filters/time_synchronizer.h:143:3:\x1b[m\x1b[K \x1b[01;36m\x1b[Knote: \x1b[m\x1b[K  template argument deduction/substitution failed:\n'}
[7.289739] (ground_plane_estimator) StderrLine: {'line': b'In file included from \x1b[01m\x1b[K/usr/include/c++/7/memory:80:0\x1b[m\x1b[K,\n'}
[7.289926] (ground_plane_estimator) StderrLine: {'line': b'                 from \x1b[01m\x1b[K/home/turgay/dev_ws/src/ros2_robot/ground_plane_estimator/src/ground_plane_estimator_node.cpp:4\x1b[m\x1b[K:\n'}
[7.290127] (ground_plane_estimator) StderrLine: {'line': b'\x1b[01m\x1b[K/usr/include/c++/7/bits/unique_ptr.h:821:30:\x1b[m\x1b[K \x1b[01;36m\x1b[Knote: \x1b[m\x1b[K  candidate expects 7 arguments, 3 provided\n'}
[7.290315] (ground_plane_estimator) StderrLine: {'line': b'     { return unique_ptr<_Tp>(\x1b[01;36m\x1b[Knew _Tp(std::forward<_Args>(__args)...)\x1b[m\x1b[K); }\n'}
[7.290634] (ground_plane_estimator) StderrLine: {'line': b'                              \x1b[01;36m\x1b[K^~~~~~~~~~~~~~~~~~~~~~~~~~~~~~~~~~~~~~~\x1b[m\x1b[K\n'}
[7.290891] (ground_plane_estimator) StderrLine: {'line': b'In file included from \x1b[01m\x1b[K/home/turgay/dev_ws/src/ros2_robot/ground_plane_estimator/include/ground_plane_estimator/ground_plane_estimator_node.hpp:29:0\x1b[m\x1b[K,\n'}
[7.291089] (ground_plane_estimator) StderrLine: {'line': b'                 from \x1b[01m\x1b[K/home/turgay/dev_ws/src/ros2_robot/ground_plane_estimator/src/ground_plane_estimator_node.cpp:7\x1b[m\x1b[K:\n'}
[7.291279] (ground_plane_estimator) StderrLine: {'line': b'\x1b[01m\x1b[K/opt/ros/dashing/include/message_filters/time_synchronizer.h:136:3:\x1b[m\x1b[K \x1b[01;36m\x1b[Knote: \x1b[m\x1b[Kcandidate: template<class F0, class F1, class F2, class F3, class F4> message_filters::TimeSynchronizer<M0, M1, M2, M3, M4, M5, M6, M7, M8>::TimeSynchronizer(F0&, F1&, F2&, F3&, F4&, uint32_t)\n'}
[7.291487] (ground_plane_estimator) StderrLine: {'line': b'   \x1b[01;36m\x1b[KTimeSynchronizer\x1b[m\x1b[K(F0& f0, F1& f1, F2& f2, F3& f3, F4& f4, uint32_t queue_size)\n'}
[7.291694] (ground_plane_estimator) StderrLine: {'line': b'   \x1b[01;36m\x1b[K^~~~~~~~~~~~~~~~\x1b[m\x1b[K\n'}
[7.291885] (ground_plane_estimator) StderrLine: {'line': b'\x1b[01m\x1b[K/opt/ros/dashing/include/message_filters/time_synchronizer.h:136:3:\x1b[m\x1b[K \x1b[01;36m\x1b[Knote: \x1b[m\x1b[K  template argument deduction/substitution failed:\n'}
[7.292073] (ground_plane_estimator) StderrLine: {'line': b'In file included from \x1b[01m\x1b[K/usr/include/c++/7/memory:80:0\x1b[m\x1b[K,\n'}
[7.292261] (ground_plane_estimator) StderrLine: {'line': b'                 from \x1b[01m\x1b[K/home/turgay/dev_ws/src/ros2_robot/ground_plane_estimator/src/ground_plane_estimator_node.cpp:4\x1b[m\x1b[K:\n'}
[7.292448] (ground_plane_estimator) StderrLine: {'line': b'\x1b[01m\x1b[K/usr/include/c++/7/bits/unique_ptr.h:821:30:\x1b[m\x1b[K \x1b[01;36m\x1b[Knote: \x1b[m\x1b[K  candidate expects 6 arguments, 3 provided\n'}
[7.292634] (ground_plane_estimator) StderrLine: {'line': b'     { return unique_ptr<_Tp>(\x1b[01;36m\x1b[Knew _Tp(std::forward<_Args>(__args)...)\x1b[m\x1b[K); }\n'}
[7.292819] (ground_plane_estimator) StderrLine: {'line': b'                              \x1b[01;36m\x1b[K^~~~~~~~~~~~~~~~~~~~~~~~~~~~~~~~~~~~~~~\x1b[m\x1b[K\n'}
[7.293076] (ground_plane_estimator) StderrLine: {'line': b'In file included from \x1b[01m\x1b[K/home/turgay/dev_ws/src/ros2_robot/ground_plane_estimator/include/ground_plane_estimator/ground_plane_estimator_node.hpp:29:0\x1b[m\x1b[K,\n'}
[7.293286] (ground_plane_estimator) StderrLine: {'line': b'                 from \x1b[01m\x1b[K/home/turgay/dev_ws/src/ros2_robot/ground_plane_estimator/src/ground_plane_estimator_node.cpp:7\x1b[m\x1b[K:\n'}
[7.293377] (ground_plane_estimator) StderrLine: {'line': b'\x1b[01m\x1b[K/opt/ros/dashing/include/message_filters/time_synchronizer.h:129:3:\x1b[m\x1b[K \x1b[01;36m\x1b[Knote: \x1b[m\x1b[Kcandidate: template<class F0, class F1, class F2, class F3> message_filters::TimeSynchronizer<M0, M1, M2, M3, M4, M5, M6, M7, M8>::TimeSynchronizer(F0&, F1&, F2&, F3&, uint32_t)\n'}
[7.293465] (ground_plane_estimator) StderrLine: {'line': b'   \x1b[01;36m\x1b[KTimeSynchronizer\x1b[m\x1b[K(F0& f0, F1& f1, F2& f2, F3& f3, uint32_t queue_size)\n'}
[7.293540] (ground_plane_estimator) StderrLine: {'line': b'   \x1b[01;36m\x1b[K^~~~~~~~~~~~~~~~\x1b[m\x1b[K\n'}
[7.293612] (ground_plane_estimator) StderrLine: {'line': b'\x1b[01m\x1b[K/opt/ros/dashing/include/message_filters/time_synchronizer.h:129:3:\x1b[m\x1b[K \x1b[01;36m\x1b[Knote: \x1b[m\x1b[K  template argument deduction/substitution failed:\n'}
[7.293691] (ground_plane_estimator) StderrLine: {'line': b'In file included from \x1b[01m\x1b[K/usr/include/c++/7/memory:80:0\x1b[m\x1b[K,\n'}
[7.293763] (ground_plane_estimator) StderrLine: {'line': b'                 from \x1b[01m\x1b[K/home/turgay/dev_ws/src/ros2_robot/ground_plane_estimator/src/ground_plane_estimator_node.cpp:4\x1b[m\x1b[K:\n'}
[7.293836] (ground_plane_estimator) StderrLine: {'line': b'\x1b[01m\x1b[K/usr/include/c++/7/bits/unique_ptr.h:821:30:\x1b[m\x1b[K \x1b[01;36m\x1b[Knote: \x1b[m\x1b[K  candidate expects 5 arguments, 3 provided\n'}
[7.293909] (ground_plane_estimator) StderrLine: {'line': b'     { return unique_ptr<_Tp>(\x1b[01;36m\x1b[Knew _Tp(std::forward<_Args>(__args)...)\x1b[m\x1b[K); }\n'}
[7.293982] (ground_plane_estimator) StderrLine: {'line': b'                              \x1b[01;36m\x1b[K^~~~~~~~~~~~~~~~~~~~~~~~~~~~~~~~~~~~~~~\x1b[m\x1b[K\n'}
[7.294055] (ground_plane_estimator) StderrLine: {'line': b'In file included from \x1b[01m\x1b[K/home/turgay/dev_ws/src/ros2_robot/ground_plane_estimator/include/ground_plane_estimator/ground_plane_estimator_node.hpp:29:0\x1b[m\x1b[K,\n'}
[7.294128] (ground_plane_estimator) StderrLine: {'line': b'                 from \x1b[01m\x1b[K/home/turgay/dev_ws/src/ros2_robot/ground_plane_estimator/src/ground_plane_estimator_node.cpp:7\x1b[m\x1b[K:\n'}
[7.294205] (ground_plane_estimator) StderrLine: {'line': b'\x1b[01m\x1b[K/opt/ros/dashing/include/message_filters/time_synchronizer.h:122:3:\x1b[m\x1b[K \x1b[01;36m\x1b[Knote: \x1b[m\x1b[Kcandidate: template<class F0, class F1, class F2> message_filters::TimeSynchronizer<M0, M1, M2, M3, M4, M5, M6, M7, M8>::TimeSynchronizer(F0&, F1&, F2&, uint32_t)\n'}
[7.294282] (ground_plane_estimator) StderrLine: {'line': b'   \x1b[01;36m\x1b[KTimeSynchronizer\x1b[m\x1b[K(F0& f0, F1& f1, F2& f2, uint32_t queue_size)\n'}
[7.294353] (ground_plane_estimator) StderrLine: {'line': b'   \x1b[01;36m\x1b[K^~~~~~~~~~~~~~~~\x1b[m\x1b[K\n'}
[7.294424] (ground_plane_estimator) StderrLine: {'line': b'\x1b[01m\x1b[K/opt/ros/dashing/include/message_filters/time_synchronizer.h:122:3:\x1b[m\x1b[K \x1b[01;36m\x1b[Knote: \x1b[m\x1b[K  template argument deduction/substitution failed:\n'}
[7.294497] (ground_plane_estimator) StderrLine: {'line': b'In file included from \x1b[01m\x1b[K/usr/include/c++/7/memory:80:0\x1b[m\x1b[K,\n'}
[7.294569] (ground_plane_estimator) StderrLine: {'line': b'                 from \x1b[01m\x1b[K/home/turgay/dev_ws/src/ros2_robot/ground_plane_estimator/src/ground_plane_estimator_node.cpp:4\x1b[m\x1b[K:\n'}
[7.294641] (ground_plane_estimator) StderrLine: {'line': b'\x1b[01m\x1b[K/usr/include/c++/7/bits/unique_ptr.h:821:30:\x1b[m\x1b[K \x1b[01;36m\x1b[Knote: \x1b[m\x1b[K  candidate expects 4 arguments, 3 provided\n'}
[7.294714] (ground_plane_estimator) StderrLine: {'line': b'     { return unique_ptr<_Tp>(\x1b[01;36m\x1b[Knew _Tp(std::forward<_Args>(__args)...)\x1b[m\x1b[K); }\n'}
[7.294787] (ground_plane_estimator) StderrLine: {'line': b'                              \x1b[01;36m\x1b[K^~~~~~~~~~~~~~~~~~~~~~~~~~~~~~~~~~~~~~~\x1b[m\x1b[K\n'}
[7.294860] (ground_plane_estimator) StderrLine: {'line': b'In file included from \x1b[01m\x1b[K/home/turgay/dev_ws/src/ros2_robot/ground_plane_estimator/include/ground_plane_estimator/ground_plane_estimator_node.hpp:29:0\x1b[m\x1b[K,\n'}
[7.294932] (ground_plane_estimator) StderrLine: {'line': b'                 from \x1b[01m\x1b[K/home/turgay/dev_ws/src/ros2_robot/ground_plane_estimator/src/ground_plane_estimator_node.cpp:7\x1b[m\x1b[K:\n'}
[7.295003] (ground_plane_estimator) StderrLine: {'line': b'\x1b[01m\x1b[K/opt/ros/dashing/include/message_filters/time_synchronizer.h:115:3:\x1b[m\x1b[K \x1b[01;36m\x1b[Knote: \x1b[m\x1b[Kcandidate: template<class F0, class F1> message_filters::TimeSynchronizer<M0, M1, M2, M3, M4, M5, M6, M7, M8>::TimeSynchronizer(F0&, F1&, uint32_t)\n'}
[7.295082] (ground_plane_estimator) StderrLine: {'line': b'   \x1b[01;36m\x1b[KTimeSynchronizer\x1b[m\x1b[K(F0& f0, F1& f1, uint32_t queue_size)\n'}
[7.295161] (ground_plane_estimator) StderrLine: {'line': b'   \x1b[01;36m\x1b[K^~~~~~~~~~~~~~~~\x1b[m\x1b[K\n'}
[7.295233] (ground_plane_estimator) StderrLine: {'line': b'\x1b[01m\x1b[K/opt/ros/dashing/include/message_filters/time_synchronizer.h:115:3:\x1b[m\x1b[K \x1b[01;36m\x1b[Knote: \x1b[m\x1b[K  template argument deduction/substitution failed:\n'}
[7.295306] (ground_plane_estimator) StderrLine: {'line': b'In file included from \x1b[01m\x1b[K/usr/include/c++/7/memory:80:0\x1b[m\x1b[K,\n'}
[7.295378] (ground_plane_estimator) StderrLine: {'line': b'                 from \x1b[01m\x1b[K/home/turgay/dev_ws/src/ros2_robot/ground_plane_estimator/src/ground_plane_estimator_node.cpp:4\x1b[m\x1b[K:\n'}
[7.295451] (ground_plane_estimator) StderrLine: {'line': b'\x1b[01m\x1b[K/usr/include/c++/7/bits/unique_ptr.h:821:30:\x1b[m\x1b[K \x1b[01;36m\x1b[Knote: \x1b[m\x1b[K  cannot convert \xe2\x80\x98\x1b[01m\x1b[Kstd::forward<message_filters::Subscriber<sensor_msgs::msg::PointCloud2_<std::allocator<void> > >&>((* & __args#2))\x1b[m\x1b[K\xe2\x80\x99 (type \xe2\x80\x98\x1b[01m\x1b[Kmessage_filters::Subscriber<sensor_msgs::msg::PointCloud2_<std::allocator<void> > >\x1b[m\x1b[K\xe2\x80\x99) to type \xe2\x80\x98\x1b[01m\x1b[Kuint32_t {aka unsigned int}\x1b[m\x1b[K\xe2\x80\x99\n'}
[7.295532] (ground_plane_estimator) StderrLine: {'line': b'     { return unique_ptr<_Tp>(\x1b[01;36m\x1b[Knew _Tp(std::forward<_Args>(__args)...)\x1b[m\x1b[K); }\n'}
[7.295604] (ground_plane_estimator) StderrLine: {'line': b'                              \x1b[01;36m\x1b[K^~~~~~~~~~~~~~~~~~~~~~~~~~~~~~~~~~~~~~~\x1b[m\x1b[K\n'}
[7.326213] (-) TimerEvent: {}
[7.426568] (-) TimerEvent: {}
[7.526999] (-) TimerEvent: {}
[7.627483] (-) TimerEvent: {}
[7.727942] (-) TimerEvent: {}
[7.828429] (-) TimerEvent: {}
[7.928882] (-) TimerEvent: {}
[8.029294] (-) TimerEvent: {}
[8.129760] (-) TimerEvent: {}
[8.230267] (-) TimerEvent: {}
[8.330742] (-) TimerEvent: {}
[8.431169] (-) TimerEvent: {}
[8.531679] (-) TimerEvent: {}
[8.632176] (-) TimerEvent: {}
[8.662513] (ground_plane_estimator) StderrLine: {'line': b'In file included from \x1b[01m\x1b[K/usr/include/pcl-1.8/pcl/sample_consensus/sac_model.h:52:0\x1b[m\x1b[K,\n'}
[8.662917] (ground_plane_estimator) StderrLine: {'line': b'                 from \x1b[01m\x1b[K/usr/include/pcl-1.8/pcl/sample_consensus/sac.h:45\x1b[m\x1b[K,\n'}
[8.663139] (ground_plane_estimator) StderrLine: {'line': b'                 from \x1b[01m\x1b[K/usr/include/pcl-1.8/pcl/segmentation/sac_segmentation.h:49\x1b[m\x1b[K,\n'}
[8.663340] (ground_plane_estimator) StderrLine: {'line': b'                 from \x1b[01m\x1b[K/home/turgay/dev_ws/src/ros2_robot/ground_plane_estimator/include/ground_plane_estimator/ground_plane_estimator_node.hpp:39\x1b[m\x1b[K,\n'}
[8.663534] (ground_plane_estimator) StderrLine: {'line': b'                 from \x1b[01m\x1b[K/home/turgay/dev_ws/src/ros2_robot/ground_plane_estimator/src/ground_plane_estimator_node.cpp:7\x1b[m\x1b[K:\n'}
[8.663724] (ground_plane_estimator) StderrLine: {'line': b'\x1b[01m\x1b[K/usr/include/pcl-1.8/pcl/sample_consensus/model_types.h:\x1b[m\x1b[K In function \xe2\x80\x98\x1b[01m\x1b[Kvoid __static_initialization_and_destruction_0(int, int)\x1b[m\x1b[K\xe2\x80\x99:\n'}
[8.663919] (ground_plane_estimator) StderrLine: {'line': b'\x1b[01m\x1b[K/usr/include/pcl-1.8/pcl/sample_consensus/model_types.h:99:3:\x1b[m\x1b[K \x1b[01;35m\x1b[Kwarning: \x1b[m\x1b[K\xe2\x80\x98\x1b[01m\x1b[Kpcl::SAC_SAMPLE_SIZE\x1b[m\x1b[K\xe2\x80\x99 is deprecated: This map is deprecated and is kept only to prevent breaking existing user code. Starting from PCL 1.8.0 model sample size is a protected member of the SampleConsensusModel class [\x1b[01;35m\x1b[K-Wdeprecated-declarations\x1b[m\x1b[K]\n'}
[8.664118] (ground_plane_estimator) StderrLine: {'line': b'   \x1b[01;35m\x1b[KSAC_SAMPLE_SIZE\x1b[m\x1b[K (sample_size_pairs, sample_size_pairs + sizeof (sample_size_pairs) / sizeof (SampleSizeModel));\n'}
[8.664361] (ground_plane_estimator) StderrLine: {'line': b'   \x1b[01;35m\x1b[K^~~~~~~~~~~~~~~\x1b[m\x1b[K\n'}
[8.664643] (ground_plane_estimator) StderrLine: {'line': b'\x1b[01m\x1b[K/usr/include/pcl-1.8/pcl/sample_consensus/model_types.h:99:3:\x1b[m\x1b[K \x1b[01;36m\x1b[Knote: \x1b[m\x1b[Kdeclared here\n'}
[8.732338] (-) TimerEvent: {}
[8.832812] (-) TimerEvent: {}
[8.933317] (-) TimerEvent: {}
[9.033803] (-) TimerEvent: {}
[9.134251] (-) TimerEvent: {}
[9.146957] (ground_plane_estimator) StderrLine: {'line': b'make[2]: *** [CMakeFiles/ground_plane_estimator_node.dir/src/ground_plane_estimator_node.cpp.o] Error 1\n'}
[9.147450] (ground_plane_estimator) StdoutLine: {'line': b"CMakeFiles/ground_plane_estimator_node.dir/build.make:62: recipe for target 'CMakeFiles/ground_plane_estimator_node.dir/src/ground_plane_estimator_node.cpp.o' failed\n"}
[9.147815] (ground_plane_estimator) StdoutLine: {'line': b"CMakeFiles/Makefile2:67: recipe for target 'CMakeFiles/ground_plane_estimator_node.dir/all' failed\n"}
[9.148039] (ground_plane_estimator) StderrLine: {'line': b'make[1]: *** [CMakeFiles/ground_plane_estimator_node.dir/all] Error 2\n'}
[9.148239] (ground_plane_estimator) StderrLine: {'line': b'make: *** [all] Error 2\n'}
[9.148433] (ground_plane_estimator) StdoutLine: {'line': b"Makefile:140: recipe for target 'all' failed\n"}
[9.150184] (ground_plane_estimator) CommandEnded: {'returncode': 2}
[9.151284] (ground_plane_estimator) JobEnded: {'identifier': 'ground_plane_estimator', 'rc': 2}
[9.161965] (-) EventReactorShutdown: {}
