[0.000000] (-) TimerEvent: {}
[0.000316] (-) JobUnselected: {'identifier': 'realsense_t265_node'}
[0.000631] (-) JobUnselected: {'identifier': 'realsense_t265_ros'}
[0.000974] (-) JobUnselected: {'identifier': 'remote_control'}
[0.001042] (-) JobUnselected: {'identifier': 'simple_gps'}
[0.001096] (ground_plane_estimator) JobQueued: {'identifier': 'ground_plane_estimator', 'dependencies': OrderedDict()}
[0.001133] (ground_plane_estimator) JobStarted: {'identifier': 'ground_plane_estimator'}
[0.092934] (ground_plane_estimator) JobProgress: {'identifier': 'ground_plane_estimator', 'progress': 'cmake'}
[0.099778] (-) TimerEvent: {}
[0.159309] (ground_plane_estimator) JobProgress: {'identifier': 'ground_plane_estimator', 'progress': 'build'}
[0.160787] (ground_plane_estimator) Command: {'cmd': ['/usr/bin/cmake', '--build', '/home/turgay/dev_ws/src/ros2_robot/build/ground_plane_estimator', '--', '-j12', '-l12'], 'cwd': '/home/turgay/dev_ws/src/ros2_robot/build/ground_plane_estimator', 'env': OrderedDict([('GJS_DEBUG_TOPICS', 'JS ERROR;JS LOG'), ('LESSOPEN', '| /usr/bin/lesspipe %s'), ('USER', 'turgay'), ('LIBVA_DRIVERS_PATH', '/opt/intel/mediasdk/lib64'), ('TEXTDOMAIN', 'im-config'), ('XDG_SEAT', 'seat0'), ('SSH_AGENT_PID', '1818'), ('XDG_SESSION_TYPE', 'x11'), ('SHLVL', '2'), ('LD_LIBRARY_PATH', '/opt/robot_devkit/tools/rtmonitor/lib:/opt/robot_devkit/tools/rtmonitor_msgs/lib:/opt/robot_devkit/tools/perf_msgs/lib:/opt/robot_devkit/perception/dynamic_vino_lib/lib:/opt/robot_devkit/perception/vino_param_lib/lib:/opt/robot_devkit/perception/robot_interface/lib:/opt/robot_devkit/perception/realsense_ros/lib:/opt/robot_devkit/perception/realsense_msgs/lib:/opt/robot_devkit/perception/pipeline_srv_msgs/lib:/opt/robot_devkit/perception/grasp_ros2/lib:/opt/robot_devkit/perception/people_msgs/lib:/opt/robot_devkit/perception/object_analytics_node/lib:/opt/robot_devkit/perception/object_analytics_msgs/lib:/opt/robot_devkit/perception/moveit_msgs/lib:/opt/robot_devkit/perception/handeye_tf_service/lib:/opt/robot_devkit/perception/grasp_msgs/lib:/opt/ros/dashing/opt/yaml_cpp_vendor/lib:/opt/ros/dashing/opt/rviz_ogre_vendor/lib:/opt/ros/dashing/lib'), ('QT4_IM_MODULE', 'xim'), ('HOME', '/home/turgay'), ('CHROME_DESKTOP', 'code-url-handler.desktop'), ('DESKTOP_SESSION', 'ubuntu'), ('TERM_PROGRAM_VERSION', '1.44.2'), ('GIO_LAUNCHED_DESKTOP_FILE', '/var/lib/snapd/desktop/applications/code_code.desktop'), ('GNOME_SHELL_SESSION_MODE', 'ubuntu'), ('GTK_MODULES', 'gail:atk-bridge'), ('APPLICATION_INSIGHTS_NO_DIAGNOSTIC_CHANNEL', 'true'), ('ROS_PYTHON_VERSION', '3'), ('DBUS_SESSION_BUS_ADDRESS', 'unix:path=/run/user/1000/bus'), ('GIO_LAUNCHED_DESKTOP_FILE_PID', '4752'), ('COLORTERM', 'truecolor'), ('IM_CONFIG_PHASE', '2'), ('COLCON_PREFIX_PATH', '/opt/robot_devkit/tools:/opt/robot_devkit/perception'), ('ROS_DISTRO', 'dashing'), ('LOGNAME', 'turgay'), ('GTK_IM_MODULE', 'ibus'), ('_', '/snap/code/31/usr/share/code/code'), ('ROS_VERSION', '2'), ('USERNAME', 'turgay'), ('XDG_SESSION_ID', '1'), ('TERM', 'xterm-256color'), ('GNOME_DESKTOP_SESSION_ID', 'this-is-deprecated'), ('WINDOWPATH', '1'), ('PATH', '/home/turgay/.local/bin:/opt/robot_devkit/perception/recognize_pick/bin:/opt/robot_devkit/perception/random_pick/bin:/opt/robot_devkit/perception/fixed_position_pick/bin:/opt/robot_devkit/perception/draw_x/bin:/opt/robot_devkit/perception/realsense_node/bin:/opt/robot_devkit/perception/grasp_ros2/bin:/opt/robot_devkit/perception/handeye_dashboard/bin:/opt/ros/dashing/bin:/home/turgay/.local/bin:/usr/local/sbin:/usr/local/bin:/usr/sbin:/usr/bin:/sbin:/bin:/usr/games:/usr/local/games:/snap/bin:/home/turgay/.dotnet/tools:/home/turgay/.dotnet/tools'), ('SESSION_MANAGER', 'local/turgaydesktop:@/tmp/.ICE-unix/1671,unix/turgaydesktop:/tmp/.ICE-unix/1671'), ('XDG_MENU_PREFIX', 'gnome-'), ('BAMF_DESKTOP_FILE_HINT', '/var/lib/snapd/desktop/applications/code_code.desktop'), ('XDG_RUNTIME_DIR', '/run/user/1000/snap.code'), ('DISPLAY', ':0'), ('LANG', 'en_US.UTF-8'), ('XDG_CURRENT_DESKTOP', 'Unity'), ('LIBVA_DRIVER_NAME', 'iHD'), ('XDG_SESSION_DESKTOP', 'ubuntu'), ('XMODIFIERS', '@im=ibus'), ('XAUTHORITY', '/run/user/1000/gdm/Xauthority'), ('TERM_PROGRAM', 'vscode'), ('SSH_AUTH_SOCK', '/run/user/1000/keyring/ssh'), ('GSETTINGS_SCHEMA_DIR', '/snap/code/31/usr/share/glib-2.0/schemas'), ('MFX_HOME', '/opt/intel/mediasdk'), ('AMENT_PREFIX_PATH', '/opt/robot_devkit/tools/rtmonitor_test:/opt/robot_devkit/tools/rtmonitor:/opt/robot_devkit/tools/rtmonitor_msgs:/opt/robot_devkit/tools/rdk_perf:/opt/robot_devkit/tools/perf_msgs:/opt/robot_devkit/perception/dynamic_vino_sample:/opt/robot_devkit/perception/dynamic_vino_lib:/opt/robot_devkit/perception/vino_param_lib:/opt/robot_devkit/perception/ur_description:/opt/robot_devkit/perception/recognize_pick:/opt/robot_devkit/perception/random_pick:/opt/robot_devkit/perception/fixed_position_pick:/opt/robot_devkit/perception/draw_x:/opt/robot_devkit/perception/robot_interface:/opt/robot_devkit/perception/realsense_examples:/opt/robot_devkit/perception/realsense_node:/opt/robot_devkit/perception/realsense_ros:/opt/robot_devkit/perception/realsense_msgs:/opt/robot_devkit/perception/pipeline_srv_msgs:/opt/robot_devkit/perception/grasp_ros2:/opt/robot_devkit/perception/people_msgs:/opt/robot_devkit/perception/object_analytics_rviz:/opt/robot_devkit/perception/object_analytics_node:/opt/robot_devkit/perception/object_analytics_msgs:/opt/robot_devkit/perception/moveit_msgs:/opt/robot_devkit/perception/handeye_tf_service:/opt/robot_devkit/perception/handeye_target_detection:/opt/robot_devkit/perception/handeye_dashboard:/opt/robot_devkit/perception/handeye:/opt/robot_devkit/perception/grasp_tutorials:/opt/robot_devkit/perception/grasp_msgs:/opt/robot_devkit/perception/criutils:/opt/robot_devkit/perception/baldor:/opt/ros/dashing'), ('DISABLE_WAYLAND', '1'), ('SHELL', '/bin/bash'), ('GDK_PIXBUF_MODULEDIR', '/snap/code/31/usr/lib/x86_64-linux-gnu/gdk-pixbuf-2.0/2.10.0/loaders'), ('QT_ACCESSIBILITY', '1'), ('GDMSESSION', 'ubuntu'), ('LESSCLOSE', '/usr/bin/lesspipe %s %s'), ('TEXTDOMAINDIR', '/usr/share/locale/'), ('GJS_DEBUG_OUTPUT', 'stderr'), ('GDK_PIXBUF_MODULE_FILE', '/home/turgay/snap/code/common/.cache/gdk-pixbuf-loaders.cache'), ('GPG_AGENT_INFO', '/run/user/1000/gnupg/S.gpg-agent:0:1'), ('XDG_VTNR', '1'), ('QT_IM_MODULE', 'ibus'), ('LC_ALL', 'en_US.UTF-8'), ('PWD', '/home/turgay/dev_ws/src/ros2_robot/build/ground_plane_estimator'), ('CLUTTER_IM_MODULE', 'xim'), ('XDG_DATA_DIRS', '/usr/share/ubuntu:/usr/local/share/:/usr/share/:/var/lib/snapd/desktop'), ('XDG_CONFIG_DIRS', '/etc/xdg/xdg-ubuntu:/etc/xdg'), ('PYTHONPATH', '/opt/robot_devkit/tools/rtmonitor_msgs/lib/python3.6/site-packages:/opt/robot_devkit/tools/rdk_perf/lib/python3.6/site-packages:/opt/robot_devkit/tools/perf_msgs/lib/python3.6/site-packages:/opt/robot_devkit/perception/realsense_msgs/lib/python3.6/site-packages:/opt/robot_devkit/perception/pipeline_srv_msgs/lib/python3.6/site-packages:/opt/robot_devkit/perception/people_msgs/lib/python3.6/site-packages:/opt/robot_devkit/perception/object_analytics_msgs/lib/python3.6/site-packages:/opt/robot_devkit/perception/moveit_msgs/lib/python3.6/site-packages:/opt/robot_devkit/perception/handeye_tf_service/lib/python3.6/site-packages:/opt/robot_devkit/perception/handeye_dashboard/lib/python3.6/site-packages:/opt/robot_devkit/perception/handeye/lib/python3.6/site-packages:/opt/robot_devkit/perception/grasp_msgs/lib/python3.6/site-packages:/opt/robot_devkit/perception/criutils/lib/python3.6/site-packages:/opt/robot_devkit/perception/baldor/lib/python3.6/site-packages:/opt/ros/dashing/lib/python3.6/site-packages'), ('CMAKE_PREFIX_PATH', '/opt/robot_devkit/tools/rtmonitor_test:/opt/robot_devkit/tools/rtmonitor:/opt/robot_devkit/tools/rtmonitor_msgs:/opt/robot_devkit/tools/perf_msgs:/opt/robot_devkit/perception/dynamic_vino_sample:/opt/robot_devkit/perception/dynamic_vino_lib:/opt/robot_devkit/perception/vino_param_lib:/opt/robot_devkit/perception/ur_description:/opt/robot_devkit/perception/recognize_pick:/opt/robot_devkit/perception/random_pick:/opt/robot_devkit/perception/fixed_position_pick:/opt/robot_devkit/perception/draw_x:/opt/robot_devkit/perception/robot_interface:/opt/robot_devkit/perception/realsense_examples:/opt/robot_devkit/perception/realsense_node:/opt/robot_devkit/perception/realsense_ros:/opt/robot_devkit/perception/realsense_msgs:/opt/robot_devkit/perception/pipeline_srv_msgs:/opt/robot_devkit/perception/grasp_ros2:/opt/robot_devkit/perception/people_msgs:/opt/robot_devkit/perception/object_analytics_rviz:/opt/robot_devkit/perception/object_analytics_node:/opt/robot_devkit/perception/object_analytics_msgs:/opt/robot_devkit/perception/moveit_msgs:/opt/robot_devkit/perception/handeye_tf_service:/opt/robot_devkit/perception/handeye_target_detection:/opt/robot_devkit/perception/grasp_tutorials:/opt/robot_devkit/perception/grasp_msgs:/opt/robot_devkit/tools/rdk_perf:/opt/robot_devkit/perception/handeye_dashboard:/opt/robot_devkit/perception/handeye:/opt/robot_devkit/perception/criutils:/opt/robot_devkit/perception/baldor:/opt/ros/dashing')]), 'shell': False}
[0.199956] (-) TimerEvent: {}
[0.262409] (ground_plane_estimator) StdoutLine: {'line': b'\x1b[35m\x1b[1mScanning dependencies of target ground_plane_estimator_node\x1b[0m\n'}
[0.300038] (-) TimerEvent: {}
[0.328111] (ground_plane_estimator) StdoutLine: {'line': b'[ 50%] \x1b[32mBuilding CXX object CMakeFiles/ground_plane_estimator_node.dir/src/ground_plane_estimator_node.cpp.o\x1b[0m\n'}
[0.400161] (-) TimerEvent: {}
[0.500558] (-) TimerEvent: {}
[0.601120] (-) TimerEvent: {}
[0.701644] (-) TimerEvent: {}
[0.802147] (-) TimerEvent: {}
[0.902642] (-) TimerEvent: {}
[1.003136] (-) TimerEvent: {}
[1.103665] (-) TimerEvent: {}
[1.204117] (-) TimerEvent: {}
[1.304586] (-) TimerEvent: {}
[1.405077] (-) TimerEvent: {}
[1.505566] (-) TimerEvent: {}
[1.531901] (ground_plane_estimator) StderrLine: {'line': b'In file included from \x1b[01m\x1b[K/home/turgay/dev_ws/src/ros2_robot/ground_plane_estimator/src/ground_plane_estimator_node.cpp:7:0\x1b[m\x1b[K:\n'}
[1.532480] (ground_plane_estimator) StderrLine: {'line': b'\x1b[01m\x1b[K/home/turgay/dev_ws/src/ros2_robot/ground_plane_estimator/include/ground_plane_estimator/ground_plane_estimator_node.hpp:53:5:\x1b[m\x1b[K \x1b[01;31m\x1b[Kerror: \x1b[m\x1b[K\xe2\x80\x98\x1b[01m\x1b[Kvector\x1b[m\x1b[K\xe2\x80\x99 does not name a type; did you mean \xe2\x80\x98\x1b[01m\x1b[Kqecvt_r\x1b[m\x1b[K\xe2\x80\x99?\n'}
[1.532747] (ground_plane_estimator) StderrLine: {'line': b'     \x1b[01;31m\x1b[Kvector\x1b[m\x1b[K<cv::Vec4i> edgeLineDetection(cv::Mat img);\n'}
[1.533024] (ground_plane_estimator) StderrLine: {'line': b'     \x1b[01;31m\x1b[K^~~~~~\x1b[m\x1b[K\n'}
[1.533274] (ground_plane_estimator) StderrLine: {'line': b'     \x1b[32m\x1b[Kqecvt_r\x1b[m\x1b[K\n'}
[1.533489] (ground_plane_estimator) StderrLine: {'line': b'\x1b[01m\x1b[K/home/turgay/dev_ws/src/ros2_robot/ground_plane_estimator/include/ground_plane_estimator/ground_plane_estimator_node.hpp:54:30:\x1b[m\x1b[K \x1b[01;31m\x1b[Kerror: \x1b[m\x1b[K\xe2\x80\x98\x1b[01m\x1b[Kvector\x1b[m\x1b[K\xe2\x80\x99 has not been declared\n'}
[1.533713] (ground_plane_estimator) StderrLine: {'line': b'     void sidewalkEdgePicking(\x1b[01;31m\x1b[Kvector\x1b[m\x1b[K<cv::Vec4i> lines);\n'}
[1.533920] (ground_plane_estimator) StderrLine: {'line': b'                              \x1b[01;31m\x1b[K^~~~~~\x1b[m\x1b[K\n'}
[1.534123] (ground_plane_estimator) StderrLine: {'line': b'\x1b[01m\x1b[K/home/turgay/dev_ws/src/ros2_robot/ground_plane_estimator/include/ground_plane_estimator/ground_plane_estimator_node.hpp:54:36:\x1b[m\x1b[K \x1b[01;31m\x1b[Kerror: \x1b[m\x1b[Kexpected \xe2\x80\x98\x1b[01m\x1b[K,\x1b[m\x1b[K\xe2\x80\x99 or \xe2\x80\x98\x1b[01m\x1b[K...\x1b[m\x1b[K\xe2\x80\x99 before \xe2\x80\x98\x1b[01m\x1b[K<\x1b[m\x1b[K\xe2\x80\x99 token\n'}
[1.534336] (ground_plane_estimator) StderrLine: {'line': b'     void sidewalkEdgePicking(vector\x1b[01;31m\x1b[K<\x1b[m\x1b[Kcv::Vec4i> lines);\n'}
[1.534540] (ground_plane_estimator) StderrLine: {'line': b'                                    \x1b[01;31m\x1b[K^\x1b[m\x1b[K\n'}
[1.605732] (-) TimerEvent: {}
[1.706243] (-) TimerEvent: {}
[1.771257] (ground_plane_estimator) StderrLine: {'line': b'\x1b[01m\x1b[K/home/turgay/dev_ws/src/ros2_robot/ground_plane_estimator/src/ground_plane_estimator_node.cpp:\x1b[m\x1b[K In member function \xe2\x80\x98\x1b[01m\x1b[Kvoid GroundPlaneEstimatorNode::imageColorEdgeDetection(const ConstSharedPtr&, const ConstSharedPtr&)\x1b[m\x1b[K\xe2\x80\x99:\n'}
[1.771827] (ground_plane_estimator) StderrLine: {'line': b'\x1b[01m\x1b[K/home/turgay/dev_ws/src/ros2_robot/ground_plane_estimator/src/ground_plane_estimator_node.cpp:67:3:\x1b[m\x1b[K \x1b[01;31m\x1b[Kerror: \x1b[m\x1b[K\xe2\x80\x98\x1b[01m\x1b[Kvector\x1b[m\x1b[K\xe2\x80\x99 was not declared in this scope\n'}
[1.772074] (ground_plane_estimator) StderrLine: {'line': b'   \x1b[01;31m\x1b[Kvector\x1b[m\x1b[K<cv::Vec4i> lines = edgeLineDetection(imgResult);\n'}
[1.772292] (ground_plane_estimator) StderrLine: {'line': b'   \x1b[01;31m\x1b[K^~~~~~\x1b[m\x1b[K\n'}
[1.772503] (ground_plane_estimator) StderrLine: {'line': b'\x1b[01m\x1b[K/home/turgay/dev_ws/src/ros2_robot/ground_plane_estimator/src/ground_plane_estimator_node.cpp:67:3:\x1b[m\x1b[K \x1b[01;36m\x1b[Knote: \x1b[m\x1b[Ksuggested alternative:\n'}
[1.772720] (ground_plane_estimator) StderrLine: {'line': b'In file included from \x1b[01m\x1b[K/usr/include/c++/7/vector:64:0\x1b[m\x1b[K,\n'}
[1.773083] (ground_plane_estimator) StderrLine: {'line': b'                 from \x1b[01m\x1b[K/opt/ros/dashing/include/rclcpp/executor.hpp:27\x1b[m\x1b[K,\n'}
[1.773294] (ground_plane_estimator) StderrLine: {'line': b'                 from \x1b[01m\x1b[K/opt/ros/dashing/include/rclcpp/executors/multi_threaded_executor.hpp:24\x1b[m\x1b[K,\n'}
[1.773498] (ground_plane_estimator) StderrLine: {'line': b'                 from \x1b[01m\x1b[K/opt/ros/dashing/include/rclcpp/executors.hpp:21\x1b[m\x1b[K,\n'}
[1.773711] (ground_plane_estimator) StderrLine: {'line': b'                 from \x1b[01m\x1b[K/opt/ros/dashing/include/rclcpp/rclcpp.hpp:144\x1b[m\x1b[K,\n'}
[1.773915] (ground_plane_estimator) StderrLine: {'line': b'                 from \x1b[01m\x1b[K/home/turgay/dev_ws/src/ros2_robot/ground_plane_estimator/include/ground_plane_estimator/ground_plane_estimator_node.hpp:18\x1b[m\x1b[K,\n'}
[1.774132] (ground_plane_estimator) StderrLine: {'line': b'                 from \x1b[01m\x1b[K/home/turgay/dev_ws/src/ros2_robot/ground_plane_estimator/src/ground_plane_estimator_node.cpp:7\x1b[m\x1b[K:\n'}
[1.774335] (ground_plane_estimator) StderrLine: {'line': b'\x1b[01m\x1b[K/usr/include/c++/7/bits/stl_vector.h:216:11:\x1b[m\x1b[K \x1b[01;36m\x1b[Knote: \x1b[m\x1b[K  \xe2\x80\x98\x1b[01m\x1b[Kstd::vector\x1b[m\x1b[K\xe2\x80\x99\n'}
[1.774537] (ground_plane_estimator) StderrLine: {'line': b'     class \x1b[01;36m\x1b[Kvector\x1b[m\x1b[K : protected _Vector_base<_Tp, _Alloc>\n'}
[1.774760] (ground_plane_estimator) StderrLine: {'line': b'           \x1b[01;36m\x1b[K^~~~~~\x1b[m\x1b[K\n'}
[1.774969] (ground_plane_estimator) StderrLine: {'line': b'\x1b[01m\x1b[K/home/turgay/dev_ws/src/ros2_robot/ground_plane_estimator/src/ground_plane_estimator_node.cpp:67:19:\x1b[m\x1b[K \x1b[01;31m\x1b[Kerror: \x1b[m\x1b[Kexpected primary-expression before \xe2\x80\x98\x1b[01m\x1b[K>\x1b[m\x1b[K\xe2\x80\x99 token\n'}
[1.775178] (ground_plane_estimator) StderrLine: {'line': b'   vector<cv::Vec4i\x1b[01;31m\x1b[K>\x1b[m\x1b[K lines = edgeLineDetection(imgResult);\n'}
[1.775379] (ground_plane_estimator) StderrLine: {'line': b'                   \x1b[01;31m\x1b[K^\x1b[m\x1b[K\n'}
[1.775594] (ground_plane_estimator) StderrLine: {'line': b'\x1b[01m\x1b[K/home/turgay/dev_ws/src/ros2_robot/ground_plane_estimator/src/ground_plane_estimator_node.cpp:67:21:\x1b[m\x1b[K \x1b[01;31m\x1b[Kerror: \x1b[m\x1b[K\xe2\x80\x98\x1b[01m\x1b[Klines\x1b[m\x1b[K\xe2\x80\x99 was not declared in this scope\n'}
[1.775801] (ground_plane_estimator) StderrLine: {'line': b'   vector<cv::Vec4i> \x1b[01;31m\x1b[Klines\x1b[m\x1b[K = edgeLineDetection(imgResult);\n'}
[1.776004] (ground_plane_estimator) StderrLine: {'line': b'                     \x1b[01;31m\x1b[K^~~~~\x1b[m\x1b[K\n'}
[1.776209] (ground_plane_estimator) StderrLine: {'line': b'\x1b[01m\x1b[K/home/turgay/dev_ws/src/ros2_robot/ground_plane_estimator/src/ground_plane_estimator_node.cpp:67:21:\x1b[m\x1b[K \x1b[01;36m\x1b[Knote: \x1b[m\x1b[Ksuggested alternative: \xe2\x80\x98\x1b[01m\x1b[Klinux\x1b[m\x1b[K\xe2\x80\x99\n'}
[1.776436] (ground_plane_estimator) StderrLine: {'line': b'   vector<cv::Vec4i> \x1b[01;36m\x1b[Klines\x1b[m\x1b[K = edgeLineDetection(imgResult);\n'}
[1.776652] (ground_plane_estimator) StderrLine: {'line': b'                     \x1b[01;36m\x1b[K^~~~~\x1b[m\x1b[K\n'}
[1.776853] (ground_plane_estimator) StderrLine: {'line': b'                     \x1b[32m\x1b[Klinux\x1b[m\x1b[K\n'}
[1.777052] (ground_plane_estimator) StderrLine: {'line': b'\x1b[01m\x1b[K/home/turgay/dev_ws/src/ros2_robot/ground_plane_estimator/src/ground_plane_estimator_node.cpp:67:29:\x1b[m\x1b[K \x1b[01;31m\x1b[Kerror: \x1b[m\x1b[K\xe2\x80\x98\x1b[01m\x1b[KedgeLineDetection\x1b[m\x1b[K\xe2\x80\x99 was not declared in this scope\n'}
[1.777263] (ground_plane_estimator) StderrLine: {'line': b'   vector<cv::Vec4i> lines = \x1b[01;31m\x1b[KedgeLineDetection\x1b[m\x1b[K(imgResult);\n'}
[1.777484] (ground_plane_estimator) StderrLine: {'line': b'                             \x1b[01;31m\x1b[K^~~~~~~~~~~~~~~~~\x1b[m\x1b[K\n'}
[1.783211] (ground_plane_estimator) StderrLine: {'line': b'\x1b[01m\x1b[K/home/turgay/dev_ws/src/ros2_robot/ground_plane_estimator/src/ground_plane_estimator_node.cpp:75:3:\x1b[m\x1b[K \x1b[01;31m\x1b[Kerror: \x1b[m\x1b[K\xe2\x80\x98\x1b[01m\x1b[Kimage_pub_\x1b[m\x1b[K\xe2\x80\x99 was not declared in this scope\n'}
[1.783486] (ground_plane_estimator) StderrLine: {'line': b'   \x1b[01;31m\x1b[Kimage_pub_\x1b[m\x1b[K.publish( cv_ptr->toImageMsg() );\n'}
[1.783639] (ground_plane_estimator) StderrLine: {'line': b'   \x1b[01;31m\x1b[K^~~~~~~~~~\x1b[m\x1b[K\n'}
[1.787091] (ground_plane_estimator) StderrLine: {'line': b'\x1b[01m\x1b[K/home/turgay/dev_ws/src/ros2_robot/ground_plane_estimator/src/ground_plane_estimator_node.cpp:75:3:\x1b[m\x1b[K \x1b[01;36m\x1b[Knote: \x1b[m\x1b[Ksuggested alternative: \xe2\x80\x98\x1b[01m\x1b[KimageAcuting\x1b[m\x1b[K\xe2\x80\x99\n'}
[1.787502] (ground_plane_estimator) StderrLine: {'line': b'   \x1b[01;36m\x1b[Kimage_pub_\x1b[m\x1b[K.publish( cv_ptr->toImageMsg() );\n'}
[1.787669] (ground_plane_estimator) StderrLine: {'line': b'   \x1b[01;36m\x1b[K^~~~~~~~~~\x1b[m\x1b[K\n'}
[1.787809] (ground_plane_estimator) StderrLine: {'line': b'   \x1b[32m\x1b[KimageAcuting\x1b[m\x1b[K\n'}
[1.787945] (ground_plane_estimator) StderrLine: {'line': b'\x1b[01m\x1b[K/home/turgay/dev_ws/src/ros2_robot/ground_plane_estimator/src/ground_plane_estimator_node.cpp:55:162:\x1b[m\x1b[K \x1b[01;35m\x1b[Kwarning: \x1b[m\x1b[Kunused parameter \xe2\x80\x98\x1b[01m\x1b[Kpoint_msg\x1b[m\x1b[K\xe2\x80\x99 [\x1b[01;35m\x1b[K-Wunused-parameter\x1b[m\x1b[K]\n'}
[1.788081] (ground_plane_estimator) StderrLine: {'line': b' nsor_msgs::msg::Image::ConstSharedPtr& msg, const sensor_msgs::msg::PointCloud2::ConstSharedPtr & \x1b[01;35m\x1b[Kpoint_msg\x1b[m\x1b[K) {\n'}
[1.788213] (ground_plane_estimator) StderrLine: {'line': b'                                                                                                   \x1b[01;35m\x1b[K^~~~~~~~~\x1b[m\x1b[K\n'}
[1.793124] (ground_plane_estimator) StderrLine: {'line': b'\x1b[01m\x1b[K/home/turgay/dev_ws/src/ros2_robot/ground_plane_estimator/src/ground_plane_estimator_node.cpp:\x1b[m\x1b[K At global scope:\n'}
[1.793571] (ground_plane_estimator) StderrLine: {'line': b'\x1b[01m\x1b[K/home/turgay/dev_ws/src/ros2_robot/ground_plane_estimator/src/ground_plane_estimator_node.cpp:94:1:\x1b[m\x1b[K \x1b[01;31m\x1b[Kerror: \x1b[m\x1b[K\xe2\x80\x98\x1b[01m\x1b[Kvector\x1b[m\x1b[K\xe2\x80\x99 does not name a type; did you mean \xe2\x80\x98\x1b[01m\x1b[Kqecvt_r\x1b[m\x1b[K\xe2\x80\x99?\n'}
[1.793879] (ground_plane_estimator) StderrLine: {'line': b' \x1b[01;31m\x1b[Kvector\x1b[m\x1b[K<cv::Vec4i> GroundPlaneEstimatorNode::edgeLineDetection(cv::Mat img) {\n'}
[1.794161] (ground_plane_estimator) StderrLine: {'line': b' \x1b[01;31m\x1b[K^~~~~~\x1b[m\x1b[K\n'}
[1.794343] (ground_plane_estimator) StderrLine: {'line': b' \x1b[32m\x1b[Kqecvt_r\x1b[m\x1b[K\n'}
[1.794538] (ground_plane_estimator) StderrLine: {'line': b'\x1b[01m\x1b[K/home/turgay/dev_ws/src/ros2_robot/ground_plane_estimator/src/ground_plane_estimator_node.cpp:104:52:\x1b[m\x1b[K \x1b[01;31m\x1b[Kerror: \x1b[m\x1b[Kvariable or field \xe2\x80\x98\x1b[01m\x1b[KsidewalkEdgePicking\x1b[m\x1b[K\xe2\x80\x99 declared void\n'}
[1.794738] (ground_plane_estimator) StderrLine: {'line': b' void GroundPlaneEstimatorNode::sidewalkEdgePicking(\x1b[01;31m\x1b[Kvector\x1b[m\x1b[K<cv::Vec4i> lines) {\n'}
[1.795078] (ground_plane_estimator) StderrLine: {'line': b'                                                    \x1b[01;31m\x1b[K^~~~~~\x1b[m\x1b[K\n'}
[1.795261] (ground_plane_estimator) StderrLine: {'line': b'\x1b[01m\x1b[K/home/turgay/dev_ws/src/ros2_robot/ground_plane_estimator/src/ground_plane_estimator_node.cpp:104:52:\x1b[m\x1b[K \x1b[01;31m\x1b[Kerror: \x1b[m\x1b[K\xe2\x80\x98\x1b[01m\x1b[Kvector\x1b[m\x1b[K\xe2\x80\x99 was not declared in this scope\n'}
[1.795441] (ground_plane_estimator) StderrLine: {'line': b'\x1b[01m\x1b[K/home/turgay/dev_ws/src/ros2_robot/ground_plane_estimator/src/ground_plane_estimator_node.cpp:104:52:\x1b[m\x1b[K \x1b[01;36m\x1b[Knote: \x1b[m\x1b[Ksuggested alternative:\n'}
[1.795618] (ground_plane_estimator) StderrLine: {'line': b'In file included from \x1b[01m\x1b[K/usr/include/c++/7/vector:64:0\x1b[m\x1b[K,\n'}
[1.795794] (ground_plane_estimator) StderrLine: {'line': b'                 from \x1b[01m\x1b[K/opt/ros/dashing/include/rclcpp/executor.hpp:27\x1b[m\x1b[K,\n'}
[1.795967] (ground_plane_estimator) StderrLine: {'line': b'                 from \x1b[01m\x1b[K/opt/ros/dashing/include/rclcpp/executors/multi_threaded_executor.hpp:24\x1b[m\x1b[K,\n'}
[1.796138] (ground_plane_estimator) StderrLine: {'line': b'                 from \x1b[01m\x1b[K/opt/ros/dashing/include/rclcpp/executors.hpp:21\x1b[m\x1b[K,\n'}
[1.796505] (ground_plane_estimator) StderrLine: {'line': b'                 from \x1b[01m\x1b[K/opt/ros/dashing/include/rclcpp/rclcpp.hpp:144\x1b[m\x1b[K,\n'}
[1.796702] (ground_plane_estimator) StderrLine: {'line': b'                 from \x1b[01m\x1b[K/home/turgay/dev_ws/src/ros2_robot/ground_plane_estimator/include/ground_plane_estimator/ground_plane_estimator_node.hpp:18\x1b[m\x1b[K,\n'}
[1.796880] (ground_plane_estimator) StderrLine: {'line': b'                 from \x1b[01m\x1b[K/home/turgay/dev_ws/src/ros2_robot/ground_plane_estimator/src/ground_plane_estimator_node.cpp:7\x1b[m\x1b[K:\n'}
[1.797055] (ground_plane_estimator) StderrLine: {'line': b'\x1b[01m\x1b[K/usr/include/c++/7/bits/stl_vector.h:216:11:\x1b[m\x1b[K \x1b[01;36m\x1b[Knote: \x1b[m\x1b[K  \xe2\x80\x98\x1b[01m\x1b[Kstd::vector\x1b[m\x1b[K\xe2\x80\x99\n'}
[1.797240] (ground_plane_estimator) StderrLine: {'line': b'     class \x1b[01;36m\x1b[Kvector\x1b[m\x1b[K : protected _Vector_base<_Tp, _Alloc>\n'}
[1.797416] (ground_plane_estimator) StderrLine: {'line': b'           \x1b[01;36m\x1b[K^~~~~~\x1b[m\x1b[K\n'}
[1.797689] (ground_plane_estimator) StderrLine: {'line': b'\x1b[01m\x1b[K/home/turgay/dev_ws/src/ros2_robot/ground_plane_estimator/src/ground_plane_estimator_node.cpp:104:68:\x1b[m\x1b[K \x1b[01;31m\x1b[Kerror: \x1b[m\x1b[Kexpected primary-expression before \xe2\x80\x98\x1b[01m\x1b[K>\x1b[m\x1b[K\xe2\x80\x99 token\n'}
[1.797876] (ground_plane_estimator) StderrLine: {'line': b' void GroundPlaneEstimatorNode::sidewalkEdgePicking(vector<cv::Vec4i\x1b[01;31m\x1b[K>\x1b[m\x1b[K lines) {\n'}
[1.798050] (ground_plane_estimator) StderrLine: {'line': b'                                                                    \x1b[01;31m\x1b[K^\x1b[m\x1b[K\n'}
[1.798222] (ground_plane_estimator) StderrLine: {'line': b'\x1b[01m\x1b[K/home/turgay/dev_ws/src/ros2_robot/ground_plane_estimator/src/ground_plane_estimator_node.cpp:104:70:\x1b[m\x1b[K \x1b[01;31m\x1b[Kerror: \x1b[m\x1b[K\xe2\x80\x98\x1b[01m\x1b[Klines\x1b[m\x1b[K\xe2\x80\x99 was not declared in this scope\n'}
[1.798397] (ground_plane_estimator) StderrLine: {'line': b' void GroundPlaneEstimatorNode::sidewalkEdgePicking(vector<cv::Vec4i> \x1b[01;31m\x1b[Klines\x1b[m\x1b[K) {\n'}
[1.798579] (ground_plane_estimator) StderrLine: {'line': b'                                                                      \x1b[01;31m\x1b[K^~~~~\x1b[m\x1b[K\n'}
[1.798857] (ground_plane_estimator) StderrLine: {'line': b'\x1b[01m\x1b[K/home/turgay/dev_ws/src/ros2_robot/ground_plane_estimator/src/ground_plane_estimator_node.cpp:104:70:\x1b[m\x1b[K \x1b[01;36m\x1b[Knote: \x1b[m\x1b[Ksuggested alternative: \xe2\x80\x98\x1b[01m\x1b[Klinux\x1b[m\x1b[K\xe2\x80\x99\n'}
[1.799002] (ground_plane_estimator) StderrLine: {'line': b' void GroundPlaneEstimatorNode::sidewalkEdgePicking(vector<cv::Vec4i> \x1b[01;36m\x1b[Klines\x1b[m\x1b[K) {\n'}
[1.799115] (ground_plane_estimator) StderrLine: {'line': b'                                                                      \x1b[01;36m\x1b[K^~~~~\x1b[m\x1b[K\n'}
[1.799227] (ground_plane_estimator) StderrLine: {'line': b'                                                                      \x1b[32m\x1b[Klinux\x1b[m\x1b[K\n'}
[1.799337] (ground_plane_estimator) StderrLine: {'line': b'\x1b[01m\x1b[K/home/turgay/dev_ws/src/ros2_robot/ground_plane_estimator/src/ground_plane_estimator_node.cpp:\x1b[m\x1b[K In member function \xe2\x80\x98\x1b[01m\x1b[Kcv_bridge::CvImagePtr GroundPlaneEstimatorNode::showImageWithMark(cv_bridge::CvImagePtr)\x1b[m\x1b[K\xe2\x80\x99:\n'}
[1.799453] (ground_plane_estimator) StderrLine: {'line': b'\x1b[01m\x1b[K/home/turgay/dev_ws/src/ros2_robot/ground_plane_estimator/src/ground_plane_estimator_node.cpp:155:36:\x1b[m\x1b[K \x1b[01;31m\x1b[Kerror: \x1b[m\x1b[K\xe2\x80\x98\x1b[01m\x1b[Klp_y1\x1b[m\x1b[K\xe2\x80\x99 was not declared in this scope\n'}
[1.799565] (ground_plane_estimator) StderrLine: {'line': b'     polygon[0][0] = cv::Point(0.0, \x1b[01;31m\x1b[Klp_y1\x1b[m\x1b[K);\n'}
[1.799675] (ground_plane_estimator) StderrLine: {'line': b'                                    \x1b[01;31m\x1b[K^~~~~\x1b[m\x1b[K\n'}
[1.799785] (ground_plane_estimator) StderrLine: {'line': b'\x1b[01m\x1b[K/home/turgay/dev_ws/src/ros2_robot/ground_plane_estimator/src/ground_plane_estimator_node.cpp:155:36:\x1b[m\x1b[K \x1b[01;36m\x1b[Knote: \x1b[m\x1b[Ksuggested alternative: \xe2\x80\x98\x1b[01m\x1b[K__y1\x1b[m\x1b[K\xe2\x80\x99\n'}
[1.799896] (ground_plane_estimator) StderrLine: {'line': b'     polygon[0][0] = cv::Point(0.0, \x1b[01;36m\x1b[Klp_y1\x1b[m\x1b[K);\n'}
[1.800111] (ground_plane_estimator) StderrLine: {'line': b'                                    \x1b[01;36m\x1b[K^~~~~\x1b[m\x1b[K\n'}
[1.800222] (ground_plane_estimator) StderrLine: {'line': b'                                    \x1b[32m\x1b[K__y1\x1b[m\x1b[K\n'}
[1.800331] (ground_plane_estimator) StderrLine: {'line': b'\x1b[01m\x1b[K/home/turgay/dev_ws/src/ros2_robot/ground_plane_estimator/src/ground_plane_estimator_node.cpp:156:31:\x1b[m\x1b[K \x1b[01;31m\x1b[Kerror: \x1b[m\x1b[K\xe2\x80\x98\x1b[01m\x1b[Klp_x2\x1b[m\x1b[K\xe2\x80\x99 was not declared in this scope\n'}
[1.800442] (ground_plane_estimator) StderrLine: {'line': b'     polygon[0][1] = cv::Point(\x1b[01;31m\x1b[Klp_x2\x1b[m\x1b[K, lp_y2);\n'}
[1.800552] (ground_plane_estimator) StderrLine: {'line': b'                               \x1b[01;31m\x1b[K^~~~~\x1b[m\x1b[K\n'}
[1.800662] (ground_plane_estimator) StderrLine: {'line': b'\x1b[01m\x1b[K/home/turgay/dev_ws/src/ros2_robot/ground_plane_estimator/src/ground_plane_estimator_node.cpp:156:38:\x1b[m\x1b[K \x1b[01;31m\x1b[Kerror: \x1b[m\x1b[K\xe2\x80\x98\x1b[01m\x1b[Klp_y2\x1b[m\x1b[K\xe2\x80\x99 was not declared in this scope\n'}
[1.800772] (ground_plane_estimator) StderrLine: {'line': b'     polygon[0][1] = cv::Point(lp_x2, \x1b[01;31m\x1b[Klp_y2\x1b[m\x1b[K);\n'}
[1.800880] (ground_plane_estimator) StderrLine: {'line': b'                                      \x1b[01;31m\x1b[K^~~~~\x1b[m\x1b[K\n'}
[1.800990] (ground_plane_estimator) StderrLine: {'line': b'\x1b[01m\x1b[K/home/turgay/dev_ws/src/ros2_robot/ground_plane_estimator/src/ground_plane_estimator_node.cpp:157:31:\x1b[m\x1b[K \x1b[01;31m\x1b[Kerror: \x1b[m\x1b[K\xe2\x80\x98\x1b[01m\x1b[Krp_x2\x1b[m\x1b[K\xe2\x80\x99 was not declared in this scope\n'}
[1.801109] (ground_plane_estimator) StderrLine: {'line': b'     polygon[0][2] = cv::Point(\x1b[01;31m\x1b[Krp_x2\x1b[m\x1b[K, rp_y2);\n'}
[1.801221] (ground_plane_estimator) StderrLine: {'line': b'                               \x1b[01;31m\x1b[K^~~~~\x1b[m\x1b[K\n'}
[1.801427] (ground_plane_estimator) StderrLine: {'line': b'\x1b[01m\x1b[K/home/turgay/dev_ws/src/ros2_robot/ground_plane_estimator/src/ground_plane_estimator_node.cpp:157:38:\x1b[m\x1b[K \x1b[01;31m\x1b[Kerror: \x1b[m\x1b[K\xe2\x80\x98\x1b[01m\x1b[Krp_y2\x1b[m\x1b[K\xe2\x80\x99 was not declared in this scope\n'}
[1.801547] (ground_plane_estimator) StderrLine: {'line': b'     polygon[0][2] = cv::Point(rp_x2, \x1b[01;31m\x1b[Krp_y2\x1b[m\x1b[K);\n'}
[1.801659] (ground_plane_estimator) StderrLine: {'line': b'                                      \x1b[01;31m\x1b[K^~~~~\x1b[m\x1b[K\n'}
[1.801770] (ground_plane_estimator) StderrLine: {'line': b'\x1b[01m\x1b[K/home/turgay/dev_ws/src/ros2_robot/ground_plane_estimator/src/ground_plane_estimator_node.cpp:158:31:\x1b[m\x1b[K \x1b[01;31m\x1b[Kerror: \x1b[m\x1b[K\xe2\x80\x98\x1b[01m\x1b[KWIDTH\x1b[m\x1b[K\xe2\x80\x99 was not declared in this scope\n'}
[1.801882] (ground_plane_estimator) StderrLine: {'line': b'     polygon[0][3] = cv::Point(\x1b[01;31m\x1b[KWIDTH\x1b[m\x1b[K, rp_y1);\n'}
[1.801999] (ground_plane_estimator) StderrLine: {'line': b'                               \x1b[01;31m\x1b[K^~~~~\x1b[m\x1b[K\n'}
[1.802110] (ground_plane_estimator) StderrLine: {'line': b'\x1b[01m\x1b[K/home/turgay/dev_ws/src/ros2_robot/ground_plane_estimator/src/ground_plane_estimator_node.cpp:158:38:\x1b[m\x1b[K \x1b[01;31m\x1b[Kerror: \x1b[m\x1b[K\xe2\x80\x98\x1b[01m\x1b[Krp_y1\x1b[m\x1b[K\xe2\x80\x99 was not declared in this scope\n'}
[1.802230] (ground_plane_estimator) StderrLine: {'line': b'     polygon[0][3] = cv::Point(WIDTH, \x1b[01;31m\x1b[Krp_y1\x1b[m\x1b[K);\n'}
[1.802458] (ground_plane_estimator) StderrLine: {'line': b'                                      \x1b[01;31m\x1b[K^~~~~\x1b[m\x1b[K\n'}
[1.802590] (ground_plane_estimator) StderrLine: {'line': b'\x1b[01m\x1b[K/home/turgay/dev_ws/src/ros2_robot/ground_plane_estimator/src/ground_plane_estimator_node.cpp:158:38:\x1b[m\x1b[K \x1b[01;36m\x1b[Knote: \x1b[m\x1b[Ksuggested alternative: \xe2\x80\x98\x1b[01m\x1b[K__y1\x1b[m\x1b[K\xe2\x80\x99\n'}
[1.802719] (ground_plane_estimator) StderrLine: {'line': b'     polygon[0][3] = cv::Point(WIDTH, \x1b[01;36m\x1b[Krp_y1\x1b[m\x1b[K);\n'}
[1.802912] (ground_plane_estimator) StderrLine: {'line': b'                                      \x1b[01;36m\x1b[K^~~~~\x1b[m\x1b[K\n'}
[1.803024] (ground_plane_estimator) StderrLine: {'line': b'                                      \x1b[32m\x1b[K__y1\x1b[m\x1b[K\n'}
[1.803139] (ground_plane_estimator) StderrLine: {'line': b'\x1b[01m\x1b[K/home/turgay/dev_ws/src/ros2_robot/ground_plane_estimator/src/ground_plane_estimator_node.cpp:166:16:\x1b[m\x1b[K \x1b[01;31m\x1b[Kerror: \x1b[m\x1b[K\xe2\x80\x98\x1b[01m\x1b[KOPENCV_WINDOW\x1b[m\x1b[K\xe2\x80\x99 was not declared in this scope\n'}
[1.803253] (ground_plane_estimator) StderrLine: {'line': b'     cv::imshow(\x1b[01;31m\x1b[KOPENCV_WINDOW\x1b[m\x1b[K, cv_ptr->image);\n'}
[1.803364] (ground_plane_estimator) StderrLine: {'line': b'                \x1b[01;31m\x1b[K^~~~~~~~~~~~~\x1b[m\x1b[K\n'}
[1.806286] (-) TimerEvent: {}
[1.808704] (ground_plane_estimator) StderrLine: {'line': b'\x1b[01m\x1b[K/home/turgay/dev_ws/src/ros2_robot/ground_plane_estimator/src/ground_plane_estimator_node.cpp:166:16:\x1b[m\x1b[K \x1b[01;36m\x1b[Knote: \x1b[m\x1b[Ksuggested alternative: \xe2\x80\x98\x1b[01m\x1b[KOPENCV_ERROR\x1b[m\x1b[K\xe2\x80\x99\n'}
[1.808882] (ground_plane_estimator) StderrLine: {'line': b'     cv::imshow(\x1b[01;36m\x1b[KOPENCV_WINDOW\x1b[m\x1b[K, cv_ptr->image);\n'}
[1.809011] (ground_plane_estimator) StderrLine: {'line': b'                \x1b[01;36m\x1b[K^~~~~~~~~~~~~\x1b[m\x1b[K\n'}
[1.809130] (ground_plane_estimator) StderrLine: {'line': b'                \x1b[32m\x1b[KOPENCV_ERROR\x1b[m\x1b[K\n'}
[1.906445] (-) TimerEvent: {}
[2.006927] (-) TimerEvent: {}
[2.107437] (-) TimerEvent: {}
[2.207934] (-) TimerEvent: {}
[2.308389] (-) TimerEvent: {}
[2.408878] (-) TimerEvent: {}
[2.490940] (ground_plane_estimator) StderrLine: {'line': b'make[2]: *** [CMakeFiles/ground_plane_estimator_node.dir/src/ground_plane_estimator_node.cpp.o] Error 1\n'}
[2.491344] (ground_plane_estimator) StdoutLine: {'line': b"CMakeFiles/ground_plane_estimator_node.dir/build.make:62: recipe for target 'CMakeFiles/ground_plane_estimator_node.dir/src/ground_plane_estimator_node.cpp.o' failed\n"}
[2.491767] (ground_plane_estimator) StderrLine: {'line': b'make[1]: *** [CMakeFiles/ground_plane_estimator_node.dir/all] Error 2\n'}
[2.492169] (ground_plane_estimator) StdoutLine: {'line': b"CMakeFiles/Makefile2:67: recipe for target 'CMakeFiles/ground_plane_estimator_node.dir/all' failed\n"}
[2.492557] (ground_plane_estimator) StdoutLine: {'line': b"Makefile:140: recipe for target 'all' failed\n"}
[2.492929] (ground_plane_estimator) StderrLine: {'line': b'make: *** [all] Error 2\n'}
[2.495623] (ground_plane_estimator) CommandEnded: {'returncode': 2}
[2.497299] (ground_plane_estimator) JobEnded: {'identifier': 'ground_plane_estimator', 'rc': 2}
[2.506983] (-) EventReactorShutdown: {}
