[0.142s] [ 50%] [32mBuilding CXX object CMakeFiles/ground_plane_estimator_node.dir/src/ground_plane_estimator_node.cpp.o[0m
[5.633s] In file included from [01m[K/home/turgay/dev_ws/src/ros2_robot/ground_plane_estimator/src/ground_plane_estimator_node.cpp:7:0[m[K:
[5.633s] [01m[K/home/turgay/dev_ws/src/ros2_robot/ground_plane_estimator/include/ground_plane_estimator/ground_plane_estimator_node.hpp:[m[K In member function ‘[01m[Kvoid GroundPlaneEstimatorNode::callback(std_msgs::msg::Header_<std::allocator<void> >::ConstSharedPtr, std_msgs::msg::Header_<std::allocator<void> >::ConstSharedPtr)[m[K’:
[5.633s] [01m[K/home/turgay/dev_ws/src/ros2_robot/ground_plane_estimator/include/ground_plane_estimator/ground_plane_estimator_node.hpp:88:63:[m[K [01;35m[Kwarning: [m[Kunused parameter ‘[01m[Kmsg1[m[K’ [[01;35m[K-Wunused-parameter[m[K]
[5.634s]      void callback(const std_msgs::msg::Header::ConstSharedPtr [01;35m[Kmsg1[m[K, const std_msgs::msg::Header::ConstSharedPtr msg2) { std::cout << "callback" << std::endl; };
[5.634s]                                                                [01;35m[K^~~~[m[K
[5.634s] [01m[K/home/turgay/dev_ws/src/ros2_robot/ground_plane_estimator/include/ground_plane_estimator/ground_plane_estimator_node.hpp:88:113:[m[K [01;35m[Kwarning: [m[Kunused parameter ‘[01m[Kmsg2[m[K’ [[01;35m[K-Wunused-parameter[m[K]
[5.634s]      void callback(const std_msgs::msg::Header::ConstSharedPtr msg1, const std_msgs::msg::Header::ConstSharedPtr [01;35m[Kmsg2[m[K) { std::cout << "callback" << std::endl; };
[5.635s]                                                                                                                  [01;35m[K^~~~[m[K
[5.741s] [01m[K/home/turgay/dev_ws/src/ros2_robot/ground_plane_estimator/src/ground_plane_estimator_node.cpp:[m[K In member function ‘[01m[Kvoid GroundPlaneEstimatorNode::image_callback(sensor_msgs::msg::Image_<std::allocator<void> >::SharedPtr)[m[K’:
[5.742s] [01m[K/home/turgay/dev_ws/src/ros2_robot/ground_plane_estimator/src/ground_plane_estimator_node.cpp:75:28:[m[K [01;35m[Kwarning: [m[K‘[01m[Kvoid rclcpp::Publisher<MessageT, Alloc>::publish(const std::shared_ptr<const _Tp>&) [with MessageT = sensor_msgs::msg::Image_<std::allocator<void> >; Alloc = std::allocator<void>][m[K’ is deprecated: publishing an unique_ptr is prefered when using intra process communication. If using a shared_ptr, use publish(*msg). [[01;35m[K-Wdeprecated-declarations[m[K]
[5.742s]      image_pub_->publish(msg[01;35m[K)[m[K;
[5.742s]                             [01;35m[K^[m[K
[5.742s] In file included from [01m[K/opt/ros/dashing/include/rclcpp/callback_group.hpp:24:0[m[K,
[5.743s]                  from [01m[K/opt/ros/dashing/include/rclcpp/any_executable.hpp:20[m[K,
[5.743s]                  from [01m[K/opt/ros/dashing/include/rclcpp/memory_strategy.hpp:24[m[K,
[5.743s]                  from [01m[K/opt/ros/dashing/include/rclcpp/memory_strategies.hpp:18[m[K,
[5.743s]                  from [01m[K/opt/ros/dashing/include/rclcpp/executor.hpp:33[m[K,
[5.743s]                  from [01m[K/opt/ros/dashing/include/rclcpp/executors/multi_threaded_executor.hpp:24[m[K,
[5.743s]                  from [01m[K/opt/ros/dashing/include/rclcpp/executors.hpp:21[m[K,
[5.744s]                  from [01m[K/opt/ros/dashing/include/rclcpp/rclcpp.hpp:144[m[K,
[5.744s]                  from [01m[K/home/turgay/dev_ws/src/ros2_robot/ground_plane_estimator/include/ground_plane_estimator/ground_plane_estimator_node.hpp:18[m[K,
[5.744s]                  from [01m[K/home/turgay/dev_ws/src/ros2_robot/ground_plane_estimator/src/ground_plane_estimator_node.cpp:7[m[K:
[5.744s] [01m[K/opt/ros/dashing/include/rclcpp/publisher.hpp:137:3:[m[K [01;36m[Knote: [m[Kdeclared here
[5.744s]    [01;36m[Kpublish[m[K(const std::shared_ptr<const MessageT> & msg)
[5.744s]    [01;36m[K^~~~~~~[m[K
[5.748s] [01m[K/home/turgay/dev_ws/src/ros2_robot/ground_plane_estimator/src/ground_plane_estimator_node.cpp:[m[K In member function ‘[01m[Kvoid GroundPlaneEstimatorNode::imageColorEdgeDetection(const ConstSharedPtr&, const ConstSharedPtr&)[m[K’:
[5.749s] [01m[K/home/turgay/dev_ws/src/ros2_robot/ground_plane_estimator/src/ground_plane_estimator_node.cpp:80:28:[m[K [01;35m[Kwarning: [m[K‘[01m[Kvoid rclcpp::Publisher<MessageT, Alloc>::publish(const std::shared_ptr<const _Tp>&) [with MessageT = sensor_msgs::msg::Image_<std::allocator<void> >; Alloc = std::allocator<void>][m[K’ is deprecated: publishing an unique_ptr is prefered when using intra process communication. If using a shared_ptr, use publish(*msg). [[01;35m[K-Wdeprecated-declarations[m[K]
[5.749s]      image_pub_->publish(msg[01;35m[K)[m[K;
[5.749s]                             [01;35m[K^[m[K
[5.749s] In file included from [01m[K/opt/ros/dashing/include/rclcpp/callback_group.hpp:24:0[m[K,
[5.750s]                  from [01m[K/opt/ros/dashing/include/rclcpp/any_executable.hpp:20[m[K,
[5.750s]                  from [01m[K/opt/ros/dashing/include/rclcpp/memory_strategy.hpp:24[m[K,
[5.750s]                  from [01m[K/opt/ros/dashing/include/rclcpp/memory_strategies.hpp:18[m[K,
[5.751s]                  from [01m[K/opt/ros/dashing/include/rclcpp/executor.hpp:33[m[K,
[5.751s]                  from [01m[K/opt/ros/dashing/include/rclcpp/executors/multi_threaded_executor.hpp:24[m[K,
[5.751s]                  from [01m[K/opt/ros/dashing/include/rclcpp/executors.hpp:21[m[K,
[5.751s]                  from [01m[K/opt/ros/dashing/include/rclcpp/rclcpp.hpp:144[m[K,
[5.751s]                  from [01m[K/home/turgay/dev_ws/src/ros2_robot/ground_plane_estimator/include/ground_plane_estimator/ground_plane_estimator_node.hpp:18[m[K,
[5.751s]                  from [01m[K/home/turgay/dev_ws/src/ros2_robot/ground_plane_estimator/src/ground_plane_estimator_node.cpp:7[m[K:
[5.752s] [01m[K/opt/ros/dashing/include/rclcpp/publisher.hpp:137:3:[m[K [01;36m[Knote: [m[Kdeclared here
[5.752s]    [01;36m[Kpublish[m[K(const std::shared_ptr<const MessageT> & msg)
[5.752s]    [01;36m[K^~~~~~~[m[K
[5.796s] [01m[K/home/turgay/dev_ws/src/ros2_robot/ground_plane_estimator/src/ground_plane_estimator_node.cpp:[m[K In member function ‘[01m[Kvoid GroundPlaneEstimatorNode::imageSegment(const ConstSharedPtr&)[m[K’:
[5.797s] [01m[K/home/turgay/dev_ws/src/ros2_robot/ground_plane_estimator/src/ground_plane_estimator_node.cpp:375:47:[m[K [01;35m[Kwarning: [m[K‘[01m[Kvoid rclcpp::Publisher<MessageT, Alloc>::publish(const std::shared_ptr<const _Tp>&) [with MessageT = sensor_msgs::msg::Image_<std::allocator<void> >; Alloc = std::allocator<void>][m[K’ is deprecated: publishing an unique_ptr is prefered when using intra process communication. If using a shared_ptr, use publish(*msg). [[01;35m[K-Wdeprecated-declarations[m[K]
[5.797s]      image_pub_->publish( cv_ptr->toImageMsg() [01;35m[K)[m[K;
[5.797s]                                                [01;35m[K^[m[K
[5.798s] In file included from [01m[K/opt/ros/dashing/include/rclcpp/callback_group.hpp:24:0[m[K,
[5.798s]                  from [01m[K/opt/ros/dashing/include/rclcpp/any_executable.hpp:20[m[K,
[5.798s]                  from [01m[K/opt/ros/dashing/include/rclcpp/memory_strategy.hpp:24[m[K,
[5.798s]                  from [01m[K/opt/ros/dashing/include/rclcpp/memory_strategies.hpp:18[m[K,
[5.799s]                  from [01m[K/opt/ros/dashing/include/rclcpp/executor.hpp:33[m[K,
[5.799s]                  from [01m[K/opt/ros/dashing/include/rclcpp/executors/multi_threaded_executor.hpp:24[m[K,
[5.799s]                  from [01m[K/opt/ros/dashing/include/rclcpp/executors.hpp:21[m[K,
[5.800s]                  from [01m[K/opt/ros/dashing/include/rclcpp/rclcpp.hpp:144[m[K,
[5.800s]                  from [01m[K/home/turgay/dev_ws/src/ros2_robot/ground_plane_estimator/include/ground_plane_estimator/ground_plane_estimator_node.hpp:18[m[K,
[5.800s]                  from [01m[K/home/turgay/dev_ws/src/ros2_robot/ground_plane_estimator/src/ground_plane_estimator_node.cpp:7[m[K:
[5.800s] [01m[K/opt/ros/dashing/include/rclcpp/publisher.hpp:137:3:[m[K [01;36m[Knote: [m[Kdeclared here
[5.801s]    [01;36m[Kpublish[m[K(const std::shared_ptr<const MessageT> & msg)
[5.801s]    [01;36m[K^~~~~~~[m[K
[6.027s] In file included from [01m[K/usr/include/c++/7/memory:80:0[m[K,
[6.027s]                  from [01m[K/home/turgay/dev_ws/src/ros2_robot/ground_plane_estimator/src/ground_plane_estimator_node.cpp:4[m[K:
[6.027s] /usr/include/c++/7/bits/unique_ptr.h: In instantiation of ‘[01m[Ktypename std::_MakeUniq<_Tp>::__single_object std::make_unique(_Args&& ...) [with _Tp = message_filters::TimeSynchronizer<sensor_msgs::msg::Image_<std::allocator<void> >, sensor_msgs::msg::PointCloud2_<std::allocator<void> > >; _Args = {message_filters::sync_policies::ExactTime<sensor_msgs::msg::Image_<std::allocator<void> >, sensor_msgs::msg::PointCloud2_<std::allocator<void> >, message_filters::NullType, message_filters::NullType, message_filters::NullType, message_filters::NullType, message_filters::NullType, message_filters::NullType, message_filters::NullType>, message_filters::Subscriber<sensor_msgs::msg::Image_<std::allocator<void> > >&, message_filters::Subscriber<sensor_msgs::msg::PointCloud2_<std::allocator<void> > >&}; typename std::_MakeUniq<_Tp>::__single_object = std::unique_ptr<message_filters::TimeSynchronizer<sensor_msgs::msg::Image_<std::allocator<void> >, sensor_msgs::msg::PointCloud2_<std::allocator<void> > > >][m[K’:
[6.028s] [01m[K/home/turgay/dev_ws/src/ros2_robot/ground_plane_estimator/src/ground_plane_estimator_node.cpp:34:83:[m[K   required from here
[6.028s] [01m[K/usr/include/c++/7/bits/unique_ptr.h:821:30:[m[K [01;31m[Kerror: [m[Kno matching function for call to ‘[01m[Kmessage_filters::TimeSynchronizer<sensor_msgs::msg::Image_<std::allocator<void> >, sensor_msgs::msg::PointCloud2_<std::allocator<void> > >::TimeSynchronizer(message_filters::sync_policies::ExactTime<sensor_msgs::msg::Image_<std::allocator<void> >, sensor_msgs::msg::PointCloud2_<std::allocator<void> > >, message_filters::Subscriber<sensor_msgs::msg::Image_<std::allocator<void> > >&, message_filters::Subscriber<sensor_msgs::msg::PointCloud2_<std::allocator<void> > >&)[m[K’
[6.028s]      { return unique_ptr<_Tp>([01;31m[Knew _Tp(std::forward<_Args>(__args)...)[m[K); }
[6.028s]                               [01;31m[K^~~~~~~~~~~~~~~~~~~~~~~~~~~~~~~~~~~~~~~[m[K
[6.028s] In file included from [01m[K/home/turgay/dev_ws/src/ros2_robot/ground_plane_estimator/include/ground_plane_estimator/ground_plane_estimator_node.hpp:29:0[m[K,
[6.028s]                  from [01m[K/home/turgay/dev_ws/src/ros2_robot/ground_plane_estimator/src/ground_plane_estimator_node.cpp:7[m[K:
[6.028s] [01m[K/opt/ros/dashing/include/message_filters/time_synchronizer.h:170:3:[m[K [01;36m[Knote: [m[Kcandidate: message_filters::TimeSynchronizer<M0, M1, M2, M3, M4, M5, M6, M7, M8>::TimeSynchronizer(uint32_t) [with M0 = sensor_msgs::msg::Image_<std::allocator<void> >; M1 = sensor_msgs::msg::PointCloud2_<std::allocator<void> >; M2 = message_filters::NullType; M3 = message_filters::NullType; M4 = message_filters::NullType; M5 = message_filters::NullType; M6 = message_filters::NullType; M7 = message_filters::NullType; M8 = message_filters::NullType; uint32_t = unsigned int]
[6.029s]    [01;36m[KTimeSynchronizer[m[K(uint32_t queue_size)
[6.029s]    [01;36m[K^~~~~~~~~~~~~~~~[m[K
[6.029s] [01m[K/opt/ros/dashing/include/message_filters/time_synchronizer.h:170:3:[m[K [01;36m[Knote: [m[K  candidate expects 1 argument, 3 provided
[6.029s] [01m[K/opt/ros/dashing/include/message_filters/time_synchronizer.h:164:3:[m[K [01;36m[Knote: [m[Kcandidate: template<class F0, class F1, class F2, class F3, class F4, class F5, class F6, class F7, class F8> message_filters::TimeSynchronizer<M0, M1, M2, M3, M4, M5, M6, M7, M8>::TimeSynchronizer(F0&, F1&, F2&, F3&, F4&, F5&, F6&, F7&, F8&, uint32_t)
[6.029s]    [01;36m[KTimeSynchronizer[m[K(F0& f0, F1& f1, F2& f2, F3& f3, F4& f4, F5& f5, F6& f6, F7& f7, F8& f8, uint32_t queue_size)
[6.029s]    [01;36m[K^~~~~~~~~~~~~~~~[m[K
[6.029s] [01m[K/opt/ros/dashing/include/message_filters/time_synchronizer.h:164:3:[m[K [01;36m[Knote: [m[K  template argument deduction/substitution failed:
[6.029s] In file included from [01m[K/usr/include/c++/7/memory:80:0[m[K,
[6.029s]                  from [01m[K/home/turgay/dev_ws/src/ros2_robot/ground_plane_estimator/src/ground_plane_estimator_node.cpp:4[m[K:
[6.030s] [01m[K/usr/include/c++/7/bits/unique_ptr.h:821:30:[m[K [01;36m[Knote: [m[K  candidate expects 10 arguments, 3 provided
[6.030s]      { return unique_ptr<_Tp>([01;36m[Knew _Tp(std::forward<_Args>(__args)...)[m[K); }
[6.030s]                               [01;36m[K^~~~~~~~~~~~~~~~~~~~~~~~~~~~~~~~~~~~~~~[m[K
[6.030s] In file included from [01m[K/home/turgay/dev_ws/src/ros2_robot/ground_plane_estimator/include/ground_plane_estimator/ground_plane_estimator_node.hpp:29:0[m[K,
[6.030s]                  from [01m[K/home/turgay/dev_ws/src/ros2_robot/ground_plane_estimator/src/ground_plane_estimator_node.cpp:7[m[K:
[6.030s] [01m[K/opt/ros/dashing/include/message_filters/time_synchronizer.h:157:3:[m[K [01;36m[Knote: [m[Kcandidate: template<class F0, class F1, class F2, class F3, class F4, class F5, class F6, class F7> message_filters::TimeSynchronizer<M0, M1, M2, M3, M4, M5, M6, M7, M8>::TimeSynchronizer(F0&, F1&, F2&, F3&, F4&, F5&, F6&, F7&, uint32_t)
[6.030s]    [01;36m[KTimeSynchronizer[m[K(F0& f0, F1& f1, F2& f2, F3& f3, F4& f4, F5& f5, F6& f6, F7& f7, uint32_t queue_size)
[6.030s]    [01;36m[K^~~~~~~~~~~~~~~~[m[K
[6.031s] [01m[K/opt/ros/dashing/include/message_filters/time_synchronizer.h:157:3:[m[K [01;36m[Knote: [m[K  template argument deduction/substitution failed:
[6.031s] In file included from [01m[K/usr/include/c++/7/memory:80:0[m[K,
[6.031s]                  from [01m[K/home/turgay/dev_ws/src/ros2_robot/ground_plane_estimator/src/ground_plane_estimator_node.cpp:4[m[K:
[6.031s] [01m[K/usr/include/c++/7/bits/unique_ptr.h:821:30:[m[K [01;36m[Knote: [m[K  candidate expects 9 arguments, 3 provided
[6.031s]      { return unique_ptr<_Tp>([01;36m[Knew _Tp(std::forward<_Args>(__args)...)[m[K); }
[6.031s]                               [01;36m[K^~~~~~~~~~~~~~~~~~~~~~~~~~~~~~~~~~~~~~~[m[K
[6.031s] In file included from [01m[K/home/turgay/dev_ws/src/ros2_robot/ground_plane_estimator/include/ground_plane_estimator/ground_plane_estimator_node.hpp:29:0[m[K,
[6.031s]                  from [01m[K/home/turgay/dev_ws/src/ros2_robot/ground_plane_estimator/src/ground_plane_estimator_node.cpp:7[m[K:
[6.032s] [01m[K/opt/ros/dashing/include/message_filters/time_synchronizer.h:150:3:[m[K [01;36m[Knote: [m[Kcandidate: template<class F0, class F1, class F2, class F3, class F4, class F5, class F6> message_filters::TimeSynchronizer<M0, M1, M2, M3, M4, M5, M6, M7, M8>::TimeSynchronizer(F0&, F1&, F2&, F3&, F4&, F5&, F6&, uint32_t)
[6.032s]    [01;36m[KTimeSynchronizer[m[K(F0& f0, F1& f1, F2& f2, F3& f3, F4& f4, F5& f5, F6& f6, uint32_t queue_size)
[6.032s]    [01;36m[K^~~~~~~~~~~~~~~~[m[K
[6.032s] [01m[K/opt/ros/dashing/include/message_filters/time_synchronizer.h:150:3:[m[K [01;36m[Knote: [m[K  template argument deduction/substitution failed:
[6.032s] In file included from [01m[K/usr/include/c++/7/memory:80:0[m[K,
[6.032s]                  from [01m[K/home/turgay/dev_ws/src/ros2_robot/ground_plane_estimator/src/ground_plane_estimator_node.cpp:4[m[K:
[6.032s] [01m[K/usr/include/c++/7/bits/unique_ptr.h:821:30:[m[K [01;36m[Knote: [m[K  candidate expects 8 arguments, 3 provided
[6.033s]      { return unique_ptr<_Tp>([01;36m[Knew _Tp(std::forward<_Args>(__args)...)[m[K); }
[6.033s]                               [01;36m[K^~~~~~~~~~~~~~~~~~~~~~~~~~~~~~~~~~~~~~~[m[K
[6.033s] In file included from [01m[K/home/turgay/dev_ws/src/ros2_robot/ground_plane_estimator/include/ground_plane_estimator/ground_plane_estimator_node.hpp:29:0[m[K,
[6.033s]                  from [01m[K/home/turgay/dev_ws/src/ros2_robot/ground_plane_estimator/src/ground_plane_estimator_node.cpp:7[m[K:
[6.033s] [01m[K/opt/ros/dashing/include/message_filters/time_synchronizer.h:143:3:[m[K [01;36m[Knote: [m[Kcandidate: template<class F0, class F1, class F2, class F3, class F4, class F5> message_filters::TimeSynchronizer<M0, M1, M2, M3, M4, M5, M6, M7, M8>::TimeSynchronizer(F0&, F1&, F2&, F3&, F4&, F5&, uint32_t)
[6.033s]    [01;36m[KTimeSynchronizer[m[K(F0& f0, F1& f1, F2& f2, F3& f3, F4& f4, F5& f5, uint32_t queue_size)
[6.033s]    [01;36m[K^~~~~~~~~~~~~~~~[m[K
[6.033s] [01m[K/opt/ros/dashing/include/message_filters/time_synchronizer.h:143:3:[m[K [01;36m[Knote: [m[K  template argument deduction/substitution failed:
[6.034s] In file included from [01m[K/usr/include/c++/7/memory:80:0[m[K,
[6.034s]                  from [01m[K/home/turgay/dev_ws/src/ros2_robot/ground_plane_estimator/src/ground_plane_estimator_node.cpp:4[m[K:
[6.034s] [01m[K/usr/include/c++/7/bits/unique_ptr.h:821:30:[m[K [01;36m[Knote: [m[K  candidate expects 7 arguments, 3 provided
[6.034s]      { return unique_ptr<_Tp>([01;36m[Knew _Tp(std::forward<_Args>(__args)...)[m[K); }
[6.034s]                               [01;36m[K^~~~~~~~~~~~~~~~~~~~~~~~~~~~~~~~~~~~~~~[m[K
[6.034s] In file included from [01m[K/home/turgay/dev_ws/src/ros2_robot/ground_plane_estimator/include/ground_plane_estimator/ground_plane_estimator_node.hpp:29:0[m[K,
[6.034s]                  from [01m[K/home/turgay/dev_ws/src/ros2_robot/ground_plane_estimator/src/ground_plane_estimator_node.cpp:7[m[K:
[6.035s] [01m[K/opt/ros/dashing/include/message_filters/time_synchronizer.h:136:3:[m[K [01;36m[Knote: [m[Kcandidate: template<class F0, class F1, class F2, class F3, class F4> message_filters::TimeSynchronizer<M0, M1, M2, M3, M4, M5, M6, M7, M8>::TimeSynchronizer(F0&, F1&, F2&, F3&, F4&, uint32_t)
[6.035s]    [01;36m[KTimeSynchronizer[m[K(F0& f0, F1& f1, F2& f2, F3& f3, F4& f4, uint32_t queue_size)
[6.035s]    [01;36m[K^~~~~~~~~~~~~~~~[m[K
[6.035s] [01m[K/opt/ros/dashing/include/message_filters/time_synchronizer.h:136:3:[m[K [01;36m[Knote: [m[K  template argument deduction/substitution failed:
[6.035s] In file included from [01m[K/usr/include/c++/7/memory:80:0[m[K,
[6.035s]                  from [01m[K/home/turgay/dev_ws/src/ros2_robot/ground_plane_estimator/src/ground_plane_estimator_node.cpp:4[m[K:
[6.035s] [01m[K/usr/include/c++/7/bits/unique_ptr.h:821:30:[m[K [01;36m[Knote: [m[K  candidate expects 6 arguments, 3 provided
[6.036s]      { return unique_ptr<_Tp>([01;36m[Knew _Tp(std::forward<_Args>(__args)...)[m[K); }
[6.036s]                               [01;36m[K^~~~~~~~~~~~~~~~~~~~~~~~~~~~~~~~~~~~~~~[m[K
[6.036s] In file included from [01m[K/home/turgay/dev_ws/src/ros2_robot/ground_plane_estimator/include/ground_plane_estimator/ground_plane_estimator_node.hpp:29:0[m[K,
[6.036s]                  from [01m[K/home/turgay/dev_ws/src/ros2_robot/ground_plane_estimator/src/ground_plane_estimator_node.cpp:7[m[K:
[6.036s] [01m[K/opt/ros/dashing/include/message_filters/time_synchronizer.h:129:3:[m[K [01;36m[Knote: [m[Kcandidate: template<class F0, class F1, class F2, class F3> message_filters::TimeSynchronizer<M0, M1, M2, M3, M4, M5, M6, M7, M8>::TimeSynchronizer(F0&, F1&, F2&, F3&, uint32_t)
[6.036s]    [01;36m[KTimeSynchronizer[m[K(F0& f0, F1& f1, F2& f2, F3& f3, uint32_t queue_size)
[6.036s]    [01;36m[K^~~~~~~~~~~~~~~~[m[K
[6.036s] [01m[K/opt/ros/dashing/include/message_filters/time_synchronizer.h:129:3:[m[K [01;36m[Knote: [m[K  template argument deduction/substitution failed:
[6.036s] In file included from [01m[K/usr/include/c++/7/memory:80:0[m[K,
[6.037s]                  from [01m[K/home/turgay/dev_ws/src/ros2_robot/ground_plane_estimator/src/ground_plane_estimator_node.cpp:4[m[K:
[6.037s] [01m[K/usr/include/c++/7/bits/unique_ptr.h:821:30:[m[K [01;36m[Knote: [m[K  candidate expects 5 arguments, 3 provided
[6.037s]      { return unique_ptr<_Tp>([01;36m[Knew _Tp(std::forward<_Args>(__args)...)[m[K); }
[6.037s]                               [01;36m[K^~~~~~~~~~~~~~~~~~~~~~~~~~~~~~~~~~~~~~~[m[K
[6.037s] In file included from [01m[K/home/turgay/dev_ws/src/ros2_robot/ground_plane_estimator/include/ground_plane_estimator/ground_plane_estimator_node.hpp:29:0[m[K,
[6.037s]                  from [01m[K/home/turgay/dev_ws/src/ros2_robot/ground_plane_estimator/src/ground_plane_estimator_node.cpp:7[m[K:
[6.038s] [01m[K/opt/ros/dashing/include/message_filters/time_synchronizer.h:122:3:[m[K [01;36m[Knote: [m[Kcandidate: template<class F0, class F1, class F2> message_filters::TimeSynchronizer<M0, M1, M2, M3, M4, M5, M6, M7, M8>::TimeSynchronizer(F0&, F1&, F2&, uint32_t)
[6.038s]    [01;36m[KTimeSynchronizer[m[K(F0& f0, F1& f1, F2& f2, uint32_t queue_size)
[6.038s]    [01;36m[K^~~~~~~~~~~~~~~~[m[K
[6.038s] [01m[K/opt/ros/dashing/include/message_filters/time_synchronizer.h:122:3:[m[K [01;36m[Knote: [m[K  template argument deduction/substitution failed:
[6.038s] In file included from [01m[K/usr/include/c++/7/memory:80:0[m[K,
[6.039s]                  from [01m[K/home/turgay/dev_ws/src/ros2_robot/ground_plane_estimator/src/ground_plane_estimator_node.cpp:4[m[K:
[6.039s] [01m[K/usr/include/c++/7/bits/unique_ptr.h:821:30:[m[K [01;36m[Knote: [m[K  candidate expects 4 arguments, 3 provided
[6.039s]      { return unique_ptr<_Tp>([01;36m[Knew _Tp(std::forward<_Args>(__args)...)[m[K); }
[6.039s]                               [01;36m[K^~~~~~~~~~~~~~~~~~~~~~~~~~~~~~~~~~~~~~~[m[K
[6.039s] In file included from [01m[K/home/turgay/dev_ws/src/ros2_robot/ground_plane_estimator/include/ground_plane_estimator/ground_plane_estimator_node.hpp:29:0[m[K,
[6.039s]                  from [01m[K/home/turgay/dev_ws/src/ros2_robot/ground_plane_estimator/src/ground_plane_estimator_node.cpp:7[m[K:
[6.040s] [01m[K/opt/ros/dashing/include/message_filters/time_synchronizer.h:115:3:[m[K [01;36m[Knote: [m[Kcandidate: template<class F0, class F1> message_filters::TimeSynchronizer<M0, M1, M2, M3, M4, M5, M6, M7, M8>::TimeSynchronizer(F0&, F1&, uint32_t)
[6.040s]    [01;36m[KTimeSynchronizer[m[K(F0& f0, F1& f1, uint32_t queue_size)
[6.040s]    [01;36m[K^~~~~~~~~~~~~~~~[m[K
[6.040s] [01m[K/opt/ros/dashing/include/message_filters/time_synchronizer.h:115:3:[m[K [01;36m[Knote: [m[K  template argument deduction/substitution failed:
[6.040s] In file included from [01m[K/usr/include/c++/7/memory:80:0[m[K,
[6.041s]                  from [01m[K/home/turgay/dev_ws/src/ros2_robot/ground_plane_estimator/src/ground_plane_estimator_node.cpp:4[m[K:
[6.041s] [01m[K/usr/include/c++/7/bits/unique_ptr.h:821:30:[m[K [01;36m[Knote: [m[K  cannot convert ‘[01m[Kstd::forward<message_filters::Subscriber<sensor_msgs::msg::PointCloud2_<std::allocator<void> > >&>((* & __args#2))[m[K’ (type ‘[01m[Kmessage_filters::Subscriber<sensor_msgs::msg::PointCloud2_<std::allocator<void> > >[m[K’) to type ‘[01m[Kuint32_t {aka unsigned int}[m[K’
[6.041s]      { return unique_ptr<_Tp>([01;36m[Knew _Tp(std::forward<_Args>(__args)...)[m[K); }
[6.041s]                               [01;36m[K^~~~~~~~~~~~~~~~~~~~~~~~~~~~~~~~~~~~~~~[m[K
[7.450s] In file included from [01m[K/usr/include/pcl-1.8/pcl/sample_consensus/sac_model.h:52:0[m[K,
[7.451s]                  from [01m[K/usr/include/pcl-1.8/pcl/sample_consensus/sac.h:45[m[K,
[7.451s]                  from [01m[K/usr/include/pcl-1.8/pcl/segmentation/sac_segmentation.h:49[m[K,
[7.451s]                  from [01m[K/home/turgay/dev_ws/src/ros2_robot/ground_plane_estimator/include/ground_plane_estimator/ground_plane_estimator_node.hpp:39[m[K,
[7.451s]                  from [01m[K/home/turgay/dev_ws/src/ros2_robot/ground_plane_estimator/src/ground_plane_estimator_node.cpp:7[m[K:
[7.452s] [01m[K/usr/include/pcl-1.8/pcl/sample_consensus/model_types.h:[m[K In function ‘[01m[Kvoid __static_initialization_and_destruction_0(int, int)[m[K’:
[7.452s] [01m[K/usr/include/pcl-1.8/pcl/sample_consensus/model_types.h:99:3:[m[K [01;35m[Kwarning: [m[K‘[01m[Kpcl::SAC_SAMPLE_SIZE[m[K’ is deprecated: This map is deprecated and is kept only to prevent breaking existing user code. Starting from PCL 1.8.0 model sample size is a protected member of the SampleConsensusModel class [[01;35m[K-Wdeprecated-declarations[m[K]
[7.452s]    [01;35m[KSAC_SAMPLE_SIZE[m[K (sample_size_pairs, sample_size_pairs + sizeof (sample_size_pairs) / sizeof (SampleSizeModel));
[7.452s]    [01;35m[K^~~~~~~~~~~~~~~[m[K
[7.452s] [01m[K/usr/include/pcl-1.8/pcl/sample_consensus/model_types.h:99:3:[m[K [01;36m[Knote: [m[Kdeclared here
[7.969s] make[2]: *** [CMakeFiles/ground_plane_estimator_node.dir/src/ground_plane_estimator_node.cpp.o] Error 1
[7.970s] CMakeFiles/ground_plane_estimator_node.dir/build.make:62: recipe for target 'CMakeFiles/ground_plane_estimator_node.dir/src/ground_plane_estimator_node.cpp.o' failed
[7.970s] make[1]: *** [CMakeFiles/ground_plane_estimator_node.dir/all] Error 2
[7.971s] CMakeFiles/Makefile2:67: recipe for target 'CMakeFiles/ground_plane_estimator_node.dir/all' failed
[7.971s] Makefile:140: recipe for target 'all' failed
[7.971s] make: *** [all] Error 2
