[0.000000] (-) TimerEvent: {}
[0.001530] (-) JobUnselected: {'identifier': 'realsense_t265_node'}
[0.001758] (-) JobUnselected: {'identifier': 'realsense_t265_ros'}
[0.001897] (-) JobUnselected: {'identifier': 'remote_control'}
[0.002069] (-) JobUnselected: {'identifier': 'simple_gps'}
[0.002154] (ground_plane_estimator) JobQueued: {'identifier': 'ground_plane_estimator', 'dependencies': OrderedDict()}
[0.002267] (ground_plane_estimator) JobStarted: {'identifier': 'ground_plane_estimator'}
[0.019145] (ground_plane_estimator) JobProgress: {'identifier': 'ground_plane_estimator', 'progress': 'cmake'}
[0.020666] (ground_plane_estimator) JobProgress: {'identifier': 'ground_plane_estimator', 'progress': 'build'}
[0.022001] (ground_plane_estimator) Command: {'cmd': ['/usr/bin/cmake', '--build', '/home/turgay/dev_ws/src/ros2_robot/build/ground_plane_estimator', '--', '-j12', '-l12'], 'cwd': '/home/turgay/dev_ws/src/ros2_robot/build/ground_plane_estimator', 'env': OrderedDict([('GJS_DEBUG_TOPICS', 'JS ERROR;JS LOG'), ('LESSOPEN', '| /usr/bin/lesspipe %s'), ('USER', 'turgay'), ('LIBVA_DRIVERS_PATH', '/opt/intel/mediasdk/lib64'), ('TEXTDOMAIN', 'im-config'), ('XDG_SEAT', 'seat0'), ('SSH_AGENT_PID', '1886'), ('XDG_SESSION_TYPE', 'x11'), ('SHLVL', '2'), ('LD_LIBRARY_PATH', '/opt/robot_devkit/tools/rtmonitor/lib:/opt/robot_devkit/tools/rtmonitor_msgs/lib:/opt/robot_devkit/tools/perf_msgs/lib:/opt/robot_devkit/perception/dynamic_vino_lib/lib:/opt/robot_devkit/perception/vino_param_lib/lib:/opt/robot_devkit/perception/robot_interface/lib:/opt/robot_devkit/perception/realsense_ros/lib:/opt/robot_devkit/perception/realsense_msgs/lib:/opt/robot_devkit/perception/pipeline_srv_msgs/lib:/opt/robot_devkit/perception/grasp_ros2/lib:/opt/robot_devkit/perception/people_msgs/lib:/opt/robot_devkit/perception/object_analytics_node/lib:/opt/robot_devkit/perception/object_analytics_msgs/lib:/opt/robot_devkit/perception/moveit_msgs/lib:/opt/robot_devkit/perception/handeye_tf_service/lib:/opt/robot_devkit/perception/grasp_msgs/lib:/opt/ros/dashing/opt/yaml_cpp_vendor/lib:/opt/ros/dashing/opt/rviz_ogre_vendor/lib:/opt/ros/dashing/lib'), ('QT4_IM_MODULE', 'xim'), ('HOME', '/home/turgay'), ('CHROME_DESKTOP', 'code-url-handler.desktop'), ('DESKTOP_SESSION', 'ubuntu'), ('TERM_PROGRAM_VERSION', '1.44.2'), ('GIO_LAUNCHED_DESKTOP_FILE', '/var/lib/snapd/desktop/applications/code_code.desktop'), ('GNOME_SHELL_SESSION_MODE', 'ubuntu'), ('GTK_MODULES', 'gail:atk-bridge'), ('APPLICATION_INSIGHTS_NO_DIAGNOSTIC_CHANNEL', 'true'), ('ROS_PYTHON_VERSION', '3'), ('DBUS_SESSION_BUS_ADDRESS', 'unix:path=/run/user/1000/bus'), ('GIO_LAUNCHED_DESKTOP_FILE_PID', '2676'), ('COLORTERM', 'truecolor'), ('IM_CONFIG_PHASE', '2'), ('COLCON_PREFIX_PATH', '/opt/robot_devkit/tools:/opt/robot_devkit/perception'), ('ROS_DISTRO', 'dashing'), ('LOGNAME', 'turgay'), ('GTK_IM_MODULE', 'ibus'), ('_', '/snap/code/31/usr/share/code/code'), ('ROS_VERSION', '2'), ('USERNAME', 'turgay'), ('XDG_SESSION_ID', '1'), ('TERM', 'xterm-256color'), ('GNOME_DESKTOP_SESSION_ID', 'this-is-deprecated'), ('WINDOWPATH', '1'), ('PATH', '/home/turgay/.local/bin:/opt/robot_devkit/perception/recognize_pick/bin:/opt/robot_devkit/perception/random_pick/bin:/opt/robot_devkit/perception/fixed_position_pick/bin:/opt/robot_devkit/perception/draw_x/bin:/opt/robot_devkit/perception/realsense_node/bin:/opt/robot_devkit/perception/grasp_ros2/bin:/opt/robot_devkit/perception/handeye_dashboard/bin:/opt/ros/dashing/bin:/home/turgay/.local/bin:/usr/local/sbin:/usr/local/bin:/usr/sbin:/usr/bin:/sbin:/bin:/usr/games:/usr/local/games:/snap/bin:/home/turgay/.dotnet/tools:/home/turgay/.dotnet/tools'), ('SESSION_MANAGER', 'local/turgaydesktop:@/tmp/.ICE-unix/1791,unix/turgaydesktop:/tmp/.ICE-unix/1791'), ('XDG_MENU_PREFIX', 'gnome-'), ('BAMF_DESKTOP_FILE_HINT', '/var/lib/snapd/desktop/applications/code_code.desktop'), ('XDG_RUNTIME_DIR', '/run/user/1000/snap.code'), ('DISPLAY', ':0'), ('LANG', 'en_US.UTF-8'), ('XDG_CURRENT_DESKTOP', 'Unity'), ('LIBVA_DRIVER_NAME', 'iHD'), ('XDG_SESSION_DESKTOP', 'ubuntu'), ('XMODIFIERS', '@im=ibus'), ('XAUTHORITY', '/run/user/1000/gdm/Xauthority'), ('TERM_PROGRAM', 'vscode'), ('SSH_AUTH_SOCK', '/run/user/1000/keyring/ssh'), ('GSETTINGS_SCHEMA_DIR', '/snap/code/31/usr/share/glib-2.0/schemas'), ('MFX_HOME', '/opt/intel/mediasdk'), ('AMENT_PREFIX_PATH', '/opt/robot_devkit/tools/rtmonitor_test:/opt/robot_devkit/tools/rtmonitor:/opt/robot_devkit/tools/rtmonitor_msgs:/opt/robot_devkit/tools/rdk_perf:/opt/robot_devkit/tools/perf_msgs:/opt/robot_devkit/perception/dynamic_vino_sample:/opt/robot_devkit/perception/dynamic_vino_lib:/opt/robot_devkit/perception/vino_param_lib:/opt/robot_devkit/perception/ur_description:/opt/robot_devkit/perception/recognize_pick:/opt/robot_devkit/perception/random_pick:/opt/robot_devkit/perception/fixed_position_pick:/opt/robot_devkit/perception/draw_x:/opt/robot_devkit/perception/robot_interface:/opt/robot_devkit/perception/realsense_examples:/opt/robot_devkit/perception/realsense_node:/opt/robot_devkit/perception/realsense_ros:/opt/robot_devkit/perception/realsense_msgs:/opt/robot_devkit/perception/pipeline_srv_msgs:/opt/robot_devkit/perception/grasp_ros2:/opt/robot_devkit/perception/people_msgs:/opt/robot_devkit/perception/object_analytics_rviz:/opt/robot_devkit/perception/object_analytics_node:/opt/robot_devkit/perception/object_analytics_msgs:/opt/robot_devkit/perception/moveit_msgs:/opt/robot_devkit/perception/handeye_tf_service:/opt/robot_devkit/perception/handeye_target_detection:/opt/robot_devkit/perception/handeye_dashboard:/opt/robot_devkit/perception/handeye:/opt/robot_devkit/perception/grasp_tutorials:/opt/robot_devkit/perception/grasp_msgs:/opt/robot_devkit/perception/criutils:/opt/robot_devkit/perception/baldor:/opt/ros/dashing'), ('DISABLE_WAYLAND', '1'), ('SHELL', '/bin/bash'), ('GDK_PIXBUF_MODULEDIR', '/snap/code/31/usr/lib/x86_64-linux-gnu/gdk-pixbuf-2.0/2.10.0/loaders'), ('QT_ACCESSIBILITY', '1'), ('GDMSESSION', 'ubuntu'), ('LESSCLOSE', '/usr/bin/lesspipe %s %s'), ('TEXTDOMAINDIR', '/usr/share/locale/'), ('GJS_DEBUG_OUTPUT', 'stderr'), ('GDK_PIXBUF_MODULE_FILE', '/home/turgay/snap/code/common/.cache/gdk-pixbuf-loaders.cache'), ('GPG_AGENT_INFO', '/run/user/1000/gnupg/S.gpg-agent:0:1'), ('XDG_VTNR', '1'), ('QT_IM_MODULE', 'ibus'), ('LC_ALL', 'en_US.UTF-8'), ('PWD', '/home/turgay/dev_ws/src/ros2_robot/build/ground_plane_estimator'), ('CLUTTER_IM_MODULE', 'xim'), ('XDG_DATA_DIRS', '/usr/share/ubuntu:/usr/local/share/:/usr/share/:/var/lib/snapd/desktop'), ('XDG_CONFIG_DIRS', '/etc/xdg/xdg-ubuntu:/etc/xdg'), ('PYTHONPATH', '/opt/robot_devkit/tools/rtmonitor_msgs/lib/python3.6/site-packages:/opt/robot_devkit/tools/rdk_perf/lib/python3.6/site-packages:/opt/robot_devkit/tools/perf_msgs/lib/python3.6/site-packages:/opt/robot_devkit/perception/realsense_msgs/lib/python3.6/site-packages:/opt/robot_devkit/perception/pipeline_srv_msgs/lib/python3.6/site-packages:/opt/robot_devkit/perception/people_msgs/lib/python3.6/site-packages:/opt/robot_devkit/perception/object_analytics_msgs/lib/python3.6/site-packages:/opt/robot_devkit/perception/moveit_msgs/lib/python3.6/site-packages:/opt/robot_devkit/perception/handeye_tf_service/lib/python3.6/site-packages:/opt/robot_devkit/perception/handeye_dashboard/lib/python3.6/site-packages:/opt/robot_devkit/perception/handeye/lib/python3.6/site-packages:/opt/robot_devkit/perception/grasp_msgs/lib/python3.6/site-packages:/opt/robot_devkit/perception/criutils/lib/python3.6/site-packages:/opt/robot_devkit/perception/baldor/lib/python3.6/site-packages:/opt/ros/dashing/lib/python3.6/site-packages'), ('COLCON', '1'), ('CMAKE_PREFIX_PATH', '/opt/robot_devkit/tools/rtmonitor_test:/opt/robot_devkit/tools/rtmonitor:/opt/robot_devkit/tools/rtmonitor_msgs:/opt/robot_devkit/tools/perf_msgs:/opt/robot_devkit/perception/dynamic_vino_sample:/opt/robot_devkit/perception/dynamic_vino_lib:/opt/robot_devkit/perception/vino_param_lib:/opt/robot_devkit/perception/ur_description:/opt/robot_devkit/perception/recognize_pick:/opt/robot_devkit/perception/random_pick:/opt/robot_devkit/perception/fixed_position_pick:/opt/robot_devkit/perception/draw_x:/opt/robot_devkit/perception/robot_interface:/opt/robot_devkit/perception/realsense_examples:/opt/robot_devkit/perception/realsense_node:/opt/robot_devkit/perception/realsense_ros:/opt/robot_devkit/perception/realsense_msgs:/opt/robot_devkit/perception/pipeline_srv_msgs:/opt/robot_devkit/perception/grasp_ros2:/opt/robot_devkit/perception/people_msgs:/opt/robot_devkit/perception/object_analytics_rviz:/opt/robot_devkit/perception/object_analytics_node:/opt/robot_devkit/perception/object_analytics_msgs:/opt/robot_devkit/perception/moveit_msgs:/opt/robot_devkit/perception/handeye_tf_service:/opt/robot_devkit/perception/handeye_target_detection:/opt/robot_devkit/perception/grasp_tutorials:/opt/robot_devkit/perception/grasp_msgs:/opt/robot_devkit/tools/rdk_perf:/opt/robot_devkit/perception/handeye_dashboard:/opt/robot_devkit/perception/handeye:/opt/robot_devkit/perception/criutils:/opt/robot_devkit/perception/baldor:/opt/ros/dashing')]), 'shell': False}
[0.098766] (-) TimerEvent: {}
[0.110733] (ground_plane_estimator) StdoutLine: {'line': b'\x1b[35m\x1b[1mScanning dependencies of target ground_plane_estimator_node\x1b[0m\n'}
[0.198881] (-) TimerEvent: {}
[0.205952] (ground_plane_estimator) StdoutLine: {'line': b'[ 50%] \x1b[32mBuilding CXX object CMakeFiles/ground_plane_estimator_node.dir/src/ground_plane_estimator_node.cpp.o\x1b[0m\n'}
[0.299011] (-) TimerEvent: {}
[0.399465] (-) TimerEvent: {}
[0.499849] (-) TimerEvent: {}
[0.600205] (-) TimerEvent: {}
[0.700538] (-) TimerEvent: {}
[0.800936] (-) TimerEvent: {}
[0.901518] (-) TimerEvent: {}
[1.001984] (-) TimerEvent: {}
[1.102394] (-) TimerEvent: {}
[1.202835] (-) TimerEvent: {}
[1.303313] (-) TimerEvent: {}
[1.403769] (-) TimerEvent: {}
[1.504131] (-) TimerEvent: {}
[1.604574] (-) TimerEvent: {}
[1.705041] (-) TimerEvent: {}
[1.805579] (-) TimerEvent: {}
[1.906079] (-) TimerEvent: {}
[2.006665] (-) TimerEvent: {}
[2.107162] (-) TimerEvent: {}
[2.207660] (-) TimerEvent: {}
[2.308136] (-) TimerEvent: {}
[2.408629] (-) TimerEvent: {}
[2.509019] (-) TimerEvent: {}
[2.609386] (-) TimerEvent: {}
[2.709864] (-) TimerEvent: {}
[2.810280] (-) TimerEvent: {}
[2.910726] (-) TimerEvent: {}
[3.011317] (-) TimerEvent: {}
[3.111901] (-) TimerEvent: {}
[3.212462] (-) TimerEvent: {}
[3.312855] (-) TimerEvent: {}
[3.413270] (-) TimerEvent: {}
[3.513714] (-) TimerEvent: {}
[3.614286] (-) TimerEvent: {}
[3.714737] (-) TimerEvent: {}
[3.815239] (-) TimerEvent: {}
[3.915724] (-) TimerEvent: {}
[4.016214] (-) TimerEvent: {}
[4.116742] (-) TimerEvent: {}
[4.217234] (-) TimerEvent: {}
[4.317724] (-) TimerEvent: {}
[4.418179] (-) TimerEvent: {}
[4.518668] (-) TimerEvent: {}
[4.619144] (-) TimerEvent: {}
[4.719628] (-) TimerEvent: {}
[4.820042] (-) TimerEvent: {}
[4.920421] (-) TimerEvent: {}
[5.020758] (-) TimerEvent: {}
[5.121179] (-) TimerEvent: {}
[5.221644] (-) TimerEvent: {}
[5.322128] (-) TimerEvent: {}
[5.422640] (-) TimerEvent: {}
[5.523124] (-) TimerEvent: {}
[5.623632] (-) TimerEvent: {}
[5.633959] (ground_plane_estimator) StderrLine: {'line': b'In file included from \x1b[01m\x1b[K/home/turgay/dev_ws/src/ros2_robot/ground_plane_estimator/src/ground_plane_estimator_node.cpp:7:0\x1b[m\x1b[K:\n'}
[5.634431] (ground_plane_estimator) StderrLine: {'line': b'\x1b[01m\x1b[K/home/turgay/dev_ws/src/ros2_robot/ground_plane_estimator/include/ground_plane_estimator/ground_plane_estimator_node.hpp:78:43:\x1b[m\x1b[K \x1b[01;31m\x1b[Kerror: \x1b[m\x1b[K\xe2\x80\x98\x1b[01m\x1b[KImageConstPtr\x1b[m\x1b[K\xe2\x80\x99 in namespace \xe2\x80\x98\x1b[01m\x1b[Ksensor_msgs\x1b[m\x1b[K\xe2\x80\x99 does not name a type\n'}
[5.634706] (ground_plane_estimator) StderrLine: {'line': b'     void imageSegment( const sensor_msgs::\x1b[01;31m\x1b[KImageConstPtr\x1b[m\x1b[K& msg );\n'}
[5.634918] (ground_plane_estimator) StderrLine: {'line': b'                                           \x1b[01;31m\x1b[K^~~~~~~~~~~~~\x1b[m\x1b[K\n'}
[5.723759] (-) TimerEvent: {}
[5.734728] (ground_plane_estimator) StderrLine: {'line': b'\x1b[01m\x1b[K/home/turgay/dev_ws/src/ros2_robot/ground_plane_estimator/src/ground_plane_estimator_node.cpp:252:70:\x1b[m\x1b[K \x1b[01;31m\x1b[Kerror: \x1b[m\x1b[K\xe2\x80\x98\x1b[01m\x1b[KImageConstPtr\x1b[m\x1b[K\xe2\x80\x99 in namespace \xe2\x80\x98\x1b[01m\x1b[Ksensor_msgs::msg\x1b[m\x1b[K\xe2\x80\x99 does not name a type\n'}
[5.735394] (ground_plane_estimator) StderrLine: {'line': b' void GroundPlaneEstimatorNode::imageSegment( const sensor_msgs::msg::\x1b[01;31m\x1b[KImageConstPtr\x1b[m\x1b[K& msg ) {\n'}
[5.735676] (ground_plane_estimator) StderrLine: {'line': b'                                                                      \x1b[01;31m\x1b[K^~~~~~~~~~~~~\x1b[m\x1b[K\n'}
[5.735915] (ground_plane_estimator) StderrLine: {'line': b'\x1b[01m\x1b[K/home/turgay/dev_ws/src/ros2_robot/ground_plane_estimator/src/ground_plane_estimator_node.cpp:\x1b[m\x1b[K In member function \xe2\x80\x98\x1b[01m\x1b[Kvoid GroundPlaneEstimatorNode::imageSegment(const int&)\x1b[m\x1b[K\xe2\x80\x99:\n'}
[5.736139] (ground_plane_estimator) StderrLine: {'line': b'\x1b[01m\x1b[K/home/turgay/dev_ws/src/ros2_robot/ground_plane_estimator/src/ground_plane_estimator_node.cpp:255:50:\x1b[m\x1b[K \x1b[01;31m\x1b[Kerror: \x1b[m\x1b[Kno matching function for call to \xe2\x80\x98\x1b[01m\x1b[KtoCvCopy(const int&, const char [5])\x1b[m\x1b[K\xe2\x80\x99\n'}
[5.736391] (ground_plane_estimator) StderrLine: {'line': b'         cv_ptr = cv_bridge::toCvCopy( msg, "rgb8"\x1b[01;31m\x1b[K)\x1b[m\x1b[K;\n'}
[5.736617] (ground_plane_estimator) StderrLine: {'line': b'                                                  \x1b[01;31m\x1b[K^\x1b[m\x1b[K\n'}
[5.736869] (ground_plane_estimator) StderrLine: {'line': b'In file included from \x1b[01m\x1b[K/home/turgay/dev_ws/src/ros2_robot/ground_plane_estimator/include/ground_plane_estimator/ground_plane_estimator_node.hpp:21:0\x1b[m\x1b[K,\n'}
[5.737312] (ground_plane_estimator) StderrLine: {'line': b'                 from \x1b[01m\x1b[K/home/turgay/dev_ws/src/ros2_robot/ground_plane_estimator/src/ground_plane_estimator_node.cpp:7\x1b[m\x1b[K:\n'}
[5.737727] (ground_plane_estimator) StderrLine: {'line': b'\x1b[01m\x1b[K/opt/ros/dashing/include/cv_bridge/cv_bridge.h:175:29:\x1b[m\x1b[K \x1b[01;36m\x1b[Knote: \x1b[m\x1b[Kcandidate: cv_bridge::CvImagePtr cv_bridge::toCvCopy(const ConstSharedPtr&, const string&)\n'}
[5.738132] (ground_plane_estimator) StderrLine: {'line': b' CV_BRIDGE_EXPORT CvImagePtr \x1b[01;36m\x1b[KtoCvCopy\x1b[m\x1b[K(\n'}
[5.738519] (ground_plane_estimator) StderrLine: {'line': b'                             \x1b[01;36m\x1b[K^~~~~~~~\x1b[m\x1b[K\n'}
[5.738902] (ground_plane_estimator) StderrLine: {'line': b'\x1b[01m\x1b[K/opt/ros/dashing/include/cv_bridge/cv_bridge.h:175:29:\x1b[m\x1b[K \x1b[01;36m\x1b[Knote: \x1b[m\x1b[K  no known conversion for argument 1 from \xe2\x80\x98\x1b[01m\x1b[Kconst int\x1b[m\x1b[K\xe2\x80\x99 to \xe2\x80\x98\x1b[01m\x1b[Kconst ConstSharedPtr& {aka const std::shared_ptr<const sensor_msgs::msg::Image_<std::allocator<void> > >&}\x1b[m\x1b[K\xe2\x80\x99\n'}
[5.739329] (ground_plane_estimator) StderrLine: {'line': b'\x1b[01m\x1b[K/opt/ros/dashing/include/cv_bridge/cv_bridge.h:179:29:\x1b[m\x1b[K \x1b[01;36m\x1b[Knote: \x1b[m\x1b[Kcandidate: cv_bridge::CvImagePtr cv_bridge::toCvCopy(const ConstSharedPtr&, const string&)\n'}
[5.739762] (ground_plane_estimator) StderrLine: {'line': b' CV_BRIDGE_EXPORT CvImagePtr \x1b[01;36m\x1b[KtoCvCopy\x1b[m\x1b[K(\n'}
[5.740176] (ground_plane_estimator) StderrLine: {'line': b'                             \x1b[01;36m\x1b[K^~~~~~~~\x1b[m\x1b[K\n'}
[5.740618] (ground_plane_estimator) StderrLine: {'line': b'\x1b[01m\x1b[K/opt/ros/dashing/include/cv_bridge/cv_bridge.h:179:29:\x1b[m\x1b[K \x1b[01;36m\x1b[Knote: \x1b[m\x1b[K  no known conversion for argument 1 from \xe2\x80\x98\x1b[01m\x1b[Kconst int\x1b[m\x1b[K\xe2\x80\x99 to \xe2\x80\x98\x1b[01m\x1b[Kconst ConstSharedPtr& {aka const std::shared_ptr<const sensor_msgs::msg::CompressedImage_<std::allocator<void> > >&}\x1b[m\x1b[K\xe2\x80\x99\n'}
[5.740849] (ground_plane_estimator) StderrLine: {'line': b'\x1b[01m\x1b[K/opt/ros/dashing/include/cv_bridge/cv_bridge.h:202:29:\x1b[m\x1b[K \x1b[01;36m\x1b[Knote: \x1b[m\x1b[Kcandidate: cv_bridge::CvImagePtr cv_bridge::toCvCopy(const Image&, const string&)\n'}
[5.741082] (ground_plane_estimator) StderrLine: {'line': b' CV_BRIDGE_EXPORT CvImagePtr \x1b[01;36m\x1b[KtoCvCopy\x1b[m\x1b[K(\n'}
[5.741307] (ground_plane_estimator) StderrLine: {'line': b'                             \x1b[01;36m\x1b[K^~~~~~~~\x1b[m\x1b[K\n'}
[5.741534] (ground_plane_estimator) StderrLine: {'line': b'\x1b[01m\x1b[K/opt/ros/dashing/include/cv_bridge/cv_bridge.h:202:29:\x1b[m\x1b[K \x1b[01;36m\x1b[Knote: \x1b[m\x1b[K  no known conversion for argument 1 from \xe2\x80\x98\x1b[01m\x1b[Kconst int\x1b[m\x1b[K\xe2\x80\x99 to \xe2\x80\x98\x1b[01m\x1b[Kconst Image& {aka const sensor_msgs::msg::Image_<std::allocator<void> >&}\x1b[m\x1b[K\xe2\x80\x99\n'}
[5.741784] (ground_plane_estimator) StderrLine: {'line': b'\x1b[01m\x1b[K/opt/ros/dashing/include/cv_bridge/cv_bridge.h:206:29:\x1b[m\x1b[K \x1b[01;36m\x1b[Knote: \x1b[m\x1b[Kcandidate: cv_bridge::CvImagePtr cv_bridge::toCvCopy(const CompressedImage&, const string&)\n'}
[5.742024] (ground_plane_estimator) StderrLine: {'line': b' CV_BRIDGE_EXPORT CvImagePtr \x1b[01;36m\x1b[KtoCvCopy\x1b[m\x1b[K(\n'}
[5.742273] (ground_plane_estimator) StderrLine: {'line': b'                             \x1b[01;36m\x1b[K^~~~~~~~\x1b[m\x1b[K\n'}
[5.742491] (ground_plane_estimator) StderrLine: {'line': b'\x1b[01m\x1b[K/opt/ros/dashing/include/cv_bridge/cv_bridge.h:206:29:\x1b[m\x1b[K \x1b[01;36m\x1b[Knote: \x1b[m\x1b[K  no known conversion for argument 1 from \xe2\x80\x98\x1b[01m\x1b[Kconst int\x1b[m\x1b[K\xe2\x80\x99 to \xe2\x80\x98\x1b[01m\x1b[Kconst CompressedImage& {aka const sensor_msgs::msg::CompressedImage_<std::allocator<void> >&}\x1b[m\x1b[K\xe2\x80\x99\n'}
[5.747811] (ground_plane_estimator) StderrLine: {'line': b'\x1b[01m\x1b[K/home/turgay/dev_ws/src/ros2_robot/ground_plane_estimator/src/ground_plane_estimator_node.cpp:348:47:\x1b[m\x1b[K \x1b[01;35m\x1b[Kwarning: \x1b[m\x1b[K\xe2\x80\x98\x1b[01m\x1b[Kvoid rclcpp::Publisher<MessageT, Alloc>::publish(const std::shared_ptr<const _Tp>&) [with MessageT = sensor_msgs::msg::Image_<std::allocator<void> >; Alloc = std::allocator<void>]\x1b[m\x1b[K\xe2\x80\x99 is deprecated: publishing an unique_ptr is prefered when using intra process communication. If using a shared_ptr, use publish(*msg). [\x1b[01;35m\x1b[K-Wdeprecated-declarations\x1b[m\x1b[K]\n'}
[5.748129] (ground_plane_estimator) StderrLine: {'line': b'     image_pub_->publish( cv_ptr->toImageMsg() \x1b[01;35m\x1b[K)\x1b[m\x1b[K;\n'}
[5.748222] (ground_plane_estimator) StderrLine: {'line': b'                                               \x1b[01;35m\x1b[K^\x1b[m\x1b[K\n'}
[5.748318] (ground_plane_estimator) StderrLine: {'line': b'In file included from \x1b[01m\x1b[K/opt/ros/dashing/include/rclcpp/callback_group.hpp:24:0\x1b[m\x1b[K,\n'}
[5.748399] (ground_plane_estimator) StderrLine: {'line': b'                 from \x1b[01m\x1b[K/opt/ros/dashing/include/rclcpp/any_executable.hpp:20\x1b[m\x1b[K,\n'}
[5.748476] (ground_plane_estimator) StderrLine: {'line': b'                 from \x1b[01m\x1b[K/opt/ros/dashing/include/rclcpp/memory_strategy.hpp:24\x1b[m\x1b[K,\n'}
[5.748552] (ground_plane_estimator) StderrLine: {'line': b'                 from \x1b[01m\x1b[K/opt/ros/dashing/include/rclcpp/memory_strategies.hpp:18\x1b[m\x1b[K,\n'}
[5.748628] (ground_plane_estimator) StderrLine: {'line': b'                 from \x1b[01m\x1b[K/opt/ros/dashing/include/rclcpp/executor.hpp:33\x1b[m\x1b[K,\n'}
[5.748705] (ground_plane_estimator) StderrLine: {'line': b'                 from \x1b[01m\x1b[K/opt/ros/dashing/include/rclcpp/executors/multi_threaded_executor.hpp:24\x1b[m\x1b[K,\n'}
[5.748779] (ground_plane_estimator) StderrLine: {'line': b'                 from \x1b[01m\x1b[K/opt/ros/dashing/include/rclcpp/executors.hpp:21\x1b[m\x1b[K,\n'}
[5.748852] (ground_plane_estimator) StderrLine: {'line': b'                 from \x1b[01m\x1b[K/opt/ros/dashing/include/rclcpp/rclcpp.hpp:144\x1b[m\x1b[K,\n'}
[5.748925] (ground_plane_estimator) StderrLine: {'line': b'                 from \x1b[01m\x1b[K/home/turgay/dev_ws/src/ros2_robot/ground_plane_estimator/include/ground_plane_estimator/ground_plane_estimator_node.hpp:18\x1b[m\x1b[K,\n'}
[5.749008] (ground_plane_estimator) StderrLine: {'line': b'                 from \x1b[01m\x1b[K/home/turgay/dev_ws/src/ros2_robot/ground_plane_estimator/src/ground_plane_estimator_node.cpp:7\x1b[m\x1b[K:\n'}
[5.749084] (ground_plane_estimator) StderrLine: {'line': b'\x1b[01m\x1b[K/opt/ros/dashing/include/rclcpp/publisher.hpp:137:3:\x1b[m\x1b[K \x1b[01;36m\x1b[Knote: \x1b[m\x1b[Kdeclared here\n'}
[5.749159] (ground_plane_estimator) StderrLine: {'line': b'   \x1b[01;36m\x1b[Kpublish\x1b[m\x1b[K(const std::shared_ptr<const MessageT> & msg)\n'}
[5.749236] (ground_plane_estimator) StderrLine: {'line': b'   \x1b[01;36m\x1b[K^~~~~~~\x1b[m\x1b[K\n'}
[5.823907] (-) TimerEvent: {}
[5.924372] (-) TimerEvent: {}
[6.024850] (-) TimerEvent: {}
[6.125347] (-) TimerEvent: {}
[6.225782] (-) TimerEvent: {}
[6.326183] (-) TimerEvent: {}
[6.426651] (-) TimerEvent: {}
[6.527041] (-) TimerEvent: {}
[6.627505] (-) TimerEvent: {}
[6.727905] (-) TimerEvent: {}
[6.828379] (-) TimerEvent: {}
[6.928861] (-) TimerEvent: {}
[7.024228] (ground_plane_estimator) StderrLine: {'line': b'In file included from \x1b[01m\x1b[K/usr/include/pcl-1.8/pcl/sample_consensus/sac_model.h:52:0\x1b[m\x1b[K,\n'}
[7.024643] (ground_plane_estimator) StderrLine: {'line': b'                 from \x1b[01m\x1b[K/usr/include/pcl-1.8/pcl/sample_consensus/sac.h:45\x1b[m\x1b[K,\n'}
[7.024963] (ground_plane_estimator) StderrLine: {'line': b'                 from \x1b[01m\x1b[K/usr/include/pcl-1.8/pcl/segmentation/sac_segmentation.h:49\x1b[m\x1b[K,\n'}
[7.025257] (ground_plane_estimator) StderrLine: {'line': b'                 from \x1b[01m\x1b[K/home/turgay/dev_ws/src/ros2_robot/ground_plane_estimator/include/ground_plane_estimator/ground_plane_estimator_node.hpp:34\x1b[m\x1b[K,\n'}
[7.025563] (ground_plane_estimator) StderrLine: {'line': b'                 from \x1b[01m\x1b[K/home/turgay/dev_ws/src/ros2_robot/ground_plane_estimator/src/ground_plane_estimator_node.cpp:7\x1b[m\x1b[K:\n'}
[7.025776] (ground_plane_estimator) StderrLine: {'line': b'\x1b[01m\x1b[K/usr/include/pcl-1.8/pcl/sample_consensus/model_types.h:\x1b[m\x1b[K In function \xe2\x80\x98\x1b[01m\x1b[Kvoid __static_initialization_and_destruction_0(int, int)\x1b[m\x1b[K\xe2\x80\x99:\n'}
[7.025986] (ground_plane_estimator) StderrLine: {'line': b'\x1b[01m\x1b[K/usr/include/pcl-1.8/pcl/sample_consensus/model_types.h:99:3:\x1b[m\x1b[K \x1b[01;35m\x1b[Kwarning: \x1b[m\x1b[K\xe2\x80\x98\x1b[01m\x1b[Kpcl::SAC_SAMPLE_SIZE\x1b[m\x1b[K\xe2\x80\x99 is deprecated: This map is deprecated and is kept only to prevent breaking existing user code. Starting from PCL 1.8.0 model sample size is a protected member of the SampleConsensusModel class [\x1b[01;35m\x1b[K-Wdeprecated-declarations\x1b[m\x1b[K]\n'}
[7.026209] (ground_plane_estimator) StderrLine: {'line': b'   \x1b[01;35m\x1b[KSAC_SAMPLE_SIZE\x1b[m\x1b[K (sample_size_pairs, sample_size_pairs + sizeof (sample_size_pairs) / sizeof (SampleSizeModel));\n'}
[7.026410] (ground_plane_estimator) StderrLine: {'line': b'   \x1b[01;35m\x1b[K^~~~~~~~~~~~~~~\x1b[m\x1b[K\n'}
[7.026646] (ground_plane_estimator) StderrLine: {'line': b'\x1b[01m\x1b[K/usr/include/pcl-1.8/pcl/sample_consensus/model_types.h:99:3:\x1b[m\x1b[K \x1b[01;36m\x1b[Knote: \x1b[m\x1b[Kdeclared here\n'}
[7.028960] (-) TimerEvent: {}
[7.129364] (-) TimerEvent: {}
[7.229848] (-) TimerEvent: {}
[7.330348] (-) TimerEvent: {}
[7.380050] (ground_plane_estimator) StderrLine: {'line': b'make[2]: *** [CMakeFiles/ground_plane_estimator_node.dir/src/ground_plane_estimator_node.cpp.o] Error 1\n'}
[7.380555] (ground_plane_estimator) StdoutLine: {'line': b"CMakeFiles/ground_plane_estimator_node.dir/build.make:62: recipe for target 'CMakeFiles/ground_plane_estimator_node.dir/src/ground_plane_estimator_node.cpp.o' failed\n"}
[7.380999] (ground_plane_estimator) StderrLine: {'line': b'make[1]: *** [CMakeFiles/ground_plane_estimator_node.dir/all] Error 2\n'}
[7.381370] (ground_plane_estimator) StdoutLine: {'line': b"CMakeFiles/Makefile2:67: recipe for target 'CMakeFiles/ground_plane_estimator_node.dir/all' failed\n"}
[7.381756] (ground_plane_estimator) StdoutLine: {'line': b"Makefile:140: recipe for target 'all' failed\n"}
[7.382118] (ground_plane_estimator) StderrLine: {'line': b'make: *** [all] Error 2\n'}
[7.385002] (ground_plane_estimator) CommandEnded: {'returncode': 2}
[7.386202] (ground_plane_estimator) JobEnded: {'identifier': 'ground_plane_estimator', 'rc': 2}
[7.396218] (-) EventReactorShutdown: {}
