[0.699s] Invoking command in '/home/turgay/dev_ws/src/ros2_robot/simple_gps': PYTHONPATH=/home/turgay/dev_ws/src/ros2_robot/install/simple_gps/lib/python3.6/site-packages:${PYTHONPATH} /usr/bin/python3 setup.py egg_info --egg-base /home/turgay/dev_ws/src/ros2_robot/build/simple_gps build --build-base /home/turgay/dev_ws/src/ros2_robot/build/simple_gps/build install --prefix /home/turgay/dev_ws/src/ros2_robot/install/simple_gps --record /home/turgay/dev_ws/src/ros2_robot/build/simple_gps/install.log --single-version-externally-managed
[0.998s] running egg_info
[0.999s] writing /home/turgay/dev_ws/src/ros2_robot/build/simple_gps/simple_gps.egg-info/PKG-INFO
[0.999s] writing dependency_links to /home/turgay/dev_ws/src/ros2_robot/build/simple_gps/simple_gps.egg-info/dependency_links.txt
[0.999s] writing entry points to /home/turgay/dev_ws/src/ros2_robot/build/simple_gps/simple_gps.egg-info/entry_points.txt
[1.000s] writing requirements to /home/turgay/dev_ws/src/ros2_robot/build/simple_gps/simple_gps.egg-info/requires.txt
[1.000s] writing top-level names to /home/turgay/dev_ws/src/ros2_robot/build/simple_gps/simple_gps.egg-info/top_level.txt
[1.037s] reading manifest file '/home/turgay/dev_ws/src/ros2_robot/build/simple_gps/simple_gps.egg-info/SOURCES.txt'
[1.037s] writing manifest file '/home/turgay/dev_ws/src/ros2_robot/build/simple_gps/simple_gps.egg-info/SOURCES.txt'
[1.037s] running build
[1.038s] running build_py
[1.038s] running install
[1.038s] running install_lib
[1.039s] running install_data
[1.040s] running install_egg_info
[1.042s] removing '/home/turgay/dev_ws/src/ros2_robot/install/simple_gps/lib/python3.6/site-packages/simple_gps-0.0.0-py3.6.egg-info' (and everything under it)
[1.042s] Copying /home/turgay/dev_ws/src/ros2_robot/build/simple_gps/simple_gps.egg-info to /home/turgay/dev_ws/src/ros2_robot/install/simple_gps/lib/python3.6/site-packages/simple_gps-0.0.0-py3.6.egg-info
[1.043s] running install_scripts
[1.061s] Installing simple_gps_node script to /home/turgay/dev_ws/src/ros2_robot/install/simple_gps/lib/simple_gps
[1.061s] writing list of installed files to '/home/turgay/dev_ws/src/ros2_robot/build/simple_gps/install.log'
[1.086s] Invoked command in '/home/turgay/dev_ws/src/ros2_robot/simple_gps' returned '0': PYTHONPATH=/home/turgay/dev_ws/src/ros2_robot/install/simple_gps/lib/python3.6/site-packages:${PYTHONPATH} /usr/bin/python3 setup.py egg_info --egg-base /home/turgay/dev_ws/src/ros2_robot/build/simple_gps build --build-base /home/turgay/dev_ws/src/ros2_robot/build/simple_gps/build install --prefix /home/turgay/dev_ws/src/ros2_robot/install/simple_gps --record /home/turgay/dev_ws/src/ros2_robot/build/simple_gps/install.log --single-version-externally-managed
