[0.000000] (-) TimerEvent: {}
[0.001064] (-) JobUnselected: {'identifier': 'realsense_t265_node'}
[0.001156] (-) JobUnselected: {'identifier': 'realsense_t265_ros'}
[0.001267] (-) JobUnselected: {'identifier': 'remote_control'}
[0.001356] (-) JobUnselected: {'identifier': 'simple_gps'}
[0.001461] (ground_plane_estimator) JobQueued: {'identifier': 'ground_plane_estimator', 'dependencies': OrderedDict()}
[0.001559] (ground_plane_estimator) JobStarted: {'identifier': 'ground_plane_estimator'}
[0.017161] (ground_plane_estimator) JobProgress: {'identifier': 'ground_plane_estimator', 'progress': 'cmake'}
[0.018359] (ground_plane_estimator) JobProgress: {'identifier': 'ground_plane_estimator', 'progress': 'build'}
[0.019277] (ground_plane_estimator) Command: {'cmd': ['/usr/bin/cmake', '--build', '/home/turgay/dev_ws/src/ros2_robot/build/ground_plane_estimator', '--', '-j12', '-l12'], 'cwd': '/home/turgay/dev_ws/src/ros2_robot/build/ground_plane_estimator', 'env': OrderedDict([('GJS_DEBUG_TOPICS', 'JS ERROR;JS LOG'), ('LESSOPEN', '| /usr/bin/lesspipe %s'), ('USER', 'turgay'), ('LIBVA_DRIVERS_PATH', '/opt/intel/mediasdk/lib64'), ('TEXTDOMAIN', 'im-config'), ('XDG_SEAT', 'seat0'), ('SSH_AGENT_PID', '1886'), ('XDG_SESSION_TYPE', 'x11'), ('SHLVL', '2'), ('LD_LIBRARY_PATH', '/opt/robot_devkit/tools/rtmonitor/lib:/opt/robot_devkit/tools/rtmonitor_msgs/lib:/opt/robot_devkit/tools/perf_msgs/lib:/opt/robot_devkit/perception/dynamic_vino_lib/lib:/opt/robot_devkit/perception/vino_param_lib/lib:/opt/robot_devkit/perception/robot_interface/lib:/opt/robot_devkit/perception/realsense_ros/lib:/opt/robot_devkit/perception/realsense_msgs/lib:/opt/robot_devkit/perception/pipeline_srv_msgs/lib:/opt/robot_devkit/perception/grasp_ros2/lib:/opt/robot_devkit/perception/people_msgs/lib:/opt/robot_devkit/perception/object_analytics_node/lib:/opt/robot_devkit/perception/object_analytics_msgs/lib:/opt/robot_devkit/perception/moveit_msgs/lib:/opt/robot_devkit/perception/handeye_tf_service/lib:/opt/robot_devkit/perception/grasp_msgs/lib:/opt/ros/dashing/opt/yaml_cpp_vendor/lib:/opt/ros/dashing/opt/rviz_ogre_vendor/lib:/opt/ros/dashing/lib'), ('QT4_IM_MODULE', 'xim'), ('HOME', '/home/turgay'), ('CHROME_DESKTOP', 'code-url-handler.desktop'), ('DESKTOP_SESSION', 'ubuntu'), ('TERM_PROGRAM_VERSION', '1.44.2'), ('GIO_LAUNCHED_DESKTOP_FILE', '/var/lib/snapd/desktop/applications/code_code.desktop'), ('GNOME_SHELL_SESSION_MODE', 'ubuntu'), ('GTK_MODULES', 'gail:atk-bridge'), ('APPLICATION_INSIGHTS_NO_DIAGNOSTIC_CHANNEL', 'true'), ('ROS_PYTHON_VERSION', '3'), ('DBUS_SESSION_BUS_ADDRESS', 'unix:path=/run/user/1000/bus'), ('GIO_LAUNCHED_DESKTOP_FILE_PID', '2676'), ('COLORTERM', 'truecolor'), ('IM_CONFIG_PHASE', '2'), ('COLCON_PREFIX_PATH', '/opt/robot_devkit/tools:/opt/robot_devkit/perception'), ('ROS_DISTRO', 'dashing'), ('LOGNAME', 'turgay'), ('GTK_IM_MODULE', 'ibus'), ('_', '/snap/code/31/usr/share/code/code'), ('ROS_VERSION', '2'), ('USERNAME', 'turgay'), ('XDG_SESSION_ID', '1'), ('TERM', 'xterm-256color'), ('GNOME_DESKTOP_SESSION_ID', 'this-is-deprecated'), ('WINDOWPATH', '1'), ('PATH', '/home/turgay/.local/bin:/opt/robot_devkit/perception/recognize_pick/bin:/opt/robot_devkit/perception/random_pick/bin:/opt/robot_devkit/perception/fixed_position_pick/bin:/opt/robot_devkit/perception/draw_x/bin:/opt/robot_devkit/perception/realsense_node/bin:/opt/robot_devkit/perception/grasp_ros2/bin:/opt/robot_devkit/perception/handeye_dashboard/bin:/opt/ros/dashing/bin:/home/turgay/.local/bin:/usr/local/sbin:/usr/local/bin:/usr/sbin:/usr/bin:/sbin:/bin:/usr/games:/usr/local/games:/snap/bin:/home/turgay/.dotnet/tools:/home/turgay/.dotnet/tools'), ('SESSION_MANAGER', 'local/turgaydesktop:@/tmp/.ICE-unix/1791,unix/turgaydesktop:/tmp/.ICE-unix/1791'), ('XDG_MENU_PREFIX', 'gnome-'), ('BAMF_DESKTOP_FILE_HINT', '/var/lib/snapd/desktop/applications/code_code.desktop'), ('XDG_RUNTIME_DIR', '/run/user/1000/snap.code'), ('DISPLAY', ':0'), ('LANG', 'en_US.UTF-8'), ('XDG_CURRENT_DESKTOP', 'Unity'), ('LIBVA_DRIVER_NAME', 'iHD'), ('XDG_SESSION_DESKTOP', 'ubuntu'), ('XMODIFIERS', '@im=ibus'), ('XAUTHORITY', '/run/user/1000/gdm/Xauthority'), ('TERM_PROGRAM', 'vscode'), ('SSH_AUTH_SOCK', '/run/user/1000/keyring/ssh'), ('GSETTINGS_SCHEMA_DIR', '/snap/code/31/usr/share/glib-2.0/schemas'), ('MFX_HOME', '/opt/intel/mediasdk'), ('AMENT_PREFIX_PATH', '/opt/robot_devkit/tools/rtmonitor_test:/opt/robot_devkit/tools/rtmonitor:/opt/robot_devkit/tools/rtmonitor_msgs:/opt/robot_devkit/tools/rdk_perf:/opt/robot_devkit/tools/perf_msgs:/opt/robot_devkit/perception/dynamic_vino_sample:/opt/robot_devkit/perception/dynamic_vino_lib:/opt/robot_devkit/perception/vino_param_lib:/opt/robot_devkit/perception/ur_description:/opt/robot_devkit/perception/recognize_pick:/opt/robot_devkit/perception/random_pick:/opt/robot_devkit/perception/fixed_position_pick:/opt/robot_devkit/perception/draw_x:/opt/robot_devkit/perception/robot_interface:/opt/robot_devkit/perception/realsense_examples:/opt/robot_devkit/perception/realsense_node:/opt/robot_devkit/perception/realsense_ros:/opt/robot_devkit/perception/realsense_msgs:/opt/robot_devkit/perception/pipeline_srv_msgs:/opt/robot_devkit/perception/grasp_ros2:/opt/robot_devkit/perception/people_msgs:/opt/robot_devkit/perception/object_analytics_rviz:/opt/robot_devkit/perception/object_analytics_node:/opt/robot_devkit/perception/object_analytics_msgs:/opt/robot_devkit/perception/moveit_msgs:/opt/robot_devkit/perception/handeye_tf_service:/opt/robot_devkit/perception/handeye_target_detection:/opt/robot_devkit/perception/handeye_dashboard:/opt/robot_devkit/perception/handeye:/opt/robot_devkit/perception/grasp_tutorials:/opt/robot_devkit/perception/grasp_msgs:/opt/robot_devkit/perception/criutils:/opt/robot_devkit/perception/baldor:/opt/ros/dashing'), ('DISABLE_WAYLAND', '1'), ('SHELL', '/bin/bash'), ('GDK_PIXBUF_MODULEDIR', '/snap/code/31/usr/lib/x86_64-linux-gnu/gdk-pixbuf-2.0/2.10.0/loaders'), ('QT_ACCESSIBILITY', '1'), ('GDMSESSION', 'ubuntu'), ('LESSCLOSE', '/usr/bin/lesspipe %s %s'), ('TEXTDOMAINDIR', '/usr/share/locale/'), ('GJS_DEBUG_OUTPUT', 'stderr'), ('GDK_PIXBUF_MODULE_FILE', '/home/turgay/snap/code/common/.cache/gdk-pixbuf-loaders.cache'), ('GPG_AGENT_INFO', '/run/user/1000/gnupg/S.gpg-agent:0:1'), ('XDG_VTNR', '1'), ('QT_IM_MODULE', 'ibus'), ('LC_ALL', 'en_US.UTF-8'), ('PWD', '/home/turgay/dev_ws/src/ros2_robot/build/ground_plane_estimator'), ('CLUTTER_IM_MODULE', 'xim'), ('XDG_DATA_DIRS', '/usr/share/ubuntu:/usr/local/share/:/usr/share/:/var/lib/snapd/desktop'), ('XDG_CONFIG_DIRS', '/etc/xdg/xdg-ubuntu:/etc/xdg'), ('PYTHONPATH', '/opt/robot_devkit/tools/rtmonitor_msgs/lib/python3.6/site-packages:/opt/robot_devkit/tools/rdk_perf/lib/python3.6/site-packages:/opt/robot_devkit/tools/perf_msgs/lib/python3.6/site-packages:/opt/robot_devkit/perception/realsense_msgs/lib/python3.6/site-packages:/opt/robot_devkit/perception/pipeline_srv_msgs/lib/python3.6/site-packages:/opt/robot_devkit/perception/people_msgs/lib/python3.6/site-packages:/opt/robot_devkit/perception/object_analytics_msgs/lib/python3.6/site-packages:/opt/robot_devkit/perception/moveit_msgs/lib/python3.6/site-packages:/opt/robot_devkit/perception/handeye_tf_service/lib/python3.6/site-packages:/opt/robot_devkit/perception/handeye_dashboard/lib/python3.6/site-packages:/opt/robot_devkit/perception/handeye/lib/python3.6/site-packages:/opt/robot_devkit/perception/grasp_msgs/lib/python3.6/site-packages:/opt/robot_devkit/perception/criutils/lib/python3.6/site-packages:/opt/robot_devkit/perception/baldor/lib/python3.6/site-packages:/opt/ros/dashing/lib/python3.6/site-packages'), ('COLCON', '1'), ('CMAKE_PREFIX_PATH', '/opt/robot_devkit/tools/rtmonitor_test:/opt/robot_devkit/tools/rtmonitor:/opt/robot_devkit/tools/rtmonitor_msgs:/opt/robot_devkit/tools/perf_msgs:/opt/robot_devkit/perception/dynamic_vino_sample:/opt/robot_devkit/perception/dynamic_vino_lib:/opt/robot_devkit/perception/vino_param_lib:/opt/robot_devkit/perception/ur_description:/opt/robot_devkit/perception/recognize_pick:/opt/robot_devkit/perception/random_pick:/opt/robot_devkit/perception/fixed_position_pick:/opt/robot_devkit/perception/draw_x:/opt/robot_devkit/perception/robot_interface:/opt/robot_devkit/perception/realsense_examples:/opt/robot_devkit/perception/realsense_node:/opt/robot_devkit/perception/realsense_ros:/opt/robot_devkit/perception/realsense_msgs:/opt/robot_devkit/perception/pipeline_srv_msgs:/opt/robot_devkit/perception/grasp_ros2:/opt/robot_devkit/perception/people_msgs:/opt/robot_devkit/perception/object_analytics_rviz:/opt/robot_devkit/perception/object_analytics_node:/opt/robot_devkit/perception/object_analytics_msgs:/opt/robot_devkit/perception/moveit_msgs:/opt/robot_devkit/perception/handeye_tf_service:/opt/robot_devkit/perception/handeye_target_detection:/opt/robot_devkit/perception/grasp_tutorials:/opt/robot_devkit/perception/grasp_msgs:/opt/robot_devkit/tools/rdk_perf:/opt/robot_devkit/perception/handeye_dashboard:/opt/robot_devkit/perception/handeye:/opt/robot_devkit/perception/criutils:/opt/robot_devkit/perception/baldor:/opt/ros/dashing')]), 'shell': False}
[0.099086] (-) TimerEvent: {}
[0.100634] (ground_plane_estimator) StdoutLine: {'line': b'\x1b[35m\x1b[1mScanning dependencies of target ground_plane_estimator_node\x1b[0m\n'}
[0.182068] (ground_plane_estimator) StdoutLine: {'line': b'[ 50%] \x1b[32mBuilding CXX object CMakeFiles/ground_plane_estimator_node.dir/src/ground_plane_estimator_node.cpp.o\x1b[0m\n'}
[0.199229] (-) TimerEvent: {}
[0.299692] (-) TimerEvent: {}
[0.400092] (-) TimerEvent: {}
[0.500473] (-) TimerEvent: {}
[0.600890] (-) TimerEvent: {}
[0.701463] (-) TimerEvent: {}
[0.801886] (-) TimerEvent: {}
[0.902334] (-) TimerEvent: {}
[1.002746] (-) TimerEvent: {}
[1.103334] (-) TimerEvent: {}
[1.203907] (-) TimerEvent: {}
[1.304280] (-) TimerEvent: {}
[1.404609] (-) TimerEvent: {}
[1.504995] (-) TimerEvent: {}
[1.605506] (-) TimerEvent: {}
[1.705987] (-) TimerEvent: {}
[1.806485] (-) TimerEvent: {}
[1.906981] (-) TimerEvent: {}
[2.007423] (-) TimerEvent: {}
[2.107815] (-) TimerEvent: {}
[2.208196] (-) TimerEvent: {}
[2.308734] (-) TimerEvent: {}
[2.409231] (-) TimerEvent: {}
[2.509713] (-) TimerEvent: {}
[2.610507] (-) TimerEvent: {}
[2.711139] (-) TimerEvent: {}
[2.811611] (-) TimerEvent: {}
[2.912097] (-) TimerEvent: {}
[3.012509] (-) TimerEvent: {}
[3.113099] (-) TimerEvent: {}
[3.213765] (-) TimerEvent: {}
[3.314330] (-) TimerEvent: {}
[3.414817] (-) TimerEvent: {}
[3.515286] (-) TimerEvent: {}
[3.615743] (-) TimerEvent: {}
[3.716168] (-) TimerEvent: {}
[3.816644] (-) TimerEvent: {}
[3.917130] (-) TimerEvent: {}
[4.017612] (-) TimerEvent: {}
[4.118103] (-) TimerEvent: {}
[4.218579] (-) TimerEvent: {}
[4.319130] (-) TimerEvent: {}
[4.419506] (-) TimerEvent: {}
[4.520001] (-) TimerEvent: {}
[4.620464] (-) TimerEvent: {}
[4.720932] (-) TimerEvent: {}
[4.821434] (-) TimerEvent: {}
[4.921897] (-) TimerEvent: {}
[5.022384] (-) TimerEvent: {}
[5.122882] (-) TimerEvent: {}
[5.223382] (-) TimerEvent: {}
[5.323865] (-) TimerEvent: {}
[5.424044] (ground_plane_estimator) StderrLine: {'line': b'In file included from \x1b[01m\x1b[K/home/turgay/dev_ws/src/ros2_robot/ground_plane_estimator/src/ground_plane_estimator_node.cpp:7:0\x1b[m\x1b[K:\n'}
[5.424465] (-) TimerEvent: {}
[5.424745] (ground_plane_estimator) StderrLine: {'line': b'\x1b[01m\x1b[K/home/turgay/dev_ws/src/ros2_robot/ground_plane_estimator/include/ground_plane_estimator/ground_plane_estimator_node.hpp:78:43:\x1b[m\x1b[K \x1b[01;31m\x1b[Kerror: \x1b[m\x1b[K\xe2\x80\x98\x1b[01m\x1b[KImageConstPtr\x1b[m\x1b[K\xe2\x80\x99 in namespace \xe2\x80\x98\x1b[01m\x1b[Ksensor_msgs\x1b[m\x1b[K\xe2\x80\x99 does not name a type\n'}
[5.425063] (ground_plane_estimator) StderrLine: {'line': b'     void imageSegment( const sensor_msgs::\x1b[01;31m\x1b[KImageConstPtr\x1b[m\x1b[K& msg );\n'}
[5.425292] (ground_plane_estimator) StderrLine: {'line': b'                                           \x1b[01;31m\x1b[K^~~~~~~~~~~~~\x1b[m\x1b[K\n'}
[5.524638] (-) TimerEvent: {}
[5.530170] (ground_plane_estimator) StderrLine: {'line': b'\x1b[01m\x1b[K/home/turgay/dev_ws/src/ros2_robot/ground_plane_estimator/src/ground_plane_estimator_node.cpp:252:65:\x1b[m\x1b[K \x1b[01;31m\x1b[Kerror: \x1b[m\x1b[K\xe2\x80\x98\x1b[01m\x1b[KImageConstPtr\x1b[m\x1b[K\xe2\x80\x99 in namespace \xe2\x80\x98\x1b[01m\x1b[Ksensor_msgs\x1b[m\x1b[K\xe2\x80\x99 does not name a type\n'}
[5.530986] (ground_plane_estimator) StderrLine: {'line': b' void GroundPlaneEstimatorNode::imageSegment( const sensor_msgs::\x1b[01;31m\x1b[KImageConstPtr\x1b[m\x1b[K& msg ) {\n'}
[5.531291] (ground_plane_estimator) StderrLine: {'line': b'                                                                 \x1b[01;31m\x1b[K^~~~~~~~~~~~~\x1b[m\x1b[K\n'}
[5.531519] (ground_plane_estimator) StderrLine: {'line': b'\x1b[01m\x1b[K/home/turgay/dev_ws/src/ros2_robot/ground_plane_estimator/src/ground_plane_estimator_node.cpp:\x1b[m\x1b[K In member function \xe2\x80\x98\x1b[01m\x1b[Kvoid GroundPlaneEstimatorNode::imageSegment(const int&)\x1b[m\x1b[K\xe2\x80\x99:\n'}
[5.532009] (ground_plane_estimator) StderrLine: {'line': b'\x1b[01m\x1b[K/home/turgay/dev_ws/src/ros2_robot/ground_plane_estimator/src/ground_plane_estimator_node.cpp:255:79:\x1b[m\x1b[K \x1b[01;31m\x1b[Kerror: \x1b[m\x1b[Kno matching function for call to \xe2\x80\x98\x1b[01m\x1b[KtoCvCopy(const int&, const char [5])\x1b[m\x1b[K\xe2\x80\x99\n'}
[5.532504] (ground_plane_estimator) StderrLine: {'line': b'         cv_ptr = cv_bridge::toCvCopy( msg, sensor_msgs::image_encodings::RGB8 \x1b[01;31m\x1b[K)\x1b[m\x1b[K;\n'}
[5.532976] (ground_plane_estimator) StderrLine: {'line': b'                                                                               \x1b[01;31m\x1b[K^\x1b[m\x1b[K\n'}
[5.533463] (ground_plane_estimator) StderrLine: {'line': b'In file included from \x1b[01m\x1b[K/home/turgay/dev_ws/src/ros2_robot/ground_plane_estimator/include/ground_plane_estimator/ground_plane_estimator_node.hpp:21:0\x1b[m\x1b[K,\n'}
[5.533868] (ground_plane_estimator) StderrLine: {'line': b'                 from \x1b[01m\x1b[K/home/turgay/dev_ws/src/ros2_robot/ground_plane_estimator/src/ground_plane_estimator_node.cpp:7\x1b[m\x1b[K:\n'}
[5.534098] (ground_plane_estimator) StderrLine: {'line': b'\x1b[01m\x1b[K/opt/ros/dashing/include/cv_bridge/cv_bridge.h:175:29:\x1b[m\x1b[K \x1b[01;36m\x1b[Knote: \x1b[m\x1b[Kcandidate: cv_bridge::CvImagePtr cv_bridge::toCvCopy(const ConstSharedPtr&, const string&)\n'}
[5.534321] (ground_plane_estimator) StderrLine: {'line': b' CV_BRIDGE_EXPORT CvImagePtr \x1b[01;36m\x1b[KtoCvCopy\x1b[m\x1b[K(\n'}
[5.534525] (ground_plane_estimator) StderrLine: {'line': b'                             \x1b[01;36m\x1b[K^~~~~~~~\x1b[m\x1b[K\n'}
[5.534725] (ground_plane_estimator) StderrLine: {'line': b'\x1b[01m\x1b[K/opt/ros/dashing/include/cv_bridge/cv_bridge.h:175:29:\x1b[m\x1b[K \x1b[01;36m\x1b[Knote: \x1b[m\x1b[K  no known conversion for argument 1 from \xe2\x80\x98\x1b[01m\x1b[Kconst int\x1b[m\x1b[K\xe2\x80\x99 to \xe2\x80\x98\x1b[01m\x1b[Kconst ConstSharedPtr& {aka const std::shared_ptr<const sensor_msgs::msg::Image_<std::allocator<void> > >&}\x1b[m\x1b[K\xe2\x80\x99\n'}
[5.534933] (ground_plane_estimator) StderrLine: {'line': b'\x1b[01m\x1b[K/opt/ros/dashing/include/cv_bridge/cv_bridge.h:179:29:\x1b[m\x1b[K \x1b[01;36m\x1b[Knote: \x1b[m\x1b[Kcandidate: cv_bridge::CvImagePtr cv_bridge::toCvCopy(const ConstSharedPtr&, const string&)\n'}
[5.535130] (ground_plane_estimator) StderrLine: {'line': b' CV_BRIDGE_EXPORT CvImagePtr \x1b[01;36m\x1b[KtoCvCopy\x1b[m\x1b[K(\n'}
[5.535324] (ground_plane_estimator) StderrLine: {'line': b'                             \x1b[01;36m\x1b[K^~~~~~~~\x1b[m\x1b[K\n'}
[5.535519] (ground_plane_estimator) StderrLine: {'line': b'\x1b[01m\x1b[K/opt/ros/dashing/include/cv_bridge/cv_bridge.h:179:29:\x1b[m\x1b[K \x1b[01;36m\x1b[Knote: \x1b[m\x1b[K  no known conversion for argument 1 from \xe2\x80\x98\x1b[01m\x1b[Kconst int\x1b[m\x1b[K\xe2\x80\x99 to \xe2\x80\x98\x1b[01m\x1b[Kconst ConstSharedPtr& {aka const std::shared_ptr<const sensor_msgs::msg::CompressedImage_<std::allocator<void> > >&}\x1b[m\x1b[K\xe2\x80\x99\n'}
[5.535723] (ground_plane_estimator) StderrLine: {'line': b'\x1b[01m\x1b[K/opt/ros/dashing/include/cv_bridge/cv_bridge.h:202:29:\x1b[m\x1b[K \x1b[01;36m\x1b[Knote: \x1b[m\x1b[Kcandidate: cv_bridge::CvImagePtr cv_bridge::toCvCopy(const Image&, const string&)\n'}
[5.535951] (ground_plane_estimator) StderrLine: {'line': b' CV_BRIDGE_EXPORT CvImagePtr \x1b[01;36m\x1b[KtoCvCopy\x1b[m\x1b[K(\n'}
[5.536378] (ground_plane_estimator) StderrLine: {'line': b'                             \x1b[01;36m\x1b[K^~~~~~~~\x1b[m\x1b[K\n'}
[5.536637] (ground_plane_estimator) StderrLine: {'line': b'\x1b[01m\x1b[K/opt/ros/dashing/include/cv_bridge/cv_bridge.h:202:29:\x1b[m\x1b[K \x1b[01;36m\x1b[Knote: \x1b[m\x1b[K  no known conversion for argument 1 from \xe2\x80\x98\x1b[01m\x1b[Kconst int\x1b[m\x1b[K\xe2\x80\x99 to \xe2\x80\x98\x1b[01m\x1b[Kconst Image& {aka const sensor_msgs::msg::Image_<std::allocator<void> >&}\x1b[m\x1b[K\xe2\x80\x99\n'}
[5.536896] (ground_plane_estimator) StderrLine: {'line': b'\x1b[01m\x1b[K/opt/ros/dashing/include/cv_bridge/cv_bridge.h:206:29:\x1b[m\x1b[K \x1b[01;36m\x1b[Knote: \x1b[m\x1b[Kcandidate: cv_bridge::CvImagePtr cv_bridge::toCvCopy(const CompressedImage&, const string&)\n'}
[5.537121] (ground_plane_estimator) StderrLine: {'line': b' CV_BRIDGE_EXPORT CvImagePtr \x1b[01;36m\x1b[KtoCvCopy\x1b[m\x1b[K(\n'}
[5.537335] (ground_plane_estimator) StderrLine: {'line': b'                             \x1b[01;36m\x1b[K^~~~~~~~\x1b[m\x1b[K\n'}
[5.537640] (ground_plane_estimator) StderrLine: {'line': b'\x1b[01m\x1b[K/opt/ros/dashing/include/cv_bridge/cv_bridge.h:206:29:\x1b[m\x1b[K \x1b[01;36m\x1b[Knote: \x1b[m\x1b[K  no known conversion for argument 1 from \xe2\x80\x98\x1b[01m\x1b[Kconst int\x1b[m\x1b[K\xe2\x80\x99 to \xe2\x80\x98\x1b[01m\x1b[Kconst CompressedImage& {aka const sensor_msgs::msg::CompressedImage_<std::allocator<void> >&}\x1b[m\x1b[K\xe2\x80\x99\n'}
[5.537856] (ground_plane_estimator) StderrLine: {'line': b'\x1b[01m\x1b[K/home/turgay/dev_ws/src/ros2_robot/ground_plane_estimator/src/ground_plane_estimator_node.cpp:258:9:\x1b[m\x1b[K \x1b[01;31m\x1b[Kerror: \x1b[m\x1b[K\xe2\x80\x98\x1b[01m\x1b[KROS_ERROR\x1b[m\x1b[K\xe2\x80\x99 was not declared in this scope\n'}
[5.538057] (ground_plane_estimator) StderrLine: {'line': b'         \x1b[01;31m\x1b[KROS_ERROR\x1b[m\x1b[K( "cv_bridge exception: %s", e.what() );\n'}
[5.538253] (ground_plane_estimator) StderrLine: {'line': b'         \x1b[01;31m\x1b[K^~~~~~~~~\x1b[m\x1b[K\n'}
[5.538449] (ground_plane_estimator) StderrLine: {'line': b'\x1b[01m\x1b[K/home/turgay/dev_ws/src/ros2_robot/ground_plane_estimator/src/ground_plane_estimator_node.cpp:258:9:\x1b[m\x1b[K \x1b[01;36m\x1b[Knote: \x1b[m\x1b[Ksuggested alternative: \xe2\x80\x98\x1b[01m\x1b[KCV_ERROR\x1b[m\x1b[K\xe2\x80\x99\n'}
[5.538645] (ground_plane_estimator) StderrLine: {'line': b'         \x1b[01;36m\x1b[KROS_ERROR\x1b[m\x1b[K( "cv_bridge exception: %s", e.what() );\n'}
[5.538838] (ground_plane_estimator) StderrLine: {'line': b'         \x1b[01;36m\x1b[K^~~~~~~~~\x1b[m\x1b[K\n'}
[5.539031] (ground_plane_estimator) StderrLine: {'line': b'         \x1b[32m\x1b[KCV_ERROR\x1b[m\x1b[K\n'}
[5.548577] (ground_plane_estimator) StderrLine: {'line': b'\x1b[01m\x1b[K/home/turgay/dev_ws/src/ros2_robot/ground_plane_estimator/src/ground_plane_estimator_node.cpp:348:47:\x1b[m\x1b[K \x1b[01;35m\x1b[Kwarning: \x1b[m\x1b[K\xe2\x80\x98\x1b[01m\x1b[Kvoid rclcpp::Publisher<MessageT, Alloc>::publish(const std::shared_ptr<const _Tp>&) [with MessageT = sensor_msgs::msg::Image_<std::allocator<void> >; Alloc = std::allocator<void>]\x1b[m\x1b[K\xe2\x80\x99 is deprecated: publishing an unique_ptr is prefered when using intra process communication. If using a shared_ptr, use publish(*msg). [\x1b[01;35m\x1b[K-Wdeprecated-declarations\x1b[m\x1b[K]\n'}
[5.548968] (ground_plane_estimator) StderrLine: {'line': b'     image_pub_->publish( cv_ptr->toImageMsg() \x1b[01;35m\x1b[K)\x1b[m\x1b[K;\n'}
[5.549164] (ground_plane_estimator) StderrLine: {'line': b'                                               \x1b[01;35m\x1b[K^\x1b[m\x1b[K\n'}
[5.549307] (ground_plane_estimator) StderrLine: {'line': b'In file included from \x1b[01m\x1b[K/opt/ros/dashing/include/rclcpp/callback_group.hpp:24:0\x1b[m\x1b[K,\n'}
[5.549415] (ground_plane_estimator) StderrLine: {'line': b'                 from \x1b[01m\x1b[K/opt/ros/dashing/include/rclcpp/any_executable.hpp:20\x1b[m\x1b[K,\n'}
[5.549509] (ground_plane_estimator) StderrLine: {'line': b'                 from \x1b[01m\x1b[K/opt/ros/dashing/include/rclcpp/memory_strategy.hpp:24\x1b[m\x1b[K,\n'}
[5.549589] (ground_plane_estimator) StderrLine: {'line': b'                 from \x1b[01m\x1b[K/opt/ros/dashing/include/rclcpp/memory_strategies.hpp:18\x1b[m\x1b[K,\n'}
[5.549709] (ground_plane_estimator) StderrLine: {'line': b'                 from \x1b[01m\x1b[K/opt/ros/dashing/include/rclcpp/executor.hpp:33\x1b[m\x1b[K,\n'}
[5.549819] (ground_plane_estimator) StderrLine: {'line': b'                 from \x1b[01m\x1b[K/opt/ros/dashing/include/rclcpp/executors/multi_threaded_executor.hpp:24\x1b[m\x1b[K,\n'}
[5.549928] (ground_plane_estimator) StderrLine: {'line': b'                 from \x1b[01m\x1b[K/opt/ros/dashing/include/rclcpp/executors.hpp:21\x1b[m\x1b[K,\n'}
[5.550034] (ground_plane_estimator) StderrLine: {'line': b'                 from \x1b[01m\x1b[K/opt/ros/dashing/include/rclcpp/rclcpp.hpp:144\x1b[m\x1b[K,\n'}
[5.550145] (ground_plane_estimator) StderrLine: {'line': b'                 from \x1b[01m\x1b[K/home/turgay/dev_ws/src/ros2_robot/ground_plane_estimator/include/ground_plane_estimator/ground_plane_estimator_node.hpp:18\x1b[m\x1b[K,\n'}
[5.550268] (ground_plane_estimator) StderrLine: {'line': b'                 from \x1b[01m\x1b[K/home/turgay/dev_ws/src/ros2_robot/ground_plane_estimator/src/ground_plane_estimator_node.cpp:7\x1b[m\x1b[K:\n'}
[5.550403] (ground_plane_estimator) StderrLine: {'line': b'\x1b[01m\x1b[K/opt/ros/dashing/include/rclcpp/publisher.hpp:137:3:\x1b[m\x1b[K \x1b[01;36m\x1b[Knote: \x1b[m\x1b[Kdeclared here\n'}
[5.550516] (ground_plane_estimator) StderrLine: {'line': b'   \x1b[01;36m\x1b[Kpublish\x1b[m\x1b[K(const std::shared_ptr<const MessageT> & msg)\n'}
[5.550658] (ground_plane_estimator) StderrLine: {'line': b'   \x1b[01;36m\x1b[K^~~~~~~\x1b[m\x1b[K\n'}
[5.624771] (-) TimerEvent: {}
[5.725271] (-) TimerEvent: {}
[5.825777] (-) TimerEvent: {}
[5.926299] (-) TimerEvent: {}
[6.026817] (-) TimerEvent: {}
[6.127317] (-) TimerEvent: {}
[6.227814] (-) TimerEvent: {}
[6.328286] (-) TimerEvent: {}
[6.428636] (-) TimerEvent: {}
[6.529109] (-) TimerEvent: {}
[6.629579] (-) TimerEvent: {}
[6.730065] (-) TimerEvent: {}
[6.756380] (ground_plane_estimator) StderrLine: {'line': b'In file included from \x1b[01m\x1b[K/usr/include/pcl-1.8/pcl/sample_consensus/sac_model.h:52:0\x1b[m\x1b[K,\n'}
[6.756650] (ground_plane_estimator) StderrLine: {'line': b'                 from \x1b[01m\x1b[K/usr/include/pcl-1.8/pcl/sample_consensus/sac.h:45\x1b[m\x1b[K,\n'}
[6.756761] (ground_plane_estimator) StderrLine: {'line': b'                 from \x1b[01m\x1b[K/usr/include/pcl-1.8/pcl/segmentation/sac_segmentation.h:49\x1b[m\x1b[K,\n'}
[6.756896] (ground_plane_estimator) StderrLine: {'line': b'                 from \x1b[01m\x1b[K/home/turgay/dev_ws/src/ros2_robot/ground_plane_estimator/include/ground_plane_estimator/ground_plane_estimator_node.hpp:34\x1b[m\x1b[K,\n'}
[6.756983] (ground_plane_estimator) StderrLine: {'line': b'                 from \x1b[01m\x1b[K/home/turgay/dev_ws/src/ros2_robot/ground_plane_estimator/src/ground_plane_estimator_node.cpp:7\x1b[m\x1b[K:\n'}
[6.757063] (ground_plane_estimator) StderrLine: {'line': b'\x1b[01m\x1b[K/usr/include/pcl-1.8/pcl/sample_consensus/model_types.h:\x1b[m\x1b[K In function \xe2\x80\x98\x1b[01m\x1b[Kvoid __static_initialization_and_destruction_0(int, int)\x1b[m\x1b[K\xe2\x80\x99:\n'}
[6.757153] (ground_plane_estimator) StderrLine: {'line': b'\x1b[01m\x1b[K/usr/include/pcl-1.8/pcl/sample_consensus/model_types.h:99:3:\x1b[m\x1b[K \x1b[01;35m\x1b[Kwarning: \x1b[m\x1b[K\xe2\x80\x98\x1b[01m\x1b[Kpcl::SAC_SAMPLE_SIZE\x1b[m\x1b[K\xe2\x80\x99 is deprecated: This map is deprecated and is kept only to prevent breaking existing user code. Starting from PCL 1.8.0 model sample size is a protected member of the SampleConsensusModel class [\x1b[01;35m\x1b[K-Wdeprecated-declarations\x1b[m\x1b[K]\n'}
[6.757245] (ground_plane_estimator) StderrLine: {'line': b'   \x1b[01;35m\x1b[KSAC_SAMPLE_SIZE\x1b[m\x1b[K (sample_size_pairs, sample_size_pairs + sizeof (sample_size_pairs) / sizeof (SampleSizeModel));\n'}
[6.757353] (ground_plane_estimator) StderrLine: {'line': b'   \x1b[01;35m\x1b[K^~~~~~~~~~~~~~~\x1b[m\x1b[K\n'}
[6.757467] (ground_plane_estimator) StderrLine: {'line': b'\x1b[01m\x1b[K/usr/include/pcl-1.8/pcl/sample_consensus/model_types.h:99:3:\x1b[m\x1b[K \x1b[01;36m\x1b[Knote: \x1b[m\x1b[Kdeclared here\n'}
[6.830202] (-) TimerEvent: {}
[6.930719] (-) TimerEvent: {}
[7.031189] (-) TimerEvent: {}
[7.100071] (ground_plane_estimator) StderrLine: {'line': b'make[2]: *** [CMakeFiles/ground_plane_estimator_node.dir/src/ground_plane_estimator_node.cpp.o] Error 1\n'}
[7.100476] (ground_plane_estimator) StdoutLine: {'line': b"CMakeFiles/ground_plane_estimator_node.dir/build.make:62: recipe for target 'CMakeFiles/ground_plane_estimator_node.dir/src/ground_plane_estimator_node.cpp.o' failed\n"}
[7.100867] (ground_plane_estimator) StdoutLine: {'line': b"CMakeFiles/Makefile2:67: recipe for target 'CMakeFiles/ground_plane_estimator_node.dir/all' failed\n"}
[7.101086] (ground_plane_estimator) StderrLine: {'line': b'make[1]: *** [CMakeFiles/ground_plane_estimator_node.dir/all] Error 2\n'}
[7.101421] (ground_plane_estimator) StderrLine: {'line': b'make: *** [all] Error 2\n'}
[7.101616] (ground_plane_estimator) StdoutLine: {'line': b"Makefile:140: recipe for target 'all' failed\n"}
[7.106059] (ground_plane_estimator) CommandEnded: {'returncode': 2}
[7.106906] (ground_plane_estimator) JobEnded: {'identifier': 'ground_plane_estimator', 'rc': 2}
[7.117285] (-) EventReactorShutdown: {}
