[0.043s] -- Found ament_cmake: 0.7.4 (/opt/ros/dashing/share/ament_cmake/cmake)
[0.077s] -- Using PYTHON_EXECUTABLE: /usr/bin/python3
[0.333s] -- Override CMake install command with custom implementation using symlinks instead of copying resources
[0.344s] -- Found rclcpp: 0.7.13 (/opt/ros/dashing/share/rclcpp/cmake)
[0.361s] -- Found rosidl_adapter: 0.7.9 (/opt/ros/dashing/share/rosidl_adapter/cmake)
[0.392s] -- Found rmw_implementation_cmake: 0.7.2 (/opt/ros/dashing/share/rmw_implementation_cmake/cmake)
[0.395s] -- Using RMW implementation 'rmw_fastrtps_cpp' as default
[0.420s] -- Found std_msgs: 0.7.0 (/opt/ros/dashing/share/std_msgs/cmake)
[0.426s] -- Found rclcpp_components: 0.7.13 (/opt/ros/dashing/share/rclcpp_components/cmake)
[0.428s] -- Found poco_vendor:  (/opt/ros/dashing/share/poco_vendor/cmake)
[0.440s] -- Found nav_msgs: 0.7.0 (/opt/ros/dashing/share/nav_msgs/cmake)
[0.457s] -- Found sensor_msgs: 0.7.0 (/opt/ros/dashing/share/sensor_msgs/cmake)
[0.467s] -- Found cv_bridge: 2.1.4 (/opt/ros/dashing/share/cv_bridge/cmake)
[0.483s] -- Found tf2: 0.11.6 (/opt/ros/dashing/share/tf2/cmake)
[0.485s] -- Found tf2_ros: 0.11.6 (/opt/ros/dashing/share/tf2_ros/cmake)
[0.533s] -- Found image_transport: 2.1.1 (/opt/ros/dashing/share/image_transport/cmake)
[0.552s] -- Found tinyxml2_vendor:  (/opt/ros/dashing/share/tinyxml2_vendor/cmake)
[0.571s] -- Found pcl_conversions: 2.0.0 (/opt/ros/dashing/share/pcl_conversions/cmake)
[0.573s] -- Found pcl_msgs: 1.0.0 (/opt/ros/dashing/share/pcl_msgs/cmake)
[0.669s] -- Boost version: 1.65.1
[0.670s] -- Found the following Boost libraries:
[0.670s] --   system
[0.670s] --   filesystem
[0.671s] --   thread
[0.671s] --   chrono
[0.671s] --   date_time
[0.672s] --   atomic
[0.758s] -- Boost version: 1.65.1
[0.759s] -- Found the following Boost libraries:
[0.759s] --   system
[0.759s] --   filesystem
[0.760s] --   thread
[0.760s] --   date_time
[0.761s] --   iostreams
[0.761s] --   serialization
[0.761s] --   chrono
[0.762s] --   atomic
[0.762s] --   regex
[0.774s] -- Could NOT find ensenso (missing: ENSENSO_LIBRARY ENSENSO_INCLUDE_DIR) 
[0.777s] -- Could NOT find DAVIDSDK (missing: DAVIDSDK_LIBRARY DAVIDSDK_INCLUDE_DIR) 
[0.778s] -- Could NOT find DSSDK (missing: _DSSDK_LIBRARIES) 
[0.834s] -- The imported target "vtkRenderingPythonTkWidgets" references the file
[0.835s]    "/usr/lib/x86_64-linux-gnu/libvtkRenderingPythonTkWidgets.so"
[0.835s] but this file does not exist.  Possible reasons include:
[0.835s] * The file was deleted, renamed, or moved to another location.
[0.836s] * An install or uninstall procedure did not complete successfully.
[0.836s] * The installation package was faulty and contained
[0.836s]    "/usr/lib/cmake/vtk-6.3/VTKTargets.cmake"
[0.836s] but not all the files it references.
[0.836s] 
[0.837s] -- The imported target "vtk" references the file
[0.837s]    "/usr/bin/vtk"
[0.837s] but this file does not exist.  Possible reasons include:
[0.837s] * The file was deleted, renamed, or moved to another location.
[0.837s] * An install or uninstall procedure did not complete successfully.
[0.838s] * The installation package was faulty and contained
[0.838s]    "/usr/lib/cmake/vtk-6.3/VTKTargets.cmake"
[0.838s] but not all the files it references.
[0.838s] 
[0.924s] -- Could NOT find ensenso (missing: ENSENSO_LIBRARY ENSENSO_INCLUDE_DIR) 
[0.928s] -- Could NOT find DAVIDSDK (missing: DAVIDSDK_LIBRARY DAVIDSDK_INCLUDE_DIR) 
[0.928s] -- Could NOT find DSSDK (missing: _DSSDK_LIBRARIES) 
[0.930s] -- Could NOT find RSSDK (missing: _RSSDK_LIBRARIES) 
[0.975s] -- looking for PCL_COMMON
[0.976s] -- looking for PCL_OCTREE
[0.976s] -- looking for PCL_IO
[0.977s] -- looking for PCL_KDTREE
[0.978s] -- looking for PCL_SEARCH
[0.978s] -- looking for PCL_SAMPLE_CONSENSUS
[0.979s] -- looking for PCL_FILTERS
[0.979s] -- looking for PCL_2D
[0.980s] -- looking for PCL_GEOMETRY
[0.980s] -- looking for PCL_FEATURES
[0.981s] -- looking for PCL_ML
[0.981s] -- looking for PCL_SEGMENTATION
[0.982s] -- looking for PCL_VISUALIZATION
[0.982s] -- looking for PCL_SURFACE
[0.983s] -- looking for PCL_REGISTRATION
[0.984s] -- looking for PCL_KEYPOINTS
[0.984s] -- looking for PCL_TRACKING
[0.985s] -- looking for PCL_RECOGNITION
[0.986s] -- looking for PCL_STEREO
[0.987s] -- looking for PCL_APPS
[0.989s] -- looking for PCL_IN_HAND_SCANNER
[0.990s] -- looking for PCL_MODELER
[0.990s] -- looking for PCL_POINT_CLOUD_EDITOR
[0.991s] -- looking for PCL_OUTOFCORE
[0.991s] -- looking for PCL_PEOPLE
[1.010s] -- Found ament_lint_auto: 0.7.11 (/opt/ros/dashing/share/ament_lint_auto/cmake)
[1.244s] -- Added test 'copyright' to check for copyright in CMake / C / C++ / Python code
[1.245s] -- Added test 'cppcheck' to perform static code analysis on C / C++ code
[1.246s] -- Configured cppcheck include dirs: /home/turgay/dev_ws/src/ros2_robot/ground_plane_estimator/include
[1.247s] -- Added test 'cpplint' to check C / C++ code against the Google style
[1.247s] -- Added test 'lint_cmake' to check CMake code style
[1.248s] -- Added test 'uncrustify' to check C / C++ code style
[1.248s] -- Added test 'xmllint' to check XML markup files
[1.251s] -- Configuring done
[1.293s] -- Generating done
[1.294s] -- Build files have been written to: /home/turgay/dev_ws/src/ros2_robot/build/ground_plane_estimator
[1.382s] [35m[1mScanning dependencies of target ground_plane_estimator_node[0m
[1.462s] [ 50%] [32mBuilding CXX object CMakeFiles/ground_plane_estimator_node.dir/src/ground_plane_estimator_node.cpp.o[0m
[10.375s] [100%] [32m[1mLinking CXX executable ground_plane_estimator_node[0m
[11.684s] [100%] Built target ground_plane_estimator_node
[11.893s] [100%] Built target ground_plane_estimator_node
[11.929s] [36mInstall the project...[0m
[11.944s] -- Install configuration: ""
[11.945s] -- Execute custom install script
[11.946s] -- Up-to-date symlink: /home/turgay/dev_ws/src/ros2_robot/install/ground_plane_estimator/lib/ground_plane_estimator/ground_plane_estimator_node
[11.947s] -- Up-to-date symlink: /home/turgay/dev_ws/src/ros2_robot/install/ground_plane_estimator/share/ament_index/resource_index/package_run_dependencies/ground_plane_estimator
[11.947s] -- Up-to-date symlink: /home/turgay/dev_ws/src/ros2_robot/install/ground_plane_estimator/share/ament_index/resource_index/parent_prefix_path/ground_plane_estimator
[11.947s] -- Up-to-date symlink: /home/turgay/dev_ws/src/ros2_robot/install/ground_plane_estimator/share/ground_plane_estimator/environment/ament_prefix_path.sh
[11.948s] -- Up-to-date symlink: /home/turgay/dev_ws/src/ros2_robot/install/ground_plane_estimator/share/ground_plane_estimator/environment/path.sh
[11.948s] -- Up-to-date symlink: /home/turgay/dev_ws/src/ros2_robot/install/ground_plane_estimator/share/ground_plane_estimator/local_setup.bash
[11.948s] -- Up-to-date symlink: /home/turgay/dev_ws/src/ros2_robot/install/ground_plane_estimator/share/ground_plane_estimator/local_setup.sh
[11.949s] -- Up-to-date symlink: /home/turgay/dev_ws/src/ros2_robot/install/ground_plane_estimator/share/ground_plane_estimator/local_setup.zsh
[11.949s] -- Up-to-date symlink: /home/turgay/dev_ws/src/ros2_robot/install/ground_plane_estimator/share/ament_index/resource_index/packages/ground_plane_estimator
[11.949s] -- Up-to-date symlink: /home/turgay/dev_ws/src/ros2_robot/install/ground_plane_estimator/share/ground_plane_estimator/cmake/ground_plane_estimatorConfig.cmake
[11.950s] -- Up-to-date symlink: /home/turgay/dev_ws/src/ros2_robot/install/ground_plane_estimator/share/ground_plane_estimator/cmake/ground_plane_estimatorConfig-version.cmake
[11.950s] -- Up-to-date symlink: /home/turgay/dev_ws/src/ros2_robot/install/ground_plane_estimator/share/ground_plane_estimator/package.xml
