[0.000000] (-) TimerEvent: {}
[0.001246] (-) JobUnselected: {'identifier': 'realsense_t265_node'}
[0.001391] (-) JobUnselected: {'identifier': 'realsense_t265_ros'}
[0.001467] (-) JobUnselected: {'identifier': 'remote_control'}
[0.001595] (-) JobUnselected: {'identifier': 'simple_gps'}
[0.001669] (ground_plane_estimator) JobQueued: {'identifier': 'ground_plane_estimator', 'dependencies': OrderedDict()}
[0.001744] (ground_plane_estimator) JobStarted: {'identifier': 'ground_plane_estimator'}
[0.017353] (ground_plane_estimator) JobProgress: {'identifier': 'ground_plane_estimator', 'progress': 'cmake'}
[0.018466] (ground_plane_estimator) JobProgress: {'identifier': 'ground_plane_estimator', 'progress': 'build'}
[0.019408] (ground_plane_estimator) Command: {'cmd': ['/usr/bin/cmake', '--build', '/home/turgay/dev_ws/src/ros2_robot/build/ground_plane_estimator', '--', '-j12', '-l12'], 'cwd': '/home/turgay/dev_ws/src/ros2_robot/build/ground_plane_estimator', 'env': OrderedDict([('GJS_DEBUG_TOPICS', 'JS ERROR;JS LOG'), ('LESSOPEN', '| /usr/bin/lesspipe %s'), ('USER', 'turgay'), ('LIBVA_DRIVERS_PATH', '/opt/intel/mediasdk/lib64'), ('TEXTDOMAIN', 'im-config'), ('XDG_SEAT', 'seat0'), ('SSH_AGENT_PID', '1886'), ('XDG_SESSION_TYPE', 'x11'), ('SHLVL', '2'), ('LD_LIBRARY_PATH', '/opt/robot_devkit/tools/rtmonitor/lib:/opt/robot_devkit/tools/rtmonitor_msgs/lib:/opt/robot_devkit/tools/perf_msgs/lib:/opt/robot_devkit/perception/dynamic_vino_lib/lib:/opt/robot_devkit/perception/vino_param_lib/lib:/opt/robot_devkit/perception/robot_interface/lib:/opt/robot_devkit/perception/realsense_ros/lib:/opt/robot_devkit/perception/realsense_msgs/lib:/opt/robot_devkit/perception/pipeline_srv_msgs/lib:/opt/robot_devkit/perception/grasp_ros2/lib:/opt/robot_devkit/perception/people_msgs/lib:/opt/robot_devkit/perception/object_analytics_node/lib:/opt/robot_devkit/perception/object_analytics_msgs/lib:/opt/robot_devkit/perception/moveit_msgs/lib:/opt/robot_devkit/perception/handeye_tf_service/lib:/opt/robot_devkit/perception/grasp_msgs/lib:/opt/ros/dashing/opt/yaml_cpp_vendor/lib:/opt/ros/dashing/opt/rviz_ogre_vendor/lib:/opt/ros/dashing/lib'), ('QT4_IM_MODULE', 'xim'), ('HOME', '/home/turgay'), ('CHROME_DESKTOP', 'code-url-handler.desktop'), ('DESKTOP_SESSION', 'ubuntu'), ('TERM_PROGRAM_VERSION', '1.44.2'), ('GIO_LAUNCHED_DESKTOP_FILE', '/var/lib/snapd/desktop/applications/code_code.desktop'), ('GNOME_SHELL_SESSION_MODE', 'ubuntu'), ('GTK_MODULES', 'gail:atk-bridge'), ('APPLICATION_INSIGHTS_NO_DIAGNOSTIC_CHANNEL', 'true'), ('ROS_PYTHON_VERSION', '3'), ('DBUS_SESSION_BUS_ADDRESS', 'unix:path=/run/user/1000/bus'), ('GIO_LAUNCHED_DESKTOP_FILE_PID', '2676'), ('COLORTERM', 'truecolor'), ('IM_CONFIG_PHASE', '2'), ('COLCON_PREFIX_PATH', '/opt/robot_devkit/tools:/opt/robot_devkit/perception'), ('ROS_DISTRO', 'dashing'), ('LOGNAME', 'turgay'), ('GTK_IM_MODULE', 'ibus'), ('_', '/snap/code/31/usr/share/code/code'), ('ROS_VERSION', '2'), ('USERNAME', 'turgay'), ('XDG_SESSION_ID', '1'), ('TERM', 'xterm-256color'), ('GNOME_DESKTOP_SESSION_ID', 'this-is-deprecated'), ('WINDOWPATH', '1'), ('PATH', '/home/turgay/.local/bin:/opt/robot_devkit/perception/recognize_pick/bin:/opt/robot_devkit/perception/random_pick/bin:/opt/robot_devkit/perception/fixed_position_pick/bin:/opt/robot_devkit/perception/draw_x/bin:/opt/robot_devkit/perception/realsense_node/bin:/opt/robot_devkit/perception/grasp_ros2/bin:/opt/robot_devkit/perception/handeye_dashboard/bin:/opt/ros/dashing/bin:/home/turgay/.local/bin:/usr/local/sbin:/usr/local/bin:/usr/sbin:/usr/bin:/sbin:/bin:/usr/games:/usr/local/games:/snap/bin:/home/turgay/.dotnet/tools:/home/turgay/.dotnet/tools'), ('SESSION_MANAGER', 'local/turgaydesktop:@/tmp/.ICE-unix/1791,unix/turgaydesktop:/tmp/.ICE-unix/1791'), ('XDG_MENU_PREFIX', 'gnome-'), ('BAMF_DESKTOP_FILE_HINT', '/var/lib/snapd/desktop/applications/code_code.desktop'), ('XDG_RUNTIME_DIR', '/run/user/1000/snap.code'), ('DISPLAY', ':0'), ('LANG', 'en_US.UTF-8'), ('XDG_CURRENT_DESKTOP', 'Unity'), ('LIBVA_DRIVER_NAME', 'iHD'), ('XDG_SESSION_DESKTOP', 'ubuntu'), ('XMODIFIERS', '@im=ibus'), ('XAUTHORITY', '/run/user/1000/gdm/Xauthority'), ('TERM_PROGRAM', 'vscode'), ('SSH_AUTH_SOCK', '/run/user/1000/keyring/ssh'), ('GSETTINGS_SCHEMA_DIR', '/snap/code/31/usr/share/glib-2.0/schemas'), ('MFX_HOME', '/opt/intel/mediasdk'), ('AMENT_PREFIX_PATH', '/opt/robot_devkit/tools/rtmonitor_test:/opt/robot_devkit/tools/rtmonitor:/opt/robot_devkit/tools/rtmonitor_msgs:/opt/robot_devkit/tools/rdk_perf:/opt/robot_devkit/tools/perf_msgs:/opt/robot_devkit/perception/dynamic_vino_sample:/opt/robot_devkit/perception/dynamic_vino_lib:/opt/robot_devkit/perception/vino_param_lib:/opt/robot_devkit/perception/ur_description:/opt/robot_devkit/perception/recognize_pick:/opt/robot_devkit/perception/random_pick:/opt/robot_devkit/perception/fixed_position_pick:/opt/robot_devkit/perception/draw_x:/opt/robot_devkit/perception/robot_interface:/opt/robot_devkit/perception/realsense_examples:/opt/robot_devkit/perception/realsense_node:/opt/robot_devkit/perception/realsense_ros:/opt/robot_devkit/perception/realsense_msgs:/opt/robot_devkit/perception/pipeline_srv_msgs:/opt/robot_devkit/perception/grasp_ros2:/opt/robot_devkit/perception/people_msgs:/opt/robot_devkit/perception/object_analytics_rviz:/opt/robot_devkit/perception/object_analytics_node:/opt/robot_devkit/perception/object_analytics_msgs:/opt/robot_devkit/perception/moveit_msgs:/opt/robot_devkit/perception/handeye_tf_service:/opt/robot_devkit/perception/handeye_target_detection:/opt/robot_devkit/perception/handeye_dashboard:/opt/robot_devkit/perception/handeye:/opt/robot_devkit/perception/grasp_tutorials:/opt/robot_devkit/perception/grasp_msgs:/opt/robot_devkit/perception/criutils:/opt/robot_devkit/perception/baldor:/opt/ros/dashing'), ('DISABLE_WAYLAND', '1'), ('SHELL', '/bin/bash'), ('GDK_PIXBUF_MODULEDIR', '/snap/code/31/usr/lib/x86_64-linux-gnu/gdk-pixbuf-2.0/2.10.0/loaders'), ('QT_ACCESSIBILITY', '1'), ('GDMSESSION', 'ubuntu'), ('LESSCLOSE', '/usr/bin/lesspipe %s %s'), ('TEXTDOMAINDIR', '/usr/share/locale/'), ('GJS_DEBUG_OUTPUT', 'stderr'), ('GDK_PIXBUF_MODULE_FILE', '/home/turgay/snap/code/common/.cache/gdk-pixbuf-loaders.cache'), ('GPG_AGENT_INFO', '/run/user/1000/gnupg/S.gpg-agent:0:1'), ('XDG_VTNR', '1'), ('QT_IM_MODULE', 'ibus'), ('LC_ALL', 'en_US.UTF-8'), ('PWD', '/home/turgay/dev_ws/src/ros2_robot/build/ground_plane_estimator'), ('CLUTTER_IM_MODULE', 'xim'), ('XDG_DATA_DIRS', '/usr/share/ubuntu:/usr/local/share/:/usr/share/:/var/lib/snapd/desktop'), ('XDG_CONFIG_DIRS', '/etc/xdg/xdg-ubuntu:/etc/xdg'), ('PYTHONPATH', '/opt/robot_devkit/tools/rtmonitor_msgs/lib/python3.6/site-packages:/opt/robot_devkit/tools/rdk_perf/lib/python3.6/site-packages:/opt/robot_devkit/tools/perf_msgs/lib/python3.6/site-packages:/opt/robot_devkit/perception/realsense_msgs/lib/python3.6/site-packages:/opt/robot_devkit/perception/pipeline_srv_msgs/lib/python3.6/site-packages:/opt/robot_devkit/perception/people_msgs/lib/python3.6/site-packages:/opt/robot_devkit/perception/object_analytics_msgs/lib/python3.6/site-packages:/opt/robot_devkit/perception/moveit_msgs/lib/python3.6/site-packages:/opt/robot_devkit/perception/handeye_tf_service/lib/python3.6/site-packages:/opt/robot_devkit/perception/handeye_dashboard/lib/python3.6/site-packages:/opt/robot_devkit/perception/handeye/lib/python3.6/site-packages:/opt/robot_devkit/perception/grasp_msgs/lib/python3.6/site-packages:/opt/robot_devkit/perception/criutils/lib/python3.6/site-packages:/opt/robot_devkit/perception/baldor/lib/python3.6/site-packages:/opt/ros/dashing/lib/python3.6/site-packages'), ('COLCON', '1'), ('CMAKE_PREFIX_PATH', '/opt/robot_devkit/tools/rtmonitor_test:/opt/robot_devkit/tools/rtmonitor:/opt/robot_devkit/tools/rtmonitor_msgs:/opt/robot_devkit/tools/perf_msgs:/opt/robot_devkit/perception/dynamic_vino_sample:/opt/robot_devkit/perception/dynamic_vino_lib:/opt/robot_devkit/perception/vino_param_lib:/opt/robot_devkit/perception/ur_description:/opt/robot_devkit/perception/recognize_pick:/opt/robot_devkit/perception/random_pick:/opt/robot_devkit/perception/fixed_position_pick:/opt/robot_devkit/perception/draw_x:/opt/robot_devkit/perception/robot_interface:/opt/robot_devkit/perception/realsense_examples:/opt/robot_devkit/perception/realsense_node:/opt/robot_devkit/perception/realsense_ros:/opt/robot_devkit/perception/realsense_msgs:/opt/robot_devkit/perception/pipeline_srv_msgs:/opt/robot_devkit/perception/grasp_ros2:/opt/robot_devkit/perception/people_msgs:/opt/robot_devkit/perception/object_analytics_rviz:/opt/robot_devkit/perception/object_analytics_node:/opt/robot_devkit/perception/object_analytics_msgs:/opt/robot_devkit/perception/moveit_msgs:/opt/robot_devkit/perception/handeye_tf_service:/opt/robot_devkit/perception/handeye_target_detection:/opt/robot_devkit/perception/grasp_tutorials:/opt/robot_devkit/perception/grasp_msgs:/opt/robot_devkit/tools/rdk_perf:/opt/robot_devkit/perception/handeye_dashboard:/opt/robot_devkit/perception/handeye:/opt/robot_devkit/perception/criutils:/opt/robot_devkit/perception/baldor:/opt/ros/dashing')]), 'shell': False}
[0.099151] (-) TimerEvent: {}
[0.147378] (ground_plane_estimator) StdoutLine: {'line': b'[ 50%] \x1b[32mBuilding CXX object CMakeFiles/ground_plane_estimator_node.dir/src/ground_plane_estimator_node.cpp.o\x1b[0m\n'}
[0.199299] (-) TimerEvent: {}
[0.300090] (-) TimerEvent: {}
[0.400542] (-) TimerEvent: {}
[0.500898] (-) TimerEvent: {}
[0.601402] (-) TimerEvent: {}
[0.701909] (-) TimerEvent: {}
[0.802383] (-) TimerEvent: {}
[0.902873] (-) TimerEvent: {}
[1.003383] (-) TimerEvent: {}
[1.103884] (-) TimerEvent: {}
[1.204340] (-) TimerEvent: {}
[1.304646] (-) TimerEvent: {}
[1.405093] (-) TimerEvent: {}
[1.505581] (-) TimerEvent: {}
[1.606054] (-) TimerEvent: {}
[1.706498] (-) TimerEvent: {}
[1.806990] (-) TimerEvent: {}
[1.907480] (-) TimerEvent: {}
[2.007976] (-) TimerEvent: {}
[2.108453] (-) TimerEvent: {}
[2.208952] (-) TimerEvent: {}
[2.309582] (-) TimerEvent: {}
[2.410092] (-) TimerEvent: {}
[2.510548] (-) TimerEvent: {}
[2.611033] (-) TimerEvent: {}
[2.711524] (-) TimerEvent: {}
[2.812014] (-) TimerEvent: {}
[2.912536] (-) TimerEvent: {}
[3.013039] (-) TimerEvent: {}
[3.113504] (-) TimerEvent: {}
[3.213995] (-) TimerEvent: {}
[3.314480] (-) TimerEvent: {}
[3.414972] (-) TimerEvent: {}
[3.515471] (-) TimerEvent: {}
[3.615953] (-) TimerEvent: {}
[3.716402] (-) TimerEvent: {}
[3.816985] (-) TimerEvent: {}
[3.917587] (-) TimerEvent: {}
[4.018153] (-) TimerEvent: {}
[4.118746] (-) TimerEvent: {}
[4.219214] (-) TimerEvent: {}
[4.319707] (-) TimerEvent: {}
[4.420198] (-) TimerEvent: {}
[4.520632] (-) TimerEvent: {}
[4.621106] (-) TimerEvent: {}
[4.721593] (-) TimerEvent: {}
[4.822080] (-) TimerEvent: {}
[4.922543] (-) TimerEvent: {}
[5.022965] (-) TimerEvent: {}
[5.123417] (-) TimerEvent: {}
[5.133578] (ground_plane_estimator) StderrLine: {'line': b'In file included from \x1b[01m\x1b[K/home/turgay/dev_ws/src/ros2_robot/ground_plane_estimator/src/ground_plane_estimator_node.cpp:7:0\x1b[m\x1b[K:\n'}
[5.133995] (ground_plane_estimator) StderrLine: {'line': b'\x1b[01m\x1b[K/home/turgay/dev_ws/src/ros2_robot/ground_plane_estimator/include/ground_plane_estimator/ground_plane_estimator_node.hpp:78:43:\x1b[m\x1b[K \x1b[01;31m\x1b[Kerror: \x1b[m\x1b[K\xe2\x80\x98\x1b[01m\x1b[KImageConstPtr\x1b[m\x1b[K\xe2\x80\x99 in namespace \xe2\x80\x98\x1b[01m\x1b[Ksensor_msgs\x1b[m\x1b[K\xe2\x80\x99 does not name a type\n'}
[5.134240] (ground_plane_estimator) StderrLine: {'line': b'     void imageSegment( const sensor_msgs::\x1b[01;31m\x1b[KImageConstPtr\x1b[m\x1b[K& msg );\n'}
[5.134447] (ground_plane_estimator) StderrLine: {'line': b'                                           \x1b[01;31m\x1b[K^~~~~~~~~~~~~\x1b[m\x1b[K\n'}
[5.223567] (-) TimerEvent: {}
[5.235275] (ground_plane_estimator) StderrLine: {'line': b'\x1b[01m\x1b[K/home/turgay/dev_ws/src/ros2_robot/ground_plane_estimator/src/ground_plane_estimator_node.cpp:252:65:\x1b[m\x1b[K \x1b[01;31m\x1b[Kerror: \x1b[m\x1b[K\xe2\x80\x98\x1b[01m\x1b[KImageConstPtr\x1b[m\x1b[K\xe2\x80\x99 in namespace \xe2\x80\x98\x1b[01m\x1b[Ksensor_msgs\x1b[m\x1b[K\xe2\x80\x99 does not name a type\n'}
[5.235934] (ground_plane_estimator) StderrLine: {'line': b' void GroundPlaneEstimatorNode::imageSegment( const sensor_msgs::\x1b[01;31m\x1b[KImageConstPtr\x1b[m\x1b[K& msg ) {\n'}
[5.236203] (ground_plane_estimator) StderrLine: {'line': b'                                                                 \x1b[01;31m\x1b[K^~~~~~~~~~~~~\x1b[m\x1b[K\n'}
[5.236422] (ground_plane_estimator) StderrLine: {'line': b'\x1b[01m\x1b[K/home/turgay/dev_ws/src/ros2_robot/ground_plane_estimator/src/ground_plane_estimator_node.cpp:\x1b[m\x1b[K In member function \xe2\x80\x98\x1b[01m\x1b[Kvoid GroundPlaneEstimatorNode::imageSegment(const int&)\x1b[m\x1b[K\xe2\x80\x99:\n'}
[5.236643] (ground_plane_estimator) StderrLine: {'line': b'\x1b[01m\x1b[K/home/turgay/dev_ws/src/ros2_robot/ground_plane_estimator/src/ground_plane_estimator_node.cpp:255:79:\x1b[m\x1b[K \x1b[01;31m\x1b[Kerror: \x1b[m\x1b[Kno matching function for call to \xe2\x80\x98\x1b[01m\x1b[KtoCvCopy(const int&, const char [5])\x1b[m\x1b[K\xe2\x80\x99\n'}
[5.236843] (ground_plane_estimator) StderrLine: {'line': b'         cv_ptr = cv_bridge::toCvCopy( msg, sensor_msgs::image_encodings::RGB8 \x1b[01;31m\x1b[K)\x1b[m\x1b[K;\n'}
[5.237036] (ground_plane_estimator) StderrLine: {'line': b'                                                                               \x1b[01;31m\x1b[K^\x1b[m\x1b[K\n'}
[5.237226] (ground_plane_estimator) StderrLine: {'line': b'In file included from \x1b[01m\x1b[K/home/turgay/dev_ws/src/ros2_robot/ground_plane_estimator/include/ground_plane_estimator/ground_plane_estimator_node.hpp:21:0\x1b[m\x1b[K,\n'}
[5.237425] (ground_plane_estimator) StderrLine: {'line': b'                 from \x1b[01m\x1b[K/home/turgay/dev_ws/src/ros2_robot/ground_plane_estimator/src/ground_plane_estimator_node.cpp:7\x1b[m\x1b[K:\n'}
[5.237616] (ground_plane_estimator) StderrLine: {'line': b'\x1b[01m\x1b[K/opt/ros/dashing/include/cv_bridge/cv_bridge.h:175:29:\x1b[m\x1b[K \x1b[01;36m\x1b[Knote: \x1b[m\x1b[Kcandidate: cv_bridge::CvImagePtr cv_bridge::toCvCopy(const ConstSharedPtr&, const string&)\n'}
[5.237816] (ground_plane_estimator) StderrLine: {'line': b' CV_BRIDGE_EXPORT CvImagePtr \x1b[01;36m\x1b[KtoCvCopy\x1b[m\x1b[K(\n'}
[5.238005] (ground_plane_estimator) StderrLine: {'line': b'                             \x1b[01;36m\x1b[K^~~~~~~~\x1b[m\x1b[K\n'}
[5.238193] (ground_plane_estimator) StderrLine: {'line': b'\x1b[01m\x1b[K/opt/ros/dashing/include/cv_bridge/cv_bridge.h:175:29:\x1b[m\x1b[K \x1b[01;36m\x1b[Knote: \x1b[m\x1b[K  no known conversion for argument 1 from \xe2\x80\x98\x1b[01m\x1b[Kconst int\x1b[m\x1b[K\xe2\x80\x99 to \xe2\x80\x98\x1b[01m\x1b[Kconst ConstSharedPtr& {aka const std::shared_ptr<const sensor_msgs::msg::Image_<std::allocator<void> > >&}\x1b[m\x1b[K\xe2\x80\x99\n'}
[5.238388] (ground_plane_estimator) StderrLine: {'line': b'\x1b[01m\x1b[K/opt/ros/dashing/include/cv_bridge/cv_bridge.h:179:29:\x1b[m\x1b[K \x1b[01;36m\x1b[Knote: \x1b[m\x1b[Kcandidate: cv_bridge::CvImagePtr cv_bridge::toCvCopy(const ConstSharedPtr&, const string&)\n'}
[5.238584] (ground_plane_estimator) StderrLine: {'line': b' CV_BRIDGE_EXPORT CvImagePtr \x1b[01;36m\x1b[KtoCvCopy\x1b[m\x1b[K(\n'}
[5.238771] (ground_plane_estimator) StderrLine: {'line': b'                             \x1b[01;36m\x1b[K^~~~~~~~\x1b[m\x1b[K\n'}
[5.238958] (ground_plane_estimator) StderrLine: {'line': b'\x1b[01m\x1b[K/opt/ros/dashing/include/cv_bridge/cv_bridge.h:179:29:\x1b[m\x1b[K \x1b[01;36m\x1b[Knote: \x1b[m\x1b[K  no known conversion for argument 1 from \xe2\x80\x98\x1b[01m\x1b[Kconst int\x1b[m\x1b[K\xe2\x80\x99 to \xe2\x80\x98\x1b[01m\x1b[Kconst ConstSharedPtr& {aka const std::shared_ptr<const sensor_msgs::msg::CompressedImage_<std::allocator<void> > >&}\x1b[m\x1b[K\xe2\x80\x99\n'}
[5.239155] (ground_plane_estimator) StderrLine: {'line': b'\x1b[01m\x1b[K/opt/ros/dashing/include/cv_bridge/cv_bridge.h:202:29:\x1b[m\x1b[K \x1b[01;36m\x1b[Knote: \x1b[m\x1b[Kcandidate: cv_bridge::CvImagePtr cv_bridge::toCvCopy(const Image&, const string&)\n'}
[5.239346] (ground_plane_estimator) StderrLine: {'line': b' CV_BRIDGE_EXPORT CvImagePtr \x1b[01;36m\x1b[KtoCvCopy\x1b[m\x1b[K(\n'}
[5.239560] (ground_plane_estimator) StderrLine: {'line': b'                             \x1b[01;36m\x1b[K^~~~~~~~\x1b[m\x1b[K\n'}
[5.239763] (ground_plane_estimator) StderrLine: {'line': b'\x1b[01m\x1b[K/opt/ros/dashing/include/cv_bridge/cv_bridge.h:202:29:\x1b[m\x1b[K \x1b[01;36m\x1b[Knote: \x1b[m\x1b[K  no known conversion for argument 1 from \xe2\x80\x98\x1b[01m\x1b[Kconst int\x1b[m\x1b[K\xe2\x80\x99 to \xe2\x80\x98\x1b[01m\x1b[Kconst Image& {aka const sensor_msgs::msg::Image_<std::allocator<void> >&}\x1b[m\x1b[K\xe2\x80\x99\n'}
[5.239968] (ground_plane_estimator) StderrLine: {'line': b'\x1b[01m\x1b[K/opt/ros/dashing/include/cv_bridge/cv_bridge.h:206:29:\x1b[m\x1b[K \x1b[01;36m\x1b[Knote: \x1b[m\x1b[Kcandidate: cv_bridge::CvImagePtr cv_bridge::toCvCopy(const CompressedImage&, const string&)\n'}
[5.240190] (ground_plane_estimator) StderrLine: {'line': b' CV_BRIDGE_EXPORT CvImagePtr \x1b[01;36m\x1b[KtoCvCopy\x1b[m\x1b[K(\n'}
[5.240404] (ground_plane_estimator) StderrLine: {'line': b'                             \x1b[01;36m\x1b[K^~~~~~~~\x1b[m\x1b[K\n'}
[5.240595] (ground_plane_estimator) StderrLine: {'line': b'\x1b[01m\x1b[K/opt/ros/dashing/include/cv_bridge/cv_bridge.h:206:29:\x1b[m\x1b[K \x1b[01;36m\x1b[Knote: \x1b[m\x1b[K  no known conversion for argument 1 from \xe2\x80\x98\x1b[01m\x1b[Kconst int\x1b[m\x1b[K\xe2\x80\x99 to \xe2\x80\x98\x1b[01m\x1b[Kconst CompressedImage& {aka const sensor_msgs::msg::CompressedImage_<std::allocator<void> >&}\x1b[m\x1b[K\xe2\x80\x99\n'}
[5.240789] (ground_plane_estimator) StderrLine: {'line': b'\x1b[01m\x1b[K/home/turgay/dev_ws/src/ros2_robot/ground_plane_estimator/src/ground_plane_estimator_node.cpp:258:9:\x1b[m\x1b[K \x1b[01;31m\x1b[Kerror: \x1b[m\x1b[K\xe2\x80\x98\x1b[01m\x1b[KROS_ERROR\x1b[m\x1b[K\xe2\x80\x99 was not declared in this scope\n'}
[5.240980] (ground_plane_estimator) StderrLine: {'line': b'         \x1b[01;31m\x1b[KROS_ERROR\x1b[m\x1b[K( "cv_bridge exception: %s", e.what() );\n'}
[5.241170] (ground_plane_estimator) StderrLine: {'line': b'         \x1b[01;31m\x1b[K^~~~~~~~~\x1b[m\x1b[K\n'}
[5.241775] (ground_plane_estimator) StderrLine: {'line': b'\x1b[01m\x1b[K/home/turgay/dev_ws/src/ros2_robot/ground_plane_estimator/src/ground_plane_estimator_node.cpp:258:9:\x1b[m\x1b[K \x1b[01;36m\x1b[Knote: \x1b[m\x1b[Ksuggested alternative: \xe2\x80\x98\x1b[01m\x1b[KCV_ERROR\x1b[m\x1b[K\xe2\x80\x99\n'}
[5.242104] (ground_plane_estimator) StderrLine: {'line': b'         \x1b[01;36m\x1b[KROS_ERROR\x1b[m\x1b[K( "cv_bridge exception: %s", e.what() );\n'}
[5.242401] (ground_plane_estimator) StderrLine: {'line': b'         \x1b[01;36m\x1b[K^~~~~~~~~\x1b[m\x1b[K\n'}
[5.242699] (ground_plane_estimator) StderrLine: {'line': b'         \x1b[32m\x1b[KCV_ERROR\x1b[m\x1b[K\n'}
[5.251037] (ground_plane_estimator) StderrLine: {'line': b'\x1b[01m\x1b[K/home/turgay/dev_ws/src/ros2_robot/ground_plane_estimator/src/ground_plane_estimator_node.cpp:348:16:\x1b[m\x1b[K \x1b[01;31m\x1b[Kerror: \x1b[m\x1b[K\xe2\x80\x98\x1b[01m\x1b[Kusing SharedPtr = class std::shared_ptr<rclcpp::Publisher<sensor_msgs::msg::Image_<std::allocator<void> > > > {aka class std::shared_ptr<rclcpp::Publisher<sensor_msgs::msg::Image_<std::allocator<void> > > >}\x1b[m\x1b[K\xe2\x80\x99 has no member named \xe2\x80\x98\x1b[01m\x1b[Kpublish\x1b[m\x1b[K\xe2\x80\x99\n'}
[5.251197] (ground_plane_estimator) StderrLine: {'line': b'     image_pub_.\x1b[01;31m\x1b[Kpublish\x1b[m\x1b[K( cv_ptr->toImageMsg() );\n'}
[5.251301] (ground_plane_estimator) StderrLine: {'line': b'                \x1b[01;31m\x1b[K^~~~~~~\x1b[m\x1b[K\n'}
[5.323709] (-) TimerEvent: {}
[5.424212] (-) TimerEvent: {}
[5.524703] (-) TimerEvent: {}
[5.625199] (-) TimerEvent: {}
[5.725689] (-) TimerEvent: {}
[5.826154] (-) TimerEvent: {}
[5.926647] (-) TimerEvent: {}
[6.027134] (-) TimerEvent: {}
[6.127605] (-) TimerEvent: {}
[6.228077] (-) TimerEvent: {}
[6.328570] (-) TimerEvent: {}
[6.419812] (ground_plane_estimator) StderrLine: {'line': b'In file included from \x1b[01m\x1b[K/usr/include/pcl-1.8/pcl/sample_consensus/sac_model.h:52:0\x1b[m\x1b[K,\n'}
[6.420242] (ground_plane_estimator) StderrLine: {'line': b'                 from \x1b[01m\x1b[K/usr/include/pcl-1.8/pcl/sample_consensus/sac.h:45\x1b[m\x1b[K,\n'}
[6.420497] (ground_plane_estimator) StderrLine: {'line': b'                 from \x1b[01m\x1b[K/usr/include/pcl-1.8/pcl/segmentation/sac_segmentation.h:49\x1b[m\x1b[K,\n'}
[6.420703] (ground_plane_estimator) StderrLine: {'line': b'                 from \x1b[01m\x1b[K/home/turgay/dev_ws/src/ros2_robot/ground_plane_estimator/include/ground_plane_estimator/ground_plane_estimator_node.hpp:34\x1b[m\x1b[K,\n'}
[6.420901] (ground_plane_estimator) StderrLine: {'line': b'                 from \x1b[01m\x1b[K/home/turgay/dev_ws/src/ros2_robot/ground_plane_estimator/src/ground_plane_estimator_node.cpp:7\x1b[m\x1b[K:\n'}
[6.421095] (ground_plane_estimator) StderrLine: {'line': b'\x1b[01m\x1b[K/usr/include/pcl-1.8/pcl/sample_consensus/model_types.h:\x1b[m\x1b[K In function \xe2\x80\x98\x1b[01m\x1b[Kvoid __static_initialization_and_destruction_0(int, int)\x1b[m\x1b[K\xe2\x80\x99:\n'}
[6.421300] (ground_plane_estimator) StderrLine: {'line': b'\x1b[01m\x1b[K/usr/include/pcl-1.8/pcl/sample_consensus/model_types.h:99:3:\x1b[m\x1b[K \x1b[01;35m\x1b[Kwarning: \x1b[m\x1b[K\xe2\x80\x98\x1b[01m\x1b[Kpcl::SAC_SAMPLE_SIZE\x1b[m\x1b[K\xe2\x80\x99 is deprecated: This map is deprecated and is kept only to prevent breaking existing user code. Starting from PCL 1.8.0 model sample size is a protected member of the SampleConsensusModel class [\x1b[01;35m\x1b[K-Wdeprecated-declarations\x1b[m\x1b[K]\n'}
[6.421506] (ground_plane_estimator) StderrLine: {'line': b'   \x1b[01;35m\x1b[KSAC_SAMPLE_SIZE\x1b[m\x1b[K (sample_size_pairs, sample_size_pairs + sizeof (sample_size_pairs) / sizeof (SampleSizeModel));\n'}
[6.421699] (ground_plane_estimator) StderrLine: {'line': b'   \x1b[01;35m\x1b[K^~~~~~~~~~~~~~~\x1b[m\x1b[K\n'}
[6.421894] (ground_plane_estimator) StderrLine: {'line': b'\x1b[01m\x1b[K/usr/include/pcl-1.8/pcl/sample_consensus/model_types.h:99:3:\x1b[m\x1b[K \x1b[01;36m\x1b[Knote: \x1b[m\x1b[Kdeclared here\n'}
[6.428682] (-) TimerEvent: {}
[6.529129] (-) TimerEvent: {}
[6.629617] (-) TimerEvent: {}
[6.730106] (-) TimerEvent: {}
[6.748974] (ground_plane_estimator) StdoutLine: {'line': b"CMakeFiles/ground_plane_estimator_node.dir/build.make:62: recipe for target 'CMakeFiles/ground_plane_estimator_node.dir/src/ground_plane_estimator_node.cpp.o' failed\n"}
[6.749519] (ground_plane_estimator) StderrLine: {'line': b'make[2]: *** [CMakeFiles/ground_plane_estimator_node.dir/src/ground_plane_estimator_node.cpp.o] Error 1\n'}
[6.750016] (ground_plane_estimator) StdoutLine: {'line': b"CMakeFiles/Makefile2:67: recipe for target 'CMakeFiles/ground_plane_estimator_node.dir/all' failed\n"}
[6.750409] (ground_plane_estimator) StderrLine: {'line': b'make[1]: *** [CMakeFiles/ground_plane_estimator_node.dir/all] Error 2\n'}
[6.750772] (ground_plane_estimator) StdoutLine: {'line': b"Makefile:140: recipe for target 'all' failed\n"}
[6.751143] (ground_plane_estimator) StderrLine: {'line': b'make: *** [all] Error 2\n'}
[6.754179] (ground_plane_estimator) CommandEnded: {'returncode': 2}
[6.755255] (ground_plane_estimator) JobEnded: {'identifier': 'ground_plane_estimator', 'rc': 2}
[6.765321] (-) EventReactorShutdown: {}
