[0.915s] Invoking command in '/home/latte/dev_ws/src/ros2_robot/simple_gps': PYTHONPATH=/home/latte/dev_ws/src/ros2_robot/install/simple_gps/lib/python3.6/site-packages:${PYTHONPATH} /usr/bin/python3 setup.py egg_info --egg-base /home/latte/dev_ws/src/ros2_robot/build/simple_gps build --build-base /home/latte/dev_ws/src/ros2_robot/build/simple_gps/build install --prefix /home/latte/dev_ws/src/ros2_robot/install/simple_gps --record /home/latte/dev_ws/src/ros2_robot/build/simple_gps/install.log --single-version-externally-managed
[1.513s] running egg_info
[1.514s] writing /home/latte/dev_ws/src/ros2_robot/build/simple_gps/simple_gps.egg-info/PKG-INFO
[1.514s] writing dependency_links to /home/latte/dev_ws/src/ros2_robot/build/simple_gps/simple_gps.egg-info/dependency_links.txt
[1.516s] writing entry points to /home/latte/dev_ws/src/ros2_robot/build/simple_gps/simple_gps.egg-info/entry_points.txt
[1.516s] writing requirements to /home/latte/dev_ws/src/ros2_robot/build/simple_gps/simple_gps.egg-info/requires.txt
[1.517s] writing top-level names to /home/latte/dev_ws/src/ros2_robot/build/simple_gps/simple_gps.egg-info/top_level.txt
[1.593s] reading manifest file '/home/latte/dev_ws/src/ros2_robot/build/simple_gps/simple_gps.egg-info/SOURCES.txt'
[1.595s] writing manifest file '/home/latte/dev_ws/src/ros2_robot/build/simple_gps/simple_gps.egg-info/SOURCES.txt'
[1.595s] running build
[1.596s] running build_py
[1.596s] running install
[1.597s] running install_lib
[1.599s] running install_data
[1.600s] running install_egg_info
[1.604s] removing '/home/latte/dev_ws/src/ros2_robot/install/simple_gps/lib/python3.6/site-packages/simple_gps-0.0.0-py3.6.egg-info' (and everything under it)
[1.605s] Copying /home/latte/dev_ws/src/ros2_robot/build/simple_gps/simple_gps.egg-info to /home/latte/dev_ws/src/ros2_robot/install/simple_gps/lib/python3.6/site-packages/simple_gps-0.0.0-py3.6.egg-info
[1.607s] running install_scripts
[1.645s] Installing simple_gps_node script to /home/latte/dev_ws/src/ros2_robot/install/simple_gps/lib/simple_gps
[1.645s] writing list of installed files to '/home/latte/dev_ws/src/ros2_robot/build/simple_gps/install.log'
[1.684s] Invoked command in '/home/latte/dev_ws/src/ros2_robot/simple_gps' returned '0': PYTHONPATH=/home/latte/dev_ws/src/ros2_robot/install/simple_gps/lib/python3.6/site-packages:${PYTHONPATH} /usr/bin/python3 setup.py egg_info --egg-base /home/latte/dev_ws/src/ros2_robot/build/simple_gps build --build-base /home/latte/dev_ws/src/ros2_robot/build/simple_gps/build install --prefix /home/latte/dev_ws/src/ros2_robot/install/simple_gps --record /home/latte/dev_ws/src/ros2_robot/build/simple_gps/install.log --single-version-externally-managed
