[5.508s] In file included from [01m[K/home/turgay/dev_ws/src/ros2_robot/ground_plane_estimator/src/ground_plane_estimator_node.cpp:7:0[m[K:
[5.508s] [01m[K/home/turgay/dev_ws/src/ros2_robot/ground_plane_estimator/include/ground_plane_estimator/ground_plane_estimator_node.hpp:78:43:[m[K [01;31m[Kerror: [m[K‘[01m[KImageConstPtr[m[K’ in namespace ‘[01m[Ksensor_msgs[m[K’ does not name a type
[5.508s]      void imageSegment( const sensor_msgs::[01;31m[KImageConstPtr[m[K& msg );
[5.509s]                                            [01;31m[K^~~~~~~~~~~~~[m[K
[5.623s] [01m[K/home/turgay/dev_ws/src/ros2_robot/ground_plane_estimator/src/ground_plane_estimator_node.cpp:252:65:[m[K [01;31m[Kerror: [m[K‘[01m[KImageConstPtr[m[K’ in namespace ‘[01m[Ksensor_msgs[m[K’ does not name a type
[5.623s]  void GroundPlaneEstimatorNode::imageSegment( const sensor_msgs::[01;31m[KImageConstPtr[m[K& msg ) {
[5.623s]                                                                  [01;31m[K^~~~~~~~~~~~~[m[K
[5.623s] [01m[K/home/turgay/dev_ws/src/ros2_robot/ground_plane_estimator/src/ground_plane_estimator_node.cpp:[m[K In member function ‘[01m[Kvoid GroundPlaneEstimatorNode::imageSegment(const int&)[m[K’:
[5.623s] [01m[K/home/turgay/dev_ws/src/ros2_robot/ground_plane_estimator/src/ground_plane_estimator_node.cpp:255:79:[m[K [01;31m[Kerror: [m[Kno matching function for call to ‘[01m[KtoCvCopy(const int&, const char [5])[m[K’
[5.624s]          cv_ptr = cv_bridge::toCvCopy( msg, sensor_msgs::image_encodings::RGB8 [01;31m[K)[m[K;
[5.624s]                                                                                [01;31m[K^[m[K
[5.624s] In file included from [01m[K/home/turgay/dev_ws/src/ros2_robot/ground_plane_estimator/include/ground_plane_estimator/ground_plane_estimator_node.hpp:21:0[m[K,
[5.624s]                  from [01m[K/home/turgay/dev_ws/src/ros2_robot/ground_plane_estimator/src/ground_plane_estimator_node.cpp:7[m[K:
[5.624s] [01m[K/opt/ros/dashing/include/cv_bridge/cv_bridge.h:175:29:[m[K [01;36m[Knote: [m[Kcandidate: cv_bridge::CvImagePtr cv_bridge::toCvCopy(const ConstSharedPtr&, const string&)
[5.624s]  CV_BRIDGE_EXPORT CvImagePtr [01;36m[KtoCvCopy[m[K(
[5.624s]                              [01;36m[K^~~~~~~~[m[K
[5.625s] [01m[K/opt/ros/dashing/include/cv_bridge/cv_bridge.h:175:29:[m[K [01;36m[Knote: [m[K  no known conversion for argument 1 from ‘[01m[Kconst int[m[K’ to ‘[01m[Kconst ConstSharedPtr& {aka const std::shared_ptr<const sensor_msgs::msg::Image_<std::allocator<void> > >&}[m[K’
[5.625s] [01m[K/opt/ros/dashing/include/cv_bridge/cv_bridge.h:179:29:[m[K [01;36m[Knote: [m[Kcandidate: cv_bridge::CvImagePtr cv_bridge::toCvCopy(const ConstSharedPtr&, const string&)
[5.625s]  CV_BRIDGE_EXPORT CvImagePtr [01;36m[KtoCvCopy[m[K(
[5.625s]                              [01;36m[K^~~~~~~~[m[K
[5.625s] [01m[K/opt/ros/dashing/include/cv_bridge/cv_bridge.h:179:29:[m[K [01;36m[Knote: [m[K  no known conversion for argument 1 from ‘[01m[Kconst int[m[K’ to ‘[01m[Kconst ConstSharedPtr& {aka const std::shared_ptr<const sensor_msgs::msg::CompressedImage_<std::allocator<void> > >&}[m[K’
[5.625s] [01m[K/opt/ros/dashing/include/cv_bridge/cv_bridge.h:202:29:[m[K [01;36m[Knote: [m[Kcandidate: cv_bridge::CvImagePtr cv_bridge::toCvCopy(const Image&, const string&)
[5.625s]  CV_BRIDGE_EXPORT CvImagePtr [01;36m[KtoCvCopy[m[K(
[5.625s]                              [01;36m[K^~~~~~~~[m[K
[5.626s] [01m[K/opt/ros/dashing/include/cv_bridge/cv_bridge.h:202:29:[m[K [01;36m[Knote: [m[K  no known conversion for argument 1 from ‘[01m[Kconst int[m[K’ to ‘[01m[Kconst Image& {aka const sensor_msgs::msg::Image_<std::allocator<void> >&}[m[K’
[5.626s] [01m[K/opt/ros/dashing/include/cv_bridge/cv_bridge.h:206:29:[m[K [01;36m[Knote: [m[Kcandidate: cv_bridge::CvImagePtr cv_bridge::toCvCopy(const CompressedImage&, const string&)
[5.626s]  CV_BRIDGE_EXPORT CvImagePtr [01;36m[KtoCvCopy[m[K(
[5.626s]                              [01;36m[K^~~~~~~~[m[K
[5.626s] [01m[K/opt/ros/dashing/include/cv_bridge/cv_bridge.h:206:29:[m[K [01;36m[Knote: [m[K  no known conversion for argument 1 from ‘[01m[Kconst int[m[K’ to ‘[01m[Kconst CompressedImage& {aka const sensor_msgs::msg::CompressedImage_<std::allocator<void> >&}[m[K’
[5.637s] [01m[K/home/turgay/dev_ws/src/ros2_robot/ground_plane_estimator/src/ground_plane_estimator_node.cpp:348:47:[m[K [01;35m[Kwarning: [m[K‘[01m[Kvoid rclcpp::Publisher<MessageT, Alloc>::publish(const std::shared_ptr<const _Tp>&) [with MessageT = sensor_msgs::msg::Image_<std::allocator<void> >; Alloc = std::allocator<void>][m[K’ is deprecated: publishing an unique_ptr is prefered when using intra process communication. If using a shared_ptr, use publish(*msg). [[01;35m[K-Wdeprecated-declarations[m[K]
[5.637s]      image_pub_->publish( cv_ptr->toImageMsg() [01;35m[K)[m[K;
[5.637s]                                                [01;35m[K^[m[K
[5.638s] In file included from [01m[K/opt/ros/dashing/include/rclcpp/callback_group.hpp:24:0[m[K,
[5.638s]                  from [01m[K/opt/ros/dashing/include/rclcpp/any_executable.hpp:20[m[K,
[5.638s]                  from [01m[K/opt/ros/dashing/include/rclcpp/memory_strategy.hpp:24[m[K,
[5.638s]                  from [01m[K/opt/ros/dashing/include/rclcpp/memory_strategies.hpp:18[m[K,
[5.638s]                  from [01m[K/opt/ros/dashing/include/rclcpp/executor.hpp:33[m[K,
[5.638s]                  from [01m[K/opt/ros/dashing/include/rclcpp/executors/multi_threaded_executor.hpp:24[m[K,
[5.638s]                  from [01m[K/opt/ros/dashing/include/rclcpp/executors.hpp:21[m[K,
[5.638s]                  from [01m[K/opt/ros/dashing/include/rclcpp/rclcpp.hpp:144[m[K,
[5.639s]                  from [01m[K/home/turgay/dev_ws/src/ros2_robot/ground_plane_estimator/include/ground_plane_estimator/ground_plane_estimator_node.hpp:18[m[K,
[5.639s]                  from [01m[K/home/turgay/dev_ws/src/ros2_robot/ground_plane_estimator/src/ground_plane_estimator_node.cpp:7[m[K:
[5.639s] [01m[K/opt/ros/dashing/include/rclcpp/publisher.hpp:137:3:[m[K [01;36m[Knote: [m[Kdeclared here
[5.639s]    [01;36m[Kpublish[m[K(const std::shared_ptr<const MessageT> & msg)
[5.639s]    [01;36m[K^~~~~~~[m[K
[6.921s] In file included from [01m[K/usr/include/pcl-1.8/pcl/sample_consensus/sac_model.h:52:0[m[K,
[6.921s]                  from [01m[K/usr/include/pcl-1.8/pcl/sample_consensus/sac.h:45[m[K,
[6.921s]                  from [01m[K/usr/include/pcl-1.8/pcl/segmentation/sac_segmentation.h:49[m[K,
[6.921s]                  from [01m[K/home/turgay/dev_ws/src/ros2_robot/ground_plane_estimator/include/ground_plane_estimator/ground_plane_estimator_node.hpp:34[m[K,
[6.922s]                  from [01m[K/home/turgay/dev_ws/src/ros2_robot/ground_plane_estimator/src/ground_plane_estimator_node.cpp:7[m[K:
[6.922s] [01m[K/usr/include/pcl-1.8/pcl/sample_consensus/model_types.h:[m[K In function ‘[01m[Kvoid __static_initialization_and_destruction_0(int, int)[m[K’:
[6.922s] [01m[K/usr/include/pcl-1.8/pcl/sample_consensus/model_types.h:99:3:[m[K [01;35m[Kwarning: [m[K‘[01m[Kpcl::SAC_SAMPLE_SIZE[m[K’ is deprecated: This map is deprecated and is kept only to prevent breaking existing user code. Starting from PCL 1.8.0 model sample size is a protected member of the SampleConsensusModel class [[01;35m[K-Wdeprecated-declarations[m[K]
[6.922s]    [01;35m[KSAC_SAMPLE_SIZE[m[K (sample_size_pairs, sample_size_pairs + sizeof (sample_size_pairs) / sizeof (SampleSizeModel));
[6.922s]    [01;35m[K^~~~~~~~~~~~~~~[m[K
[6.922s] [01m[K/usr/include/pcl-1.8/pcl/sample_consensus/model_types.h:99:3:[m[K [01;36m[Knote: [m[Kdeclared here
[7.289s] make[2]: *** [CMakeFiles/ground_plane_estimator_node.dir/src/ground_plane_estimator_node.cpp.o] Error 1
[7.290s] make[1]: *** [CMakeFiles/ground_plane_estimator_node.dir/all] Error 2
[7.290s] make: *** [all] Error 2
