[0.020s] Invoking command in '/home/latte/dev_ws/src/ros2_robot/build/realsense_t265_node': AMENT_PREFIX_PATH=/home/latte/dev_ws/src/ros2_robot/install/realsense_t265_ros:${AMENT_PREFIX_PATH} CMAKE_PREFIX_PATH=/home/latte/dev_ws/src/ros2_robot/install/realsense_t265_ros:/home/latte/ros2_ws/install/depthimage_to_laserscan:/opt/robot_devkit/tools/rtmonitor_test:/opt/robot_devkit/tools/rtmonitor:/opt/robot_devkit/tools/rtmonitor_msgs:/opt/robot_devkit/tools/perf_msgs:/opt/robot_devkit/perception/dynamic_vino_sample:/opt/robot_devkit/perception/dynamic_vino_lib:/opt/robot_devkit/perception/vino_param_lib:/opt/robot_devkit/perception/ur_description:/opt/robot_devkit/perception/recognize_pick:/opt/robot_devkit/perception/random_pick:/opt/robot_devkit/perception/fixed_position_pick:/opt/robot_devkit/perception/draw_x:/opt/robot_devkit/perception/robot_interface:/opt/robot_devkit/perception/realsense_examples:/opt/robot_devkit/perception/realsense_node:/opt/robot_devkit/perception/realsense_ros:/opt/robot_devkit/perception/realsense_msgs:/opt/robot_devkit/perception/pipeline_srv_msgs:/opt/robot_devkit/perception/grasp_ros2:/opt/robot_devkit/perception/people_msgs:/opt/robot_devkit/perception/object_analytics_rviz:/opt/robot_devkit/perception/object_analytics_node:/opt/robot_devkit/perception/object_analytics_msgs:/opt/robot_devkit/perception/moveit_msgs:/opt/robot_devkit/perception/handeye_tf_service:/opt/robot_devkit/perception/handeye_target_detection:/opt/robot_devkit/perception/grasp_tutorials:/opt/robot_devkit/perception/grasp_msgs:/opt/robot_devkit/tools/rdk_perf:/opt/robot_devkit/perception/handeye_dashboard:/opt/robot_devkit/perception/handeye:/opt/robot_devkit/perception/criutils:/opt/robot_devkit/perception/baldor:/opt/ros/dashing LD_LIBRARY_PATH=/home/latte/dev_ws/src/ros2_robot/install/realsense_t265_ros/lib:${LD_LIBRARY_PATH} /usr/bin/cmake /home/latte/dev_ws/src/ros2_robot/realsense_t265_node -DCMAKE_INSTALL_PREFIX=/home/latte/dev_ws/src/ros2_robot/install/realsense_t265_node
[0.102s] -- The C compiler identification is GNU 7.5.0
[0.173s] -- The CXX compiler identification is GNU 7.5.0
[0.179s] -- Check for working C compiler: /usr/bin/cc
[0.278s] -- Check for working C compiler: /usr/bin/cc -- works
[0.279s] -- Detecting C compiler ABI info
[0.375s] -- Detecting C compiler ABI info - done
[0.381s] -- Detecting C compile features
[0.672s] -- Detecting C compile features - done
[0.674s] -- Check for working CXX compiler: /usr/bin/c++
[0.785s] -- Check for working CXX compiler: /usr/bin/c++ -- works
[0.786s] -- Detecting CXX compiler ABI info
[0.898s] -- Detecting CXX compiler ABI info - done
[0.904s] -- Detecting CXX compile features
[1.371s] -- Detecting CXX compile features - done
[1.372s] -- Create Debug Build.
[1.379s] -- Found ament_cmake: 0.7.4 (/opt/ros/dashing/share/ament_cmake/cmake)
[1.445s] -- Found PythonInterp: /usr/bin/python3 (found suitable version "3.6.9", minimum required is "3") 
[1.445s] -- Using PYTHON_EXECUTABLE: /usr/bin/python3
[1.817s] -- Found rclcpp: 0.7.13 (/opt/ros/dashing/share/rclcpp/cmake)
[1.882s] -- Found rosidl_adapter: 0.7.9 (/opt/ros/dashing/share/rosidl_adapter/cmake)
[1.966s] -- Found rmw_implementation_cmake: 0.7.2 (/opt/ros/dashing/share/rmw_implementation_cmake/cmake)
[1.970s] -- Using RMW implementation 'rmw_fastrtps_cpp' as default
[1.971s] -- Looking for pthread.h
[2.083s] -- Looking for pthread.h - found
[2.083s] -- Looking for pthread_create
[2.186s] -- Looking for pthread_create - not found
[2.186s] -- Looking for pthread_create in pthreads
[2.274s] -- Looking for pthread_create in pthreads - not found
[2.275s] -- Looking for pthread_create in pthread
[2.374s] -- Looking for pthread_create in pthread - found
[2.375s] -- Found Threads: TRUE  
[2.436s] -- Found nav_msgs: 0.7.0 (/opt/ros/dashing/share/nav_msgs/cmake)
[2.483s] -- Found sensor_msgs: 0.7.0 (/opt/ros/dashing/share/sensor_msgs/cmake)
[2.501s] -- Found cv_bridge: 2.1.4 (/opt/ros/dashing/share/cv_bridge/cmake)
[2.532s] -- Found tf2: 0.11.6 (/opt/ros/dashing/share/tf2/cmake)
[2.548s] -- Found tf2_ros: 0.11.6 (/opt/ros/dashing/share/tf2_ros/cmake)
[2.628s] -- Found realsense_t265_ros: 2.0.5 (/home/latte/dev_ws/src/ros2_robot/install/realsense_t265_ros/share/realsense_t265_ros/cmake)
[2.632s] -- Found realsense_msgs: 2.0.5 (/opt/robot_devkit/perception/realsense_msgs/share/realsense_msgs/cmake)
[2.755s] -- Found ament_lint_auto: 0.7.11 (/opt/ros/dashing/share/ament_lint_auto/cmake)
[2.902s] -- Added test 'copyright' to check for copyright in CMake / C / C++ / Python code
[2.904s] -- Added test 'cppcheck' to perform static code analysis on C / C++ code
[2.904s] -- Configured cppcheck include dirs: 
[2.905s] -- Added test 'cpplint' to check C / C++ code against the Google style
[2.907s] -- Added test 'lint_cmake' to check CMake code style
[2.909s] -- Added test 'uncrustify' to check C / C++ code style
[2.910s] -- Added test 'xmllint' to check XML markup files
[2.914s] -- Configuring done
[2.960s] -- Generating done
[2.962s] -- Build files have been written to: /home/latte/dev_ws/src/ros2_robot/build/realsense_t265_node
[2.967s] Invoked command in '/home/latte/dev_ws/src/ros2_robot/build/realsense_t265_node' returned '0': AMENT_PREFIX_PATH=/home/latte/dev_ws/src/ros2_robot/install/realsense_t265_ros:${AMENT_PREFIX_PATH} CMAKE_PREFIX_PATH=/home/latte/dev_ws/src/ros2_robot/install/realsense_t265_ros:/home/latte/ros2_ws/install/depthimage_to_laserscan:/opt/robot_devkit/tools/rtmonitor_test:/opt/robot_devkit/tools/rtmonitor:/opt/robot_devkit/tools/rtmonitor_msgs:/opt/robot_devkit/tools/perf_msgs:/opt/robot_devkit/perception/dynamic_vino_sample:/opt/robot_devkit/perception/dynamic_vino_lib:/opt/robot_devkit/perception/vino_param_lib:/opt/robot_devkit/perception/ur_description:/opt/robot_devkit/perception/recognize_pick:/opt/robot_devkit/perception/random_pick:/opt/robot_devkit/perception/fixed_position_pick:/opt/robot_devkit/perception/draw_x:/opt/robot_devkit/perception/robot_interface:/opt/robot_devkit/perception/realsense_examples:/opt/robot_devkit/perception/realsense_node:/opt/robot_devkit/perception/realsense_ros:/opt/robot_devkit/perception/realsense_msgs:/opt/robot_devkit/perception/pipeline_srv_msgs:/opt/robot_devkit/perception/grasp_ros2:/opt/robot_devkit/perception/people_msgs:/opt/robot_devkit/perception/object_analytics_rviz:/opt/robot_devkit/perception/object_analytics_node:/opt/robot_devkit/perception/object_analytics_msgs:/opt/robot_devkit/perception/moveit_msgs:/opt/robot_devkit/perception/handeye_tf_service:/opt/robot_devkit/perception/handeye_target_detection:/opt/robot_devkit/perception/grasp_tutorials:/opt/robot_devkit/perception/grasp_msgs:/opt/robot_devkit/tools/rdk_perf:/opt/robot_devkit/perception/handeye_dashboard:/opt/robot_devkit/perception/handeye:/opt/robot_devkit/perception/criutils:/opt/robot_devkit/perception/baldor:/opt/ros/dashing LD_LIBRARY_PATH=/home/latte/dev_ws/src/ros2_robot/install/realsense_t265_ros/lib:${LD_LIBRARY_PATH} /usr/bin/cmake /home/latte/dev_ws/src/ros2_robot/realsense_t265_node -DCMAKE_INSTALL_PREFIX=/home/latte/dev_ws/src/ros2_robot/install/realsense_t265_node
[2.969s] Invoking command in '/home/latte/dev_ws/src/ros2_robot/build/realsense_t265_node': AMENT_PREFIX_PATH=/home/latte/dev_ws/src/ros2_robot/install/realsense_t265_ros:${AMENT_PREFIX_PATH} CMAKE_PREFIX_PATH=/home/latte/dev_ws/src/ros2_robot/install/realsense_t265_ros:/home/latte/ros2_ws/install/depthimage_to_laserscan:/opt/robot_devkit/tools/rtmonitor_test:/opt/robot_devkit/tools/rtmonitor:/opt/robot_devkit/tools/rtmonitor_msgs:/opt/robot_devkit/tools/perf_msgs:/opt/robot_devkit/perception/dynamic_vino_sample:/opt/robot_devkit/perception/dynamic_vino_lib:/opt/robot_devkit/perception/vino_param_lib:/opt/robot_devkit/perception/ur_description:/opt/robot_devkit/perception/recognize_pick:/opt/robot_devkit/perception/random_pick:/opt/robot_devkit/perception/fixed_position_pick:/opt/robot_devkit/perception/draw_x:/opt/robot_devkit/perception/robot_interface:/opt/robot_devkit/perception/realsense_examples:/opt/robot_devkit/perception/realsense_node:/opt/robot_devkit/perception/realsense_ros:/opt/robot_devkit/perception/realsense_msgs:/opt/robot_devkit/perception/pipeline_srv_msgs:/opt/robot_devkit/perception/grasp_ros2:/opt/robot_devkit/perception/people_msgs:/opt/robot_devkit/perception/object_analytics_rviz:/opt/robot_devkit/perception/object_analytics_node:/opt/robot_devkit/perception/object_analytics_msgs:/opt/robot_devkit/perception/moveit_msgs:/opt/robot_devkit/perception/handeye_tf_service:/opt/robot_devkit/perception/handeye_target_detection:/opt/robot_devkit/perception/grasp_tutorials:/opt/robot_devkit/perception/grasp_msgs:/opt/robot_devkit/tools/rdk_perf:/opt/robot_devkit/perception/handeye_dashboard:/opt/robot_devkit/perception/handeye:/opt/robot_devkit/perception/criutils:/opt/robot_devkit/perception/baldor:/opt/ros/dashing LD_LIBRARY_PATH=/home/latte/dev_ws/src/ros2_robot/install/realsense_t265_ros/lib:${LD_LIBRARY_PATH} /usr/bin/cmake --build /home/latte/dev_ws/src/ros2_robot/build/realsense_t265_node -- -j4 -l4
[3.034s] [35m[1mScanning dependencies of target realsense_t265_node[0m
[3.108s] [ 50%] [32mBuilding CXX object CMakeFiles/realsense_t265_node.dir/src/realsense_t265_node.cpp.o[0m
[6.571s] [100%] [32m[1mLinking CXX executable realsense_t265_node[0m
[7.270s] [100%] Built target realsense_t265_node
[7.289s] Invoked command in '/home/latte/dev_ws/src/ros2_robot/build/realsense_t265_node' returned '0': AMENT_PREFIX_PATH=/home/latte/dev_ws/src/ros2_robot/install/realsense_t265_ros:${AMENT_PREFIX_PATH} CMAKE_PREFIX_PATH=/home/latte/dev_ws/src/ros2_robot/install/realsense_t265_ros:/home/latte/ros2_ws/install/depthimage_to_laserscan:/opt/robot_devkit/tools/rtmonitor_test:/opt/robot_devkit/tools/rtmonitor:/opt/robot_devkit/tools/rtmonitor_msgs:/opt/robot_devkit/tools/perf_msgs:/opt/robot_devkit/perception/dynamic_vino_sample:/opt/robot_devkit/perception/dynamic_vino_lib:/opt/robot_devkit/perception/vino_param_lib:/opt/robot_devkit/perception/ur_description:/opt/robot_devkit/perception/recognize_pick:/opt/robot_devkit/perception/random_pick:/opt/robot_devkit/perception/fixed_position_pick:/opt/robot_devkit/perception/draw_x:/opt/robot_devkit/perception/robot_interface:/opt/robot_devkit/perception/realsense_examples:/opt/robot_devkit/perception/realsense_node:/opt/robot_devkit/perception/realsense_ros:/opt/robot_devkit/perception/realsense_msgs:/opt/robot_devkit/perception/pipeline_srv_msgs:/opt/robot_devkit/perception/grasp_ros2:/opt/robot_devkit/perception/people_msgs:/opt/robot_devkit/perception/object_analytics_rviz:/opt/robot_devkit/perception/object_analytics_node:/opt/robot_devkit/perception/object_analytics_msgs:/opt/robot_devkit/perception/moveit_msgs:/opt/robot_devkit/perception/handeye_tf_service:/opt/robot_devkit/perception/handeye_target_detection:/opt/robot_devkit/perception/grasp_tutorials:/opt/robot_devkit/perception/grasp_msgs:/opt/robot_devkit/tools/rdk_perf:/opt/robot_devkit/perception/handeye_dashboard:/opt/robot_devkit/perception/handeye:/opt/robot_devkit/perception/criutils:/opt/robot_devkit/perception/baldor:/opt/ros/dashing LD_LIBRARY_PATH=/home/latte/dev_ws/src/ros2_robot/install/realsense_t265_ros/lib:${LD_LIBRARY_PATH} /usr/bin/cmake --build /home/latte/dev_ws/src/ros2_robot/build/realsense_t265_node -- -j4 -l4
[7.329s] Invoking command in '/home/latte/dev_ws/src/ros2_robot/build/realsense_t265_node': AMENT_PREFIX_PATH=/home/latte/dev_ws/src/ros2_robot/install/realsense_t265_ros:${AMENT_PREFIX_PATH} CMAKE_PREFIX_PATH=/home/latte/dev_ws/src/ros2_robot/install/realsense_t265_ros:/home/latte/ros2_ws/install/depthimage_to_laserscan:/opt/robot_devkit/tools/rtmonitor_test:/opt/robot_devkit/tools/rtmonitor:/opt/robot_devkit/tools/rtmonitor_msgs:/opt/robot_devkit/tools/perf_msgs:/opt/robot_devkit/perception/dynamic_vino_sample:/opt/robot_devkit/perception/dynamic_vino_lib:/opt/robot_devkit/perception/vino_param_lib:/opt/robot_devkit/perception/ur_description:/opt/robot_devkit/perception/recognize_pick:/opt/robot_devkit/perception/random_pick:/opt/robot_devkit/perception/fixed_position_pick:/opt/robot_devkit/perception/draw_x:/opt/robot_devkit/perception/robot_interface:/opt/robot_devkit/perception/realsense_examples:/opt/robot_devkit/perception/realsense_node:/opt/robot_devkit/perception/realsense_ros:/opt/robot_devkit/perception/realsense_msgs:/opt/robot_devkit/perception/pipeline_srv_msgs:/opt/robot_devkit/perception/grasp_ros2:/opt/robot_devkit/perception/people_msgs:/opt/robot_devkit/perception/object_analytics_rviz:/opt/robot_devkit/perception/object_analytics_node:/opt/robot_devkit/perception/object_analytics_msgs:/opt/robot_devkit/perception/moveit_msgs:/opt/robot_devkit/perception/handeye_tf_service:/opt/robot_devkit/perception/handeye_target_detection:/opt/robot_devkit/perception/grasp_tutorials:/opt/robot_devkit/perception/grasp_msgs:/opt/robot_devkit/tools/rdk_perf:/opt/robot_devkit/perception/handeye_dashboard:/opt/robot_devkit/perception/handeye:/opt/robot_devkit/perception/criutils:/opt/robot_devkit/perception/baldor:/opt/ros/dashing LD_LIBRARY_PATH=/home/latte/dev_ws/src/ros2_robot/install/realsense_t265_ros/lib:${LD_LIBRARY_PATH} /usr/bin/cmake --build /home/latte/dev_ws/src/ros2_robot/build/realsense_t265_node --target install -- -j4 -l4
[7.426s] [100%] Built target realsense_t265_node
[7.457s] [36mInstall the project...[0m
[7.472s] -- Install configuration: ""
[7.472s] -- Installing: /home/latte/dev_ws/src/ros2_robot/install/realsense_t265_node/lib/realsense_t265_node/realsense_t265_node
[7.473s] -- Set runtime path of "/home/latte/dev_ws/src/ros2_robot/install/realsense_t265_node/lib/realsense_t265_node/realsense_t265_node" to ""
[7.473s] -- Installing: /home/latte/dev_ws/src/ros2_robot/install/realsense_t265_node/bin/realsense_t265_node
[7.474s] -- Set runtime path of "/home/latte/dev_ws/src/ros2_robot/install/realsense_t265_node/bin/realsense_t265_node" to ""
[7.474s] -- Installing: /home/latte/dev_ws/src/ros2_robot/install/realsense_t265_node/share/ament_index/resource_index/package_run_dependencies/realsense_t265_node
[7.474s] -- Installing: /home/latte/dev_ws/src/ros2_robot/install/realsense_t265_node/share/ament_index/resource_index/parent_prefix_path/realsense_t265_node
[7.475s] -- Installing: /home/latte/dev_ws/src/ros2_robot/install/realsense_t265_node/share/realsense_t265_node/environment/ament_prefix_path.sh
[7.475s] -- Installing: /home/latte/dev_ws/src/ros2_robot/install/realsense_t265_node/share/realsense_t265_node/environment/path.sh
[7.475s] -- Installing: /home/latte/dev_ws/src/ros2_robot/install/realsense_t265_node/share/realsense_t265_node/local_setup.bash
[7.475s] -- Installing: /home/latte/dev_ws/src/ros2_robot/install/realsense_t265_node/share/realsense_t265_node/local_setup.sh
[7.475s] -- Installing: /home/latte/dev_ws/src/ros2_robot/install/realsense_t265_node/share/realsense_t265_node/local_setup.zsh
[7.475s] -- Installing: /home/latte/dev_ws/src/ros2_robot/install/realsense_t265_node/share/ament_index/resource_index/packages/realsense_t265_node
[7.476s] -- Installing: /home/latte/dev_ws/src/ros2_robot/install/realsense_t265_node/share/realsense_t265_node/cmake/realsense_t265_nodeConfig.cmake
[7.476s] -- Installing: /home/latte/dev_ws/src/ros2_robot/install/realsense_t265_node/share/realsense_t265_node/cmake/realsense_t265_nodeConfig-version.cmake
[7.476s] -- Installing: /home/latte/dev_ws/src/ros2_robot/install/realsense_t265_node/share/realsense_t265_node/package.xml
[7.483s] Invoked command in '/home/latte/dev_ws/src/ros2_robot/build/realsense_t265_node' returned '0': AMENT_PREFIX_PATH=/home/latte/dev_ws/src/ros2_robot/install/realsense_t265_ros:${AMENT_PREFIX_PATH} CMAKE_PREFIX_PATH=/home/latte/dev_ws/src/ros2_robot/install/realsense_t265_ros:/home/latte/ros2_ws/install/depthimage_to_laserscan:/opt/robot_devkit/tools/rtmonitor_test:/opt/robot_devkit/tools/rtmonitor:/opt/robot_devkit/tools/rtmonitor_msgs:/opt/robot_devkit/tools/perf_msgs:/opt/robot_devkit/perception/dynamic_vino_sample:/opt/robot_devkit/perception/dynamic_vino_lib:/opt/robot_devkit/perception/vino_param_lib:/opt/robot_devkit/perception/ur_description:/opt/robot_devkit/perception/recognize_pick:/opt/robot_devkit/perception/random_pick:/opt/robot_devkit/perception/fixed_position_pick:/opt/robot_devkit/perception/draw_x:/opt/robot_devkit/perception/robot_interface:/opt/robot_devkit/perception/realsense_examples:/opt/robot_devkit/perception/realsense_node:/opt/robot_devkit/perception/realsense_ros:/opt/robot_devkit/perception/realsense_msgs:/opt/robot_devkit/perception/pipeline_srv_msgs:/opt/robot_devkit/perception/grasp_ros2:/opt/robot_devkit/perception/people_msgs:/opt/robot_devkit/perception/object_analytics_rviz:/opt/robot_devkit/perception/object_analytics_node:/opt/robot_devkit/perception/object_analytics_msgs:/opt/robot_devkit/perception/moveit_msgs:/opt/robot_devkit/perception/handeye_tf_service:/opt/robot_devkit/perception/handeye_target_detection:/opt/robot_devkit/perception/grasp_tutorials:/opt/robot_devkit/perception/grasp_msgs:/opt/robot_devkit/tools/rdk_perf:/opt/robot_devkit/perception/handeye_dashboard:/opt/robot_devkit/perception/handeye:/opt/robot_devkit/perception/criutils:/opt/robot_devkit/perception/baldor:/opt/ros/dashing LD_LIBRARY_PATH=/home/latte/dev_ws/src/ros2_robot/install/realsense_t265_ros/lib:${LD_LIBRARY_PATH} /usr/bin/cmake --build /home/latte/dev_ws/src/ros2_robot/build/realsense_t265_node --target install -- -j4 -l4
