[0.703s] -- Found ament_cmake: 0.7.4 (/opt/ros/dashing/share/ament_cmake/cmake)
[0.705s] -- Using PYTHON_EXECUTABLE: /usr/bin/python3
[0.705s] -- Override CMake install command with custom implementation using symlinks instead of copying resources
[0.707s] -- Found rclcpp: 0.7.13 (/opt/ros/dashing/share/rclcpp/cmake)
[0.709s] -- Found rosidl_adapter: 0.7.9 (/opt/ros/dashing/share/rosidl_adapter/cmake)
[0.709s] -- Found rmw_implementation_cmake: 0.7.2 (/opt/ros/dashing/share/rmw_implementation_cmake/cmake)
[0.713s] -- Using RMW implementation 'rmw_fastrtps_cpp' as default
[0.714s] -- Found std_msgs: 0.7.0 (/opt/ros/dashing/share/std_msgs/cmake)
[0.715s] -- Found rclcpp_components: 0.7.13 (/opt/ros/dashing/share/rclcpp_components/cmake)
[0.716s] -- Found poco_vendor:  (/opt/ros/dashing/share/poco_vendor/cmake)
[0.716s] -- Found nav_msgs: 0.7.0 (/opt/ros/dashing/share/nav_msgs/cmake)
[0.716s] -- Found sensor_msgs: 0.7.0 (/opt/ros/dashing/share/sensor_msgs/cmake)
[0.717s] -- Found cv_bridge: 2.1.4 (/opt/ros/dashing/share/cv_bridge/cmake)
[0.717s] -- Found tf2: 0.11.6 (/opt/ros/dashing/share/tf2/cmake)
[0.717s] -- Found tf2_ros: 0.11.6 (/opt/ros/dashing/share/tf2_ros/cmake)
[0.717s] -- Found image_transport: 2.1.1 (/opt/ros/dashing/share/image_transport/cmake)
[0.718s] -- Found tinyxml2_vendor:  (/opt/ros/dashing/share/tinyxml2_vendor/cmake)
[0.718s] -- Found pcl_conversions: 2.0.0 (/opt/ros/dashing/share/pcl_conversions/cmake)
[0.718s] -- Found pcl_msgs: 1.0.0 (/opt/ros/dashing/share/pcl_msgs/cmake)
[0.718s] -- Boost version: 1.65.1
[0.718s] -- Found the following Boost libraries:
[0.718s] --   system
[0.718s] --   filesystem
[0.719s] --   thread
[0.719s] --   chrono
[0.719s] --   date_time
[0.719s] --   atomic
[0.792s] -- Boost version: 1.65.1
[0.792s] -- Found the following Boost libraries:
[0.792s] --   system
[0.792s] --   filesystem
[0.793s] --   thread
[0.793s] --   date_time
[0.793s] --   iostreams
[0.793s] --   serialization
[0.793s] --   chrono
[0.793s] --   atomic
[0.794s] --   regex
[0.817s] -- Could NOT find ensenso (missing: ENSENSO_LIBRARY ENSENSO_INCLUDE_DIR) 
[0.817s] ** WARNING ** io features related to ensenso will be disabled
[0.823s] -- Could NOT find DAVIDSDK (missing: DAVIDSDK_LIBRARY DAVIDSDK_INCLUDE_DIR) 
[0.823s] ** WARNING ** io features related to davidSDK will be disabled
[0.825s] -- Could NOT find DSSDK (missing: _DSSDK_LIBRARIES) 
[0.825s] ** WARNING ** io features related to dssdk will be disabled
[0.825s] ** WARNING ** io features related to pcap will be disabled
[0.825s] ** WARNING ** io features related to png will be disabled
[0.929s] -- The imported target "vtkRenderingPythonTkWidgets" references the file
[0.930s]    "/usr/lib/x86_64-linux-gnu/libvtkRenderingPythonTkWidgets.so"
[0.930s] but this file does not exist.  Possible reasons include:
[0.930s] * The file was deleted, renamed, or moved to another location.
[0.930s] * An install or uninstall procedure did not complete successfully.
[0.930s] * The installation package was faulty and contained
[0.931s]    "/usr/lib/cmake/vtk-6.3/VTKTargets.cmake"
[0.931s] but not all the files it references.
[0.931s] 
[0.931s] -- The imported target "vtk" references the file
[0.931s]    "/usr/bin/vtk"
[0.931s] but this file does not exist.  Possible reasons include:
[0.932s] * The file was deleted, renamed, or moved to another location.
[0.932s] * An install or uninstall procedure did not complete successfully.
[0.932s] * The installation package was faulty and contained
[0.932s]    "/usr/lib/cmake/vtk-6.3/VTKTargets.cmake"
[0.932s] but not all the files it references.
[0.932s] 
[0.990s] ** WARNING ** io features related to libusb-1.0 will be disabled
[1.022s] -- Could NOT find ensenso (missing: ENSENSO_LIBRARY ENSENSO_INCLUDE_DIR) 
[1.023s] ** WARNING ** visualization features related to ensenso will be disabled
[1.027s] -- Could NOT find DAVIDSDK (missing: DAVIDSDK_LIBRARY DAVIDSDK_INCLUDE_DIR) 
[1.027s] ** WARNING ** visualization features related to davidSDK will be disabled
[1.028s] -- Could NOT find DSSDK (missing: _DSSDK_LIBRARIES) 
[1.029s] ** WARNING ** visualization features related to dssdk will be disabled
[1.029s] -- Could NOT find RSSDK (missing: _RSSDK_LIBRARIES) 
[1.030s] ** WARNING ** visualization features related to rssdk will be disabled
[1.081s] -- looking for PCL_COMMON
[1.082s] -- looking for PCL_OCTREE
[1.082s] -- looking for PCL_IO
[1.083s] -- looking for PCL_KDTREE
[1.083s] -- looking for PCL_SEARCH
[1.083s] -- looking for PCL_SAMPLE_CONSENSUS
[1.084s] -- looking for PCL_FILTERS
[1.084s] -- looking for PCL_2D
[1.085s] -- looking for PCL_GEOMETRY
[1.085s] -- looking for PCL_FEATURES
[1.086s] -- looking for PCL_ML
[1.086s] -- looking for PCL_SEGMENTATION
[1.087s] -- looking for PCL_VISUALIZATION
[1.087s] -- looking for PCL_SURFACE
[1.088s] -- looking for PCL_REGISTRATION
[1.088s] -- looking for PCL_KEYPOINTS
[1.089s] -- looking for PCL_TRACKING
[1.090s] -- looking for PCL_RECOGNITION
[1.090s] -- looking for PCL_STEREO
[1.091s] -- looking for PCL_APPS
[1.093s] -- looking for PCL_IN_HAND_SCANNER
[1.094s] -- looking for PCL_MODELER
[1.094s] -- looking for PCL_POINT_CLOUD_EDITOR
[1.095s] -- looking for PCL_OUTOFCORE
[1.095s] -- looking for PCL_PEOPLE
[1.120s] -- Found ament_lint_auto: 0.7.11 (/opt/ros/dashing/share/ament_lint_auto/cmake)
[1.353s] -- Added test 'copyright' to check for copyright in CMake / C / C++ / Python code
[1.353s] -- Added test 'cppcheck' to perform static code analysis on C / C++ code
[1.354s] -- Configured cppcheck include dirs: /home/turgay/dev_ws/src/ros2_robot/ground_plane_estimator/include
[1.355s] -- Added test 'cpplint' to check C / C++ code against the Google style
[1.355s] -- Added test 'lint_cmake' to check CMake code style
[1.356s] -- Added test 'uncrustify' to check C / C++ code style
[1.356s] -- Added test 'xmllint' to check XML markup files
[1.359s] -- Configuring done
[1.398s] -- Generating done
[1.400s] -- Build files have been written to: /home/turgay/dev_ws/src/ros2_robot/build/ground_plane_estimator
[1.526s] [100%] Built target ground_plane_estimator_node
[1.718s] [100%] Built target ground_plane_estimator_node
[1.746s] [36mInstall the project...[0m
[1.756s] -- Install configuration: ""
[1.757s] -- Execute custom install script
[1.757s] -- Up-to-date symlink: /home/turgay/dev_ws/src/ros2_robot/install/ground_plane_estimator/lib/ground_plane_estimator/ground_plane_estimator_node
[1.757s] -- Up-to-date symlink: /home/turgay/dev_ws/src/ros2_robot/install/ground_plane_estimator/share/ament_index/resource_index/package_run_dependencies/ground_plane_estimator
[1.758s] -- Up-to-date symlink: /home/turgay/dev_ws/src/ros2_robot/install/ground_plane_estimator/share/ament_index/resource_index/parent_prefix_path/ground_plane_estimator
[1.758s] -- Up-to-date symlink: /home/turgay/dev_ws/src/ros2_robot/install/ground_plane_estimator/share/ground_plane_estimator/environment/ament_prefix_path.sh
[1.758s] -- Up-to-date symlink: /home/turgay/dev_ws/src/ros2_robot/install/ground_plane_estimator/share/ground_plane_estimator/environment/path.sh
[1.758s] -- Up-to-date symlink: /home/turgay/dev_ws/src/ros2_robot/install/ground_plane_estimator/share/ground_plane_estimator/local_setup.bash
[1.759s] -- Up-to-date symlink: /home/turgay/dev_ws/src/ros2_robot/install/ground_plane_estimator/share/ground_plane_estimator/local_setup.sh
[1.759s] -- Up-to-date symlink: /home/turgay/dev_ws/src/ros2_robot/install/ground_plane_estimator/share/ground_plane_estimator/local_setup.zsh
[1.759s] -- Up-to-date symlink: /home/turgay/dev_ws/src/ros2_robot/install/ground_plane_estimator/share/ament_index/resource_index/packages/ground_plane_estimator
[1.760s] -- Up-to-date symlink: /home/turgay/dev_ws/src/ros2_robot/install/ground_plane_estimator/share/ground_plane_estimator/cmake/ground_plane_estimatorConfig.cmake
[1.760s] -- Up-to-date symlink: /home/turgay/dev_ws/src/ros2_robot/install/ground_plane_estimator/share/ground_plane_estimator/cmake/ground_plane_estimatorConfig-version.cmake
[1.760s] -- Up-to-date symlink: /home/turgay/dev_ws/src/ros2_robot/install/ground_plane_estimator/share/ground_plane_estimator/package.xml
