[5.582s] In file included from [01m[K/home/turgay/dev_ws/src/ros2_robot/ground_plane_estimator/src/ground_plane_estimator_node.cpp:7:0[m[K:
[5.583s] [01m[K/home/turgay/dev_ws/src/ros2_robot/ground_plane_estimator/include/ground_plane_estimator/ground_plane_estimator_node.hpp:51:64:[m[K [01;31m[Kerror: [m[K‘[01m[KImage[m[K’ is not a member of ‘[01m[Ksensor_msgs[m[K’
[5.583s]  typedef message_filters::sync_policies::ExactTime<sensor_msgs::[01;31m[KImage[m[K, sensor_msgs::PointCloud2> MySyncPolicy;
[5.583s]                                                                 [01;31m[K^~~~~[m[K
[5.584s] [01m[K/home/turgay/dev_ws/src/ros2_robot/ground_plane_estimator/include/ground_plane_estimator/ground_plane_estimator_node.hpp:51:64:[m[K [01;36m[Knote: [m[Ksuggested alternative:
[5.584s] In file included from [01m[K/opt/ros/dashing/include/sensor_msgs/msg/image.hpp:7:0[m[K,
[5.584s]                  from [01m[K/opt/ros/dashing/include/image_transport/camera_publisher.h:41[m[K,
[5.584s]                  from [01m[K/opt/ros/dashing/include/image_transport/image_transport.h:45[m[K,
[5.584s]                  from [01m[K/home/turgay/dev_ws/src/ros2_robot/ground_plane_estimator/include/ground_plane_estimator/ground_plane_estimator_node.hpp:20[m[K,
[5.585s]                  from [01m[K/home/turgay/dev_ws/src/ros2_robot/ground_plane_estimator/src/ground_plane_estimator_node.cpp:7[m[K:
[5.585s] [01m[K/opt/ros/dashing/include/sensor_msgs/msg/image__struct.hpp:218:49:[m[K [01;36m[Knote: [m[K  ‘[01m[Ksensor_msgs::msg::Image[m[K’
[5.585s]    sensor_msgs::msg::Image_<std::allocator<void>>[01;36m[K;[m[K
[5.585s]                                                  [01;36m[K^[m[K
[5.585s] In file included from [01m[K/home/turgay/dev_ws/src/ros2_robot/ground_plane_estimator/src/ground_plane_estimator_node.cpp:7:0[m[K:
[5.586s] [01m[K/home/turgay/dev_ws/src/ros2_robot/ground_plane_estimator/include/ground_plane_estimator/ground_plane_estimator_node.hpp:51:64:[m[K [01;31m[Kerror: [m[K‘[01m[KImage[m[K’ is not a member of ‘[01m[Ksensor_msgs[m[K’
[5.586s]  typedef message_filters::sync_policies::ExactTime<sensor_msgs::[01;31m[KImage[m[K, sensor_msgs::PointCloud2> MySyncPolicy;
[5.586s]                                                                 [01;31m[K^~~~~[m[K
[5.586s] [01m[K/home/turgay/dev_ws/src/ros2_robot/ground_plane_estimator/include/ground_plane_estimator/ground_plane_estimator_node.hpp:51:64:[m[K [01;36m[Knote: [m[Ksuggested alternative:
[5.586s] In file included from [01m[K/opt/ros/dashing/include/sensor_msgs/msg/image.hpp:7:0[m[K,
[5.587s]                  from [01m[K/opt/ros/dashing/include/image_transport/camera_publisher.h:41[m[K,
[5.587s]                  from [01m[K/opt/ros/dashing/include/image_transport/image_transport.h:45[m[K,
[5.587s]                  from [01m[K/home/turgay/dev_ws/src/ros2_robot/ground_plane_estimator/include/ground_plane_estimator/ground_plane_estimator_node.hpp:20[m[K,
[5.587s]                  from [01m[K/home/turgay/dev_ws/src/ros2_robot/ground_plane_estimator/src/ground_plane_estimator_node.cpp:7[m[K:
[5.587s] [01m[K/opt/ros/dashing/include/sensor_msgs/msg/image__struct.hpp:218:49:[m[K [01;36m[Knote: [m[K  ‘[01m[Ksensor_msgs::msg::Image[m[K’
[5.587s]    sensor_msgs::msg::Image_<std::allocator<void>>[01;36m[K;[m[K
[5.588s]                                                  [01;36m[K^[m[K
[5.588s] In file included from [01m[K/home/turgay/dev_ws/src/ros2_robot/ground_plane_estimator/src/ground_plane_estimator_node.cpp:7:0[m[K:
[5.588s] [01m[K/home/turgay/dev_ws/src/ros2_robot/ground_plane_estimator/include/ground_plane_estimator/ground_plane_estimator_node.hpp:51:84:[m[K [01;31m[Kerror: [m[K‘[01m[KPointCloud2[m[K’ is not a member of ‘[01m[Ksensor_msgs[m[K’
[5.588s]  typedef message_filters::sync_policies::ExactTime<sensor_msgs::Image, sensor_msgs::[01;31m[KPointCloud2[m[K> MySyncPolicy;
[5.588s]                                                                                     [01;31m[K^~~~~~~~~~~[m[K
[5.589s] [01m[K/home/turgay/dev_ws/src/ros2_robot/ground_plane_estimator/include/ground_plane_estimator/ground_plane_estimator_node.hpp:51:84:[m[K [01;36m[Knote: [m[Ksuggested alternative:
[5.589s] In file included from [01m[K/opt/ros/dashing/include/sensor_msgs/msg/point_cloud2.hpp:7:0[m[K,
[5.589s]                  from [01m[K/home/turgay/dev_ws/src/ros2_robot/ground_plane_estimator/include/ground_plane_estimator/ground_plane_estimator_node.hpp:26[m[K,
[5.589s]                  from [01m[K/home/turgay/dev_ws/src/ros2_robot/ground_plane_estimator/src/ground_plane_estimator_node.cpp:7[m[K:
[5.589s] [01m[K/opt/ros/dashing/include/sensor_msgs/msg/point_cloud2__struct.hpp:245:55:[m[K [01;36m[Knote: [m[K  ‘[01m[Ksensor_msgs::msg::PointCloud2[m[K’
[5.590s]    sensor_msgs::msg::PointCloud2_<std::allocator<void>>[01;36m[K;[m[K
[5.590s]                                                        [01;36m[K^[m[K
[5.590s] In file included from [01m[K/home/turgay/dev_ws/src/ros2_robot/ground_plane_estimator/src/ground_plane_estimator_node.cpp:7:0[m[K:
[5.590s] [01m[K/home/turgay/dev_ws/src/ros2_robot/ground_plane_estimator/include/ground_plane_estimator/ground_plane_estimator_node.hpp:51:84:[m[K [01;31m[Kerror: [m[K‘[01m[KPointCloud2[m[K’ is not a member of ‘[01m[Ksensor_msgs[m[K’
[5.591s]  typedef message_filters::sync_policies::ExactTime<sensor_msgs::Image, sensor_msgs::[01;31m[KPointCloud2[m[K> MySyncPolicy;
[5.591s]                                                                                     [01;31m[K^~~~~~~~~~~[m[K
[5.591s] [01m[K/home/turgay/dev_ws/src/ros2_robot/ground_plane_estimator/include/ground_plane_estimator/ground_plane_estimator_node.hpp:51:84:[m[K [01;36m[Knote: [m[Ksuggested alternative:
[5.591s] In file included from [01m[K/opt/ros/dashing/include/sensor_msgs/msg/point_cloud2.hpp:7:0[m[K,
[5.591s]                  from [01m[K/home/turgay/dev_ws/src/ros2_robot/ground_plane_estimator/include/ground_plane_estimator/ground_plane_estimator_node.hpp:26[m[K,
[5.591s]                  from [01m[K/home/turgay/dev_ws/src/ros2_robot/ground_plane_estimator/src/ground_plane_estimator_node.cpp:7[m[K:
[5.591s] [01m[K/opt/ros/dashing/include/sensor_msgs/msg/point_cloud2__struct.hpp:245:55:[m[K [01;36m[Knote: [m[K  ‘[01m[Ksensor_msgs::msg::PointCloud2[m[K’
[5.591s]    sensor_msgs::msg::PointCloud2_<std::allocator<void>>[01;36m[K;[m[K
[5.591s]                                                        [01;36m[K^[m[K
[5.591s] In file included from [01m[K/home/turgay/dev_ws/src/ros2_robot/ground_plane_estimator/src/ground_plane_estimator_node.cpp:7:0[m[K:
[5.591s] [01m[K/home/turgay/dev_ws/src/ros2_robot/ground_plane_estimator/include/ground_plane_estimator/ground_plane_estimator_node.hpp:51:95:[m[K [01;31m[Kerror: [m[Ktemplate argument 1 is invalid
[5.592s]  typedef message_filters::sync_policies::ExactTime<sensor_msgs::Image, sensor_msgs::PointCloud2[01;31m[K>[m[K MySyncPolicy;
[5.592s]                                                                                                [01;31m[K^[m[K
[5.592s] [01m[K/home/turgay/dev_ws/src/ros2_robot/ground_plane_estimator/include/ground_plane_estimator/ground_plane_estimator_node.hpp:51:95:[m[K [01;31m[Kerror: [m[Ktemplate argument 2 is invalid
[5.629s] [01m[K/home/turgay/dev_ws/src/ros2_robot/ground_plane_estimator/include/ground_plane_estimator/ground_plane_estimator_node.hpp:[m[K In member function ‘[01m[Kvoid GroundPlaneEstimatorNode::callback(std_msgs::msg::Header_<std::allocator<void> >::ConstSharedPtr, std_msgs::msg::Header_<std::allocator<void> >::ConstSharedPtr)[m[K’:
[5.629s] [01m[K/home/turgay/dev_ws/src/ros2_robot/ground_plane_estimator/include/ground_plane_estimator/ground_plane_estimator_node.hpp:88:63:[m[K [01;35m[Kwarning: [m[Kunused parameter ‘[01m[Kmsg1[m[K’ [[01;35m[K-Wunused-parameter[m[K]
[5.629s]      void callback(const std_msgs::msg::Header::ConstSharedPtr [01;35m[Kmsg1[m[K, const std_msgs::msg::Header::ConstSharedPtr msg2) { std::cout << "callback" << std::endl; };
[5.630s]                                                                [01;35m[K^~~~[m[K
[5.630s] [01m[K/home/turgay/dev_ws/src/ros2_robot/ground_plane_estimator/include/ground_plane_estimator/ground_plane_estimator_node.hpp:88:113:[m[K [01;35m[Kwarning: [m[Kunused parameter ‘[01m[Kmsg2[m[K’ [[01;35m[K-Wunused-parameter[m[K]
[5.630s]      void callback(const std_msgs::msg::Header::ConstSharedPtr msg1, const std_msgs::msg::Header::ConstSharedPtr [01;35m[Kmsg2[m[K) { std::cout << "callback" << std::endl; };
[5.630s]                                                                                                                  [01;35m[K^~~~[m[K
[5.748s] [01m[K/home/turgay/dev_ws/src/ros2_robot/ground_plane_estimator/src/ground_plane_estimator_node.cpp:[m[K In member function ‘[01m[Kvoid GroundPlaneEstimatorNode::image_callback(sensor_msgs::msg::Image_<std::allocator<void> >::SharedPtr)[m[K’:
[5.748s] [01m[K/home/turgay/dev_ws/src/ros2_robot/ground_plane_estimator/src/ground_plane_estimator_node.cpp:75:28:[m[K [01;35m[Kwarning: [m[K‘[01m[Kvoid rclcpp::Publisher<MessageT, Alloc>::publish(const std::shared_ptr<const _Tp>&) [with MessageT = sensor_msgs::msg::Image_<std::allocator<void> >; Alloc = std::allocator<void>][m[K’ is deprecated: publishing an unique_ptr is prefered when using intra process communication. If using a shared_ptr, use publish(*msg). [[01;35m[K-Wdeprecated-declarations[m[K]
[5.749s]      image_pub_->publish(msg[01;35m[K)[m[K;
[5.749s]                             [01;35m[K^[m[K
[5.749s] In file included from [01m[K/opt/ros/dashing/include/rclcpp/callback_group.hpp:24:0[m[K,
[5.749s]                  from [01m[K/opt/ros/dashing/include/rclcpp/any_executable.hpp:20[m[K,
[5.750s]                  from [01m[K/opt/ros/dashing/include/rclcpp/memory_strategy.hpp:24[m[K,
[5.750s]                  from [01m[K/opt/ros/dashing/include/rclcpp/memory_strategies.hpp:18[m[K,
[5.750s]                  from [01m[K/opt/ros/dashing/include/rclcpp/executor.hpp:33[m[K,
[5.750s]                  from [01m[K/opt/ros/dashing/include/rclcpp/executors/multi_threaded_executor.hpp:24[m[K,
[5.750s]                  from [01m[K/opt/ros/dashing/include/rclcpp/executors.hpp:21[m[K,
[5.751s]                  from [01m[K/opt/ros/dashing/include/rclcpp/rclcpp.hpp:144[m[K,
[5.751s]                  from [01m[K/home/turgay/dev_ws/src/ros2_robot/ground_plane_estimator/include/ground_plane_estimator/ground_plane_estimator_node.hpp:18[m[K,
[5.751s]                  from [01m[K/home/turgay/dev_ws/src/ros2_robot/ground_plane_estimator/src/ground_plane_estimator_node.cpp:7[m[K:
[5.751s] [01m[K/opt/ros/dashing/include/rclcpp/publisher.hpp:137:3:[m[K [01;36m[Knote: [m[Kdeclared here
[5.751s]    [01;36m[Kpublish[m[K(const std::shared_ptr<const MessageT> & msg)
[5.752s]    [01;36m[K^~~~~~~[m[K
[5.756s] [01m[K/home/turgay/dev_ws/src/ros2_robot/ground_plane_estimator/src/ground_plane_estimator_node.cpp:[m[K In member function ‘[01m[Kvoid GroundPlaneEstimatorNode::imageColorEdgeDetection(const ConstSharedPtr&, const ConstSharedPtr&)[m[K’:
[5.756s] [01m[K/home/turgay/dev_ws/src/ros2_robot/ground_plane_estimator/src/ground_plane_estimator_node.cpp:80:28:[m[K [01;35m[Kwarning: [m[K‘[01m[Kvoid rclcpp::Publisher<MessageT, Alloc>::publish(const std::shared_ptr<const _Tp>&) [with MessageT = sensor_msgs::msg::Image_<std::allocator<void> >; Alloc = std::allocator<void>][m[K’ is deprecated: publishing an unique_ptr is prefered when using intra process communication. If using a shared_ptr, use publish(*msg). [[01;35m[K-Wdeprecated-declarations[m[K]
[5.756s]      image_pub_->publish(msg[01;35m[K)[m[K;
[5.756s]                             [01;35m[K^[m[K
[5.757s] In file included from [01m[K/opt/ros/dashing/include/rclcpp/callback_group.hpp:24:0[m[K,
[5.757s]                  from [01m[K/opt/ros/dashing/include/rclcpp/any_executable.hpp:20[m[K,
[5.757s]                  from [01m[K/opt/ros/dashing/include/rclcpp/memory_strategy.hpp:24[m[K,
[5.757s]                  from [01m[K/opt/ros/dashing/include/rclcpp/memory_strategies.hpp:18[m[K,
[5.757s]                  from [01m[K/opt/ros/dashing/include/rclcpp/executor.hpp:33[m[K,
[5.757s]                  from [01m[K/opt/ros/dashing/include/rclcpp/executors/multi_threaded_executor.hpp:24[m[K,
[5.757s]                  from [01m[K/opt/ros/dashing/include/rclcpp/executors.hpp:21[m[K,
[5.757s]                  from [01m[K/opt/ros/dashing/include/rclcpp/rclcpp.hpp:144[m[K,
[5.757s]                  from [01m[K/home/turgay/dev_ws/src/ros2_robot/ground_plane_estimator/include/ground_plane_estimator/ground_plane_estimator_node.hpp:18[m[K,
[5.758s]                  from [01m[K/home/turgay/dev_ws/src/ros2_robot/ground_plane_estimator/src/ground_plane_estimator_node.cpp:7[m[K:
[5.758s] [01m[K/opt/ros/dashing/include/rclcpp/publisher.hpp:137:3:[m[K [01;36m[Knote: [m[Kdeclared here
[5.758s]    [01;36m[Kpublish[m[K(const std::shared_ptr<const MessageT> & msg)
[5.758s]    [01;36m[K^~~~~~~[m[K
[5.803s] [01m[K/home/turgay/dev_ws/src/ros2_robot/ground_plane_estimator/src/ground_plane_estimator_node.cpp:[m[K In member function ‘[01m[Kvoid GroundPlaneEstimatorNode::imageSegment(const ConstSharedPtr&)[m[K’:
[5.803s] [01m[K/home/turgay/dev_ws/src/ros2_robot/ground_plane_estimator/src/ground_plane_estimator_node.cpp:375:47:[m[K [01;35m[Kwarning: [m[K‘[01m[Kvoid rclcpp::Publisher<MessageT, Alloc>::publish(const std::shared_ptr<const _Tp>&) [with MessageT = sensor_msgs::msg::Image_<std::allocator<void> >; Alloc = std::allocator<void>][m[K’ is deprecated: publishing an unique_ptr is prefered when using intra process communication. If using a shared_ptr, use publish(*msg). [[01;35m[K-Wdeprecated-declarations[m[K]
[5.803s]      image_pub_->publish( cv_ptr->toImageMsg() [01;35m[K)[m[K;
[5.804s]                                                [01;35m[K^[m[K
[5.804s] In file included from [01m[K/opt/ros/dashing/include/rclcpp/callback_group.hpp:24:0[m[K,
[5.804s]                  from [01m[K/opt/ros/dashing/include/rclcpp/any_executable.hpp:20[m[K,
[5.805s]                  from [01m[K/opt/ros/dashing/include/rclcpp/memory_strategy.hpp:24[m[K,
[5.805s]                  from [01m[K/opt/ros/dashing/include/rclcpp/memory_strategies.hpp:18[m[K,
[5.805s]                  from [01m[K/opt/ros/dashing/include/rclcpp/executor.hpp:33[m[K,
[5.805s]                  from [01m[K/opt/ros/dashing/include/rclcpp/executors/multi_threaded_executor.hpp:24[m[K,
[5.805s]                  from [01m[K/opt/ros/dashing/include/rclcpp/executors.hpp:21[m[K,
[5.806s]                  from [01m[K/opt/ros/dashing/include/rclcpp/rclcpp.hpp:144[m[K,
[5.806s]                  from [01m[K/home/turgay/dev_ws/src/ros2_robot/ground_plane_estimator/include/ground_plane_estimator/ground_plane_estimator_node.hpp:18[m[K,
[5.806s]                  from [01m[K/home/turgay/dev_ws/src/ros2_robot/ground_plane_estimator/src/ground_plane_estimator_node.cpp:7[m[K:
[5.806s] [01m[K/opt/ros/dashing/include/rclcpp/publisher.hpp:137:3:[m[K [01;36m[Knote: [m[Kdeclared here
[5.807s]    [01;36m[Kpublish[m[K(const std::shared_ptr<const MessageT> & msg)
[5.807s]    [01;36m[K^~~~~~~[m[K
[6.032s] In file included from [01m[K/usr/include/c++/7/memory:80:0[m[K,
[6.033s]                  from [01m[K/home/turgay/dev_ws/src/ros2_robot/ground_plane_estimator/src/ground_plane_estimator_node.cpp:4[m[K:
[6.033s] /usr/include/c++/7/bits/unique_ptr.h: In instantiation of ‘[01m[Ktypename std::_MakeUniq<_Tp>::__single_object std::make_unique(_Args&& ...) [with _Tp = message_filters::TimeSynchronizer<sensor_msgs::msg::Image_<std::allocator<void> >, sensor_msgs::msg::PointCloud2_<std::allocator<void> > >; _Args = {int, message_filters::Subscriber<sensor_msgs::msg::Image_<std::allocator<void> > >&, message_filters::Subscriber<sensor_msgs::msg::PointCloud2_<std::allocator<void> > >&}; typename std::_MakeUniq<_Tp>::__single_object = std::unique_ptr<message_filters::TimeSynchronizer<sensor_msgs::msg::Image_<std::allocator<void> >, sensor_msgs::msg::PointCloud2_<std::allocator<void> > > >][m[K’:
[6.034s] [01m[K/home/turgay/dev_ws/src/ros2_robot/ground_plane_estimator/src/ground_plane_estimator_node.cpp:34:83:[m[K   required from here
[6.034s] [01m[K/usr/include/c++/7/bits/unique_ptr.h:821:30:[m[K [01;31m[Kerror: [m[Kno matching function for call to ‘[01m[Kmessage_filters::TimeSynchronizer<sensor_msgs::msg::Image_<std::allocator<void> >, sensor_msgs::msg::PointCloud2_<std::allocator<void> > >::TimeSynchronizer(int, message_filters::Subscriber<sensor_msgs::msg::Image_<std::allocator<void> > >&, message_filters::Subscriber<sensor_msgs::msg::PointCloud2_<std::allocator<void> > >&)[m[K’
[6.034s]      { return unique_ptr<_Tp>([01;31m[Knew _Tp(std::forward<_Args>(__args)...)[m[K); }
[6.034s]                               [01;31m[K^~~~~~~~~~~~~~~~~~~~~~~~~~~~~~~~~~~~~~~[m[K
[6.034s] In file included from [01m[K/home/turgay/dev_ws/src/ros2_robot/ground_plane_estimator/include/ground_plane_estimator/ground_plane_estimator_node.hpp:29:0[m[K,
[6.035s]                  from [01m[K/home/turgay/dev_ws/src/ros2_robot/ground_plane_estimator/src/ground_plane_estimator_node.cpp:7[m[K:
[6.035s] [01m[K/opt/ros/dashing/include/message_filters/time_synchronizer.h:170:3:[m[K [01;36m[Knote: [m[Kcandidate: message_filters::TimeSynchronizer<M0, M1, M2, M3, M4, M5, M6, M7, M8>::TimeSynchronizer(uint32_t) [with M0 = sensor_msgs::msg::Image_<std::allocator<void> >; M1 = sensor_msgs::msg::PointCloud2_<std::allocator<void> >; M2 = message_filters::NullType; M3 = message_filters::NullType; M4 = message_filters::NullType; M5 = message_filters::NullType; M6 = message_filters::NullType; M7 = message_filters::NullType; M8 = message_filters::NullType; uint32_t = unsigned int]
[6.035s]    [01;36m[KTimeSynchronizer[m[K(uint32_t queue_size)
[6.035s]    [01;36m[K^~~~~~~~~~~~~~~~[m[K
[6.035s] [01m[K/opt/ros/dashing/include/message_filters/time_synchronizer.h:170:3:[m[K [01;36m[Knote: [m[K  candidate expects 1 argument, 3 provided
[6.036s] [01m[K/opt/ros/dashing/include/message_filters/time_synchronizer.h:164:3:[m[K [01;36m[Knote: [m[Kcandidate: template<class F0, class F1, class F2, class F3, class F4, class F5, class F6, class F7, class F8> message_filters::TimeSynchronizer<M0, M1, M2, M3, M4, M5, M6, M7, M8>::TimeSynchronizer(F0&, F1&, F2&, F3&, F4&, F5&, F6&, F7&, F8&, uint32_t)
[6.036s]    [01;36m[KTimeSynchronizer[m[K(F0& f0, F1& f1, F2& f2, F3& f3, F4& f4, F5& f5, F6& f6, F7& f7, F8& f8, uint32_t queue_size)
[6.036s]    [01;36m[K^~~~~~~~~~~~~~~~[m[K
[6.036s] [01m[K/opt/ros/dashing/include/message_filters/time_synchronizer.h:164:3:[m[K [01;36m[Knote: [m[K  template argument deduction/substitution failed:
[6.037s] In file included from [01m[K/usr/include/c++/7/memory:80:0[m[K,
[6.037s]                  from [01m[K/home/turgay/dev_ws/src/ros2_robot/ground_plane_estimator/src/ground_plane_estimator_node.cpp:4[m[K:
[6.037s] [01m[K/usr/include/c++/7/bits/unique_ptr.h:821:30:[m[K [01;36m[Knote: [m[K  candidate expects 10 arguments, 3 provided
[6.037s]      { return unique_ptr<_Tp>([01;36m[Knew _Tp(std::forward<_Args>(__args)...)[m[K); }
[6.037s]                               [01;36m[K^~~~~~~~~~~~~~~~~~~~~~~~~~~~~~~~~~~~~~~[m[K
[6.037s] In file included from [01m[K/home/turgay/dev_ws/src/ros2_robot/ground_plane_estimator/include/ground_plane_estimator/ground_plane_estimator_node.hpp:29:0[m[K,
[6.038s]                  from [01m[K/home/turgay/dev_ws/src/ros2_robot/ground_plane_estimator/src/ground_plane_estimator_node.cpp:7[m[K:
[6.038s] [01m[K/opt/ros/dashing/include/message_filters/time_synchronizer.h:157:3:[m[K [01;36m[Knote: [m[Kcandidate: template<class F0, class F1, class F2, class F3, class F4, class F5, class F6, class F7> message_filters::TimeSynchronizer<M0, M1, M2, M3, M4, M5, M6, M7, M8>::TimeSynchronizer(F0&, F1&, F2&, F3&, F4&, F5&, F6&, F7&, uint32_t)
[6.038s]    [01;36m[KTimeSynchronizer[m[K(F0& f0, F1& f1, F2& f2, F3& f3, F4& f4, F5& f5, F6& f6, F7& f7, uint32_t queue_size)
[6.038s]    [01;36m[K^~~~~~~~~~~~~~~~[m[K
[6.038s] [01m[K/opt/ros/dashing/include/message_filters/time_synchronizer.h:157:3:[m[K [01;36m[Knote: [m[K  template argument deduction/substitution failed:
[6.039s] In file included from [01m[K/usr/include/c++/7/memory:80:0[m[K,
[6.039s]                  from [01m[K/home/turgay/dev_ws/src/ros2_robot/ground_plane_estimator/src/ground_plane_estimator_node.cpp:4[m[K:
[6.039s] [01m[K/usr/include/c++/7/bits/unique_ptr.h:821:30:[m[K [01;36m[Knote: [m[K  candidate expects 9 arguments, 3 provided
[6.039s]      { return unique_ptr<_Tp>([01;36m[Knew _Tp(std::forward<_Args>(__args)...)[m[K); }
[6.039s]                               [01;36m[K^~~~~~~~~~~~~~~~~~~~~~~~~~~~~~~~~~~~~~~[m[K
[6.040s] In file included from [01m[K/home/turgay/dev_ws/src/ros2_robot/ground_plane_estimator/include/ground_plane_estimator/ground_plane_estimator_node.hpp:29:0[m[K,
[6.040s]                  from [01m[K/home/turgay/dev_ws/src/ros2_robot/ground_plane_estimator/src/ground_plane_estimator_node.cpp:7[m[K:
[6.040s] [01m[K/opt/ros/dashing/include/message_filters/time_synchronizer.h:150:3:[m[K [01;36m[Knote: [m[Kcandidate: template<class F0, class F1, class F2, class F3, class F4, class F5, class F6> message_filters::TimeSynchronizer<M0, M1, M2, M3, M4, M5, M6, M7, M8>::TimeSynchronizer(F0&, F1&, F2&, F3&, F4&, F5&, F6&, uint32_t)
[6.040s]    [01;36m[KTimeSynchronizer[m[K(F0& f0, F1& f1, F2& f2, F3& f3, F4& f4, F5& f5, F6& f6, uint32_t queue_size)
[6.040s]    [01;36m[K^~~~~~~~~~~~~~~~[m[K
[6.041s] [01m[K/opt/ros/dashing/include/message_filters/time_synchronizer.h:150:3:[m[K [01;36m[Knote: [m[K  template argument deduction/substitution failed:
[6.041s] In file included from [01m[K/usr/include/c++/7/memory:80:0[m[K,
[6.041s]                  from [01m[K/home/turgay/dev_ws/src/ros2_robot/ground_plane_estimator/src/ground_plane_estimator_node.cpp:4[m[K:
[6.041s] [01m[K/usr/include/c++/7/bits/unique_ptr.h:821:30:[m[K [01;36m[Knote: [m[K  candidate expects 8 arguments, 3 provided
[6.042s]      { return unique_ptr<_Tp>([01;36m[Knew _Tp(std::forward<_Args>(__args)...)[m[K); }
[6.042s]                               [01;36m[K^~~~~~~~~~~~~~~~~~~~~~~~~~~~~~~~~~~~~~~[m[K
[6.042s] In file included from [01m[K/home/turgay/dev_ws/src/ros2_robot/ground_plane_estimator/include/ground_plane_estimator/ground_plane_estimator_node.hpp:29:0[m[K,
[6.042s]                  from [01m[K/home/turgay/dev_ws/src/ros2_robot/ground_plane_estimator/src/ground_plane_estimator_node.cpp:7[m[K:
[6.043s] [01m[K/opt/ros/dashing/include/message_filters/time_synchronizer.h:143:3:[m[K [01;36m[Knote: [m[Kcandidate: template<class F0, class F1, class F2, class F3, class F4, class F5> message_filters::TimeSynchronizer<M0, M1, M2, M3, M4, M5, M6, M7, M8>::TimeSynchronizer(F0&, F1&, F2&, F3&, F4&, F5&, uint32_t)
[6.043s]    [01;36m[KTimeSynchronizer[m[K(F0& f0, F1& f1, F2& f2, F3& f3, F4& f4, F5& f5, uint32_t queue_size)
[6.043s]    [01;36m[K^~~~~~~~~~~~~~~~[m[K
[6.043s] [01m[K/opt/ros/dashing/include/message_filters/time_synchronizer.h:143:3:[m[K [01;36m[Knote: [m[K  template argument deduction/substitution failed:
[6.043s] In file included from [01m[K/usr/include/c++/7/memory:80:0[m[K,
[6.043s]                  from [01m[K/home/turgay/dev_ws/src/ros2_robot/ground_plane_estimator/src/ground_plane_estimator_node.cpp:4[m[K:
[6.043s] [01m[K/usr/include/c++/7/bits/unique_ptr.h:821:30:[m[K [01;36m[Knote: [m[K  candidate expects 7 arguments, 3 provided
[6.043s]      { return unique_ptr<_Tp>([01;36m[Knew _Tp(std::forward<_Args>(__args)...)[m[K); }
[6.043s]                               [01;36m[K^~~~~~~~~~~~~~~~~~~~~~~~~~~~~~~~~~~~~~~[m[K
[6.044s] In file included from [01m[K/home/turgay/dev_ws/src/ros2_robot/ground_plane_estimator/include/ground_plane_estimator/ground_plane_estimator_node.hpp:29:0[m[K,
[6.044s]                  from [01m[K/home/turgay/dev_ws/src/ros2_robot/ground_plane_estimator/src/ground_plane_estimator_node.cpp:7[m[K:
[6.044s] [01m[K/opt/ros/dashing/include/message_filters/time_synchronizer.h:136:3:[m[K [01;36m[Knote: [m[Kcandidate: template<class F0, class F1, class F2, class F3, class F4> message_filters::TimeSynchronizer<M0, M1, M2, M3, M4, M5, M6, M7, M8>::TimeSynchronizer(F0&, F1&, F2&, F3&, F4&, uint32_t)
[6.044s]    [01;36m[KTimeSynchronizer[m[K(F0& f0, F1& f1, F2& f2, F3& f3, F4& f4, uint32_t queue_size)
[6.044s]    [01;36m[K^~~~~~~~~~~~~~~~[m[K
[6.044s] [01m[K/opt/ros/dashing/include/message_filters/time_synchronizer.h:136:3:[m[K [01;36m[Knote: [m[K  template argument deduction/substitution failed:
[6.044s] In file included from [01m[K/usr/include/c++/7/memory:80:0[m[K,
[6.044s]                  from [01m[K/home/turgay/dev_ws/src/ros2_robot/ground_plane_estimator/src/ground_plane_estimator_node.cpp:4[m[K:
[6.044s] [01m[K/usr/include/c++/7/bits/unique_ptr.h:821:30:[m[K [01;36m[Knote: [m[K  candidate expects 6 arguments, 3 provided
[6.044s]      { return unique_ptr<_Tp>([01;36m[Knew _Tp(std::forward<_Args>(__args)...)[m[K); }
[6.044s]                               [01;36m[K^~~~~~~~~~~~~~~~~~~~~~~~~~~~~~~~~~~~~~~[m[K
[6.045s] In file included from [01m[K/home/turgay/dev_ws/src/ros2_robot/ground_plane_estimator/include/ground_plane_estimator/ground_plane_estimator_node.hpp:29:0[m[K,
[6.045s]                  from [01m[K/home/turgay/dev_ws/src/ros2_robot/ground_plane_estimator/src/ground_plane_estimator_node.cpp:7[m[K:
[6.045s] [01m[K/opt/ros/dashing/include/message_filters/time_synchronizer.h:129:3:[m[K [01;36m[Knote: [m[Kcandidate: template<class F0, class F1, class F2, class F3> message_filters::TimeSynchronizer<M0, M1, M2, M3, M4, M5, M6, M7, M8>::TimeSynchronizer(F0&, F1&, F2&, F3&, uint32_t)
[6.045s]    [01;36m[KTimeSynchronizer[m[K(F0& f0, F1& f1, F2& f2, F3& f3, uint32_t queue_size)
[6.045s]    [01;36m[K^~~~~~~~~~~~~~~~[m[K
[6.045s] [01m[K/opt/ros/dashing/include/message_filters/time_synchronizer.h:129:3:[m[K [01;36m[Knote: [m[K  template argument deduction/substitution failed:
[6.045s] In file included from [01m[K/usr/include/c++/7/memory:80:0[m[K,
[6.045s]                  from [01m[K/home/turgay/dev_ws/src/ros2_robot/ground_plane_estimator/src/ground_plane_estimator_node.cpp:4[m[K:
[6.045s] [01m[K/usr/include/c++/7/bits/unique_ptr.h:821:30:[m[K [01;36m[Knote: [m[K  candidate expects 5 arguments, 3 provided
[6.045s]      { return unique_ptr<_Tp>([01;36m[Knew _Tp(std::forward<_Args>(__args)...)[m[K); }
[6.045s]                               [01;36m[K^~~~~~~~~~~~~~~~~~~~~~~~~~~~~~~~~~~~~~~[m[K
[6.045s] In file included from [01m[K/home/turgay/dev_ws/src/ros2_robot/ground_plane_estimator/include/ground_plane_estimator/ground_plane_estimator_node.hpp:29:0[m[K,
[6.045s]                  from [01m[K/home/turgay/dev_ws/src/ros2_robot/ground_plane_estimator/src/ground_plane_estimator_node.cpp:7[m[K:
[6.046s] [01m[K/opt/ros/dashing/include/message_filters/time_synchronizer.h:122:3:[m[K [01;36m[Knote: [m[Kcandidate: template<class F0, class F1, class F2> message_filters::TimeSynchronizer<M0, M1, M2, M3, M4, M5, M6, M7, M8>::TimeSynchronizer(F0&, F1&, F2&, uint32_t)
[6.046s]    [01;36m[KTimeSynchronizer[m[K(F0& f0, F1& f1, F2& f2, uint32_t queue_size)
[6.046s]    [01;36m[K^~~~~~~~~~~~~~~~[m[K
[6.046s] [01m[K/opt/ros/dashing/include/message_filters/time_synchronizer.h:122:3:[m[K [01;36m[Knote: [m[K  template argument deduction/substitution failed:
[6.046s] In file included from [01m[K/usr/include/c++/7/memory:80:0[m[K,
[6.046s]                  from [01m[K/home/turgay/dev_ws/src/ros2_robot/ground_plane_estimator/src/ground_plane_estimator_node.cpp:4[m[K:
[6.046s] [01m[K/usr/include/c++/7/bits/unique_ptr.h:821:30:[m[K [01;36m[Knote: [m[K  candidate expects 4 arguments, 3 provided
[6.046s]      { return unique_ptr<_Tp>([01;36m[Knew _Tp(std::forward<_Args>(__args)...)[m[K); }
[6.046s]                               [01;36m[K^~~~~~~~~~~~~~~~~~~~~~~~~~~~~~~~~~~~~~~[m[K
[6.046s] In file included from [01m[K/home/turgay/dev_ws/src/ros2_robot/ground_plane_estimator/include/ground_plane_estimator/ground_plane_estimator_node.hpp:29:0[m[K,
[6.046s]                  from [01m[K/home/turgay/dev_ws/src/ros2_robot/ground_plane_estimator/src/ground_plane_estimator_node.cpp:7[m[K:
[6.046s] [01m[K/opt/ros/dashing/include/message_filters/time_synchronizer.h:115:3:[m[K [01;36m[Knote: [m[Kcandidate: template<class F0, class F1> message_filters::TimeSynchronizer<M0, M1, M2, M3, M4, M5, M6, M7, M8>::TimeSynchronizer(F0&, F1&, uint32_t)
[6.046s]    [01;36m[KTimeSynchronizer[m[K(F0& f0, F1& f1, uint32_t queue_size)
[6.047s]    [01;36m[K^~~~~~~~~~~~~~~~[m[K
[6.047s] [01m[K/opt/ros/dashing/include/message_filters/time_synchronizer.h:115:3:[m[K [01;36m[Knote: [m[K  template argument deduction/substitution failed:
[6.047s] In file included from [01m[K/usr/include/c++/7/memory:80:0[m[K,
[6.047s]                  from [01m[K/home/turgay/dev_ws/src/ros2_robot/ground_plane_estimator/src/ground_plane_estimator_node.cpp:4[m[K:
[6.047s] [01m[K/usr/include/c++/7/bits/unique_ptr.h:821:30:[m[K [01;36m[Knote: [m[K  cannot convert ‘[01m[Kstd::forward<message_filters::Subscriber<sensor_msgs::msg::PointCloud2_<std::allocator<void> > >&>((* & __args#2))[m[K’ (type ‘[01m[Kmessage_filters::Subscriber<sensor_msgs::msg::PointCloud2_<std::allocator<void> > >[m[K’) to type ‘[01m[Kuint32_t {aka unsigned int}[m[K’
[6.047s]      { return unique_ptr<_Tp>([01;36m[Knew _Tp(std::forward<_Args>(__args)...)[m[K); }
[6.047s]                               [01;36m[K^~~~~~~~~~~~~~~~~~~~~~~~~~~~~~~~~~~~~~~[m[K
[7.406s] In file included from [01m[K/usr/include/pcl-1.8/pcl/sample_consensus/sac_model.h:52:0[m[K,
[7.407s]                  from [01m[K/usr/include/pcl-1.8/pcl/sample_consensus/sac.h:45[m[K,
[7.407s]                  from [01m[K/usr/include/pcl-1.8/pcl/segmentation/sac_segmentation.h:49[m[K,
[7.407s]                  from [01m[K/home/turgay/dev_ws/src/ros2_robot/ground_plane_estimator/include/ground_plane_estimator/ground_plane_estimator_node.hpp:39[m[K,
[7.407s]                  from [01m[K/home/turgay/dev_ws/src/ros2_robot/ground_plane_estimator/src/ground_plane_estimator_node.cpp:7[m[K:
[7.407s] [01m[K/usr/include/pcl-1.8/pcl/sample_consensus/model_types.h:[m[K In function ‘[01m[Kvoid __static_initialization_and_destruction_0(int, int)[m[K’:
[7.407s] [01m[K/usr/include/pcl-1.8/pcl/sample_consensus/model_types.h:99:3:[m[K [01;35m[Kwarning: [m[K‘[01m[Kpcl::SAC_SAMPLE_SIZE[m[K’ is deprecated: This map is deprecated and is kept only to prevent breaking existing user code. Starting from PCL 1.8.0 model sample size is a protected member of the SampleConsensusModel class [[01;35m[K-Wdeprecated-declarations[m[K]
[7.408s]    [01;35m[KSAC_SAMPLE_SIZE[m[K (sample_size_pairs, sample_size_pairs + sizeof (sample_size_pairs) / sizeof (SampleSizeModel));
[7.408s]    [01;35m[K^~~~~~~~~~~~~~~[m[K
[7.408s] [01m[K/usr/include/pcl-1.8/pcl/sample_consensus/model_types.h:99:3:[m[K [01;36m[Knote: [m[Kdeclared here
[7.875s] make[2]: *** [CMakeFiles/ground_plane_estimator_node.dir/src/ground_plane_estimator_node.cpp.o] Error 1
[7.877s] make[1]: *** [CMakeFiles/ground_plane_estimator_node.dir/all] Error 2
[7.877s] make: *** [all] Error 2
