[0.064s] Invoking command in '/home/turgay/dev_ws/src/ros2_robot/build/realsense_t265_ros': CMAKE_PREFIX_PATH=${CMAKE_PREFIX_PATH}:/opt/robot_devkit/tools/rdk_perf:/opt/robot_devkit/perception/handeye_dashboard:/opt/robot_devkit/perception/handeye:/opt/robot_devkit/perception/criutils:/opt/robot_devkit/perception/baldor:/opt/ros/dashing /usr/bin/cmake --build /home/turgay/dev_ws/src/ros2_robot/build/realsense_t265_ros -- -j12 -l12
[0.704s] [ 28%] Built target gtest
[0.706s] [ 28%] Built target gtest_main
[0.706s] [ 71%] Built target realsense_t265_ros
[0.707s] [ 85%] Built target camera_core
[0.708s] [100%] Built target unittest_function
[0.726s] Invoked command in '/home/turgay/dev_ws/src/ros2_robot/build/realsense_t265_ros' returned '0': CMAKE_PREFIX_PATH=${CMAKE_PREFIX_PATH}:/opt/robot_devkit/tools/rdk_perf:/opt/robot_devkit/perception/handeye_dashboard:/opt/robot_devkit/perception/handeye:/opt/robot_devkit/perception/criutils:/opt/robot_devkit/perception/baldor:/opt/ros/dashing /usr/bin/cmake --build /home/turgay/dev_ws/src/ros2_robot/build/realsense_t265_ros -- -j12 -l12
[0.784s] Invoking command in '/home/turgay/dev_ws/src/ros2_robot/build/realsense_t265_ros': CMAKE_PREFIX_PATH=${CMAKE_PREFIX_PATH}:/opt/robot_devkit/tools/rdk_perf:/opt/robot_devkit/perception/handeye_dashboard:/opt/robot_devkit/perception/handeye:/opt/robot_devkit/perception/criutils:/opt/robot_devkit/perception/baldor:/opt/ros/dashing /usr/bin/cmake --build /home/turgay/dev_ws/src/ros2_robot/build/realsense_t265_ros --target install -- -j12 -l12
[0.858s] [ 14%] Built target gtest
[0.866s] [ 28%] Built target gtest_main
[0.895s] [ 71%] Built target realsense_t265_ros
[0.957s] [ 85%] Built target unittest_function
[0.963s] [100%] Built target camera_core
[0.998s] [36mInstall the project...[0m
[1.014s] -- Install configuration: ""
[1.015s] -- Up-to-date: /home/turgay/dev_ws/src/ros2_robot/install/realsense_t265_ros/lib/librealsense_t265_ros.so
[1.015s] -- Up-to-date: /home/turgay/dev_ws/src/ros2_robot/install/realsense_t265_ros/include
[1.016s] -- Up-to-date: /home/turgay/dev_ws/src/ros2_robot/install/realsense_t265_ros/include/realsense
[1.016s] -- Up-to-date: /home/turgay/dev_ws/src/ros2_robot/install/realsense_t265_ros/include/realsense/rs_t265_base.hpp
[1.016s] -- Up-to-date: /home/turgay/dev_ws/src/ros2_robot/install/realsense_t265_ros/include/realsense/rs_t265_t265.hpp
[1.017s] -- Up-to-date: /home/turgay/dev_ws/src/ros2_robot/install/realsense_t265_ros/include/realsense/rs_d435i.hpp
[1.017s] -- Up-to-date: /home/turgay/dev_ws/src/ros2_robot/install/realsense_t265_ros/include/realsense/rs_factory.hpp
[1.017s] -- Up-to-date: /home/turgay/dev_ws/src/ros2_robot/install/realsense_t265_ros/include/realsense/rs_d435.hpp
[1.017s] -- Up-to-date: /home/turgay/dev_ws/src/ros2_robot/install/realsense_t265_ros/include/realsense/rs_constants.hpp
[1.017s] -- Up-to-date: /home/turgay/dev_ws/src/ros2_robot/install/realsense_t265_ros/include/realsense/rs_t265_factory.hpp
[1.018s] -- Up-to-date: /home/turgay/dev_ws/src/ros2_robot/install/realsense_t265_ros/share/realsense_t265_ros/environment/library_path.sh
[1.018s] -- Up-to-date: /home/turgay/dev_ws/src/ros2_robot/install/realsense_t265_ros/share/ament_index/resource_index/package_run_dependencies/realsense_t265_ros
[1.018s] -- Up-to-date: /home/turgay/dev_ws/src/ros2_robot/install/realsense_t265_ros/share/ament_index/resource_index/parent_prefix_path/realsense_t265_ros
[1.019s] -- Up-to-date: /home/turgay/dev_ws/src/ros2_robot/install/realsense_t265_ros/share/realsense_t265_ros/environment/ament_prefix_path.sh
[1.019s] -- Up-to-date: /home/turgay/dev_ws/src/ros2_robot/install/realsense_t265_ros/share/realsense_t265_ros/environment/path.sh
[1.021s] -- Up-to-date: /home/turgay/dev_ws/src/ros2_robot/install/realsense_t265_ros/share/realsense_t265_ros/local_setup.bash
[1.022s] -- Up-to-date: /home/turgay/dev_ws/src/ros2_robot/install/realsense_t265_ros/share/realsense_t265_ros/local_setup.sh
[1.022s] -- Up-to-date: /home/turgay/dev_ws/src/ros2_robot/install/realsense_t265_ros/share/realsense_t265_ros/local_setup.zsh
[1.022s] -- Up-to-date: /home/turgay/dev_ws/src/ros2_robot/install/realsense_t265_ros/share/ament_index/resource_index/packages/realsense_t265_ros
[1.023s] -- Up-to-date: /home/turgay/dev_ws/src/ros2_robot/install/realsense_t265_ros/share/ament_index/resource_index/rclcpp_components/realsense_t265_ros
[1.023s] -- Up-to-date: /home/turgay/dev_ws/src/ros2_robot/install/realsense_t265_ros/share/realsense_t265_ros/cmake/ament_cmake_export_include_directories-extras.cmake
[1.024s] -- Up-to-date: /home/turgay/dev_ws/src/ros2_robot/install/realsense_t265_ros/share/realsense_t265_ros/cmake/ament_cmake_export_libraries-extras.cmake
[1.024s] -- Up-to-date: /home/turgay/dev_ws/src/ros2_robot/install/realsense_t265_ros/share/realsense_t265_ros/cmake/realsense_t265_rosConfig.cmake
[1.024s] -- Up-to-date: /home/turgay/dev_ws/src/ros2_robot/install/realsense_t265_ros/share/realsense_t265_ros/cmake/realsense_t265_rosConfig-version.cmake
[1.025s] -- Up-to-date: /home/turgay/dev_ws/src/ros2_robot/install/realsense_t265_ros/share/realsense_t265_ros/package.xml
[1.027s] Invoked command in '/home/turgay/dev_ws/src/ros2_robot/build/realsense_t265_ros' returned '0': CMAKE_PREFIX_PATH=${CMAKE_PREFIX_PATH}:/opt/robot_devkit/tools/rdk_perf:/opt/robot_devkit/perception/handeye_dashboard:/opt/robot_devkit/perception/handeye:/opt/robot_devkit/perception/criutils:/opt/robot_devkit/perception/baldor:/opt/ros/dashing /usr/bin/cmake --build /home/turgay/dev_ws/src/ros2_robot/build/realsense_t265_ros --target install -- -j12 -l12
