[0.000000] (-) TimerEvent: {}
[0.000608] (-) JobUnselected: {'identifier': 'realsense_t265_node'}
[0.000713] (-) JobUnselected: {'identifier': 'realsense_t265_ros'}
[0.000854] (-) JobUnselected: {'identifier': 'remote_control'}
[0.000929] (-) JobUnselected: {'identifier': 'simple_gps'}
[0.001032] (ground_plane_estimator) JobQueued: {'identifier': 'ground_plane_estimator', 'dependencies': OrderedDict()}
[0.001110] (ground_plane_estimator) JobStarted: {'identifier': 'ground_plane_estimator'}
[0.019689] (ground_plane_estimator) JobProgress: {'identifier': 'ground_plane_estimator', 'progress': 'cmake'}
[0.021206] (ground_plane_estimator) JobProgress: {'identifier': 'ground_plane_estimator', 'progress': 'build'}
[0.022211] (ground_plane_estimator) Command: {'cmd': ['/usr/bin/cmake', '--build', '/home/turgay/dev_ws/src/ros2_robot/build/ground_plane_estimator', '--', '-j12', '-l12'], 'cwd': '/home/turgay/dev_ws/src/ros2_robot/build/ground_plane_estimator', 'env': OrderedDict([('GJS_DEBUG_TOPICS', 'JS ERROR;JS LOG'), ('LESSOPEN', '| /usr/bin/lesspipe %s'), ('USER', 'turgay'), ('LIBVA_DRIVERS_PATH', '/opt/intel/mediasdk/lib64'), ('TEXTDOMAIN', 'im-config'), ('XDG_SEAT', 'seat0'), ('SSH_AGENT_PID', '1818'), ('XDG_SESSION_TYPE', 'x11'), ('SHLVL', '2'), ('LD_LIBRARY_PATH', '/opt/robot_devkit/tools/rtmonitor/lib:/opt/robot_devkit/tools/rtmonitor_msgs/lib:/opt/robot_devkit/tools/perf_msgs/lib:/opt/robot_devkit/perception/dynamic_vino_lib/lib:/opt/robot_devkit/perception/vino_param_lib/lib:/opt/robot_devkit/perception/robot_interface/lib:/opt/robot_devkit/perception/realsense_ros/lib:/opt/robot_devkit/perception/realsense_msgs/lib:/opt/robot_devkit/perception/pipeline_srv_msgs/lib:/opt/robot_devkit/perception/grasp_ros2/lib:/opt/robot_devkit/perception/people_msgs/lib:/opt/robot_devkit/perception/object_analytics_node/lib:/opt/robot_devkit/perception/object_analytics_msgs/lib:/opt/robot_devkit/perception/moveit_msgs/lib:/opt/robot_devkit/perception/handeye_tf_service/lib:/opt/robot_devkit/perception/grasp_msgs/lib:/opt/ros/dashing/opt/yaml_cpp_vendor/lib:/opt/ros/dashing/opt/rviz_ogre_vendor/lib:/opt/ros/dashing/lib'), ('QT4_IM_MODULE', 'xim'), ('HOME', '/home/turgay'), ('CHROME_DESKTOP', 'code-url-handler.desktop'), ('DESKTOP_SESSION', 'ubuntu'), ('TERM_PROGRAM_VERSION', '1.44.2'), ('GIO_LAUNCHED_DESKTOP_FILE', '/var/lib/snapd/desktop/applications/code_code.desktop'), ('GNOME_SHELL_SESSION_MODE', 'ubuntu'), ('GTK_MODULES', 'gail:atk-bridge'), ('APPLICATION_INSIGHTS_NO_DIAGNOSTIC_CHANNEL', 'true'), ('ROS_PYTHON_VERSION', '3'), ('DBUS_SESSION_BUS_ADDRESS', 'unix:path=/run/user/1000/bus'), ('GIO_LAUNCHED_DESKTOP_FILE_PID', '4752'), ('COLORTERM', 'truecolor'), ('IM_CONFIG_PHASE', '2'), ('COLCON_PREFIX_PATH', '/opt/robot_devkit/tools:/opt/robot_devkit/perception'), ('ROS_DISTRO', 'dashing'), ('LOGNAME', 'turgay'), ('GTK_IM_MODULE', 'ibus'), ('_', '/snap/code/31/usr/share/code/code'), ('ROS_VERSION', '2'), ('USERNAME', 'turgay'), ('XDG_SESSION_ID', '1'), ('TERM', 'xterm-256color'), ('GNOME_DESKTOP_SESSION_ID', 'this-is-deprecated'), ('WINDOWPATH', '1'), ('PATH', '/home/turgay/.local/bin:/opt/robot_devkit/perception/recognize_pick/bin:/opt/robot_devkit/perception/random_pick/bin:/opt/robot_devkit/perception/fixed_position_pick/bin:/opt/robot_devkit/perception/draw_x/bin:/opt/robot_devkit/perception/realsense_node/bin:/opt/robot_devkit/perception/grasp_ros2/bin:/opt/robot_devkit/perception/handeye_dashboard/bin:/opt/ros/dashing/bin:/home/turgay/.local/bin:/usr/local/sbin:/usr/local/bin:/usr/sbin:/usr/bin:/sbin:/bin:/usr/games:/usr/local/games:/snap/bin:/home/turgay/.dotnet/tools:/home/turgay/.dotnet/tools'), ('SESSION_MANAGER', 'local/turgaydesktop:@/tmp/.ICE-unix/1671,unix/turgaydesktop:/tmp/.ICE-unix/1671'), ('XDG_MENU_PREFIX', 'gnome-'), ('BAMF_DESKTOP_FILE_HINT', '/var/lib/snapd/desktop/applications/code_code.desktop'), ('XDG_RUNTIME_DIR', '/run/user/1000/snap.code'), ('DISPLAY', ':0'), ('LANG', 'en_US.UTF-8'), ('XDG_CURRENT_DESKTOP', 'Unity'), ('LIBVA_DRIVER_NAME', 'iHD'), ('XDG_SESSION_DESKTOP', 'ubuntu'), ('XMODIFIERS', '@im=ibus'), ('XAUTHORITY', '/run/user/1000/gdm/Xauthority'), ('TERM_PROGRAM', 'vscode'), ('SSH_AUTH_SOCK', '/run/user/1000/keyring/ssh'), ('GSETTINGS_SCHEMA_DIR', '/snap/code/31/usr/share/glib-2.0/schemas'), ('MFX_HOME', '/opt/intel/mediasdk'), ('AMENT_PREFIX_PATH', '/opt/robot_devkit/tools/rtmonitor_test:/opt/robot_devkit/tools/rtmonitor:/opt/robot_devkit/tools/rtmonitor_msgs:/opt/robot_devkit/tools/rdk_perf:/opt/robot_devkit/tools/perf_msgs:/opt/robot_devkit/perception/dynamic_vino_sample:/opt/robot_devkit/perception/dynamic_vino_lib:/opt/robot_devkit/perception/vino_param_lib:/opt/robot_devkit/perception/ur_description:/opt/robot_devkit/perception/recognize_pick:/opt/robot_devkit/perception/random_pick:/opt/robot_devkit/perception/fixed_position_pick:/opt/robot_devkit/perception/draw_x:/opt/robot_devkit/perception/robot_interface:/opt/robot_devkit/perception/realsense_examples:/opt/robot_devkit/perception/realsense_node:/opt/robot_devkit/perception/realsense_ros:/opt/robot_devkit/perception/realsense_msgs:/opt/robot_devkit/perception/pipeline_srv_msgs:/opt/robot_devkit/perception/grasp_ros2:/opt/robot_devkit/perception/people_msgs:/opt/robot_devkit/perception/object_analytics_rviz:/opt/robot_devkit/perception/object_analytics_node:/opt/robot_devkit/perception/object_analytics_msgs:/opt/robot_devkit/perception/moveit_msgs:/opt/robot_devkit/perception/handeye_tf_service:/opt/robot_devkit/perception/handeye_target_detection:/opt/robot_devkit/perception/handeye_dashboard:/opt/robot_devkit/perception/handeye:/opt/robot_devkit/perception/grasp_tutorials:/opt/robot_devkit/perception/grasp_msgs:/opt/robot_devkit/perception/criutils:/opt/robot_devkit/perception/baldor:/opt/ros/dashing'), ('DISABLE_WAYLAND', '1'), ('SHELL', '/bin/bash'), ('GDK_PIXBUF_MODULEDIR', '/snap/code/31/usr/lib/x86_64-linux-gnu/gdk-pixbuf-2.0/2.10.0/loaders'), ('QT_ACCESSIBILITY', '1'), ('GDMSESSION', 'ubuntu'), ('LESSCLOSE', '/usr/bin/lesspipe %s %s'), ('TEXTDOMAINDIR', '/usr/share/locale/'), ('GJS_DEBUG_OUTPUT', 'stderr'), ('GDK_PIXBUF_MODULE_FILE', '/home/turgay/snap/code/common/.cache/gdk-pixbuf-loaders.cache'), ('GPG_AGENT_INFO', '/run/user/1000/gnupg/S.gpg-agent:0:1'), ('XDG_VTNR', '1'), ('QT_IM_MODULE', 'ibus'), ('LC_ALL', 'en_US.UTF-8'), ('PWD', '/home/turgay/dev_ws/src/ros2_robot/build/ground_plane_estimator'), ('CLUTTER_IM_MODULE', 'xim'), ('XDG_DATA_DIRS', '/usr/share/ubuntu:/usr/local/share/:/usr/share/:/var/lib/snapd/desktop'), ('XDG_CONFIG_DIRS', '/etc/xdg/xdg-ubuntu:/etc/xdg'), ('PYTHONPATH', '/opt/robot_devkit/tools/rtmonitor_msgs/lib/python3.6/site-packages:/opt/robot_devkit/tools/rdk_perf/lib/python3.6/site-packages:/opt/robot_devkit/tools/perf_msgs/lib/python3.6/site-packages:/opt/robot_devkit/perception/realsense_msgs/lib/python3.6/site-packages:/opt/robot_devkit/perception/pipeline_srv_msgs/lib/python3.6/site-packages:/opt/robot_devkit/perception/people_msgs/lib/python3.6/site-packages:/opt/robot_devkit/perception/object_analytics_msgs/lib/python3.6/site-packages:/opt/robot_devkit/perception/moveit_msgs/lib/python3.6/site-packages:/opt/robot_devkit/perception/handeye_tf_service/lib/python3.6/site-packages:/opt/robot_devkit/perception/handeye_dashboard/lib/python3.6/site-packages:/opt/robot_devkit/perception/handeye/lib/python3.6/site-packages:/opt/robot_devkit/perception/grasp_msgs/lib/python3.6/site-packages:/opt/robot_devkit/perception/criutils/lib/python3.6/site-packages:/opt/robot_devkit/perception/baldor/lib/python3.6/site-packages:/opt/ros/dashing/lib/python3.6/site-packages'), ('CMAKE_PREFIX_PATH', '/opt/robot_devkit/tools/rtmonitor_test:/opt/robot_devkit/tools/rtmonitor:/opt/robot_devkit/tools/rtmonitor_msgs:/opt/robot_devkit/tools/perf_msgs:/opt/robot_devkit/perception/dynamic_vino_sample:/opt/robot_devkit/perception/dynamic_vino_lib:/opt/robot_devkit/perception/vino_param_lib:/opt/robot_devkit/perception/ur_description:/opt/robot_devkit/perception/recognize_pick:/opt/robot_devkit/perception/random_pick:/opt/robot_devkit/perception/fixed_position_pick:/opt/robot_devkit/perception/draw_x:/opt/robot_devkit/perception/robot_interface:/opt/robot_devkit/perception/realsense_examples:/opt/robot_devkit/perception/realsense_node:/opt/robot_devkit/perception/realsense_ros:/opt/robot_devkit/perception/realsense_msgs:/opt/robot_devkit/perception/pipeline_srv_msgs:/opt/robot_devkit/perception/grasp_ros2:/opt/robot_devkit/perception/people_msgs:/opt/robot_devkit/perception/object_analytics_rviz:/opt/robot_devkit/perception/object_analytics_node:/opt/robot_devkit/perception/object_analytics_msgs:/opt/robot_devkit/perception/moveit_msgs:/opt/robot_devkit/perception/handeye_tf_service:/opt/robot_devkit/perception/handeye_target_detection:/opt/robot_devkit/perception/grasp_tutorials:/opt/robot_devkit/perception/grasp_msgs:/opt/robot_devkit/tools/rdk_perf:/opt/robot_devkit/perception/handeye_dashboard:/opt/robot_devkit/perception/handeye:/opt/robot_devkit/perception/criutils:/opt/robot_devkit/perception/baldor:/opt/ros/dashing')]), 'shell': False}
[0.096689] (ground_plane_estimator) StdoutLine: {'line': b'\x1b[35m\x1b[1mScanning dependencies of target ground_plane_estimator_node\x1b[0m\n'}
[0.098190] (-) TimerEvent: {}
[0.159834] (ground_plane_estimator) StdoutLine: {'line': b'[ 50%] \x1b[32mBuilding CXX object CMakeFiles/ground_plane_estimator_node.dir/src/ground_plane_estimator_node.cpp.o\x1b[0m\n'}
[0.198322] (-) TimerEvent: {}
[0.298762] (-) TimerEvent: {}
[0.399096] (-) TimerEvent: {}
[0.499491] (-) TimerEvent: {}
[0.599912] (-) TimerEvent: {}
[0.700363] (-) TimerEvent: {}
[0.800782] (-) TimerEvent: {}
[0.901202] (-) TimerEvent: {}
[1.001923] (-) TimerEvent: {}
[1.102373] (-) TimerEvent: {}
[1.202755] (-) TimerEvent: {}
[1.303241] (-) TimerEvent: {}
[1.403731] (-) TimerEvent: {}
[1.504209] (-) TimerEvent: {}
[1.604673] (-) TimerEvent: {}
[1.678236] (ground_plane_estimator) StderrLine: {'line': b'In file included from \x1b[01m\x1b[K/opt/ros/dashing/include/rclcpp/service.hpp:33:0\x1b[m\x1b[K,\n'}
[1.678782] (ground_plane_estimator) StderrLine: {'line': b'                 from \x1b[01m\x1b[K/opt/ros/dashing/include/rclcpp/callback_group.hpp:25\x1b[m\x1b[K,\n'}
[1.678917] (ground_plane_estimator) StderrLine: {'line': b'                 from \x1b[01m\x1b[K/opt/ros/dashing/include/rclcpp/any_executable.hpp:20\x1b[m\x1b[K,\n'}
[1.679018] (ground_plane_estimator) StderrLine: {'line': b'                 from \x1b[01m\x1b[K/opt/ros/dashing/include/rclcpp/memory_strategy.hpp:24\x1b[m\x1b[K,\n'}
[1.679113] (ground_plane_estimator) StderrLine: {'line': b'                 from \x1b[01m\x1b[K/opt/ros/dashing/include/rclcpp/memory_strategies.hpp:18\x1b[m\x1b[K,\n'}
[1.679205] (ground_plane_estimator) StderrLine: {'line': b'                 from \x1b[01m\x1b[K/opt/ros/dashing/include/rclcpp/executor.hpp:33\x1b[m\x1b[K,\n'}
[1.679304] (ground_plane_estimator) StderrLine: {'line': b'                 from \x1b[01m\x1b[K/opt/ros/dashing/include/rclcpp/executors/multi_threaded_executor.hpp:24\x1b[m\x1b[K,\n'}
[1.679409] (ground_plane_estimator) StderrLine: {'line': b'                 from \x1b[01m\x1b[K/opt/ros/dashing/include/rclcpp/executors.hpp:21\x1b[m\x1b[K,\n'}
[1.679500] (ground_plane_estimator) StderrLine: {'line': b'                 from \x1b[01m\x1b[K/opt/ros/dashing/include/rclcpp/rclcpp.hpp:144\x1b[m\x1b[K,\n'}
[1.679590] (ground_plane_estimator) StderrLine: {'line': b'                 from \x1b[01m\x1b[K/home/turgay/dev_ws/src/ros2_robot/ground_plane_estimator/include/ground_plane_estimator/ground_plane_estimator_node.hpp:18\x1b[m\x1b[K,\n'}
[1.679685] (ground_plane_estimator) StderrLine: {'line': b'                 from \x1b[01m\x1b[K/home/turgay/dev_ws/src/ros2_robot/ground_plane_estimator/src/ground_plane_estimator_node.cpp:7\x1b[m\x1b[K:\n'}
[1.679778] (ground_plane_estimator) StderrLine: {'line': b'\x1b[01m\x1b[K/home/turgay/dev_ws/src/ros2_robot/ground_plane_estimator/src/ground_plane_estimator_node.cpp:\x1b[m\x1b[K In function \xe2\x80\x98\x1b[01m\x1b[Kvoid imageColorEdgeDetection(const ConstSharedPtr&, const ConstSharedPtr&)\x1b[m\x1b[K\xe2\x80\x99:\n'}
[1.679871] (ground_plane_estimator) StderrLine: {'line': b'\x1b[01m\x1b[K/opt/ros/dashing/include/rclcpp/logging.hpp:490:5:\x1b[m\x1b[K \x1b[01;31m\x1b[Kerror: \x1b[m\x1b[Kstatic assertion failed: First argument to logging macros must be an rclcpp::Logger\n'}
[1.679969] (ground_plane_estimator) StderrLine: {'line': b'     \x1b[01;31m\x1b[Ks\x1b[m\x1b[Ktatic_assert( \\\n'}
[1.680059] (ground_plane_estimator) StderrLine: {'line': b'     \x1b[01;31m\x1b[K^\x1b[m\x1b[K\n'}
[1.680148] (ground_plane_estimator) StderrLine: {'line': b'\x1b[01m\x1b[K/home/turgay/dev_ws/src/ros2_robot/ground_plane_estimator/src/ground_plane_estimator_node.cpp:62:5:\x1b[m\x1b[K \x1b[01;36m\x1b[Knote: \x1b[m\x1b[Kin expansion of macro \xe2\x80\x98\x1b[01m\x1b[KRCLCPP_ERROR\x1b[m\x1b[K\xe2\x80\x99\n'}
[1.680243] (ground_plane_estimator) StderrLine: {'line': b'     \x1b[01;36m\x1b[KRCLCPP_ERROR\x1b[m\x1b[K( "cv_bridge exception: %s", e.what() );\n'}
[1.680332] (ground_plane_estimator) StderrLine: {'line': b'     \x1b[01;36m\x1b[K^~~~~~~~~~~~\x1b[m\x1b[K\n'}
[1.680419] (ground_plane_estimator) StderrLine: {'line': b'In file included from \x1b[01m\x1b[K/opt/ros/dashing/include/rclcpp/client.hpp:39:0\x1b[m\x1b[K,\n'}
[1.680508] (ground_plane_estimator) StderrLine: {'line': b'                 from \x1b[01m\x1b[K/opt/ros/dashing/include/rclcpp/callback_group.hpp:23\x1b[m\x1b[K,\n'}
[1.680597] (ground_plane_estimator) StderrLine: {'line': b'                 from \x1b[01m\x1b[K/opt/ros/dashing/include/rclcpp/any_executable.hpp:20\x1b[m\x1b[K,\n'}
[1.680686] (ground_plane_estimator) StderrLine: {'line': b'                 from \x1b[01m\x1b[K/opt/ros/dashing/include/rclcpp/memory_strategy.hpp:24\x1b[m\x1b[K,\n'}
[1.680776] (ground_plane_estimator) StderrLine: {'line': b'                 from \x1b[01m\x1b[K/opt/ros/dashing/include/rclcpp/memory_strategies.hpp:18\x1b[m\x1b[K,\n'}
[1.680866] (ground_plane_estimator) StderrLine: {'line': b'                 from \x1b[01m\x1b[K/opt/ros/dashing/include/rclcpp/executor.hpp:33\x1b[m\x1b[K,\n'}
[1.680954] (ground_plane_estimator) StderrLine: {'line': b'                 from \x1b[01m\x1b[K/opt/ros/dashing/include/rclcpp/executors/multi_threaded_executor.hpp:24\x1b[m\x1b[K,\n'}
[1.681042] (ground_plane_estimator) StderrLine: {'line': b'                 from \x1b[01m\x1b[K/opt/ros/dashing/include/rclcpp/executors.hpp:21\x1b[m\x1b[K,\n'}
[1.681130] (ground_plane_estimator) StderrLine: {'line': b'                 from \x1b[01m\x1b[K/opt/ros/dashing/include/rclcpp/rclcpp.hpp:144\x1b[m\x1b[K,\n'}
[1.681217] (ground_plane_estimator) StderrLine: {'line': b'                 from \x1b[01m\x1b[K/home/turgay/dev_ws/src/ros2_robot/ground_plane_estimator/include/ground_plane_estimator/ground_plane_estimator_node.hpp:18\x1b[m\x1b[K,\n'}
[1.681305] (ground_plane_estimator) StderrLine: {'line': b'                 from \x1b[01m\x1b[K/home/turgay/dev_ws/src/ros2_robot/ground_plane_estimator/src/ground_plane_estimator_node.cpp:7\x1b[m\x1b[K:\n'}
[1.681393] (ground_plane_estimator) StderrLine: {'line': b'\x1b[01m\x1b[K/opt/ros/dashing/include/rclcpp/logging.hpp:495:14:\x1b[m\x1b[K \x1b[01;31m\x1b[Kerror: \x1b[m\x1b[Krequest for member \xe2\x80\x98\x1b[01m\x1b[Kget_name\x1b[m\x1b[K\xe2\x80\x99 in \xe2\x80\x98\x1b[01m\x1b[K"cv_bridge exception: %s"\x1b[m\x1b[K\xe2\x80\x99, which is of non-class type \xe2\x80\x98\x1b[01m\x1b[Kconst char [24]\x1b[m\x1b[K\xe2\x80\x99\n'}
[1.681497] (ground_plane_estimator) StderrLine: {'line': b'       logger.\x1b[01;31m\x1b[Kg\x1b[m\x1b[Ket_name(), \\\n'}
[1.681587] (ground_plane_estimator) StderrLine: {'line': b'              \x1b[01;31m\x1b[K^\x1b[m\x1b[K\n'}
[1.681676] (ground_plane_estimator) StderrLine: {'line': b'\x1b[01m\x1b[K/opt/ros/dashing/include/rcutils/logging_macros.h:70:47:\x1b[m\x1b[K \x1b[01;36m\x1b[Knote: \x1b[m\x1b[Kin definition of macro \xe2\x80\x98\x1b[01m\x1b[KRCUTILS_LOG_COND_NAMED\x1b[m\x1b[K\xe2\x80\x99\n'}
[1.681766] (ground_plane_estimator) StderrLine: {'line': b'     if (rcutils_logging_logger_is_enabled_for(\x1b[01;36m\x1b[Kname\x1b[m\x1b[K, severity)) { \\\n'}
[1.681870] (ground_plane_estimator) StderrLine: {'line': b'                                               \x1b[01;36m\x1b[K^~~~\x1b[m\x1b[K\n'}
[1.681973] (ground_plane_estimator) StderrLine: {'line': b'\x1b[01m\x1b[K/opt/ros/dashing/include/rclcpp/logging.hpp:494:5:\x1b[m\x1b[K \x1b[01;36m\x1b[Knote: \x1b[m\x1b[Kin expansion of macro \xe2\x80\x98\x1b[01m\x1b[KRCUTILS_LOG_ERROR_NAMED\x1b[m\x1b[K\xe2\x80\x99\n'}
[1.682073] (ground_plane_estimator) StderrLine: {'line': b'     \x1b[01;36m\x1b[KRCUTILS_LOG_ERROR_NAMED\x1b[m\x1b[K( \\\n'}
[1.682162] (ground_plane_estimator) StderrLine: {'line': b'     \x1b[01;36m\x1b[K^~~~~~~~~~~~~~~~~~~~~~~\x1b[m\x1b[K\n'}
[1.682250] (ground_plane_estimator) StderrLine: {'line': b'\x1b[01m\x1b[K/home/turgay/dev_ws/src/ros2_robot/ground_plane_estimator/src/ground_plane_estimator_node.cpp:62:5:\x1b[m\x1b[K \x1b[01;36m\x1b[Knote: \x1b[m\x1b[Kin expansion of macro \xe2\x80\x98\x1b[01m\x1b[KRCLCPP_ERROR\x1b[m\x1b[K\xe2\x80\x99\n'}
[1.682339] (ground_plane_estimator) StderrLine: {'line': b'     \x1b[01;36m\x1b[KRCLCPP_ERROR\x1b[m\x1b[K( "cv_bridge exception: %s", e.what() );\n'}
[1.682428] (ground_plane_estimator) StderrLine: {'line': b'     \x1b[01;36m\x1b[K^~~~~~~~~~~~\x1b[m\x1b[K\n'}
[1.682515] (ground_plane_estimator) StderrLine: {'line': b'\x1b[01m\x1b[K/opt/ros/dashing/include/rclcpp/logging.hpp:495:14:\x1b[m\x1b[K \x1b[01;31m\x1b[Kerror: \x1b[m\x1b[Krequest for member \xe2\x80\x98\x1b[01m\x1b[Kget_name\x1b[m\x1b[K\xe2\x80\x99 in \xe2\x80\x98\x1b[01m\x1b[K"cv_bridge exception: %s"\x1b[m\x1b[K\xe2\x80\x99, which is of non-class type \xe2\x80\x98\x1b[01m\x1b[Kconst char [24]\x1b[m\x1b[K\xe2\x80\x99\n'}
[1.682606] (ground_plane_estimator) StderrLine: {'line': b'       logger.\x1b[01;31m\x1b[Kg\x1b[m\x1b[Ket_name(), \\\n'}
[1.682693] (ground_plane_estimator) StderrLine: {'line': b'              \x1b[01;31m\x1b[K^\x1b[m\x1b[K\n'}
[1.682780] (ground_plane_estimator) StderrLine: {'line': b'\x1b[01m\x1b[K/opt/ros/dashing/include/rcutils/logging_macros.h:72:58:\x1b[m\x1b[K \x1b[01;36m\x1b[Knote: \x1b[m\x1b[Kin definition of macro \xe2\x80\x98\x1b[01m\x1b[KRCUTILS_LOG_COND_NAMED\x1b[m\x1b[K\xe2\x80\x99\n'}
[1.682869] (ground_plane_estimator) StderrLine: {'line': b'       rcutils_log(&__rcutils_logging_location, severity, \x1b[01;36m\x1b[Kname\x1b[m\x1b[K, __VA_ARGS__); \\\n'}
[1.683021] (ground_plane_estimator) StderrLine: {'line': b'                                                          \x1b[01;36m\x1b[K^~~~\x1b[m\x1b[K\n'}
[1.683201] (ground_plane_estimator) StderrLine: {'line': b'\x1b[01m\x1b[K/opt/ros/dashing/include/rclcpp/logging.hpp:494:5:\x1b[m\x1b[K \x1b[01;36m\x1b[Knote: \x1b[m\x1b[Kin expansion of macro \xe2\x80\x98\x1b[01m\x1b[KRCUTILS_LOG_ERROR_NAMED\x1b[m\x1b[K\xe2\x80\x99\n'}
[1.683376] (ground_plane_estimator) StderrLine: {'line': b'     \x1b[01;36m\x1b[KRCUTILS_LOG_ERROR_NAMED\x1b[m\x1b[K( \\\n'}
[1.683544] (ground_plane_estimator) StderrLine: {'line': b'     \x1b[01;36m\x1b[K^~~~~~~~~~~~~~~~~~~~~~~\x1b[m\x1b[K\n'}
[1.683721] (ground_plane_estimator) StderrLine: {'line': b'\x1b[01m\x1b[K/home/turgay/dev_ws/src/ros2_robot/ground_plane_estimator/src/ground_plane_estimator_node.cpp:62:5:\x1b[m\x1b[K \x1b[01;36m\x1b[Knote: \x1b[m\x1b[Kin expansion of macro \xe2\x80\x98\x1b[01m\x1b[KRCLCPP_ERROR\x1b[m\x1b[K\xe2\x80\x99\n'}
[1.683905] (ground_plane_estimator) StderrLine: {'line': b'     \x1b[01;36m\x1b[KRCLCPP_ERROR\x1b[m\x1b[K( "cv_bridge exception: %s", e.what() );\n'}
[1.684078] (ground_plane_estimator) StderrLine: {'line': b'     \x1b[01;36m\x1b[K^~~~~~~~~~~~\x1b[m\x1b[K\n'}
[1.684247] (ground_plane_estimator) StderrLine: {'line': b'\x1b[01m\x1b[K/home/turgay/dev_ws/src/ros2_robot/ground_plane_estimator/src/ground_plane_estimator_node.cpp:56:61:\x1b[m\x1b[K \x1b[01;35m\x1b[Kwarning: \x1b[m\x1b[Kunused parameter \xe2\x80\x98\x1b[01m\x1b[Kpoint_msg\x1b[m\x1b[K\xe2\x80\x99 [\x1b[01;35m\x1b[K-Wunused-parameter\x1b[m\x1b[K]\n'}
[1.684424] (ground_plane_estimator) StderrLine: {'line': b'       const sensor_msgs::msg::PointCloud2::ConstSharedPtr & \x1b[01;35m\x1b[Kpoint_msg\x1b[m\x1b[K) {\n'}
[1.684596] (ground_plane_estimator) StderrLine: {'line': b'                                                             \x1b[01;35m\x1b[K^~~~~~~~~\x1b[m\x1b[K\n'}
[1.704801] (-) TimerEvent: {}
[1.805170] (-) TimerEvent: {}
[1.905567] (-) TimerEvent: {}
[2.005955] (-) TimerEvent: {}
[2.106411] (-) TimerEvent: {}
[2.206902] (-) TimerEvent: {}
[2.307382] (-) TimerEvent: {}
[2.317246] (ground_plane_estimator) StdoutLine: {'line': b"CMakeFiles/ground_plane_estimator_node.dir/build.make:62: recipe for target 'CMakeFiles/ground_plane_estimator_node.dir/src/ground_plane_estimator_node.cpp.o' failed\n"}
[2.317704] (ground_plane_estimator) StderrLine: {'line': b'make[2]: *** [CMakeFiles/ground_plane_estimator_node.dir/src/ground_plane_estimator_node.cpp.o] Error 1\n'}
[2.318146] (ground_plane_estimator) StderrLine: {'line': b'make[1]: *** [CMakeFiles/ground_plane_estimator_node.dir/all] Error 2\n'}
[2.318512] (ground_plane_estimator) StdoutLine: {'line': b"CMakeFiles/Makefile2:67: recipe for target 'CMakeFiles/ground_plane_estimator_node.dir/all' failed\n"}
[2.318983] (ground_plane_estimator) StdoutLine: {'line': b"Makefile:140: recipe for target 'all' failed\n"}
[2.319252] (ground_plane_estimator) StderrLine: {'line': b'make: *** [all] Error 2\n'}
[2.321192] (ground_plane_estimator) CommandEnded: {'returncode': 2}
[2.322950] (ground_plane_estimator) JobEnded: {'identifier': 'ground_plane_estimator', 'rc': 2}
[2.332354] (-) EventReactorShutdown: {}
