[2.410s] Invoking command in '/home/latte/dev_ws/src/ros2_robot/simple_gps': PYTHONPATH=/home/latte/dev_ws/src/ros2_robot/install/simple_gps/lib/python3.6/site-packages:${PYTHONPATH} /usr/bin/python3 setup.py egg_info --egg-base /home/latte/dev_ws/src/ros2_robot/build/simple_gps build --build-base /home/latte/dev_ws/src/ros2_robot/build/simple_gps/build install --prefix /home/latte/dev_ws/src/ros2_robot/install/simple_gps --record /home/latte/dev_ws/src/ros2_robot/build/simple_gps/install.log --single-version-externally-managed
[3.648s] running egg_info
[3.649s] writing /home/latte/dev_ws/src/ros2_robot/build/simple_gps/simple_gps.egg-info/PKG-INFO
[3.649s] writing dependency_links to /home/latte/dev_ws/src/ros2_robot/build/simple_gps/simple_gps.egg-info/dependency_links.txt
[3.650s] writing entry points to /home/latte/dev_ws/src/ros2_robot/build/simple_gps/simple_gps.egg-info/entry_points.txt
[3.653s] writing requirements to /home/latte/dev_ws/src/ros2_robot/build/simple_gps/simple_gps.egg-info/requires.txt
[3.653s] writing top-level names to /home/latte/dev_ws/src/ros2_robot/build/simple_gps/simple_gps.egg-info/top_level.txt
[3.831s] reading manifest file '/home/latte/dev_ws/src/ros2_robot/build/simple_gps/simple_gps.egg-info/SOURCES.txt'
[3.853s] writing manifest file '/home/latte/dev_ws/src/ros2_robot/build/simple_gps/simple_gps.egg-info/SOURCES.txt'
[3.853s] running build
[3.854s] running build_py
[3.854s] running install
[3.855s] running install_lib
[3.856s] running install_data
[3.858s] running install_egg_info
[3.864s] removing '/home/latte/dev_ws/src/ros2_robot/install/simple_gps/lib/python3.6/site-packages/simple_gps-0.0.0-py3.6.egg-info' (and everything under it)
[3.864s] Copying /home/latte/dev_ws/src/ros2_robot/build/simple_gps/simple_gps.egg-info to /home/latte/dev_ws/src/ros2_robot/install/simple_gps/lib/python3.6/site-packages/simple_gps-0.0.0-py3.6.egg-info
[3.866s] running install_scripts
[3.965s] Installing simple_gps_node script to /home/latte/dev_ws/src/ros2_robot/install/simple_gps/lib/simple_gps
[3.965s] writing list of installed files to '/home/latte/dev_ws/src/ros2_robot/build/simple_gps/install.log'
[4.026s] Invoked command in '/home/latte/dev_ws/src/ros2_robot/simple_gps' returned '0': PYTHONPATH=/home/latte/dev_ws/src/ros2_robot/install/simple_gps/lib/python3.6/site-packages:${PYTHONPATH} /usr/bin/python3 setup.py egg_info --egg-base /home/latte/dev_ws/src/ros2_robot/build/simple_gps build --build-base /home/latte/dev_ws/src/ros2_robot/build/simple_gps/build install --prefix /home/latte/dev_ws/src/ros2_robot/install/simple_gps --record /home/latte/dev_ws/src/ros2_robot/build/simple_gps/install.log --single-version-externally-managed
