[0.000000] (-) TimerEvent: {}
[0.000536] (-) JobUnselected: {'identifier': 'realsense_t265_node'}
[0.000896] (-) JobUnselected: {'identifier': 'realsense_t265_ros'}
[0.000965] (-) JobUnselected: {'identifier': 'remote_control'}
[0.001002] (-) JobUnselected: {'identifier': 'simple_gps'}
[0.001048] (ground_plane_estimator) JobQueued: {'identifier': 'ground_plane_estimator', 'dependencies': OrderedDict()}
[0.001083] (ground_plane_estimator) JobStarted: {'identifier': 'ground_plane_estimator'}
[0.017409] (ground_plane_estimator) JobProgress: {'identifier': 'ground_plane_estimator', 'progress': 'cmake'}
[0.018687] (ground_plane_estimator) Command: {'cmd': ['/usr/bin/cmake', '/home/turgay/dev_ws/src/ros2_robot/ground_plane_estimator', '-DAMENT_CMAKE_SYMLINK_INSTALL=1', '-DCMAKE_INSTALL_PREFIX=/home/turgay/dev_ws/src/ros2_robot/install/ground_plane_estimator'], 'cwd': '/home/turgay/dev_ws/src/ros2_robot/build/ground_plane_estimator', 'env': OrderedDict([('GJS_DEBUG_TOPICS', 'JS ERROR;JS LOG'), ('LESSOPEN', '| /usr/bin/lesspipe %s'), ('USER', 'turgay'), ('LIBVA_DRIVERS_PATH', '/opt/intel/mediasdk/lib64'), ('TEXTDOMAIN', 'im-config'), ('XDG_SEAT', 'seat0'), ('SSH_AGENT_PID', '1886'), ('XDG_SESSION_TYPE', 'x11'), ('SHLVL', '2'), ('LD_LIBRARY_PATH', '/opt/robot_devkit/tools/rtmonitor/lib:/opt/robot_devkit/tools/rtmonitor_msgs/lib:/opt/robot_devkit/tools/perf_msgs/lib:/opt/robot_devkit/perception/dynamic_vino_lib/lib:/opt/robot_devkit/perception/vino_param_lib/lib:/opt/robot_devkit/perception/robot_interface/lib:/opt/robot_devkit/perception/realsense_ros/lib:/opt/robot_devkit/perception/realsense_msgs/lib:/opt/robot_devkit/perception/pipeline_srv_msgs/lib:/opt/robot_devkit/perception/grasp_ros2/lib:/opt/robot_devkit/perception/people_msgs/lib:/opt/robot_devkit/perception/object_analytics_node/lib:/opt/robot_devkit/perception/object_analytics_msgs/lib:/opt/robot_devkit/perception/moveit_msgs/lib:/opt/robot_devkit/perception/handeye_tf_service/lib:/opt/robot_devkit/perception/grasp_msgs/lib:/opt/ros/dashing/opt/yaml_cpp_vendor/lib:/opt/ros/dashing/opt/rviz_ogre_vendor/lib:/opt/ros/dashing/lib'), ('QT4_IM_MODULE', 'xim'), ('HOME', '/home/turgay'), ('CHROME_DESKTOP', 'code-url-handler.desktop'), ('DESKTOP_SESSION', 'ubuntu'), ('TERM_PROGRAM_VERSION', '1.44.2'), ('GIO_LAUNCHED_DESKTOP_FILE', '/var/lib/snapd/desktop/applications/code_code.desktop'), ('GNOME_SHELL_SESSION_MODE', 'ubuntu'), ('GTK_MODULES', 'gail:atk-bridge'), ('APPLICATION_INSIGHTS_NO_DIAGNOSTIC_CHANNEL', 'true'), ('ROS_PYTHON_VERSION', '3'), ('DBUS_SESSION_BUS_ADDRESS', 'unix:path=/run/user/1000/bus'), ('GIO_LAUNCHED_DESKTOP_FILE_PID', '2676'), ('COLORTERM', 'truecolor'), ('IM_CONFIG_PHASE', '2'), ('COLCON_PREFIX_PATH', '/opt/robot_devkit/tools:/opt/robot_devkit/perception'), ('ROS_DISTRO', 'dashing'), ('LOGNAME', 'turgay'), ('GTK_IM_MODULE', 'ibus'), ('_', '/snap/code/31/usr/share/code/code'), ('ROS_VERSION', '2'), ('USERNAME', 'turgay'), ('XDG_SESSION_ID', '1'), ('TERM', 'xterm-256color'), ('GNOME_DESKTOP_SESSION_ID', 'this-is-deprecated'), ('WINDOWPATH', '1'), ('PATH', '/home/turgay/.local/bin:/opt/robot_devkit/perception/recognize_pick/bin:/opt/robot_devkit/perception/random_pick/bin:/opt/robot_devkit/perception/fixed_position_pick/bin:/opt/robot_devkit/perception/draw_x/bin:/opt/robot_devkit/perception/realsense_node/bin:/opt/robot_devkit/perception/grasp_ros2/bin:/opt/robot_devkit/perception/handeye_dashboard/bin:/opt/ros/dashing/bin:/home/turgay/.local/bin:/usr/local/sbin:/usr/local/bin:/usr/sbin:/usr/bin:/sbin:/bin:/usr/games:/usr/local/games:/snap/bin:/home/turgay/.dotnet/tools:/home/turgay/.dotnet/tools'), ('SESSION_MANAGER', 'local/turgaydesktop:@/tmp/.ICE-unix/1791,unix/turgaydesktop:/tmp/.ICE-unix/1791'), ('XDG_MENU_PREFIX', 'gnome-'), ('BAMF_DESKTOP_FILE_HINT', '/var/lib/snapd/desktop/applications/code_code.desktop'), ('XDG_RUNTIME_DIR', '/run/user/1000/snap.code'), ('DISPLAY', ':0'), ('LANG', 'en_US.UTF-8'), ('XDG_CURRENT_DESKTOP', 'Unity'), ('LIBVA_DRIVER_NAME', 'iHD'), ('XDG_SESSION_DESKTOP', 'ubuntu'), ('XMODIFIERS', '@im=ibus'), ('XAUTHORITY', '/run/user/1000/gdm/Xauthority'), ('TERM_PROGRAM', 'vscode'), ('SSH_AUTH_SOCK', '/run/user/1000/keyring/ssh'), ('GSETTINGS_SCHEMA_DIR', '/snap/code/31/usr/share/glib-2.0/schemas'), ('MFX_HOME', '/opt/intel/mediasdk'), ('AMENT_PREFIX_PATH', '/opt/robot_devkit/tools/rtmonitor_test:/opt/robot_devkit/tools/rtmonitor:/opt/robot_devkit/tools/rtmonitor_msgs:/opt/robot_devkit/tools/rdk_perf:/opt/robot_devkit/tools/perf_msgs:/opt/robot_devkit/perception/dynamic_vino_sample:/opt/robot_devkit/perception/dynamic_vino_lib:/opt/robot_devkit/perception/vino_param_lib:/opt/robot_devkit/perception/ur_description:/opt/robot_devkit/perception/recognize_pick:/opt/robot_devkit/perception/random_pick:/opt/robot_devkit/perception/fixed_position_pick:/opt/robot_devkit/perception/draw_x:/opt/robot_devkit/perception/robot_interface:/opt/robot_devkit/perception/realsense_examples:/opt/robot_devkit/perception/realsense_node:/opt/robot_devkit/perception/realsense_ros:/opt/robot_devkit/perception/realsense_msgs:/opt/robot_devkit/perception/pipeline_srv_msgs:/opt/robot_devkit/perception/grasp_ros2:/opt/robot_devkit/perception/people_msgs:/opt/robot_devkit/perception/object_analytics_rviz:/opt/robot_devkit/perception/object_analytics_node:/opt/robot_devkit/perception/object_analytics_msgs:/opt/robot_devkit/perception/moveit_msgs:/opt/robot_devkit/perception/handeye_tf_service:/opt/robot_devkit/perception/handeye_target_detection:/opt/robot_devkit/perception/handeye_dashboard:/opt/robot_devkit/perception/handeye:/opt/robot_devkit/perception/grasp_tutorials:/opt/robot_devkit/perception/grasp_msgs:/opt/robot_devkit/perception/criutils:/opt/robot_devkit/perception/baldor:/opt/ros/dashing'), ('DISABLE_WAYLAND', '1'), ('SHELL', '/bin/bash'), ('GDK_PIXBUF_MODULEDIR', '/snap/code/31/usr/lib/x86_64-linux-gnu/gdk-pixbuf-2.0/2.10.0/loaders'), ('QT_ACCESSIBILITY', '1'), ('GDMSESSION', 'ubuntu'), ('LESSCLOSE', '/usr/bin/lesspipe %s %s'), ('TEXTDOMAINDIR', '/usr/share/locale/'), ('GJS_DEBUG_OUTPUT', 'stderr'), ('GDK_PIXBUF_MODULE_FILE', '/home/turgay/snap/code/common/.cache/gdk-pixbuf-loaders.cache'), ('GPG_AGENT_INFO', '/run/user/1000/gnupg/S.gpg-agent:0:1'), ('XDG_VTNR', '1'), ('QT_IM_MODULE', 'ibus'), ('LC_ALL', 'en_US.UTF-8'), ('PWD', '/home/turgay/dev_ws/src/ros2_robot/build/ground_plane_estimator'), ('CLUTTER_IM_MODULE', 'xim'), ('XDG_DATA_DIRS', '/usr/share/ubuntu:/usr/local/share/:/usr/share/:/var/lib/snapd/desktop'), ('XDG_CONFIG_DIRS', '/etc/xdg/xdg-ubuntu:/etc/xdg'), ('PYTHONPATH', '/opt/robot_devkit/tools/rtmonitor_msgs/lib/python3.6/site-packages:/opt/robot_devkit/tools/rdk_perf/lib/python3.6/site-packages:/opt/robot_devkit/tools/perf_msgs/lib/python3.6/site-packages:/opt/robot_devkit/perception/realsense_msgs/lib/python3.6/site-packages:/opt/robot_devkit/perception/pipeline_srv_msgs/lib/python3.6/site-packages:/opt/robot_devkit/perception/people_msgs/lib/python3.6/site-packages:/opt/robot_devkit/perception/object_analytics_msgs/lib/python3.6/site-packages:/opt/robot_devkit/perception/moveit_msgs/lib/python3.6/site-packages:/opt/robot_devkit/perception/handeye_tf_service/lib/python3.6/site-packages:/opt/robot_devkit/perception/handeye_dashboard/lib/python3.6/site-packages:/opt/robot_devkit/perception/handeye/lib/python3.6/site-packages:/opt/robot_devkit/perception/grasp_msgs/lib/python3.6/site-packages:/opt/robot_devkit/perception/criutils/lib/python3.6/site-packages:/opt/robot_devkit/perception/baldor/lib/python3.6/site-packages:/opt/ros/dashing/lib/python3.6/site-packages'), ('COLCON', '1'), ('CMAKE_PREFIX_PATH', '/opt/robot_devkit/tools/rtmonitor_test:/opt/robot_devkit/tools/rtmonitor:/opt/robot_devkit/tools/rtmonitor_msgs:/opt/robot_devkit/tools/perf_msgs:/opt/robot_devkit/perception/dynamic_vino_sample:/opt/robot_devkit/perception/dynamic_vino_lib:/opt/robot_devkit/perception/vino_param_lib:/opt/robot_devkit/perception/ur_description:/opt/robot_devkit/perception/recognize_pick:/opt/robot_devkit/perception/random_pick:/opt/robot_devkit/perception/fixed_position_pick:/opt/robot_devkit/perception/draw_x:/opt/robot_devkit/perception/robot_interface:/opt/robot_devkit/perception/realsense_examples:/opt/robot_devkit/perception/realsense_node:/opt/robot_devkit/perception/realsense_ros:/opt/robot_devkit/perception/realsense_msgs:/opt/robot_devkit/perception/pipeline_srv_msgs:/opt/robot_devkit/perception/grasp_ros2:/opt/robot_devkit/perception/people_msgs:/opt/robot_devkit/perception/object_analytics_rviz:/opt/robot_devkit/perception/object_analytics_node:/opt/robot_devkit/perception/object_analytics_msgs:/opt/robot_devkit/perception/moveit_msgs:/opt/robot_devkit/perception/handeye_tf_service:/opt/robot_devkit/perception/handeye_target_detection:/opt/robot_devkit/perception/grasp_tutorials:/opt/robot_devkit/perception/grasp_msgs:/opt/robot_devkit/tools/rdk_perf:/opt/robot_devkit/perception/handeye_dashboard:/opt/robot_devkit/perception/handeye:/opt/robot_devkit/perception/criutils:/opt/robot_devkit/perception/baldor:/opt/ros/dashing')]), 'shell': False}
[0.041969] (ground_plane_estimator) StdoutLine: {'line': b'-- Found ament_cmake: 0.7.4 (/opt/ros/dashing/share/ament_cmake/cmake)\n'}
[0.083966] (ground_plane_estimator) StdoutLine: {'line': b'-- Using PYTHON_EXECUTABLE: /usr/bin/python3\n'}
[0.099625] (-) TimerEvent: {}
[0.200060] (-) TimerEvent: {}
[0.300427] (-) TimerEvent: {}
[0.330587] (ground_plane_estimator) StdoutLine: {'line': b'-- Override CMake install command with custom implementation using symlinks instead of copying resources\n'}
[0.344242] (ground_plane_estimator) StdoutLine: {'line': b'-- Found rclcpp: 0.7.13 (/opt/ros/dashing/share/rclcpp/cmake)\n'}
[0.358125] (ground_plane_estimator) StdoutLine: {'line': b'-- Found rosidl_adapter: 0.7.9 (/opt/ros/dashing/share/rosidl_adapter/cmake)\n'}
[0.388991] (ground_plane_estimator) StdoutLine: {'line': b'-- Found rmw_implementation_cmake: 0.7.2 (/opt/ros/dashing/share/rmw_implementation_cmake/cmake)\n'}
[0.391707] (ground_plane_estimator) StdoutLine: {'line': b"-- Using RMW implementation 'rmw_fastrtps_cpp' as default\n"}
[0.400497] (-) TimerEvent: {}
[0.416002] (ground_plane_estimator) StdoutLine: {'line': b'-- Found std_msgs: 0.7.0 (/opt/ros/dashing/share/std_msgs/cmake)\n'}
[0.420786] (ground_plane_estimator) StdoutLine: {'line': b'-- Found rclcpp_components: 0.7.13 (/opt/ros/dashing/share/rclcpp_components/cmake)\n'}
[0.422818] (ground_plane_estimator) StdoutLine: {'line': b'-- Found poco_vendor:  (/opt/ros/dashing/share/poco_vendor/cmake)\n'}
[0.434875] (ground_plane_estimator) StdoutLine: {'line': b'-- Found nav_msgs: 0.7.0 (/opt/ros/dashing/share/nav_msgs/cmake)\n'}
[0.451407] (ground_plane_estimator) StdoutLine: {'line': b'-- Found sensor_msgs: 0.7.0 (/opt/ros/dashing/share/sensor_msgs/cmake)\n'}
[0.463262] (ground_plane_estimator) StdoutLine: {'line': b'-- Found cv_bridge: 2.1.4 (/opt/ros/dashing/share/cv_bridge/cmake)\n'}
[0.478077] (ground_plane_estimator) StdoutLine: {'line': b'-- Found tf2: 0.11.6 (/opt/ros/dashing/share/tf2/cmake)\n'}
[0.480242] (ground_plane_estimator) StdoutLine: {'line': b'-- Found tf2_ros: 0.11.6 (/opt/ros/dashing/share/tf2_ros/cmake)\n'}
[0.500583] (-) TimerEvent: {}
[0.524685] (ground_plane_estimator) StdoutLine: {'line': b'-- Found image_transport: 2.1.1 (/opt/ros/dashing/share/image_transport/cmake)\n'}
[0.542918] (ground_plane_estimator) StdoutLine: {'line': b'-- Found tinyxml2_vendor:  (/opt/ros/dashing/share/tinyxml2_vendor/cmake)\n'}
[0.559448] (ground_plane_estimator) StdoutLine: {'line': b'-- Found pcl_conversions: 2.0.0 (/opt/ros/dashing/share/pcl_conversions/cmake)\n'}
[0.561583] (ground_plane_estimator) StdoutLine: {'line': b'-- Found pcl_msgs: 1.0.0 (/opt/ros/dashing/share/pcl_msgs/cmake)\n'}
[0.600719] (-) TimerEvent: {}
[0.661465] (ground_plane_estimator) StdoutLine: {'line': b'-- Boost version: 1.65.1\n'}
[0.661925] (ground_plane_estimator) StdoutLine: {'line': b'-- Found the following Boost libraries:\n'}
[0.662113] (ground_plane_estimator) StdoutLine: {'line': b'--   system\n'}
[0.662299] (ground_plane_estimator) StdoutLine: {'line': b'--   filesystem\n'}
[0.662512] (ground_plane_estimator) StdoutLine: {'line': b'--   thread\n'}
[0.662685] (ground_plane_estimator) StdoutLine: {'line': b'--   chrono\n'}
[0.662863] (ground_plane_estimator) StdoutLine: {'line': b'--   date_time\n'}
[0.663024] (ground_plane_estimator) StdoutLine: {'line': b'--   atomic\n'}
[0.700837] (-) TimerEvent: {}
[0.755860] (ground_plane_estimator) StdoutLine: {'line': b'-- Boost version: 1.65.1\n'}
[0.756271] (ground_plane_estimator) StdoutLine: {'line': b'-- Found the following Boost libraries:\n'}
[0.756454] (ground_plane_estimator) StdoutLine: {'line': b'--   system\n'}
[0.756629] (ground_plane_estimator) StdoutLine: {'line': b'--   filesystem\n'}
[0.756806] (ground_plane_estimator) StdoutLine: {'line': b'--   thread\n'}
[0.756979] (ground_plane_estimator) StdoutLine: {'line': b'--   date_time\n'}
[0.757151] (ground_plane_estimator) StdoutLine: {'line': b'--   iostreams\n'}
[0.757326] (ground_plane_estimator) StdoutLine: {'line': b'--   serialization\n'}
[0.757502] (ground_plane_estimator) StdoutLine: {'line': b'--   chrono\n'}
[0.757678] (ground_plane_estimator) StdoutLine: {'line': b'--   atomic\n'}
[0.757852] (ground_plane_estimator) StdoutLine: {'line': b'--   regex\n'}
[0.773508] (ground_plane_estimator) StdoutLine: {'line': b'-- Could NOT find ensenso (missing: ENSENSO_LIBRARY ENSENSO_INCLUDE_DIR) \n'}
[0.773919] (ground_plane_estimator) StderrLine: {'line': b'** WARNING ** io features related to ensenso will be disabled\n'}
[0.778483] (ground_plane_estimator) StdoutLine: {'line': b'-- Could NOT find DAVIDSDK (missing: DAVIDSDK_LIBRARY DAVIDSDK_INCLUDE_DIR) \n'}
[0.778957] (ground_plane_estimator) StderrLine: {'line': b'** WARNING ** io features related to davidSDK will be disabled\n'}
[0.779563] (ground_plane_estimator) StdoutLine: {'line': b'-- Could NOT find DSSDK (missing: _DSSDK_LIBRARIES) \n'}
[0.780150] (ground_plane_estimator) StderrLine: {'line': b'** WARNING ** io features related to dssdk will be disabled\n'}
[0.780566] (ground_plane_estimator) StderrLine: {'line': b'** WARNING ** io features related to pcap will be disabled\n'}
[0.780951] (ground_plane_estimator) StderrLine: {'line': b'** WARNING ** io features related to png will be disabled\n'}
[0.800964] (-) TimerEvent: {}
[0.840012] (ground_plane_estimator) StdoutLine: {'line': b'-- The imported target "vtkRenderingPythonTkWidgets" references the file\n'}
[0.840325] (ground_plane_estimator) StdoutLine: {'line': b'   "/usr/lib/x86_64-linux-gnu/libvtkRenderingPythonTkWidgets.so"\n'}
[0.840624] (ground_plane_estimator) StdoutLine: {'line': b'but this file does not exist.  Possible reasons include:\n'}
[0.840781] (ground_plane_estimator) StdoutLine: {'line': b'* The file was deleted, renamed, or moved to another location.\n'}
[0.840921] (ground_plane_estimator) StdoutLine: {'line': b'* An install or uninstall procedure did not complete successfully.\n'}
[0.841107] (ground_plane_estimator) StdoutLine: {'line': b'* The installation package was faulty and contained\n'}
[0.841256] (ground_plane_estimator) StdoutLine: {'line': b'   "/usr/lib/cmake/vtk-6.3/VTKTargets.cmake"\n'}
[0.841394] (ground_plane_estimator) StdoutLine: {'line': b'but not all the files it references.\n'}
[0.841528] (ground_plane_estimator) StdoutLine: {'line': b'\n'}
[0.841662] (ground_plane_estimator) StdoutLine: {'line': b'-- The imported target "vtk" references the file\n'}
[0.841797] (ground_plane_estimator) StdoutLine: {'line': b'   "/usr/bin/vtk"\n'}
[0.841930] (ground_plane_estimator) StdoutLine: {'line': b'but this file does not exist.  Possible reasons include:\n'}
[0.842063] (ground_plane_estimator) StdoutLine: {'line': b'* The file was deleted, renamed, or moved to another location.\n'}
[0.842195] (ground_plane_estimator) StdoutLine: {'line': b'* An install or uninstall procedure did not complete successfully.\n'}
[0.842415] (ground_plane_estimator) StdoutLine: {'line': b'* The installation package was faulty and contained\n'}
[0.842684] (ground_plane_estimator) StdoutLine: {'line': b'   "/usr/lib/cmake/vtk-6.3/VTKTargets.cmake"\n'}
[0.842878] (ground_plane_estimator) StdoutLine: {'line': b'but not all the files it references.\n'}
[0.843036] (ground_plane_estimator) StdoutLine: {'line': b'\n'}
[0.895858] (ground_plane_estimator) StderrLine: {'line': b'** WARNING ** io features related to libusb-1.0 will be disabled\n'}
[0.901078] (-) TimerEvent: {}
[0.933555] (ground_plane_estimator) StdoutLine: {'line': b'-- Could NOT find ensenso (missing: ENSENSO_LIBRARY ENSENSO_INCLUDE_DIR) \n'}
[0.933984] (ground_plane_estimator) StderrLine: {'line': b'** WARNING ** visualization features related to ensenso will be disabled\n'}
[0.937055] (ground_plane_estimator) StdoutLine: {'line': b'-- Could NOT find DAVIDSDK (missing: DAVIDSDK_LIBRARY DAVIDSDK_INCLUDE_DIR) \n'}
[0.937360] (ground_plane_estimator) StderrLine: {'line': b'** WARNING ** visualization features related to davidSDK will be disabled\n'}
[0.937993] (ground_plane_estimator) StdoutLine: {'line': b'-- Could NOT find DSSDK (missing: _DSSDK_LIBRARIES) \n'}
[0.938294] (ground_plane_estimator) StderrLine: {'line': b'** WARNING ** visualization features related to dssdk will be disabled\n'}
[0.938965] (ground_plane_estimator) StdoutLine: {'line': b'-- Could NOT find RSSDK (missing: _RSSDK_LIBRARIES) \n'}
[0.939269] (ground_plane_estimator) StderrLine: {'line': b'** WARNING ** visualization features related to rssdk will be disabled\n'}
[0.985362] (ground_plane_estimator) StdoutLine: {'line': b'-- looking for PCL_COMMON\n'}
[0.985871] (ground_plane_estimator) StdoutLine: {'line': b'-- looking for PCL_OCTREE\n'}
[0.986253] (ground_plane_estimator) StdoutLine: {'line': b'-- looking for PCL_IO\n'}
[0.986557] (ground_plane_estimator) StdoutLine: {'line': b'-- looking for PCL_KDTREE\n'}
[0.986874] (ground_plane_estimator) StdoutLine: {'line': b'-- looking for PCL_SEARCH\n'}
[0.987310] (ground_plane_estimator) StdoutLine: {'line': b'-- looking for PCL_SAMPLE_CONSENSUS\n'}
[0.987782] (ground_plane_estimator) StdoutLine: {'line': b'-- looking for PCL_FILTERS\n'}
[0.988317] (ground_plane_estimator) StdoutLine: {'line': b'-- looking for PCL_2D\n'}
[0.988794] (ground_plane_estimator) StdoutLine: {'line': b'-- looking for PCL_GEOMETRY\n'}
[0.989158] (ground_plane_estimator) StdoutLine: {'line': b'-- looking for PCL_FEATURES\n'}
[0.989669] (ground_plane_estimator) StdoutLine: {'line': b'-- looking for PCL_ML\n'}
[0.990070] (ground_plane_estimator) StdoutLine: {'line': b'-- looking for PCL_SEGMENTATION\n'}
[0.990953] (ground_plane_estimator) StdoutLine: {'line': b'-- looking for PCL_VISUALIZATION\n'}
[0.991569] (ground_plane_estimator) StdoutLine: {'line': b'-- looking for PCL_SURFACE\n'}
[0.991974] (ground_plane_estimator) StdoutLine: {'line': b'-- looking for PCL_REGISTRATION\n'}
[0.992860] (ground_plane_estimator) StdoutLine: {'line': b'-- looking for PCL_KEYPOINTS\n'}
[0.993581] (ground_plane_estimator) StdoutLine: {'line': b'-- looking for PCL_TRACKING\n'}
[0.994158] (ground_plane_estimator) StdoutLine: {'line': b'-- looking for PCL_RECOGNITION\n'}
[0.995213] (ground_plane_estimator) StdoutLine: {'line': b'-- looking for PCL_STEREO\n'}
[0.995701] (ground_plane_estimator) StdoutLine: {'line': b'-- looking for PCL_APPS\n'}
[0.998243] (ground_plane_estimator) StdoutLine: {'line': b'-- looking for PCL_IN_HAND_SCANNER\n'}
[0.998577] (ground_plane_estimator) StdoutLine: {'line': b'-- looking for PCL_MODELER\n'}
[0.998881] (ground_plane_estimator) StdoutLine: {'line': b'-- looking for PCL_POINT_CLOUD_EDITOR\n'}
[0.999219] (ground_plane_estimator) StdoutLine: {'line': b'-- looking for PCL_OUTOFCORE\n'}
[0.999724] (ground_plane_estimator) StdoutLine: {'line': b'-- looking for PCL_PEOPLE\n'}
[1.001156] (-) TimerEvent: {}
[1.019215] (ground_plane_estimator) StdoutLine: {'line': b'-- Found ament_lint_auto: 0.7.11 (/opt/ros/dashing/share/ament_lint_auto/cmake)\n'}
[1.101268] (-) TimerEvent: {}
[1.201617] (-) TimerEvent: {}
[1.259749] (ground_plane_estimator) StdoutLine: {'line': b"-- Added test 'copyright' to check for copyright in CMake / C / C++ / Python code\n"}
[1.261014] (ground_plane_estimator) StdoutLine: {'line': b"-- Added test 'cppcheck' to perform static code analysis on C / C++ code\n"}
[1.261929] (ground_plane_estimator) StdoutLine: {'line': b'-- Configured cppcheck include dirs: /home/turgay/dev_ws/src/ros2_robot/ground_plane_estimator/include\n'}
[1.263075] (ground_plane_estimator) StdoutLine: {'line': b"-- Added test 'cpplint' to check C / C++ code against the Google style\n"}
[1.263947] (ground_plane_estimator) StdoutLine: {'line': b"-- Added test 'lint_cmake' to check CMake code style\n"}
[1.265292] (ground_plane_estimator) StdoutLine: {'line': b"-- Added test 'uncrustify' to check C / C++ code style\n"}
[1.265837] (ground_plane_estimator) StdoutLine: {'line': b"-- Added test 'xmllint' to check XML markup files\n"}
[1.269916] (ground_plane_estimator) StdoutLine: {'line': b'-- Configuring done\n'}
[1.301719] (-) TimerEvent: {}
[1.317957] (ground_plane_estimator) StdoutLine: {'line': b'-- Generating done\n'}
[1.321399] (ground_plane_estimator) StdoutLine: {'line': b'-- Build files have been written to: /home/turgay/dev_ws/src/ros2_robot/build/ground_plane_estimator\n'}
[1.332053] (ground_plane_estimator) CommandEnded: {'returncode': 0}
[1.333941] (ground_plane_estimator) JobProgress: {'identifier': 'ground_plane_estimator', 'progress': 'build'}
[1.336203] (ground_plane_estimator) Command: {'cmd': ['/usr/bin/cmake', '--build', '/home/turgay/dev_ws/src/ros2_robot/build/ground_plane_estimator', '--', '-j12', '-l12'], 'cwd': '/home/turgay/dev_ws/src/ros2_robot/build/ground_plane_estimator', 'env': OrderedDict([('GJS_DEBUG_TOPICS', 'JS ERROR;JS LOG'), ('LESSOPEN', '| /usr/bin/lesspipe %s'), ('USER', 'turgay'), ('LIBVA_DRIVERS_PATH', '/opt/intel/mediasdk/lib64'), ('TEXTDOMAIN', 'im-config'), ('XDG_SEAT', 'seat0'), ('SSH_AGENT_PID', '1886'), ('XDG_SESSION_TYPE', 'x11'), ('SHLVL', '2'), ('LD_LIBRARY_PATH', '/opt/robot_devkit/tools/rtmonitor/lib:/opt/robot_devkit/tools/rtmonitor_msgs/lib:/opt/robot_devkit/tools/perf_msgs/lib:/opt/robot_devkit/perception/dynamic_vino_lib/lib:/opt/robot_devkit/perception/vino_param_lib/lib:/opt/robot_devkit/perception/robot_interface/lib:/opt/robot_devkit/perception/realsense_ros/lib:/opt/robot_devkit/perception/realsense_msgs/lib:/opt/robot_devkit/perception/pipeline_srv_msgs/lib:/opt/robot_devkit/perception/grasp_ros2/lib:/opt/robot_devkit/perception/people_msgs/lib:/opt/robot_devkit/perception/object_analytics_node/lib:/opt/robot_devkit/perception/object_analytics_msgs/lib:/opt/robot_devkit/perception/moveit_msgs/lib:/opt/robot_devkit/perception/handeye_tf_service/lib:/opt/robot_devkit/perception/grasp_msgs/lib:/opt/ros/dashing/opt/yaml_cpp_vendor/lib:/opt/ros/dashing/opt/rviz_ogre_vendor/lib:/opt/ros/dashing/lib'), ('QT4_IM_MODULE', 'xim'), ('HOME', '/home/turgay'), ('CHROME_DESKTOP', 'code-url-handler.desktop'), ('DESKTOP_SESSION', 'ubuntu'), ('TERM_PROGRAM_VERSION', '1.44.2'), ('GIO_LAUNCHED_DESKTOP_FILE', '/var/lib/snapd/desktop/applications/code_code.desktop'), ('GNOME_SHELL_SESSION_MODE', 'ubuntu'), ('GTK_MODULES', 'gail:atk-bridge'), ('APPLICATION_INSIGHTS_NO_DIAGNOSTIC_CHANNEL', 'true'), ('ROS_PYTHON_VERSION', '3'), ('DBUS_SESSION_BUS_ADDRESS', 'unix:path=/run/user/1000/bus'), ('GIO_LAUNCHED_DESKTOP_FILE_PID', '2676'), ('COLORTERM', 'truecolor'), ('IM_CONFIG_PHASE', '2'), ('COLCON_PREFIX_PATH', '/opt/robot_devkit/tools:/opt/robot_devkit/perception'), ('ROS_DISTRO', 'dashing'), ('LOGNAME', 'turgay'), ('GTK_IM_MODULE', 'ibus'), ('_', '/snap/code/31/usr/share/code/code'), ('ROS_VERSION', '2'), ('USERNAME', 'turgay'), ('XDG_SESSION_ID', '1'), ('TERM', 'xterm-256color'), ('GNOME_DESKTOP_SESSION_ID', 'this-is-deprecated'), ('WINDOWPATH', '1'), ('PATH', '/home/turgay/.local/bin:/opt/robot_devkit/perception/recognize_pick/bin:/opt/robot_devkit/perception/random_pick/bin:/opt/robot_devkit/perception/fixed_position_pick/bin:/opt/robot_devkit/perception/draw_x/bin:/opt/robot_devkit/perception/realsense_node/bin:/opt/robot_devkit/perception/grasp_ros2/bin:/opt/robot_devkit/perception/handeye_dashboard/bin:/opt/ros/dashing/bin:/home/turgay/.local/bin:/usr/local/sbin:/usr/local/bin:/usr/sbin:/usr/bin:/sbin:/bin:/usr/games:/usr/local/games:/snap/bin:/home/turgay/.dotnet/tools:/home/turgay/.dotnet/tools'), ('SESSION_MANAGER', 'local/turgaydesktop:@/tmp/.ICE-unix/1791,unix/turgaydesktop:/tmp/.ICE-unix/1791'), ('XDG_MENU_PREFIX', 'gnome-'), ('BAMF_DESKTOP_FILE_HINT', '/var/lib/snapd/desktop/applications/code_code.desktop'), ('XDG_RUNTIME_DIR', '/run/user/1000/snap.code'), ('DISPLAY', ':0'), ('LANG', 'en_US.UTF-8'), ('XDG_CURRENT_DESKTOP', 'Unity'), ('LIBVA_DRIVER_NAME', 'iHD'), ('XDG_SESSION_DESKTOP', 'ubuntu'), ('XMODIFIERS', '@im=ibus'), ('XAUTHORITY', '/run/user/1000/gdm/Xauthority'), ('TERM_PROGRAM', 'vscode'), ('SSH_AUTH_SOCK', '/run/user/1000/keyring/ssh'), ('GSETTINGS_SCHEMA_DIR', '/snap/code/31/usr/share/glib-2.0/schemas'), ('MFX_HOME', '/opt/intel/mediasdk'), ('AMENT_PREFIX_PATH', '/opt/robot_devkit/tools/rtmonitor_test:/opt/robot_devkit/tools/rtmonitor:/opt/robot_devkit/tools/rtmonitor_msgs:/opt/robot_devkit/tools/rdk_perf:/opt/robot_devkit/tools/perf_msgs:/opt/robot_devkit/perception/dynamic_vino_sample:/opt/robot_devkit/perception/dynamic_vino_lib:/opt/robot_devkit/perception/vino_param_lib:/opt/robot_devkit/perception/ur_description:/opt/robot_devkit/perception/recognize_pick:/opt/robot_devkit/perception/random_pick:/opt/robot_devkit/perception/fixed_position_pick:/opt/robot_devkit/perception/draw_x:/opt/robot_devkit/perception/robot_interface:/opt/robot_devkit/perception/realsense_examples:/opt/robot_devkit/perception/realsense_node:/opt/robot_devkit/perception/realsense_ros:/opt/robot_devkit/perception/realsense_msgs:/opt/robot_devkit/perception/pipeline_srv_msgs:/opt/robot_devkit/perception/grasp_ros2:/opt/robot_devkit/perception/people_msgs:/opt/robot_devkit/perception/object_analytics_rviz:/opt/robot_devkit/perception/object_analytics_node:/opt/robot_devkit/perception/object_analytics_msgs:/opt/robot_devkit/perception/moveit_msgs:/opt/robot_devkit/perception/handeye_tf_service:/opt/robot_devkit/perception/handeye_target_detection:/opt/robot_devkit/perception/handeye_dashboard:/opt/robot_devkit/perception/handeye:/opt/robot_devkit/perception/grasp_tutorials:/opt/robot_devkit/perception/grasp_msgs:/opt/robot_devkit/perception/criutils:/opt/robot_devkit/perception/baldor:/opt/ros/dashing'), ('DISABLE_WAYLAND', '1'), ('SHELL', '/bin/bash'), ('GDK_PIXBUF_MODULEDIR', '/snap/code/31/usr/lib/x86_64-linux-gnu/gdk-pixbuf-2.0/2.10.0/loaders'), ('QT_ACCESSIBILITY', '1'), ('GDMSESSION', 'ubuntu'), ('LESSCLOSE', '/usr/bin/lesspipe %s %s'), ('TEXTDOMAINDIR', '/usr/share/locale/'), ('GJS_DEBUG_OUTPUT', 'stderr'), ('GDK_PIXBUF_MODULE_FILE', '/home/turgay/snap/code/common/.cache/gdk-pixbuf-loaders.cache'), ('GPG_AGENT_INFO', '/run/user/1000/gnupg/S.gpg-agent:0:1'), ('XDG_VTNR', '1'), ('QT_IM_MODULE', 'ibus'), ('LC_ALL', 'en_US.UTF-8'), ('PWD', '/home/turgay/dev_ws/src/ros2_robot/build/ground_plane_estimator'), ('CLUTTER_IM_MODULE', 'xim'), ('XDG_DATA_DIRS', '/usr/share/ubuntu:/usr/local/share/:/usr/share/:/var/lib/snapd/desktop'), ('XDG_CONFIG_DIRS', '/etc/xdg/xdg-ubuntu:/etc/xdg'), ('PYTHONPATH', '/opt/robot_devkit/tools/rtmonitor_msgs/lib/python3.6/site-packages:/opt/robot_devkit/tools/rdk_perf/lib/python3.6/site-packages:/opt/robot_devkit/tools/perf_msgs/lib/python3.6/site-packages:/opt/robot_devkit/perception/realsense_msgs/lib/python3.6/site-packages:/opt/robot_devkit/perception/pipeline_srv_msgs/lib/python3.6/site-packages:/opt/robot_devkit/perception/people_msgs/lib/python3.6/site-packages:/opt/robot_devkit/perception/object_analytics_msgs/lib/python3.6/site-packages:/opt/robot_devkit/perception/moveit_msgs/lib/python3.6/site-packages:/opt/robot_devkit/perception/handeye_tf_service/lib/python3.6/site-packages:/opt/robot_devkit/perception/handeye_dashboard/lib/python3.6/site-packages:/opt/robot_devkit/perception/handeye/lib/python3.6/site-packages:/opt/robot_devkit/perception/grasp_msgs/lib/python3.6/site-packages:/opt/robot_devkit/perception/criutils/lib/python3.6/site-packages:/opt/robot_devkit/perception/baldor/lib/python3.6/site-packages:/opt/ros/dashing/lib/python3.6/site-packages'), ('COLCON', '1'), ('CMAKE_PREFIX_PATH', '/opt/robot_devkit/tools/rtmonitor_test:/opt/robot_devkit/tools/rtmonitor:/opt/robot_devkit/tools/rtmonitor_msgs:/opt/robot_devkit/tools/perf_msgs:/opt/robot_devkit/perception/dynamic_vino_sample:/opt/robot_devkit/perception/dynamic_vino_lib:/opt/robot_devkit/perception/vino_param_lib:/opt/robot_devkit/perception/ur_description:/opt/robot_devkit/perception/recognize_pick:/opt/robot_devkit/perception/random_pick:/opt/robot_devkit/perception/fixed_position_pick:/opt/robot_devkit/perception/draw_x:/opt/robot_devkit/perception/robot_interface:/opt/robot_devkit/perception/realsense_examples:/opt/robot_devkit/perception/realsense_node:/opt/robot_devkit/perception/realsense_ros:/opt/robot_devkit/perception/realsense_msgs:/opt/robot_devkit/perception/pipeline_srv_msgs:/opt/robot_devkit/perception/grasp_ros2:/opt/robot_devkit/perception/people_msgs:/opt/robot_devkit/perception/object_analytics_rviz:/opt/robot_devkit/perception/object_analytics_node:/opt/robot_devkit/perception/object_analytics_msgs:/opt/robot_devkit/perception/moveit_msgs:/opt/robot_devkit/perception/handeye_tf_service:/opt/robot_devkit/perception/handeye_target_detection:/opt/robot_devkit/perception/grasp_tutorials:/opt/robot_devkit/perception/grasp_msgs:/opt/robot_devkit/tools/rdk_perf:/opt/robot_devkit/perception/handeye_dashboard:/opt/robot_devkit/perception/handeye:/opt/robot_devkit/perception/criutils:/opt/robot_devkit/perception/baldor:/opt/ros/dashing')]), 'shell': False}
[1.401857] (-) TimerEvent: {}
[1.422703] (ground_plane_estimator) StdoutLine: {'line': b'\x1b[35m\x1b[1mScanning dependencies of target ground_plane_estimator_node\x1b[0m\n'}
[1.501968] (-) TimerEvent: {}
[1.521519] (ground_plane_estimator) StdoutLine: {'line': b'[ 50%] \x1b[32mBuilding CXX object CMakeFiles/ground_plane_estimator_node.dir/src/ground_plane_estimator_node.cpp.o\x1b[0m\n'}
[1.602110] (-) TimerEvent: {}
[1.702541] (-) TimerEvent: {}
[1.802903] (-) TimerEvent: {}
[1.903386] (-) TimerEvent: {}
[2.003876] (-) TimerEvent: {}
[2.104321] (-) TimerEvent: {}
[2.204679] (-) TimerEvent: {}
[2.305101] (-) TimerEvent: {}
[2.405485] (-) TimerEvent: {}
[2.505789] (-) TimerEvent: {}
[2.606267] (-) TimerEvent: {}
[2.706748] (-) TimerEvent: {}
[2.807190] (-) TimerEvent: {}
[2.907629] (-) TimerEvent: {}
[3.008110] (-) TimerEvent: {}
[3.108607] (-) TimerEvent: {}
[3.209162] (-) TimerEvent: {}
[3.309644] (-) TimerEvent: {}
[3.410087] (-) TimerEvent: {}
[3.510534] (-) TimerEvent: {}
[3.611084] (-) TimerEvent: {}
[3.711710] (-) TimerEvent: {}
[3.812215] (-) TimerEvent: {}
[3.912708] (-) TimerEvent: {}
[4.013213] (-) TimerEvent: {}
[4.113690] (-) TimerEvent: {}
[4.214144] (-) TimerEvent: {}
[4.314641] (-) TimerEvent: {}
[4.415119] (-) TimerEvent: {}
[4.515614] (-) TimerEvent: {}
[4.616082] (-) TimerEvent: {}
[4.716530] (-) TimerEvent: {}
[4.816883] (-) TimerEvent: {}
[4.917246] (-) TimerEvent: {}
[5.017703] (-) TimerEvent: {}
[5.118141] (-) TimerEvent: {}
[5.218703] (-) TimerEvent: {}
[5.319299] (-) TimerEvent: {}
[5.419871] (-) TimerEvent: {}
[5.520452] (-) TimerEvent: {}
[5.621039] (-) TimerEvent: {}
[5.721618] (-) TimerEvent: {}
[5.822097] (-) TimerEvent: {}
[5.922534] (-) TimerEvent: {}
[6.022999] (-) TimerEvent: {}
[6.123423] (-) TimerEvent: {}
[6.223986] (-) TimerEvent: {}
[6.324408] (-) TimerEvent: {}
[6.424909] (-) TimerEvent: {}
[6.525400] (-) TimerEvent: {}
[6.625878] (-) TimerEvent: {}
[6.726363] (-) TimerEvent: {}
[6.826864] (-) TimerEvent: {}
[6.927353] (-) TimerEvent: {}
[7.027892] (-) TimerEvent: {}
[7.128353] (-) TimerEvent: {}
[7.228819] (-) TimerEvent: {}
[7.329248] (-) TimerEvent: {}
[7.429632] (-) TimerEvent: {}
[7.529999] (-) TimerEvent: {}
[7.630523] (-) TimerEvent: {}
[7.731004] (-) TimerEvent: {}
[7.831824] (-) TimerEvent: {}
[7.932420] (-) TimerEvent: {}
[8.032709] (-) TimerEvent: {}
[8.100505] (ground_plane_estimator) StderrLine: {'line': b'In file included from \x1b[01m\x1b[K/usr/include/pcl-1.8/pcl/sample_consensus/sac_model.h:52:0\x1b[m\x1b[K,\n'}
[8.100856] (ground_plane_estimator) StderrLine: {'line': b'                 from \x1b[01m\x1b[K/usr/include/pcl-1.8/pcl/sample_consensus/sac.h:45\x1b[m\x1b[K,\n'}
[8.101039] (ground_plane_estimator) StderrLine: {'line': b'                 from \x1b[01m\x1b[K/usr/include/pcl-1.8/pcl/segmentation/sac_segmentation.h:49\x1b[m\x1b[K,\n'}
[8.101220] (ground_plane_estimator) StderrLine: {'line': b'                 from \x1b[01m\x1b[K/home/turgay/dev_ws/src/ros2_robot/ground_plane_estimator/include/ground_plane_estimator/ground_plane_estimator_node.hpp:34\x1b[m\x1b[K,\n'}
[8.101403] (ground_plane_estimator) StderrLine: {'line': b'                 from \x1b[01m\x1b[K/home/turgay/dev_ws/src/ros2_robot/ground_plane_estimator/src/ground_plane_estimator_node.cpp:7\x1b[m\x1b[K:\n'}
[8.101570] (ground_plane_estimator) StderrLine: {'line': b'\x1b[01m\x1b[K/usr/include/pcl-1.8/pcl/sample_consensus/model_types.h:\x1b[m\x1b[K In function \xe2\x80\x98\x1b[01m\x1b[Kvoid __static_initialization_and_destruction_0(int, int)\x1b[m\x1b[K\xe2\x80\x99:\n'}
[8.101731] (ground_plane_estimator) StderrLine: {'line': b'\x1b[01m\x1b[K/usr/include/pcl-1.8/pcl/sample_consensus/model_types.h:99:3:\x1b[m\x1b[K \x1b[01;35m\x1b[Kwarning: \x1b[m\x1b[K\xe2\x80\x98\x1b[01m\x1b[Kpcl::SAC_SAMPLE_SIZE\x1b[m\x1b[K\xe2\x80\x99 is deprecated: This map is deprecated and is kept only to prevent breaking existing user code. Starting from PCL 1.8.0 model sample size is a protected member of the SampleConsensusModel class [\x1b[01;35m\x1b[K-Wdeprecated-declarations\x1b[m\x1b[K]\n'}
[8.101903] (ground_plane_estimator) StderrLine: {'line': b'   \x1b[01;35m\x1b[KSAC_SAMPLE_SIZE\x1b[m\x1b[K (sample_size_pairs, sample_size_pairs + sizeof (sample_size_pairs) / sizeof (SampleSizeModel));\n'}
[8.102061] (ground_plane_estimator) StderrLine: {'line': b'   \x1b[01;35m\x1b[K^~~~~~~~~~~~~~~\x1b[m\x1b[K\n'}
[8.102213] (ground_plane_estimator) StderrLine: {'line': b'\x1b[01m\x1b[K/usr/include/pcl-1.8/pcl/sample_consensus/model_types.h:99:3:\x1b[m\x1b[K \x1b[01;36m\x1b[Knote: \x1b[m\x1b[Kdeclared here\n'}
[8.132886] (-) TimerEvent: {}
[8.233351] (-) TimerEvent: {}
[8.333819] (-) TimerEvent: {}
[8.434261] (-) TimerEvent: {}
[8.534659] (-) TimerEvent: {}
[8.635112] (-) TimerEvent: {}
[8.735562] (-) TimerEvent: {}
[8.835967] (-) TimerEvent: {}
[8.936437] (-) TimerEvent: {}
[9.036909] (-) TimerEvent: {}
[9.137391] (-) TimerEvent: {}
[9.237869] (-) TimerEvent: {}
[9.338349] (-) TimerEvent: {}
[9.438839] (-) TimerEvent: {}
[9.539315] (-) TimerEvent: {}
[9.639793] (-) TimerEvent: {}
[9.740258] (-) TimerEvent: {}
[9.840656] (-) TimerEvent: {}
[9.941059] (-) TimerEvent: {}
[10.030564] (ground_plane_estimator) StdoutLine: {'line': b'[100%] \x1b[32m\x1b[1mLinking CXX executable ground_plane_estimator_node\x1b[0m\n'}
[10.041149] (-) TimerEvent: {}
[10.141522] (-) TimerEvent: {}
[10.242132] (-) TimerEvent: {}
[10.342784] (-) TimerEvent: {}
[10.443393] (-) TimerEvent: {}
[10.543990] (-) TimerEvent: {}
[10.644454] (-) TimerEvent: {}
[10.744738] (-) TimerEvent: {}
[10.845266] (-) TimerEvent: {}
[10.945769] (-) TimerEvent: {}
[11.046271] (-) TimerEvent: {}
[11.146765] (-) TimerEvent: {}
[11.247360] (-) TimerEvent: {}
[11.347900] (-) TimerEvent: {}
[11.349853] (ground_plane_estimator) StderrLine: {'line': b'/usr/bin/ld: warning: libopencv_imgproc.so.3.2, needed by /opt/ros/dashing/lib/libcv_bridge.so, may conflict with libopencv_imgproc.so.3.4\n'}
[11.350179] (ground_plane_estimator) StderrLine: {'line': b'/usr/bin/ld: warning: libopencv_core.so.3.2, needed by /opt/ros/dashing/lib/libcv_bridge.so, may conflict with libopencv_core.so.3.4\n'}
[11.364202] (ground_plane_estimator) StdoutLine: {'line': b'[100%] Built target ground_plane_estimator_node\n'}
[11.378323] (ground_plane_estimator) CommandEnded: {'returncode': 0}
[11.422851] (ground_plane_estimator) JobProgress: {'identifier': 'ground_plane_estimator', 'progress': 'install'}
[11.444206] (ground_plane_estimator) Command: {'cmd': ['/usr/bin/cmake', '--build', '/home/turgay/dev_ws/src/ros2_robot/build/ground_plane_estimator', '--target', 'install', '--', '-j12', '-l12'], 'cwd': '/home/turgay/dev_ws/src/ros2_robot/build/ground_plane_estimator', 'env': OrderedDict([('GJS_DEBUG_TOPICS', 'JS ERROR;JS LOG'), ('LESSOPEN', '| /usr/bin/lesspipe %s'), ('USER', 'turgay'), ('LIBVA_DRIVERS_PATH', '/opt/intel/mediasdk/lib64'), ('TEXTDOMAIN', 'im-config'), ('XDG_SEAT', 'seat0'), ('SSH_AGENT_PID', '1886'), ('XDG_SESSION_TYPE', 'x11'), ('SHLVL', '2'), ('LD_LIBRARY_PATH', '/opt/robot_devkit/tools/rtmonitor/lib:/opt/robot_devkit/tools/rtmonitor_msgs/lib:/opt/robot_devkit/tools/perf_msgs/lib:/opt/robot_devkit/perception/dynamic_vino_lib/lib:/opt/robot_devkit/perception/vino_param_lib/lib:/opt/robot_devkit/perception/robot_interface/lib:/opt/robot_devkit/perception/realsense_ros/lib:/opt/robot_devkit/perception/realsense_msgs/lib:/opt/robot_devkit/perception/pipeline_srv_msgs/lib:/opt/robot_devkit/perception/grasp_ros2/lib:/opt/robot_devkit/perception/people_msgs/lib:/opt/robot_devkit/perception/object_analytics_node/lib:/opt/robot_devkit/perception/object_analytics_msgs/lib:/opt/robot_devkit/perception/moveit_msgs/lib:/opt/robot_devkit/perception/handeye_tf_service/lib:/opt/robot_devkit/perception/grasp_msgs/lib:/opt/ros/dashing/opt/yaml_cpp_vendor/lib:/opt/ros/dashing/opt/rviz_ogre_vendor/lib:/opt/ros/dashing/lib'), ('QT4_IM_MODULE', 'xim'), ('HOME', '/home/turgay'), ('CHROME_DESKTOP', 'code-url-handler.desktop'), ('DESKTOP_SESSION', 'ubuntu'), ('TERM_PROGRAM_VERSION', '1.44.2'), ('GIO_LAUNCHED_DESKTOP_FILE', '/var/lib/snapd/desktop/applications/code_code.desktop'), ('GNOME_SHELL_SESSION_MODE', 'ubuntu'), ('GTK_MODULES', 'gail:atk-bridge'), ('APPLICATION_INSIGHTS_NO_DIAGNOSTIC_CHANNEL', 'true'), ('ROS_PYTHON_VERSION', '3'), ('DBUS_SESSION_BUS_ADDRESS', 'unix:path=/run/user/1000/bus'), ('GIO_LAUNCHED_DESKTOP_FILE_PID', '2676'), ('COLORTERM', 'truecolor'), ('IM_CONFIG_PHASE', '2'), ('COLCON_PREFIX_PATH', '/opt/robot_devkit/tools:/opt/robot_devkit/perception'), ('ROS_DISTRO', 'dashing'), ('LOGNAME', 'turgay'), ('GTK_IM_MODULE', 'ibus'), ('_', '/snap/code/31/usr/share/code/code'), ('ROS_VERSION', '2'), ('USERNAME', 'turgay'), ('XDG_SESSION_ID', '1'), ('TERM', 'xterm-256color'), ('GNOME_DESKTOP_SESSION_ID', 'this-is-deprecated'), ('WINDOWPATH', '1'), ('PATH', '/home/turgay/.local/bin:/opt/robot_devkit/perception/recognize_pick/bin:/opt/robot_devkit/perception/random_pick/bin:/opt/robot_devkit/perception/fixed_position_pick/bin:/opt/robot_devkit/perception/draw_x/bin:/opt/robot_devkit/perception/realsense_node/bin:/opt/robot_devkit/perception/grasp_ros2/bin:/opt/robot_devkit/perception/handeye_dashboard/bin:/opt/ros/dashing/bin:/home/turgay/.local/bin:/usr/local/sbin:/usr/local/bin:/usr/sbin:/usr/bin:/sbin:/bin:/usr/games:/usr/local/games:/snap/bin:/home/turgay/.dotnet/tools:/home/turgay/.dotnet/tools'), ('SESSION_MANAGER', 'local/turgaydesktop:@/tmp/.ICE-unix/1791,unix/turgaydesktop:/tmp/.ICE-unix/1791'), ('XDG_MENU_PREFIX', 'gnome-'), ('BAMF_DESKTOP_FILE_HINT', '/var/lib/snapd/desktop/applications/code_code.desktop'), ('XDG_RUNTIME_DIR', '/run/user/1000/snap.code'), ('DISPLAY', ':0'), ('LANG', 'en_US.UTF-8'), ('XDG_CURRENT_DESKTOP', 'Unity'), ('LIBVA_DRIVER_NAME', 'iHD'), ('XDG_SESSION_DESKTOP', 'ubuntu'), ('XMODIFIERS', '@im=ibus'), ('XAUTHORITY', '/run/user/1000/gdm/Xauthority'), ('TERM_PROGRAM', 'vscode'), ('SSH_AUTH_SOCK', '/run/user/1000/keyring/ssh'), ('GSETTINGS_SCHEMA_DIR', '/snap/code/31/usr/share/glib-2.0/schemas'), ('MFX_HOME', '/opt/intel/mediasdk'), ('AMENT_PREFIX_PATH', '/opt/robot_devkit/tools/rtmonitor_test:/opt/robot_devkit/tools/rtmonitor:/opt/robot_devkit/tools/rtmonitor_msgs:/opt/robot_devkit/tools/rdk_perf:/opt/robot_devkit/tools/perf_msgs:/opt/robot_devkit/perception/dynamic_vino_sample:/opt/robot_devkit/perception/dynamic_vino_lib:/opt/robot_devkit/perception/vino_param_lib:/opt/robot_devkit/perception/ur_description:/opt/robot_devkit/perception/recognize_pick:/opt/robot_devkit/perception/random_pick:/opt/robot_devkit/perception/fixed_position_pick:/opt/robot_devkit/perception/draw_x:/opt/robot_devkit/perception/robot_interface:/opt/robot_devkit/perception/realsense_examples:/opt/robot_devkit/perception/realsense_node:/opt/robot_devkit/perception/realsense_ros:/opt/robot_devkit/perception/realsense_msgs:/opt/robot_devkit/perception/pipeline_srv_msgs:/opt/robot_devkit/perception/grasp_ros2:/opt/robot_devkit/perception/people_msgs:/opt/robot_devkit/perception/object_analytics_rviz:/opt/robot_devkit/perception/object_analytics_node:/opt/robot_devkit/perception/object_analytics_msgs:/opt/robot_devkit/perception/moveit_msgs:/opt/robot_devkit/perception/handeye_tf_service:/opt/robot_devkit/perception/handeye_target_detection:/opt/robot_devkit/perception/handeye_dashboard:/opt/robot_devkit/perception/handeye:/opt/robot_devkit/perception/grasp_tutorials:/opt/robot_devkit/perception/grasp_msgs:/opt/robot_devkit/perception/criutils:/opt/robot_devkit/perception/baldor:/opt/ros/dashing'), ('DISABLE_WAYLAND', '1'), ('SHELL', '/bin/bash'), ('GDK_PIXBUF_MODULEDIR', '/snap/code/31/usr/lib/x86_64-linux-gnu/gdk-pixbuf-2.0/2.10.0/loaders'), ('QT_ACCESSIBILITY', '1'), ('GDMSESSION', 'ubuntu'), ('LESSCLOSE', '/usr/bin/lesspipe %s %s'), ('TEXTDOMAINDIR', '/usr/share/locale/'), ('GJS_DEBUG_OUTPUT', 'stderr'), ('GDK_PIXBUF_MODULE_FILE', '/home/turgay/snap/code/common/.cache/gdk-pixbuf-loaders.cache'), ('GPG_AGENT_INFO', '/run/user/1000/gnupg/S.gpg-agent:0:1'), ('XDG_VTNR', '1'), ('QT_IM_MODULE', 'ibus'), ('LC_ALL', 'en_US.UTF-8'), ('PWD', '/home/turgay/dev_ws/src/ros2_robot/build/ground_plane_estimator'), ('CLUTTER_IM_MODULE', 'xim'), ('XDG_DATA_DIRS', '/usr/share/ubuntu:/usr/local/share/:/usr/share/:/var/lib/snapd/desktop'), ('XDG_CONFIG_DIRS', '/etc/xdg/xdg-ubuntu:/etc/xdg'), ('PYTHONPATH', '/opt/robot_devkit/tools/rtmonitor_msgs/lib/python3.6/site-packages:/opt/robot_devkit/tools/rdk_perf/lib/python3.6/site-packages:/opt/robot_devkit/tools/perf_msgs/lib/python3.6/site-packages:/opt/robot_devkit/perception/realsense_msgs/lib/python3.6/site-packages:/opt/robot_devkit/perception/pipeline_srv_msgs/lib/python3.6/site-packages:/opt/robot_devkit/perception/people_msgs/lib/python3.6/site-packages:/opt/robot_devkit/perception/object_analytics_msgs/lib/python3.6/site-packages:/opt/robot_devkit/perception/moveit_msgs/lib/python3.6/site-packages:/opt/robot_devkit/perception/handeye_tf_service/lib/python3.6/site-packages:/opt/robot_devkit/perception/handeye_dashboard/lib/python3.6/site-packages:/opt/robot_devkit/perception/handeye/lib/python3.6/site-packages:/opt/robot_devkit/perception/grasp_msgs/lib/python3.6/site-packages:/opt/robot_devkit/perception/criutils/lib/python3.6/site-packages:/opt/robot_devkit/perception/baldor/lib/python3.6/site-packages:/opt/ros/dashing/lib/python3.6/site-packages'), ('COLCON', '1'), ('CMAKE_PREFIX_PATH', '/opt/robot_devkit/tools/rtmonitor_test:/opt/robot_devkit/tools/rtmonitor:/opt/robot_devkit/tools/rtmonitor_msgs:/opt/robot_devkit/tools/perf_msgs:/opt/robot_devkit/perception/dynamic_vino_sample:/opt/robot_devkit/perception/dynamic_vino_lib:/opt/robot_devkit/perception/vino_param_lib:/opt/robot_devkit/perception/ur_description:/opt/robot_devkit/perception/recognize_pick:/opt/robot_devkit/perception/random_pick:/opt/robot_devkit/perception/fixed_position_pick:/opt/robot_devkit/perception/draw_x:/opt/robot_devkit/perception/robot_interface:/opt/robot_devkit/perception/realsense_examples:/opt/robot_devkit/perception/realsense_node:/opt/robot_devkit/perception/realsense_ros:/opt/robot_devkit/perception/realsense_msgs:/opt/robot_devkit/perception/pipeline_srv_msgs:/opt/robot_devkit/perception/grasp_ros2:/opt/robot_devkit/perception/people_msgs:/opt/robot_devkit/perception/object_analytics_rviz:/opt/robot_devkit/perception/object_analytics_node:/opt/robot_devkit/perception/object_analytics_msgs:/opt/robot_devkit/perception/moveit_msgs:/opt/robot_devkit/perception/handeye_tf_service:/opt/robot_devkit/perception/handeye_target_detection:/opt/robot_devkit/perception/grasp_tutorials:/opt/robot_devkit/perception/grasp_msgs:/opt/robot_devkit/tools/rdk_perf:/opt/robot_devkit/perception/handeye_dashboard:/opt/robot_devkit/perception/handeye:/opt/robot_devkit/perception/criutils:/opt/robot_devkit/perception/baldor:/opt/ros/dashing')]), 'shell': False}
[11.448794] (-) TimerEvent: {}
[11.550127] (-) TimerEvent: {}
[11.559521] (ground_plane_estimator) StdoutLine: {'line': b'[100%] Built target ground_plane_estimator_node\n'}
[11.586076] (ground_plane_estimator) StdoutLine: {'line': b'\x1b[36mInstall the project...\x1b[0m\n'}
[11.596382] (ground_plane_estimator) StdoutLine: {'line': b'-- Install configuration: ""\n'}
[11.597020] (ground_plane_estimator) StdoutLine: {'line': b'-- Execute custom install script\n'}
[11.597491] (ground_plane_estimator) StdoutLine: {'line': b'-- Up-to-date symlink: /home/turgay/dev_ws/src/ros2_robot/install/ground_plane_estimator/lib/ground_plane_estimator/ground_plane_estimator_node\n'}
[11.597994] (ground_plane_estimator) StdoutLine: {'line': b'-- Up-to-date symlink: /home/turgay/dev_ws/src/ros2_robot/install/ground_plane_estimator/share/ament_index/resource_index/package_run_dependencies/ground_plane_estimator\n'}
[11.598579] (ground_plane_estimator) StdoutLine: {'line': b'-- Up-to-date symlink: /home/turgay/dev_ws/src/ros2_robot/install/ground_plane_estimator/share/ament_index/resource_index/parent_prefix_path/ground_plane_estimator\n'}
[11.599025] (ground_plane_estimator) StdoutLine: {'line': b'-- Up-to-date symlink: /home/turgay/dev_ws/src/ros2_robot/install/ground_plane_estimator/share/ground_plane_estimator/environment/ament_prefix_path.sh\n'}
[11.599497] (ground_plane_estimator) StdoutLine: {'line': b'-- Up-to-date symlink: /home/turgay/dev_ws/src/ros2_robot/install/ground_plane_estimator/share/ground_plane_estimator/environment/path.sh\n'}
[11.600065] (ground_plane_estimator) StdoutLine: {'line': b'-- Up-to-date symlink: /home/turgay/dev_ws/src/ros2_robot/install/ground_plane_estimator/share/ground_plane_estimator/local_setup.bash\n'}
[11.600510] (ground_plane_estimator) StdoutLine: {'line': b'-- Up-to-date symlink: /home/turgay/dev_ws/src/ros2_robot/install/ground_plane_estimator/share/ground_plane_estimator/local_setup.sh\n'}
[11.600882] (ground_plane_estimator) StdoutLine: {'line': b'-- Up-to-date symlink: /home/turgay/dev_ws/src/ros2_robot/install/ground_plane_estimator/share/ground_plane_estimator/local_setup.zsh\n'}
[11.601374] (ground_plane_estimator) StdoutLine: {'line': b'-- Up-to-date symlink: /home/turgay/dev_ws/src/ros2_robot/install/ground_plane_estimator/share/ament_index/resource_index/packages/ground_plane_estimator\n'}
[11.601699] (ground_plane_estimator) StdoutLine: {'line': b'-- Up-to-date symlink: /home/turgay/dev_ws/src/ros2_robot/install/ground_plane_estimator/share/ground_plane_estimator/cmake/ground_plane_estimatorConfig.cmake\n'}
[11.602023] (ground_plane_estimator) StdoutLine: {'line': b'-- Up-to-date symlink: /home/turgay/dev_ws/src/ros2_robot/install/ground_plane_estimator/share/ground_plane_estimator/cmake/ground_plane_estimatorConfig-version.cmake\n'}
[11.602327] (ground_plane_estimator) StdoutLine: {'line': b'-- Up-to-date symlink: /home/turgay/dev_ws/src/ros2_robot/install/ground_plane_estimator/share/ground_plane_estimator/package.xml\n'}
[11.604547] (ground_plane_estimator) CommandEnded: {'returncode': 0}
[11.622114] (ground_plane_estimator) JobEnded: {'identifier': 'ground_plane_estimator', 'rc': 0}
[11.623631] (-) EventReactorShutdown: {}
