[0.046s] -- Found ament_cmake: 0.7.4 (/opt/ros/dashing/share/ament_cmake/cmake)
[0.090s] -- Using PYTHON_EXECUTABLE: /usr/bin/python3
[0.334s] -- Override CMake install command with custom implementation using symlinks instead of copying resources
[0.348s] -- Found rclcpp: 0.7.13 (/opt/ros/dashing/share/rclcpp/cmake)
[0.363s] -- Found rosidl_adapter: 0.7.9 (/opt/ros/dashing/share/rosidl_adapter/cmake)
[0.393s] -- Found rmw_implementation_cmake: 0.7.2 (/opt/ros/dashing/share/rmw_implementation_cmake/cmake)
[0.396s] -- Using RMW implementation 'rmw_fastrtps_cpp' as default
[0.420s] -- Found std_msgs: 0.7.0 (/opt/ros/dashing/share/std_msgs/cmake)
[0.426s] -- Found rclcpp_components: 0.7.13 (/opt/ros/dashing/share/rclcpp_components/cmake)
[0.428s] -- Found poco_vendor:  (/opt/ros/dashing/share/poco_vendor/cmake)
[0.439s] -- Found nav_msgs: 0.7.0 (/opt/ros/dashing/share/nav_msgs/cmake)
[0.455s] -- Found sensor_msgs: 0.7.0 (/opt/ros/dashing/share/sensor_msgs/cmake)
[0.465s] -- Found cv_bridge: 2.1.4 (/opt/ros/dashing/share/cv_bridge/cmake)
[0.479s] -- Found tf2: 0.11.6 (/opt/ros/dashing/share/tf2/cmake)
[0.481s] -- Found tf2_ros: 0.11.6 (/opt/ros/dashing/share/tf2_ros/cmake)
[0.524s] -- Found image_transport: 2.1.1 (/opt/ros/dashing/share/image_transport/cmake)
[0.541s] -- Found tinyxml2_vendor:  (/opt/ros/dashing/share/tinyxml2_vendor/cmake)
[0.557s] -- Found pcl_conversions: 2.0.0 (/opt/ros/dashing/share/pcl_conversions/cmake)
[0.559s] -- Found pcl_msgs: 1.0.0 (/opt/ros/dashing/share/pcl_msgs/cmake)
[0.650s] -- Boost version: 1.65.1
[0.650s] -- Found the following Boost libraries:
[0.651s] --   system
[0.651s] --   filesystem
[0.651s] --   thread
[0.651s] --   chrono
[0.651s] --   date_time
[0.652s] --   atomic
[0.737s] -- Boost version: 1.65.1
[0.738s] -- Found the following Boost libraries:
[0.738s] --   system
[0.738s] --   filesystem
[0.738s] --   thread
[0.738s] --   date_time
[0.738s] --   iostreams
[0.739s] --   serialization
[0.739s] --   chrono
[0.739s] --   atomic
[0.739s] --   regex
[0.753s] -- Could NOT find ensenso (missing: ENSENSO_LIBRARY ENSENSO_INCLUDE_DIR) 
[0.757s] -- Could NOT find DAVIDSDK (missing: DAVIDSDK_LIBRARY DAVIDSDK_INCLUDE_DIR) 
[0.758s] -- Could NOT find DSSDK (missing: _DSSDK_LIBRARIES) 
[0.810s] -- The imported target "vtkRenderingPythonTkWidgets" references the file
[0.811s]    "/usr/lib/x86_64-linux-gnu/libvtkRenderingPythonTkWidgets.so"
[0.811s] but this file does not exist.  Possible reasons include:
[0.811s] * The file was deleted, renamed, or moved to another location.
[0.811s] * An install or uninstall procedure did not complete successfully.
[0.812s] * The installation package was faulty and contained
[0.812s]    "/usr/lib/cmake/vtk-6.3/VTKTargets.cmake"
[0.812s] but not all the files it references.
[0.812s] 
[0.813s] -- The imported target "vtk" references the file
[0.813s]    "/usr/bin/vtk"
[0.813s] but this file does not exist.  Possible reasons include:
[0.813s] * The file was deleted, renamed, or moved to another location.
[0.814s] * An install or uninstall procedure did not complete successfully.
[0.814s] * The installation package was faulty and contained
[0.814s]    "/usr/lib/cmake/vtk-6.3/VTKTargets.cmake"
[0.815s] but not all the files it references.
[0.815s] 
[0.891s] -- Could NOT find ensenso (missing: ENSENSO_LIBRARY ENSENSO_INCLUDE_DIR) 
[0.894s] -- Could NOT find DAVIDSDK (missing: DAVIDSDK_LIBRARY DAVIDSDK_INCLUDE_DIR) 
[0.895s] -- Could NOT find DSSDK (missing: _DSSDK_LIBRARIES) 
[0.896s] -- Could NOT find RSSDK (missing: _RSSDK_LIBRARIES) 
[0.942s] -- looking for PCL_COMMON
[0.942s] -- looking for PCL_OCTREE
[0.943s] -- looking for PCL_IO
[0.943s] -- looking for PCL_KDTREE
[0.943s] -- looking for PCL_SEARCH
[0.944s] -- looking for PCL_SAMPLE_CONSENSUS
[0.945s] -- looking for PCL_FILTERS
[0.945s] -- looking for PCL_2D
[0.945s] -- looking for PCL_GEOMETRY
[0.945s] -- looking for PCL_FEATURES
[0.946s] -- looking for PCL_ML
[0.946s] -- looking for PCL_SEGMENTATION
[0.947s] -- looking for PCL_VISUALIZATION
[0.948s] -- looking for PCL_SURFACE
[0.948s] -- looking for PCL_REGISTRATION
[0.949s] -- looking for PCL_KEYPOINTS
[0.949s] -- looking for PCL_TRACKING
[0.950s] -- looking for PCL_RECOGNITION
[0.951s] -- looking for PCL_STEREO
[0.951s] -- looking for PCL_APPS
[0.954s] -- looking for PCL_IN_HAND_SCANNER
[0.954s] -- looking for PCL_MODELER
[0.954s] -- looking for PCL_POINT_CLOUD_EDITOR
[0.955s] -- looking for PCL_OUTOFCORE
[0.955s] -- looking for PCL_PEOPLE
[0.975s] -- Found ament_lint_auto: 0.7.11 (/opt/ros/dashing/share/ament_lint_auto/cmake)
[1.243s] -- Added test 'copyright' to check for copyright in CMake / C / C++ / Python code
[1.245s] -- Added test 'cppcheck' to perform static code analysis on C / C++ code
[1.246s] -- Configured cppcheck include dirs: /home/turgay/dev_ws/src/ros2_robot/ground_plane_estimator/include
[1.247s] -- Added test 'cpplint' to check C / C++ code against the Google style
[1.248s] -- Added test 'lint_cmake' to check CMake code style
[1.249s] -- Added test 'uncrustify' to check C / C++ code style
[1.250s] -- Added test 'xmllint' to check XML markup files
[1.254s] -- Configuring done
[1.292s] -- Generating done
[1.294s] -- Build files have been written to: /home/turgay/dev_ws/src/ros2_robot/build/ground_plane_estimator
[1.444s] [ 50%] [32m[1mLinking CXX executable ground_plane_estimator_node[0m
[2.856s] [100%] Built target ground_plane_estimator_node
[3.059s] [100%] Built target ground_plane_estimator_node
[3.096s] [36mInstall the project...[0m
[3.112s] -- Install configuration: ""
[3.113s] -- Execute custom install script
[3.114s] -- Up-to-date symlink: /home/turgay/dev_ws/src/ros2_robot/install/ground_plane_estimator/lib/ground_plane_estimator/ground_plane_estimator_node
[3.114s] -- Up-to-date symlink: /home/turgay/dev_ws/src/ros2_robot/install/ground_plane_estimator/share/ament_index/resource_index/package_run_dependencies/ground_plane_estimator
[3.115s] -- Up-to-date symlink: /home/turgay/dev_ws/src/ros2_robot/install/ground_plane_estimator/share/ament_index/resource_index/parent_prefix_path/ground_plane_estimator
[3.115s] -- Up-to-date symlink: /home/turgay/dev_ws/src/ros2_robot/install/ground_plane_estimator/share/ground_plane_estimator/environment/ament_prefix_path.sh
[3.115s] -- Up-to-date symlink: /home/turgay/dev_ws/src/ros2_robot/install/ground_plane_estimator/share/ground_plane_estimator/environment/path.sh
[3.116s] -- Up-to-date symlink: /home/turgay/dev_ws/src/ros2_robot/install/ground_plane_estimator/share/ground_plane_estimator/local_setup.bash
[3.116s] -- Up-to-date symlink: /home/turgay/dev_ws/src/ros2_robot/install/ground_plane_estimator/share/ground_plane_estimator/local_setup.sh
[3.116s] -- Up-to-date symlink: /home/turgay/dev_ws/src/ros2_robot/install/ground_plane_estimator/share/ground_plane_estimator/local_setup.zsh
[3.117s] -- Up-to-date symlink: /home/turgay/dev_ws/src/ros2_robot/install/ground_plane_estimator/share/ament_index/resource_index/packages/ground_plane_estimator
[3.117s] -- Up-to-date symlink: /home/turgay/dev_ws/src/ros2_robot/install/ground_plane_estimator/share/ground_plane_estimator/cmake/ground_plane_estimatorConfig.cmake
[3.117s] -- Up-to-date symlink: /home/turgay/dev_ws/src/ros2_robot/install/ground_plane_estimator/share/ground_plane_estimator/cmake/ground_plane_estimatorConfig-version.cmake
[3.117s] -- Up-to-date symlink: /home/turgay/dev_ws/src/ros2_robot/install/ground_plane_estimator/share/ground_plane_estimator/package.xml
