[0.162s] Invoking command in '/home/turgay/dev_ws/src/ros2_robot/build/ground_plane_estimator': CMAKE_PREFIX_PATH=${CMAKE_PREFIX_PATH}:/opt/robot_devkit/tools/rdk_perf:/opt/robot_devkit/perception/handeye_dashboard:/opt/robot_devkit/perception/handeye:/opt/robot_devkit/perception/criutils:/opt/robot_devkit/perception/baldor:/opt/ros/dashing /usr/bin/cmake --build /home/turgay/dev_ws/src/ros2_robot/build/ground_plane_estimator -- -j12 -l12
[0.261s] [35m[1mScanning dependencies of target ground_plane_estimator_node[0m
[0.327s] [ 50%] [32mBuilding CXX object CMakeFiles/ground_plane_estimator_node.dir/src/ground_plane_estimator_node.cpp.o[0m
[1.531s] In file included from [01m[K/home/turgay/dev_ws/src/ros2_robot/ground_plane_estimator/src/ground_plane_estimator_node.cpp:7:0[m[K:
[1.531s] [01m[K/home/turgay/dev_ws/src/ros2_robot/ground_plane_estimator/include/ground_plane_estimator/ground_plane_estimator_node.hpp:53:5:[m[K [01;31m[Kerror: [m[K‘[01m[Kvector[m[K’ does not name a type; did you mean ‘[01m[Kqecvt_r[m[K’?
[1.532s]      [01;31m[Kvector[m[K<cv::Vec4i> edgeLineDetection(cv::Mat img);
[1.532s]      [01;31m[K^~~~~~[m[K
[1.532s]      [32m[Kqecvt_r[m[K
[1.532s] [01m[K/home/turgay/dev_ws/src/ros2_robot/ground_plane_estimator/include/ground_plane_estimator/ground_plane_estimator_node.hpp:54:30:[m[K [01;31m[Kerror: [m[K‘[01m[Kvector[m[K’ has not been declared
[1.533s]      void sidewalkEdgePicking([01;31m[Kvector[m[K<cv::Vec4i> lines);
[1.533s]                               [01;31m[K^~~~~~[m[K
[1.533s] [01m[K/home/turgay/dev_ws/src/ros2_robot/ground_plane_estimator/include/ground_plane_estimator/ground_plane_estimator_node.hpp:54:36:[m[K [01;31m[Kerror: [m[Kexpected ‘[01m[K,[m[K’ or ‘[01m[K...[m[K’ before ‘[01m[K<[m[K’ token
[1.533s]      void sidewalkEdgePicking(vector[01;31m[K<[m[Kcv::Vec4i> lines);
[1.533s]                                     [01;31m[K^[m[K
[1.770s] [01m[K/home/turgay/dev_ws/src/ros2_robot/ground_plane_estimator/src/ground_plane_estimator_node.cpp:[m[K In member function ‘[01m[Kvoid GroundPlaneEstimatorNode::imageColorEdgeDetection(const ConstSharedPtr&, const ConstSharedPtr&)[m[K’:
[1.771s] [01m[K/home/turgay/dev_ws/src/ros2_robot/ground_plane_estimator/src/ground_plane_estimator_node.cpp:67:3:[m[K [01;31m[Kerror: [m[K‘[01m[Kvector[m[K’ was not declared in this scope
[1.771s]    [01;31m[Kvector[m[K<cv::Vec4i> lines = edgeLineDetection(imgResult);
[1.771s]    [01;31m[K^~~~~~[m[K
[1.771s] [01m[K/home/turgay/dev_ws/src/ros2_robot/ground_plane_estimator/src/ground_plane_estimator_node.cpp:67:3:[m[K [01;36m[Knote: [m[Ksuggested alternative:
[1.772s] In file included from [01m[K/usr/include/c++/7/vector:64:0[m[K,
[1.772s]                  from [01m[K/opt/ros/dashing/include/rclcpp/executor.hpp:27[m[K,
[1.772s]                  from [01m[K/opt/ros/dashing/include/rclcpp/executors/multi_threaded_executor.hpp:24[m[K,
[1.772s]                  from [01m[K/opt/ros/dashing/include/rclcpp/executors.hpp:21[m[K,
[1.773s]                  from [01m[K/opt/ros/dashing/include/rclcpp/rclcpp.hpp:144[m[K,
[1.773s]                  from [01m[K/home/turgay/dev_ws/src/ros2_robot/ground_plane_estimator/include/ground_plane_estimator/ground_plane_estimator_node.hpp:18[m[K,
[1.773s]                  from [01m[K/home/turgay/dev_ws/src/ros2_robot/ground_plane_estimator/src/ground_plane_estimator_node.cpp:7[m[K:
[1.773s] [01m[K/usr/include/c++/7/bits/stl_vector.h:216:11:[m[K [01;36m[Knote: [m[K  ‘[01m[Kstd::vector[m[K’
[1.773s]      class [01;36m[Kvector[m[K : protected _Vector_base<_Tp, _Alloc>
[1.774s]            [01;36m[K^~~~~~[m[K
[1.774s] [01m[K/home/turgay/dev_ws/src/ros2_robot/ground_plane_estimator/src/ground_plane_estimator_node.cpp:67:19:[m[K [01;31m[Kerror: [m[Kexpected primary-expression before ‘[01m[K>[m[K’ token
[1.774s]    vector<cv::Vec4i[01;31m[K>[m[K lines = edgeLineDetection(imgResult);
[1.774s]                    [01;31m[K^[m[K
[1.774s] [01m[K/home/turgay/dev_ws/src/ros2_robot/ground_plane_estimator/src/ground_plane_estimator_node.cpp:67:21:[m[K [01;31m[Kerror: [m[K‘[01m[Klines[m[K’ was not declared in this scope
[1.775s]    vector<cv::Vec4i> [01;31m[Klines[m[K = edgeLineDetection(imgResult);
[1.775s]                      [01;31m[K^~~~~[m[K
[1.775s] [01m[K/home/turgay/dev_ws/src/ros2_robot/ground_plane_estimator/src/ground_plane_estimator_node.cpp:67:21:[m[K [01;36m[Knote: [m[Ksuggested alternative: ‘[01m[Klinux[m[K’
[1.775s]    vector<cv::Vec4i> [01;36m[Klines[m[K = edgeLineDetection(imgResult);
[1.776s]                      [01;36m[K^~~~~[m[K
[1.776s]                      [32m[Klinux[m[K
[1.776s] [01m[K/home/turgay/dev_ws/src/ros2_robot/ground_plane_estimator/src/ground_plane_estimator_node.cpp:67:29:[m[K [01;31m[Kerror: [m[K‘[01m[KedgeLineDetection[m[K’ was not declared in this scope
[1.776s]    vector<cv::Vec4i> lines = [01;31m[KedgeLineDetection[m[K(imgResult);
[1.776s]                              [01;31m[K^~~~~~~~~~~~~~~~~[m[K
[1.782s] [01m[K/home/turgay/dev_ws/src/ros2_robot/ground_plane_estimator/src/ground_plane_estimator_node.cpp:75:3:[m[K [01;31m[Kerror: [m[K‘[01m[Kimage_pub_[m[K’ was not declared in this scope
[1.782s]    [01;31m[Kimage_pub_[m[K.publish( cv_ptr->toImageMsg() );
[1.783s]    [01;31m[K^~~~~~~~~~[m[K
[1.786s] [01m[K/home/turgay/dev_ws/src/ros2_robot/ground_plane_estimator/src/ground_plane_estimator_node.cpp:75:3:[m[K [01;36m[Knote: [m[Ksuggested alternative: ‘[01m[KimageAcuting[m[K’
[1.786s]    [01;36m[Kimage_pub_[m[K.publish( cv_ptr->toImageMsg() );
[1.787s]    [01;36m[K^~~~~~~~~~[m[K
[1.787s]    [32m[KimageAcuting[m[K
[1.787s] [01m[K/home/turgay/dev_ws/src/ros2_robot/ground_plane_estimator/src/ground_plane_estimator_node.cpp:55:162:[m[K [01;35m[Kwarning: [m[Kunused parameter ‘[01m[Kpoint_msg[m[K’ [[01;35m[K-Wunused-parameter[m[K]
[1.787s]  nsor_msgs::msg::Image::ConstSharedPtr& msg, const sensor_msgs::msg::PointCloud2::ConstSharedPtr & [01;35m[Kpoint_msg[m[K) {
[1.787s]                                                                                                    [01;35m[K^~~~~~~~~[m[K
[1.792s] [01m[K/home/turgay/dev_ws/src/ros2_robot/ground_plane_estimator/src/ground_plane_estimator_node.cpp:[m[K At global scope:
[1.792s] [01m[K/home/turgay/dev_ws/src/ros2_robot/ground_plane_estimator/src/ground_plane_estimator_node.cpp:94:1:[m[K [01;31m[Kerror: [m[K‘[01m[Kvector[m[K’ does not name a type; did you mean ‘[01m[Kqecvt_r[m[K’?
[1.793s]  [01;31m[Kvector[m[K<cv::Vec4i> GroundPlaneEstimatorNode::edgeLineDetection(cv::Mat img) {
[1.793s]  [01;31m[K^~~~~~[m[K
[1.793s]  [32m[Kqecvt_r[m[K
[1.793s] [01m[K/home/turgay/dev_ws/src/ros2_robot/ground_plane_estimator/src/ground_plane_estimator_node.cpp:104:52:[m[K [01;31m[Kerror: [m[Kvariable or field ‘[01m[KsidewalkEdgePicking[m[K’ declared void
[1.794s]  void GroundPlaneEstimatorNode::sidewalkEdgePicking([01;31m[Kvector[m[K<cv::Vec4i> lines) {
[1.794s]                                                     [01;31m[K^~~~~~[m[K
[1.794s] [01m[K/home/turgay/dev_ws/src/ros2_robot/ground_plane_estimator/src/ground_plane_estimator_node.cpp:104:52:[m[K [01;31m[Kerror: [m[K‘[01m[Kvector[m[K’ was not declared in this scope
[1.794s] [01m[K/home/turgay/dev_ws/src/ros2_robot/ground_plane_estimator/src/ground_plane_estimator_node.cpp:104:52:[m[K [01;36m[Knote: [m[Ksuggested alternative:
[1.794s] In file included from [01m[K/usr/include/c++/7/vector:64:0[m[K,
[1.795s]                  from [01m[K/opt/ros/dashing/include/rclcpp/executor.hpp:27[m[K,
[1.795s]                  from [01m[K/opt/ros/dashing/include/rclcpp/executors/multi_threaded_executor.hpp:24[m[K,
[1.795s]                  from [01m[K/opt/ros/dashing/include/rclcpp/executors.hpp:21[m[K,
[1.795s]                  from [01m[K/opt/ros/dashing/include/rclcpp/rclcpp.hpp:144[m[K,
[1.796s]                  from [01m[K/home/turgay/dev_ws/src/ros2_robot/ground_plane_estimator/include/ground_plane_estimator/ground_plane_estimator_node.hpp:18[m[K,
[1.796s]                  from [01m[K/home/turgay/dev_ws/src/ros2_robot/ground_plane_estimator/src/ground_plane_estimator_node.cpp:7[m[K:
[1.796s] [01m[K/usr/include/c++/7/bits/stl_vector.h:216:11:[m[K [01;36m[Knote: [m[K  ‘[01m[Kstd::vector[m[K’
[1.796s]      class [01;36m[Kvector[m[K : protected _Vector_base<_Tp, _Alloc>
[1.796s]            [01;36m[K^~~~~~[m[K
[1.797s] [01m[K/home/turgay/dev_ws/src/ros2_robot/ground_plane_estimator/src/ground_plane_estimator_node.cpp:104:68:[m[K [01;31m[Kerror: [m[Kexpected primary-expression before ‘[01m[K>[m[K’ token
[1.797s]  void GroundPlaneEstimatorNode::sidewalkEdgePicking(vector<cv::Vec4i[01;31m[K>[m[K lines) {
[1.797s]                                                                     [01;31m[K^[m[K
[1.797s] [01m[K/home/turgay/dev_ws/src/ros2_robot/ground_plane_estimator/src/ground_plane_estimator_node.cpp:104:70:[m[K [01;31m[Kerror: [m[K‘[01m[Klines[m[K’ was not declared in this scope
[1.797s]  void GroundPlaneEstimatorNode::sidewalkEdgePicking(vector<cv::Vec4i> [01;31m[Klines[m[K) {
[1.797s]                                                                       [01;31m[K^~~~~[m[K
[1.798s] [01m[K/home/turgay/dev_ws/src/ros2_robot/ground_plane_estimator/src/ground_plane_estimator_node.cpp:104:70:[m[K [01;36m[Knote: [m[Ksuggested alternative: ‘[01m[Klinux[m[K’
[1.798s]  void GroundPlaneEstimatorNode::sidewalkEdgePicking(vector<cv::Vec4i> [01;36m[Klines[m[K) {
[1.798s]                                                                       [01;36m[K^~~~~[m[K
[1.798s]                                                                       [32m[Klinux[m[K
[1.798s] [01m[K/home/turgay/dev_ws/src/ros2_robot/ground_plane_estimator/src/ground_plane_estimator_node.cpp:[m[K In member function ‘[01m[Kcv_bridge::CvImagePtr GroundPlaneEstimatorNode::showImageWithMark(cv_bridge::CvImagePtr)[m[K’:
[1.798s] [01m[K/home/turgay/dev_ws/src/ros2_robot/ground_plane_estimator/src/ground_plane_estimator_node.cpp:155:36:[m[K [01;31m[Kerror: [m[K‘[01m[Klp_y1[m[K’ was not declared in this scope
[1.798s]      polygon[0][0] = cv::Point(0.0, [01;31m[Klp_y1[m[K);
[1.799s]                                     [01;31m[K^~~~~[m[K
[1.799s] [01m[K/home/turgay/dev_ws/src/ros2_robot/ground_plane_estimator/src/ground_plane_estimator_node.cpp:155:36:[m[K [01;36m[Knote: [m[Ksuggested alternative: ‘[01m[K__y1[m[K’
[1.799s]      polygon[0][0] = cv::Point(0.0, [01;36m[Klp_y1[m[K);
[1.799s]                                     [01;36m[K^~~~~[m[K
[1.799s]                                     [32m[K__y1[m[K
[1.799s] [01m[K/home/turgay/dev_ws/src/ros2_robot/ground_plane_estimator/src/ground_plane_estimator_node.cpp:156:31:[m[K [01;31m[Kerror: [m[K‘[01m[Klp_x2[m[K’ was not declared in this scope
[1.799s]      polygon[0][1] = cv::Point([01;31m[Klp_x2[m[K, lp_y2);
[1.799s]                                [01;31m[K^~~~~[m[K
[1.800s] [01m[K/home/turgay/dev_ws/src/ros2_robot/ground_plane_estimator/src/ground_plane_estimator_node.cpp:156:38:[m[K [01;31m[Kerror: [m[K‘[01m[Klp_y2[m[K’ was not declared in this scope
[1.800s]      polygon[0][1] = cv::Point(lp_x2, [01;31m[Klp_y2[m[K);
[1.800s]                                       [01;31m[K^~~~~[m[K
[1.800s] [01m[K/home/turgay/dev_ws/src/ros2_robot/ground_plane_estimator/src/ground_plane_estimator_node.cpp:157:31:[m[K [01;31m[Kerror: [m[K‘[01m[Krp_x2[m[K’ was not declared in this scope
[1.800s]      polygon[0][2] = cv::Point([01;31m[Krp_x2[m[K, rp_y2);
[1.800s]                                [01;31m[K^~~~~[m[K
[1.800s] [01m[K/home/turgay/dev_ws/src/ros2_robot/ground_plane_estimator/src/ground_plane_estimator_node.cpp:157:38:[m[K [01;31m[Kerror: [m[K‘[01m[Krp_y2[m[K’ was not declared in this scope
[1.800s]      polygon[0][2] = cv::Point(rp_x2, [01;31m[Krp_y2[m[K);
[1.801s]                                       [01;31m[K^~~~~[m[K
[1.801s] [01m[K/home/turgay/dev_ws/src/ros2_robot/ground_plane_estimator/src/ground_plane_estimator_node.cpp:158:31:[m[K [01;31m[Kerror: [m[K‘[01m[KWIDTH[m[K’ was not declared in this scope
[1.801s]      polygon[0][3] = cv::Point([01;31m[KWIDTH[m[K, rp_y1);
[1.801s]                                [01;31m[K^~~~~[m[K
[1.801s] [01m[K/home/turgay/dev_ws/src/ros2_robot/ground_plane_estimator/src/ground_plane_estimator_node.cpp:158:38:[m[K [01;31m[Kerror: [m[K‘[01m[Krp_y1[m[K’ was not declared in this scope
[1.801s]      polygon[0][3] = cv::Point(WIDTH, [01;31m[Krp_y1[m[K);
[1.801s]                                       [01;31m[K^~~~~[m[K
[1.801s] [01m[K/home/turgay/dev_ws/src/ros2_robot/ground_plane_estimator/src/ground_plane_estimator_node.cpp:158:38:[m[K [01;36m[Knote: [m[Ksuggested alternative: ‘[01m[K__y1[m[K’
[1.802s]      polygon[0][3] = cv::Point(WIDTH, [01;36m[Krp_y1[m[K);
[1.802s]                                       [01;36m[K^~~~~[m[K
[1.802s]                                       [32m[K__y1[m[K
[1.802s] [01m[K/home/turgay/dev_ws/src/ros2_robot/ground_plane_estimator/src/ground_plane_estimator_node.cpp:166:16:[m[K [01;31m[Kerror: [m[K‘[01m[KOPENCV_WINDOW[m[K’ was not declared in this scope
[1.802s]      cv::imshow([01;31m[KOPENCV_WINDOW[m[K, cv_ptr->image);
[1.802s]                 [01;31m[K^~~~~~~~~~~~~[m[K
[1.808s] [01m[K/home/turgay/dev_ws/src/ros2_robot/ground_plane_estimator/src/ground_plane_estimator_node.cpp:166:16:[m[K [01;36m[Knote: [m[Ksuggested alternative: ‘[01m[KOPENCV_ERROR[m[K’
[1.808s]      cv::imshow([01;36m[KOPENCV_WINDOW[m[K, cv_ptr->image);
[1.808s]                 [01;36m[K^~~~~~~~~~~~~[m[K
[1.808s]                 [32m[KOPENCV_ERROR[m[K
[2.490s] make[2]: *** [CMakeFiles/ground_plane_estimator_node.dir/src/ground_plane_estimator_node.cpp.o] Error 1
[2.490s] CMakeFiles/ground_plane_estimator_node.dir/build.make:62: recipe for target 'CMakeFiles/ground_plane_estimator_node.dir/src/ground_plane_estimator_node.cpp.o' failed
[2.491s] make[1]: *** [CMakeFiles/ground_plane_estimator_node.dir/all] Error 2
[2.491s] CMakeFiles/Makefile2:67: recipe for target 'CMakeFiles/ground_plane_estimator_node.dir/all' failed
[2.491s] Makefile:140: recipe for target 'all' failed
[2.492s] make: *** [all] Error 2
[2.495s] Invoked command in '/home/turgay/dev_ws/src/ros2_robot/build/ground_plane_estimator' returned '2': CMAKE_PREFIX_PATH=${CMAKE_PREFIX_PATH}:/opt/robot_devkit/tools/rdk_perf:/opt/robot_devkit/perception/handeye_dashboard:/opt/robot_devkit/perception/handeye:/opt/robot_devkit/perception/criutils:/opt/robot_devkit/perception/baldor:/opt/ros/dashing /usr/bin/cmake --build /home/turgay/dev_ws/src/ros2_robot/build/ground_plane_estimator -- -j12 -l12
