[1.337s] [01m[K/home/turgay/dev_ws/src/ros2_robot/ground_plane_estimator/src/ground_plane_estimator_node.cpp:[m[K In function ‘[01m[Kvoid image_callback_static(const ConstSharedPtr&)[m[K’:
[1.338s] [01m[K/home/turgay/dev_ws/src/ros2_robot/ground_plane_estimator/src/ground_plane_estimator_node.cpp:15:76:[m[K [01;35m[Kwarning: [m[Kunused parameter ‘[01m[Kmsg[m[K’ [[01;35m[K-Wunused-parameter[m[K]
[1.338s]  void image_callback_static(const sensor_msgs::msg::Image::ConstSharedPtr & [01;35m[Kmsg[m[K) {
[1.338s]                                                                             [01;35m[K^~~[m[K
[1.385s] In file included from [01m[K/usr/include/c++/7/ext/alloc_traits.h:36:0[m[K,
[1.385s]                  from [01m[K/usr/include/c++/7/bits/basic_string.h:40[m[K,
[1.385s]                  from [01m[K/usr/include/c++/7/string:52[m[K,
[1.385s]                  from [01m[K/usr/include/c++/7/stdexcept:39[m[K,
[1.385s]                  from [01m[K/usr/include/c++/7/array:39[m[K,
[1.386s]                  from [01m[K/usr/include/c++/7/tuple:39[m[K,
[1.386s]                  from [01m[K/usr/include/c++/7/functional:54[m[K,
[1.386s]                  from [01m[K/home/turgay/dev_ws/src/ros2_robot/ground_plane_estimator/src/ground_plane_estimator_node.cpp:3[m[K:
[1.386s] /usr/include/c++/7/bits/alloc_traits.h: In instantiation of ‘[01m[Kstruct std::allocator_traits<std::allocator<const std::shared_ptr<const sensor_msgs::msg::Image_<std::allocator<void> > >&> >[m[K’:
[1.386s] [01m[K/opt/ros/dashing/include/rclcpp/message_memory_strategy.hpp:46:67:[m[K   required from ‘[01m[Kclass rclcpp::message_memory_strategy::MessageMemoryStrategy<const std::shared_ptr<const sensor_msgs::msg::Image_<std::allocator<void> > >&, std::allocator<void> >[m[K’
[1.386s] [01m[K/opt/ros/dashing/include/rclcpp/node_impl.hpp:115:1:[m[K   required by substitution of ‘[01m[Ktemplate<class MessageT, class CallbackT, class AllocatorT, class SubscriptionT> std::shared_ptr<SubscriptionT> rclcpp::Node::create_subscription(const string&, const rclcpp::QoS&, CallbackT&&, const rclcpp::SubscriptionOptionsWithAllocator<AllocatorT>&, typename rclcpp::message_memory_strategy::MessageMemoryStrategy<typename rclcpp::subscription_traits::has_message_type<CallbackT>::type, AllocatorT>::SharedPtr) [with MessageT = std_msgs::msg::String_<std::allocator<void> >; CallbackT = std::_Bind<void (GroundPlaneEstimatorNode::*(GroundPlaneEstimatorNode*, std::_Placeholder<1>))(const std::shared_ptr<const sensor_msgs::msg::Image_<std::allocator<void> > >&)>; AllocatorT = std::allocator<void>; SubscriptionT = rclcpp::Subscription<const std::shared_ptr<const sensor_msgs::msg::Image_<std::allocator<void> > >&, std::allocator<void> >][m[K’
[1.387s] [01m[K/home/turgay/dev_ws/src/ros2_robot/ground_plane_estimator/src/ground_plane_estimator_node.cpp:28:197:[m[K   required from here
[1.387s] [01m[K/usr/include/c++/7/bits/alloc_traits.h:392:27:[m[K [01;31m[Kerror: [m[Kforming pointer to reference type ‘[01m[Kconst std::shared_ptr<const sensor_msgs::msg::Image_<std::allocator<void> > >&[m[K’
[1.387s]        using pointer = _Tp*[01;31m[K;[m[K
[1.387s]                            [01;31m[K^[m[K
[1.387s] [01m[K/usr/include/c++/7/bits/alloc_traits.h:395:39:[m[K [01;31m[Kerror: [m[Kforming pointer to reference type ‘[01m[Kconst std::shared_ptr<const sensor_msgs::msg::Image_<std::allocator<void> > >&[m[K’
[1.387s]        using const_pointer = const _Tp*[01;31m[K;[m[K
[1.388s]                                        [01;31m[K^[m[K
[1.389s] In file included from [01m[K/usr/include/c++/7/memory:80:0[m[K,
[1.389s]                  from [01m[K/home/turgay/dev_ws/src/ros2_robot/ground_plane_estimator/src/ground_plane_estimator_node.cpp:4[m[K:
[1.390s] /usr/include/c++/7/bits/unique_ptr.h: In instantiation of ‘[01m[Kstruct std::default_delete<const std::shared_ptr<const sensor_msgs::msg::Image_<std::allocator<void> > >&>[m[K’:
[1.390s] [01m[K/opt/ros/dashing/include/rclcpp/message_memory_strategy.hpp:135:18:[m[K   required from ‘[01m[Kclass rclcpp::message_memory_strategy::MessageMemoryStrategy<const std::shared_ptr<const sensor_msgs::msg::Image_<std::allocator<void> > >&, std::allocator<void> >[m[K’
[1.390s] [01m[K/opt/ros/dashing/include/rclcpp/node_impl.hpp:115:1:[m[K   required by substitution of ‘[01m[Ktemplate<class MessageT, class CallbackT, class AllocatorT, class SubscriptionT> std::shared_ptr<SubscriptionT> rclcpp::Node::create_subscription(const string&, const rclcpp::QoS&, CallbackT&&, const rclcpp::SubscriptionOptionsWithAllocator<AllocatorT>&, typename rclcpp::message_memory_strategy::MessageMemoryStrategy<typename rclcpp::subscription_traits::has_message_type<CallbackT>::type, AllocatorT>::SharedPtr) [with MessageT = std_msgs::msg::String_<std::allocator<void> >; CallbackT = std::_Bind<void (GroundPlaneEstimatorNode::*(GroundPlaneEstimatorNode*, std::_Placeholder<1>))(const std::shared_ptr<const sensor_msgs::msg::Image_<std::allocator<void> > >&)>; AllocatorT = std::allocator<void>; SubscriptionT = rclcpp::Subscription<const std::shared_ptr<const sensor_msgs::msg::Image_<std::allocator<void> > >&, std::allocator<void> >][m[K’
[1.390s] [01m[K/home/turgay/dev_ws/src/ros2_robot/ground_plane_estimator/src/ground_plane_estimator_node.cpp:28:197:[m[K   required from here
[1.390s] [01m[K/usr/include/c++/7/bits/unique_ptr.h:68:9:[m[K [01;31m[Kerror: [m[Kforming pointer to reference type ‘[01m[Kconst std::shared_ptr<const sensor_msgs::msg::Image_<std::allocator<void> > >&[m[K’
[1.391s]          [01;31m[Kdefault_delete[m[K(const default_delete<_Up>&) noexcept { }
[1.391s]          [01;31m[K^~~~~~~~~~~~~~[m[K
[1.391s] [01m[K/usr/include/c++/7/bits/unique_ptr.h:72:7:[m[K [01;31m[Kerror: [m[Kforming pointer to reference type ‘[01m[Kconst std::shared_ptr<const sensor_msgs::msg::Image_<std::allocator<void> > >&[m[K’
[1.391s]        [01;31m[Koperator[m[K()(_Tp* __ptr) const
[1.391s]        [01;31m[K^~~~~~~~[m[K
[1.639s] In file included from [01m[K/opt/ros/dashing/include/rclcpp/subscription_base.hpp:28:0[m[K,
[1.640s]                  from [01m[K/opt/ros/dashing/include/rclcpp/intra_process_manager_impl.hpp:38[m[K,
[1.641s]                  from [01m[K/opt/ros/dashing/include/rclcpp/intra_process_manager.hpp:32[m[K,
[1.642s]                  from [01m[K/opt/ros/dashing/include/rclcpp/publisher.hpp:35[m[K,
[1.642s]                  from [01m[K/opt/ros/dashing/include/rclcpp/callback_group.hpp:24[m[K,
[1.642s]                  from [01m[K/opt/ros/dashing/include/rclcpp/any_executable.hpp:20[m[K,
[1.643s]                  from [01m[K/opt/ros/dashing/include/rclcpp/memory_strategy.hpp:24[m[K,
[1.643s]                  from [01m[K/opt/ros/dashing/include/rclcpp/memory_strategies.hpp:18[m[K,
[1.643s]                  from [01m[K/opt/ros/dashing/include/rclcpp/executor.hpp:33[m[K,
[1.644s]                  from [01m[K/opt/ros/dashing/include/rclcpp/executors/multi_threaded_executor.hpp:24[m[K,
[1.644s]                  from [01m[K/opt/ros/dashing/include/rclcpp/executors.hpp:21[m[K,
[1.645s]                  from [01m[K/opt/ros/dashing/include/rclcpp/rclcpp.hpp:144[m[K,
[1.645s]                  from [01m[K/home/turgay/dev_ws/src/ros2_robot/ground_plane_estimator/include/ground_plane_estimator/ground_plane_estimator_node.hpp:18[m[K,
[1.645s]                  from [01m[K/home/turgay/dev_ws/src/ros2_robot/ground_plane_estimator/src/ground_plane_estimator_node.cpp:7[m[K:
[1.647s] /opt/ros/dashing/include/rclcpp/any_subscription_callback.hpp: In instantiation of ‘[01m[Kclass rclcpp::AnySubscriptionCallback<const std::shared_ptr<const sensor_msgs::msg::Image_<std::allocator<void> > >&, std::allocator<void> >[m[K’:
[1.648s] [01m[K/opt/ros/dashing/include/rclcpp/subscription_factory.hpp:87:52:[m[K   required from ‘[01m[Krclcpp::SubscriptionFactory rclcpp::create_subscription_factory(CallbackT&&, const rclcpp::SubscriptionEventCallbacks&, typename rclcpp::message_memory_strategy::MessageMemoryStrategy<CallbackMessageT, Alloc>::SharedPtr, std::shared_ptr<PublisherT>) [with MessageT = std_msgs::msg::String_<std::allocator<void> >; CallbackT = std::_Bind<void (GroundPlaneEstimatorNode::*(GroundPlaneEstimatorNode*, std::_Placeholder<1>))(const std::shared_ptr<const sensor_msgs::msg::Image_<std::allocator<void> > >&)>; Alloc = std::allocator<void>; CallbackMessageT = const std::shared_ptr<const sensor_msgs::msg::Image_<std::allocator<void> > >&; SubscriptionT = rclcpp::Subscription<const std::shared_ptr<const sensor_msgs::msg::Image_<std::allocator<void> > >&, std::allocator<void> >; typename rclcpp::message_memory_strategy::MessageMemoryStrategy<CallbackMessageT, Alloc>::SharedPtr = std::shared_ptr<rclcpp::message_memory_strategy::MessageMemoryStrategy<const std::shared_ptr<const sensor_msgs::msg::Image_<std::allocator<void> > >&, std::allocator<void> > >][m[K’
[1.648s] [01m[K/opt/ros/dashing/include/rclcpp/create_subscription.hpp:115:71:[m[K   required from ‘[01m[Kstd::shared_ptr<SubscriptionT> rclcpp::create_subscription(NodeT&&, const string&, const rclcpp::QoS&, CallbackT&&, const rclcpp::SubscriptionOptionsWithAllocator<AllocatorT>&, typename rclcpp::message_memory_strategy::MessageMemoryStrategy<CallbackMessageT, Alloc>::SharedPtr) [with MessageT = std_msgs::msg::String_<std::allocator<void> >; CallbackT = std::_Bind<void (GroundPlaneEstimatorNode::*(GroundPlaneEstimatorNode*, std::_Placeholder<1>))(const std::shared_ptr<const sensor_msgs::msg::Image_<std::allocator<void> > >&)>; AllocatorT = std::allocator<void>; CallbackMessageT = const std::shared_ptr<const sensor_msgs::msg::Image_<std::allocator<void> > >&; SubscriptionT = rclcpp::Subscription<const std::shared_ptr<const sensor_msgs::msg::Image_<std::allocator<void> > >&, std::allocator<void> >; NodeT = rclcpp::Node&; std::__cxx11::string = std::__cxx11::basic_string<char>; typename rclcpp::message_memory_strategy::MessageMemoryStrategy<CallbackMessageT, Alloc>::SharedPtr = std::shared_ptr<rclcpp::message_memory_strategy::MessageMemoryStrategy<const std::shared_ptr<const sensor_msgs::msg::Image_<std::allocator<void> > >&, std::allocator<void> > >][m[K’
[1.648s] [01m[K/opt/ros/dashing/include/rclcpp/node_impl.hpp:124:47:[m[K   required from ‘[01m[Kstd::shared_ptr<SubscriptionT> rclcpp::Node::create_subscription(const string&, const rclcpp::QoS&, CallbackT&&, const rclcpp::SubscriptionOptionsWithAllocator<AllocatorT>&, typename rclcpp::message_memory_strategy::MessageMemoryStrategy<typename rclcpp::subscription_traits::has_message_type<CallbackT>::type, AllocatorT>::SharedPtr) [with MessageT = std_msgs::msg::String_<std::allocator<void> >; CallbackT = std::_Bind<void (GroundPlaneEstimatorNode::*(GroundPlaneEstimatorNode*, std::_Placeholder<1>))(const std::shared_ptr<const sensor_msgs::msg::Image_<std::allocator<void> > >&)>; AllocatorT = std::allocator<void>; SubscriptionT = rclcpp::Subscription<const std::shared_ptr<const sensor_msgs::msg::Image_<std::allocator<void> > >&, std::allocator<void> >; std::__cxx11::string = std::__cxx11::basic_string<char>; typename rclcpp::message_memory_strategy::MessageMemoryStrategy<typename rclcpp::subscription_traits::has_message_type<CallbackT>::type, AllocatorT>::SharedPtr = std::shared_ptr<rclcpp::message_memory_strategy::MessageMemoryStrategy<const std::shared_ptr<const sensor_msgs::msg::Image_<std::allocator<void> > >&, std::allocator<void> > >][m[K’
[1.648s] [01m[K/home/turgay/dev_ws/src/ros2_robot/ground_plane_estimator/src/ground_plane_estimator_node.cpp:28:197:[m[K   required from here
[1.649s] [01m[K/opt/ros/dashing/include/rclcpp/any_subscription_callback.hpp:108:8:[m[K [01;31m[Kerror: [m[K‘[01m[Ktemplate<class CallbackT, typename std::enable_if<rclcpp::function_traits::same_arguments<CallbackT, std::function<void(std::shared_ptr<const std::shared_ptr<const sensor_msgs::msg::Image_<std::allocator<void> > >&>)> >::value, void>::type* <anonymous> > void rclcpp::AnySubscriptionCallback<MessageT, Alloc>::set(CallbackT) [with CallbackT = CallbackT; typename std::enable_if<rclcpp::function_traits::same_arguments<CallbackT, std::function<void(std::shared_ptr<const _Tp>)> >::value>::type* <anonymous> = <enumerator>; MessageT = const std::shared_ptr<const sensor_msgs::msg::Image_<std::allocator<void> > >&; Alloc = std::allocator<void>][m[K’ cannot be overloaded
[1.649s]    void [01;31m[Kset[m[K(CallbackT callback)
[1.650s]         [01;31m[K^~~[m[K
[1.650s] [01m[K/opt/ros/dashing/include/rclcpp/any_subscription_callback.hpp:80:8:[m[K [01;31m[Kerror: [m[Kwith ‘[01m[Ktemplate<class CallbackT, typename std::enable_if<rclcpp::function_traits::same_arguments<CallbackT, std::function<void(std::shared_ptr<const std::shared_ptr<const sensor_msgs::msg::Image_<std::allocator<void> > >&>)> >::value, void>::type* <anonymous> > void rclcpp::AnySubscriptionCallback<MessageT, Alloc>::set(CallbackT) [with CallbackT = CallbackT; typename std::enable_if<rclcpp::function_traits::same_arguments<CallbackT, std::function<void(std::shared_ptr<_Tp>)> >::value>::type* <anonymous> = <enumerator>; MessageT = const std::shared_ptr<const sensor_msgs::msg::Image_<std::allocator<void> > >&; Alloc = std::allocator<void>][m[K’
[1.650s]    void [01;31m[Kset[m[K(CallbackT callback)
[1.651s]         [01;31m[K^~~[m[K
[1.651s] [01m[K/opt/ros/dashing/include/rclcpp/any_subscription_callback.hpp:122:8:[m[K [01;31m[Kerror: [m[K‘[01m[Ktemplate<class CallbackT, typename std::enable_if<rclcpp::function_traits::same_arguments<CallbackT, std::function<void(std::shared_ptr<const std::shared_ptr<const sensor_msgs::msg::Image_<std::allocator<void> > >&>, const rmw_message_info_t&)> >::value, void>::type* <anonymous> > void rclcpp::AnySubscriptionCallback<MessageT, Alloc>::set(CallbackT) [with CallbackT = CallbackT; typename std::enable_if<rclcpp::function_traits::same_arguments<CallbackT, std::function<void(std::shared_ptr<const _Tp>, const rmw_message_info_t&)> >::value>::type* <anonymous> = <enumerator>; MessageT = const std::shared_ptr<const sensor_msgs::msg::Image_<std::allocator<void> > >&; Alloc = std::allocator<void>][m[K’ cannot be overloaded
[1.651s]    void [01;31m[Kset[m[K(CallbackT callback)
[1.651s]         [01;31m[K^~~[m[K
[1.652s] [01m[K/opt/ros/dashing/include/rclcpp/any_subscription_callback.hpp:94:8:[m[K [01;31m[Kerror: [m[Kwith ‘[01m[Ktemplate<class CallbackT, typename std::enable_if<rclcpp::function_traits::same_arguments<CallbackT, std::function<void(std::shared_ptr<const std::shared_ptr<const sensor_msgs::msg::Image_<std::allocator<void> > >&>, const rmw_message_info_t&)> >::value, void>::type* <anonymous> > void rclcpp::AnySubscriptionCallback<MessageT, Alloc>::set(CallbackT) [with CallbackT = CallbackT; typename std::enable_if<rclcpp::function_traits::same_arguments<CallbackT, std::function<void(std::shared_ptr<_Tp>, const rmw_message_info_t&)> >::value>::type* <anonymous> = <enumerator>; MessageT = const std::shared_ptr<const sensor_msgs::msg::Image_<std::allocator<void> > >&; Alloc = std::allocator<void>][m[K’
[1.652s]    void [01;31m[Kset[m[K(CallbackT callback)
[1.652s]         [01;31m[K^~~[m[K
[1.653s] In file included from [01m[K/opt/ros/dashing/include/rclcpp/node_interfaces/node_topics_interface.hpp:29:0[m[K,
[1.653s]                  from [01m[K/opt/ros/dashing/include/rclcpp/node.hpp:53[m[K,
[1.653s]                  from [01m[K/opt/ros/dashing/include/rclcpp/executors/single_threaded_executor.hpp:28[m[K,
[1.654s]                  from [01m[K/opt/ros/dashing/include/rclcpp/executors.hpp:22[m[K,
[1.654s]                  from [01m[K/opt/ros/dashing/include/rclcpp/rclcpp.hpp:144[m[K,
[1.654s]                  from [01m[K/home/turgay/dev_ws/src/ros2_robot/ground_plane_estimator/include/ground_plane_estimator/ground_plane_estimator_node.hpp:18[m[K,
[1.655s]                  from [01m[K/home/turgay/dev_ws/src/ros2_robot/ground_plane_estimator/src/ground_plane_estimator_node.cpp:7[m[K:
[1.655s] /opt/ros/dashing/include/rclcpp/subscription_factory.hpp: In instantiation of ‘[01m[Krclcpp::SubscriptionFactory rclcpp::create_subscription_factory(CallbackT&&, const rclcpp::SubscriptionEventCallbacks&, typename rclcpp::message_memory_strategy::MessageMemoryStrategy<CallbackMessageT, Alloc>::SharedPtr, std::shared_ptr<PublisherT>) [with MessageT = std_msgs::msg::String_<std::allocator<void> >; CallbackT = std::_Bind<void (GroundPlaneEstimatorNode::*(GroundPlaneEstimatorNode*, std::_Placeholder<1>))(const std::shared_ptr<const sensor_msgs::msg::Image_<std::allocator<void> > >&)>; Alloc = std::allocator<void>; CallbackMessageT = const std::shared_ptr<const sensor_msgs::msg::Image_<std::allocator<void> > >&; SubscriptionT = rclcpp::Subscription<const std::shared_ptr<const sensor_msgs::msg::Image_<std::allocator<void> > >&, std::allocator<void> >; typename rclcpp::message_memory_strategy::MessageMemoryStrategy<CallbackMessageT, Alloc>::SharedPtr = std::shared_ptr<rclcpp::message_memory_strategy::MessageMemoryStrategy<const std::shared_ptr<const sensor_msgs::msg::Image_<std::allocator<void> > >&, std::allocator<void> > >][m[K’:
[1.657s] [01m[K/opt/ros/dashing/include/rclcpp/create_subscription.hpp:115:71:[m[K   required from ‘[01m[Kstd::shared_ptr<SubscriptionT> rclcpp::create_subscription(NodeT&&, const string&, const rclcpp::QoS&, CallbackT&&, const rclcpp::SubscriptionOptionsWithAllocator<AllocatorT>&, typename rclcpp::message_memory_strategy::MessageMemoryStrategy<CallbackMessageT, Alloc>::SharedPtr) [with MessageT = std_msgs::msg::String_<std::allocator<void> >; CallbackT = std::_Bind<void (GroundPlaneEstimatorNode::*(GroundPlaneEstimatorNode*, std::_Placeholder<1>))(const std::shared_ptr<const sensor_msgs::msg::Image_<std::allocator<void> > >&)>; AllocatorT = std::allocator<void>; CallbackMessageT = const std::shared_ptr<const sensor_msgs::msg::Image_<std::allocator<void> > >&; SubscriptionT = rclcpp::Subscription<const std::shared_ptr<const sensor_msgs::msg::Image_<std::allocator<void> > >&, std::allocator<void> >; NodeT = rclcpp::Node&; std::__cxx11::string = std::__cxx11::basic_string<char>; typename rclcpp::message_memory_strategy::MessageMemoryStrategy<CallbackMessageT, Alloc>::SharedPtr = std::shared_ptr<rclcpp::message_memory_strategy::MessageMemoryStrategy<const std::shared_ptr<const sensor_msgs::msg::Image_<std::allocator<void> > >&, std::allocator<void> > >][m[K’
[1.657s] [01m[K/opt/ros/dashing/include/rclcpp/node_impl.hpp:124:47:[m[K   required from ‘[01m[Kstd::shared_ptr<SubscriptionT> rclcpp::Node::create_subscription(const string&, const rclcpp::QoS&, CallbackT&&, const rclcpp::SubscriptionOptionsWithAllocator<AllocatorT>&, typename rclcpp::message_memory_strategy::MessageMemoryStrategy<typename rclcpp::subscription_traits::has_message_type<CallbackT>::type, AllocatorT>::SharedPtr) [with MessageT = std_msgs::msg::String_<std::allocator<void> >; CallbackT = std::_Bind<void (GroundPlaneEstimatorNode::*(GroundPlaneEstimatorNode*, std::_Placeholder<1>))(const std::shared_ptr<const sensor_msgs::msg::Image_<std::allocator<void> > >&)>; AllocatorT = std::allocator<void>; SubscriptionT = rclcpp::Subscription<const std::shared_ptr<const sensor_msgs::msg::Image_<std::allocator<void> > >&, std::allocator<void> >; std::__cxx11::string = std::__cxx11::basic_string<char>; typename rclcpp::message_memory_strategy::MessageMemoryStrategy<typename rclcpp::subscription_traits::has_message_type<CallbackT>::type, AllocatorT>::SharedPtr = std::shared_ptr<rclcpp::message_memory_strategy::MessageMemoryStrategy<const std::shared_ptr<const sensor_msgs::msg::Image_<std::allocator<void> > >&, std::allocator<void> > >][m[K’
[1.658s] [01m[K/home/turgay/dev_ws/src/ros2_robot/ground_plane_estimator/src/ground_plane_estimator_node.cpp:28:197:[m[K   required from here
[1.658s] [01m[K/opt/ros/dashing/include/rclcpp/subscription_factory.hpp:88:3:[m[K [01;31m[Kerror: [m[Kno matching function for call to ‘[01m[Krclcpp::AnySubscriptionCallback<const std::shared_ptr<const sensor_msgs::msg::Image_<std::allocator<void> > >&, std::allocator<void> >::set(std::_Bind<void (GroundPlaneEstimatorNode::*(GroundPlaneEstimatorNode*, std::_Placeholder<1>))(const std::shared_ptr<const sensor_msgs::msg::Image_<std::allocator<void> > >&)>)[m[K’
[1.658s]    [01;31m[Kany_subscription_callback[m[K.set(std::forward<CallbackT>(callback));
[1.658s]    [01;31m[K^~~~~~~~~~~~~~~~~~~~~~~~~[m[K
[1.659s] In file included from [01m[K/opt/ros/dashing/include/rclcpp/subscription_base.hpp:28:0[m[K,
[1.659s]                  from [01m[K/opt/ros/dashing/include/rclcpp/intra_process_manager_impl.hpp:38[m[K,
[1.659s]                  from [01m[K/opt/ros/dashing/include/rclcpp/intra_process_manager.hpp:32[m[K,
[1.659s]                  from [01m[K/opt/ros/dashing/include/rclcpp/publisher.hpp:35[m[K,
[1.659s]                  from [01m[K/opt/ros/dashing/include/rclcpp/callback_group.hpp:24[m[K,
[1.660s]                  from [01m[K/opt/ros/dashing/include/rclcpp/any_executable.hpp:20[m[K,
[1.660s]                  from [01m[K/opt/ros/dashing/include/rclcpp/memory_strategy.hpp:24[m[K,
[1.660s]                  from [01m[K/opt/ros/dashing/include/rclcpp/memory_strategies.hpp:18[m[K,
[1.660s]                  from [01m[K/opt/ros/dashing/include/rclcpp/executor.hpp:33[m[K,
[1.660s]                  from [01m[K/opt/ros/dashing/include/rclcpp/executors/multi_threaded_executor.hpp:24[m[K,
[1.660s]                  from [01m[K/opt/ros/dashing/include/rclcpp/executors.hpp:21[m[K,
[1.661s]                  from [01m[K/opt/ros/dashing/include/rclcpp/rclcpp.hpp:144[m[K,
[1.661s]                  from [01m[K/home/turgay/dev_ws/src/ros2_robot/ground_plane_estimator/include/ground_plane_estimator/ground_plane_estimator_node.hpp:18[m[K,
[1.661s]                  from [01m[K/home/turgay/dev_ws/src/ros2_robot/ground_plane_estimator/src/ground_plane_estimator_node.cpp:7[m[K:
[1.661s] [01m[K/opt/ros/dashing/include/rclcpp/any_subscription_callback.hpp:80:8:[m[K [01;36m[Knote: [m[Kcandidate: template<class CallbackT, typename std::enable_if<rclcpp::function_traits::same_arguments<CallbackT, std::function<void(std::shared_ptr<const std::shared_ptr<const sensor_msgs::msg::Image_<std::allocator<void> > >&>)> >::value, void>::type* <anonymous> > void rclcpp::AnySubscriptionCallback<MessageT, Alloc>::set(CallbackT) [with CallbackT = CallbackT; typename std::enable_if<rclcpp::function_traits::same_arguments<CallbackT, std::function<void(std::shared_ptr<_Tp>)> >::value>::type* <anonymous> = <enumerator>; MessageT = const std::shared_ptr<const sensor_msgs::msg::Image_<std::allocator<void> > >&; Alloc = std::allocator<void>]
[1.661s]    void [01;36m[Kset[m[K(CallbackT callback)
[1.662s]         [01;36m[K^~~[m[K
[1.662s] [01m[K/opt/ros/dashing/include/rclcpp/any_subscription_callback.hpp:80:8:[m[K [01;36m[Knote: [m[K  template argument deduction/substitution failed:
[1.663s] [01m[K/opt/ros/dashing/include/rclcpp/any_subscription_callback.hpp:78:17:[m[K [01;31m[Kerror: [m[Kno type named ‘[01m[Ktype[m[K’ in ‘[01m[Kstruct std::enable_if<false, void>[m[K’
[1.663s]      >::type * = [01;31m[Knullptr[m[K
[1.663s]                  [01;31m[K^~~~~~~[m[K
[1.663s] [01m[K/opt/ros/dashing/include/rclcpp/any_subscription_callback.hpp:78:17:[m[K [01;36m[Knote: [m[Kinvalid template non-type parameter
[1.665s] [01m[K/opt/ros/dashing/include/rclcpp/any_subscription_callback.hpp:94:8:[m[K [01;36m[Knote: [m[Kcandidate: template<class CallbackT, typename std::enable_if<rclcpp::function_traits::same_arguments<CallbackT, std::function<void(std::shared_ptr<const std::shared_ptr<const sensor_msgs::msg::Image_<std::allocator<void> > >&>, const rmw_message_info_t&)> >::value, void>::type* <anonymous> > void rclcpp::AnySubscriptionCallback<MessageT, Alloc>::set(CallbackT) [with CallbackT = CallbackT; typename std::enable_if<rclcpp::function_traits::same_arguments<CallbackT, std::function<void(std::shared_ptr<_Tp>, const rmw_message_info_t&)> >::value>::type* <anonymous> = <enumerator>; MessageT = const std::shared_ptr<const sensor_msgs::msg::Image_<std::allocator<void> > >&; Alloc = std::allocator<void>]
[1.665s]    void [01;36m[Kset[m[K(CallbackT callback)
[1.665s]         [01;36m[K^~~[m[K
[1.665s] [01m[K/opt/ros/dashing/include/rclcpp/any_subscription_callback.hpp:94:8:[m[K [01;36m[Knote: [m[K  template argument deduction/substitution failed:
[1.666s] [01m[K/opt/ros/dashing/include/rclcpp/any_subscription_callback.hpp:92:17:[m[K [01;31m[Kerror: [m[Kno type named ‘[01m[Ktype[m[K’ in ‘[01m[Kstruct std::enable_if<false, void>[m[K’
[1.666s]      >::type * = [01;31m[Knullptr[m[K
[1.666s]                  [01;31m[K^~~~~~~[m[K
[1.667s] [01m[K/opt/ros/dashing/include/rclcpp/any_subscription_callback.hpp:92:17:[m[K [01;36m[Knote: [m[Kinvalid template non-type parameter
[1.667s] [01m[K/opt/ros/dashing/include/rclcpp/any_subscription_callback.hpp:136:8:[m[K [01;36m[Knote: [m[Kcandidate: template<class CallbackT, typename std::enable_if<rclcpp::function_traits::same_arguments<CallbackT, std::function<void(std::unique_ptr<const std::shared_ptr<const sensor_msgs::msg::Image_<std::allocator<void> > >&, std::default_delete<const std::shared_ptr<const sensor_msgs::msg::Image_<std::allocator<void> > >&> >)> >::value, void>::type* <anonymous> > void rclcpp::AnySubscriptionCallback<MessageT, Alloc>::set(CallbackT) [with CallbackT = CallbackT; typename std::enable_if<rclcpp::function_traits::same_arguments<CallbackT, std::function<void(std::unique_ptr<T, typename std::conditional<std::is_same<typename std::allocator_traits<typename std::allocator_traits<_Alloc>::rebind_traits<T>::allocator_type>::rebind_alloc<T>, typename std::allocator<void>::rebind<_Tp1>::other>::value, std::default_delete<_Tp>, rclcpp::allocator::AllocatorDeleter<typename std::allocator_traits<_Alloc>::rebind_traits<T>::allocator_type> >::type>)> >::value>::type* <anonymous> = <enumerator>; MessageT = const std::shared_ptr<const sensor_msgs::msg::Image_<std::allocator<void> > >&; Alloc = std::allocator<void>]
[1.667s]    void [01;36m[Kset[m[K(CallbackT callback)
[1.668s]         [01;36m[K^~~[m[K
[1.669s] [01m[K/opt/ros/dashing/include/rclcpp/any_subscription_callback.hpp:136:8:[m[K [01;36m[Knote: [m[K  template argument deduction/substitution failed:
[1.669s] [01m[K/opt/ros/dashing/include/rclcpp/any_subscription_callback.hpp:134:17:[m[K [01;31m[Kerror: [m[Kno type named ‘[01m[Ktype[m[K’ in ‘[01m[Kstruct std::enable_if<false, void>[m[K’
[1.670s]      >::type * = [01;31m[Knullptr[m[K
[1.670s]                  [01;31m[K^~~~~~~[m[K
[1.670s] [01m[K/opt/ros/dashing/include/rclcpp/any_subscription_callback.hpp:134:17:[m[K [01;36m[Knote: [m[Kinvalid template non-type parameter
[1.671s] [01m[K/opt/ros/dashing/include/rclcpp/any_subscription_callback.hpp:150:8:[m[K [01;36m[Knote: [m[Kcandidate: template<class CallbackT, typename std::enable_if<rclcpp::function_traits::same_arguments<CallbackT, std::function<void(std::unique_ptr<const std::shared_ptr<const sensor_msgs::msg::Image_<std::allocator<void> > >&, std::default_delete<const std::shared_ptr<const sensor_msgs::msg::Image_<std::allocator<void> > >&> >, const rmw_message_info_t&)> >::value, void>::type* <anonymous> > void rclcpp::AnySubscriptionCallback<MessageT, Alloc>::set(CallbackT) [with CallbackT = CallbackT; typename std::enable_if<rclcpp::function_traits::same_arguments<CallbackT, std::function<void(std::unique_ptr<T, typename std::conditional<std::is_same<typename std::allocator_traits<typename std::allocator_traits<_Alloc>::rebind_traits<T>::allocator_type>::rebind_alloc<T>, typename std::allocator<void>::rebind<_Tp1>::other>::value, std::default_delete<_Tp>, rclcpp::allocator::AllocatorDeleter<typename std::allocator_traits<_Alloc>::rebind_traits<T>::allocator_type> >::type>, const rmw_message_info_t&)> >::value>::type* <anonymous> = <enumerator>; MessageT = const std::shared_ptr<const sensor_msgs::msg::Image_<std::allocator<void> > >&; Alloc = std::allocator<void>]
[1.671s]    void [01;36m[Kset[m[K(CallbackT callback)
[1.671s]         [01;36m[K^~~[m[K
[1.672s] [01m[K/opt/ros/dashing/include/rclcpp/any_subscription_callback.hpp:150:8:[m[K [01;36m[Knote: [m[K  template argument deduction/substitution failed:
[1.672s] [01m[K/opt/ros/dashing/include/rclcpp/any_subscription_callback.hpp:148:17:[m[K [01;31m[Kerror: [m[Kno type named ‘[01m[Ktype[m[K’ in ‘[01m[Kstruct std::enable_if<false, void>[m[K’
[1.672s]      >::type * = [01;31m[Knullptr[m[K
[1.672s]                  [01;31m[K^~~~~~~[m[K
[1.673s] [01m[K/opt/ros/dashing/include/rclcpp/any_subscription_callback.hpp:148:17:[m[K [01;36m[Knote: [m[Kinvalid template non-type parameter
[2.150s] In file included from [01m[K/usr/include/x86_64-linux-gnu/c++/7/bits/c++allocator.h:33:0[m[K,
[2.150s]                  from [01m[K/usr/include/c++/7/bits/allocator.h:46[m[K,
[2.151s]                  from [01m[K/usr/include/c++/7/string:41[m[K,
[2.151s]                  from [01m[K/usr/include/c++/7/stdexcept:39[m[K,
[2.151s]                  from [01m[K/usr/include/c++/7/array:39[m[K,
[2.151s]                  from [01m[K/usr/include/c++/7/tuple:39[m[K,
[2.151s]                  from [01m[K/usr/include/c++/7/functional:54[m[K,
[2.151s]                  from [01m[K/home/turgay/dev_ws/src/ros2_robot/ground_plane_estimator/src/ground_plane_estimator_node.cpp:3[m[K:
[2.152s] /usr/include/c++/7/ext/new_allocator.h: In instantiation of ‘[01m[Kclass __gnu_cxx::new_allocator<const std::shared_ptr<const sensor_msgs::msg::Image_<std::allocator<void> > >&>[m[K’:
[2.152s] [01m[K/usr/include/c++/7/bits/allocator.h:108:11:[m[K   required from ‘[01m[Kclass std::allocator<const std::shared_ptr<const sensor_msgs::msg::Image_<std::allocator<void> > >&>[m[K’
[2.152s] [01m[K/usr/include/c++/7/bits/shared_ptr_base.h:1355:63:[m[K   required by substitution of ‘[01m[Ktemplate<class _Yp> struct std::__shared_ptr<std::allocator<const std::shared_ptr<const sensor_msgs::msg::Image_<std::allocator<void> > >&>, (__gnu_cxx::_Lock_policy)2>::__has_esft_base<_Yp, std::__void_t<decltype (__enable_shared_from_this_base(declval<const std::__shared_count<(__gnu_cxx::_Lock_policy)2>&>(), declval<_Yp*>()))> > [with _Yp = std::allocator<const std::shared_ptr<const sensor_msgs::msg::Image_<std::allocator<void> > >&>][m[K’
[2.152s] [01m[K/usr/include/c++/7/bits/shared_ptr_base.h:1377:21:[m[K   required by substitution of ‘[01m[Ktemplate<class _Yp, class _Yp2> typename std::enable_if<(! std::__shared_ptr<std::allocator<const std::shared_ptr<const sensor_msgs::msg::Image_<std::allocator<void> > >&>, (__gnu_cxx::_Lock_policy)2>::__has_esft_base<_Yp2, void>::value), void>::type std::__shared_ptr<std::allocator<const std::shared_ptr<const sensor_msgs::msg::Image_<std::allocator<void> > >&>, (__gnu_cxx::_Lock_policy)2>::_M_enable_shared_from_this_with<_Yp, _Yp2>(_Yp*) [with _Yp = std::allocator<const std::shared_ptr<const sensor_msgs::msg::Image_<std::allocator<void> > >&>; _Yp2 = std::allocator<const std::shared_ptr<const sensor_msgs::msg::Image_<std::allocator<void> > >&>][m[K’
[2.152s] [01m[K/usr/include/c++/7/bits/shared_ptr_base.h:1301:35:[m[K   required from ‘[01m[Kstd::__shared_ptr<_Tp, _Lp>::__shared_ptr(std::_Sp_make_shared_tag, const _Alloc&, _Args&& ...) [with _Alloc = std::allocator<std::allocator<const std::shared_ptr<const sensor_msgs::msg::Image_<std::allocator<void> > >&> >; _Args = {std::allocator<void>&}; _Tp = std::allocator<const std::shared_ptr<const sensor_msgs::msg::Image_<std::allocator<void> > >&>; __gnu_cxx::_Lock_policy _Lp = (__gnu_cxx::_Lock_policy)2][m[K’
[2.152s] [01m[K/usr/include/c++/7/bits/shared_ptr.h:344:64:[m[K   required from ‘[01m[Kstd::shared_ptr<_Tp>::shared_ptr(std::_Sp_make_shared_tag, const _Alloc&, _Args&& ...) [with _Alloc = std::allocator<std::allocator<const std::shared_ptr<const sensor_msgs::msg::Image_<std::allocator<void> > >&> >; _Args = {std::allocator<void>&}; _Tp = std::allocator<const std::shared_ptr<const sensor_msgs::msg::Image_<std::allocator<void> > >&>][m[K’
[2.153s] [01m[K/usr/include/c++/7/bits/shared_ptr.h:690:14:[m[K   [ skipping 9 instantiation contexts, use -ftemplate-backtrace-limit=0 to disable ]
[2.153s] [01m[K/usr/include/c++/7/bits/shared_ptr.h:690:14:[m[K   required from ‘[01m[Kstd::shared_ptr<_Tp> std::allocate_shared(const _Alloc&, _Args&& ...) [with _Tp = rclcpp::message_memory_strategy::MessageMemoryStrategy<const std::shared_ptr<const sensor_msgs::msg::Image_<std::allocator<void> > >&, std::allocator<void> >; _Alloc = std::allocator<rclcpp::message_memory_strategy::MessageMemoryStrategy<const std::shared_ptr<const sensor_msgs::msg::Image_<std::allocator<void> > >&, std::allocator<void> > >; _Args = {std::shared_ptr<std::allocator<void> >}][m[K’
[2.153s] [01m[K/usr/include/c++/7/bits/shared_ptr.h:706:39:[m[K   required from ‘[01m[Kstd::shared_ptr<_Tp> std::make_shared(_Args&& ...) [with _Tp = rclcpp::message_memory_strategy::MessageMemoryStrategy<const std::shared_ptr<const sensor_msgs::msg::Image_<std::allocator<void> > >&, std::allocator<void> >; _Args = {std::shared_ptr<std::allocator<void> >}][m[K’
[2.153s] [01m[K/opt/ros/dashing/include/rclcpp/message_memory_strategy.hpp:79:68:[m[K   required from ‘[01m[Kstatic rclcpp::message_memory_strategy::MessageMemoryStrategy<MessageT, Alloc>::SharedPtr rclcpp::message_memory_strategy::MessageMemoryStrategy<MessageT, Alloc>::create_default() [with MessageT = const std::shared_ptr<const sensor_msgs::msg::Image_<std::allocator<void> > >&; Alloc = std::allocator<void>; rclcpp::message_memory_strategy::MessageMemoryStrategy<MessageT, Alloc>::SharedPtr = std::shared_ptr<rclcpp::message_memory_strategy::MessageMemoryStrategy<const std::shared_ptr<const sensor_msgs::msg::Image_<std::allocator<void> > >&, std::allocator<void> > >][m[K’
[2.153s] [01m[K/opt/ros/dashing/include/rclcpp/create_subscription.hpp:107:88:[m[K   required from ‘[01m[Kstd::shared_ptr<SubscriptionT> rclcpp::create_subscription(NodeT&&, const string&, const rclcpp::QoS&, CallbackT&&, const rclcpp::SubscriptionOptionsWithAllocator<AllocatorT>&, typename rclcpp::message_memory_strategy::MessageMemoryStrategy<CallbackMessageT, Alloc>::SharedPtr) [with MessageT = std_msgs::msg::String_<std::allocator<void> >; CallbackT = std::_Bind<void (GroundPlaneEstimatorNode::*(GroundPlaneEstimatorNode*, std::_Placeholder<1>))(const std::shared_ptr<const sensor_msgs::msg::Image_<std::allocator<void> > >&)>; AllocatorT = std::allocator<void>; CallbackMessageT = const std::shared_ptr<const sensor_msgs::msg::Image_<std::allocator<void> > >&; SubscriptionT = rclcpp::Subscription<const std::shared_ptr<const sensor_msgs::msg::Image_<std::allocator<void> > >&, std::allocator<void> >; NodeT = rclcpp::Node&; std::__cxx11::string = std::__cxx11::basic_string<char>; typename rclcpp::message_memory_strategy::MessageMemoryStrategy<CallbackMessageT, Alloc>::SharedPtr = std::shared_ptr<rclcpp::message_memory_strategy::MessageMemoryStrategy<const std::shared_ptr<const sensor_msgs::msg::Image_<std::allocator<void> > >&, std::allocator<void> > >][m[K’
[2.153s] [01m[K/opt/ros/dashing/include/rclcpp/node_impl.hpp:124:47:[m[K   required from ‘[01m[Kstd::shared_ptr<SubscriptionT> rclcpp::Node::create_subscription(const string&, const rclcpp::QoS&, CallbackT&&, const rclcpp::SubscriptionOptionsWithAllocator<AllocatorT>&, typename rclcpp::message_memory_strategy::MessageMemoryStrategy<typename rclcpp::subscription_traits::has_message_type<CallbackT>::type, AllocatorT>::SharedPtr) [with MessageT = std_msgs::msg::String_<std::allocator<void> >; CallbackT = std::_Bind<void (GroundPlaneEstimatorNode::*(GroundPlaneEstimatorNode*, std::_Placeholder<1>))(const std::shared_ptr<const sensor_msgs::msg::Image_<std::allocator<void> > >&)>; AllocatorT = std::allocator<void>; SubscriptionT = rclcpp::Subscription<const std::shared_ptr<const sensor_msgs::msg::Image_<std::allocator<void> > >&, std::allocator<void> >; std::__cxx11::string = std::__cxx11::basic_string<char>; typename rclcpp::message_memory_strategy::MessageMemoryStrategy<typename rclcpp::subscription_traits::has_message_type<CallbackT>::type, AllocatorT>::SharedPtr = std::shared_ptr<rclcpp::message_memory_strategy::MessageMemoryStrategy<const std::shared_ptr<const sensor_msgs::msg::Image_<std::allocator<void> > >&, std::allocator<void> > >][m[K’
[2.154s] [01m[K/home/turgay/dev_ws/src/ros2_robot/ground_plane_estimator/src/ground_plane_estimator_node.cpp:28:197:[m[K   required from here
[2.154s] [01m[K/usr/include/c++/7/ext/new_allocator.h:63:26:[m[K [01;31m[Kerror: [m[Kforming pointer to reference type ‘[01m[Kconst std::shared_ptr<const sensor_msgs::msg::Image_<std::allocator<void> > >&[m[K’
[2.154s]        typedef _Tp*       [01;31m[Kpointer[m[K;
[2.154s]                           [01;31m[K^~~~~~~[m[K
[2.154s] [01m[K/usr/include/c++/7/ext/new_allocator.h:64:26:[m[K [01;31m[Kerror: [m[Kforming pointer to reference type ‘[01m[Kconst std::shared_ptr<const sensor_msgs::msg::Image_<std::allocator<void> > >&[m[K’
[2.155s]        typedef const _Tp* [01;31m[Kconst_pointer[m[K;
[2.155s]                           [01;31m[K^~~~~~~~~~~~~[m[K
[2.155s] In file included from [01m[K/usr/include/c++/7/string:41:0[m[K,
[2.155s]                  from [01m[K/usr/include/c++/7/stdexcept:39[m[K,
[2.155s]                  from [01m[K/usr/include/c++/7/array:39[m[K,
[2.156s]                  from [01m[K/usr/include/c++/7/tuple:39[m[K,
[2.156s]                  from [01m[K/usr/include/c++/7/functional:54[m[K,
[2.156s]                  from [01m[K/home/turgay/dev_ws/src/ros2_robot/ground_plane_estimator/src/ground_plane_estimator_node.cpp:3[m[K:
[2.156s] /usr/include/c++/7/bits/allocator.h: In instantiation of ‘[01m[Kclass std::allocator<const std::shared_ptr<const sensor_msgs::msg::Image_<std::allocator<void> > >&>[m[K’:
[2.156s] [01m[K/usr/include/c++/7/bits/shared_ptr_base.h:1355:63:[m[K   required by substitution of ‘[01m[Ktemplate<class _Yp> struct std::__shared_ptr<std::allocator<const std::shared_ptr<const sensor_msgs::msg::Image_<std::allocator<void> > >&>, (__gnu_cxx::_Lock_policy)2>::__has_esft_base<_Yp, std::__void_t<decltype (__enable_shared_from_this_base(declval<const std::__shared_count<(__gnu_cxx::_Lock_policy)2>&>(), declval<_Yp*>()))> > [with _Yp = std::allocator<const std::shared_ptr<const sensor_msgs::msg::Image_<std::allocator<void> > >&>][m[K’
[2.156s] [01m[K/usr/include/c++/7/bits/shared_ptr_base.h:1377:21:[m[K   required by substitution of ‘[01m[Ktemplate<class _Yp, class _Yp2> typename std::enable_if<(! std::__shared_ptr<std::allocator<const std::shared_ptr<const sensor_msgs::msg::Image_<std::allocator<void> > >&>, (__gnu_cxx::_Lock_policy)2>::__has_esft_base<_Yp2, void>::value), void>::type std::__shared_ptr<std::allocator<const std::shared_ptr<const sensor_msgs::msg::Image_<std::allocator<void> > >&>, (__gnu_cxx::_Lock_policy)2>::_M_enable_shared_from_this_with<_Yp, _Yp2>(_Yp*) [with _Yp = std::allocator<const std::shared_ptr<const sensor_msgs::msg::Image_<std::allocator<void> > >&>; _Yp2 = std::allocator<const std::shared_ptr<const sensor_msgs::msg::Image_<std::allocator<void> > >&>][m[K’
[2.157s] [01m[K/usr/include/c++/7/bits/shared_ptr_base.h:1301:35:[m[K   required from ‘[01m[Kstd::__shared_ptr<_Tp, _Lp>::__shared_ptr(std::_Sp_make_shared_tag, const _Alloc&, _Args&& ...) [with _Alloc = std::allocator<std::allocator<const std::shared_ptr<const sensor_msgs::msg::Image_<std::allocator<void> > >&> >; _Args = {std::allocator<void>&}; _Tp = std::allocator<const std::shared_ptr<const sensor_msgs::msg::Image_<std::allocator<void> > >&>; __gnu_cxx::_Lock_policy _Lp = (__gnu_cxx::_Lock_policy)2][m[K’
[2.157s] [01m[K/usr/include/c++/7/bits/shared_ptr.h:344:64:[m[K   required from ‘[01m[Kstd::shared_ptr<_Tp>::shared_ptr(std::_Sp_make_shared_tag, const _Alloc&, _Args&& ...) [with _Alloc = std::allocator<std::allocator<const std::shared_ptr<const sensor_msgs::msg::Image_<std::allocator<void> > >&> >; _Args = {std::allocator<void>&}; _Tp = std::allocator<const std::shared_ptr<const sensor_msgs::msg::Image_<std::allocator<void> > >&>][m[K’
[2.157s] [01m[K/usr/include/c++/7/bits/shared_ptr.h:690:14:[m[K   required from ‘[01m[Kstd::shared_ptr<_Tp> std::allocate_shared(const _Alloc&, _Args&& ...) [with _Tp = std::allocator<const std::shared_ptr<const sensor_msgs::msg::Image_<std::allocator<void> > >&>; _Alloc = std::allocator<std::allocator<const std::shared_ptr<const sensor_msgs::msg::Image_<std::allocator<void> > >&> >; _Args = {std::allocator<void>&}][m[K’
[2.157s] [01m[K/usr/include/c++/7/bits/shared_ptr.h:706:39:[m[K   [ skipping 8 instantiation contexts, use -ftemplate-backtrace-limit=0 to disable ]
[2.157s] [01m[K/usr/include/c++/7/bits/shared_ptr.h:690:14:[m[K   required from ‘[01m[Kstd::shared_ptr<_Tp> std::allocate_shared(const _Alloc&, _Args&& ...) [with _Tp = rclcpp::message_memory_strategy::MessageMemoryStrategy<const std::shared_ptr<const sensor_msgs::msg::Image_<std::allocator<void> > >&, std::allocator<void> >; _Alloc = std::allocator<rclcpp::message_memory_strategy::MessageMemoryStrategy<const std::shared_ptr<const sensor_msgs::msg::Image_<std::allocator<void> > >&, std::allocator<void> > >; _Args = {std::shared_ptr<std::allocator<void> >}][m[K’
[2.157s] [01m[K/usr/include/c++/7/bits/shared_ptr.h:706:39:[m[K   required from ‘[01m[Kstd::shared_ptr<_Tp> std::make_shared(_Args&& ...) [with _Tp = rclcpp::message_memory_strategy::MessageMemoryStrategy<const std::shared_ptr<const sensor_msgs::msg::Image_<std::allocator<void> > >&, std::allocator<void> >; _Args = {std::shared_ptr<std::allocator<void> >}][m[K’
[2.158s] [01m[K/opt/ros/dashing/include/rclcpp/message_memory_strategy.hpp:79:68:[m[K   required from ‘[01m[Kstatic rclcpp::message_memory_strategy::MessageMemoryStrategy<MessageT, Alloc>::SharedPtr rclcpp::message_memory_strategy::MessageMemoryStrategy<MessageT, Alloc>::create_default() [with MessageT = const std::shared_ptr<const sensor_msgs::msg::Image_<std::allocator<void> > >&; Alloc = std::allocator<void>; rclcpp::message_memory_strategy::MessageMemoryStrategy<MessageT, Alloc>::SharedPtr = std::shared_ptr<rclcpp::message_memory_strategy::MessageMemoryStrategy<const std::shared_ptr<const sensor_msgs::msg::Image_<std::allocator<void> > >&, std::allocator<void> > >][m[K’
[2.158s] [01m[K/opt/ros/dashing/include/rclcpp/create_subscription.hpp:107:88:[m[K   required from ‘[01m[Kstd::shared_ptr<SubscriptionT> rclcpp::create_subscription(NodeT&&, const string&, const rclcpp::QoS&, CallbackT&&, const rclcpp::SubscriptionOptionsWithAllocator<AllocatorT>&, typename rclcpp::message_memory_strategy::MessageMemoryStrategy<CallbackMessageT, Alloc>::SharedPtr) [with MessageT = std_msgs::msg::String_<std::allocator<void> >; CallbackT = std::_Bind<void (GroundPlaneEstimatorNode::*(GroundPlaneEstimatorNode*, std::_Placeholder<1>))(const std::shared_ptr<const sensor_msgs::msg::Image_<std::allocator<void> > >&)>; AllocatorT = std::allocator<void>; CallbackMessageT = const std::shared_ptr<const sensor_msgs::msg::Image_<std::allocator<void> > >&; SubscriptionT = rclcpp::Subscription<const std::shared_ptr<const sensor_msgs::msg::Image_<std::allocator<void> > >&, std::allocator<void> >; NodeT = rclcpp::Node&; std::__cxx11::string = std::__cxx11::basic_string<char>; typename rclcpp::message_memory_strategy::MessageMemoryStrategy<CallbackMessageT, Alloc>::SharedPtr = std::shared_ptr<rclcpp::message_memory_strategy::MessageMemoryStrategy<const std::shared_ptr<const sensor_msgs::msg::Image_<std::allocator<void> > >&, std::allocator<void> > >][m[K’
[2.158s] [01m[K/opt/ros/dashing/include/rclcpp/node_impl.hpp:124:47:[m[K   required from ‘[01m[Kstd::shared_ptr<SubscriptionT> rclcpp::Node::create_subscription(const string&, const rclcpp::QoS&, CallbackT&&, const rclcpp::SubscriptionOptionsWithAllocator<AllocatorT>&, typename rclcpp::message_memory_strategy::MessageMemoryStrategy<typename rclcpp::subscription_traits::has_message_type<CallbackT>::type, AllocatorT>::SharedPtr) [with MessageT = std_msgs::msg::String_<std::allocator<void> >; CallbackT = std::_Bind<void (GroundPlaneEstimatorNode::*(GroundPlaneEstimatorNode*, std::_Placeholder<1>))(const std::shared_ptr<const sensor_msgs::msg::Image_<std::allocator<void> > >&)>; AllocatorT = std::allocator<void>; SubscriptionT = rclcpp::Subscription<const std::shared_ptr<const sensor_msgs::msg::Image_<std::allocator<void> > >&, std::allocator<void> >; std::__cxx11::string = std::__cxx11::basic_string<char>; typename rclcpp::message_memory_strategy::MessageMemoryStrategy<typename rclcpp::subscription_traits::has_message_type<CallbackT>::type, AllocatorT>::SharedPtr = std::shared_ptr<rclcpp::message_memory_strategy::MessageMemoryStrategy<const std::shared_ptr<const sensor_msgs::msg::Image_<std::allocator<void> > >&, std::allocator<void> > >][m[K’
[2.158s] [01m[K/home/turgay/dev_ws/src/ros2_robot/ground_plane_estimator/src/ground_plane_estimator_node.cpp:28:197:[m[K   required from here
[2.158s] [01m[K/usr/include/c++/7/bits/allocator.h:113:26:[m[K [01;31m[Kerror: [m[Kforming pointer to reference type ‘[01m[Kconst std::shared_ptr<const sensor_msgs::msg::Image_<std::allocator<void> > >&[m[K’
[2.158s]        typedef _Tp*       [01;31m[Kpointer[m[K;
[2.158s]                           [01;31m[K^~~~~~~[m[K
[2.158s] [01m[K/usr/include/c++/7/bits/allocator.h:114:26:[m[K [01;31m[Kerror: [m[Kforming pointer to reference type ‘[01m[Kconst std::shared_ptr<const sensor_msgs::msg::Image_<std::allocator<void> > >&[m[K’
[2.158s]        typedef const _Tp* [01;31m[Kconst_pointer[m[K;
[2.158s]                           [01;31m[K^~~~~~~~~~~~~[m[K
[2.199s] In file included from [01m[K/usr/include/c++/7/bits/shared_ptr.h:52:0[m[K,
[2.200s]                  from [01m[K/usr/include/c++/7/memory:81[m[K,
[2.200s]                  from [01m[K/home/turgay/dev_ws/src/ros2_robot/ground_plane_estimator/src/ground_plane_estimator_node.cpp:4[m[K:
[2.200s] /usr/include/c++/7/bits/shared_ptr_base.h: In instantiation of ‘[01m[Kclass std::__shared_ptr_access<const std::shared_ptr<const sensor_msgs::msg::Image_<std::allocator<void> > >&, (__gnu_cxx::_Lock_policy)2, false, false>[m[K’:
[2.200s] [01m[K/usr/include/c++/7/bits/shared_ptr_base.h:1034:11:[m[K   required from ‘[01m[Kclass std::__shared_ptr<const std::shared_ptr<const sensor_msgs::msg::Image_<std::allocator<void> > >&, (__gnu_cxx::_Lock_policy)2>[m[K’
[2.201s] [01m[K/usr/include/c++/7/bits/shared_ptr.h:93:11:[m[K   required from ‘[01m[Kclass std::shared_ptr<const std::shared_ptr<const sensor_msgs::msg::Image_<std::allocator<void> > >&>[m[K’
[2.201s] [01m[K/opt/ros/dashing/include/rclcpp/message_memory_strategy.hpp:84:37:[m[K   required from ‘[01m[Kstd::shared_ptr<_Tp> rclcpp::message_memory_strategy::MessageMemoryStrategy<MessageT, Alloc>::borrow_message() [with MessageT = const std::shared_ptr<const sensor_msgs::msg::Image_<std::allocator<void> > >&; Alloc = std::allocator<void>][m[K’
[2.201s] [01m[K/home/turgay/dev_ws/src/ros2_robot/ground_plane_estimator/src/ground_plane_estimator_node.cpp:69:1:[m[K   required from here
[2.201s] [01m[K/usr/include/c++/7/bits/shared_ptr_base.h:966:7:[m[K [01;31m[Kerror: [m[Kforming pointer to reference type ‘[01m[Kstd::__shared_ptr_access<const std::shared_ptr<const sensor_msgs::msg::Image_<std::allocator<void> > >&, (__gnu_cxx::_Lock_policy)2, false, false>::element_type {aka const std::shared_ptr<const sensor_msgs::msg::Image_<std::allocator<void> > >&}[m[K’
[2.201s]        [01;31m[Koperator[m[K->() const noexcept
[2.201s]        [01;31m[K^~~~~~~~[m[K
[2.201s] [01m[K/usr/include/c++/7/bits/shared_ptr_base.h:974:7:[m[K [01;31m[Kerror: [m[Kforming pointer to reference type ‘[01m[Kstd::__shared_ptr_access<const std::shared_ptr<const sensor_msgs::msg::Image_<std::allocator<void> > >&, (__gnu_cxx::_Lock_policy)2, false, false>::element_type {aka const std::shared_ptr<const sensor_msgs::msg::Image_<std::allocator<void> > >&}[m[K’
[2.202s]        [01;31m[K_M_get[m[K() const noexcept
[2.202s]        [01;31m[K^~~~~~[m[K
[2.202s] /usr/include/c++/7/bits/shared_ptr_base.h: In instantiation of ‘[01m[Kclass std::__shared_ptr<const std::shared_ptr<const sensor_msgs::msg::Image_<std::allocator<void> > >&, (__gnu_cxx::_Lock_policy)2>[m[K’:
[2.202s] [01m[K/usr/include/c++/7/bits/shared_ptr.h:93:11:[m[K   required from ‘[01m[Kclass std::shared_ptr<const std::shared_ptr<const sensor_msgs::msg::Image_<std::allocator<void> > >&>[m[K’
[2.202s] [01m[K/opt/ros/dashing/include/rclcpp/message_memory_strategy.hpp:84:37:[m[K   required from ‘[01m[Kstd::shared_ptr<_Tp> rclcpp::message_memory_strategy::MessageMemoryStrategy<MessageT, Alloc>::borrow_message() [with MessageT = const std::shared_ptr<const sensor_msgs::msg::Image_<std::allocator<void> > >&; Alloc = std::allocator<void>][m[K’
[2.202s] [01m[K/home/turgay/dev_ws/src/ros2_robot/ground_plane_estimator/src/ground_plane_estimator_node.cpp:69:1:[m[K   required from here
[2.203s] [01m[K/usr/include/c++/7/bits/shared_ptr_base.h:1049:66:[m[K [01;31m[Kerror: [m[Kforming pointer to reference type ‘[01m[Kconst std::shared_ptr<const sensor_msgs::msg::Image_<std::allocator<void> > >&[m[K’
[2.203s]     enable_if<__sp_compatible_with<_Yp*, _Tp*>::value, _Res>::type[01;31m[K;[m[K
[2.203s]                                                                   [01;31m[K^[m[K
[2.203s] [01m[K/usr/include/c++/7/bits/shared_ptr_base.h:1060:25:[m[K [01;31m[Kerror: [m[Kforming pointer to reference type ‘[01m[Kconst std::shared_ptr<const sensor_msgs::msg::Image_<std::allocator<void> > >&[m[K’
[2.203s]     >::value, _Res>::type[01;31m[K;[m[K
[2.203s]                          [01;31m[K^[m[K
[2.204s] [01m[K/usr/include/c++/7/bits/shared_ptr_base.h:1116:2:[m[K [01;31m[Kerror: [m[Kforming pointer to reference type ‘[01m[Kstd::__shared_ptr<const std::shared_ptr<const sensor_msgs::msg::Image_<std::allocator<void> > >&, (__gnu_cxx::_Lock_policy)2>::element_type {aka const std::shared_ptr<const sensor_msgs::msg::Image_<std::allocator<void> > >&}[m[K’
[2.204s]   [01;31m[K__shared_ptr[m[K(const __shared_ptr<_Yp, _Lp>& __r,
[2.204s]   [01;31m[K^~~~~~~~~~~~[m[K
[2.204s] /usr/include/c++/7/bits/shared_ptr_base.h: In substitution of ‘[01m[Ktemplate<class _Tp, __gnu_cxx::_Lock_policy _Lp> template<class _Yp, class _Res> using _Compatible = typename std::enable_if<std::__sp_compatible_with<_Yp*, _Tp*>::value, _Res>::type [with _Yp = _Yp; _Res = void; _Tp = const std::shared_ptr<const sensor_msgs::msg::Image_<std::allocator<void> > >&; __gnu_cxx::_Lock_policy _Lp = (__gnu_cxx::_Lock_policy)2][m[K’:
[2.204s] [01m[K/usr/include/c++/7/bits/shared_ptr_base.h:1126:2:[m[K   required from ‘[01m[Kclass std::__shared_ptr<const std::shared_ptr<const sensor_msgs::msg::Image_<std::allocator<void> > >&, (__gnu_cxx::_Lock_policy)2>[m[K’
[2.205s] [01m[K/usr/include/c++/7/bits/shared_ptr.h:93:11:[m[K   required from ‘[01m[Kclass std::shared_ptr<const std::shared_ptr<const sensor_msgs::msg::Image_<std::allocator<void> > >&>[m[K’
[2.205s] [01m[K/opt/ros/dashing/include/rclcpp/message_memory_strategy.hpp:84:37:[m[K   required from ‘[01m[Kstd::shared_ptr<_Tp> rclcpp::message_memory_strategy::MessageMemoryStrategy<MessageT, Alloc>::borrow_message() [with MessageT = const std::shared_ptr<const sensor_msgs::msg::Image_<std::allocator<void> > >&; Alloc = std::allocator<void>][m[K’
[2.205s] [01m[K/home/turgay/dev_ws/src/ros2_robot/ground_plane_estimator/src/ground_plane_estimator_node.cpp:69:1:[m[K   required from here
[2.205s] [01m[K/usr/include/c++/7/bits/shared_ptr_base.h:1049:66:[m[K [01;31m[Kerror: [m[Kforming pointer to reference type ‘[01m[Kconst std::shared_ptr<const sensor_msgs::msg::Image_<std::allocator<void> > >&[m[K’
[2.205s]     enable_if<__sp_compatible_with<_Yp*, _Tp*>::value, _Res>::type[01;31m[K;[m[K
[2.206s]                                                                   [01;31m[K^[m[K
[2.206s] /usr/include/c++/7/bits/shared_ptr_base.h: In substitution of ‘[01m[Ktemplate<class _Tp, __gnu_cxx::_Lock_policy _Lp> template<class _Yp, class _Del, class _Res, class _Ptr> using _UniqCompatible = typename std::enable_if<std::__and_<std::__sp_compatible_with<_Yp*, _Tp*>, std::is_convertible<_Ptr, typename std::remove_extent<_Up>::type*> >::value, _Res>::type [with _Yp = _Yp; _Del = _Del; _Res = void; _Ptr = typename std::unique_ptr<_Tp, _Dp>::pointer; _Tp = const std::shared_ptr<const sensor_msgs::msg::Image_<std::allocator<void> > >&; __gnu_cxx::_Lock_policy _Lp = (__gnu_cxx::_Lock_policy)2][m[K’:
[2.206s] [01m[K/usr/include/c++/7/bits/shared_ptr_base.h:1157:2:[m[K   required from ‘[01m[Kclass std::__shared_ptr<const std::shared_ptr<const sensor_msgs::msg::Image_<std::allocator<void> > >&, (__gnu_cxx::_Lock_policy)2>[m[K’
[2.206s] [01m[K/usr/include/c++/7/bits/shared_ptr.h:93:11:[m[K   required from ‘[01m[Kclass std::shared_ptr<const std::shared_ptr<const sensor_msgs::msg::Image_<std::allocator<void> > >&>[m[K’
[2.207s] [01m[K/opt/ros/dashing/include/rclcpp/message_memory_strategy.hpp:84:37:[m[K   required from ‘[01m[Kstd::shared_ptr<_Tp> rclcpp::message_memory_strategy::MessageMemoryStrategy<MessageT, Alloc>::borrow_message() [with MessageT = const std::shared_ptr<const sensor_msgs::msg::Image_<std::allocator<void> > >&; Alloc = std::allocator<void>][m[K’
[2.207s] [01m[K/home/turgay/dev_ws/src/ros2_robot/ground_plane_estimator/src/ground_plane_estimator_node.cpp:69:1:[m[K   required from here
[2.207s] [01m[K/usr/include/c++/7/bits/shared_ptr_base.h:1060:25:[m[K [01;31m[Kerror: [m[Kforming pointer to reference type ‘[01m[Kconst std::shared_ptr<const sensor_msgs::msg::Image_<std::allocator<void> > >&[m[K’
[2.207s]     >::value, _Res>::type[01;31m[K;[m[K
[2.208s]                          [01;31m[K^[m[K
[2.208s] /usr/include/c++/7/bits/shared_ptr_base.h: In instantiation of ‘[01m[Kclass std::__shared_ptr<const std::shared_ptr<const sensor_msgs::msg::Image_<std::allocator<void> > >&, (__gnu_cxx::_Lock_policy)2>[m[K’:
[2.208s] [01m[K/usr/include/c++/7/bits/shared_ptr.h:93:11:[m[K   required from ‘[01m[Kclass std::shared_ptr<const std::shared_ptr<const sensor_msgs::msg::Image_<std::allocator<void> > >&>[m[K’
[2.208s] [01m[K/opt/ros/dashing/include/rclcpp/message_memory_strategy.hpp:84:37:[m[K   required from ‘[01m[Kstd::shared_ptr<_Tp> rclcpp::message_memory_strategy::MessageMemoryStrategy<MessageT, Alloc>::borrow_message() [with MessageT = const std::shared_ptr<const sensor_msgs::msg::Image_<std::allocator<void> > >&; Alloc = std::allocator<void>][m[K’
[2.208s] [01m[K/home/turgay/dev_ws/src/ros2_robot/ground_plane_estimator/src/ground_plane_estimator_node.cpp:69:1:[m[K   required from here
[2.209s] [01m[K/usr/include/c++/7/bits/shared_ptr_base.h:1173:2:[m[K [01;31m[Kerror: [m[Kforming pointer to reference type ‘[01m[Kconst std::shared_ptr<const sensor_msgs::msg::Image_<std::allocator<void> > >&[m[K’
[2.209s]   [01;31m[K__shared_ptr[m[K(unique_ptr<_Tp1, _Del>&& __r, __sp_array_delete)
[2.209s]   [01;31m[K^~~~~~~~~~~~[m[K
[2.209s] [01m[K/usr/include/c++/7/bits/shared_ptr_base.h:1172:33:[m[K [01;31m[Kerror: [m[Kforming pointer to reference type ‘[01m[Kconst std::shared_ptr<const sensor_msgs::msg::Image_<std::allocator<void> > >&[m[K’
[2.210s]          >::value, bool>::type = [01;31m[Ktrue[m[K>
[2.210s]                                  [01;31m[K^~~~[m[K
[2.210s] [01m[K/usr/include/c++/7/bits/shared_ptr_base.h:1173:2:[m[K [01;36m[Knote: [m[Kinvalid template non-type parameter
[2.210s]   [01;36m[K__shared_ptr[m[K(unique_ptr<_Tp1, _Del>&& __r, __sp_array_delete)
[2.211s]   [01;36m[K^~~~~~~~~~~~[m[K
[2.211s] [01m[K/usr/include/c++/7/bits/shared_ptr_base.h:1257:7:[m[K [01;31m[Kerror: [m[Kforming pointer to reference type ‘[01m[Kstd::__shared_ptr<const std::shared_ptr<const sensor_msgs::msg::Image_<std::allocator<void> > >&, (__gnu_cxx::_Lock_policy)2>::element_type {aka const std::shared_ptr<const sensor_msgs::msg::Image_<std::allocator<void> > >&}[m[K’
[2.211s]        [01;31m[Kget[m[K() const noexcept
[2.211s]        [01;31m[K^~~[m[K
[2.211s] [01m[K/usr/include/c++/7/bits/shared_ptr_base.h:1401:24:[m[K [01;31m[Kerror: [m[Kforming pointer to reference type ‘[01m[Kstd::__shared_ptr<const std::shared_ptr<const sensor_msgs::msg::Image_<std::allocator<void> > >&, (__gnu_cxx::_Lock_policy)2>::element_type {aka const std::shared_ptr<const sensor_msgs::msg::Image_<std::allocator<void> > >&}[m[K’
[2.212s]        element_type*    [01;31m[K_M_ptr[m[K;         // Contained pointer.
[2.212s]                         [01;31m[K^~~~~~[m[K
[2.212s] In file included from [01m[K/usr/include/c++/7/memory:81:0[m[K,
[2.213s]                  from [01m[K/home/turgay/dev_ws/src/ros2_robot/ground_plane_estimator/src/ground_plane_estimator_node.cpp:4[m[K:
[2.213s] /usr/include/c++/7/bits/shared_ptr.h: In instantiation of ‘[01m[Kclass std::shared_ptr<const std::shared_ptr<const sensor_msgs::msg::Image_<std::allocator<void> > >&>[m[K’:
[2.213s] [01m[K/opt/ros/dashing/include/rclcpp/message_memory_strategy.hpp:84:37:[m[K   required from ‘[01m[Kstd::shared_ptr<_Tp> rclcpp::message_memory_strategy::MessageMemoryStrategy<MessageT, Alloc>::borrow_message() [with MessageT = const std::shared_ptr<const sensor_msgs::msg::Image_<std::allocator<void> > >&; Alloc = std::allocator<void>][m[K’
[2.213s] [01m[K/home/turgay/dev_ws/src/ros2_robot/ground_plane_estimator/src/ground_plane_estimator_node.cpp:69:1:[m[K   required from here
[2.214s] [01m[K/usr/include/c++/7/bits/shared_ptr.h:224:2:[m[K [01;31m[Kerror: [m[Kforming pointer to reference type ‘[01m[Kstd::shared_ptr<const std::shared_ptr<const sensor_msgs::msg::Image_<std::allocator<void> > >&>::element_type {aka const std::shared_ptr<const sensor_msgs::msg::Image_<std::allocator<void> > >&}[m[K’
[2.214s]   [01;31m[Kshared_ptr[m[K(const shared_ptr<_Yp>& __r, element_type* __p) noexcept
[2.214s]   [01;31m[K^~~~~~~~~~[m[K
[2.226s] In file included from [01m[K/usr/include/c++/7/bits/shared_ptr.h:52:0[m[K,
[2.226s]                  from [01m[K/usr/include/c++/7/memory:81[m[K,
[2.226s]                  from [01m[K/home/turgay/dev_ws/src/ros2_robot/ground_plane_estimator/src/ground_plane_estimator_node.cpp:4[m[K:
[2.227s] /usr/include/c++/7/bits/shared_ptr_base.h: In instantiation of ‘[01m[Kconstexpr std::__shared_ptr<_Tp, _Lp>::__shared_ptr() [with _Tp = const std::shared_ptr<const sensor_msgs::msg::Image_<std::allocator<void> > >&; __gnu_cxx::_Lock_policy _Lp = (__gnu_cxx::_Lock_policy)2][m[K’:
[2.227s] [01m[K/usr/include/c++/7/bits/shared_ptr_base.h:1235:9:[m[K   required from ‘[01m[Kvoid std::__shared_ptr<_Tp, _Lp>::reset() [with _Tp = const std::shared_ptr<const sensor_msgs::msg::Image_<std::allocator<void> > >&; __gnu_cxx::_Lock_policy _Lp = (__gnu_cxx::_Lock_policy)2][m[K’
[2.227s] [01m[K/opt/ros/dashing/include/rclcpp/message_memory_strategy.hpp:126:5:[m[K   required from ‘[01m[Kvoid rclcpp::message_memory_strategy::MessageMemoryStrategy<MessageT, Alloc>::return_message(std::shared_ptr<_Tp>&) [with MessageT = const std::shared_ptr<const sensor_msgs::msg::Image_<std::allocator<void> > >&; Alloc = std::allocator<void>][m[K’
[2.227s] [01m[K/home/turgay/dev_ws/src/ros2_robot/ground_plane_estimator/src/ground_plane_estimator_node.cpp:69:1:[m[K   required from here
[2.227s] [01m[K/usr/include/c++/7/bits/shared_ptr_base.h:1073:32:[m[K [01;31m[Kerror: [m[Kusing invalid field ‘[01m[Kstd::__shared_ptr<_Tp, _Lp>::_M_ptr[m[K’
[2.227s]        : _M_ptr(0), _M_refcount([01;31m[K)[m[K
[2.228s]                                 [01;31m[K^[m[K
[2.228s] /usr/include/c++/7/bits/shared_ptr_base.h: In instantiation of ‘[01m[Kvoid std::__shared_ptr<_Tp, _Lp>::swap(std::__shared_ptr<_Tp, _Lp>&) [with _Tp = const std::shared_ptr<const sensor_msgs::msg::Image_<std::allocator<void> > >&; __gnu_cxx::_Lock_policy _Lp = (__gnu_cxx::_Lock_policy)2][m[K’:
[2.228s] [01m[K/usr/include/c++/7/bits/shared_ptr_base.h:1235:24:[m[K   required from ‘[01m[Kvoid std::__shared_ptr<_Tp, _Lp>::reset() [with _Tp = const std::shared_ptr<const sensor_msgs::msg::Image_<std::allocator<void> > >&; __gnu_cxx::_Lock_policy _Lp = (__gnu_cxx::_Lock_policy)2][m[K’
[2.228s] [01m[K/opt/ros/dashing/include/rclcpp/message_memory_strategy.hpp:126:5:[m[K   required from ‘[01m[Kvoid rclcpp::message_memory_strategy::MessageMemoryStrategy<MessageT, Alloc>::return_message(std::shared_ptr<_Tp>&) [with MessageT = const std::shared_ptr<const sensor_msgs::msg::Image_<std::allocator<void> > >&; Alloc = std::allocator<void>][m[K’
[2.228s] [01m[K/home/turgay/dev_ws/src/ros2_robot/ground_plane_estimator/src/ground_plane_estimator_node.cpp:69:1:[m[K   required from here
[2.228s] [01m[K/usr/include/c++/7/bits/shared_ptr_base.h:1274:12:[m[K [01;31m[Kerror: [m[Kusing invalid field ‘[01m[Kstd::__shared_ptr<_Tp, _Lp>::_M_ptr[m[K’
[2.229s]   std::swap([01;31m[K_M_ptr[m[K, __other._M_ptr);
[2.229s]             [01;31m[K^~~~~~[m[K
[2.229s] [01m[K/usr/include/c++/7/bits/shared_ptr_base.h:1274:28:[m[K [01;31m[Kerror: [m[K‘[01m[Kclass std::__shared_ptr<const std::shared_ptr<const sensor_msgs::msg::Image_<std::allocator<void> > >&, (__gnu_cxx::_Lock_policy)2>[m[K’ has no member named ‘[01m[K_M_ptr[m[K’
[2.229s]   std::swap(_M_ptr, [01;31m[K__other._M_ptr[m[K);
[2.229s]                     [01;31m[K~~~~~~~~^~~~~~[m[K
[2.264s] In file included from [01m[K/usr/include/c++/7/functional:58:0[m[K,
[2.264s]                  from [01m[K/home/turgay/dev_ws/src/ros2_robot/ground_plane_estimator/src/ground_plane_estimator_node.cpp:3[m[K:
[2.264s] [01m[K/usr/include/c++/7/bits/std_function.h:[m[K At global scope:
[2.264s] [01m[K/usr/include/c++/7/bits/std_function.h:541:2:[m[K [01;31m[Kerror: [m[K‘[01m[Kstd::function<_Res(_ArgTypes ...)>::_Requires<std::function<_Res(_ArgTypes ...)>::_Callable<typename std::decay<_U1>::type>, std::function<_Res(_ArgTypes ...)>&> std::function<_Res(_ArgTypes ...)>::operator=(_Functor&&) [with _Functor = rclcpp::create_subscription_factory(CallbackT&&, const rclcpp::SubscriptionEventCallbacks&, typename rclcpp::message_memory_strategy::MessageMemoryStrategy<CallbackMessageT, Alloc>::SharedPtr, std::shared_ptr<PublisherT>) [with MessageT = std_msgs::msg::String_<std::allocator<void> >; CallbackT = std::_Bind<void (GroundPlaneEstimatorNode::*(GroundPlaneEstimatorNode*, std::_Placeholder<1>))(const std::shared_ptr<const sensor_msgs::msg::Image_<std::allocator<void> > >&)>; Alloc = std::allocator<void>; CallbackMessageT = const std::shared_ptr<const sensor_msgs::msg::Image_<std::allocator<void> > >&; SubscriptionT = rclcpp::Subscription<const std::shared_ptr<const sensor_msgs::msg::Image_<std::allocator<void> > >&, std::allocator<void> >; typename rclcpp::message_memory_strategy::MessageMemoryStrategy<CallbackMessageT, Alloc>::SharedPtr = std::shared_ptr<rclcpp::message_memory_strategy::MessageMemoryStrategy<const std::shared_ptr<const sensor_msgs::msg::Image_<std::allocator<void> > >&, std::allocator<void> > >]::<lambda(rclcpp::node_interfaces::NodeBaseInterface*, const string&, const rcl_subscription_options_t&)>; _Res = std::shared_ptr<rclcpp::SubscriptionBase>; _ArgTypes = {rclcpp::node_interfaces::NodeBaseInterface*, const std::__cxx11::basic_string<char, std::char_traits<char>, std::allocator<char> >&, const rcl_subscription_options_t&}; std::function<_Res(_ArgTypes ...)>::_Requires<std::function<_Res(_ArgTypes ...)>::_Callable<typename std::decay<_U1>::type>, std::function<_Res(_ArgTypes ...)>&> = std::function<std::shared_ptr<rclcpp::SubscriptionBase>(rclcpp::node_interfaces::NodeBaseInterface*, const std::__cxx11::basic_string<char>&, const rcl_subscription_options_t&)>&][m[K’, declared using local type ‘[01m[Krclcpp::create_subscription_factory(CallbackT&&, const rclcpp::SubscriptionEventCallbacks&, typename rclcpp::message_memory_strategy::MessageMemoryStrategy<CallbackMessageT, Alloc>::SharedPtr, std::shared_ptr<PublisherT>) [with MessageT = std_msgs::msg::String_<std::allocator<void> >; CallbackT = std::_Bind<void (GroundPlaneEstimatorNode::*(GroundPlaneEstimatorNode*, std::_Placeholder<1>))(const std::shared_ptr<const sensor_msgs::msg::Image_<std::allocator<void> > >&)>; Alloc = std::allocator<void>; CallbackMessageT = const std::shared_ptr<const sensor_msgs::msg::Image_<std::allocator<void> > >&; SubscriptionT = rclcpp::Subscription<const std::shared_ptr<const sensor_msgs::msg::Image_<std::allocator<void> > >&, std::allocator<void> >; typename rclcpp::message_memory_strategy::MessageMemoryStrategy<CallbackMessageT, Alloc>::SharedPtr = std::shared_ptr<rclcpp::message_memory_strategy::MessageMemoryStrategy<const std::shared_ptr<const sensor_msgs::msg::Image_<std::allocator<void> > >&, std::allocator<void> > >]::<lambda(rclcpp::node_interfaces::NodeBaseInterface*, const string&, const rcl_subscription_options_t&)>[m[K’, is used but never defined [[01;31m[K-fpermissive[m[K]
[2.264s]   [01;31m[Koperator[m[K=(_Functor&& __f)
[2.264s]   [01;31m[K^~~~~~~~[m[K
[2.364s] make[2]: *** [CMakeFiles/ground_plane_estimator_node.dir/src/ground_plane_estimator_node.cpp.o] Error 1
[2.364s] make[1]: *** [CMakeFiles/ground_plane_estimator_node.dir/all] Error 2
[2.365s] make: *** [all] Error 2
