[1.250s] running egg_info
[1.251s] creating /home/latte/dev_ws/src/ros2_robot/build/remote_control/remote_control.egg-info
[1.252s] writing /home/latte/dev_ws/src/ros2_robot/build/remote_control/remote_control.egg-info/PKG-INFO
[1.256s] writing dependency_links to /home/latte/dev_ws/src/ros2_robot/build/remote_control/remote_control.egg-info/dependency_links.txt
[1.261s] writing entry points to /home/latte/dev_ws/src/ros2_robot/build/remote_control/remote_control.egg-info/entry_points.txt
[1.262s] writing requirements to /home/latte/dev_ws/src/ros2_robot/build/remote_control/remote_control.egg-info/requires.txt
[1.266s] writing top-level names to /home/latte/dev_ws/src/ros2_robot/build/remote_control/remote_control.egg-info/top_level.txt
[1.267s] writing manifest file '/home/latte/dev_ws/src/ros2_robot/build/remote_control/remote_control.egg-info/SOURCES.txt'
[1.333s] reading manifest file '/home/latte/dev_ws/src/ros2_robot/build/remote_control/remote_control.egg-info/SOURCES.txt'
[1.335s] writing manifest file '/home/latte/dev_ws/src/ros2_robot/build/remote_control/remote_control.egg-info/SOURCES.txt'
[1.335s] running build
[1.336s] running build_py
[1.345s] creating /home/latte/dev_ws/src/ros2_robot/build/remote_control/build
[1.346s] creating /home/latte/dev_ws/src/ros2_robot/build/remote_control/build/lib
[1.346s] creating /home/latte/dev_ws/src/ros2_robot/build/remote_control/build/lib/remote_control
[1.347s] copying remote_control/__init__.py -> /home/latte/dev_ws/src/ros2_robot/build/remote_control/build/lib/remote_control
[1.347s] copying remote_control/umaestro.py -> /home/latte/dev_ws/src/ros2_robot/build/remote_control/build/lib/remote_control
[1.348s] copying remote_control/remote_control_node.py -> /home/latte/dev_ws/src/ros2_robot/build/remote_control/build/lib/remote_control
[1.348s] copying remote_control/robot.py -> /home/latte/dev_ws/src/ros2_robot/build/remote_control/build/lib/remote_control
[1.348s] copying remote_control/maestro.py -> /home/latte/dev_ws/src/ros2_robot/build/remote_control/build/lib/remote_control
[1.349s] running install
[1.349s] running install_lib
[1.349s] creating /home/latte/dev_ws/src/ros2_robot/install/remote_control/lib/python3.6/site-packages/remote_control
[1.350s] copying /home/latte/dev_ws/src/ros2_robot/build/remote_control/build/lib/remote_control/__init__.py -> /home/latte/dev_ws/src/ros2_robot/install/remote_control/lib/python3.6/site-packages/remote_control
[1.350s] copying /home/latte/dev_ws/src/ros2_robot/build/remote_control/build/lib/remote_control/umaestro.py -> /home/latte/dev_ws/src/ros2_robot/install/remote_control/lib/python3.6/site-packages/remote_control
[1.351s] copying /home/latte/dev_ws/src/ros2_robot/build/remote_control/build/lib/remote_control/remote_control_node.py -> /home/latte/dev_ws/src/ros2_robot/install/remote_control/lib/python3.6/site-packages/remote_control
[1.351s] copying /home/latte/dev_ws/src/ros2_robot/build/remote_control/build/lib/remote_control/robot.py -> /home/latte/dev_ws/src/ros2_robot/install/remote_control/lib/python3.6/site-packages/remote_control
[1.351s] copying /home/latte/dev_ws/src/ros2_robot/build/remote_control/build/lib/remote_control/maestro.py -> /home/latte/dev_ws/src/ros2_robot/install/remote_control/lib/python3.6/site-packages/remote_control
[1.351s] byte-compiling /home/latte/dev_ws/src/ros2_robot/install/remote_control/lib/python3.6/site-packages/remote_control/__init__.py to __init__.cpython-36.pyc
[1.352s] byte-compiling /home/latte/dev_ws/src/ros2_robot/install/remote_control/lib/python3.6/site-packages/remote_control/umaestro.py to umaestro.cpython-36.pyc
[1.352s] byte-compiling /home/latte/dev_ws/src/ros2_robot/install/remote_control/lib/python3.6/site-packages/remote_control/remote_control_node.py to remote_control_node.cpython-36.pyc
[1.352s] byte-compiling /home/latte/dev_ws/src/ros2_robot/install/remote_control/lib/python3.6/site-packages/remote_control/robot.py to robot.cpython-36.pyc
[1.352s] byte-compiling /home/latte/dev_ws/src/ros2_robot/install/remote_control/lib/python3.6/site-packages/remote_control/maestro.py to maestro.cpython-36.pyc
[1.353s] running install_data
[1.353s] creating /home/latte/dev_ws/src/ros2_robot/install/remote_control/share/ament_index
[1.353s] creating /home/latte/dev_ws/src/ros2_robot/install/remote_control/share/ament_index/resource_index
[1.354s] creating /home/latte/dev_ws/src/ros2_robot/install/remote_control/share/ament_index/resource_index/packages
[1.354s] copying resource/remote_control -> /home/latte/dev_ws/src/ros2_robot/install/remote_control/share/ament_index/resource_index/packages
[1.354s] copying package.xml -> /home/latte/dev_ws/src/ros2_robot/install/remote_control/share/remote_control
[1.355s] running install_egg_info
[1.357s] Copying /home/latte/dev_ws/src/ros2_robot/build/remote_control/remote_control.egg-info to /home/latte/dev_ws/src/ros2_robot/install/remote_control/lib/python3.6/site-packages/remote_control-0.0.0-py3.6.egg-info
[1.358s] running install_scripts
[1.388s] Installing remote_control_node script to /home/latte/dev_ws/src/ros2_robot/install/remote_control/lib/remote_control
[1.390s] writing list of installed files to '/home/latte/dev_ws/src/ros2_robot/build/remote_control/install.log'
