[0.772s] -- Found ament_cmake: 0.7.4 (/opt/ros/dashing/share/ament_cmake/cmake)
[0.773s] -- Using PYTHON_EXECUTABLE: /usr/bin/python3
[0.775s] -- Override CMake install command with custom implementation using symlinks instead of copying resources
[0.775s] -- Found rclcpp: 0.7.13 (/opt/ros/dashing/share/rclcpp/cmake)
[0.776s] -- Found rosidl_adapter: 0.7.9 (/opt/ros/dashing/share/rosidl_adapter/cmake)
[0.776s] -- Found rmw_implementation_cmake: 0.7.2 (/opt/ros/dashing/share/rmw_implementation_cmake/cmake)
[0.779s] -- Using RMW implementation 'rmw_fastrtps_cpp' as default
[0.780s] -- Found std_msgs: 0.7.0 (/opt/ros/dashing/share/std_msgs/cmake)
[0.780s] -- Found rclcpp_components: 0.7.13 (/opt/ros/dashing/share/rclcpp_components/cmake)
[0.780s] -- Found poco_vendor:  (/opt/ros/dashing/share/poco_vendor/cmake)
[0.780s] -- Found nav_msgs: 0.7.0 (/opt/ros/dashing/share/nav_msgs/cmake)
[0.780s] -- Found sensor_msgs: 0.7.0 (/opt/ros/dashing/share/sensor_msgs/cmake)
[0.780s] -- Found cv_bridge: 2.1.4 (/opt/ros/dashing/share/cv_bridge/cmake)
[0.780s] -- Found tf2: 0.11.6 (/opt/ros/dashing/share/tf2/cmake)
[0.781s] -- Found tf2_ros: 0.11.6 (/opt/ros/dashing/share/tf2_ros/cmake)
[0.781s] -- Found image_transport: 2.1.1 (/opt/ros/dashing/share/image_transport/cmake)
[0.781s] -- Found tinyxml2_vendor:  (/opt/ros/dashing/share/tinyxml2_vendor/cmake)
[0.781s] -- Found pcl_conversions: 2.0.0 (/opt/ros/dashing/share/pcl_conversions/cmake)
[0.781s] -- Found pcl_msgs: 1.0.0 (/opt/ros/dashing/share/pcl_msgs/cmake)
[0.795s] -- Boost version: 1.65.1
[0.795s] -- Found the following Boost libraries:
[0.795s] --   system
[0.796s] --   filesystem
[0.797s] --   thread
[0.797s] --   chrono
[0.797s] --   date_time
[0.797s] --   atomic
[0.925s] -- Boost version: 1.65.1
[0.925s] -- Found the following Boost libraries:
[0.926s] --   system
[0.926s] --   filesystem
[0.926s] --   thread
[0.926s] --   date_time
[0.927s] --   iostreams
[0.927s] --   serialization
[0.927s] --   chrono
[0.927s] --   atomic
[0.928s] --   regex
[0.949s] -- Could NOT find ensenso (missing: ENSENSO_LIBRARY ENSENSO_INCLUDE_DIR) 
[0.956s] -- Could NOT find DAVIDSDK (missing: DAVIDSDK_LIBRARY DAVIDSDK_INCLUDE_DIR) 
[0.958s] -- Could NOT find DSSDK (missing: _DSSDK_LIBRARIES) 
[1.051s] -- The imported target "vtkRenderingPythonTkWidgets" references the file
[1.052s]    "/usr/lib/x86_64-linux-gnu/libvtkRenderingPythonTkWidgets.so"
[1.052s] but this file does not exist.  Possible reasons include:
[1.052s] * The file was deleted, renamed, or moved to another location.
[1.052s] * An install or uninstall procedure did not complete successfully.
[1.052s] * The installation package was faulty and contained
[1.052s]    "/usr/lib/cmake/vtk-6.3/VTKTargets.cmake"
[1.052s] but not all the files it references.
[1.052s] 
[1.052s] -- The imported target "vtk" references the file
[1.053s]    "/usr/bin/vtk"
[1.053s] but this file does not exist.  Possible reasons include:
[1.053s] * The file was deleted, renamed, or moved to another location.
[1.053s] * An install or uninstall procedure did not complete successfully.
[1.053s] * The installation package was faulty and contained
[1.053s]    "/usr/lib/cmake/vtk-6.3/VTKTargets.cmake"
[1.054s] but not all the files it references.
[1.054s] 
[1.163s] -- Could NOT find ensenso (missing: ENSENSO_LIBRARY ENSENSO_INCLUDE_DIR) 
[1.170s] -- Could NOT find DAVIDSDK (missing: DAVIDSDK_LIBRARY DAVIDSDK_INCLUDE_DIR) 
[1.171s] -- Could NOT find DSSDK (missing: _DSSDK_LIBRARIES) 
[1.173s] -- Could NOT find RSSDK (missing: _RSSDK_LIBRARIES) 
[1.233s] -- looking for PCL_COMMON
[1.234s] -- looking for PCL_OCTREE
[1.235s] -- looking for PCL_IO
[1.235s] -- looking for PCL_KDTREE
[1.236s] -- looking for PCL_SEARCH
[1.237s] -- looking for PCL_SAMPLE_CONSENSUS
[1.237s] -- looking for PCL_FILTERS
[1.238s] -- looking for PCL_2D
[1.238s] -- looking for PCL_GEOMETRY
[1.239s] -- looking for PCL_FEATURES
[1.239s] -- looking for PCL_ML
[1.240s] -- looking for PCL_SEGMENTATION
[1.241s] -- looking for PCL_VISUALIZATION
[1.244s] -- looking for PCL_SURFACE
[1.244s] -- looking for PCL_REGISTRATION
[1.245s] -- looking for PCL_KEYPOINTS
[1.245s] -- looking for PCL_TRACKING
[1.246s] -- looking for PCL_RECOGNITION
[1.247s] -- looking for PCL_STEREO
[1.248s] -- looking for PCL_APPS
[1.252s] -- looking for PCL_IN_HAND_SCANNER
[1.252s] -- looking for PCL_MODELER
[1.253s] -- looking for PCL_POINT_CLOUD_EDITOR
[1.255s] -- looking for PCL_OUTOFCORE
[1.255s] -- looking for PCL_PEOPLE
[1.278s] -- Found ament_lint_auto: 0.7.11 (/opt/ros/dashing/share/ament_lint_auto/cmake)
[1.544s] -- Added test 'copyright' to check for copyright in CMake / C / C++ / Python code
[1.545s] -- Added test 'cppcheck' to perform static code analysis on C / C++ code
[1.546s] -- Configured cppcheck include dirs: /home/turgay/dev_ws/src/ros2_robot/ground_plane_estimator/include
[1.546s] -- Added test 'cpplint' to check C / C++ code against the Google style
[1.547s] -- Added test 'lint_cmake' to check CMake code style
[1.548s] -- Added test 'uncrustify' to check C / C++ code style
[1.548s] -- Added test 'xmllint' to check XML markup files
[1.551s] -- Configuring done
[1.591s] -- Generating done
[1.593s] -- Build files have been written to: /home/turgay/dev_ws/src/ros2_robot/build/ground_plane_estimator
[1.731s] [100%] Built target ground_plane_estimator_node
[1.907s] [100%] Built target ground_plane_estimator_node
[1.933s] [36mInstall the project...[0m
[1.944s] -- Install configuration: ""
[1.945s] -- Execute custom install script
[1.946s] -- Up-to-date symlink: /home/turgay/dev_ws/src/ros2_robot/install/ground_plane_estimator/lib/ground_plane_estimator/ground_plane_estimator_node
[1.946s] -- Up-to-date symlink: /home/turgay/dev_ws/src/ros2_robot/install/ground_plane_estimator/share/ament_index/resource_index/package_run_dependencies/ground_plane_estimator
[1.946s] -- Up-to-date symlink: /home/turgay/dev_ws/src/ros2_robot/install/ground_plane_estimator/share/ament_index/resource_index/parent_prefix_path/ground_plane_estimator
[1.947s] -- Up-to-date symlink: /home/turgay/dev_ws/src/ros2_robot/install/ground_plane_estimator/share/ground_plane_estimator/environment/ament_prefix_path.sh
[1.947s] -- Up-to-date symlink: /home/turgay/dev_ws/src/ros2_robot/install/ground_plane_estimator/share/ground_plane_estimator/environment/path.sh
[1.948s] -- Up-to-date symlink: /home/turgay/dev_ws/src/ros2_robot/install/ground_plane_estimator/share/ground_plane_estimator/local_setup.bash
[1.948s] -- Up-to-date symlink: /home/turgay/dev_ws/src/ros2_robot/install/ground_plane_estimator/share/ground_plane_estimator/local_setup.sh
[1.949s] -- Up-to-date symlink: /home/turgay/dev_ws/src/ros2_robot/install/ground_plane_estimator/share/ground_plane_estimator/local_setup.zsh
[1.949s] -- Up-to-date symlink: /home/turgay/dev_ws/src/ros2_robot/install/ground_plane_estimator/share/ament_index/resource_index/packages/ground_plane_estimator
[1.950s] -- Up-to-date symlink: /home/turgay/dev_ws/src/ros2_robot/install/ground_plane_estimator/share/ground_plane_estimator/cmake/ground_plane_estimatorConfig.cmake
[1.950s] -- Up-to-date symlink: /home/turgay/dev_ws/src/ros2_robot/install/ground_plane_estimator/share/ground_plane_estimator/cmake/ground_plane_estimatorConfig-version.cmake
[1.950s] -- Up-to-date symlink: /home/turgay/dev_ws/src/ros2_robot/install/ground_plane_estimator/share/ground_plane_estimator/package.xml
