[0.024s] Invoking command in '/home/turgay/dev_ws/src/ros2_robot/build/ground_plane_estimator': CMAKE_PREFIX_PATH=${CMAKE_PREFIX_PATH}:/opt/robot_devkit/tools/rdk_perf:/opt/robot_devkit/perception/handeye_dashboard:/opt/robot_devkit/perception/handeye:/opt/robot_devkit/perception/criutils:/opt/robot_devkit/perception/baldor:/opt/ros/dashing /usr/bin/cmake --build /home/turgay/dev_ws/src/ros2_robot/build/ground_plane_estimator -- -j12 -l12
[0.063s] -- Found ament_cmake: 0.7.4 (/opt/ros/dashing/share/ament_cmake/cmake)
[0.105s] -- Using PYTHON_EXECUTABLE: /usr/bin/python3
[0.340s] -- Override CMake install command with custom implementation using symlinks instead of copying resources
[0.353s] -- Found rclcpp: 0.7.13 (/opt/ros/dashing/share/rclcpp/cmake)
[0.367s] -- Found rosidl_adapter: 0.7.9 (/opt/ros/dashing/share/rosidl_adapter/cmake)
[0.397s] -- Found rmw_implementation_cmake: 0.7.2 (/opt/ros/dashing/share/rmw_implementation_cmake/cmake)
[0.399s] -- Using RMW implementation 'rmw_fastrtps_cpp' as default
[0.422s] -- Found std_msgs: 0.7.0 (/opt/ros/dashing/share/std_msgs/cmake)
[0.427s] -- Found rclcpp_components: 0.7.13 (/opt/ros/dashing/share/rclcpp_components/cmake)
[0.429s] -- Found poco_vendor:  (/opt/ros/dashing/share/poco_vendor/cmake)
[0.440s] -- Found nav_msgs: 0.7.0 (/opt/ros/dashing/share/nav_msgs/cmake)
[0.456s] -- Found sensor_msgs: 0.7.0 (/opt/ros/dashing/share/sensor_msgs/cmake)
[0.466s] -- Found cv_bridge: 2.1.4 (/opt/ros/dashing/share/cv_bridge/cmake)
[0.480s] -- Found tf2: 0.11.6 (/opt/ros/dashing/share/tf2/cmake)
[0.482s] -- Found tf2_ros: 0.11.6 (/opt/ros/dashing/share/tf2_ros/cmake)
[0.526s] -- Found image_transport: 2.1.1 (/opt/ros/dashing/share/image_transport/cmake)
[0.543s] -- Found tinyxml2_vendor:  (/opt/ros/dashing/share/tinyxml2_vendor/cmake)
[0.558s] -- Found pcl_conversions: 2.0.0 (/opt/ros/dashing/share/pcl_conversions/cmake)
[0.560s] -- Found pcl_msgs: 1.0.0 (/opt/ros/dashing/share/pcl_msgs/cmake)
[0.581s] CMake Error at CMakeLists.txt:27 (find_package):
[0.581s]   By not providing "Findplc_ros.cmake" in CMAKE_MODULE_PATH this project has
[0.582s]   asked CMake to find a package configuration file provided by "plc_ros", but
[0.582s]   CMake did not find one.
[0.582s] 
[0.582s]   Could not find a package configuration file provided by "plc_ros" with any
[0.583s]   of the following names:
[0.583s] 
[0.583s]     plc_rosConfig.cmake
[0.583s]     plc_ros-config.cmake
[0.583s] 
[0.584s]   Add the installation prefix of "plc_ros" to CMAKE_PREFIX_PATH or set
[0.584s]   "plc_ros_DIR" to a directory containing one of the above files.  If
[0.584s]   "plc_ros" provides a separate development package or SDK, be sure it has
[0.584s]   been installed.
[0.585s] 
[0.585s] 
[0.585s] -- Configuring incomplete, errors occurred!
[0.585s] See also "/home/turgay/dev_ws/src/ros2_robot/build/ground_plane_estimator/CMakeFiles/CMakeOutput.log".
[0.586s] See also "/home/turgay/dev_ws/src/ros2_robot/build/ground_plane_estimator/CMakeFiles/CMakeError.log".
[0.586s] Makefile:252: recipe for target 'cmake_check_build_system' failed
[0.586s] make: *** [cmake_check_build_system] Error 1
[0.589s] Invoked command in '/home/turgay/dev_ws/src/ros2_robot/build/ground_plane_estimator' returned '2': CMAKE_PREFIX_PATH=${CMAKE_PREFIX_PATH}:/opt/robot_devkit/tools/rdk_perf:/opt/robot_devkit/perception/handeye_dashboard:/opt/robot_devkit/perception/handeye:/opt/robot_devkit/perception/criutils:/opt/robot_devkit/perception/baldor:/opt/ros/dashing /usr/bin/cmake --build /home/turgay/dev_ws/src/ros2_robot/build/ground_plane_estimator -- -j12 -l12
