[0.048s] -- Found ament_cmake: 0.7.4 (/opt/ros/dashing/share/ament_cmake/cmake)
[0.082s] -- Using PYTHON_EXECUTABLE: /usr/bin/python3
[0.388s] -- Override CMake install command with custom implementation using symlinks instead of copying resources
[0.402s] -- Found rclcpp: 0.7.13 (/opt/ros/dashing/share/rclcpp/cmake)
[0.420s] -- Found rosidl_adapter: 0.7.9 (/opt/ros/dashing/share/rosidl_adapter/cmake)
[0.451s] -- Found rmw_implementation_cmake: 0.7.2 (/opt/ros/dashing/share/rmw_implementation_cmake/cmake)
[0.454s] -- Using RMW implementation 'rmw_fastrtps_cpp' as default
[0.484s] -- Found std_msgs: 0.7.0 (/opt/ros/dashing/share/std_msgs/cmake)
[0.489s] -- Found rclcpp_components: 0.7.13 (/opt/ros/dashing/share/rclcpp_components/cmake)
[0.491s] -- Found poco_vendor:  (/opt/ros/dashing/share/poco_vendor/cmake)
[0.504s] -- Found nav_msgs: 0.7.0 (/opt/ros/dashing/share/nav_msgs/cmake)
[0.523s] -- Found sensor_msgs: 0.7.0 (/opt/ros/dashing/share/sensor_msgs/cmake)
[0.536s] -- Found cv_bridge: 2.1.4 (/opt/ros/dashing/share/cv_bridge/cmake)
[0.556s] -- Found tf2: 0.11.6 (/opt/ros/dashing/share/tf2/cmake)
[0.558s] -- Found tf2_ros: 0.11.6 (/opt/ros/dashing/share/tf2_ros/cmake)
[0.605s] -- Found image_transport: 2.1.1 (/opt/ros/dashing/share/image_transport/cmake)
[0.623s] -- Found tinyxml2_vendor:  (/opt/ros/dashing/share/tinyxml2_vendor/cmake)
[0.644s] -- Found pcl_conversions: 2.0.0 (/opt/ros/dashing/share/pcl_conversions/cmake)
[0.646s] -- Found pcl_msgs: 1.0.0 (/opt/ros/dashing/share/pcl_msgs/cmake)
[0.757s] -- Boost version: 1.65.1
[0.757s] -- Found the following Boost libraries:
[0.757s] --   system
[0.757s] --   filesystem
[0.757s] --   thread
[0.757s] --   chrono
[0.758s] --   date_time
[0.758s] --   atomic
[0.865s] -- Boost version: 1.65.1
[0.865s] -- Found the following Boost libraries:
[0.865s] --   system
[0.865s] --   filesystem
[0.865s] --   thread
[0.866s] --   date_time
[0.866s] --   iostreams
[0.866s] --   serialization
[0.866s] --   chrono
[0.866s] --   atomic
[0.866s] --   regex
[0.883s] -- Could NOT find ensenso (missing: ENSENSO_LIBRARY ENSENSO_INCLUDE_DIR) 
[0.887s] -- Could NOT find DAVIDSDK (missing: DAVIDSDK_LIBRARY DAVIDSDK_INCLUDE_DIR) 
[0.888s] -- Could NOT find DSSDK (missing: _DSSDK_LIBRARIES) 
[0.948s] -- The imported target "vtkRenderingPythonTkWidgets" references the file
[0.948s]    "/usr/lib/x86_64-linux-gnu/libvtkRenderingPythonTkWidgets.so"
[0.948s] but this file does not exist.  Possible reasons include:
[0.948s] * The file was deleted, renamed, or moved to another location.
[0.948s] * An install or uninstall procedure did not complete successfully.
[0.949s] * The installation package was faulty and contained
[0.949s]    "/usr/lib/cmake/vtk-6.3/VTKTargets.cmake"
[0.949s] but not all the files it references.
[0.949s] 
[0.949s] -- The imported target "vtk" references the file
[0.949s]    "/usr/bin/vtk"
[0.949s] but this file does not exist.  Possible reasons include:
[0.950s] * The file was deleted, renamed, or moved to another location.
[0.950s] * An install or uninstall procedure did not complete successfully.
[0.950s] * The installation package was faulty and contained
[0.950s]    "/usr/lib/cmake/vtk-6.3/VTKTargets.cmake"
[0.950s] but not all the files it references.
[0.950s] 
[1.045s] -- Could NOT find ensenso (missing: ENSENSO_LIBRARY ENSENSO_INCLUDE_DIR) 
[1.050s] -- Could NOT find DAVIDSDK (missing: DAVIDSDK_LIBRARY DAVIDSDK_INCLUDE_DIR) 
[1.051s] -- Could NOT find DSSDK (missing: _DSSDK_LIBRARIES) 
[1.053s] -- Could NOT find RSSDK (missing: _RSSDK_LIBRARIES) 
[1.133s] -- looking for PCL_COMMON
[1.133s] -- looking for PCL_OCTREE
[1.134s] -- looking for PCL_IO
[1.134s] -- looking for PCL_KDTREE
[1.135s] -- looking for PCL_SEARCH
[1.135s] -- looking for PCL_SAMPLE_CONSENSUS
[1.135s] -- looking for PCL_FILTERS
[1.136s] -- looking for PCL_2D
[1.136s] -- looking for PCL_GEOMETRY
[1.137s] -- looking for PCL_FEATURES
[1.137s] -- looking for PCL_ML
[1.138s] -- looking for PCL_SEGMENTATION
[1.138s] -- looking for PCL_VISUALIZATION
[1.139s] -- looking for PCL_SURFACE
[1.139s] -- looking for PCL_REGISTRATION
[1.140s] -- looking for PCL_KEYPOINTS
[1.141s] -- looking for PCL_TRACKING
[1.141s] -- looking for PCL_RECOGNITION
[1.142s] -- looking for PCL_STEREO
[1.143s] -- looking for PCL_APPS
[1.147s] -- looking for PCL_IN_HAND_SCANNER
[1.147s] -- looking for PCL_MODELER
[1.148s] -- looking for PCL_POINT_CLOUD_EDITOR
[1.148s] -- looking for PCL_OUTOFCORE
[1.149s] -- looking for PCL_PEOPLE
[1.169s] -- Found ament_lint_auto: 0.7.11 (/opt/ros/dashing/share/ament_lint_auto/cmake)
[1.415s] -- Added test 'copyright' to check for copyright in CMake / C / C++ / Python code
[1.416s] -- Added test 'cppcheck' to perform static code analysis on C / C++ code
[1.416s] -- Configured cppcheck include dirs: /home/turgay/dev_ws/src/ros2_robot/ground_plane_estimator/include
[1.417s] -- Added test 'cpplint' to check C / C++ code against the Google style
[1.417s] -- Added test 'lint_cmake' to check CMake code style
[1.418s] -- Added test 'uncrustify' to check C / C++ code style
[1.419s] -- Added test 'xmllint' to check XML markup files
[1.422s] -- Configuring done
[1.464s] -- Generating done
[1.466s] -- Build files have been written to: /home/turgay/dev_ws/src/ros2_robot/build/ground_plane_estimator
[1.553s] [35m[1mScanning dependencies of target ground_plane_estimator_node[0m
[1.631s] [ 50%] [32mBuilding CXX object CMakeFiles/ground_plane_estimator_node.dir/src/ground_plane_estimator_node.cpp.o[0m
[9.145s] CMakeFiles/ground_plane_estimator_node.dir/build.make:62: recipe for target 'CMakeFiles/ground_plane_estimator_node.dir/src/ground_plane_estimator_node.cpp.o' failed
[9.145s] CMakeFiles/Makefile2:67: recipe for target 'CMakeFiles/ground_plane_estimator_node.dir/all' failed
[9.146s] Makefile:140: recipe for target 'all' failed
