[0.048s] -- Found ament_cmake: 0.7.4 (/opt/ros/dashing/share/ament_cmake/cmake)
[0.082s] -- Using PYTHON_EXECUTABLE: /usr/bin/python3
[0.388s] -- Override CMake install command with custom implementation using symlinks instead of copying resources
[0.402s] -- Found rclcpp: 0.7.13 (/opt/ros/dashing/share/rclcpp/cmake)
[0.420s] -- Found rosidl_adapter: 0.7.9 (/opt/ros/dashing/share/rosidl_adapter/cmake)
[0.451s] -- Found rmw_implementation_cmake: 0.7.2 (/opt/ros/dashing/share/rmw_implementation_cmake/cmake)
[0.454s] -- Using RMW implementation 'rmw_fastrtps_cpp' as default
[0.484s] -- Found std_msgs: 0.7.0 (/opt/ros/dashing/share/std_msgs/cmake)
[0.489s] -- Found rclcpp_components: 0.7.13 (/opt/ros/dashing/share/rclcpp_components/cmake)
[0.491s] -- Found poco_vendor:  (/opt/ros/dashing/share/poco_vendor/cmake)
[0.504s] -- Found nav_msgs: 0.7.0 (/opt/ros/dashing/share/nav_msgs/cmake)
[0.523s] -- Found sensor_msgs: 0.7.0 (/opt/ros/dashing/share/sensor_msgs/cmake)
[0.536s] -- Found cv_bridge: 2.1.4 (/opt/ros/dashing/share/cv_bridge/cmake)
[0.556s] -- Found tf2: 0.11.6 (/opt/ros/dashing/share/tf2/cmake)
[0.558s] -- Found tf2_ros: 0.11.6 (/opt/ros/dashing/share/tf2_ros/cmake)
[0.605s] -- Found image_transport: 2.1.1 (/opt/ros/dashing/share/image_transport/cmake)
[0.623s] -- Found tinyxml2_vendor:  (/opt/ros/dashing/share/tinyxml2_vendor/cmake)
[0.644s] -- Found pcl_conversions: 2.0.0 (/opt/ros/dashing/share/pcl_conversions/cmake)
[0.646s] -- Found pcl_msgs: 1.0.0 (/opt/ros/dashing/share/pcl_msgs/cmake)
[0.757s] -- Boost version: 1.65.1
[0.757s] -- Found the following Boost libraries:
[0.757s] --   system
[0.757s] --   filesystem
[0.757s] --   thread
[0.757s] --   chrono
[0.758s] --   date_time
[0.758s] --   atomic
[0.865s] -- Boost version: 1.65.1
[0.865s] -- Found the following Boost libraries:
[0.865s] --   system
[0.865s] --   filesystem
[0.865s] --   thread
[0.866s] --   date_time
[0.866s] --   iostreams
[0.866s] --   serialization
[0.866s] --   chrono
[0.866s] --   atomic
[0.866s] --   regex
[0.883s] -- Could NOT find ensenso (missing: ENSENSO_LIBRARY ENSENSO_INCLUDE_DIR) 
[0.884s] ** WARNING ** io features related to ensenso will be disabled
[0.887s] -- Could NOT find DAVIDSDK (missing: DAVIDSDK_LIBRARY DAVIDSDK_INCLUDE_DIR) 
[0.887s] ** WARNING ** io features related to davidSDK will be disabled
[0.888s] -- Could NOT find DSSDK (missing: _DSSDK_LIBRARIES) 
[0.888s] ** WARNING ** io features related to dssdk will be disabled
[0.889s] ** WARNING ** io features related to pcap will be disabled
[0.889s] ** WARNING ** io features related to png will be disabled
[0.948s] -- The imported target "vtkRenderingPythonTkWidgets" references the file
[0.948s]    "/usr/lib/x86_64-linux-gnu/libvtkRenderingPythonTkWidgets.so"
[0.948s] but this file does not exist.  Possible reasons include:
[0.948s] * The file was deleted, renamed, or moved to another location.
[0.948s] * An install or uninstall procedure did not complete successfully.
[0.949s] * The installation package was faulty and contained
[0.949s]    "/usr/lib/cmake/vtk-6.3/VTKTargets.cmake"
[0.949s] but not all the files it references.
[0.949s] 
[0.949s] -- The imported target "vtk" references the file
[0.949s]    "/usr/bin/vtk"
[0.949s] but this file does not exist.  Possible reasons include:
[0.950s] * The file was deleted, renamed, or moved to another location.
[0.950s] * An install or uninstall procedure did not complete successfully.
[0.950s] * The installation package was faulty and contained
[0.950s]    "/usr/lib/cmake/vtk-6.3/VTKTargets.cmake"
[0.950s] but not all the files it references.
[0.950s] 
[1.005s] ** WARNING ** io features related to libusb-1.0 will be disabled
[1.045s] -- Could NOT find ensenso (missing: ENSENSO_LIBRARY ENSENSO_INCLUDE_DIR) 
[1.045s] ** WARNING ** visualization features related to ensenso will be disabled
[1.050s] -- Could NOT find DAVIDSDK (missing: DAVIDSDK_LIBRARY DAVIDSDK_INCLUDE_DIR) 
[1.051s] ** WARNING ** visualization features related to davidSDK will be disabled
[1.051s] -- Could NOT find DSSDK (missing: _DSSDK_LIBRARIES) 
[1.052s] ** WARNING ** visualization features related to dssdk will be disabled
[1.053s] -- Could NOT find RSSDK (missing: _RSSDK_LIBRARIES) 
[1.053s] ** WARNING ** visualization features related to rssdk will be disabled
[1.133s] -- looking for PCL_COMMON
[1.133s] -- looking for PCL_OCTREE
[1.134s] -- looking for PCL_IO
[1.134s] -- looking for PCL_KDTREE
[1.135s] -- looking for PCL_SEARCH
[1.135s] -- looking for PCL_SAMPLE_CONSENSUS
[1.135s] -- looking for PCL_FILTERS
[1.136s] -- looking for PCL_2D
[1.136s] -- looking for PCL_GEOMETRY
[1.137s] -- looking for PCL_FEATURES
[1.137s] -- looking for PCL_ML
[1.138s] -- looking for PCL_SEGMENTATION
[1.138s] -- looking for PCL_VISUALIZATION
[1.139s] -- looking for PCL_SURFACE
[1.139s] -- looking for PCL_REGISTRATION
[1.140s] -- looking for PCL_KEYPOINTS
[1.141s] -- looking for PCL_TRACKING
[1.141s] -- looking for PCL_RECOGNITION
[1.142s] -- looking for PCL_STEREO
[1.143s] -- looking for PCL_APPS
[1.147s] -- looking for PCL_IN_HAND_SCANNER
[1.147s] -- looking for PCL_MODELER
[1.148s] -- looking for PCL_POINT_CLOUD_EDITOR
[1.148s] -- looking for PCL_OUTOFCORE
[1.149s] -- looking for PCL_PEOPLE
[1.169s] -- Found ament_lint_auto: 0.7.11 (/opt/ros/dashing/share/ament_lint_auto/cmake)
[1.415s] -- Added test 'copyright' to check for copyright in CMake / C / C++ / Python code
[1.416s] -- Added test 'cppcheck' to perform static code analysis on C / C++ code
[1.416s] -- Configured cppcheck include dirs: /home/turgay/dev_ws/src/ros2_robot/ground_plane_estimator/include
[1.417s] -- Added test 'cpplint' to check C / C++ code against the Google style
[1.417s] -- Added test 'lint_cmake' to check CMake code style
[1.418s] -- Added test 'uncrustify' to check C / C++ code style
[1.419s] -- Added test 'xmllint' to check XML markup files
[1.422s] -- Configuring done
[1.464s] -- Generating done
[1.466s] -- Build files have been written to: /home/turgay/dev_ws/src/ros2_robot/build/ground_plane_estimator
[1.553s] [35m[1mScanning dependencies of target ground_plane_estimator_node[0m
[1.631s] [ 50%] [32mBuilding CXX object CMakeFiles/ground_plane_estimator_node.dir/src/ground_plane_estimator_node.cpp.o[0m
[6.877s] In file included from [01m[K/home/turgay/dev_ws/src/ros2_robot/ground_plane_estimator/src/ground_plane_estimator_node.cpp:7:0[m[K:
[6.878s] [01m[K/home/turgay/dev_ws/src/ros2_robot/ground_plane_estimator/include/ground_plane_estimator/ground_plane_estimator_node.hpp:[m[K In member function ‘[01m[Kvoid GroundPlaneEstimatorNode::callback(std_msgs::msg::Header_<std::allocator<void> >::ConstSharedPtr, std_msgs::msg::Header_<std::allocator<void> >::ConstSharedPtr)[m[K’:
[6.878s] [01m[K/home/turgay/dev_ws/src/ros2_robot/ground_plane_estimator/include/ground_plane_estimator/ground_plane_estimator_node.hpp:88:63:[m[K [01;35m[Kwarning: [m[Kunused parameter ‘[01m[Kmsg1[m[K’ [[01;35m[K-Wunused-parameter[m[K]
[6.878s]      void callback(const std_msgs::msg::Header::ConstSharedPtr [01;35m[Kmsg1[m[K, const std_msgs::msg::Header::ConstSharedPtr msg2) { std::cout << "callback" << std::endl; };
[6.879s]                                                                [01;35m[K^~~~[m[K
[6.879s] [01m[K/home/turgay/dev_ws/src/ros2_robot/ground_plane_estimator/include/ground_plane_estimator/ground_plane_estimator_node.hpp:88:113:[m[K [01;35m[Kwarning: [m[Kunused parameter ‘[01m[Kmsg2[m[K’ [[01;35m[K-Wunused-parameter[m[K]
[6.879s]      void callback(const std_msgs::msg::Header::ConstSharedPtr msg1, const std_msgs::msg::Header::ConstSharedPtr [01;35m[Kmsg2[m[K) { std::cout << "callback" << std::endl; };
[6.879s]                                                                                                                  [01;35m[K^~~~[m[K
[6.994s] [01m[K/home/turgay/dev_ws/src/ros2_robot/ground_plane_estimator/src/ground_plane_estimator_node.cpp:[m[K In member function ‘[01m[Kvoid GroundPlaneEstimatorNode::image_callback(sensor_msgs::msg::Image_<std::allocator<void> >::SharedPtr)[m[K’:
[6.994s] [01m[K/home/turgay/dev_ws/src/ros2_robot/ground_plane_estimator/src/ground_plane_estimator_node.cpp:75:28:[m[K [01;35m[Kwarning: [m[K‘[01m[Kvoid rclcpp::Publisher<MessageT, Alloc>::publish(const std::shared_ptr<const _Tp>&) [with MessageT = sensor_msgs::msg::Image_<std::allocator<void> >; Alloc = std::allocator<void>][m[K’ is deprecated: publishing an unique_ptr is prefered when using intra process communication. If using a shared_ptr, use publish(*msg). [[01;35m[K-Wdeprecated-declarations[m[K]
[6.995s]      image_pub_->publish(msg[01;35m[K)[m[K;
[6.995s]                             [01;35m[K^[m[K
[6.995s] In file included from [01m[K/opt/ros/dashing/include/rclcpp/callback_group.hpp:24:0[m[K,
[6.995s]                  from [01m[K/opt/ros/dashing/include/rclcpp/any_executable.hpp:20[m[K,
[6.995s]                  from [01m[K/opt/ros/dashing/include/rclcpp/memory_strategy.hpp:24[m[K,
[6.995s]                  from [01m[K/opt/ros/dashing/include/rclcpp/memory_strategies.hpp:18[m[K,
[6.996s]                  from [01m[K/opt/ros/dashing/include/rclcpp/executor.hpp:33[m[K,
[6.996s]                  from [01m[K/opt/ros/dashing/include/rclcpp/executors/multi_threaded_executor.hpp:24[m[K,
[6.996s]                  from [01m[K/opt/ros/dashing/include/rclcpp/executors.hpp:21[m[K,
[6.996s]                  from [01m[K/opt/ros/dashing/include/rclcpp/rclcpp.hpp:144[m[K,
[6.996s]                  from [01m[K/home/turgay/dev_ws/src/ros2_robot/ground_plane_estimator/include/ground_plane_estimator/ground_plane_estimator_node.hpp:18[m[K,
[6.996s]                  from [01m[K/home/turgay/dev_ws/src/ros2_robot/ground_plane_estimator/src/ground_plane_estimator_node.cpp:7[m[K:
[6.996s] [01m[K/opt/ros/dashing/include/rclcpp/publisher.hpp:137:3:[m[K [01;36m[Knote: [m[Kdeclared here
[6.997s]    [01;36m[Kpublish[m[K(const std::shared_ptr<const MessageT> & msg)
[6.997s]    [01;36m[K^~~~~~~[m[K
[7.001s] [01m[K/home/turgay/dev_ws/src/ros2_robot/ground_plane_estimator/src/ground_plane_estimator_node.cpp:[m[K In member function ‘[01m[Kvoid GroundPlaneEstimatorNode::imageColorEdgeDetection(const ConstSharedPtr&, const ConstSharedPtr&)[m[K’:
[7.001s] [01m[K/home/turgay/dev_ws/src/ros2_robot/ground_plane_estimator/src/ground_plane_estimator_node.cpp:80:28:[m[K [01;35m[Kwarning: [m[K‘[01m[Kvoid rclcpp::Publisher<MessageT, Alloc>::publish(const std::shared_ptr<const _Tp>&) [with MessageT = sensor_msgs::msg::Image_<std::allocator<void> >; Alloc = std::allocator<void>][m[K’ is deprecated: publishing an unique_ptr is prefered when using intra process communication. If using a shared_ptr, use publish(*msg). [[01;35m[K-Wdeprecated-declarations[m[K]
[7.001s]      image_pub_->publish(msg[01;35m[K)[m[K;
[7.001s]                             [01;35m[K^[m[K
[7.001s] In file included from [01m[K/opt/ros/dashing/include/rclcpp/callback_group.hpp:24:0[m[K,
[7.001s]                  from [01m[K/opt/ros/dashing/include/rclcpp/any_executable.hpp:20[m[K,
[7.001s]                  from [01m[K/opt/ros/dashing/include/rclcpp/memory_strategy.hpp:24[m[K,
[7.001s]                  from [01m[K/opt/ros/dashing/include/rclcpp/memory_strategies.hpp:18[m[K,
[7.001s]                  from [01m[K/opt/ros/dashing/include/rclcpp/executor.hpp:33[m[K,
[7.002s]                  from [01m[K/opt/ros/dashing/include/rclcpp/executors/multi_threaded_executor.hpp:24[m[K,
[7.002s]                  from [01m[K/opt/ros/dashing/include/rclcpp/executors.hpp:21[m[K,
[7.002s]                  from [01m[K/opt/ros/dashing/include/rclcpp/rclcpp.hpp:144[m[K,
[7.002s]                  from [01m[K/home/turgay/dev_ws/src/ros2_robot/ground_plane_estimator/include/ground_plane_estimator/ground_plane_estimator_node.hpp:18[m[K,
[7.002s]                  from [01m[K/home/turgay/dev_ws/src/ros2_robot/ground_plane_estimator/src/ground_plane_estimator_node.cpp:7[m[K:
[7.002s] [01m[K/opt/ros/dashing/include/rclcpp/publisher.hpp:137:3:[m[K [01;36m[Knote: [m[Kdeclared here
[7.002s]    [01;36m[Kpublish[m[K(const std::shared_ptr<const MessageT> & msg)
[7.002s]    [01;36m[K^~~~~~~[m[K
[7.046s] [01m[K/home/turgay/dev_ws/src/ros2_robot/ground_plane_estimator/src/ground_plane_estimator_node.cpp:[m[K In member function ‘[01m[Kvoid GroundPlaneEstimatorNode::imageSegment(const ConstSharedPtr&)[m[K’:
[7.047s] [01m[K/home/turgay/dev_ws/src/ros2_robot/ground_plane_estimator/src/ground_plane_estimator_node.cpp:375:47:[m[K [01;35m[Kwarning: [m[K‘[01m[Kvoid rclcpp::Publisher<MessageT, Alloc>::publish(const std::shared_ptr<const _Tp>&) [with MessageT = sensor_msgs::msg::Image_<std::allocator<void> >; Alloc = std::allocator<void>][m[K’ is deprecated: publishing an unique_ptr is prefered when using intra process communication. If using a shared_ptr, use publish(*msg). [[01;35m[K-Wdeprecated-declarations[m[K]
[7.047s]      image_pub_->publish( cv_ptr->toImageMsg() [01;35m[K)[m[K;
[7.047s]                                                [01;35m[K^[m[K
[7.047s] In file included from [01m[K/opt/ros/dashing/include/rclcpp/callback_group.hpp:24:0[m[K,
[7.047s]                  from [01m[K/opt/ros/dashing/include/rclcpp/any_executable.hpp:20[m[K,
[7.048s]                  from [01m[K/opt/ros/dashing/include/rclcpp/memory_strategy.hpp:24[m[K,
[7.048s]                  from [01m[K/opt/ros/dashing/include/rclcpp/memory_strategies.hpp:18[m[K,
[7.048s]                  from [01m[K/opt/ros/dashing/include/rclcpp/executor.hpp:33[m[K,
[7.048s]                  from [01m[K/opt/ros/dashing/include/rclcpp/executors/multi_threaded_executor.hpp:24[m[K,
[7.048s]                  from [01m[K/opt/ros/dashing/include/rclcpp/executors.hpp:21[m[K,
[7.049s]                  from [01m[K/opt/ros/dashing/include/rclcpp/rclcpp.hpp:144[m[K,
[7.049s]                  from [01m[K/home/turgay/dev_ws/src/ros2_robot/ground_plane_estimator/include/ground_plane_estimator/ground_plane_estimator_node.hpp:18[m[K,
[7.049s]                  from [01m[K/home/turgay/dev_ws/src/ros2_robot/ground_plane_estimator/src/ground_plane_estimator_node.cpp:7[m[K:
[7.049s] [01m[K/opt/ros/dashing/include/rclcpp/publisher.hpp:137:3:[m[K [01;36m[Knote: [m[Kdeclared here
[7.050s]    [01;36m[Kpublish[m[K(const std::shared_ptr<const MessageT> & msg)
[7.050s]    [01;36m[K^~~~~~~[m[K
[7.275s] In file included from [01m[K/usr/include/c++/7/memory:80:0[m[K,
[7.276s]                  from [01m[K/home/turgay/dev_ws/src/ros2_robot/ground_plane_estimator/src/ground_plane_estimator_node.cpp:4[m[K:
[7.276s] /usr/include/c++/7/bits/unique_ptr.h: In instantiation of ‘[01m[Ktypename std::_MakeUniq<_Tp>::__single_object std::make_unique(_Args&& ...) [with _Tp = message_filters::TimeSynchronizer<sensor_msgs::msg::Image_<std::allocator<void> >, sensor_msgs::msg::PointCloud2_<std::allocator<void> > >; _Args = {message_filters::sync_policies::ExactTime<sensor_msgs::msg::Image_<std::allocator<void> >, sensor_msgs::msg::PointCloud2_<std::allocator<void> >, message_filters::NullType, message_filters::NullType, message_filters::NullType, message_filters::NullType, message_filters::NullType, message_filters::NullType, message_filters::NullType>, message_filters::Subscriber<sensor_msgs::msg::Image_<std::allocator<void> > >&, message_filters::Subscriber<sensor_msgs::msg::PointCloud2_<std::allocator<void> > >&}; typename std::_MakeUniq<_Tp>::__single_object = std::unique_ptr<message_filters::TimeSynchronizer<sensor_msgs::msg::Image_<std::allocator<void> >, sensor_msgs::msg::PointCloud2_<std::allocator<void> > > >][m[K’:
[7.276s] [01m[K/home/turgay/dev_ws/src/ros2_robot/ground_plane_estimator/src/ground_plane_estimator_node.cpp:34:83:[m[K   required from here
[7.277s] [01m[K/usr/include/c++/7/bits/unique_ptr.h:821:30:[m[K [01;31m[Kerror: [m[Kno matching function for call to ‘[01m[Kmessage_filters::TimeSynchronizer<sensor_msgs::msg::Image_<std::allocator<void> >, sensor_msgs::msg::PointCloud2_<std::allocator<void> > >::TimeSynchronizer(message_filters::sync_policies::ExactTime<sensor_msgs::msg::Image_<std::allocator<void> >, sensor_msgs::msg::PointCloud2_<std::allocator<void> > >, message_filters::Subscriber<sensor_msgs::msg::Image_<std::allocator<void> > >&, message_filters::Subscriber<sensor_msgs::msg::PointCloud2_<std::allocator<void> > >&)[m[K’
[7.277s]      { return unique_ptr<_Tp>([01;31m[Knew _Tp(std::forward<_Args>(__args)...)[m[K); }
[7.277s]                               [01;31m[K^~~~~~~~~~~~~~~~~~~~~~~~~~~~~~~~~~~~~~~[m[K
[7.277s] In file included from [01m[K/home/turgay/dev_ws/src/ros2_robot/ground_plane_estimator/include/ground_plane_estimator/ground_plane_estimator_node.hpp:29:0[m[K,
[7.277s]                  from [01m[K/home/turgay/dev_ws/src/ros2_robot/ground_plane_estimator/src/ground_plane_estimator_node.cpp:7[m[K:
[7.278s] [01m[K/opt/ros/dashing/include/message_filters/time_synchronizer.h:170:3:[m[K [01;36m[Knote: [m[Kcandidate: message_filters::TimeSynchronizer<M0, M1, M2, M3, M4, M5, M6, M7, M8>::TimeSynchronizer(uint32_t) [with M0 = sensor_msgs::msg::Image_<std::allocator<void> >; M1 = sensor_msgs::msg::PointCloud2_<std::allocator<void> >; M2 = message_filters::NullType; M3 = message_filters::NullType; M4 = message_filters::NullType; M5 = message_filters::NullType; M6 = message_filters::NullType; M7 = message_filters::NullType; M8 = message_filters::NullType; uint32_t = unsigned int]
[7.278s]    [01;36m[KTimeSynchronizer[m[K(uint32_t queue_size)
[7.278s]    [01;36m[K^~~~~~~~~~~~~~~~[m[K
[7.278s] [01m[K/opt/ros/dashing/include/message_filters/time_synchronizer.h:170:3:[m[K [01;36m[Knote: [m[K  candidate expects 1 argument, 3 provided
[7.278s] [01m[K/opt/ros/dashing/include/message_filters/time_synchronizer.h:164:3:[m[K [01;36m[Knote: [m[Kcandidate: template<class F0, class F1, class F2, class F3, class F4, class F5, class F6, class F7, class F8> message_filters::TimeSynchronizer<M0, M1, M2, M3, M4, M5, M6, M7, M8>::TimeSynchronizer(F0&, F1&, F2&, F3&, F4&, F5&, F6&, F7&, F8&, uint32_t)
[7.279s]    [01;36m[KTimeSynchronizer[m[K(F0& f0, F1& f1, F2& f2, F3& f3, F4& f4, F5& f5, F6& f6, F7& f7, F8& f8, uint32_t queue_size)
[7.279s]    [01;36m[K^~~~~~~~~~~~~~~~[m[K
[7.279s] [01m[K/opt/ros/dashing/include/message_filters/time_synchronizer.h:164:3:[m[K [01;36m[Knote: [m[K  template argument deduction/substitution failed:
[7.279s] In file included from [01m[K/usr/include/c++/7/memory:80:0[m[K,
[7.279s]                  from [01m[K/home/turgay/dev_ws/src/ros2_robot/ground_plane_estimator/src/ground_plane_estimator_node.cpp:4[m[K:
[7.280s] [01m[K/usr/include/c++/7/bits/unique_ptr.h:821:30:[m[K [01;36m[Knote: [m[K  candidate expects 10 arguments, 3 provided
[7.280s]      { return unique_ptr<_Tp>([01;36m[Knew _Tp(std::forward<_Args>(__args)...)[m[K); }
[7.280s]                               [01;36m[K^~~~~~~~~~~~~~~~~~~~~~~~~~~~~~~~~~~~~~~[m[K
[7.280s] In file included from [01m[K/home/turgay/dev_ws/src/ros2_robot/ground_plane_estimator/include/ground_plane_estimator/ground_plane_estimator_node.hpp:29:0[m[K,
[7.280s]                  from [01m[K/home/turgay/dev_ws/src/ros2_robot/ground_plane_estimator/src/ground_plane_estimator_node.cpp:7[m[K:
[7.281s] [01m[K/opt/ros/dashing/include/message_filters/time_synchronizer.h:157:3:[m[K [01;36m[Knote: [m[Kcandidate: template<class F0, class F1, class F2, class F3, class F4, class F5, class F6, class F7> message_filters::TimeSynchronizer<M0, M1, M2, M3, M4, M5, M6, M7, M8>::TimeSynchronizer(F0&, F1&, F2&, F3&, F4&, F5&, F6&, F7&, uint32_t)
[7.281s]    [01;36m[KTimeSynchronizer[m[K(F0& f0, F1& f1, F2& f2, F3& f3, F4& f4, F5& f5, F6& f6, F7& f7, uint32_t queue_size)
[7.281s]    [01;36m[K^~~~~~~~~~~~~~~~[m[K
[7.281s] [01m[K/opt/ros/dashing/include/message_filters/time_synchronizer.h:157:3:[m[K [01;36m[Knote: [m[K  template argument deduction/substitution failed:
[7.281s] In file included from [01m[K/usr/include/c++/7/memory:80:0[m[K,
[7.282s]                  from [01m[K/home/turgay/dev_ws/src/ros2_robot/ground_plane_estimator/src/ground_plane_estimator_node.cpp:4[m[K:
[7.282s] [01m[K/usr/include/c++/7/bits/unique_ptr.h:821:30:[m[K [01;36m[Knote: [m[K  candidate expects 9 arguments, 3 provided
[7.282s]      { return unique_ptr<_Tp>([01;36m[Knew _Tp(std::forward<_Args>(__args)...)[m[K); }
[7.283s]                               [01;36m[K^~~~~~~~~~~~~~~~~~~~~~~~~~~~~~~~~~~~~~~[m[K
[7.283s] In file included from [01m[K/home/turgay/dev_ws/src/ros2_robot/ground_plane_estimator/include/ground_plane_estimator/ground_plane_estimator_node.hpp:29:0[m[K,
[7.283s]                  from [01m[K/home/turgay/dev_ws/src/ros2_robot/ground_plane_estimator/src/ground_plane_estimator_node.cpp:7[m[K:
[7.283s] [01m[K/opt/ros/dashing/include/message_filters/time_synchronizer.h:150:3:[m[K [01;36m[Knote: [m[Kcandidate: template<class F0, class F1, class F2, class F3, class F4, class F5, class F6> message_filters::TimeSynchronizer<M0, M1, M2, M3, M4, M5, M6, M7, M8>::TimeSynchronizer(F0&, F1&, F2&, F3&, F4&, F5&, F6&, uint32_t)
[7.284s]    [01;36m[KTimeSynchronizer[m[K(F0& f0, F1& f1, F2& f2, F3& f3, F4& f4, F5& f5, F6& f6, uint32_t queue_size)
[7.284s]    [01;36m[K^~~~~~~~~~~~~~~~[m[K
[7.285s] [01m[K/opt/ros/dashing/include/message_filters/time_synchronizer.h:150:3:[m[K [01;36m[Knote: [m[K  template argument deduction/substitution failed:
[7.285s] In file included from [01m[K/usr/include/c++/7/memory:80:0[m[K,
[7.285s]                  from [01m[K/home/turgay/dev_ws/src/ros2_robot/ground_plane_estimator/src/ground_plane_estimator_node.cpp:4[m[K:
[7.285s] [01m[K/usr/include/c++/7/bits/unique_ptr.h:821:30:[m[K [01;36m[Knote: [m[K  candidate expects 8 arguments, 3 provided
[7.286s]      { return unique_ptr<_Tp>([01;36m[Knew _Tp(std::forward<_Args>(__args)...)[m[K); }
[7.286s]                               [01;36m[K^~~~~~~~~~~~~~~~~~~~~~~~~~~~~~~~~~~~~~~[m[K
[7.286s] In file included from [01m[K/home/turgay/dev_ws/src/ros2_robot/ground_plane_estimator/include/ground_plane_estimator/ground_plane_estimator_node.hpp:29:0[m[K,
[7.286s]                  from [01m[K/home/turgay/dev_ws/src/ros2_robot/ground_plane_estimator/src/ground_plane_estimator_node.cpp:7[m[K:
[7.286s] [01m[K/opt/ros/dashing/include/message_filters/time_synchronizer.h:143:3:[m[K [01;36m[Knote: [m[Kcandidate: template<class F0, class F1, class F2, class F3, class F4, class F5> message_filters::TimeSynchronizer<M0, M1, M2, M3, M4, M5, M6, M7, M8>::TimeSynchronizer(F0&, F1&, F2&, F3&, F4&, F5&, uint32_t)
[7.287s]    [01;36m[KTimeSynchronizer[m[K(F0& f0, F1& f1, F2& f2, F3& f3, F4& f4, F5& f5, uint32_t queue_size)
[7.287s]    [01;36m[K^~~~~~~~~~~~~~~~[m[K
[7.287s] [01m[K/opt/ros/dashing/include/message_filters/time_synchronizer.h:143:3:[m[K [01;36m[Knote: [m[K  template argument deduction/substitution failed:
[7.287s] In file included from [01m[K/usr/include/c++/7/memory:80:0[m[K,
[7.287s]                  from [01m[K/home/turgay/dev_ws/src/ros2_robot/ground_plane_estimator/src/ground_plane_estimator_node.cpp:4[m[K:
[7.288s] [01m[K/usr/include/c++/7/bits/unique_ptr.h:821:30:[m[K [01;36m[Knote: [m[K  candidate expects 7 arguments, 3 provided
[7.288s]      { return unique_ptr<_Tp>([01;36m[Knew _Tp(std::forward<_Args>(__args)...)[m[K); }
[7.288s]                               [01;36m[K^~~~~~~~~~~~~~~~~~~~~~~~~~~~~~~~~~~~~~~[m[K
[7.288s] In file included from [01m[K/home/turgay/dev_ws/src/ros2_robot/ground_plane_estimator/include/ground_plane_estimator/ground_plane_estimator_node.hpp:29:0[m[K,
[7.288s]                  from [01m[K/home/turgay/dev_ws/src/ros2_robot/ground_plane_estimator/src/ground_plane_estimator_node.cpp:7[m[K:
[7.289s] [01m[K/opt/ros/dashing/include/message_filters/time_synchronizer.h:136:3:[m[K [01;36m[Knote: [m[Kcandidate: template<class F0, class F1, class F2, class F3, class F4> message_filters::TimeSynchronizer<M0, M1, M2, M3, M4, M5, M6, M7, M8>::TimeSynchronizer(F0&, F1&, F2&, F3&, F4&, uint32_t)
[7.289s]    [01;36m[KTimeSynchronizer[m[K(F0& f0, F1& f1, F2& f2, F3& f3, F4& f4, uint32_t queue_size)
[7.289s]    [01;36m[K^~~~~~~~~~~~~~~~[m[K
[7.289s] [01m[K/opt/ros/dashing/include/message_filters/time_synchronizer.h:136:3:[m[K [01;36m[Knote: [m[K  template argument deduction/substitution failed:
[7.289s] In file included from [01m[K/usr/include/c++/7/memory:80:0[m[K,
[7.290s]                  from [01m[K/home/turgay/dev_ws/src/ros2_robot/ground_plane_estimator/src/ground_plane_estimator_node.cpp:4[m[K:
[7.290s] [01m[K/usr/include/c++/7/bits/unique_ptr.h:821:30:[m[K [01;36m[Knote: [m[K  candidate expects 6 arguments, 3 provided
[7.290s]      { return unique_ptr<_Tp>([01;36m[Knew _Tp(std::forward<_Args>(__args)...)[m[K); }
[7.290s]                               [01;36m[K^~~~~~~~~~~~~~~~~~~~~~~~~~~~~~~~~~~~~~~[m[K
[7.290s] In file included from [01m[K/home/turgay/dev_ws/src/ros2_robot/ground_plane_estimator/include/ground_plane_estimator/ground_plane_estimator_node.hpp:29:0[m[K,
[7.291s]                  from [01m[K/home/turgay/dev_ws/src/ros2_robot/ground_plane_estimator/src/ground_plane_estimator_node.cpp:7[m[K:
[7.291s] [01m[K/opt/ros/dashing/include/message_filters/time_synchronizer.h:129:3:[m[K [01;36m[Knote: [m[Kcandidate: template<class F0, class F1, class F2, class F3> message_filters::TimeSynchronizer<M0, M1, M2, M3, M4, M5, M6, M7, M8>::TimeSynchronizer(F0&, F1&, F2&, F3&, uint32_t)
[7.291s]    [01;36m[KTimeSynchronizer[m[K(F0& f0, F1& f1, F2& f2, F3& f3, uint32_t queue_size)
[7.291s]    [01;36m[K^~~~~~~~~~~~~~~~[m[K
[7.291s] [01m[K/opt/ros/dashing/include/message_filters/time_synchronizer.h:129:3:[m[K [01;36m[Knote: [m[K  template argument deduction/substitution failed:
[7.291s] In file included from [01m[K/usr/include/c++/7/memory:80:0[m[K,
[7.291s]                  from [01m[K/home/turgay/dev_ws/src/ros2_robot/ground_plane_estimator/src/ground_plane_estimator_node.cpp:4[m[K:
[7.291s] [01m[K/usr/include/c++/7/bits/unique_ptr.h:821:30:[m[K [01;36m[Knote: [m[K  candidate expects 5 arguments, 3 provided
[7.291s]      { return unique_ptr<_Tp>([01;36m[Knew _Tp(std::forward<_Args>(__args)...)[m[K); }
[7.291s]                               [01;36m[K^~~~~~~~~~~~~~~~~~~~~~~~~~~~~~~~~~~~~~~[m[K
[7.291s] In file included from [01m[K/home/turgay/dev_ws/src/ros2_robot/ground_plane_estimator/include/ground_plane_estimator/ground_plane_estimator_node.hpp:29:0[m[K,
[7.291s]                  from [01m[K/home/turgay/dev_ws/src/ros2_robot/ground_plane_estimator/src/ground_plane_estimator_node.cpp:7[m[K:
[7.292s] [01m[K/opt/ros/dashing/include/message_filters/time_synchronizer.h:122:3:[m[K [01;36m[Knote: [m[Kcandidate: template<class F0, class F1, class F2> message_filters::TimeSynchronizer<M0, M1, M2, M3, M4, M5, M6, M7, M8>::TimeSynchronizer(F0&, F1&, F2&, uint32_t)
[7.292s]    [01;36m[KTimeSynchronizer[m[K(F0& f0, F1& f1, F2& f2, uint32_t queue_size)
[7.292s]    [01;36m[K^~~~~~~~~~~~~~~~[m[K
[7.292s] [01m[K/opt/ros/dashing/include/message_filters/time_synchronizer.h:122:3:[m[K [01;36m[Knote: [m[K  template argument deduction/substitution failed:
[7.292s] In file included from [01m[K/usr/include/c++/7/memory:80:0[m[K,
[7.292s]                  from [01m[K/home/turgay/dev_ws/src/ros2_robot/ground_plane_estimator/src/ground_plane_estimator_node.cpp:4[m[K:
[7.292s] [01m[K/usr/include/c++/7/bits/unique_ptr.h:821:30:[m[K [01;36m[Knote: [m[K  candidate expects 4 arguments, 3 provided
[7.292s]      { return unique_ptr<_Tp>([01;36m[Knew _Tp(std::forward<_Args>(__args)...)[m[K); }
[7.292s]                               [01;36m[K^~~~~~~~~~~~~~~~~~~~~~~~~~~~~~~~~~~~~~~[m[K
[7.292s] In file included from [01m[K/home/turgay/dev_ws/src/ros2_robot/ground_plane_estimator/include/ground_plane_estimator/ground_plane_estimator_node.hpp:29:0[m[K,
[7.292s]                  from [01m[K/home/turgay/dev_ws/src/ros2_robot/ground_plane_estimator/src/ground_plane_estimator_node.cpp:7[m[K:
[7.292s] [01m[K/opt/ros/dashing/include/message_filters/time_synchronizer.h:115:3:[m[K [01;36m[Knote: [m[Kcandidate: template<class F0, class F1> message_filters::TimeSynchronizer<M0, M1, M2, M3, M4, M5, M6, M7, M8>::TimeSynchronizer(F0&, F1&, uint32_t)
[7.292s]    [01;36m[KTimeSynchronizer[m[K(F0& f0, F1& f1, uint32_t queue_size)
[7.293s]    [01;36m[K^~~~~~~~~~~~~~~~[m[K
[7.293s] [01m[K/opt/ros/dashing/include/message_filters/time_synchronizer.h:115:3:[m[K [01;36m[Knote: [m[K  template argument deduction/substitution failed:
[7.293s] In file included from [01m[K/usr/include/c++/7/memory:80:0[m[K,
[7.293s]                  from [01m[K/home/turgay/dev_ws/src/ros2_robot/ground_plane_estimator/src/ground_plane_estimator_node.cpp:4[m[K:
[7.293s] [01m[K/usr/include/c++/7/bits/unique_ptr.h:821:30:[m[K [01;36m[Knote: [m[K  cannot convert ‘[01m[Kstd::forward<message_filters::Subscriber<sensor_msgs::msg::PointCloud2_<std::allocator<void> > >&>((* & __args#2))[m[K’ (type ‘[01m[Kmessage_filters::Subscriber<sensor_msgs::msg::PointCloud2_<std::allocator<void> > >[m[K’) to type ‘[01m[Kuint32_t {aka unsigned int}[m[K’
[7.293s]      { return unique_ptr<_Tp>([01;36m[Knew _Tp(std::forward<_Args>(__args)...)[m[K); }
[7.293s]                               [01;36m[K^~~~~~~~~~~~~~~~~~~~~~~~~~~~~~~~~~~~~~~[m[K
[8.660s] In file included from [01m[K/usr/include/pcl-1.8/pcl/sample_consensus/sac_model.h:52:0[m[K,
[8.660s]                  from [01m[K/usr/include/pcl-1.8/pcl/sample_consensus/sac.h:45[m[K,
[8.661s]                  from [01m[K/usr/include/pcl-1.8/pcl/segmentation/sac_segmentation.h:49[m[K,
[8.661s]                  from [01m[K/home/turgay/dev_ws/src/ros2_robot/ground_plane_estimator/include/ground_plane_estimator/ground_plane_estimator_node.hpp:39[m[K,
[8.661s]                  from [01m[K/home/turgay/dev_ws/src/ros2_robot/ground_plane_estimator/src/ground_plane_estimator_node.cpp:7[m[K:
[8.661s] [01m[K/usr/include/pcl-1.8/pcl/sample_consensus/model_types.h:[m[K In function ‘[01m[Kvoid __static_initialization_and_destruction_0(int, int)[m[K’:
[8.661s] [01m[K/usr/include/pcl-1.8/pcl/sample_consensus/model_types.h:99:3:[m[K [01;35m[Kwarning: [m[K‘[01m[Kpcl::SAC_SAMPLE_SIZE[m[K’ is deprecated: This map is deprecated and is kept only to prevent breaking existing user code. Starting from PCL 1.8.0 model sample size is a protected member of the SampleConsensusModel class [[01;35m[K-Wdeprecated-declarations[m[K]
[8.661s]    [01;35m[KSAC_SAMPLE_SIZE[m[K (sample_size_pairs, sample_size_pairs + sizeof (sample_size_pairs) / sizeof (SampleSizeModel));
[8.662s]    [01;35m[K^~~~~~~~~~~~~~~[m[K
[8.662s] [01m[K/usr/include/pcl-1.8/pcl/sample_consensus/model_types.h:99:3:[m[K [01;36m[Knote: [m[Kdeclared here
[9.144s] make[2]: *** [CMakeFiles/ground_plane_estimator_node.dir/src/ground_plane_estimator_node.cpp.o] Error 1
[9.145s] CMakeFiles/ground_plane_estimator_node.dir/build.make:62: recipe for target 'CMakeFiles/ground_plane_estimator_node.dir/src/ground_plane_estimator_node.cpp.o' failed
[9.145s] CMakeFiles/Makefile2:67: recipe for target 'CMakeFiles/ground_plane_estimator_node.dir/all' failed
[9.145s] make[1]: *** [CMakeFiles/ground_plane_estimator_node.dir/all] Error 2
[9.146s] make: *** [all] Error 2
[9.146s] Makefile:140: recipe for target 'all' failed
