[1.459s] running egg_info
[1.460s] writing /home/latte/dev_ws/src/ros2_robot/build/simple_gps/simple_gps.egg-info/PKG-INFO
[1.460s] writing dependency_links to /home/latte/dev_ws/src/ros2_robot/build/simple_gps/simple_gps.egg-info/dependency_links.txt
[1.462s] writing entry points to /home/latte/dev_ws/src/ros2_robot/build/simple_gps/simple_gps.egg-info/entry_points.txt
[1.462s] writing requirements to /home/latte/dev_ws/src/ros2_robot/build/simple_gps/simple_gps.egg-info/requires.txt
[1.463s] writing top-level names to /home/latte/dev_ws/src/ros2_robot/build/simple_gps/simple_gps.egg-info/top_level.txt
[1.523s] reading manifest file '/home/latte/dev_ws/src/ros2_robot/build/simple_gps/simple_gps.egg-info/SOURCES.txt'
[1.526s] writing manifest file '/home/latte/dev_ws/src/ros2_robot/build/simple_gps/simple_gps.egg-info/SOURCES.txt'
[1.527s] running build
[1.527s] running build_py
[1.527s] copying simple_gps/simple_gps_node.py -> /home/latte/dev_ws/src/ros2_robot/build/simple_gps/build/lib/simple_gps
[1.527s] running install
[1.528s] running install_lib
[1.529s] copying /home/latte/dev_ws/src/ros2_robot/build/simple_gps/build/lib/simple_gps/simple_gps_node.py -> /home/latte/dev_ws/src/ros2_robot/install/simple_gps/lib/python3.6/site-packages/simple_gps
[1.531s] byte-compiling /home/latte/dev_ws/src/ros2_robot/install/simple_gps/lib/python3.6/site-packages/simple_gps/simple_gps_node.py to simple_gps_node.cpython-36.pyc
[1.532s] running install_data
[1.533s] running install_egg_info
[1.536s] removing '/home/latte/dev_ws/src/ros2_robot/install/simple_gps/lib/python3.6/site-packages/simple_gps-0.0.0-py3.6.egg-info' (and everything under it)
[1.537s] Copying /home/latte/dev_ws/src/ros2_robot/build/simple_gps/simple_gps.egg-info to /home/latte/dev_ws/src/ros2_robot/install/simple_gps/lib/python3.6/site-packages/simple_gps-0.0.0-py3.6.egg-info
[1.538s] running install_scripts
[1.563s] Installing simple_gps_node script to /home/latte/dev_ws/src/ros2_robot/install/simple_gps/lib/simple_gps
[1.563s] writing list of installed files to '/home/latte/dev_ws/src/ros2_robot/build/simple_gps/install.log'
