[0.673s] [35m[1mScanning dependencies of target ground_plane_estimator_node[0m
[0.676s] [ 50%] [32mBuilding CXX object CMakeFiles/ground_plane_estimator_node.dir/src/ground_plane_estimator_node.cpp.o[0m
[1.422s] [01m[K/home/turgay/dev_ws/src/ros2_robot/ground_plane_estimator/src/ground_plane_estimator_node.cpp:[m[K In function ‘[01m[Kvoid image_callback_static(const ConstSharedPtr&)[m[K’:
[1.422s] [01m[K/home/turgay/dev_ws/src/ros2_robot/ground_plane_estimator/src/ground_plane_estimator_node.cpp:15:76:[m[K [01;35m[Kwarning: [m[Kunused parameter ‘[01m[Kmsg[m[K’ [[01;35m[K-Wunused-parameter[m[K]
[1.422s]  void image_callback_static(const sensor_msgs::msg::Image::ConstSharedPtr & [01;35m[Kmsg[m[K) {
[1.422s]                                                                             [01;35m[K^~~[m[K
[1.460s] [01m[K/home/turgay/dev_ws/src/ros2_robot/ground_plane_estimator/src/ground_plane_estimator_node.cpp:[m[K In constructor ‘[01m[KGroundPlaneEstimatorNode::GroundPlaneEstimatorNode()[m[K’:
[1.460s] [01m[K/home/turgay/dev_ws/src/ros2_robot/ground_plane_estimator/src/ground_plane_estimator_node.cpp:25:21:[m[K [01;35m[Kwarning: [m[Kvariable ‘[01m[Kcustom_qos[m[K’ set but not used [[01;35m[K-Wunused-but-set-variable[m[K]
[1.460s]    rmw_qos_profile_t [01;35m[Kcustom_qos[m[K = rmw_qos_profile_default;
[1.460s]                      [01;35m[K^~~~~~~~~~[m[K
[3.135s] [100%] [32m[1mLinking CXX executable ground_plane_estimator_node[0m
[3.380s] [100%] Built target ground_plane_estimator_node
[3.546s] [100%] Built target ground_plane_estimator_node
[3.575s] [36mInstall the project...[0m
[3.588s] -- Install configuration: ""
[3.588s] -- Execute custom install script
[3.589s] -- Up-to-date symlink: /home/turgay/dev_ws/src/ros2_robot/install/ground_plane_estimator/lib/ground_plane_estimator/ground_plane_estimator_node
[3.589s] -- Up-to-date symlink: /home/turgay/dev_ws/src/ros2_robot/install/ground_plane_estimator/share/ament_index/resource_index/package_run_dependencies/ground_plane_estimator
[3.589s] -- Up-to-date symlink: /home/turgay/dev_ws/src/ros2_robot/install/ground_plane_estimator/share/ament_index/resource_index/parent_prefix_path/ground_plane_estimator
[3.590s] -- Up-to-date symlink: /home/turgay/dev_ws/src/ros2_robot/install/ground_plane_estimator/share/ground_plane_estimator/environment/ament_prefix_path.sh
[3.590s] -- Up-to-date symlink: /home/turgay/dev_ws/src/ros2_robot/install/ground_plane_estimator/share/ground_plane_estimator/environment/path.sh
[3.590s] -- Up-to-date symlink: /home/turgay/dev_ws/src/ros2_robot/install/ground_plane_estimator/share/ground_plane_estimator/local_setup.bash
[3.591s] -- Up-to-date symlink: /home/turgay/dev_ws/src/ros2_robot/install/ground_plane_estimator/share/ground_plane_estimator/local_setup.sh
[3.591s] -- Up-to-date symlink: /home/turgay/dev_ws/src/ros2_robot/install/ground_plane_estimator/share/ground_plane_estimator/local_setup.zsh
[3.591s] -- Up-to-date symlink: /home/turgay/dev_ws/src/ros2_robot/install/ground_plane_estimator/share/ament_index/resource_index/packages/ground_plane_estimator
[3.591s] -- Up-to-date symlink: /home/turgay/dev_ws/src/ros2_robot/install/ground_plane_estimator/share/ground_plane_estimator/cmake/ground_plane_estimatorConfig.cmake
[3.592s] -- Up-to-date symlink: /home/turgay/dev_ws/src/ros2_robot/install/ground_plane_estimator/share/ground_plane_estimator/cmake/ground_plane_estimatorConfig-version.cmake
[3.592s] -- Up-to-date symlink: /home/turgay/dev_ws/src/ros2_robot/install/ground_plane_estimator/share/ground_plane_estimator/package.xml
