[0.389s] -- Found ament_cmake: 0.7.4 (/opt/ros/dashing/share/ament_cmake/cmake)
[0.390s] -- Using PYTHON_EXECUTABLE: /usr/bin/python3
[0.398s] -- Override CMake install command with custom implementation using symlinks instead of copying resources
[0.408s] -- Found rclcpp: 0.7.13 (/opt/ros/dashing/share/rclcpp/cmake)
[0.425s] -- Found rosidl_adapter: 0.7.9 (/opt/ros/dashing/share/rosidl_adapter/cmake)
[0.455s] -- Found rmw_implementation_cmake: 0.7.2 (/opt/ros/dashing/share/rmw_implementation_cmake/cmake)
[0.457s] -- Using RMW implementation 'rmw_fastrtps_cpp' as default
[0.480s] -- Found std_msgs: 0.7.0 (/opt/ros/dashing/share/std_msgs/cmake)
[0.485s] -- Found ament_lint_auto: 0.7.11 (/opt/ros/dashing/share/ament_lint_auto/cmake)
[0.594s] -- Added test 'copyright' to check for copyright in CMake / C / C++ / Python code
[0.596s] -- Added test 'cppcheck' to perform static code analysis on C / C++ code
[0.596s] -- Configured cppcheck include dirs: 
[0.597s] -- Added test 'cpplint' to check C / C++ code against the Google style
[0.598s] -- Added test 'lint_cmake' to check CMake code style
[0.599s] -- Added test 'uncrustify' to check C / C++ code style
[0.599s] -- Added test 'xmllint' to check XML markup files
[0.603s] -- Configuring done
[0.623s] -- Generating done
[0.664s] -- Build files have been written to: /home/turgay/dev_ws/src/ros2_robot/build/ground_plane_estimator
[0.714s] [35m[1mScanning dependencies of target ground_plane_estimator_node[0m
[0.734s] [ 50%] [32mBuilding CXX object CMakeFiles/ground_plane_estimator_node.dir/src/ground_plane_estimator_node.cpp.o[0m
[0.792s] CMakeFiles/ground_plane_estimator_node.dir/build.make:62: recipe for target 'CMakeFiles/ground_plane_estimator_node.dir/src/ground_plane_estimator_node.cpp.o' failed
[0.792s] CMakeFiles/Makefile2:67: recipe for target 'CMakeFiles/ground_plane_estimator_node.dir/all' failed
[0.792s] Makefile:140: recipe for target 'all' failed
