[0.017s] Invoking command in '/home/turgay/dev_ws/src/ros2_robot/build/realsense_t265_node': AMENT_PREFIX_PATH=/home/turgay/dev_ws/src/ros2_robot/install/realsense_t265_ros:${AMENT_PREFIX_PATH} CMAKE_PREFIX_PATH=/home/turgay/dev_ws/src/ros2_robot/install/realsense_t265_ros:/opt/robot_devkit/tools/rtmonitor_test:/opt/robot_devkit/tools/rtmonitor:/opt/robot_devkit/tools/rtmonitor_msgs:/opt/robot_devkit/tools/perf_msgs:/opt/robot_devkit/perception/dynamic_vino_sample:/opt/robot_devkit/perception/dynamic_vino_lib:/opt/robot_devkit/perception/vino_param_lib:/opt/robot_devkit/perception/ur_description:/opt/robot_devkit/perception/recognize_pick:/opt/robot_devkit/perception/random_pick:/opt/robot_devkit/perception/fixed_position_pick:/opt/robot_devkit/perception/draw_x:/opt/robot_devkit/perception/robot_interface:/opt/robot_devkit/perception/realsense_examples:/opt/robot_devkit/perception/realsense_node:/opt/robot_devkit/perception/realsense_ros:/opt/robot_devkit/perception/realsense_msgs:/opt/robot_devkit/perception/pipeline_srv_msgs:/opt/robot_devkit/perception/grasp_ros2:/opt/robot_devkit/perception/people_msgs:/opt/robot_devkit/perception/object_analytics_rviz:/opt/robot_devkit/perception/object_analytics_node:/opt/robot_devkit/perception/object_analytics_msgs:/opt/robot_devkit/perception/moveit_msgs:/opt/robot_devkit/perception/handeye_tf_service:/opt/robot_devkit/perception/handeye_target_detection:/opt/robot_devkit/perception/grasp_tutorials:/opt/robot_devkit/perception/grasp_msgs:/home/turgay/dev_ws/src/ros2_robot/install/simple_gps:/home/turgay/dev_ws/src/ros2_robot/install/remote_control:/opt/robot_devkit/tools/rdk_perf:/opt/robot_devkit/perception/handeye_dashboard:/opt/robot_devkit/perception/handeye:/opt/robot_devkit/perception/criutils:/opt/robot_devkit/perception/baldor:/opt/ros/dashing LD_LIBRARY_PATH=/home/turgay/dev_ws/src/ros2_robot/install/realsense_t265_ros/lib:${LD_LIBRARY_PATH} /usr/bin/cmake /home/turgay/dev_ws/src/ros2_robot/realsense_t265_node -DCMAKE_INSTALL_PREFIX=/home/turgay/dev_ws/src/ros2_robot/install/realsense_t265_node
[0.097s] -- The C compiler identification is GNU 7.5.0
[0.172s] -- The CXX compiler identification is GNU 7.5.0
[0.180s] -- Check for working C compiler: /usr/bin/cc
[0.278s] -- Check for working C compiler: /usr/bin/cc -- works
[0.279s] -- Detecting C compiler ABI info
[0.387s] -- Detecting C compiler ABI info - done
[0.392s] -- Detecting C compile features
[0.725s] -- Detecting C compile features - done
[0.729s] -- Check for working CXX compiler: /usr/bin/c++
[0.840s] -- Check for working CXX compiler: /usr/bin/c++ -- works
[0.841s] -- Detecting CXX compiler ABI info
[0.954s] -- Detecting CXX compiler ABI info - done
[0.958s] -- Detecting CXX compile features
[1.437s] -- Detecting CXX compile features - done
[1.438s] -- Create Debug Build.
[1.444s] -- Found ament_cmake: 0.7.4 (/opt/ros/dashing/share/ament_cmake/cmake)
[1.493s] -- Found PythonInterp: /usr/bin/python3 (found suitable version "3.6.9", minimum required is "3") 
[1.493s] -- Using PYTHON_EXECUTABLE: /usr/bin/python3
[1.811s] -- Found rclcpp: 0.7.13 (/opt/ros/dashing/share/rclcpp/cmake)
[1.870s] -- Found rosidl_adapter: 0.7.9 (/opt/ros/dashing/share/rosidl_adapter/cmake)
[1.931s] -- Found rmw_implementation_cmake: 0.7.2 (/opt/ros/dashing/share/rmw_implementation_cmake/cmake)
[1.933s] -- Using RMW implementation 'rmw_fastrtps_cpp' as default
[1.934s] -- Looking for pthread.h
[2.049s] -- Looking for pthread.h - found
[2.050s] -- Looking for pthread_create
[2.182s] -- Looking for pthread_create - not found
[2.182s] -- Looking for pthread_create in pthreads
[2.272s] -- Looking for pthread_create in pthreads - not found
[2.272s] -- Looking for pthread_create in pthread
[2.386s] -- Looking for pthread_create in pthread - found
[2.387s] -- Found Threads: TRUE  
[2.433s] -- Found nav_msgs: 0.7.0 (/opt/ros/dashing/share/nav_msgs/cmake)
[2.465s] -- Found sensor_msgs: 0.7.0 (/opt/ros/dashing/share/sensor_msgs/cmake)
[2.479s] -- Found cv_bridge: 2.1.4 (/opt/ros/dashing/share/cv_bridge/cmake)
[2.508s] -- Found tf2: 0.11.6 (/opt/ros/dashing/share/tf2/cmake)
[2.520s] -- Found tf2_ros: 0.11.6 (/opt/ros/dashing/share/tf2_ros/cmake)
[2.582s] -- Found realsense_t265_ros: 2.0.5 (/home/turgay/dev_ws/src/ros2_robot/install/realsense_t265_ros/share/realsense_t265_ros/cmake)
[2.586s] -- Found realsense_msgs: 2.0.5 (/opt/robot_devkit/perception/realsense_msgs/share/realsense_msgs/cmake)
[2.676s] -- Found ament_lint_auto: 0.7.11 (/opt/ros/dashing/share/ament_lint_auto/cmake)
[2.800s] -- Added test 'copyright' to check for copyright in CMake / C / C++ / Python code
[2.802s] -- Added test 'cppcheck' to perform static code analysis on C / C++ code
[2.803s] -- Configured cppcheck include dirs: 
[2.804s] -- Added test 'cpplint' to check C / C++ code against the Google style
[2.806s] -- Added test 'lint_cmake' to check CMake code style
[2.808s] -- Added test 'uncrustify' to check C / C++ code style
[2.810s] -- Added test 'xmllint' to check XML markup files
[2.814s] -- Configuring done
[2.846s] -- Generating done
[2.848s] -- Build files have been written to: /home/turgay/dev_ws/src/ros2_robot/build/realsense_t265_node
