[0.079s] Invoking command in '/home/turgay/dev_ws/src/ros2_robot/build/realsense_t265_ros': CMAKE_PREFIX_PATH=${CMAKE_PREFIX_PATH}:/opt/robot_devkit/tools/rdk_perf:/opt/robot_devkit/perception/handeye_dashboard:/opt/robot_devkit/perception/handeye:/opt/robot_devkit/perception/criutils:/opt/robot_devkit/perception/baldor:/opt/ros/dashing /usr/bin/cmake --build /home/turgay/dev_ws/src/ros2_robot/build/realsense_t265_ros -- -j12 -l12
[0.809s] [ 14%] Built target gtest
[0.809s] [ 28%] Built target gtest_main
[0.811s] [ 71%] Built target realsense_t265_ros
[0.812s] [ 85%] Built target unittest_function
[0.812s] [100%] Built target camera_core
[0.814s] Invoked command in '/home/turgay/dev_ws/src/ros2_robot/build/realsense_t265_ros' returned '0': CMAKE_PREFIX_PATH=${CMAKE_PREFIX_PATH}:/opt/robot_devkit/tools/rdk_perf:/opt/robot_devkit/perception/handeye_dashboard:/opt/robot_devkit/perception/handeye:/opt/robot_devkit/perception/criutils:/opt/robot_devkit/perception/baldor:/opt/ros/dashing /usr/bin/cmake --build /home/turgay/dev_ws/src/ros2_robot/build/realsense_t265_ros -- -j12 -l12
[0.879s] Invoking command in '/home/turgay/dev_ws/src/ros2_robot/build/realsense_t265_ros': CMAKE_PREFIX_PATH=${CMAKE_PREFIX_PATH}:/opt/robot_devkit/tools/rdk_perf:/opt/robot_devkit/perception/handeye_dashboard:/opt/robot_devkit/perception/handeye:/opt/robot_devkit/perception/criutils:/opt/robot_devkit/perception/baldor:/opt/ros/dashing /usr/bin/cmake --build /home/turgay/dev_ws/src/ros2_robot/build/realsense_t265_ros --target install -- -j12 -l12
[0.965s] [ 14%] Built target gtest
[0.971s] [ 28%] Built target gtest_main
[1.002s] [ 71%] Built target realsense_t265_ros
[1.049s] [ 85%] Built target camera_core
[1.063s] [100%] Built target unittest_function
[1.093s] [36mInstall the project...[0m
[1.104s] -- Install configuration: ""
[1.147s] -- Up-to-date: /home/turgay/dev_ws/src/ros2_robot/install/realsense_t265_ros/lib/librealsense_t265_ros.so
[1.148s] -- Up-to-date: /home/turgay/dev_ws/src/ros2_robot/install/realsense_t265_ros/include
[1.148s] -- Up-to-date: /home/turgay/dev_ws/src/ros2_robot/install/realsense_t265_ros/include/realsense
[1.149s] -- Up-to-date: /home/turgay/dev_ws/src/ros2_robot/install/realsense_t265_ros/include/realsense/rs_t265_base.hpp
[1.149s] -- Up-to-date: /home/turgay/dev_ws/src/ros2_robot/install/realsense_t265_ros/include/realsense/rs_t265_t265.hpp
[1.150s] -- Up-to-date: /home/turgay/dev_ws/src/ros2_robot/install/realsense_t265_ros/include/realsense/rs_d435i.hpp
[1.151s] -- Up-to-date: /home/turgay/dev_ws/src/ros2_robot/install/realsense_t265_ros/include/realsense/rs_factory.hpp
[1.151s] -- Up-to-date: /home/turgay/dev_ws/src/ros2_robot/install/realsense_t265_ros/include/realsense/rs_d435.hpp
[1.152s] -- Up-to-date: /home/turgay/dev_ws/src/ros2_robot/install/realsense_t265_ros/include/realsense/rs_constants.hpp
[1.152s] -- Up-to-date: /home/turgay/dev_ws/src/ros2_robot/install/realsense_t265_ros/include/realsense/rs_t265_factory.hpp
[1.152s] -- Up-to-date: /home/turgay/dev_ws/src/ros2_robot/install/realsense_t265_ros/share/realsense_t265_ros/environment/library_path.sh
[1.153s] -- Up-to-date: /home/turgay/dev_ws/src/ros2_robot/install/realsense_t265_ros/share/ament_index/resource_index/package_run_dependencies/realsense_t265_ros
[1.153s] -- Up-to-date: /home/turgay/dev_ws/src/ros2_robot/install/realsense_t265_ros/share/ament_index/resource_index/parent_prefix_path/realsense_t265_ros
[1.153s] -- Up-to-date: /home/turgay/dev_ws/src/ros2_robot/install/realsense_t265_ros/share/realsense_t265_ros/environment/ament_prefix_path.sh
[1.154s] -- Up-to-date: /home/turgay/dev_ws/src/ros2_robot/install/realsense_t265_ros/share/realsense_t265_ros/environment/path.sh
[1.154s] -- Up-to-date: /home/turgay/dev_ws/src/ros2_robot/install/realsense_t265_ros/share/realsense_t265_ros/local_setup.bash
[1.154s] -- Up-to-date: /home/turgay/dev_ws/src/ros2_robot/install/realsense_t265_ros/share/realsense_t265_ros/local_setup.sh
[1.155s] -- Up-to-date: /home/turgay/dev_ws/src/ros2_robot/install/realsense_t265_ros/share/realsense_t265_ros/local_setup.zsh
[1.155s] -- Up-to-date: /home/turgay/dev_ws/src/ros2_robot/install/realsense_t265_ros/share/ament_index/resource_index/packages/realsense_t265_ros
[1.156s] -- Up-to-date: /home/turgay/dev_ws/src/ros2_robot/install/realsense_t265_ros/share/ament_index/resource_index/rclcpp_components/realsense_t265_ros
[1.158s] -- Up-to-date: /home/turgay/dev_ws/src/ros2_robot/install/realsense_t265_ros/share/realsense_t265_ros/cmake/ament_cmake_export_include_directories-extras.cmake
[1.158s] -- Up-to-date: /home/turgay/dev_ws/src/ros2_robot/install/realsense_t265_ros/share/realsense_t265_ros/cmake/ament_cmake_export_libraries-extras.cmake
[1.159s] -- Up-to-date: /home/turgay/dev_ws/src/ros2_robot/install/realsense_t265_ros/share/realsense_t265_ros/cmake/realsense_t265_rosConfig.cmake
[1.161s] -- Up-to-date: /home/turgay/dev_ws/src/ros2_robot/install/realsense_t265_ros/share/realsense_t265_ros/cmake/realsense_t265_rosConfig-version.cmake
[1.161s] -- Up-to-date: /home/turgay/dev_ws/src/ros2_robot/install/realsense_t265_ros/share/realsense_t265_ros/package.xml
[1.162s] Invoked command in '/home/turgay/dev_ws/src/ros2_robot/build/realsense_t265_ros' returned '0': CMAKE_PREFIX_PATH=${CMAKE_PREFIX_PATH}:/opt/robot_devkit/tools/rdk_perf:/opt/robot_devkit/perception/handeye_dashboard:/opt/robot_devkit/perception/handeye:/opt/robot_devkit/perception/criutils:/opt/robot_devkit/perception/baldor:/opt/ros/dashing /usr/bin/cmake --build /home/turgay/dev_ws/src/ros2_robot/build/realsense_t265_ros --target install -- -j12 -l12
