[0.152s] [ 50%] [32m[1mLinking CXX executable realsense_t265_node[0m
[1.078s] [100%] Built target realsense_t265_node
[1.273s] [100%] Built target realsense_t265_node
[1.312s] [36mInstall the project...[0m
[1.335s] -- Install configuration: ""
[1.335s] -- Installing: /home/latte/dev_ws/src/ros2_robot/install/realsense_t265_node/lib/realsense_t265_node/realsense_t265_node
[1.336s] -- Set runtime path of "/home/latte/dev_ws/src/ros2_robot/install/realsense_t265_node/lib/realsense_t265_node/realsense_t265_node" to ""
[1.337s] -- Installing: /home/latte/dev_ws/src/ros2_robot/install/realsense_t265_node/bin/realsense_t265_node
[1.339s] -- Set runtime path of "/home/latte/dev_ws/src/ros2_robot/install/realsense_t265_node/bin/realsense_t265_node" to ""
[1.339s] -- Up-to-date: /home/latte/dev_ws/src/ros2_robot/install/realsense_t265_node/share/ament_index/resource_index/package_run_dependencies/realsense_t265_node
[1.339s] -- Up-to-date: /home/latte/dev_ws/src/ros2_robot/install/realsense_t265_node/share/ament_index/resource_index/parent_prefix_path/realsense_t265_node
[1.340s] -- Up-to-date: /home/latte/dev_ws/src/ros2_robot/install/realsense_t265_node/share/realsense_t265_node/environment/ament_prefix_path.sh
[1.340s] -- Up-to-date: /home/latte/dev_ws/src/ros2_robot/install/realsense_t265_node/share/realsense_t265_node/environment/path.sh
[1.340s] -- Up-to-date: /home/latte/dev_ws/src/ros2_robot/install/realsense_t265_node/share/realsense_t265_node/local_setup.bash
[1.340s] -- Up-to-date: /home/latte/dev_ws/src/ros2_robot/install/realsense_t265_node/share/realsense_t265_node/local_setup.sh
[1.340s] -- Up-to-date: /home/latte/dev_ws/src/ros2_robot/install/realsense_t265_node/share/realsense_t265_node/local_setup.zsh
[1.340s] -- Up-to-date: /home/latte/dev_ws/src/ros2_robot/install/realsense_t265_node/share/ament_index/resource_index/packages/realsense_t265_node
[1.341s] -- Up-to-date: /home/latte/dev_ws/src/ros2_robot/install/realsense_t265_node/share/realsense_t265_node/cmake/realsense_t265_nodeConfig.cmake
[1.341s] -- Up-to-date: /home/latte/dev_ws/src/ros2_robot/install/realsense_t265_node/share/realsense_t265_node/cmake/realsense_t265_nodeConfig-version.cmake
[1.341s] -- Up-to-date: /home/latte/dev_ws/src/ros2_robot/install/realsense_t265_node/share/realsense_t265_node/package.xml
