[0.795s] ** WARNING ** io features related to ensenso will be disabled
[0.799s] ** WARNING ** io features related to davidSDK will be disabled
[0.800s] ** WARNING ** io features related to dssdk will be disabled
[0.800s] ** WARNING ** io features related to pcap will be disabled
[0.800s] ** WARNING ** io features related to png will be disabled
[0.909s] ** WARNING ** io features related to libusb-1.0 will be disabled
[0.948s] ** WARNING ** visualization features related to ensenso will be disabled
[0.956s] ** WARNING ** visualization features related to davidSDK will be disabled
[0.957s] ** WARNING ** visualization features related to dssdk will be disabled
[0.958s] ** WARNING ** visualization features related to rssdk will be disabled
[6.776s] [01m[K/home/turgay/dev_ws/src/ros2_robot/ground_plane_estimator/src/ground_plane_estimator_node.cpp:[m[K In constructor ‘[01m[KGroundPlaneEstimatorNode::GroundPlaneEstimatorNode()[m[K’:
[6.777s] [01m[K/home/turgay/dev_ws/src/ros2_robot/ground_plane_estimator/src/ground_plane_estimator_node.cpp:27:5:[m[K [01;31m[Kerror: [m[K‘[01m[Kmessage_filters[m[K’ has not been declared
[6.777s]      [01;31m[Kmessage_filters[m[K::Subscriber<sensor_msgs::Image> sub_image(nh, "/camera/color/image_raw", 1);
[6.777s]      [01;31m[K^~~~~~~~~~~~~~~[m[K
[6.777s] [01m[K/home/turgay/dev_ws/src/ros2_robot/ground_plane_estimator/src/ground_plane_estimator_node.cpp:27:46:[m[K [01;31m[Kerror: [m[K‘[01m[KImage[m[K’ is not a member of ‘[01m[Ksensor_msgs[m[K’
[6.778s]      message_filters::Subscriber<sensor_msgs::[01;31m[KImage[m[K> sub_image(nh, "/camera/color/image_raw", 1);
[6.778s]                                               [01;31m[K^~~~~[m[K
[6.778s] [01m[K/home/turgay/dev_ws/src/ros2_robot/ground_plane_estimator/src/ground_plane_estimator_node.cpp:27:46:[m[K [01;36m[Knote: [m[Ksuggested alternative:
[6.778s] In file included from [01m[K/opt/ros/dashing/include/sensor_msgs/msg/image.hpp:7:0[m[K,
[6.779s]                  from [01m[K/opt/ros/dashing/include/image_transport/camera_publisher.h:41[m[K,
[6.779s]                  from [01m[K/opt/ros/dashing/include/image_transport/image_transport.h:45[m[K,
[6.779s]                  from [01m[K/home/turgay/dev_ws/src/ros2_robot/ground_plane_estimator/include/ground_plane_estimator/ground_plane_estimator_node.hpp:20[m[K,
[6.779s]                  from [01m[K/home/turgay/dev_ws/src/ros2_robot/ground_plane_estimator/src/ground_plane_estimator_node.cpp:7[m[K:
[6.780s] [01m[K/opt/ros/dashing/include/sensor_msgs/msg/image__struct.hpp:218:49:[m[K [01;36m[Knote: [m[K  ‘[01m[Ksensor_msgs::msg::Image[m[K’
[6.780s]    sensor_msgs::msg::Image_<std::allocator<void>>[01;36m[K;[m[K
[6.780s]                                                  [01;36m[K^[m[K
[6.780s] [01m[K/home/turgay/dev_ws/src/ros2_robot/ground_plane_estimator/src/ground_plane_estimator_node.cpp:27:63:[m[K [01;31m[Kerror: [m[K‘[01m[Knh[m[K’ was not declared in this scope
[6.781s]      message_filters::Subscriber<sensor_msgs::Image> sub_image([01;31m[Knh[m[K, "/camera/color/image_raw", 1);
[6.781s]                                                                [01;31m[K^~[m[K
[6.808s] [01m[K/home/turgay/dev_ws/src/ros2_robot/ground_plane_estimator/src/ground_plane_estimator_node.cpp:[m[K In member function ‘[01m[Kvoid GroundPlaneEstimatorNode::image_callback(sensor_msgs::msg::Image_<std::allocator<void> >::SharedPtr)[m[K’:
[6.808s] [01m[K/home/turgay/dev_ws/src/ros2_robot/ground_plane_estimator/src/ground_plane_estimator_node.cpp:62:28:[m[K [01;35m[Kwarning: [m[K‘[01m[Kvoid rclcpp::Publisher<MessageT, Alloc>::publish(const std::shared_ptr<const _Tp>&) [with MessageT = sensor_msgs::msg::Image_<std::allocator<void> >; Alloc = std::allocator<void>][m[K’ is deprecated: publishing an unique_ptr is prefered when using intra process communication. If using a shared_ptr, use publish(*msg). [[01;35m[K-Wdeprecated-declarations[m[K]
[6.809s]      image_pub_->publish(msg[01;35m[K)[m[K;
[6.809s]                             [01;35m[K^[m[K
[6.809s] In file included from [01m[K/opt/ros/dashing/include/rclcpp/callback_group.hpp:24:0[m[K,
[6.809s]                  from [01m[K/opt/ros/dashing/include/rclcpp/any_executable.hpp:20[m[K,
[6.809s]                  from [01m[K/opt/ros/dashing/include/rclcpp/memory_strategy.hpp:24[m[K,
[6.809s]                  from [01m[K/opt/ros/dashing/include/rclcpp/memory_strategies.hpp:18[m[K,
[6.810s]                  from [01m[K/opt/ros/dashing/include/rclcpp/executor.hpp:33[m[K,
[6.810s]                  from [01m[K/opt/ros/dashing/include/rclcpp/executors/multi_threaded_executor.hpp:24[m[K,
[6.810s]                  from [01m[K/opt/ros/dashing/include/rclcpp/executors.hpp:21[m[K,
[6.810s]                  from [01m[K/opt/ros/dashing/include/rclcpp/rclcpp.hpp:144[m[K,
[6.810s]                  from [01m[K/home/turgay/dev_ws/src/ros2_robot/ground_plane_estimator/include/ground_plane_estimator/ground_plane_estimator_node.hpp:18[m[K,
[6.810s]                  from [01m[K/home/turgay/dev_ws/src/ros2_robot/ground_plane_estimator/src/ground_plane_estimator_node.cpp:7[m[K:
[6.811s] [01m[K/opt/ros/dashing/include/rclcpp/publisher.hpp:137:3:[m[K [01;36m[Knote: [m[Kdeclared here
[6.811s]    [01;36m[Kpublish[m[K(const std::shared_ptr<const MessageT> & msg)
[6.811s]    [01;36m[K^~~~~~~[m[K
[6.868s] [01m[K/home/turgay/dev_ws/src/ros2_robot/ground_plane_estimator/src/ground_plane_estimator_node.cpp:[m[K In member function ‘[01m[Kvoid GroundPlaneEstimatorNode::imageSegment(const ConstSharedPtr&)[m[K’:
[6.868s] [01m[K/home/turgay/dev_ws/src/ros2_robot/ground_plane_estimator/src/ground_plane_estimator_node.cpp:359:47:[m[K [01;35m[Kwarning: [m[K‘[01m[Kvoid rclcpp::Publisher<MessageT, Alloc>::publish(const std::shared_ptr<const _Tp>&) [with MessageT = sensor_msgs::msg::Image_<std::allocator<void> >; Alloc = std::allocator<void>][m[K’ is deprecated: publishing an unique_ptr is prefered when using intra process communication. If using a shared_ptr, use publish(*msg). [[01;35m[K-Wdeprecated-declarations[m[K]
[6.868s]      image_pub_->publish( cv_ptr->toImageMsg() [01;35m[K)[m[K;
[6.868s]                                                [01;35m[K^[m[K
[6.869s] In file included from [01m[K/opt/ros/dashing/include/rclcpp/callback_group.hpp:24:0[m[K,
[6.869s]                  from [01m[K/opt/ros/dashing/include/rclcpp/any_executable.hpp:20[m[K,
[6.869s]                  from [01m[K/opt/ros/dashing/include/rclcpp/memory_strategy.hpp:24[m[K,
[6.869s]                  from [01m[K/opt/ros/dashing/include/rclcpp/memory_strategies.hpp:18[m[K,
[6.869s]                  from [01m[K/opt/ros/dashing/include/rclcpp/executor.hpp:33[m[K,
[6.869s]                  from [01m[K/opt/ros/dashing/include/rclcpp/executors/multi_threaded_executor.hpp:24[m[K,
[6.870s]                  from [01m[K/opt/ros/dashing/include/rclcpp/executors.hpp:21[m[K,
[6.870s]                  from [01m[K/opt/ros/dashing/include/rclcpp/rclcpp.hpp:144[m[K,
[6.870s]                  from [01m[K/home/turgay/dev_ws/src/ros2_robot/ground_plane_estimator/include/ground_plane_estimator/ground_plane_estimator_node.hpp:18[m[K,
[6.870s]                  from [01m[K/home/turgay/dev_ws/src/ros2_robot/ground_plane_estimator/src/ground_plane_estimator_node.cpp:7[m[K:
[6.870s] [01m[K/opt/ros/dashing/include/rclcpp/publisher.hpp:137:3:[m[K [01;36m[Knote: [m[Kdeclared here
[6.870s]    [01;36m[Kpublish[m[K(const std::shared_ptr<const MessageT> & msg)
[6.870s]    [01;36m[K^~~~~~~[m[K
[8.108s] In file included from [01m[K/usr/include/pcl-1.8/pcl/sample_consensus/sac_model.h:52:0[m[K,
[8.108s]                  from [01m[K/usr/include/pcl-1.8/pcl/sample_consensus/sac.h:45[m[K,
[8.108s]                  from [01m[K/usr/include/pcl-1.8/pcl/segmentation/sac_segmentation.h:49[m[K,
[8.109s]                  from [01m[K/home/turgay/dev_ws/src/ros2_robot/ground_plane_estimator/include/ground_plane_estimator/ground_plane_estimator_node.hpp:34[m[K,
[8.109s]                  from [01m[K/home/turgay/dev_ws/src/ros2_robot/ground_plane_estimator/src/ground_plane_estimator_node.cpp:7[m[K:
[8.109s] [01m[K/usr/include/pcl-1.8/pcl/sample_consensus/model_types.h:[m[K In function ‘[01m[Kvoid __static_initialization_and_destruction_0(int, int)[m[K’:
[8.109s] [01m[K/usr/include/pcl-1.8/pcl/sample_consensus/model_types.h:99:3:[m[K [01;35m[Kwarning: [m[K‘[01m[Kpcl::SAC_SAMPLE_SIZE[m[K’ is deprecated: This map is deprecated and is kept only to prevent breaking existing user code. Starting from PCL 1.8.0 model sample size is a protected member of the SampleConsensusModel class [[01;35m[K-Wdeprecated-declarations[m[K]
[8.109s]    [01;35m[KSAC_SAMPLE_SIZE[m[K (sample_size_pairs, sample_size_pairs + sizeof (sample_size_pairs) / sizeof (SampleSizeModel));
[8.109s]    [01;35m[K^~~~~~~~~~~~~~~[m[K
[8.110s] [01m[K/usr/include/pcl-1.8/pcl/sample_consensus/model_types.h:99:3:[m[K [01;36m[Knote: [m[Kdeclared here
[8.478s] make[2]: *** [CMakeFiles/ground_plane_estimator_node.dir/src/ground_plane_estimator_node.cpp.o] Error 1
[8.478s] make[1]: *** [CMakeFiles/ground_plane_estimator_node.dir/all] Error 2
[8.479s] make: *** [all] Error 2
