[0.053s] -- Found ament_cmake: 0.7.4 (/opt/ros/dashing/share/ament_cmake/cmake)
[0.094s] -- Using PYTHON_EXECUTABLE: /usr/bin/python3
[0.350s] -- Override CMake install command with custom implementation using symlinks instead of copying resources
[0.359s] -- Found rclcpp: 0.7.13 (/opt/ros/dashing/share/rclcpp/cmake)
[0.374s] -- Found rosidl_adapter: 0.7.9 (/opt/ros/dashing/share/rosidl_adapter/cmake)
[0.409s] -- Found rmw_implementation_cmake: 0.7.2 (/opt/ros/dashing/share/rmw_implementation_cmake/cmake)
[0.412s] -- Using RMW implementation 'rmw_fastrtps_cpp' as default
[0.437s] -- Found std_msgs: 0.7.0 (/opt/ros/dashing/share/std_msgs/cmake)
[0.443s] -- Found rclcpp_components: 0.7.13 (/opt/ros/dashing/share/rclcpp_components/cmake)
[0.445s] -- Found poco_vendor:  (/opt/ros/dashing/share/poco_vendor/cmake)
[0.458s] -- Found nav_msgs: 0.7.0 (/opt/ros/dashing/share/nav_msgs/cmake)
[0.476s] -- Found sensor_msgs: 0.7.0 (/opt/ros/dashing/share/sensor_msgs/cmake)
[0.486s] -- Found cv_bridge: 2.1.4 (/opt/ros/dashing/share/cv_bridge/cmake)
[0.502s] -- Found tf2: 0.11.6 (/opt/ros/dashing/share/tf2/cmake)
[0.504s] -- Found tf2_ros: 0.11.6 (/opt/ros/dashing/share/tf2_ros/cmake)
[0.549s] -- Found image_transport: 2.1.1 (/opt/ros/dashing/share/image_transport/cmake)
[0.567s] -- Found tinyxml2_vendor:  (/opt/ros/dashing/share/tinyxml2_vendor/cmake)
[0.583s] -- Found pcl_conversions: 2.0.0 (/opt/ros/dashing/share/pcl_conversions/cmake)
[0.585s] -- Found pcl_msgs: 1.0.0 (/opt/ros/dashing/share/pcl_msgs/cmake)
[0.682s] -- Boost version: 1.65.1
[0.682s] -- Found the following Boost libraries:
[0.682s] --   system
[0.682s] --   filesystem
[0.682s] --   thread
[0.682s] --   chrono
[0.682s] --   date_time
[0.683s] --   atomic
[0.778s] -- Boost version: 1.65.1
[0.778s] -- Found the following Boost libraries:
[0.778s] --   system
[0.779s] --   filesystem
[0.779s] --   thread
[0.779s] --   date_time
[0.779s] --   iostreams
[0.779s] --   serialization
[0.779s] --   chrono
[0.779s] --   atomic
[0.780s] --   regex
[0.795s] -- Could NOT find ensenso (missing: ENSENSO_LIBRARY ENSENSO_INCLUDE_DIR) 
[0.799s] -- Could NOT find DAVIDSDK (missing: DAVIDSDK_LIBRARY DAVIDSDK_INCLUDE_DIR) 
[0.799s] -- Could NOT find DSSDK (missing: _DSSDK_LIBRARIES) 
[0.857s] -- The imported target "vtkRenderingPythonTkWidgets" references the file
[0.857s]    "/usr/lib/x86_64-linux-gnu/libvtkRenderingPythonTkWidgets.so"
[0.858s] but this file does not exist.  Possible reasons include:
[0.858s] * The file was deleted, renamed, or moved to another location.
[0.858s] * An install or uninstall procedure did not complete successfully.
[0.858s] * The installation package was faulty and contained
[0.858s]    "/usr/lib/cmake/vtk-6.3/VTKTargets.cmake"
[0.858s] but not all the files it references.
[0.859s] 
[0.859s] -- The imported target "vtk" references the file
[0.859s]    "/usr/bin/vtk"
[0.859s] but this file does not exist.  Possible reasons include:
[0.859s] * The file was deleted, renamed, or moved to another location.
[0.859s] * An install or uninstall procedure did not complete successfully.
[0.860s] * The installation package was faulty and contained
[0.860s]    "/usr/lib/cmake/vtk-6.3/VTKTargets.cmake"
[0.860s] but not all the files it references.
[0.861s] 
[0.948s] -- Could NOT find ensenso (missing: ENSENSO_LIBRARY ENSENSO_INCLUDE_DIR) 
[0.955s] -- Could NOT find DAVIDSDK (missing: DAVIDSDK_LIBRARY DAVIDSDK_INCLUDE_DIR) 
[0.957s] -- Could NOT find DSSDK (missing: _DSSDK_LIBRARIES) 
[0.958s] -- Could NOT find RSSDK (missing: _RSSDK_LIBRARIES) 
[1.017s] -- looking for PCL_COMMON
[1.018s] -- looking for PCL_OCTREE
[1.018s] -- looking for PCL_IO
[1.019s] -- looking for PCL_KDTREE
[1.019s] -- looking for PCL_SEARCH
[1.020s] -- looking for PCL_SAMPLE_CONSENSUS
[1.021s] -- looking for PCL_FILTERS
[1.021s] -- looking for PCL_2D
[1.022s] -- looking for PCL_GEOMETRY
[1.022s] -- looking for PCL_FEATURES
[1.023s] -- looking for PCL_ML
[1.023s] -- looking for PCL_SEGMENTATION
[1.025s] -- looking for PCL_VISUALIZATION
[1.025s] -- looking for PCL_SURFACE
[1.026s] -- looking for PCL_REGISTRATION
[1.027s] -- looking for PCL_KEYPOINTS
[1.028s] -- looking for PCL_TRACKING
[1.029s] -- looking for PCL_RECOGNITION
[1.030s] -- looking for PCL_STEREO
[1.031s] -- looking for PCL_APPS
[1.033s] -- looking for PCL_IN_HAND_SCANNER
[1.034s] -- looking for PCL_MODELER
[1.034s] -- looking for PCL_POINT_CLOUD_EDITOR
[1.034s] -- looking for PCL_OUTOFCORE
[1.035s] -- looking for PCL_PEOPLE
[1.053s] -- Found ament_lint_auto: 0.7.11 (/opt/ros/dashing/share/ament_lint_auto/cmake)
[1.299s] -- Added test 'copyright' to check for copyright in CMake / C / C++ / Python code
[1.300s] -- Added test 'cppcheck' to perform static code analysis on C / C++ code
[1.300s] -- Configured cppcheck include dirs: /home/turgay/dev_ws/src/ros2_robot/ground_plane_estimator/include
[1.301s] -- Added test 'cpplint' to check C / C++ code against the Google style
[1.302s] -- Added test 'lint_cmake' to check CMake code style
[1.302s] -- Added test 'uncrustify' to check C / C++ code style
[1.303s] -- Added test 'xmllint' to check XML markup files
[1.306s] -- Configuring done
[1.346s] -- Generating done
[1.352s] -- Build files have been written to: /home/turgay/dev_ws/src/ros2_robot/build/ground_plane_estimator
[1.452s] [35m[1mScanning dependencies of target ground_plane_estimator_node[0m
[1.548s] [ 50%] [32mBuilding CXX object CMakeFiles/ground_plane_estimator_node.dir/src/ground_plane_estimator_node.cpp.o[0m
[8.477s] CMakeFiles/ground_plane_estimator_node.dir/build.make:62: recipe for target 'CMakeFiles/ground_plane_estimator_node.dir/src/ground_plane_estimator_node.cpp.o' failed
[8.478s] CMakeFiles/Makefile2:67: recipe for target 'CMakeFiles/ground_plane_estimator_node.dir/all' failed
[8.478s] Makefile:140: recipe for target 'all' failed
