[0.933s] Invoking command in '/home/latte/dev_ws/src/ros2_robot/simple_gps': PYTHONPATH=/home/latte/dev_ws/src/ros2_robot/install/simple_gps/lib/python3.6/site-packages:${PYTHONPATH} /usr/bin/python3 setup.py egg_info --egg-base /home/latte/dev_ws/src/ros2_robot/build/simple_gps build --build-base /home/latte/dev_ws/src/ros2_robot/build/simple_gps/build install --prefix /home/latte/dev_ws/src/ros2_robot/install/simple_gps --record /home/latte/dev_ws/src/ros2_robot/build/simple_gps/install.log --single-version-externally-managed
[1.535s] running egg_info
[1.537s] writing /home/latte/dev_ws/src/ros2_robot/build/simple_gps/simple_gps.egg-info/PKG-INFO
[1.538s] writing dependency_links to /home/latte/dev_ws/src/ros2_robot/build/simple_gps/simple_gps.egg-info/dependency_links.txt
[1.539s] writing entry points to /home/latte/dev_ws/src/ros2_robot/build/simple_gps/simple_gps.egg-info/entry_points.txt
[1.540s] writing requirements to /home/latte/dev_ws/src/ros2_robot/build/simple_gps/simple_gps.egg-info/requires.txt
[1.540s] writing top-level names to /home/latte/dev_ws/src/ros2_robot/build/simple_gps/simple_gps.egg-info/top_level.txt
[1.612s] reading manifest file '/home/latte/dev_ws/src/ros2_robot/build/simple_gps/simple_gps.egg-info/SOURCES.txt'
[1.615s] writing manifest file '/home/latte/dev_ws/src/ros2_robot/build/simple_gps/simple_gps.egg-info/SOURCES.txt'
[1.616s] running build
[1.616s] running build_py
[1.617s] running install
[1.617s] running install_lib
[1.620s] running install_data
[1.623s] running install_egg_info
[1.629s] removing '/home/latte/dev_ws/src/ros2_robot/install/simple_gps/lib/python3.6/site-packages/simple_gps-0.0.0-py3.6.egg-info' (and everything under it)
[1.629s] Copying /home/latte/dev_ws/src/ros2_robot/build/simple_gps/simple_gps.egg-info to /home/latte/dev_ws/src/ros2_robot/install/simple_gps/lib/python3.6/site-packages/simple_gps-0.0.0-py3.6.egg-info
[1.631s] running install_scripts
[1.659s] Installing simple_gps_node script to /home/latte/dev_ws/src/ros2_robot/install/simple_gps/lib/simple_gps
[1.660s] writing list of installed files to '/home/latte/dev_ws/src/ros2_robot/build/simple_gps/install.log'
[1.695s] Invoked command in '/home/latte/dev_ws/src/ros2_robot/simple_gps' returned '0': PYTHONPATH=/home/latte/dev_ws/src/ros2_robot/install/simple_gps/lib/python3.6/site-packages:${PYTHONPATH} /usr/bin/python3 setup.py egg_info --egg-base /home/latte/dev_ws/src/ros2_robot/build/simple_gps build --build-base /home/latte/dev_ws/src/ros2_robot/build/simple_gps/build install --prefix /home/latte/dev_ws/src/ros2_robot/install/simple_gps --record /home/latte/dev_ws/src/ros2_robot/build/simple_gps/install.log --single-version-externally-managed
