[0.684s] -- Found ament_cmake: 0.7.4 (/opt/ros/dashing/share/ament_cmake/cmake)
[0.686s] -- Using PYTHON_EXECUTABLE: /usr/bin/python3
[0.687s] -- Override CMake install command with custom implementation using symlinks instead of copying resources
[0.688s] -- Found rclcpp: 0.7.13 (/opt/ros/dashing/share/rclcpp/cmake)
[0.688s] -- Found rosidl_adapter: 0.7.9 (/opt/ros/dashing/share/rosidl_adapter/cmake)
[0.689s] -- Found rmw_implementation_cmake: 0.7.2 (/opt/ros/dashing/share/rmw_implementation_cmake/cmake)
[0.691s] -- Using RMW implementation 'rmw_fastrtps_cpp' as default
[0.692s] -- Found std_msgs: 0.7.0 (/opt/ros/dashing/share/std_msgs/cmake)
[0.693s] -- Found rclcpp_components: 0.7.13 (/opt/ros/dashing/share/rclcpp_components/cmake)
[0.693s] -- Found poco_vendor:  (/opt/ros/dashing/share/poco_vendor/cmake)
[0.696s] -- Found nav_msgs: 0.7.0 (/opt/ros/dashing/share/nav_msgs/cmake)
[0.697s] -- Found sensor_msgs: 0.7.0 (/opt/ros/dashing/share/sensor_msgs/cmake)
[0.699s] -- Found cv_bridge: 2.1.4 (/opt/ros/dashing/share/cv_bridge/cmake)
[0.699s] -- Found tf2: 0.11.6 (/opt/ros/dashing/share/tf2/cmake)
[0.699s] -- Found tf2_ros: 0.11.6 (/opt/ros/dashing/share/tf2_ros/cmake)
[0.700s] -- Found image_transport: 2.1.1 (/opt/ros/dashing/share/image_transport/cmake)
[0.700s] -- Found tinyxml2_vendor:  (/opt/ros/dashing/share/tinyxml2_vendor/cmake)
[0.700s] -- Found pcl_conversions: 2.0.0 (/opt/ros/dashing/share/pcl_conversions/cmake)
[0.700s] -- Found pcl_msgs: 1.0.0 (/opt/ros/dashing/share/pcl_msgs/cmake)
[0.700s] -- Boost version: 1.65.1
[0.700s] -- Found the following Boost libraries:
[0.700s] --   system
[0.701s] --   filesystem
[0.701s] --   thread
[0.701s] --   chrono
[0.701s] --   date_time
[0.701s] --   atomic
[0.772s] -- Boost version: 1.65.1
[0.775s] -- Found the following Boost libraries:
[0.775s] --   system
[0.780s] --   filesystem
[0.780s] --   thread
[0.781s] --   date_time
[0.781s] --   iostreams
[0.782s] --   serialization
[0.783s] --   chrono
[0.783s] --   atomic
[0.783s] --   regex
[0.789s] -- Could NOT find ensenso (missing: ENSENSO_LIBRARY ENSENSO_INCLUDE_DIR) 
[0.793s] -- Could NOT find DAVIDSDK (missing: DAVIDSDK_LIBRARY DAVIDSDK_INCLUDE_DIR) 
[0.794s] -- Could NOT find DSSDK (missing: _DSSDK_LIBRARIES) 
[0.849s] -- The imported target "vtkRenderingPythonTkWidgets" references the file
[0.850s]    "/usr/lib/x86_64-linux-gnu/libvtkRenderingPythonTkWidgets.so"
[0.850s] but this file does not exist.  Possible reasons include:
[0.851s] * The file was deleted, renamed, or moved to another location.
[0.851s] * An install or uninstall procedure did not complete successfully.
[0.851s] * The installation package was faulty and contained
[0.851s]    "/usr/lib/cmake/vtk-6.3/VTKTargets.cmake"
[0.851s] but not all the files it references.
[0.852s] 
[0.852s] -- The imported target "vtk" references the file
[0.852s]    "/usr/bin/vtk"
[0.852s] but this file does not exist.  Possible reasons include:
[0.852s] * The file was deleted, renamed, or moved to another location.
[0.853s] * An install or uninstall procedure did not complete successfully.
[0.853s] * The installation package was faulty and contained
[0.853s]    "/usr/lib/cmake/vtk-6.3/VTKTargets.cmake"
[0.853s] but not all the files it references.
[0.853s] 
[0.949s] -- Could NOT find ensenso (missing: ENSENSO_LIBRARY ENSENSO_INCLUDE_DIR) 
[0.958s] -- Could NOT find DAVIDSDK (missing: DAVIDSDK_LIBRARY DAVIDSDK_INCLUDE_DIR) 
[0.961s] -- Could NOT find DSSDK (missing: _DSSDK_LIBRARIES) 
[0.963s] -- Could NOT find RSSDK (missing: _RSSDK_LIBRARIES) 
[1.021s] -- looking for PCL_COMMON
[1.021s] -- looking for PCL_OCTREE
[1.021s] -- looking for PCL_IO
[1.021s] -- looking for PCL_KDTREE
[1.021s] -- looking for PCL_SEARCH
[1.022s] -- looking for PCL_SAMPLE_CONSENSUS
[1.022s] -- looking for PCL_FILTERS
[1.024s] -- looking for PCL_2D
[1.024s] -- looking for PCL_GEOMETRY
[1.024s] -- looking for PCL_FEATURES
[1.025s] -- looking for PCL_ML
[1.026s] -- looking for PCL_SEGMENTATION
[1.027s] -- looking for PCL_VISUALIZATION
[1.027s] -- looking for PCL_SURFACE
[1.027s] -- looking for PCL_REGISTRATION
[1.027s] -- looking for PCL_KEYPOINTS
[1.028s] -- looking for PCL_TRACKING
[1.028s] -- looking for PCL_RECOGNITION
[1.031s] -- looking for PCL_STEREO
[1.031s] -- looking for PCL_APPS
[1.032s] -- looking for PCL_IN_HAND_SCANNER
[1.033s] -- looking for PCL_MODELER
[1.034s] -- looking for PCL_POINT_CLOUD_EDITOR
[1.035s] -- looking for PCL_OUTOFCORE
[1.035s] -- looking for PCL_PEOPLE
[1.056s] -- Found ament_lint_auto: 0.7.11 (/opt/ros/dashing/share/ament_lint_auto/cmake)
[1.315s] -- Added test 'copyright' to check for copyright in CMake / C / C++ / Python code
[1.315s] -- Added test 'cppcheck' to perform static code analysis on C / C++ code
[1.316s] -- Configured cppcheck include dirs: /home/turgay/dev_ws/src/ros2_robot/ground_plane_estimator/include
[1.316s] -- Added test 'cpplint' to check C / C++ code against the Google style
[1.317s] -- Added test 'lint_cmake' to check CMake code style
[1.318s] -- Added test 'uncrustify' to check C / C++ code style
[1.318s] -- Added test 'xmllint' to check XML markup files
[1.321s] -- Configuring done
[1.361s] -- Generating done
[1.363s] -- Build files have been written to: /home/turgay/dev_ws/src/ros2_robot/build/ground_plane_estimator
[1.493s] [ 50%] [32m[1mLinking CXX executable ground_plane_estimator_node[0m
[2.050s] CMakeFiles/ground_plane_estimator_node.dir/build.make:252: recipe for target 'ground_plane_estimator_node' failed
[2.051s] CMakeFiles/Makefile2:67: recipe for target 'CMakeFiles/ground_plane_estimator_node.dir/all' failed
[2.051s] Makefile:140: recipe for target 'all' failed
