[0.026s] Invoking command in '/home/turgay/dev_ws/src/ros2_robot/build/ground_plane_estimator': CMAKE_PREFIX_PATH=${CMAKE_PREFIX_PATH}:/home/turgay/dev_ws/src/ros2_robot/install/simple_gps:/home/turgay/dev_ws/src/ros2_robot/install/remote_control:/opt/robot_devkit/tools/rdk_perf:/opt/robot_devkit/perception/handeye_dashboard:/opt/robot_devkit/perception/handeye:/opt/robot_devkit/perception/criutils:/opt/robot_devkit/perception/baldor:/opt/ros/dashing /usr/bin/cmake --build /home/turgay/dev_ws/src/ros2_robot/build/ground_plane_estimator -- -j12 -l12
[0.137s] [ 50%] [32mBuilding CXX object CMakeFiles/ground_plane_estimator_node.dir/src/ground_plane_estimator_node.cpp.o[0m
[5.438s] In file included from [01m[K/home/turgay/dev_ws/src/ros2_robot/ground_plane_estimator/src/ground_plane_estimator_node.cpp:7:0[m[K:
[5.438s] [01m[K/home/turgay/dev_ws/src/ros2_robot/ground_plane_estimator/include/ground_plane_estimator/ground_plane_estimator_node.hpp:[m[K In member function ‘[01m[Kvoid GroundPlaneEstimatorNode::callback(std_msgs::msg::Header_<std::allocator<void> >::ConstSharedPtr, std_msgs::msg::Header_<std::allocator<void> >::ConstSharedPtr)[m[K’:
[5.439s] [01m[K/home/turgay/dev_ws/src/ros2_robot/ground_plane_estimator/include/ground_plane_estimator/ground_plane_estimator_node.hpp:91:63:[m[K [01;35m[Kwarning: [m[Kunused parameter ‘[01m[Kmsg1[m[K’ [[01;35m[K-Wunused-parameter[m[K]
[5.439s]      void callback(const std_msgs::msg::Header::ConstSharedPtr [01;35m[Kmsg1[m[K, const std_msgs::msg::Header::ConstSharedPtr msg2) { std::cout << "callback" << std::endl; };
[5.439s]                                                                [01;35m[K^~~~[m[K
[5.439s] [01m[K/home/turgay/dev_ws/src/ros2_robot/ground_plane_estimator/include/ground_plane_estimator/ground_plane_estimator_node.hpp:91:113:[m[K [01;35m[Kwarning: [m[Kunused parameter ‘[01m[Kmsg2[m[K’ [[01;35m[K-Wunused-parameter[m[K]
[5.439s]      void callback(const std_msgs::msg::Header::ConstSharedPtr msg1, const std_msgs::msg::Header::ConstSharedPtr [01;35m[Kmsg2[m[K) { std::cout << "callback" << std::endl; };
[5.439s]                                                                                                                  [01;35m[K^~~~[m[K
[5.544s] [01m[K/home/turgay/dev_ws/src/ros2_robot/ground_plane_estimator/src/ground_plane_estimator_node.cpp:[m[K In member function ‘[01m[Kvoid GroundPlaneEstimatorNode::image_callback(sensor_msgs::msg::Image_<std::allocator<void> >::SharedPtr)[m[K’:
[5.544s] [01m[K/home/turgay/dev_ws/src/ros2_robot/ground_plane_estimator/src/ground_plane_estimator_node.cpp:75:28:[m[K [01;35m[Kwarning: [m[K‘[01m[Kvoid rclcpp::Publisher<MessageT, Alloc>::publish(const std::shared_ptr<const _Tp>&) [with MessageT = sensor_msgs::msg::Image_<std::allocator<void> >; Alloc = std::allocator<void>][m[K’ is deprecated: publishing an unique_ptr is prefered when using intra process communication. If using a shared_ptr, use publish(*msg). [[01;35m[K-Wdeprecated-declarations[m[K]
[5.545s]      image_pub_->publish(msg[01;35m[K)[m[K;
[5.545s]                             [01;35m[K^[m[K
[5.545s] In file included from [01m[K/opt/ros/dashing/include/rclcpp/callback_group.hpp:24:0[m[K,
[5.545s]                  from [01m[K/opt/ros/dashing/include/rclcpp/any_executable.hpp:20[m[K,
[5.545s]                  from [01m[K/opt/ros/dashing/include/rclcpp/memory_strategy.hpp:24[m[K,
[5.546s]                  from [01m[K/opt/ros/dashing/include/rclcpp/memory_strategies.hpp:18[m[K,
[5.546s]                  from [01m[K/opt/ros/dashing/include/rclcpp/executor.hpp:33[m[K,
[5.546s]                  from [01m[K/opt/ros/dashing/include/rclcpp/executors/multi_threaded_executor.hpp:24[m[K,
[5.546s]                  from [01m[K/opt/ros/dashing/include/rclcpp/executors.hpp:21[m[K,
[5.546s]                  from [01m[K/opt/ros/dashing/include/rclcpp/rclcpp.hpp:144[m[K,
[5.547s]                  from [01m[K/home/turgay/dev_ws/src/ros2_robot/ground_plane_estimator/include/ground_plane_estimator/ground_plane_estimator_node.hpp:18[m[K,
[5.547s]                  from [01m[K/home/turgay/dev_ws/src/ros2_robot/ground_plane_estimator/src/ground_plane_estimator_node.cpp:7[m[K:
[5.547s] [01m[K/opt/ros/dashing/include/rclcpp/publisher.hpp:137:3:[m[K [01;36m[Knote: [m[Kdeclared here
[5.547s]    [01;36m[Kpublish[m[K(const std::shared_ptr<const MessageT> & msg)
[5.547s]    [01;36m[K^~~~~~~[m[K
[5.586s] [01m[K/home/turgay/dev_ws/src/ros2_robot/ground_plane_estimator/src/ground_plane_estimator_node.cpp:[m[K In member function ‘[01m[Kcv_bridge::CvImagePtr GroundPlaneEstimatorNode::showImageWithMark(cv_bridge::CvImagePtr)[m[K’:
[5.586s] [01m[K/home/turgay/dev_ws/src/ros2_robot/ground_plane_estimator/src/ground_plane_estimator_node.cpp:268:53:[m[K [01;31m[Kerror: [m[K‘[01m[Kclass cv::Mat[m[K’ has no member named ‘[01m[Kwidth[m[K’
[5.586s]      cv::Mat roi = poly(cv::Rect(0, 0, cv_ptr->image.[01;31m[Kwidth[m[K, cv_ptr->image.height));
[5.586s]                                                      [01;31m[K^~~~~[m[K
[5.587s] [01m[K/home/turgay/dev_ws/src/ros2_robot/ground_plane_estimator/src/ground_plane_estimator_node.cpp:268:74:[m[K [01;31m[Kerror: [m[K‘[01m[Kclass cv::Mat[m[K’ has no member named ‘[01m[Kheight[m[K’
[5.587s]      cv::Mat roi = poly(cv::Rect(0, 0, cv_ptr->image.width, cv_ptr->image.[01;31m[Kheight[m[K));
[5.587s]                                                                           [01;31m[K^~~~~~[m[K
[5.596s] [01m[K/home/turgay/dev_ws/src/ros2_robot/ground_plane_estimator/src/ground_plane_estimator_node.cpp:[m[K In member function ‘[01m[Kvoid GroundPlaneEstimatorNode::imageSegment(const ConstSharedPtr&)[m[K’:
[5.596s] [01m[K/home/turgay/dev_ws/src/ros2_robot/ground_plane_estimator/src/ground_plane_estimator_node.cpp:376:47:[m[K [01;35m[Kwarning: [m[K‘[01m[Kvoid rclcpp::Publisher<MessageT, Alloc>::publish(const std::shared_ptr<const _Tp>&) [with MessageT = sensor_msgs::msg::Image_<std::allocator<void> >; Alloc = std::allocator<void>][m[K’ is deprecated: publishing an unique_ptr is prefered when using intra process communication. If using a shared_ptr, use publish(*msg). [[01;35m[K-Wdeprecated-declarations[m[K]
[5.596s]      image_pub_->publish( cv_ptr->toImageMsg() [01;35m[K)[m[K;
[5.597s]                                                [01;35m[K^[m[K
[5.597s] In file included from [01m[K/opt/ros/dashing/include/rclcpp/callback_group.hpp:24:0[m[K,
[5.597s]                  from [01m[K/opt/ros/dashing/include/rclcpp/any_executable.hpp:20[m[K,
[5.597s]                  from [01m[K/opt/ros/dashing/include/rclcpp/memory_strategy.hpp:24[m[K,
[5.597s]                  from [01m[K/opt/ros/dashing/include/rclcpp/memory_strategies.hpp:18[m[K,
[5.598s]                  from [01m[K/opt/ros/dashing/include/rclcpp/executor.hpp:33[m[K,
[5.598s]                  from [01m[K/opt/ros/dashing/include/rclcpp/executors/multi_threaded_executor.hpp:24[m[K,
[5.598s]                  from [01m[K/opt/ros/dashing/include/rclcpp/executors.hpp:21[m[K,
[5.598s]                  from [01m[K/opt/ros/dashing/include/rclcpp/rclcpp.hpp:144[m[K,
[5.598s]                  from [01m[K/home/turgay/dev_ws/src/ros2_robot/ground_plane_estimator/include/ground_plane_estimator/ground_plane_estimator_node.hpp:18[m[K,
[5.599s]                  from [01m[K/home/turgay/dev_ws/src/ros2_robot/ground_plane_estimator/src/ground_plane_estimator_node.cpp:7[m[K:
[5.599s] [01m[K/opt/ros/dashing/include/rclcpp/publisher.hpp:137:3:[m[K [01;36m[Knote: [m[Kdeclared here
[5.599s]    [01;36m[Kpublish[m[K(const std::shared_ptr<const MessageT> & msg)
[5.599s]    [01;36m[K^~~~~~~[m[K
[7.431s] In file included from [01m[K/usr/include/pcl-1.8/pcl/sample_consensus/sac_model.h:52:0[m[K,
[7.431s]                  from [01m[K/usr/include/pcl-1.8/pcl/sample_consensus/sac.h:45[m[K,
[7.431s]                  from [01m[K/usr/include/pcl-1.8/pcl/segmentation/sac_segmentation.h:49[m[K,
[7.431s]                  from [01m[K/home/turgay/dev_ws/src/ros2_robot/ground_plane_estimator/include/ground_plane_estimator/ground_plane_estimator_node.hpp:39[m[K,
[7.431s]                  from [01m[K/home/turgay/dev_ws/src/ros2_robot/ground_plane_estimator/src/ground_plane_estimator_node.cpp:7[m[K:
[7.431s] [01m[K/usr/include/pcl-1.8/pcl/sample_consensus/model_types.h:[m[K In function ‘[01m[Kvoid __static_initialization_and_destruction_0(int, int)[m[K’:
[7.432s] [01m[K/usr/include/pcl-1.8/pcl/sample_consensus/model_types.h:99:3:[m[K [01;35m[Kwarning: [m[K‘[01m[Kpcl::SAC_SAMPLE_SIZE[m[K’ is deprecated: This map is deprecated and is kept only to prevent breaking existing user code. Starting from PCL 1.8.0 model sample size is a protected member of the SampleConsensusModel class [[01;35m[K-Wdeprecated-declarations[m[K]
[7.432s]    [01;35m[KSAC_SAMPLE_SIZE[m[K (sample_size_pairs, sample_size_pairs + sizeof (sample_size_pairs) / sizeof (SampleSizeModel));
[7.432s]    [01;35m[K^~~~~~~~~~~~~~~[m[K
[7.432s] [01m[K/usr/include/pcl-1.8/pcl/sample_consensus/model_types.h:99:3:[m[K [01;36m[Knote: [m[Kdeclared here
[7.931s] make[2]: *** [CMakeFiles/ground_plane_estimator_node.dir/src/ground_plane_estimator_node.cpp.o] Error 1
[7.931s] CMakeFiles/ground_plane_estimator_node.dir/build.make:62: recipe for target 'CMakeFiles/ground_plane_estimator_node.dir/src/ground_plane_estimator_node.cpp.o' failed
[7.931s] CMakeFiles/Makefile2:67: recipe for target 'CMakeFiles/ground_plane_estimator_node.dir/all' failed
[7.932s] make[1]: *** [CMakeFiles/ground_plane_estimator_node.dir/all] Error 2
[7.932s] Makefile:140: recipe for target 'all' failed
[7.932s] make: *** [all] Error 2
[7.936s] Invoked command in '/home/turgay/dev_ws/src/ros2_robot/build/ground_plane_estimator' returned '2': CMAKE_PREFIX_PATH=${CMAKE_PREFIX_PATH}:/home/turgay/dev_ws/src/ros2_robot/install/simple_gps:/home/turgay/dev_ws/src/ros2_robot/install/remote_control:/opt/robot_devkit/tools/rdk_perf:/opt/robot_devkit/perception/handeye_dashboard:/opt/robot_devkit/perception/handeye:/opt/robot_devkit/perception/criutils:/opt/robot_devkit/perception/baldor:/opt/ros/dashing /usr/bin/cmake --build /home/turgay/dev_ws/src/ros2_robot/build/ground_plane_estimator -- -j12 -l12
