[0.067s] Invoking command in '/home/turgay/dev_ws/src/ros2_robot/build/ground_plane_estimator': CMAKE_PREFIX_PATH=${CMAKE_PREFIX_PATH}:/home/turgay/dev_ws/src/ros2_robot/install/simple_gps:/home/turgay/dev_ws/src/ros2_robot/install/remote_control:/opt/robot_devkit/tools/rdk_perf:/opt/robot_devkit/perception/handeye_dashboard:/opt/robot_devkit/perception/handeye:/opt/robot_devkit/perception/criutils:/opt/robot_devkit/perception/baldor:/opt/ros/dashing /usr/bin/cmake --build /home/turgay/dev_ws/src/ros2_robot/build/ground_plane_estimator -- -j12 -l12
[0.424s] [35m[1mScanning dependencies of target ground_plane_estimator_node[0m
[0.425s] [ 50%] [32mBuilding CXX object CMakeFiles/ground_plane_estimator_node.dir/src/ground_plane_estimator_node.cpp.o[0m
[1.242s] [01m[K/home/turgay/dev_ws/src/ros2_robot/ground_plane_estimator/src/ground_plane_estimator_node.cpp:[m[K In member function ‘[01m[Kvoid GroundPlaneEstimatorNode::image_callback(const ConstSharedPtr&)[m[K’:
[1.243s] [01m[K/home/turgay/dev_ws/src/ros2_robot/ground_plane_estimator/src/ground_plane_estimator_node.cpp:35:95:[m[K [01;35m[Kwarning: [m[Kunused parameter ‘[01m[Kmsg[m[K’ [[01;35m[K-Wunused-parameter[m[K]
[1.245s]  void GroundPlaneEstimatorNode::image_callback(const sensor_msgs::msg::Image::ConstSharedPtr & [01;35m[Kmsg[m[K) {
[1.246s]                                                                                                [01;35m[K^~~[m[K
[2.886s] [100%] [32m[1mLinking CXX executable ground_plane_estimator_node[0m
[3.111s] CMakeFiles/ground_plane_estimator_node.dir/src/ground_plane_estimator_node.cpp.o: In function `main':
[3.112s] ground_plane_estimator_node.cpp:(.text+0xd2f): undefined reference to `image_transport::ImageTransport::ImageTransport(std::shared_ptr<rclcpp::Node>)'
[3.112s] ground_plane_estimator_node.cpp:(.text+0xe06): undefined reference to `image_transport::ImageTransport::~ImageTransport()'
[3.113s] ground_plane_estimator_node.cpp:(.text+0xeb5): undefined reference to `image_transport::ImageTransport::~ImageTransport()'
[3.113s] collect2: error: ld returned 1 exit status
[3.115s] CMakeFiles/ground_plane_estimator_node.dir/build.make:232: recipe for target 'ground_plane_estimator_node' failed
[3.115s] make[2]: *** [ground_plane_estimator_node] Error 1
[3.116s] CMakeFiles/Makefile2:67: recipe for target 'CMakeFiles/ground_plane_estimator_node.dir/all' failed
[3.116s] make[1]: *** [CMakeFiles/ground_plane_estimator_node.dir/all] Error 2
[3.116s] Makefile:140: recipe for target 'all' failed
[3.116s] make: *** [all] Error 2
[3.119s] Invoked command in '/home/turgay/dev_ws/src/ros2_robot/build/ground_plane_estimator' returned '2': CMAKE_PREFIX_PATH=${CMAKE_PREFIX_PATH}:/home/turgay/dev_ws/src/ros2_robot/install/simple_gps:/home/turgay/dev_ws/src/ros2_robot/install/remote_control:/opt/robot_devkit/tools/rdk_perf:/opt/robot_devkit/perception/handeye_dashboard:/opt/robot_devkit/perception/handeye:/opt/robot_devkit/perception/criutils:/opt/robot_devkit/perception/baldor:/opt/ros/dashing /usr/bin/cmake --build /home/turgay/dev_ws/src/ros2_robot/build/ground_plane_estimator -- -j12 -l12
