[0.398s] -- Found ament_cmake: 0.7.4 (/opt/ros/dashing/share/ament_cmake/cmake)
[0.399s] -- Using PYTHON_EXECUTABLE: /usr/bin/python3
[0.399s] -- Override CMake install command with custom implementation using symlinks instead of copying resources
[0.399s] -- Found rclcpp: 0.7.13 (/opt/ros/dashing/share/rclcpp/cmake)
[0.400s] -- Found rosidl_adapter: 0.7.9 (/opt/ros/dashing/share/rosidl_adapter/cmake)
[0.413s] -- Found rmw_implementation_cmake: 0.7.2 (/opt/ros/dashing/share/rmw_implementation_cmake/cmake)
[0.416s] -- Using RMW implementation 'rmw_fastrtps_cpp' as default
[0.454s] -- Found rclcpp_components: 0.7.13 (/opt/ros/dashing/share/rclcpp_components/cmake)
[0.457s] -- Found poco_vendor:  (/opt/ros/dashing/share/poco_vendor/cmake)
[0.471s] -- Found sensor_msgs: 0.7.0 (/opt/ros/dashing/share/sensor_msgs/cmake)
[0.492s] -- Found cv_bridge: 2.1.4 (/opt/ros/dashing/share/cv_bridge/cmake)
[0.505s] -- Found tf2: 0.11.6 (/opt/ros/dashing/share/tf2/cmake)
[0.507s] -- Found tf2_ros: 0.11.6 (/opt/ros/dashing/share/tf2_ros/cmake)
[0.549s] -- Found pcl_conversions: 2.0.0 (/opt/ros/dashing/share/pcl_conversions/cmake)
[0.551s] -- Found ament_lint_auto: 0.7.11 (/opt/ros/dashing/share/ament_lint_auto/cmake)
[0.639s] -- Added test 'copyright' to check for copyright in CMake / C / C++ / Python code
[0.640s] -- Added test 'cppcheck' to perform static code analysis on C / C++ code
[0.640s] -- Configured cppcheck include dirs: /home/turgay/dev_ws/src/ros2_robot/ground_plane_estimator/include
[0.641s] -- Added test 'cpplint' to check C / C++ code against the Google style
[0.642s] -- Added test 'lint_cmake' to check CMake code style
[0.643s] -- Added test 'uncrustify' to check C / C++ code style
[0.643s] -- Added test 'xmllint' to check XML markup files
[0.645s] -- Configuring done
[0.649s] -- Generating done
[0.650s] -- Build files have been written to: /home/turgay/dev_ws/src/ros2_robot/build/ground_plane_estimator
[0.714s] [ 50%] [32mBuilding CXX object CMakeFiles/ground_plane_estimator_node.dir/src/ground_plane_estimator_node.cpp.o[0m
[0.767s] [01m[K/home/turgay/dev_ws/src/ros2_robot/ground_plane_estimator/src/ground_plane_estimator_node.cpp:7:10:[m[K [01;31m[Kfatal error: [m[Kground_plane_estimator_node.hpp: No such file or directory
[0.767s]  #include [01;31m[K"ground_plane_estimator_node.hpp"[m[K
[0.767s]           [01;31m[K^~~~~~~~~~~~~~~~~~~~~~~~~~~~~~~~~[m[K
[0.767s] compilation terminated.
[0.768s] make[2]: *** [CMakeFiles/ground_plane_estimator_node.dir/src/ground_plane_estimator_node.cpp.o] Error 1
[0.768s] CMakeFiles/ground_plane_estimator_node.dir/build.make:62: recipe for target 'CMakeFiles/ground_plane_estimator_node.dir/src/ground_plane_estimator_node.cpp.o' failed
[0.768s] CMakeFiles/Makefile2:67: recipe for target 'CMakeFiles/ground_plane_estimator_node.dir/all' failed
[0.768s] make[1]: *** [CMakeFiles/ground_plane_estimator_node.dir/all] Error 2
[0.768s] Makefile:140: recipe for target 'all' failed
[0.769s] make: *** [all] Error 2
