[0.562s] [35m[1mScanning dependencies of target ground_plane_estimator_node[0m
[0.562s] [ 50%] [32mBuilding CXX object CMakeFiles/ground_plane_estimator_node.dir/src/ground_plane_estimator_node.cpp.o[0m
[1.369s] [01m[K/home/turgay/dev_ws/src/ros2_robot/ground_plane_estimator/src/ground_plane_estimator_node.cpp:[m[K In function ‘[01m[Kvoid image_callback_static(const ConstSharedPtr&)[m[K’:
[1.369s] [01m[K/home/turgay/dev_ws/src/ros2_robot/ground_plane_estimator/src/ground_plane_estimator_node.cpp:15:76:[m[K [01;35m[Kwarning: [m[Kunused parameter ‘[01m[Kmsg[m[K’ [[01;35m[K-Wunused-parameter[m[K]
[1.370s]  void image_callback_static(const sensor_msgs::msg::Image::ConstSharedPtr & [01;35m[Kmsg[m[K) {
[1.370s]                                                                             [01;35m[K^~~[m[K
[1.431s] In file included from [01m[K/opt/ros/dashing/include/rclcpp/service.hpp:33:0[m[K,
[1.432s]                  from [01m[K/opt/ros/dashing/include/rclcpp/callback_group.hpp:25[m[K,
[1.432s]                  from [01m[K/opt/ros/dashing/include/rclcpp/any_executable.hpp:20[m[K,
[1.433s]                  from [01m[K/opt/ros/dashing/include/rclcpp/memory_strategy.hpp:24[m[K,
[1.433s]                  from [01m[K/opt/ros/dashing/include/rclcpp/memory_strategies.hpp:18[m[K,
[1.433s]                  from [01m[K/opt/ros/dashing/include/rclcpp/executor.hpp:33[m[K,
[1.433s]                  from [01m[K/opt/ros/dashing/include/rclcpp/executors/multi_threaded_executor.hpp:24[m[K,
[1.433s]                  from [01m[K/opt/ros/dashing/include/rclcpp/executors.hpp:21[m[K,
[1.433s]                  from [01m[K/opt/ros/dashing/include/rclcpp/rclcpp.hpp:144[m[K,
[1.434s]                  from [01m[K/home/turgay/dev_ws/src/ros2_robot/ground_plane_estimator/include/ground_plane_estimator/ground_plane_estimator_node.hpp:18[m[K,
[1.434s]                  from [01m[K/home/turgay/dev_ws/src/ros2_robot/ground_plane_estimator/src/ground_plane_estimator_node.cpp:7[m[K:
[1.434s] [01m[K/home/turgay/dev_ws/src/ros2_robot/ground_plane_estimator/src/ground_plane_estimator_node.cpp:[m[K In static member function ‘[01m[Kstatic void GroundPlaneEstimatorNode::image_callback(const ConstSharedPtr&)[m[K’:
[1.434s] [01m[K/home/turgay/dev_ws/src/ros2_robot/ground_plane_estimator/src/ground_plane_estimator_node.cpp:44:21:[m[K [01;31m[Kerror: [m[K‘[01m[Kclass std::shared_ptr<GroundPlaneEstimatorNode>[m[K’ has no member named ‘[01m[Kget_logger[m[K’
[1.434s]    RCLCPP_INFO(node_.[01;31m[Kg[m[Ket_logger(), "I heard: '%s'", msg->data.c_str());
[1.435s]                      [01;31m[K^[m[K
[1.435s] [01m[K/opt/ros/dashing/include/rclcpp/logging.hpp:215:86:[m[K [01;36m[Knote: [m[Kin definition of macro ‘[01m[KRCLCPP_INFO[m[K’
[1.435s]        ::std::is_same<typename std::remove_reference<typename std::remove_cv<decltype([01;36m[Klogger[m[K)>::type>::type, \
[1.435s]                                                                                       [01;36m[K^~~~~~[m[K
[1.435s] [01m[K/home/turgay/dev_ws/src/ros2_robot/ground_plane_estimator/src/ground_plane_estimator_node.cpp:44:21:[m[K [01;31m[Kerror: [m[K‘[01m[Kclass std::shared_ptr<GroundPlaneEstimatorNode>[m[K’ has no member named ‘[01m[Kget_logger[m[K’
[1.436s]    RCLCPP_INFO(node_.[01;31m[Kg[m[Ket_logger(), "I heard: '%s'", msg->data.c_str());
[1.436s]                      [01;31m[K^[m[K
[1.436s] [01m[K/opt/ros/dashing/include/rclcpp/logging.hpp:215:86:[m[K [01;36m[Knote: [m[Kin definition of macro ‘[01m[KRCLCPP_INFO[m[K’
[1.436s]        ::std::is_same<typename std::remove_reference<typename std::remove_cv<decltype([01;36m[Klogger[m[K)>::type>::type, \
[1.436s]                                                                                       [01;36m[K^~~~~~[m[K
[1.436s] [01m[K/opt/ros/dashing/include/rclcpp/logging.hpp:215:93:[m[K [01;31m[Kerror: [m[Ktemplate argument 1 is invalid
[1.437s]        ::std::is_same<typename std::remove_reference<typename std::remove_cv<decltype(logger)[01;31m[K>[m[K::type>::type, \
[1.437s]                                                                                              [01;31m[K^[m[K
[1.437s] [01m[K/home/turgay/dev_ws/src/ros2_robot/ground_plane_estimator/src/ground_plane_estimator_node.cpp:44:3:[m[K [01;36m[Knote: [m[Kin expansion of macro ‘[01m[KRCLCPP_INFO[m[K’
[1.437s]    [01;36m[KRCLCPP_INFO[m[K(node_.get_logger(), "I heard: '%s'", msg->data.c_str());
[1.437s]    [01;36m[K^~~~~~~~~~~[m[K
[1.437s] [01m[K/opt/ros/dashing/include/rclcpp/logging.hpp:215:100:[m[K [01;31m[Kerror: [m[Ktemplate argument 1 is invalid
[1.438s]        ::std::is_same<typename std::remove_reference<typename std::remove_cv<decltype(logger)>::type[01;31m[K>[m[K::type, \
[1.438s]                                                                                                     [01;31m[K^[m[K
[1.438s] [01m[K/home/turgay/dev_ws/src/ros2_robot/ground_plane_estimator/src/ground_plane_estimator_node.cpp:44:3:[m[K [01;36m[Knote: [m[Kin expansion of macro ‘[01m[KRCLCPP_INFO[m[K’
[1.438s]    [01;36m[KRCLCPP_INFO[m[K(node_.get_logger(), "I heard: '%s'", msg->data.c_str());
[1.438s]    [01;36m[K^~~~~~~~~~~[m[K
[1.438s] [01m[K/opt/ros/dashing/include/rclcpp/logging.hpp:216:32:[m[K [01;31m[Kerror: [m[Ktemplate argument 1 is invalid
[1.439s]        typename ::rclcpp::Logger[01;31m[K>[m[K::value, \
[1.439s]                                 [01;31m[K^[m[K
[1.439s] [01m[K/home/turgay/dev_ws/src/ros2_robot/ground_plane_estimator/src/ground_plane_estimator_node.cpp:44:3:[m[K [01;36m[Knote: [m[Kin expansion of macro ‘[01m[KRCLCPP_INFO[m[K’
[1.439s]    [01;36m[KRCLCPP_INFO[m[K(node_.get_logger(), "I heard: '%s'", msg->data.c_str());
[1.439s]    [01;36m[K^~~~~~~~~~~[m[K
[1.439s] In file included from [01m[K/opt/ros/dashing/include/rclcpp/client.hpp:39:0[m[K,
[1.440s]                  from [01m[K/opt/ros/dashing/include/rclcpp/callback_group.hpp:23[m[K,
[1.440s]                  from [01m[K/opt/ros/dashing/include/rclcpp/any_executable.hpp:20[m[K,
[1.440s]                  from [01m[K/opt/ros/dashing/include/rclcpp/memory_strategy.hpp:24[m[K,
[1.440s]                  from [01m[K/opt/ros/dashing/include/rclcpp/memory_strategies.hpp:18[m[K,
[1.440s]                  from [01m[K/opt/ros/dashing/include/rclcpp/executor.hpp:33[m[K,
[1.440s]                  from [01m[K/opt/ros/dashing/include/rclcpp/executors/multi_threaded_executor.hpp:24[m[K,
[1.441s]                  from [01m[K/opt/ros/dashing/include/rclcpp/executors.hpp:21[m[K,
[1.441s]                  from [01m[K/opt/ros/dashing/include/rclcpp/rclcpp.hpp:144[m[K,
[1.441s]                  from [01m[K/home/turgay/dev_ws/src/ros2_robot/ground_plane_estimator/include/ground_plane_estimator/ground_plane_estimator_node.hpp:18[m[K,
[1.441s]                  from [01m[K/home/turgay/dev_ws/src/ros2_robot/ground_plane_estimator/src/ground_plane_estimator_node.cpp:7[m[K:
[1.441s] [01m[K/home/turgay/dev_ws/src/ros2_robot/ground_plane_estimator/src/ground_plane_estimator_node.cpp:44:21:[m[K [01;31m[Kerror: [m[K‘[01m[Kclass std::shared_ptr<GroundPlaneEstimatorNode>[m[K’ has no member named ‘[01m[Kget_logger[m[K’
[1.441s]    RCLCPP_INFO(node_.[01;31m[Kg[m[Ket_logger(), "I heard: '%s'", msg->data.c_str());
[1.441s]                      [01;31m[K^[m[K
[1.442s] [01m[K/opt/ros/dashing/include/rcutils/logging_macros.h:70:47:[m[K [01;36m[Knote: [m[Kin definition of macro ‘[01m[KRCUTILS_LOG_COND_NAMED[m[K’
[1.442s]      if (rcutils_logging_logger_is_enabled_for([01;36m[Kname[m[K, severity)) { \
[1.442s]                                                [01;36m[K^~~~[m[K
[1.442s] [01m[K/opt/ros/dashing/include/rclcpp/logging.hpp:218:5:[m[K [01;36m[Knote: [m[Kin expansion of macro ‘[01m[KRCUTILS_LOG_INFO_NAMED[m[K’
[1.443s]      [01;36m[KRCUTILS_LOG_INFO_NAMED[m[K( \
[1.443s]      [01;36m[K^~~~~~~~~~~~~~~~~~~~~~[m[K
[1.446s] [01m[K/home/turgay/dev_ws/src/ros2_robot/ground_plane_estimator/src/ground_plane_estimator_node.cpp:44:3:[m[K [01;36m[Knote: [m[Kin expansion of macro ‘[01m[KRCLCPP_INFO[m[K’
[1.446s]    [01;36m[KRCLCPP_INFO[m[K(node_.get_logger(), "I heard: '%s'", msg->data.c_str());
[1.447s]    [01;36m[K^~~~~~~~~~~[m[K
[1.447s] [01m[K/home/turgay/dev_ws/src/ros2_robot/ground_plane_estimator/src/ground_plane_estimator_node.cpp:44:21:[m[K [01;31m[Kerror: [m[K‘[01m[Kclass std::shared_ptr<GroundPlaneEstimatorNode>[m[K’ has no member named ‘[01m[Kget_logger[m[K’
[1.447s]    RCLCPP_INFO(node_.[01;31m[Kg[m[Ket_logger(), "I heard: '%s'", msg->data.c_str());
[1.447s]                      [01;31m[K^[m[K
[1.447s] [01m[K/opt/ros/dashing/include/rcutils/logging_macros.h:72:58:[m[K [01;36m[Knote: [m[Kin definition of macro ‘[01m[KRCUTILS_LOG_COND_NAMED[m[K’
[1.448s]        rcutils_log(&__rcutils_logging_location, severity, [01;36m[Kname[m[K, __VA_ARGS__); \
[1.448s]                                                           [01;36m[K^~~~[m[K
[1.448s] [01m[K/opt/ros/dashing/include/rclcpp/logging.hpp:218:5:[m[K [01;36m[Knote: [m[Kin expansion of macro ‘[01m[KRCUTILS_LOG_INFO_NAMED[m[K’
[1.449s]      [01;36m[KRCUTILS_LOG_INFO_NAMED[m[K( \
[1.449s]      [01;36m[K^~~~~~~~~~~~~~~~~~~~~~[m[K
[1.449s] [01m[K/home/turgay/dev_ws/src/ros2_robot/ground_plane_estimator/src/ground_plane_estimator_node.cpp:44:3:[m[K [01;36m[Knote: [m[Kin expansion of macro ‘[01m[KRCLCPP_INFO[m[K’
[1.449s]    [01;36m[KRCLCPP_INFO[m[K(node_.get_logger(), "I heard: '%s'", msg->data.c_str());
[1.449s]    [01;36m[K^~~~~~~~~~~[m[K
[1.450s] [01m[K/home/turgay/dev_ws/src/ros2_robot/ground_plane_estimator/src/ground_plane_estimator_node.cpp:44:62:[m[K [01;31m[Kerror: [m[K‘[01m[Kconst _data_type {aka const class std::vector<unsigned char>}[m[K’ has no member named ‘[01m[Kc_str[m[K’
[1.450s]    RCLCPP_INFO(node_.get_logger(), "I heard: '%s'", msg->data.[01;31m[Kc[m[K_str());
[1.450s]                                                               [01;31m[K^[m[K
[1.450s] [01m[K/opt/ros/dashing/include/rcutils/logging_macros.h:72:64:[m[K [01;36m[Knote: [m[Kin definition of macro ‘[01m[KRCUTILS_LOG_COND_NAMED[m[K’
[1.450s]        rcutils_log(&__rcutils_logging_location, severity, name, [01;36m[K__VA_ARGS__[m[K); \
[1.450s]                                                                 [01;36m[K^~~~~~~~~~~[m[K
[1.451s] [01m[K/opt/ros/dashing/include/rclcpp/logging.hpp:218:5:[m[K [01;36m[Knote: [m[Kin expansion of macro ‘[01m[KRCUTILS_LOG_INFO_NAMED[m[K’
[1.451s]      [01;36m[KRCUTILS_LOG_INFO_NAMED[m[K( \
[1.451s]      [01;36m[K^~~~~~~~~~~~~~~~~~~~~~[m[K
[1.452s] [01m[K/opt/ros/dashing/include/rclcpp/logging.hpp:221:9:[m[K [01;36m[Knote: [m[Kin expansion of macro ‘[01m[KRCLCPP_ALL_BUT_FIRST_ARGS[m[K’
[1.452s]          [01;36m[KRCLCPP_ALL_BUT_FIRST_ARGS[m[K(__VA_ARGS__,"")); \
[1.452s]          [01;36m[K^~~~~~~~~~~~~~~~~~~~~~~~~[m[K
[1.453s] [01m[K/home/turgay/dev_ws/src/ros2_robot/ground_plane_estimator/src/ground_plane_estimator_node.cpp:44:3:[m[K [01;36m[Knote: [m[Kin expansion of macro ‘[01m[KRCLCPP_INFO[m[K’
[1.455s]    [01;36m[KRCLCPP_INFO[m[K(node_.get_logger(), "I heard: '%s'", msg->data.c_str());
[1.455s]    [01;36m[K^~~~~~~~~~~[m[K
[2.169s] make[2]: *** [CMakeFiles/ground_plane_estimator_node.dir/src/ground_plane_estimator_node.cpp.o] Error 1
[2.170s] CMakeFiles/ground_plane_estimator_node.dir/build.make:62: recipe for target 'CMakeFiles/ground_plane_estimator_node.dir/src/ground_plane_estimator_node.cpp.o' failed
[2.170s] CMakeFiles/Makefile2:67: recipe for target 'CMakeFiles/ground_plane_estimator_node.dir/all' failed
[2.170s] make[1]: *** [CMakeFiles/ground_plane_estimator_node.dir/all] Error 2
[2.170s] Makefile:140: recipe for target 'all' failed
[2.171s] make: *** [all] Error 2
