[0.065s] Invoking command in '/home/turgay/dev_ws/src/ros2_robot/build/ground_plane_estimator': CMAKE_PREFIX_PATH=${CMAKE_PREFIX_PATH}:/home/turgay/dev_ws/src/ros2_robot/install/simple_gps:/home/turgay/dev_ws/src/ros2_robot/install/remote_control:/opt/robot_devkit/tools/rdk_perf:/opt/robot_devkit/perception/handeye_dashboard:/opt/robot_devkit/perception/handeye:/opt/robot_devkit/perception/criutils:/opt/robot_devkit/perception/baldor:/opt/ros/dashing /usr/bin/cmake --build /home/turgay/dev_ws/src/ros2_robot/build/ground_plane_estimator -- -j12 -l12
[0.467s] [35m[1mScanning dependencies of target ground_plane_estimator_node[0m
[0.468s] [ 50%] [32mBuilding CXX object CMakeFiles/ground_plane_estimator_node.dir/src/ground_plane_estimator_node.cpp.o[0m
[1.298s] [01m[K/home/turgay/dev_ws/src/ros2_robot/ground_plane_estimator/src/ground_plane_estimator_node.cpp:[m[K In function ‘[01m[Kvoid image_callback_static(const ConstSharedPtr&)[m[K’:
[1.299s] [01m[K/home/turgay/dev_ws/src/ros2_robot/ground_plane_estimator/src/ground_plane_estimator_node.cpp:15:76:[m[K [01;35m[Kwarning: [m[Kunused parameter ‘[01m[Kmsg[m[K’ [[01;35m[K-Wunused-parameter[m[K]
[1.299s]  void image_callback_static(const sensor_msgs::msg::Image::ConstSharedPtr & [01;35m[Kmsg[m[K) {
[1.299s]                                                                             [01;35m[K^~~[m[K
[3.555s] [100%] [32m[1mLinking CXX executable ground_plane_estimator_node[0m
[3.831s] [100%] Built target ground_plane_estimator_node
[3.846s] Invoked command in '/home/turgay/dev_ws/src/ros2_robot/build/ground_plane_estimator' returned '0': CMAKE_PREFIX_PATH=${CMAKE_PREFIX_PATH}:/home/turgay/dev_ws/src/ros2_robot/install/simple_gps:/home/turgay/dev_ws/src/ros2_robot/install/remote_control:/opt/robot_devkit/tools/rdk_perf:/opt/robot_devkit/perception/handeye_dashboard:/opt/robot_devkit/perception/handeye:/opt/robot_devkit/perception/criutils:/opt/robot_devkit/perception/baldor:/opt/ros/dashing /usr/bin/cmake --build /home/turgay/dev_ws/src/ros2_robot/build/ground_plane_estimator -- -j12 -l12
[3.897s] Invoking command in '/home/turgay/dev_ws/src/ros2_robot/build/ground_plane_estimator': CMAKE_PREFIX_PATH=${CMAKE_PREFIX_PATH}:/home/turgay/dev_ws/src/ros2_robot/install/simple_gps:/home/turgay/dev_ws/src/ros2_robot/install/remote_control:/opt/robot_devkit/tools/rdk_perf:/opt/robot_devkit/perception/handeye_dashboard:/opt/robot_devkit/perception/handeye:/opt/robot_devkit/perception/criutils:/opt/robot_devkit/perception/baldor:/opt/ros/dashing /usr/bin/cmake --build /home/turgay/dev_ws/src/ros2_robot/build/ground_plane_estimator --target install -- -j12 -l12
[3.995s] [100%] Built target ground_plane_estimator_node
[4.027s] [36mInstall the project...[0m
[4.038s] -- Install configuration: ""
[4.039s] -- Execute custom install script
[4.039s] -- Up-to-date symlink: /home/turgay/dev_ws/src/ros2_robot/install/ground_plane_estimator/lib/ground_plane_estimator/ground_plane_estimator_node
[4.040s] -- Up-to-date symlink: /home/turgay/dev_ws/src/ros2_robot/install/ground_plane_estimator/share/ament_index/resource_index/package_run_dependencies/ground_plane_estimator
[4.040s] -- Up-to-date symlink: /home/turgay/dev_ws/src/ros2_robot/install/ground_plane_estimator/share/ament_index/resource_index/parent_prefix_path/ground_plane_estimator
[4.041s] -- Up-to-date symlink: /home/turgay/dev_ws/src/ros2_robot/install/ground_plane_estimator/share/ground_plane_estimator/environment/ament_prefix_path.sh
[4.041s] -- Up-to-date symlink: /home/turgay/dev_ws/src/ros2_robot/install/ground_plane_estimator/share/ground_plane_estimator/environment/path.sh
[4.041s] -- Up-to-date symlink: /home/turgay/dev_ws/src/ros2_robot/install/ground_plane_estimator/share/ground_plane_estimator/local_setup.bash
[4.042s] -- Up-to-date symlink: /home/turgay/dev_ws/src/ros2_robot/install/ground_plane_estimator/share/ground_plane_estimator/local_setup.sh
[4.042s] -- Up-to-date symlink: /home/turgay/dev_ws/src/ros2_robot/install/ground_plane_estimator/share/ground_plane_estimator/local_setup.zsh
[4.042s] -- Up-to-date symlink: /home/turgay/dev_ws/src/ros2_robot/install/ground_plane_estimator/share/ament_index/resource_index/packages/ground_plane_estimator
[4.042s] -- Up-to-date symlink: /home/turgay/dev_ws/src/ros2_robot/install/ground_plane_estimator/share/ground_plane_estimator/cmake/ground_plane_estimatorConfig.cmake
[4.042s] -- Up-to-date symlink: /home/turgay/dev_ws/src/ros2_robot/install/ground_plane_estimator/share/ground_plane_estimator/cmake/ground_plane_estimatorConfig-version.cmake
[4.043s] -- Up-to-date symlink: /home/turgay/dev_ws/src/ros2_robot/install/ground_plane_estimator/share/ground_plane_estimator/package.xml
[4.050s] Invoked command in '/home/turgay/dev_ws/src/ros2_robot/build/ground_plane_estimator' returned '0': CMAKE_PREFIX_PATH=${CMAKE_PREFIX_PATH}:/home/turgay/dev_ws/src/ros2_robot/install/simple_gps:/home/turgay/dev_ws/src/ros2_robot/install/remote_control:/opt/robot_devkit/tools/rdk_perf:/opt/robot_devkit/perception/handeye_dashboard:/opt/robot_devkit/perception/handeye:/opt/robot_devkit/perception/criutils:/opt/robot_devkit/perception/baldor:/opt/ros/dashing /usr/bin/cmake --build /home/turgay/dev_ws/src/ros2_robot/build/ground_plane_estimator --target install -- -j12 -l12
