[0.734s] -- Found ament_cmake: 0.7.4 (/opt/ros/dashing/share/ament_cmake/cmake)
[0.735s] -- Using PYTHON_EXECUTABLE: /usr/bin/python3
[0.737s] -- Override CMake install command with custom implementation using symlinks instead of copying resources
[0.738s] -- Found rclcpp: 0.7.13 (/opt/ros/dashing/share/rclcpp/cmake)
[0.739s] -- Found rosidl_adapter: 0.7.9 (/opt/ros/dashing/share/rosidl_adapter/cmake)
[0.739s] -- Found rmw_implementation_cmake: 0.7.2 (/opt/ros/dashing/share/rmw_implementation_cmake/cmake)
[0.741s] -- Using RMW implementation 'rmw_fastrtps_cpp' as default
[0.742s] -- Found std_msgs: 0.7.0 (/opt/ros/dashing/share/std_msgs/cmake)
[0.742s] -- Found rclcpp_components: 0.7.13 (/opt/ros/dashing/share/rclcpp_components/cmake)
[0.742s] -- Found poco_vendor:  (/opt/ros/dashing/share/poco_vendor/cmake)
[0.742s] -- Found nav_msgs: 0.7.0 (/opt/ros/dashing/share/nav_msgs/cmake)
[0.742s] -- Found sensor_msgs: 0.7.0 (/opt/ros/dashing/share/sensor_msgs/cmake)
[0.743s] -- Found cv_bridge: 2.1.4 (/opt/ros/dashing/share/cv_bridge/cmake)
[0.744s] -- Found tf2: 0.11.6 (/opt/ros/dashing/share/tf2/cmake)
[0.745s] -- Found tf2_ros: 0.11.6 (/opt/ros/dashing/share/tf2_ros/cmake)
[0.745s] -- Found image_transport: 2.1.1 (/opt/ros/dashing/share/image_transport/cmake)
[0.748s] -- Found tinyxml2_vendor:  (/opt/ros/dashing/share/tinyxml2_vendor/cmake)
[0.750s] -- Found pcl_conversions: 2.0.0 (/opt/ros/dashing/share/pcl_conversions/cmake)
[0.751s] -- Found pcl_msgs: 1.0.0 (/opt/ros/dashing/share/pcl_msgs/cmake)
[0.752s] -- Boost version: 1.65.1
[0.752s] -- Found the following Boost libraries:
[0.752s] --   system
[0.752s] --   filesystem
[0.753s] --   thread
[0.753s] --   chrono
[0.753s] --   date_time
[0.753s] --   atomic
[0.812s] -- Boost version: 1.65.1
[0.813s] -- Found the following Boost libraries:
[0.813s] --   system
[0.813s] --   filesystem
[0.813s] --   thread
[0.813s] --   date_time
[0.814s] --   iostreams
[0.814s] --   serialization
[0.814s] --   chrono
[0.814s] --   atomic
[0.814s] --   regex
[0.829s] -- Could NOT find ensenso (missing: ENSENSO_LIBRARY ENSENSO_INCLUDE_DIR) 
[0.830s] ** WARNING ** io features related to ensenso will be disabled
[0.833s] -- Could NOT find DAVIDSDK (missing: DAVIDSDK_LIBRARY DAVIDSDK_INCLUDE_DIR) 
[0.833s] ** WARNING ** io features related to davidSDK will be disabled
[0.834s] -- Could NOT find DSSDK (missing: _DSSDK_LIBRARIES) 
[0.835s] ** WARNING ** io features related to dssdk will be disabled
[0.835s] ** WARNING ** io features related to pcap will be disabled
[0.835s] ** WARNING ** io features related to png will be disabled
[0.899s] -- The imported target "vtkRenderingPythonTkWidgets" references the file
[0.899s]    "/usr/lib/x86_64-linux-gnu/libvtkRenderingPythonTkWidgets.so"
[0.899s] but this file does not exist.  Possible reasons include:
[0.899s] * The file was deleted, renamed, or moved to another location.
[0.899s] * An install or uninstall procedure did not complete successfully.
[0.899s] * The installation package was faulty and contained
[0.899s]    "/usr/lib/cmake/vtk-6.3/VTKTargets.cmake"
[0.899s] but not all the files it references.
[0.899s] 
[0.900s] -- The imported target "vtk" references the file
[0.900s]    "/usr/bin/vtk"
[0.900s] but this file does not exist.  Possible reasons include:
[0.900s] * The file was deleted, renamed, or moved to another location.
[0.900s] * An install or uninstall procedure did not complete successfully.
[0.900s] * The installation package was faulty and contained
[0.900s]    "/usr/lib/cmake/vtk-6.3/VTKTargets.cmake"
[0.900s] but not all the files it references.
[0.900s] 
[0.956s] ** WARNING ** io features related to libusb-1.0 will be disabled
[1.002s] -- Could NOT find ensenso (missing: ENSENSO_LIBRARY ENSENSO_INCLUDE_DIR) 
[1.002s] ** WARNING ** visualization features related to ensenso will be disabled
[1.006s] -- Could NOT find DAVIDSDK (missing: DAVIDSDK_LIBRARY DAVIDSDK_INCLUDE_DIR) 
[1.006s] ** WARNING ** visualization features related to davidSDK will be disabled
[1.007s] -- Could NOT find DSSDK (missing: _DSSDK_LIBRARIES) 
[1.007s] ** WARNING ** visualization features related to dssdk will be disabled
[1.008s] -- Could NOT find RSSDK (missing: _RSSDK_LIBRARIES) 
[1.008s] ** WARNING ** visualization features related to rssdk will be disabled
[1.056s] -- looking for PCL_COMMON
[1.056s] -- looking for PCL_OCTREE
[1.056s] -- looking for PCL_IO
[1.058s] -- looking for PCL_KDTREE
[1.058s] -- looking for PCL_SEARCH
[1.059s] -- looking for PCL_SAMPLE_CONSENSUS
[1.060s] -- looking for PCL_FILTERS
[1.060s] -- looking for PCL_2D
[1.060s] -- looking for PCL_GEOMETRY
[1.061s] -- looking for PCL_FEATURES
[1.061s] -- looking for PCL_ML
[1.062s] -- looking for PCL_SEGMENTATION
[1.062s] -- looking for PCL_VISUALIZATION
[1.063s] -- looking for PCL_SURFACE
[1.063s] -- looking for PCL_REGISTRATION
[1.063s] -- looking for PCL_KEYPOINTS
[1.065s] -- looking for PCL_TRACKING
[1.066s] -- looking for PCL_RECOGNITION
[1.066s] -- looking for PCL_STEREO
[1.067s] -- looking for PCL_APPS
[1.071s] -- looking for PCL_IN_HAND_SCANNER
[1.071s] -- looking for PCL_MODELER
[1.071s] -- looking for PCL_POINT_CLOUD_EDITOR
[1.072s] -- looking for PCL_OUTOFCORE
[1.073s] -- looking for PCL_PEOPLE
[1.103s] -- Found ament_lint_auto: 0.7.11 (/opt/ros/dashing/share/ament_lint_auto/cmake)
[1.357s] -- Added test 'copyright' to check for copyright in CMake / C / C++ / Python code
[1.357s] -- Added test 'cppcheck' to perform static code analysis on C / C++ code
[1.358s] -- Configured cppcheck include dirs: /home/turgay/dev_ws/src/ros2_robot/ground_plane_estimator/include
[1.358s] -- Added test 'cpplint' to check C / C++ code against the Google style
[1.359s] -- Added test 'lint_cmake' to check CMake code style
[1.360s] -- Added test 'uncrustify' to check C / C++ code style
[1.360s] -- Added test 'xmllint' to check XML markup files
[1.363s] -- Configuring done
[1.401s] -- Generating done
[1.403s] -- Build files have been written to: /home/turgay/dev_ws/src/ros2_robot/build/ground_plane_estimator
[1.551s] [100%] Built target ground_plane_estimator_node
[1.750s] [100%] Built target ground_plane_estimator_node
[1.790s] [36mInstall the project...[0m
[1.810s] -- Install configuration: ""
[1.811s] -- Execute custom install script
[1.811s] -- Up-to-date symlink: /home/turgay/dev_ws/src/ros2_robot/install/ground_plane_estimator/lib/ground_plane_estimator/ground_plane_estimator_node
[1.811s] -- Up-to-date symlink: /home/turgay/dev_ws/src/ros2_robot/install/ground_plane_estimator/share/ament_index/resource_index/package_run_dependencies/ground_plane_estimator
[1.812s] -- Up-to-date symlink: /home/turgay/dev_ws/src/ros2_robot/install/ground_plane_estimator/share/ament_index/resource_index/parent_prefix_path/ground_plane_estimator
[1.812s] -- Up-to-date symlink: /home/turgay/dev_ws/src/ros2_robot/install/ground_plane_estimator/share/ground_plane_estimator/environment/ament_prefix_path.sh
[1.812s] -- Up-to-date symlink: /home/turgay/dev_ws/src/ros2_robot/install/ground_plane_estimator/share/ground_plane_estimator/environment/path.sh
[1.813s] -- Up-to-date symlink: /home/turgay/dev_ws/src/ros2_robot/install/ground_plane_estimator/share/ground_plane_estimator/local_setup.bash
[1.813s] -- Up-to-date symlink: /home/turgay/dev_ws/src/ros2_robot/install/ground_plane_estimator/share/ground_plane_estimator/local_setup.sh
[1.813s] -- Up-to-date symlink: /home/turgay/dev_ws/src/ros2_robot/install/ground_plane_estimator/share/ground_plane_estimator/local_setup.zsh
[1.814s] -- Up-to-date symlink: /home/turgay/dev_ws/src/ros2_robot/install/ground_plane_estimator/share/ament_index/resource_index/packages/ground_plane_estimator
[1.814s] -- Up-to-date symlink: /home/turgay/dev_ws/src/ros2_robot/install/ground_plane_estimator/share/ground_plane_estimator/cmake/ground_plane_estimatorConfig.cmake
[1.814s] -- Up-to-date symlink: /home/turgay/dev_ws/src/ros2_robot/install/ground_plane_estimator/share/ground_plane_estimator/cmake/ground_plane_estimatorConfig-version.cmake
[1.814s] -- Up-to-date symlink: /home/turgay/dev_ws/src/ros2_robot/install/ground_plane_estimator/share/ground_plane_estimator/package.xml
